<?xml version="1.0" encoding="utf-8" standalone="no"?>
<test-run id="2" testcasecount="91" result="Passed" total="91" passed="91" failed="0" inconclusive="0" skipped="0" asserts="129" engine-version="3.6.1.0" clr-version="4.0.30319.42000" start-time="2017-03-09 00:17:08Z" end-time="2017-03-09 00:17:11Z" duration="2.745570">
  <command-line><![CDATA["C:\Programming\ChessWithTDD\ChessWithTDD\ChessWithTDD\UnitTestingMetrics\..\..\packages\NUnit.ConsoleRunner.3.6.1\tools\nunit3-console.exe" C:\Programming\ChessWithTDD\ChessWithTDD\ChessWithTDD\UnitTestingMetrics\..\bin\Debug\ChessWithTDD.dll]]></command-line>
  <test-suite type="Assembly" id="0-1127" name="ChessWithTDD.dll" fullname="C:\Programming\ChessWithTDD\ChessWithTDD\ChessWithTDD\bin\Debug\ChessWithTDD.dll" runstate="Runnable" testcasecount="91" result="Passed" start-time="2017-03-09 00:17:10Z" end-time="2017-03-09 00:17:10Z" duration="0.781867" total="91" passed="91" failed="0" warnings="0" inconclusive="0" skipped="0" asserts="129">
    <environment framework-version="3.6.0.0" clr-version="4.0.30319.42000" os-version="Microsoft Windows NT 10.0.14393.0" platform="Win32NT" cwd="C:\Programming\ChessWithTDD\ChessWithTDD\ChessWithTDD\UnitTestingMetrics" machine-name="DESKTOP-KCJFP9V" user="dantb" user-domain="DESKTOP-KCJFP9V" culture="en-GB" uiculture="en-GB" os-architecture="x64" />
    <settings>
      <setting name="DisposeRunners" value="True" />
      <setting name="WorkDirectory" value="C:\Programming\ChessWithTDD\ChessWithTDD\ChessWithTDD\UnitTestingMetrics" />
      <setting name="ImageRuntimeVersion" value="4.0.30319" />
      <setting name="ImageTargetFrameworkName" value=".NETFramework,Version=v4.5.2" />
      <setting name="ImageRequiresX86" value="False" />
      <setting name="ImageRequiresDefaultAppDomainAssemblyResolver" value="False" />
      <setting name="NumberOfTestWorkers" value="8" />
    </settings>
    <properties>
      <property name="_PID" value="10512" />
      <property name="_APPDOMAIN" value="domain-" />
    </properties>
    <test-suite type="TestSuite" id="0-1128" name="ChessWithTDD" fullname="ChessWithTDD" runstate="Runnable" testcasecount="91" result="Passed" start-time="2017-03-09 00:17:10Z" end-time="2017-03-09 00:17:10Z" duration="0.766551" total="91" passed="91" failed="0" warnings="0" inconclusive="0" skipped="0" asserts="129">
      <test-suite type="TestSuite" id="0-1129" name="Tests" fullname="ChessWithTDD.Tests" runstate="Runnable" testcasecount="91" result="Passed" start-time="2017-03-09 00:17:10Z" end-time="2017-03-09 00:17:10Z" duration="0.762998" total="91" passed="91" failed="0" warnings="0" inconclusive="0" skipped="0" asserts="129">
        <test-suite type="TestFixture" id="0-1000" name="BlackPawnTests" fullname="ChessWithTDD.Tests.BlackPawnTests" classname="ChessWithTDD.Tests.BlackPawnTests" runstate="Runnable" testcasecount="13" result="Passed" start-time="2017-03-09 00:17:10Z" end-time="2017-03-09 00:17:10Z" duration="0.312038" total="13" passed="13" failed="0" warnings="0" inconclusive="0" skipped="0" asserts="13">
          <test-suite type="ParameterizedMethod" id="0-1014" name="BlackPawnCanMoveDiagonallyDownTheBoardIfWhitePieceThere" fullname="ChessWithTDD.Tests.BlackPawnTests.BlackPawnCanMoveDiagonallyDownTheBoardIfWhitePieceThere" classname="ChessWithTDD.Tests.BlackPawnTests" runstate="Runnable" testcasecount="2" result="Passed" start-time="2017-03-09 00:17:10Z" end-time="2017-03-09 00:17:10Z" duration="0.234764" total="2" passed="2" failed="0" warnings="0" inconclusive="0" skipped="0" asserts="2">
            <test-case id="0-1012" name="BlackPawnCanMoveDiagonallyDownTheBoardIfWhitePieceThere(6,6,5,7)" fullname="ChessWithTDD.Tests.BlackPawnTests.BlackPawnCanMoveDiagonallyDownTheBoardIfWhitePieceThere(6,6,5,7)" methodname="BlackPawnCanMoveDiagonallyDownTheBoardIfWhitePieceThere" classname="ChessWithTDD.Tests.BlackPawnTests" runstate="Runnable" seed="1371129995" result="Passed" start-time="2017-03-09 00:17:10Z" end-time="2017-03-09 00:17:10Z" duration="0.218320" asserts="1" />
            <test-case id="0-1013" name="BlackPawnCanMoveDiagonallyDownTheBoardIfWhitePieceThere(6,6,5,5)" fullname="ChessWithTDD.Tests.BlackPawnTests.BlackPawnCanMoveDiagonallyDownTheBoardIfWhitePieceThere(6,6,5,5)" methodname="BlackPawnCanMoveDiagonallyDownTheBoardIfWhitePieceThere" classname="ChessWithTDD.Tests.BlackPawnTests" runstate="Runnable" seed="1925620938" result="Passed" start-time="2017-03-09 00:17:10Z" end-time="2017-03-09 00:17:10Z" duration="0.001209" asserts="1" />
          </test-suite>
          <test-suite type="ParameterizedMethod" id="0-1003" name="BlackPawnCanMoveOneVerticalPositionDownTheBoard" fullname="ChessWithTDD.Tests.BlackPawnTests.BlackPawnCanMoveOneVerticalPositionDownTheBoard" classname="ChessWithTDD.Tests.BlackPawnTests" runstate="Runnable" testcasecount="2" result="Passed" start-time="2017-03-09 00:17:10Z" end-time="2017-03-09 00:17:10Z" duration="0.009536" total="2" passed="2" failed="0" warnings="0" inconclusive="0" skipped="0" asserts="2">
            <test-case id="0-1001" name="BlackPawnCanMoveOneVerticalPositionDownTheBoard(5,2,4,2)" fullname="ChessWithTDD.Tests.BlackPawnTests.BlackPawnCanMoveOneVerticalPositionDownTheBoard(5,2,4,2)" methodname="BlackPawnCanMoveOneVerticalPositionDownTheBoard" classname="ChessWithTDD.Tests.BlackPawnTests" runstate="Runnable" seed="597084779" result="Passed" start-time="2017-03-09 00:17:10Z" end-time="2017-03-09 00:17:10Z" duration="0.002767" asserts="1" />
            <test-case id="0-1002" name="BlackPawnCanMoveOneVerticalPositionDownTheBoard(3,3,2,3)" fullname="ChessWithTDD.Tests.BlackPawnTests.BlackPawnCanMoveOneVerticalPositionDownTheBoard(3,3,2,3)" methodname="BlackPawnCanMoveOneVerticalPositionDownTheBoard" classname="ChessWithTDD.Tests.BlackPawnTests" runstate="Runnable" seed="1746217611" result="Passed" start-time="2017-03-09 00:17:10Z" end-time="2017-03-09 00:17:10Z" duration="0.000911" asserts="1" />
          </test-suite>
          <test-suite type="ParameterizedMethod" id="0-1017" name="BlackPawnCannotMoveDiagonallyBelowIfBlackPieceThere" fullname="ChessWithTDD.Tests.BlackPawnTests.BlackPawnCannotMoveDiagonallyBelowIfBlackPieceThere" classname="ChessWithTDD.Tests.BlackPawnTests" runstate="Runnable" testcasecount="2" result="Passed" start-time="2017-03-09 00:17:10Z" end-time="2017-03-09 00:17:10Z" duration="0.009449" total="2" passed="2" failed="0" warnings="0" inconclusive="0" skipped="0" asserts="2">
            <test-case id="0-1015" name="BlackPawnCannotMoveDiagonallyBelowIfBlackPieceThere(6,6,5,7)" fullname="ChessWithTDD.Tests.BlackPawnTests.BlackPawnCannotMoveDiagonallyBelowIfBlackPieceThere(6,6,5,7)" methodname="BlackPawnCannotMoveDiagonallyBelowIfBlackPieceThere" classname="ChessWithTDD.Tests.BlackPawnTests" runstate="Runnable" seed="190077440" result="Passed" start-time="2017-03-09 00:17:10Z" end-time="2017-03-09 00:17:10Z" duration="0.002279" asserts="1" />
            <test-case id="0-1016" name="BlackPawnCannotMoveDiagonallyBelowIfBlackPieceThere(6,6,5,5)" fullname="ChessWithTDD.Tests.BlackPawnTests.BlackPawnCannotMoveDiagonallyBelowIfBlackPieceThere(6,6,5,5)" methodname="BlackPawnCannotMoveDiagonallyBelowIfBlackPieceThere" classname="ChessWithTDD.Tests.BlackPawnTests" runstate="Runnable" seed="543697346" result="Passed" start-time="2017-03-09 00:17:10Z" end-time="2017-03-09 00:17:10Z" duration="0.000987" asserts="1" />
          </test-suite>
          <test-suite type="ParameterizedMethod" id="0-1020" name="BlackPawnCannotMoveDiagonallyBelowIfNoPieceThere" fullname="ChessWithTDD.Tests.BlackPawnTests.BlackPawnCannotMoveDiagonallyBelowIfNoPieceThere" classname="ChessWithTDD.Tests.BlackPawnTests" runstate="Runnable" testcasecount="2" result="Passed" start-time="2017-03-09 00:17:10Z" end-time="2017-03-09 00:17:10Z" duration="0.008003" total="2" passed="2" failed="0" warnings="0" inconclusive="0" skipped="0" asserts="2">
            <test-case id="0-1018" name="BlackPawnCannotMoveDiagonallyBelowIfNoPieceThere(6,6,5,7)" fullname="ChessWithTDD.Tests.BlackPawnTests.BlackPawnCannotMoveDiagonallyBelowIfNoPieceThere(6,6,5,7)" methodname="BlackPawnCannotMoveDiagonallyBelowIfNoPieceThere" classname="ChessWithTDD.Tests.BlackPawnTests" runstate="Runnable" seed="1427895996" result="Passed" start-time="2017-03-09 00:17:10Z" end-time="2017-03-09 00:17:10Z" duration="0.001175" asserts="1" />
            <test-case id="0-1019" name="BlackPawnCannotMoveDiagonallyBelowIfNoPieceThere(6,6,5,5)" fullname="ChessWithTDD.Tests.BlackPawnTests.BlackPawnCannotMoveDiagonallyBelowIfNoPieceThere(6,6,5,5)" methodname="BlackPawnCannotMoveDiagonallyBelowIfNoPieceThere" classname="ChessWithTDD.Tests.BlackPawnTests" runstate="Runnable" seed="309144643" result="Passed" start-time="2017-03-09 00:17:10Z" end-time="2017-03-09 00:17:10Z" duration="0.000916" asserts="1" />
          </test-suite>
          <test-suite type="ParameterizedMethod" id="0-1011" name="BlackPawnCannotMoveOneHorizontalPositionAcrossTheBoard" fullname="ChessWithTDD.Tests.BlackPawnTests.BlackPawnCannotMoveOneHorizontalPositionAcrossTheBoard" classname="ChessWithTDD.Tests.BlackPawnTests" runstate="Runnable" testcasecount="2" result="Passed" start-time="2017-03-09 00:17:10Z" end-time="2017-03-09 00:17:10Z" duration="0.009531" total="2" passed="2" failed="0" warnings="0" inconclusive="0" skipped="0" asserts="2">
            <test-case id="0-1009" name="BlackPawnCannotMoveOneHorizontalPositionAcrossTheBoard(5,2,5,3)" fullname="ChessWithTDD.Tests.BlackPawnTests.BlackPawnCannotMoveOneHorizontalPositionAcrossTheBoard(5,2,5,3)" methodname="BlackPawnCannotMoveOneHorizontalPositionAcrossTheBoard" classname="ChessWithTDD.Tests.BlackPawnTests" runstate="Runnable" seed="1156609322" result="Passed" start-time="2017-03-09 00:17:10Z" end-time="2017-03-09 00:17:10Z" duration="0.001163" asserts="1" />
            <test-case id="0-1010" name="BlackPawnCannotMoveOneHorizontalPositionAcrossTheBoard(3,3,3,2)" fullname="ChessWithTDD.Tests.BlackPawnTests.BlackPawnCannotMoveOneHorizontalPositionAcrossTheBoard(3,3,3,2)" methodname="BlackPawnCannotMoveOneHorizontalPositionAcrossTheBoard" classname="ChessWithTDD.Tests.BlackPawnTests" runstate="Runnable" seed="2046241473" result="Passed" start-time="2017-03-09 00:17:10Z" end-time="2017-03-09 00:17:10Z" duration="0.000959" asserts="1" />
          </test-suite>
          <test-suite type="ParameterizedMethod" id="0-1006" name="BlackPawnCannotMoveOneVerticalPositionDownTheBoardIfWhitePieceThere" fullname="ChessWithTDD.Tests.BlackPawnTests.BlackPawnCannotMoveOneVerticalPositionDownTheBoardIfWhitePieceThere" classname="ChessWithTDD.Tests.BlackPawnTests" runstate="Runnable" testcasecount="2" result="Passed" start-time="2017-03-09 00:17:10Z" end-time="2017-03-09 00:17:10Z" duration="0.008038" total="2" passed="2" failed="0" warnings="0" inconclusive="0" skipped="0" asserts="2">
            <test-case id="0-1004" name="BlackPawnCannotMoveOneVerticalPositionDownTheBoardIfWhitePieceThere(5,2,4,2)" fullname="ChessWithTDD.Tests.BlackPawnTests.BlackPawnCannotMoveOneVerticalPositionDownTheBoardIfWhitePieceThere(5,2,4,2)" methodname="BlackPawnCannotMoveOneVerticalPositionDownTheBoardIfWhitePieceThere" classname="ChessWithTDD.Tests.BlackPawnTests" runstate="Runnable" seed="2095936017" result="Passed" start-time="2017-03-09 00:17:10Z" end-time="2017-03-09 00:17:10Z" duration="0.001365" asserts="1" />
            <test-case id="0-1005" name="BlackPawnCannotMoveOneVerticalPositionDownTheBoardIfWhitePieceThere(3,3,2,3)" fullname="ChessWithTDD.Tests.BlackPawnTests.BlackPawnCannotMoveOneVerticalPositionDownTheBoardIfWhitePieceThere(3,3,2,3)" methodname="BlackPawnCannotMoveOneVerticalPositionDownTheBoardIfWhitePieceThere" classname="ChessWithTDD.Tests.BlackPawnTests" runstate="Runnable" seed="1693001509" result="Passed" start-time="2017-03-09 00:17:10Z" end-time="2017-03-09 00:17:10Z" duration="0.001097" asserts="1" />
          </test-suite>
          <test-suite type="ParameterizedMethod" id="0-1008" name="BlackPawnCannotMoveOneVerticalPositionUpTheBoard" fullname="ChessWithTDD.Tests.BlackPawnTests.BlackPawnCannotMoveOneVerticalPositionUpTheBoard" classname="ChessWithTDD.Tests.BlackPawnTests" runstate="Runnable" testcasecount="1" result="Passed" start-time="2017-03-09 00:17:10Z" end-time="2017-03-09 00:17:10Z" duration="0.004011" total="1" passed="1" failed="0" warnings="0" inconclusive="0" skipped="0" asserts="1">
            <test-case id="0-1007" name="BlackPawnCannotMoveOneVerticalPositionUpTheBoard(0,1,1,1)" fullname="ChessWithTDD.Tests.BlackPawnTests.BlackPawnCannotMoveOneVerticalPositionUpTheBoard(0,1,1,1)" methodname="BlackPawnCannotMoveOneVerticalPositionUpTheBoard" classname="ChessWithTDD.Tests.BlackPawnTests" runstate="Runnable" seed="2105790505" result="Passed" start-time="2017-03-09 00:17:10Z" end-time="2017-03-09 00:17:10Z" duration="0.001228" asserts="1" />
          </test-suite>
        </test-suite>
        <test-suite type="TestFixture" id="0-1021" name="BoardTests" fullname="ChessWithTDD.Tests.BoardTests" classname="ChessWithTDD.Tests.BoardTests" runstate="Runnable" testcasecount="33" result="Passed" start-time="2017-03-09 00:17:10Z" end-time="2017-03-09 00:17:10Z" duration="0.200919" total="33" passed="33" failed="0" warnings="0" inconclusive="0" skipped="0" asserts="71">
          <test-suite type="ParameterizedMethod" id="0-1061" name="ApplyMoveToBoardChangesBoardStateCorrectly" fullname="ChessWithTDD.Tests.BoardTests.ApplyMoveToBoardChangesBoardStateCorrectly" classname="ChessWithTDD.Tests.BoardTests" runstate="Runnable" testcasecount="3" result="Passed" start-time="2017-03-09 00:17:10Z" end-time="2017-03-09 00:17:10Z" duration="0.028052" total="3" passed="3" failed="0" warnings="0" inconclusive="0" skipped="0" asserts="9">
            <test-case id="0-1058" name="ApplyMoveToBoardChangesBoardStateCorrectly(2,4,6,7)" fullname="ChessWithTDD.Tests.BoardTests.ApplyMoveToBoardChangesBoardStateCorrectly(2,4,6,7)" methodname="ApplyMoveToBoardChangesBoardStateCorrectly" classname="ChessWithTDD.Tests.BoardTests" runstate="Runnable" seed="959937832" result="Passed" start-time="2017-03-09 00:17:10Z" end-time="2017-03-09 00:17:10Z" duration="0.015472" asserts="3" />
            <test-case id="0-1059" name="ApplyMoveToBoardChangesBoardStateCorrectly(3,3,1,1)" fullname="ChessWithTDD.Tests.BoardTests.ApplyMoveToBoardChangesBoardStateCorrectly(3,3,1,1)" methodname="ApplyMoveToBoardChangesBoardStateCorrectly" classname="ChessWithTDD.Tests.BoardTests" runstate="Runnable" seed="1128928136" result="Passed" start-time="2017-03-09 00:17:10Z" end-time="2017-03-09 00:17:10Z" duration="0.001617" asserts="3" />
            <test-case id="0-1060" name="ApplyMoveToBoardChangesBoardStateCorrectly(1,3,1,5)" fullname="ChessWithTDD.Tests.BoardTests.ApplyMoveToBoardChangesBoardStateCorrectly(1,3,1,5)" methodname="ApplyMoveToBoardChangesBoardStateCorrectly" classname="ChessWithTDD.Tests.BoardTests" runstate="Runnable" seed="706437891" result="Passed" start-time="2017-03-09 00:17:10Z" end-time="2017-03-09 00:17:10Z" duration="0.001665" asserts="3" />
          </test-suite>
          <test-case id="0-1030" name="BoardBlackBishopsSetupCorrectly" fullname="ChessWithTDD.Tests.BoardTests.BoardBlackBishopsSetupCorrectly" methodname="BoardBlackBishopsSetupCorrectly" classname="ChessWithTDD.Tests.BoardTests" runstate="Runnable" seed="249594413" result="Passed" start-time="2017-03-09 00:17:10Z" end-time="2017-03-09 00:17:10Z" duration="0.009406" asserts="3" />
          <test-case id="0-1028" name="BoardBlackKnightsSetupCorrectly" fullname="ChessWithTDD.Tests.BoardTests.BoardBlackKnightsSetupCorrectly" methodname="BoardBlackKnightsSetupCorrectly" classname="ChessWithTDD.Tests.BoardTests" runstate="Runnable" seed="2063854843" result="Passed" start-time="2017-03-09 00:17:10Z" end-time="2017-03-09 00:17:10Z" duration="0.001622" asserts="3" />
          <test-case id="0-1024" name="BoardBlackPawnRowSetupCorrectly" fullname="ChessWithTDD.Tests.BoardTests.BoardBlackPawnRowSetupCorrectly" methodname="BoardBlackPawnRowSetupCorrectly" classname="ChessWithTDD.Tests.BoardTests" runstate="Runnable" seed="1882816687" result="Passed" start-time="2017-03-09 00:17:10Z" end-time="2017-03-09 00:17:10Z" duration="0.005341" asserts="9" />
          <test-case id="0-1026" name="BoardBlackRooksSetupCorrectly" fullname="ChessWithTDD.Tests.BoardTests.BoardBlackRooksSetupCorrectly" methodname="BoardBlackRooksSetupCorrectly" classname="ChessWithTDD.Tests.BoardTests" runstate="Runnable" seed="131452951" result="Passed" start-time="2017-03-09 00:17:10Z" end-time="2017-03-09 00:17:10Z" duration="0.001406" asserts="3" />
          <test-case id="0-1022" name="BoardIsInitialisedWithCorrectDimensions" fullname="ChessWithTDD.Tests.BoardTests.BoardIsInitialisedWithCorrectDimensions" methodname="BoardIsInitialisedWithCorrectDimensions" classname="ChessWithTDD.Tests.BoardTests" runstate="Runnable" seed="518632344" result="Passed" start-time="2017-03-09 00:17:10Z" end-time="2017-03-09 00:17:10Z" duration="0.001651" asserts="1" />
          <test-case id="0-1032" name="BoardKingsSetupCorrectly" fullname="ChessWithTDD.Tests.BoardTests.BoardKingsSetupCorrectly" methodname="BoardKingsSetupCorrectly" classname="ChessWithTDD.Tests.BoardTests" runstate="Runnable" seed="1563278802" result="Passed" start-time="2017-03-09 00:17:10Z" end-time="2017-03-09 00:17:10Z" duration="0.001349" asserts="3" />
          <test-case id="0-1031" name="BoardQueensSetupCorrectly" fullname="ChessWithTDD.Tests.BoardTests.BoardQueensSetupCorrectly" methodname="BoardQueensSetupCorrectly" classname="ChessWithTDD.Tests.BoardTests" runstate="Runnable" seed="1987227157" result="Passed" start-time="2017-03-09 00:17:10Z" end-time="2017-03-09 00:17:10Z" duration="0.001323" asserts="3" />
          <test-case id="0-1029" name="BoardWhiteBishopsSetupCorrectly" fullname="ChessWithTDD.Tests.BoardTests.BoardWhiteBishopsSetupCorrectly" methodname="BoardWhiteBishopsSetupCorrectly" classname="ChessWithTDD.Tests.BoardTests" runstate="Runnable" seed="753099166" result="Passed" start-time="2017-03-09 00:17:10Z" end-time="2017-03-09 00:17:10Z" duration="0.001082" asserts="3" />
          <test-case id="0-1027" name="BoardWhiteKnightsSetupCorrectly" fullname="ChessWithTDD.Tests.BoardTests.BoardWhiteKnightsSetupCorrectly" methodname="BoardWhiteKnightsSetupCorrectly" classname="ChessWithTDD.Tests.BoardTests" runstate="Runnable" seed="1131242635" result="Passed" start-time="2017-03-09 00:17:10Z" end-time="2017-03-09 00:17:10Z" duration="0.001078" asserts="3" />
          <test-case id="0-1023" name="BoardWhitePawnRowSetupCorrectly" fullname="ChessWithTDD.Tests.BoardTests.BoardWhitePawnRowSetupCorrectly" methodname="BoardWhitePawnRowSetupCorrectly" classname="ChessWithTDD.Tests.BoardTests" runstate="Runnable" seed="1542803738" result="Passed" start-time="2017-03-09 00:17:10Z" end-time="2017-03-09 00:17:10Z" duration="0.001123" asserts="9" />
          <test-case id="0-1025" name="BoardWhiteRooksSetupCorrectly" fullname="ChessWithTDD.Tests.BoardTests.BoardWhiteRooksSetupCorrectly" methodname="BoardWhiteRooksSetupCorrectly" classname="ChessWithTDD.Tests.BoardTests" runstate="Runnable" seed="850566450" result="Passed" start-time="2017-03-09 00:17:10Z" end-time="2017-03-09 00:17:10Z" duration="0.001172" asserts="3" />
          <test-suite type="ParameterizedMethod" id="0-1048" name="MoveWhereFromSquareDoesNotContainPieceIsNotValid" fullname="ChessWithTDD.Tests.BoardTests.MoveWhereFromSquareDoesNotContainPieceIsNotValid" classname="ChessWithTDD.Tests.BoardTests" runstate="Runnable" testcasecount="2" result="Passed" start-time="2017-03-09 00:17:10Z" end-time="2017-03-09 00:17:10Z" duration="0.010978" total="2" passed="2" failed="0" warnings="0" inconclusive="0" skipped="0" asserts="2">
            <test-case id="0-1046" name="MoveWhereFromSquareDoesNotContainPieceIsNotValid(1,1,2,2)" fullname="ChessWithTDD.Tests.BoardTests.MoveWhereFromSquareDoesNotContainPieceIsNotValid(1,1,2,2)" methodname="MoveWhereFromSquareDoesNotContainPieceIsNotValid" classname="ChessWithTDD.Tests.BoardTests" runstate="Runnable" seed="193093241" result="Passed" start-time="2017-03-09 00:17:10Z" end-time="2017-03-09 00:17:10Z" duration="0.002616" asserts="1" />
            <test-case id="0-1047" name="MoveWhereFromSquareDoesNotContainPieceIsNotValid(5,3,7,7)" fullname="ChessWithTDD.Tests.BoardTests.MoveWhereFromSquareDoesNotContainPieceIsNotValid(5,3,7,7)" methodname="MoveWhereFromSquareDoesNotContainPieceIsNotValid" classname="ChessWithTDD.Tests.BoardTests" runstate="Runnable" seed="366132088" result="Passed" start-time="2017-03-09 00:17:10Z" end-time="2017-03-09 00:17:10Z" duration="0.001649" asserts="1" />
          </test-suite>
          <test-suite type="ParameterizedMethod" id="0-1051" name="MoveWhereFromSquareIsSameAsToSquareIsNotValid" fullname="ChessWithTDD.Tests.BoardTests.MoveWhereFromSquareIsSameAsToSquareIsNotValid" classname="ChessWithTDD.Tests.BoardTests" runstate="Runnable" testcasecount="2" result="Passed" start-time="2017-03-09 00:17:10Z" end-time="2017-03-09 00:17:10Z" duration="0.008540" total="2" passed="2" failed="0" warnings="0" inconclusive="0" skipped="0" asserts="2">
            <test-case id="0-1049" name="MoveWhereFromSquareIsSameAsToSquareIsNotValid(1,2,1,2)" fullname="ChessWithTDD.Tests.BoardTests.MoveWhereFromSquareIsSameAsToSquareIsNotValid(1,2,1,2)" methodname="MoveWhereFromSquareIsSameAsToSquareIsNotValid" classname="ChessWithTDD.Tests.BoardTests" runstate="Runnable" seed="1936309644" result="Passed" start-time="2017-03-09 00:17:10Z" end-time="2017-03-09 00:17:10Z" duration="0.001562" asserts="1" />
            <test-case id="0-1050" name="MoveWhereFromSquareIsSameAsToSquareIsNotValid(5,3,5,3)" fullname="ChessWithTDD.Tests.BoardTests.MoveWhereFromSquareIsSameAsToSquareIsNotValid(5,3,5,3)" methodname="MoveWhereFromSquareIsSameAsToSquareIsNotValid" classname="ChessWithTDD.Tests.BoardTests" runstate="Runnable" seed="1718738870" result="Passed" start-time="2017-03-09 00:17:10Z" end-time="2017-03-09 00:17:10Z" duration="0.001322" asserts="1" />
          </test-suite>
          <test-suite type="ParameterizedMethod" id="0-1045" name="MoveWhereFromSquareOrToSquareIsOffTheBoardIsNotValid" fullname="ChessWithTDD.Tests.BoardTests.MoveWhereFromSquareOrToSquareIsOffTheBoardIsNotValid" classname="ChessWithTDD.Tests.BoardTests" runstate="Runnable" testcasecount="8" result="Passed" start-time="2017-03-09 00:17:10Z" end-time="2017-03-09 00:17:10Z" duration="0.037976" total="8" passed="8" failed="0" warnings="0" inconclusive="0" skipped="0" asserts="8">
            <test-case id="0-1037" name="MoveWhereFromSquareOrToSquareIsOffTheBoardIsNotValid(1,1,9,5)" fullname="ChessWithTDD.Tests.BoardTests.MoveWhereFromSquareOrToSquareIsOffTheBoardIsNotValid(1,1,9,5)" methodname="MoveWhereFromSquareOrToSquareIsOffTheBoardIsNotValid" classname="ChessWithTDD.Tests.BoardTests" runstate="Runnable" seed="160785597" result="Passed" start-time="2017-03-09 00:17:10Z" end-time="2017-03-09 00:17:10Z" duration="0.002998" asserts="1" />
            <test-case id="0-1038" name="MoveWhereFromSquareOrToSquareIsOffTheBoardIsNotValid(5,3,6,8)" fullname="ChessWithTDD.Tests.BoardTests.MoveWhereFromSquareOrToSquareIsOffTheBoardIsNotValid(5,3,6,8)" methodname="MoveWhereFromSquareOrToSquareIsOffTheBoardIsNotValid" classname="ChessWithTDD.Tests.BoardTests" runstate="Runnable" seed="2136596737" result="Passed" start-time="2017-03-09 00:17:10Z" end-time="2017-03-09 00:17:10Z" duration="0.001875" asserts="1" />
            <test-case id="0-1039" name="MoveWhereFromSquareOrToSquareIsOffTheBoardIsNotValid(7,8,2,2)" fullname="ChessWithTDD.Tests.BoardTests.MoveWhereFromSquareOrToSquareIsOffTheBoardIsNotValid(7,8,2,2)" methodname="MoveWhereFromSquareOrToSquareIsOffTheBoardIsNotValid" classname="ChessWithTDD.Tests.BoardTests" runstate="Runnable" seed="1484947682" result="Passed" start-time="2017-03-09 00:17:10Z" end-time="2017-03-09 00:17:10Z" duration="0.001790" asserts="1" />
            <test-case id="0-1040" name="MoveWhereFromSquareOrToSquareIsOffTheBoardIsNotValid(9,1,2,2)" fullname="ChessWithTDD.Tests.BoardTests.MoveWhereFromSquareOrToSquareIsOffTheBoardIsNotValid(9,1,2,2)" methodname="MoveWhereFromSquareOrToSquareIsOffTheBoardIsNotValid" classname="ChessWithTDD.Tests.BoardTests" runstate="Runnable" seed="1153402439" result="Passed" start-time="2017-03-09 00:17:10Z" end-time="2017-03-09 00:17:10Z" duration="0.001505" asserts="1" />
            <test-case id="0-1041" name="MoveWhereFromSquareOrToSquareIsOffTheBoardIsNotValid(1,1,-1,5)" fullname="ChessWithTDD.Tests.BoardTests.MoveWhereFromSquareOrToSquareIsOffTheBoardIsNotValid(1,1,-1,5)" methodname="MoveWhereFromSquareOrToSquareIsOffTheBoardIsNotValid" classname="ChessWithTDD.Tests.BoardTests" runstate="Runnable" seed="597535637" result="Passed" start-time="2017-03-09 00:17:10Z" end-time="2017-03-09 00:17:10Z" duration="0.001569" asserts="1" />
            <test-case id="0-1042" name="MoveWhereFromSquareOrToSquareIsOffTheBoardIsNotValid(5,3,6,-1)" fullname="ChessWithTDD.Tests.BoardTests.MoveWhereFromSquareOrToSquareIsOffTheBoardIsNotValid(5,3,6,-1)" methodname="MoveWhereFromSquareOrToSquareIsOffTheBoardIsNotValid" classname="ChessWithTDD.Tests.BoardTests" runstate="Runnable" seed="294885858" result="Passed" start-time="2017-03-09 00:17:10Z" end-time="2017-03-09 00:17:10Z" duration="0.001776" asserts="1" />
            <test-case id="0-1043" name="MoveWhereFromSquareOrToSquareIsOffTheBoardIsNotValid(7,-1,2,2)" fullname="ChessWithTDD.Tests.BoardTests.MoveWhereFromSquareOrToSquareIsOffTheBoardIsNotValid(7,-1,2,2)" methodname="MoveWhereFromSquareOrToSquareIsOffTheBoardIsNotValid" classname="ChessWithTDD.Tests.BoardTests" runstate="Runnable" seed="1316466732" result="Passed" start-time="2017-03-09 00:17:10Z" end-time="2017-03-09 00:17:10Z" duration="0.001589" asserts="1" />
            <test-case id="0-1044" name="MoveWhereFromSquareOrToSquareIsOffTheBoardIsNotValid(-1,1,2,2)" fullname="ChessWithTDD.Tests.BoardTests.MoveWhereFromSquareOrToSquareIsOffTheBoardIsNotValid(-1,1,2,2)" methodname="MoveWhereFromSquareOrToSquareIsOffTheBoardIsNotValid" classname="ChessWithTDD.Tests.BoardTests" runstate="Runnable" seed="1463997693" result="Passed" start-time="2017-03-09 00:17:10Z" end-time="2017-03-09 00:17:10Z" duration="0.001604" asserts="1" />
          </test-suite>
          <test-suite type="ParameterizedMethod" id="0-1036" name="MoveWhereFromSquarePieceDoesNotHaveAValidColourIsNotValid" fullname="ChessWithTDD.Tests.BoardTests.MoveWhereFromSquarePieceDoesNotHaveAValidColourIsNotValid" classname="ChessWithTDD.Tests.BoardTests" runstate="Runnable" testcasecount="2" result="Passed" start-time="2017-03-09 00:17:10Z" end-time="2017-03-09 00:17:10Z" duration="0.009502" total="2" passed="2" failed="0" warnings="0" inconclusive="0" skipped="0" asserts="2">
            <test-case id="0-1034" name="MoveWhereFromSquarePieceDoesNotHaveAValidColourIsNotValid(1,1,2,2)" fullname="ChessWithTDD.Tests.BoardTests.MoveWhereFromSquarePieceDoesNotHaveAValidColourIsNotValid(1,1,2,2)" methodname="MoveWhereFromSquarePieceDoesNotHaveAValidColourIsNotValid" classname="ChessWithTDD.Tests.BoardTests" runstate="Runnable" seed="1564095201" result="Passed" start-time="2017-03-09 00:17:10Z" end-time="2017-03-09 00:17:10Z" duration="0.001923" asserts="1" />
            <test-case id="0-1035" name="MoveWhereFromSquarePieceDoesNotHaveAValidColourIsNotValid(5,3,7,7)" fullname="ChessWithTDD.Tests.BoardTests.MoveWhereFromSquarePieceDoesNotHaveAValidColourIsNotValid(5,3,7,7)" methodname="MoveWhereFromSquarePieceDoesNotHaveAValidColourIsNotValid" classname="ChessWithTDD.Tests.BoardTests" runstate="Runnable" seed="1737287238" result="Passed" start-time="2017-03-09 00:17:10Z" end-time="2017-03-09 00:17:10Z" duration="0.001585" asserts="1" />
          </test-suite>
          <test-suite type="ParameterizedMethod" id="0-1054" name="MoveWherePieceInFromSquareCanMoveIsValid" fullname="ChessWithTDD.Tests.BoardTests.MoveWherePieceInFromSquareCanMoveIsValid" classname="ChessWithTDD.Tests.BoardTests" runstate="Runnable" testcasecount="2" result="Passed" start-time="2017-03-09 00:17:10Z" end-time="2017-03-09 00:17:10Z" duration="0.010013" total="2" passed="2" failed="0" warnings="0" inconclusive="0" skipped="0" asserts="2">
            <test-case id="0-1052" name="MoveWherePieceInFromSquareCanMoveIsValid(1,1,2,2)" fullname="ChessWithTDD.Tests.BoardTests.MoveWherePieceInFromSquareCanMoveIsValid(1,1,2,2)" methodname="MoveWherePieceInFromSquareCanMoveIsValid" classname="ChessWithTDD.Tests.BoardTests" runstate="Runnable" seed="1300285053" result="Passed" start-time="2017-03-09 00:17:10Z" end-time="2017-03-09 00:17:10Z" duration="0.002896" asserts="1" />
            <test-case id="0-1053" name="MoveWherePieceInFromSquareCanMoveIsValid(5,3,7,7)" fullname="ChessWithTDD.Tests.BoardTests.MoveWherePieceInFromSquareCanMoveIsValid(5,3,7,7)" methodname="MoveWherePieceInFromSquareCanMoveIsValid" classname="ChessWithTDD.Tests.BoardTests" runstate="Runnable" seed="431428968" result="Passed" start-time="2017-03-09 00:17:10Z" end-time="2017-03-09 00:17:10Z" duration="0.001639" asserts="1" />
          </test-suite>
          <test-suite type="ParameterizedMethod" id="0-1057" name="MoveWherePieceInFromSquareCannotMoveIsNotValid" fullname="ChessWithTDD.Tests.BoardTests.MoveWherePieceInFromSquareCannotMoveIsNotValid" classname="ChessWithTDD.Tests.BoardTests" runstate="Runnable" testcasecount="2" result="Passed" start-time="2017-03-09 00:17:10Z" end-time="2017-03-09 00:17:10Z" duration="0.010016" total="2" passed="2" failed="0" warnings="0" inconclusive="0" skipped="0" asserts="2">
            <test-case id="0-1055" name="MoveWherePieceInFromSquareCannotMoveIsNotValid(1,2,1,2)" fullname="ChessWithTDD.Tests.BoardTests.MoveWherePieceInFromSquareCannotMoveIsNotValid(1,2,1,2)" methodname="MoveWherePieceInFromSquareCannotMoveIsNotValid" classname="ChessWithTDD.Tests.BoardTests" runstate="Runnable" seed="1871344911" result="Passed" start-time="2017-03-09 00:17:10Z" end-time="2017-03-09 00:17:10Z" duration="0.002065" asserts="1" />
            <test-case id="0-1056" name="MoveWherePieceInFromSquareCannotMoveIsNotValid(5,3,5,3)" fullname="ChessWithTDD.Tests.BoardTests.MoveWherePieceInFromSquareCannotMoveIsNotValid(5,3,5,3)" methodname="MoveWherePieceInFromSquareCannotMoveIsNotValid" classname="ChessWithTDD.Tests.BoardTests" runstate="Runnable" seed="671912990" result="Passed" start-time="2017-03-09 00:17:10Z" end-time="2017-03-09 00:17:10Z" duration="0.001653" asserts="1" />
          </test-suite>
          <test-case id="0-1033" name="SquareAtPositionFiveSixOnBoardHasRowFiveAndColSix" fullname="ChessWithTDD.Tests.BoardTests.SquareAtPositionFiveSixOnBoardHasRowFiveAndColSix" methodname="SquareAtPositionFiveSixOnBoardHasRowFiveAndColSix" classname="ChessWithTDD.Tests.BoardTests" runstate="Runnable" seed="103184150" result="Passed" start-time="2017-03-09 00:17:10Z" end-time="2017-03-09 00:17:10Z" duration="0.001062" asserts="1" />
        </test-suite>
        <test-suite type="TestFixture" id="0-1062" name="KnightTests" fullname="ChessWithTDD.Tests.KnightTests" classname="ChessWithTDD.Tests.KnightTests" runstate="Runnable" testcasecount="24" result="Passed" start-time="2017-03-09 00:17:10Z" end-time="2017-03-09 00:17:10Z" duration="0.110011" total="24" passed="24" failed="0" warnings="0" inconclusive="0" skipped="0" asserts="24">
          <test-suite type="ParameterizedMethod" id="0-1072" name="KnightCanMoveOneHorizontalAndTwoVerticalPositions" fullname="ChessWithTDD.Tests.KnightTests.KnightCanMoveOneHorizontalAndTwoVerticalPositions" classname="ChessWithTDD.Tests.KnightTests" runstate="Runnable" testcasecount="4" result="Passed" start-time="2017-03-09 00:17:10Z" end-time="2017-03-09 00:17:10Z" duration="0.016533" total="4" passed="4" failed="0" warnings="0" inconclusive="0" skipped="0" asserts="4">
            <test-case id="0-1068" name="KnightCanMoveOneHorizontalAndTwoVerticalPositions(1,2,3,3)" fullname="ChessWithTDD.Tests.KnightTests.KnightCanMoveOneHorizontalAndTwoVerticalPositions(1,2,3,3)" methodname="KnightCanMoveOneHorizontalAndTwoVerticalPositions" classname="ChessWithTDD.Tests.KnightTests" runstate="Runnable" seed="1366793250" result="Passed" start-time="2017-03-09 00:17:10Z" end-time="2017-03-09 00:17:10Z" duration="0.001958" asserts="1" />
            <test-case id="0-1069" name="KnightCanMoveOneHorizontalAndTwoVerticalPositions(1,2,3,1)" fullname="ChessWithTDD.Tests.KnightTests.KnightCanMoveOneHorizontalAndTwoVerticalPositions(1,2,3,1)" methodname="KnightCanMoveOneHorizontalAndTwoVerticalPositions" classname="ChessWithTDD.Tests.KnightTests" runstate="Runnable" seed="270543784" result="Passed" start-time="2017-03-09 00:17:10Z" end-time="2017-03-09 00:17:10Z" duration="0.000858" asserts="1" />
            <test-case id="0-1070" name="KnightCanMoveOneHorizontalAndTwoVerticalPositions(2,3,0,4)" fullname="ChessWithTDD.Tests.KnightTests.KnightCanMoveOneHorizontalAndTwoVerticalPositions(2,3,0,4)" methodname="KnightCanMoveOneHorizontalAndTwoVerticalPositions" classname="ChessWithTDD.Tests.KnightTests" runstate="Runnable" seed="841890858" result="Passed" start-time="2017-03-09 00:17:10Z" end-time="2017-03-09 00:17:10Z" duration="0.000815" asserts="1" />
            <test-case id="0-1071" name="KnightCanMoveOneHorizontalAndTwoVerticalPositions(2,3,0,2)" fullname="ChessWithTDD.Tests.KnightTests.KnightCanMoveOneHorizontalAndTwoVerticalPositions(2,3,0,2)" methodname="KnightCanMoveOneHorizontalAndTwoVerticalPositions" classname="ChessWithTDD.Tests.KnightTests" runstate="Runnable" seed="1317927833" result="Passed" start-time="2017-03-09 00:17:10Z" end-time="2017-03-09 00:17:10Z" duration="0.001195" asserts="1" />
          </test-suite>
          <test-suite type="ParameterizedMethod" id="0-1067" name="KnightCanMoveOneVerticalAndTwoHorizontalPositions" fullname="ChessWithTDD.Tests.KnightTests.KnightCanMoveOneVerticalAndTwoHorizontalPositions" classname="ChessWithTDD.Tests.KnightTests" runstate="Runnable" testcasecount="4" result="Passed" start-time="2017-03-09 00:17:10Z" end-time="2017-03-09 00:17:10Z" duration="0.015920" total="4" passed="4" failed="0" warnings="0" inconclusive="0" skipped="0" asserts="4">
            <test-case id="0-1063" name="KnightCanMoveOneVerticalAndTwoHorizontalPositions(1,2,2,4)" fullname="ChessWithTDD.Tests.KnightTests.KnightCanMoveOneVerticalAndTwoHorizontalPositions(1,2,2,4)" methodname="KnightCanMoveOneVerticalAndTwoHorizontalPositions" classname="ChessWithTDD.Tests.KnightTests" runstate="Runnable" seed="55615766" result="Passed" start-time="2017-03-09 00:17:10Z" end-time="2017-03-09 00:17:10Z" duration="0.001200" asserts="1" />
            <test-case id="0-1064" name="KnightCanMoveOneVerticalAndTwoHorizontalPositions(1,2,0,4)" fullname="ChessWithTDD.Tests.KnightTests.KnightCanMoveOneVerticalAndTwoHorizontalPositions(1,2,0,4)" methodname="KnightCanMoveOneVerticalAndTwoHorizontalPositions" classname="ChessWithTDD.Tests.KnightTests" runstate="Runnable" seed="1599856363" result="Passed" start-time="2017-03-09 00:17:10Z" end-time="2017-03-09 00:17:10Z" duration="0.000952" asserts="1" />
            <test-case id="0-1065" name="KnightCanMoveOneVerticalAndTwoHorizontalPositions(2,3,3,1)" fullname="ChessWithTDD.Tests.KnightTests.KnightCanMoveOneVerticalAndTwoHorizontalPositions(2,3,3,1)" methodname="KnightCanMoveOneVerticalAndTwoHorizontalPositions" classname="ChessWithTDD.Tests.KnightTests" runstate="Runnable" seed="1174904532" result="Passed" start-time="2017-03-09 00:17:10Z" end-time="2017-03-09 00:17:10Z" duration="0.000925" asserts="1" />
            <test-case id="0-1066" name="KnightCanMoveOneVerticalAndTwoHorizontalPositions(2,3,1,1)" fullname="ChessWithTDD.Tests.KnightTests.KnightCanMoveOneVerticalAndTwoHorizontalPositions(2,3,1,1)" methodname="KnightCanMoveOneVerticalAndTwoHorizontalPositions" classname="ChessWithTDD.Tests.KnightTests" runstate="Runnable" seed="585799301" result="Passed" start-time="2017-03-09 00:17:10Z" end-time="2017-03-09 00:17:10Z" duration="0.000811" asserts="1" />
          </test-suite>
          <test-suite type="ParameterizedMethod" id="0-1086" name="KnightCannotMoveIfLShapedAndToSquareContainsPieceOfSameColour" fullname="ChessWithTDD.Tests.KnightTests.KnightCannotMoveIfLShapedAndToSquareContainsPieceOfSameColour" classname="ChessWithTDD.Tests.KnightTests" runstate="Runnable" testcasecount="4" result="Passed" start-time="2017-03-09 00:17:10Z" end-time="2017-03-09 00:17:10Z" duration="0.015057" total="4" passed="4" failed="0" warnings="0" inconclusive="0" skipped="0" asserts="4">
            <test-case id="0-1082" name="KnightCannotMoveIfLShapedAndToSquareContainsPieceOfSameColour(1,2,3,1)" fullname="ChessWithTDD.Tests.KnightTests.KnightCannotMoveIfLShapedAndToSquareContainsPieceOfSameColour(1,2,3,1)" methodname="KnightCannotMoveIfLShapedAndToSquareContainsPieceOfSameColour" classname="ChessWithTDD.Tests.KnightTests" runstate="Runnable" seed="194231429" result="Passed" start-time="2017-03-09 00:17:10Z" end-time="2017-03-09 00:17:10Z" duration="0.001242" asserts="1" />
            <test-case id="0-1083" name="KnightCannotMoveIfLShapedAndToSquareContainsPieceOfSameColour(2,3,0,4)" fullname="ChessWithTDD.Tests.KnightTests.KnightCannotMoveIfLShapedAndToSquareContainsPieceOfSameColour(2,3,0,4)" methodname="KnightCannotMoveIfLShapedAndToSquareContainsPieceOfSameColour" classname="ChessWithTDD.Tests.KnightTests" runstate="Runnable" seed="697657509" result="Passed" start-time="2017-03-09 00:17:10Z" end-time="2017-03-09 00:17:10Z" duration="0.000886" asserts="1" />
            <test-case id="0-1084" name="KnightCannotMoveIfLShapedAndToSquareContainsPieceOfSameColour(1,2,0,4)" fullname="ChessWithTDD.Tests.KnightTests.KnightCannotMoveIfLShapedAndToSquareContainsPieceOfSameColour(1,2,0,4)" methodname="KnightCannotMoveIfLShapedAndToSquareContainsPieceOfSameColour" classname="ChessWithTDD.Tests.KnightTests" runstate="Runnable" seed="199622973" result="Passed" start-time="2017-03-09 00:17:10Z" end-time="2017-03-09 00:17:10Z" duration="0.000897" asserts="1" />
            <test-case id="0-1085" name="KnightCannotMoveIfLShapedAndToSquareContainsPieceOfSameColour(2,3,3,1)" fullname="ChessWithTDD.Tests.KnightTests.KnightCannotMoveIfLShapedAndToSquareContainsPieceOfSameColour(2,3,3,1)" methodname="KnightCannotMoveIfLShapedAndToSquareContainsPieceOfSameColour" classname="ChessWithTDD.Tests.KnightTests" runstate="Runnable" seed="1175760460" result="Passed" start-time="2017-03-09 00:17:10Z" end-time="2017-03-09 00:17:10Z" duration="0.001045" asserts="1" />
          </test-suite>
          <test-suite type="ParameterizedMethod" id="0-1091" name="KnightCannotMoveIfLShapedAndToSquareOffTheBoard" fullname="ChessWithTDD.Tests.KnightTests.KnightCannotMoveIfLShapedAndToSquareOffTheBoard" classname="ChessWithTDD.Tests.KnightTests" runstate="Runnable" testcasecount="4" result="Passed" start-time="2017-03-09 00:17:10Z" end-time="2017-03-09 00:17:10Z" duration="0.015491" total="4" passed="4" failed="0" warnings="0" inconclusive="0" skipped="0" asserts="4">
            <test-case id="0-1087" name="KnightCannotMoveIfLShapedAndToSquareOffTheBoard(1,2,-1,1)" fullname="ChessWithTDD.Tests.KnightTests.KnightCannotMoveIfLShapedAndToSquareOffTheBoard(1,2,-1,1)" methodname="KnightCannotMoveIfLShapedAndToSquareOffTheBoard" classname="ChessWithTDD.Tests.KnightTests" runstate="Runnable" seed="1846632824" result="Passed" start-time="2017-03-09 00:17:10Z" end-time="2017-03-09 00:17:10Z" duration="0.001092" asserts="1" />
            <test-case id="0-1088" name="KnightCannotMoveIfLShapedAndToSquareOffTheBoard(2,7,0,8)" fullname="ChessWithTDD.Tests.KnightTests.KnightCannotMoveIfLShapedAndToSquareOffTheBoard(2,7,0,8)" methodname="KnightCannotMoveIfLShapedAndToSquareOffTheBoard" classname="ChessWithTDD.Tests.KnightTests" runstate="Runnable" seed="948105604" result="Passed" start-time="2017-03-09 00:17:10Z" end-time="2017-03-09 00:17:10Z" duration="0.000824" asserts="1" />
            <test-case id="0-1089" name="KnightCannotMoveIfLShapedAndToSquareOffTheBoard(0,2,-1,0)" fullname="ChessWithTDD.Tests.KnightTests.KnightCannotMoveIfLShapedAndToSquareOffTheBoard(0,2,-1,0)" methodname="KnightCannotMoveIfLShapedAndToSquareOffTheBoard" classname="ChessWithTDD.Tests.KnightTests" runstate="Runnable" seed="1816936129" result="Passed" start-time="2017-03-09 00:17:10Z" end-time="2017-03-09 00:17:10Z" duration="0.000825" asserts="1" />
            <test-case id="0-1090" name="KnightCannotMoveIfLShapedAndToSquareOffTheBoard(2,6,3,8)" fullname="ChessWithTDD.Tests.KnightTests.KnightCannotMoveIfLShapedAndToSquareOffTheBoard(2,6,3,8)" methodname="KnightCannotMoveIfLShapedAndToSquareOffTheBoard" classname="ChessWithTDD.Tests.KnightTests" runstate="Runnable" seed="89935713" result="Passed" start-time="2017-03-09 00:17:10Z" end-time="2017-03-09 00:17:10Z" duration="0.000845" asserts="1" />
          </test-suite>
          <test-suite type="ParameterizedMethod" id="0-1081" name="KnightCannotMoveIfNotLShaped" fullname="ChessWithTDD.Tests.KnightTests.KnightCannotMoveIfNotLShaped" classname="ChessWithTDD.Tests.KnightTests" runstate="Runnable" testcasecount="8" result="Passed" start-time="2017-03-09 00:17:10Z" end-time="2017-03-09 00:17:10Z" duration="0.031515" total="8" passed="8" failed="0" warnings="0" inconclusive="0" skipped="0" asserts="8">
            <test-case id="0-1073" name="KnightCannotMoveIfNotLShaped(1,1,2,2)" fullname="ChessWithTDD.Tests.KnightTests.KnightCannotMoveIfNotLShaped(1,1,2,2)" methodname="KnightCannotMoveIfNotLShaped" classname="ChessWithTDD.Tests.KnightTests" runstate="Runnable" seed="671923785" result="Passed" start-time="2017-03-09 00:17:10Z" end-time="2017-03-09 00:17:10Z" duration="0.001081" asserts="1" />
            <test-case id="0-1074" name="KnightCannotMoveIfNotLShaped(1,1,3,3)" fullname="ChessWithTDD.Tests.KnightTests.KnightCannotMoveIfNotLShaped(1,1,3,3)" methodname="KnightCannotMoveIfNotLShaped" classname="ChessWithTDD.Tests.KnightTests" runstate="Runnable" seed="1373760143" result="Passed" start-time="2017-03-09 00:17:10Z" end-time="2017-03-09 00:17:10Z" duration="0.000795" asserts="1" />
            <test-case id="0-1075" name="KnightCannotMoveIfNotLShaped(1,1,4,4)" fullname="ChessWithTDD.Tests.KnightTests.KnightCannotMoveIfNotLShaped(1,1,4,4)" methodname="KnightCannotMoveIfNotLShaped" classname="ChessWithTDD.Tests.KnightTests" runstate="Runnable" seed="1735815160" result="Passed" start-time="2017-03-09 00:17:10Z" end-time="2017-03-09 00:17:10Z" duration="0.000751" asserts="1" />
            <test-case id="0-1076" name="KnightCannotMoveIfNotLShaped(4,4,0,0)" fullname="ChessWithTDD.Tests.KnightTests.KnightCannotMoveIfNotLShaped(4,4,0,0)" methodname="KnightCannotMoveIfNotLShaped" classname="ChessWithTDD.Tests.KnightTests" runstate="Runnable" seed="1188421591" result="Passed" start-time="2017-03-09 00:17:10Z" end-time="2017-03-09 00:17:10Z" duration="0.000719" asserts="1" />
            <test-case id="0-1077" name="KnightCannotMoveIfNotLShaped(1,2,3,4)" fullname="ChessWithTDD.Tests.KnightTests.KnightCannotMoveIfNotLShaped(1,2,3,4)" methodname="KnightCannotMoveIfNotLShaped" classname="ChessWithTDD.Tests.KnightTests" runstate="Runnable" seed="495515723" result="Passed" start-time="2017-03-09 00:17:10Z" end-time="2017-03-09 00:17:10Z" duration="0.001434" asserts="1" />
            <test-case id="0-1078" name="KnightCannotMoveIfNotLShaped(1,2,6,7)" fullname="ChessWithTDD.Tests.KnightTests.KnightCannotMoveIfNotLShaped(1,2,6,7)" methodname="KnightCannotMoveIfNotLShaped" classname="ChessWithTDD.Tests.KnightTests" runstate="Runnable" seed="1603026794" result="Passed" start-time="2017-03-09 00:17:10Z" end-time="2017-03-09 00:17:10Z" duration="0.000818" asserts="1" />
            <test-case id="0-1079" name="KnightCannotMoveIfNotLShaped(4,8,2,6)" fullname="ChessWithTDD.Tests.KnightTests.KnightCannotMoveIfNotLShaped(4,8,2,6)" methodname="KnightCannotMoveIfNotLShaped" classname="ChessWithTDD.Tests.KnightTests" runstate="Runnable" seed="829995591" result="Passed" start-time="2017-03-09 00:17:10Z" end-time="2017-03-09 00:17:10Z" duration="0.000951" asserts="1" />
            <test-case id="0-1080" name="KnightCannotMoveIfNotLShaped(5,1,3,4)" fullname="ChessWithTDD.Tests.KnightTests.KnightCannotMoveIfNotLShaped(5,1,3,4)" methodname="KnightCannotMoveIfNotLShaped" classname="ChessWithTDD.Tests.KnightTests" runstate="Runnable" seed="656781186" result="Passed" start-time="2017-03-09 00:17:10Z" end-time="2017-03-09 00:17:10Z" duration="0.000767" asserts="1" />
          </test-suite>
        </test-suite>
        <test-suite type="TestFixture" id="0-1096" name="MoveTests" fullname="ChessWithTDD.Tests.MoveTests" classname="ChessWithTDD.Tests.MoveTests" runstate="Runnable" testcasecount="1" result="Passed" start-time="2017-03-09 00:17:10Z" end-time="2017-03-09 00:17:10Z" duration="0.008508" total="1" passed="1" failed="0" warnings="0" inconclusive="0" skipped="0" asserts="1">
          <test-suite type="ParameterizedMethod" id="0-1098" name="MoveIntialisesWithFromSquareAndToSquareCorrectly" fullname="ChessWithTDD.Tests.MoveTests.MoveIntialisesWithFromSquareAndToSquareCorrectly" classname="ChessWithTDD.Tests.MoveTests" runstate="Runnable" testcasecount="1" result="Passed" start-time="2017-03-09 00:17:10Z" end-time="2017-03-09 00:17:10Z" duration="0.005513" total="1" passed="1" failed="0" warnings="0" inconclusive="0" skipped="0" asserts="1">
            <test-case id="0-1097" name="MoveIntialisesWithFromSquareAndToSquareCorrectly(1,2,3,4)" fullname="ChessWithTDD.Tests.MoveTests.MoveIntialisesWithFromSquareAndToSquareCorrectly(1,2,3,4)" methodname="MoveIntialisesWithFromSquareAndToSquareCorrectly" classname="ChessWithTDD.Tests.MoveTests" runstate="Runnable" seed="979076694" result="Passed" start-time="2017-03-09 00:17:10Z" end-time="2017-03-09 00:17:10Z" duration="0.002580" asserts="1" />
          </test-suite>
        </test-suite>
        <test-suite type="TestFixture" id="0-1092" name="PieceTests" fullname="ChessWithTDD.Tests.PieceTests" classname="ChessWithTDD.Tests.PieceTests" runstate="Runnable" testcasecount="2" result="Passed" start-time="2017-03-09 00:17:10Z" end-time="2017-03-09 00:17:10Z" duration="0.011013" total="2" passed="2" failed="0" warnings="0" inconclusive="0" skipped="0" asserts="2">
          <test-case id="0-1093" name="NewPieceAlwaysHasInvalidColour" fullname="ChessWithTDD.Tests.PieceTests.NewPieceAlwaysHasInvalidColour" methodname="NewPieceAlwaysHasInvalidColour" classname="ChessWithTDD.Tests.PieceTests" runstate="Runnable" seed="1589365753" result="Passed" start-time="2017-03-09 00:17:10Z" end-time="2017-03-09 00:17:10Z" duration="0.000509" asserts="1" />
          <test-suite type="ParameterizedMethod" id="0-1095" name="PieceCannotMoveIfToSquareContainsAPieceOfSameColour" fullname="ChessWithTDD.Tests.PieceTests.PieceCannotMoveIfToSquareContainsAPieceOfSameColour" classname="ChessWithTDD.Tests.PieceTests" runstate="Runnable" testcasecount="1" result="Passed" start-time="2017-03-09 00:17:10Z" end-time="2017-03-09 00:17:10Z" duration="0.004055" total="1" passed="1" failed="0" warnings="0" inconclusive="0" skipped="0" asserts="1">
            <test-case id="0-1094" name="PieceCannotMoveIfToSquareContainsAPieceOfSameColour(1,2,3,4)" fullname="ChessWithTDD.Tests.PieceTests.PieceCannotMoveIfToSquareContainsAPieceOfSameColour(1,2,3,4)" methodname="PieceCannotMoveIfToSquareContainsAPieceOfSameColour" classname="ChessWithTDD.Tests.PieceTests" runstate="Runnable" seed="1725665789" result="Passed" start-time="2017-03-09 00:17:10Z" end-time="2017-03-09 00:17:10Z" duration="0.001239" asserts="1" />
          </test-suite>
        </test-suite>
        <test-suite type="TestFixture" id="0-1099" name="SquareTests" fullname="ChessWithTDD.Tests.SquareTests" classname="ChessWithTDD.Tests.SquareTests" runstate="Runnable" testcasecount="3" result="Passed" start-time="2017-03-09 00:17:10Z" end-time="2017-03-09 00:17:10Z" duration="0.009518" total="3" passed="3" failed="0" warnings="0" inconclusive="0" skipped="0" asserts="3">
          <test-case id="0-1101" name="SquareContainsPieceAfterCallingAddPiece" fullname="ChessWithTDD.Tests.SquareTests.SquareContainsPieceAfterCallingAddPiece" methodname="SquareContainsPieceAfterCallingAddPiece" classname="ChessWithTDD.Tests.SquareTests" runstate="Runnable" seed="1811284176" result="Passed" start-time="2017-03-09 00:17:10Z" end-time="2017-03-09 00:17:10Z" duration="0.000322" asserts="1" />
          <test-case id="0-1100" name="SquareInitialisedHasNoPieceInIt" fullname="ChessWithTDD.Tests.SquareTests.SquareInitialisedHasNoPieceInIt" methodname="SquareInitialisedHasNoPieceInIt" classname="ChessWithTDD.Tests.SquareTests" runstate="Runnable" seed="110525739" result="Passed" start-time="2017-03-09 00:17:10Z" end-time="2017-03-09 00:17:10Z" duration="0.000210" asserts="1" />
          <test-case id="0-1102" name="SquaresAreEqualWhenTheyHaveSamePosition" fullname="ChessWithTDD.Tests.SquareTests.SquaresAreEqualWhenTheyHaveSamePosition" methodname="SquaresAreEqualWhenTheyHaveSamePosition" classname="ChessWithTDD.Tests.SquareTests" runstate="Runnable" seed="1802667568" result="Passed" start-time="2017-03-09 00:17:10Z" end-time="2017-03-09 00:17:10Z" duration="0.000705" asserts="1" />
        </test-suite>
        <test-suite type="TestFixture" id="0-1103" name="WhitePawnTests" fullname="ChessWithTDD.Tests.WhitePawnTests" classname="ChessWithTDD.Tests.WhitePawnTests" runstate="Runnable" testcasecount="15" result="Passed" start-time="2017-03-09 00:17:10Z" end-time="2017-03-09 00:17:10Z" duration="0.087040" total="15" passed="15" failed="0" warnings="0" inconclusive="0" skipped="0" asserts="15">
          <test-suite type="ParameterizedMethod" id="0-1120" name="WhitePawnCanMoveDiagonallyUpTheBoardIfBlackPieceThere" fullname="ChessWithTDD.Tests.WhitePawnTests.WhitePawnCanMoveDiagonallyUpTheBoardIfBlackPieceThere" classname="ChessWithTDD.Tests.WhitePawnTests" runstate="Runnable" testcasecount="2" result="Passed" start-time="2017-03-09 00:17:10Z" end-time="2017-03-09 00:17:10Z" duration="0.009025" total="2" passed="2" failed="0" warnings="0" inconclusive="0" skipped="0" asserts="2">
            <test-case id="0-1118" name="WhitePawnCanMoveDiagonallyUpTheBoardIfBlackPieceThere(4,4,5,5)" fullname="ChessWithTDD.Tests.WhitePawnTests.WhitePawnCanMoveDiagonallyUpTheBoardIfBlackPieceThere(4,4,5,5)" methodname="WhitePawnCanMoveDiagonallyUpTheBoardIfBlackPieceThere" classname="ChessWithTDD.Tests.WhitePawnTests" runstate="Runnable" seed="545737375" result="Passed" start-time="2017-03-09 00:17:10Z" end-time="2017-03-09 00:17:10Z" duration="0.002248" asserts="1" />
            <test-case id="0-1119" name="WhitePawnCanMoveDiagonallyUpTheBoardIfBlackPieceThere(4,4,5,3)" fullname="ChessWithTDD.Tests.WhitePawnTests.WhitePawnCanMoveDiagonallyUpTheBoardIfBlackPieceThere(4,4,5,3)" methodname="WhitePawnCanMoveDiagonallyUpTheBoardIfBlackPieceThere" classname="ChessWithTDD.Tests.WhitePawnTests" runstate="Runnable" seed="1204874181" result="Passed" start-time="2017-03-09 00:17:10Z" end-time="2017-03-09 00:17:10Z" duration="0.001113" asserts="1" />
          </test-suite>
          <test-suite type="ParameterizedMethod" id="0-1106" name="WhitePawnCanMoveOneVerticalPositionUpTheBoard" fullname="ChessWithTDD.Tests.WhitePawnTests.WhitePawnCanMoveOneVerticalPositionUpTheBoard" classname="ChessWithTDD.Tests.WhitePawnTests" runstate="Runnable" testcasecount="2" result="Passed" start-time="2017-03-09 00:17:10Z" end-time="2017-03-09 00:17:10Z" duration="0.008038" total="2" passed="2" failed="0" warnings="0" inconclusive="0" skipped="0" asserts="2">
            <test-case id="0-1104" name="WhitePawnCanMoveOneVerticalPositionUpTheBoard(5,2,6,2)" fullname="ChessWithTDD.Tests.WhitePawnTests.WhitePawnCanMoveOneVerticalPositionUpTheBoard(5,2,6,2)" methodname="WhitePawnCanMoveOneVerticalPositionUpTheBoard" classname="ChessWithTDD.Tests.WhitePawnTests" runstate="Runnable" seed="1177273095" result="Passed" start-time="2017-03-09 00:17:10Z" end-time="2017-03-09 00:17:10Z" duration="0.001580" asserts="1" />
            <test-case id="0-1105" name="WhitePawnCanMoveOneVerticalPositionUpTheBoard(3,3,4,3)" fullname="ChessWithTDD.Tests.WhitePawnTests.WhitePawnCanMoveOneVerticalPositionUpTheBoard(3,3,4,3)" methodname="WhitePawnCanMoveOneVerticalPositionUpTheBoard" classname="ChessWithTDD.Tests.WhitePawnTests" runstate="Runnable" seed="1418611532" result="Passed" start-time="2017-03-09 00:17:10Z" end-time="2017-03-09 00:17:10Z" duration="0.000900" asserts="1" />
          </test-suite>
          <test-suite type="ParameterizedMethod" id="0-1126" name="WhitePawnCannotMoveDiagonallyUpTheBoardIfNoPieceThere" fullname="ChessWithTDD.Tests.WhitePawnTests.WhitePawnCannotMoveDiagonallyUpTheBoardIfNoPieceThere" classname="ChessWithTDD.Tests.WhitePawnTests" runstate="Runnable" testcasecount="2" result="Passed" start-time="2017-03-09 00:17:10Z" end-time="2017-03-09 00:17:10Z" duration="0.008513" total="2" passed="2" failed="0" warnings="0" inconclusive="0" skipped="0" asserts="2">
            <test-case id="0-1124" name="WhitePawnCannotMoveDiagonallyUpTheBoardIfNoPieceThere(4,4,5,5)" fullname="ChessWithTDD.Tests.WhitePawnTests.WhitePawnCannotMoveDiagonallyUpTheBoardIfNoPieceThere(4,4,5,5)" methodname="WhitePawnCannotMoveDiagonallyUpTheBoardIfNoPieceThere" classname="ChessWithTDD.Tests.WhitePawnTests" runstate="Runnable" seed="799400699" result="Passed" start-time="2017-03-09 00:17:10Z" end-time="2017-03-09 00:17:10Z" duration="0.001085" asserts="1" />
            <test-case id="0-1125" name="WhitePawnCannotMoveDiagonallyUpTheBoardIfNoPieceThere(4,4,5,3)" fullname="ChessWithTDD.Tests.WhitePawnTests.WhitePawnCannotMoveDiagonallyUpTheBoardIfNoPieceThere(4,4,5,3)" methodname="WhitePawnCannotMoveDiagonallyUpTheBoardIfNoPieceThere" classname="ChessWithTDD.Tests.WhitePawnTests" runstate="Runnable" seed="672694452" result="Passed" start-time="2017-03-09 00:17:10Z" end-time="2017-03-09 00:17:10Z" duration="0.000797" asserts="1" />
          </test-suite>
          <test-suite type="ParameterizedMethod" id="0-1123" name="WhitePawnCannotMoveDiagonallyUpTheBoardIfWhitePieceThere" fullname="ChessWithTDD.Tests.WhitePawnTests.WhitePawnCannotMoveDiagonallyUpTheBoardIfWhitePieceThere" classname="ChessWithTDD.Tests.WhitePawnTests" runstate="Runnable" testcasecount="2" result="Passed" start-time="2017-03-09 00:17:10Z" end-time="2017-03-09 00:17:10Z" duration="0.008507" total="2" passed="2" failed="0" warnings="0" inconclusive="0" skipped="0" asserts="2">
            <test-case id="0-1121" name="WhitePawnCannotMoveDiagonallyUpTheBoardIfWhitePieceThere(4,4,5,5)" fullname="ChessWithTDD.Tests.WhitePawnTests.WhitePawnCannotMoveDiagonallyUpTheBoardIfWhitePieceThere(4,4,5,5)" methodname="WhitePawnCannotMoveDiagonallyUpTheBoardIfWhitePieceThere" classname="ChessWithTDD.Tests.WhitePawnTests" runstate="Runnable" seed="1874097569" result="Passed" start-time="2017-03-09 00:17:10Z" end-time="2017-03-09 00:17:10Z" duration="0.001204" asserts="1" />
            <test-case id="0-1122" name="WhitePawnCannotMoveDiagonallyUpTheBoardIfWhitePieceThere(4,4,5,3)" fullname="ChessWithTDD.Tests.WhitePawnTests.WhitePawnCannotMoveDiagonallyUpTheBoardIfWhitePieceThere(4,4,5,3)" methodname="WhitePawnCannotMoveDiagonallyUpTheBoardIfWhitePieceThere" classname="ChessWithTDD.Tests.WhitePawnTests" runstate="Runnable" seed="2022171645" result="Passed" start-time="2017-03-09 00:17:10Z" end-time="2017-03-09 00:17:10Z" duration="0.001645" asserts="1" />
          </test-suite>
          <test-suite type="ParameterizedMethod" id="0-1115" name="WhitePawnCannotMoveOneHorizontalPositionAcrossTheBoard" fullname="ChessWithTDD.Tests.WhitePawnTests.WhitePawnCannotMoveOneHorizontalPositionAcrossTheBoard" classname="ChessWithTDD.Tests.WhitePawnTests" runstate="Runnable" testcasecount="2" result="Passed" start-time="2017-03-09 00:17:10Z" end-time="2017-03-09 00:17:10Z" duration="0.007512" total="2" passed="2" failed="0" warnings="0" inconclusive="0" skipped="0" asserts="2">
            <test-case id="0-1113" name="WhitePawnCannotMoveOneHorizontalPositionAcrossTheBoard(5,2,5,3)" fullname="ChessWithTDD.Tests.WhitePawnTests.WhitePawnCannotMoveOneHorizontalPositionAcrossTheBoard(5,2,5,3)" methodname="WhitePawnCannotMoveOneHorizontalPositionAcrossTheBoard" classname="ChessWithTDD.Tests.WhitePawnTests" runstate="Runnable" seed="1075072256" result="Passed" start-time="2017-03-09 00:17:10Z" end-time="2017-03-09 00:17:10Z" duration="0.001052" asserts="1" />
            <test-case id="0-1114" name="WhitePawnCannotMoveOneHorizontalPositionAcrossTheBoard(3,3,3,2)" fullname="ChessWithTDD.Tests.WhitePawnTests.WhitePawnCannotMoveOneHorizontalPositionAcrossTheBoard(3,3,3,2)" methodname="WhitePawnCannotMoveOneHorizontalPositionAcrossTheBoard" classname="ChessWithTDD.Tests.WhitePawnTests" runstate="Runnable" seed="520095863" result="Passed" start-time="2017-03-09 00:17:10Z" end-time="2017-03-09 00:17:10Z" duration="0.000705" asserts="1" />
          </test-suite>
          <test-suite type="ParameterizedMethod" id="0-1117" name="WhitePawnCannotMoveOneVerticalPositionDownTheBoard" fullname="ChessWithTDD.Tests.WhitePawnTests.WhitePawnCannotMoveOneVerticalPositionDownTheBoard" classname="ChessWithTDD.Tests.WhitePawnTests" runstate="Runnable" testcasecount="1" result="Passed" start-time="2017-03-09 00:17:10Z" end-time="2017-03-09 00:17:10Z" duration="0.004018" total="1" passed="1" failed="0" warnings="0" inconclusive="0" skipped="0" asserts="1">
            <test-case id="0-1116" name="WhitePawnCannotMoveOneVerticalPositionDownTheBoard(1,1,0,1)" fullname="ChessWithTDD.Tests.WhitePawnTests.WhitePawnCannotMoveOneVerticalPositionDownTheBoard(1,1,0,1)" methodname="WhitePawnCannotMoveOneVerticalPositionDownTheBoard" classname="ChessWithTDD.Tests.WhitePawnTests" runstate="Runnable" seed="2146869725" result="Passed" start-time="2017-03-09 00:17:10Z" end-time="2017-03-09 00:17:10Z" duration="0.001125" asserts="1" />
          </test-suite>
          <test-suite type="ParameterizedMethod" id="0-1109" name="WhitePawnCannotMoveOneVerticalPositionUpTheBoardIfBlackPieceThere" fullname="ChessWithTDD.Tests.WhitePawnTests.WhitePawnCannotMoveOneVerticalPositionUpTheBoardIfBlackPieceThere" classname="ChessWithTDD.Tests.WhitePawnTests" runstate="Runnable" testcasecount="2" result="Passed" start-time="2017-03-09 00:17:10Z" end-time="2017-03-09 00:17:10Z" duration="0.009084" total="2" passed="2" failed="0" warnings="0" inconclusive="0" skipped="0" asserts="2">
            <test-case id="0-1107" name="WhitePawnCannotMoveOneVerticalPositionUpTheBoardIfBlackPieceThere(5,2,6,2)" fullname="ChessWithTDD.Tests.WhitePawnTests.WhitePawnCannotMoveOneVerticalPositionUpTheBoardIfBlackPieceThere(5,2,6,2)" methodname="WhitePawnCannotMoveOneVerticalPositionUpTheBoardIfBlackPieceThere" classname="ChessWithTDD.Tests.WhitePawnTests" runstate="Runnable" seed="1964507207" result="Passed" start-time="2017-03-09 00:17:10Z" end-time="2017-03-09 00:17:10Z" duration="0.001236" asserts="1" />
            <test-case id="0-1108" name="WhitePawnCannotMoveOneVerticalPositionUpTheBoardIfBlackPieceThere(3,3,4,3)" fullname="ChessWithTDD.Tests.WhitePawnTests.WhitePawnCannotMoveOneVerticalPositionUpTheBoardIfBlackPieceThere(3,3,4,3)" methodname="WhitePawnCannotMoveOneVerticalPositionUpTheBoardIfBlackPieceThere" classname="ChessWithTDD.Tests.WhitePawnTests" runstate="Runnable" seed="997426833" result="Passed" start-time="2017-03-09 00:17:10Z" end-time="2017-03-09 00:17:10Z" duration="0.000966" asserts="1" />
          </test-suite>
          <test-suite type="ParameterizedMethod" id="0-1112" name="WhitePawnCannotMoveOneVerticalPositionUpTheBoardIfWhitePieceThere" fullname="ChessWithTDD.Tests.WhitePawnTests.WhitePawnCannotMoveOneVerticalPositionUpTheBoardIfWhitePieceThere" classname="ChessWithTDD.Tests.WhitePawnTests" runstate="Runnable" testcasecount="2" result="Passed" start-time="2017-03-09 00:17:10Z" end-time="2017-03-09 00:17:10Z" duration="0.008015" total="2" passed="2" failed="0" warnings="0" inconclusive="0" skipped="0" asserts="2">
            <test-case id="0-1110" name="WhitePawnCannotMoveOneVerticalPositionUpTheBoardIfWhitePieceThere(5,2,6,2)" fullname="ChessWithTDD.Tests.WhitePawnTests.WhitePawnCannotMoveOneVerticalPositionUpTheBoardIfWhitePieceThere(5,2,6,2)" methodname="WhitePawnCannotMoveOneVerticalPositionUpTheBoardIfWhitePieceThere" classname="ChessWithTDD.Tests.WhitePawnTests" runstate="Runnable" seed="1908645630" result="Passed" start-time="2017-03-09 00:17:10Z" end-time="2017-03-09 00:17:10Z" duration="0.001268" asserts="1" />
            <test-case id="0-1111" name="WhitePawnCannotMoveOneVerticalPositionUpTheBoardIfWhitePieceThere(3,3,4,3)" fullname="ChessWithTDD.Tests.WhitePawnTests.WhitePawnCannotMoveOneVerticalPositionUpTheBoardIfWhitePieceThere(3,3,4,3)" methodname="WhitePawnCannotMoveOneVerticalPositionUpTheBoardIfWhitePieceThere" classname="ChessWithTDD.Tests.WhitePawnTests" runstate="Runnable" seed="1608246079" result="Passed" start-time="2017-03-09 00:17:10Z" end-time="2017-03-09 00:17:10Z" duration="0.000877" asserts="1" />
          </test-suite>
        </test-suite>
      </test-suite>
    </test-suite>
  </test-suite>
</test-run>