<?xml version="1.0" encoding="utf-8" standalone="no"?>
<test-run id="2" testcasecount="103" result="Passed" total="103" passed="103" failed="0" inconclusive="0" skipped="0" asserts="141" engine-version="3.6.1.0" clr-version="4.0.30319.42000" start-time="2017-03-08 22:54:12Z" end-time="2017-03-08 22:54:14Z" duration="2.847677">
  <command-line><![CDATA["C:\Programming\ChessWithTDD\ChessWithTDD\packages\OpenCover.4.6.519\tools\../../NUnit.ConsoleRunner.3.6.1\tools\nunit3-console.exe" ../../../ChessWithTDD/bin\Debug\ChessWithTDD.dll]]></command-line>
  <test-suite type="Assembly" id="0-1145" name="ChessWithTDD.dll" fullname="C:\Programming\ChessWithTDD\ChessWithTDD\ChessWithTDD\bin\Debug\ChessWithTDD.dll" runstate="Runnable" testcasecount="103" result="Passed" start-time="2017-03-08 22:54:13Z" end-time="2017-03-08 22:54:14Z" duration="0.856912" total="103" passed="103" failed="0" warnings="0" inconclusive="0" skipped="0" asserts="141">
    <environment framework-version="3.6.0.0" clr-version="4.0.30319.42000" os-version="Microsoft Windows NT 10.0.14393.0" platform="Win32NT" cwd="C:\Programming\ChessWithTDD\ChessWithTDD\packages\OpenCover.4.6.519\tools" machine-name="DESKTOP-KCJFP9V" user="dantb" user-domain="DESKTOP-KCJFP9V" culture="en-GB" uiculture="en-GB" os-architecture="x64" />
    <settings>
      <setting name="DisposeRunners" value="True" />
      <setting name="WorkDirectory" value="C:\Programming\ChessWithTDD\ChessWithTDD\packages\OpenCover.4.6.519\tools" />
      <setting name="ImageRuntimeVersion" value="4.0.30319" />
      <setting name="ImageTargetFrameworkName" value=".NETFramework,Version=v4.5.2" />
      <setting name="ImageRequiresX86" value="False" />
      <setting name="ImageRequiresDefaultAppDomainAssemblyResolver" value="False" />
      <setting name="NumberOfTestWorkers" value="8" />
    </settings>
    <properties>
      <property name="_PID" value="9376" />
      <property name="_APPDOMAIN" value="domain-" />
    </properties>
    <test-suite type="TestSuite" id="0-1146" name="ChessWithTDD" fullname="ChessWithTDD" runstate="Runnable" testcasecount="103" result="Passed" start-time="2017-03-08 22:54:13Z" end-time="2017-03-08 22:54:14Z" duration="0.842535" total="103" passed="103" failed="0" warnings="0" inconclusive="0" skipped="0" asserts="141">
      <test-suite type="TestSuite" id="0-1147" name="Tests" fullname="ChessWithTDD.Tests" runstate="Runnable" testcasecount="103" result="Passed" start-time="2017-03-08 22:54:13Z" end-time="2017-03-08 22:54:14Z" duration="0.839567" total="103" passed="103" failed="0" warnings="0" inconclusive="0" skipped="0" asserts="141">
        <test-suite type="TestFixture" id="0-1000" name="BlackPawnTests" fullname="ChessWithTDD.Tests.BlackPawnTests" classname="ChessWithTDD.Tests.BlackPawnTests" runstate="Runnable" testcasecount="18" result="Passed" start-time="2017-03-08 22:54:13Z" end-time="2017-03-08 22:54:14Z" duration="0.345558" total="18" passed="18" failed="0" warnings="0" inconclusive="0" skipped="0" asserts="18">
          <test-suite type="ParameterizedMethod" id="0-1022" name="BlackPawnCanMoveDiagonallyDownTheBoardIfWhitePieceThere" fullname="ChessWithTDD.Tests.BlackPawnTests.BlackPawnCanMoveDiagonallyDownTheBoardIfWhitePieceThere" classname="ChessWithTDD.Tests.BlackPawnTests" runstate="Runnable" testcasecount="2" result="Passed" start-time="2017-03-08 22:54:13Z" end-time="2017-03-08 22:54:14Z" duration="0.237596" total="2" passed="2" failed="0" warnings="0" inconclusive="0" skipped="0" asserts="2">
            <test-case id="0-1020" name="BlackPawnCanMoveDiagonallyDownTheBoardIfWhitePieceThere(6,6,5,7)" fullname="ChessWithTDD.Tests.BlackPawnTests.BlackPawnCanMoveDiagonallyDownTheBoardIfWhitePieceThere(6,6,5,7)" methodname="BlackPawnCanMoveDiagonallyDownTheBoardIfWhitePieceThere" classname="ChessWithTDD.Tests.BlackPawnTests" runstate="Runnable" seed="1088028570" result="Passed" start-time="2017-03-08 22:54:13Z" end-time="2017-03-08 22:54:14Z" duration="0.221996" asserts="1" />
            <test-case id="0-1021" name="BlackPawnCanMoveDiagonallyDownTheBoardIfWhitePieceThere(6,6,5,5)" fullname="ChessWithTDD.Tests.BlackPawnTests.BlackPawnCanMoveDiagonallyDownTheBoardIfWhitePieceThere(6,6,5,5)" methodname="BlackPawnCanMoveDiagonallyDownTheBoardIfWhitePieceThere" classname="ChessWithTDD.Tests.BlackPawnTests" runstate="Runnable" seed="935421003" result="Passed" start-time="2017-03-08 22:54:14Z" end-time="2017-03-08 22:54:14Z" duration="0.001401" asserts="1" />
          </test-suite>
          <test-suite type="ParameterizedMethod" id="0-1003" name="BlackPawnCanMoveOneVerticalPositionDownTheBoard" fullname="ChessWithTDD.Tests.BlackPawnTests.BlackPawnCanMoveOneVerticalPositionDownTheBoard" classname="ChessWithTDD.Tests.BlackPawnTests" runstate="Runnable" testcasecount="2" result="Passed" start-time="2017-03-08 22:54:14Z" end-time="2017-03-08 22:54:14Z" duration="0.009055" total="2" passed="2" failed="0" warnings="0" inconclusive="0" skipped="0" asserts="2">
            <test-case id="0-1001" name="BlackPawnCanMoveOneVerticalPositionDownTheBoard(5,2,4,2)" fullname="ChessWithTDD.Tests.BlackPawnTests.BlackPawnCanMoveOneVerticalPositionDownTheBoard(5,2,4,2)" methodname="BlackPawnCanMoveOneVerticalPositionDownTheBoard" classname="ChessWithTDD.Tests.BlackPawnTests" runstate="Runnable" seed="729629555" result="Passed" start-time="2017-03-08 22:54:14Z" end-time="2017-03-08 22:54:14Z" duration="0.002694" asserts="1" />
            <test-case id="0-1002" name="BlackPawnCanMoveOneVerticalPositionDownTheBoard(3,3,2,3)" fullname="ChessWithTDD.Tests.BlackPawnTests.BlackPawnCanMoveOneVerticalPositionDownTheBoard(3,3,2,3)" methodname="BlackPawnCanMoveOneVerticalPositionDownTheBoard" classname="ChessWithTDD.Tests.BlackPawnTests" runstate="Runnable" seed="1912308286" result="Passed" start-time="2017-03-08 22:54:14Z" end-time="2017-03-08 22:54:14Z" duration="0.000873" asserts="1" />
          </test-suite>
          <test-suite type="ParameterizedMethod" id="0-1025" name="BlackPawnCannotMoveDiagonallyBelowIfBlackPieceThere" fullname="ChessWithTDD.Tests.BlackPawnTests.BlackPawnCannotMoveDiagonallyBelowIfBlackPieceThere" classname="ChessWithTDD.Tests.BlackPawnTests" runstate="Runnable" testcasecount="2" result="Passed" start-time="2017-03-08 22:54:14Z" end-time="2017-03-08 22:54:14Z" duration="0.008476" total="2" passed="2" failed="0" warnings="0" inconclusive="0" skipped="0" asserts="2">
            <test-case id="0-1023" name="BlackPawnCannotMoveDiagonallyBelowIfBlackPieceThere(6,6,5,7)" fullname="ChessWithTDD.Tests.BlackPawnTests.BlackPawnCannotMoveDiagonallyBelowIfBlackPieceThere(6,6,5,7)" methodname="BlackPawnCannotMoveDiagonallyBelowIfBlackPieceThere" classname="ChessWithTDD.Tests.BlackPawnTests" runstate="Runnable" seed="650416514" result="Passed" start-time="2017-03-08 22:54:14Z" end-time="2017-03-08 22:54:14Z" duration="0.001821" asserts="1" />
            <test-case id="0-1024" name="BlackPawnCannotMoveDiagonallyBelowIfBlackPieceThere(6,6,5,5)" fullname="ChessWithTDD.Tests.BlackPawnTests.BlackPawnCannotMoveDiagonallyBelowIfBlackPieceThere(6,6,5,5)" methodname="BlackPawnCannotMoveDiagonallyBelowIfBlackPieceThere" classname="ChessWithTDD.Tests.BlackPawnTests" runstate="Runnable" seed="382591231" result="Passed" start-time="2017-03-08 22:54:14Z" end-time="2017-03-08 22:54:14Z" duration="0.001033" asserts="1" />
          </test-suite>
          <test-suite type="ParameterizedMethod" id="0-1028" name="BlackPawnCannotMoveDiagonallyBelowIfNoPieceThere" fullname="ChessWithTDD.Tests.BlackPawnTests.BlackPawnCannotMoveDiagonallyBelowIfNoPieceThere" classname="ChessWithTDD.Tests.BlackPawnTests" runstate="Runnable" testcasecount="2" result="Passed" start-time="2017-03-08 22:54:14Z" end-time="2017-03-08 22:54:14Z" duration="0.008021" total="2" passed="2" failed="0" warnings="0" inconclusive="0" skipped="0" asserts="2">
            <test-case id="0-1026" name="BlackPawnCannotMoveDiagonallyBelowIfNoPieceThere(6,6,5,7)" fullname="ChessWithTDD.Tests.BlackPawnTests.BlackPawnCannotMoveDiagonallyBelowIfNoPieceThere(6,6,5,7)" methodname="BlackPawnCannotMoveDiagonallyBelowIfNoPieceThere" classname="ChessWithTDD.Tests.BlackPawnTests" runstate="Runnable" seed="1604166832" result="Passed" start-time="2017-03-08 22:54:14Z" end-time="2017-03-08 22:54:14Z" duration="0.001280" asserts="1" />
            <test-case id="0-1027" name="BlackPawnCannotMoveDiagonallyBelowIfNoPieceThere(6,6,5,5)" fullname="ChessWithTDD.Tests.BlackPawnTests.BlackPawnCannotMoveDiagonallyBelowIfNoPieceThere(6,6,5,5)" methodname="BlackPawnCannotMoveDiagonallyBelowIfNoPieceThere" classname="ChessWithTDD.Tests.BlackPawnTests" runstate="Runnable" seed="935699217" result="Passed" start-time="2017-03-08 22:54:14Z" end-time="2017-03-08 22:54:14Z" duration="0.001060" asserts="1" />
          </test-suite>
          <test-suite type="ParameterizedMethod" id="0-1014" name="BlackPawnCannotMoveDiagonallyDownTheBoardIfSquareOffTheBoard" fullname="ChessWithTDD.Tests.BlackPawnTests.BlackPawnCannotMoveDiagonallyDownTheBoardIfSquareOffTheBoard" classname="ChessWithTDD.Tests.BlackPawnTests" runstate="Runnable" testcasecount="2" result="Passed" start-time="2017-03-08 22:54:14Z" end-time="2017-03-08 22:54:14Z" duration="0.011030" total="2" passed="2" failed="0" warnings="0" inconclusive="0" skipped="0" asserts="2">
            <test-case id="0-1012" name="BlackPawnCannotMoveDiagonallyDownTheBoardIfSquareOffTheBoard(4,0,3,-1)" fullname="ChessWithTDD.Tests.BlackPawnTests.BlackPawnCannotMoveDiagonallyDownTheBoardIfSquareOffTheBoard(4,0,3,-1)" methodname="BlackPawnCannotMoveDiagonallyDownTheBoardIfSquareOffTheBoard" classname="ChessWithTDD.Tests.BlackPawnTests" runstate="Runnable" seed="404840400" result="Passed" start-time="2017-03-08 22:54:14Z" end-time="2017-03-08 22:54:14Z" duration="0.001405" asserts="1" />
            <test-case id="0-1013" name="BlackPawnCannotMoveDiagonallyDownTheBoardIfSquareOffTheBoard(4,7,3,8)" fullname="ChessWithTDD.Tests.BlackPawnTests.BlackPawnCannotMoveDiagonallyDownTheBoardIfSquareOffTheBoard(4,7,3,8)" methodname="BlackPawnCannotMoveDiagonallyDownTheBoardIfSquareOffTheBoard" classname="ChessWithTDD.Tests.BlackPawnTests" runstate="Runnable" seed="981217447" result="Passed" start-time="2017-03-08 22:54:14Z" end-time="2017-03-08 22:54:14Z" duration="0.001252" asserts="1" />
          </test-suite>
          <test-suite type="ParameterizedMethod" id="0-1019" name="BlackPawnCannotMoveOneHorizontalPositionAcrossTheBoard" fullname="ChessWithTDD.Tests.BlackPawnTests.BlackPawnCannotMoveOneHorizontalPositionAcrossTheBoard" classname="ChessWithTDD.Tests.BlackPawnTests" runstate="Runnable" testcasecount="2" result="Passed" start-time="2017-03-08 22:54:14Z" end-time="2017-03-08 22:54:14Z" duration="0.008026" total="2" passed="2" failed="0" warnings="0" inconclusive="0" skipped="0" asserts="2">
            <test-case id="0-1017" name="BlackPawnCannotMoveOneHorizontalPositionAcrossTheBoard(5,2,5,3)" fullname="ChessWithTDD.Tests.BlackPawnTests.BlackPawnCannotMoveOneHorizontalPositionAcrossTheBoard(5,2,5,3)" methodname="BlackPawnCannotMoveOneHorizontalPositionAcrossTheBoard" classname="ChessWithTDD.Tests.BlackPawnTests" runstate="Runnable" seed="2011729545" result="Passed" start-time="2017-03-08 22:54:14Z" end-time="2017-03-08 22:54:14Z" duration="0.001088" asserts="1" />
            <test-case id="0-1018" name="BlackPawnCannotMoveOneHorizontalPositionAcrossTheBoard(3,3,3,2)" fullname="ChessWithTDD.Tests.BlackPawnTests.BlackPawnCannotMoveOneHorizontalPositionAcrossTheBoard(3,3,3,2)" methodname="BlackPawnCannotMoveOneHorizontalPositionAcrossTheBoard" classname="ChessWithTDD.Tests.BlackPawnTests" runstate="Runnable" seed="2020800000" result="Passed" start-time="2017-03-08 22:54:14Z" end-time="2017-03-08 22:54:14Z" duration="0.000913" asserts="1" />
          </test-suite>
          <test-suite type="ParameterizedMethod" id="0-1009" name="BlackPawnCannotMoveOneVerticalPositionDownTheBoardIfBlackPieceThere" fullname="ChessWithTDD.Tests.BlackPawnTests.BlackPawnCannotMoveOneVerticalPositionDownTheBoardIfBlackPieceThere" classname="ChessWithTDD.Tests.BlackPawnTests" runstate="Runnable" testcasecount="2" result="Passed" start-time="2017-03-08 22:54:14Z" end-time="2017-03-08 22:54:14Z" duration="0.009086" total="2" passed="2" failed="0" warnings="0" inconclusive="0" skipped="0" asserts="2">
            <test-case id="0-1007" name="BlackPawnCannotMoveOneVerticalPositionDownTheBoardIfBlackPieceThere(5,2,4,2)" fullname="ChessWithTDD.Tests.BlackPawnTests.BlackPawnCannotMoveOneVerticalPositionDownTheBoardIfBlackPieceThere(5,2,4,2)" methodname="BlackPawnCannotMoveOneVerticalPositionDownTheBoardIfBlackPieceThere" classname="ChessWithTDD.Tests.BlackPawnTests" runstate="Runnable" seed="961620698" result="Passed" start-time="2017-03-08 22:54:14Z" end-time="2017-03-08 22:54:14Z" duration="0.001674" asserts="1" />
            <test-case id="0-1008" name="BlackPawnCannotMoveOneVerticalPositionDownTheBoardIfBlackPieceThere(3,3,2,3)" fullname="ChessWithTDD.Tests.BlackPawnTests.BlackPawnCannotMoveOneVerticalPositionDownTheBoardIfBlackPieceThere(3,3,2,3)" methodname="BlackPawnCannotMoveOneVerticalPositionDownTheBoardIfBlackPieceThere" classname="ChessWithTDD.Tests.BlackPawnTests" runstate="Runnable" seed="1275884972" result="Passed" start-time="2017-03-08 22:54:14Z" end-time="2017-03-08 22:54:14Z" duration="0.001214" asserts="1" />
          </test-suite>
          <test-suite type="ParameterizedMethod" id="0-1011" name="BlackPawnCannotMoveOneVerticalPositionDownTheBoardIfSquareOffTheBoard" fullname="ChessWithTDD.Tests.BlackPawnTests.BlackPawnCannotMoveOneVerticalPositionDownTheBoardIfSquareOffTheBoard" classname="ChessWithTDD.Tests.BlackPawnTests" runstate="Runnable" testcasecount="1" result="Passed" start-time="2017-03-08 22:54:14Z" end-time="2017-03-08 22:54:14Z" duration="0.004016" total="1" passed="1" failed="0" warnings="0" inconclusive="0" skipped="0" asserts="1">
            <test-case id="0-1010" name="BlackPawnCannotMoveOneVerticalPositionDownTheBoardIfSquareOffTheBoard(0,2,-1,2)" fullname="ChessWithTDD.Tests.BlackPawnTests.BlackPawnCannotMoveOneVerticalPositionDownTheBoardIfSquareOffTheBoard(0,2,-1,2)" methodname="BlackPawnCannotMoveOneVerticalPositionDownTheBoardIfSquareOffTheBoard" classname="ChessWithTDD.Tests.BlackPawnTests" runstate="Runnable" seed="414774001" result="Passed" start-time="2017-03-08 22:54:14Z" end-time="2017-03-08 22:54:14Z" duration="0.001126" asserts="1" />
          </test-suite>
          <test-suite type="ParameterizedMethod" id="0-1006" name="BlackPawnCannotMoveOneVerticalPositionDownTheBoardIfWhitePieceThere" fullname="ChessWithTDD.Tests.BlackPawnTests.BlackPawnCannotMoveOneVerticalPositionDownTheBoardIfWhitePieceThere" classname="ChessWithTDD.Tests.BlackPawnTests" runstate="Runnable" testcasecount="2" result="Passed" start-time="2017-03-08 22:54:14Z" end-time="2017-03-08 22:54:14Z" duration="0.008018" total="2" passed="2" failed="0" warnings="0" inconclusive="0" skipped="0" asserts="2">
            <test-case id="0-1004" name="BlackPawnCannotMoveOneVerticalPositionDownTheBoardIfWhitePieceThere(5,2,4,2)" fullname="ChessWithTDD.Tests.BlackPawnTests.BlackPawnCannotMoveOneVerticalPositionDownTheBoardIfWhitePieceThere(5,2,4,2)" methodname="BlackPawnCannotMoveOneVerticalPositionDownTheBoardIfWhitePieceThere" classname="ChessWithTDD.Tests.BlackPawnTests" runstate="Runnable" seed="1685009453" result="Passed" start-time="2017-03-08 22:54:14Z" end-time="2017-03-08 22:54:14Z" duration="0.001166" asserts="1" />
            <test-case id="0-1005" name="BlackPawnCannotMoveOneVerticalPositionDownTheBoardIfWhitePieceThere(3,3,2,3)" fullname="ChessWithTDD.Tests.BlackPawnTests.BlackPawnCannotMoveOneVerticalPositionDownTheBoardIfWhitePieceThere(3,3,2,3)" methodname="BlackPawnCannotMoveOneVerticalPositionDownTheBoardIfWhitePieceThere" classname="ChessWithTDD.Tests.BlackPawnTests" runstate="Runnable" seed="1525454148" result="Passed" start-time="2017-03-08 22:54:14Z" end-time="2017-03-08 22:54:14Z" duration="0.001056" asserts="1" />
          </test-suite>
          <test-suite type="ParameterizedMethod" id="0-1016" name="BlackPawnCannotMoveOneVerticalPositionUpTheBoard" fullname="ChessWithTDD.Tests.BlackPawnTests.BlackPawnCannotMoveOneVerticalPositionUpTheBoard" classname="ChessWithTDD.Tests.BlackPawnTests" runstate="Runnable" testcasecount="1" result="Passed" start-time="2017-03-08 22:54:14Z" end-time="2017-03-08 22:54:14Z" duration="0.004059" total="1" passed="1" failed="0" warnings="0" inconclusive="0" skipped="0" asserts="1">
            <test-case id="0-1015" name="BlackPawnCannotMoveOneVerticalPositionUpTheBoard(0,1,1,1)" fullname="ChessWithTDD.Tests.BlackPawnTests.BlackPawnCannotMoveOneVerticalPositionUpTheBoard(0,1,1,1)" methodname="BlackPawnCannotMoveOneVerticalPositionUpTheBoard" classname="ChessWithTDD.Tests.BlackPawnTests" runstate="Runnable" seed="1625397314" result="Passed" start-time="2017-03-08 22:54:14Z" end-time="2017-03-08 22:54:14Z" duration="0.001158" asserts="1" />
          </test-suite>
        </test-suite>
        <test-suite type="TestFixture" id="0-1029" name="BoardTests" fullname="ChessWithTDD.Tests.BoardTests" classname="ChessWithTDD.Tests.BoardTests" runstate="Runnable" testcasecount="33" result="Passed" start-time="2017-03-08 22:54:14Z" end-time="2017-03-08 22:54:14Z" duration="0.201467" total="33" passed="33" failed="0" warnings="0" inconclusive="0" skipped="0" asserts="71">
          <test-suite type="ParameterizedMethod" id="0-1069" name="ApplyMoveToBoardChangesBoardStateCorrectly" fullname="ChessWithTDD.Tests.BoardTests.ApplyMoveToBoardChangesBoardStateCorrectly" classname="ChessWithTDD.Tests.BoardTests" runstate="Runnable" testcasecount="3" result="Passed" start-time="2017-03-08 22:54:14Z" end-time="2017-03-08 22:54:14Z" duration="0.028462" total="3" passed="3" failed="0" warnings="0" inconclusive="0" skipped="0" asserts="9">
            <test-case id="0-1066" name="ApplyMoveToBoardChangesBoardStateCorrectly(2,4,6,7)" fullname="ChessWithTDD.Tests.BoardTests.ApplyMoveToBoardChangesBoardStateCorrectly(2,4,6,7)" methodname="ApplyMoveToBoardChangesBoardStateCorrectly" classname="ChessWithTDD.Tests.BoardTests" runstate="Runnable" seed="94259149" result="Passed" start-time="2017-03-08 22:54:14Z" end-time="2017-03-08 22:54:14Z" duration="0.016075" asserts="3" />
            <test-case id="0-1067" name="ApplyMoveToBoardChangesBoardStateCorrectly(3,3,1,1)" fullname="ChessWithTDD.Tests.BoardTests.ApplyMoveToBoardChangesBoardStateCorrectly(3,3,1,1)" methodname="ApplyMoveToBoardChangesBoardStateCorrectly" classname="ChessWithTDD.Tests.BoardTests" runstate="Runnable" seed="1182615687" result="Passed" start-time="2017-03-08 22:54:14Z" end-time="2017-03-08 22:54:14Z" duration="0.001537" asserts="3" />
            <test-case id="0-1068" name="ApplyMoveToBoardChangesBoardStateCorrectly(1,3,1,5)" fullname="ChessWithTDD.Tests.BoardTests.ApplyMoveToBoardChangesBoardStateCorrectly(1,3,1,5)" methodname="ApplyMoveToBoardChangesBoardStateCorrectly" classname="ChessWithTDD.Tests.BoardTests" runstate="Runnable" seed="504303378" result="Passed" start-time="2017-03-08 22:54:14Z" end-time="2017-03-08 22:54:14Z" duration="0.001496" asserts="3" />
          </test-suite>
          <test-case id="0-1038" name="BoardBlackBishopsSetupCorrectly" fullname="ChessWithTDD.Tests.BoardTests.BoardBlackBishopsSetupCorrectly" methodname="BoardBlackBishopsSetupCorrectly" classname="ChessWithTDD.Tests.BoardTests" runstate="Runnable" seed="290101632" result="Passed" start-time="2017-03-08 22:54:14Z" end-time="2017-03-08 22:54:14Z" duration="0.009281" asserts="3" />
          <test-case id="0-1036" name="BoardBlackKnightsSetupCorrectly" fullname="ChessWithTDD.Tests.BoardTests.BoardBlackKnightsSetupCorrectly" methodname="BoardBlackKnightsSetupCorrectly" classname="ChessWithTDD.Tests.BoardTests" runstate="Runnable" seed="1577861208" result="Passed" start-time="2017-03-08 22:54:14Z" end-time="2017-03-08 22:54:14Z" duration="0.001386" asserts="3" />
          <test-case id="0-1032" name="BoardBlackPawnRowSetupCorrectly" fullname="ChessWithTDD.Tests.BoardTests.BoardBlackPawnRowSetupCorrectly" methodname="BoardBlackPawnRowSetupCorrectly" classname="ChessWithTDD.Tests.BoardTests" runstate="Runnable" seed="378095196" result="Passed" start-time="2017-03-08 22:54:14Z" end-time="2017-03-08 22:54:14Z" duration="0.005343" asserts="9" />
          <test-case id="0-1034" name="BoardBlackRooksSetupCorrectly" fullname="ChessWithTDD.Tests.BoardTests.BoardBlackRooksSetupCorrectly" methodname="BoardBlackRooksSetupCorrectly" classname="ChessWithTDD.Tests.BoardTests" runstate="Runnable" seed="303375068" result="Passed" start-time="2017-03-08 22:54:14Z" end-time="2017-03-08 22:54:14Z" duration="0.001436" asserts="3" />
          <test-case id="0-1030" name="BoardIsInitialisedWithCorrectDimensions" fullname="ChessWithTDD.Tests.BoardTests.BoardIsInitialisedWithCorrectDimensions" methodname="BoardIsInitialisedWithCorrectDimensions" classname="ChessWithTDD.Tests.BoardTests" runstate="Runnable" seed="1334249093" result="Passed" start-time="2017-03-08 22:54:14Z" end-time="2017-03-08 22:54:14Z" duration="0.001877" asserts="1" />
          <test-case id="0-1040" name="BoardKingsSetupCorrectly" fullname="ChessWithTDD.Tests.BoardTests.BoardKingsSetupCorrectly" methodname="BoardKingsSetupCorrectly" classname="ChessWithTDD.Tests.BoardTests" runstate="Runnable" seed="1607514074" result="Passed" start-time="2017-03-08 22:54:14Z" end-time="2017-03-08 22:54:14Z" duration="0.001419" asserts="3" />
          <test-case id="0-1039" name="BoardQueensSetupCorrectly" fullname="ChessWithTDD.Tests.BoardTests.BoardQueensSetupCorrectly" methodname="BoardQueensSetupCorrectly" classname="ChessWithTDD.Tests.BoardTests" runstate="Runnable" seed="1433337875" result="Passed" start-time="2017-03-08 22:54:14Z" end-time="2017-03-08 22:54:14Z" duration="0.001494" asserts="3" />
          <test-case id="0-1037" name="BoardWhiteBishopsSetupCorrectly" fullname="ChessWithTDD.Tests.BoardTests.BoardWhiteBishopsSetupCorrectly" methodname="BoardWhiteBishopsSetupCorrectly" classname="ChessWithTDD.Tests.BoardTests" runstate="Runnable" seed="1133057863" result="Passed" start-time="2017-03-08 22:54:14Z" end-time="2017-03-08 22:54:14Z" duration="0.001106" asserts="3" />
          <test-case id="0-1035" name="BoardWhiteKnightsSetupCorrectly" fullname="ChessWithTDD.Tests.BoardTests.BoardWhiteKnightsSetupCorrectly" methodname="BoardWhiteKnightsSetupCorrectly" classname="ChessWithTDD.Tests.BoardTests" runstate="Runnable" seed="780809305" result="Passed" start-time="2017-03-08 22:54:14Z" end-time="2017-03-08 22:54:14Z" duration="0.001034" asserts="3" />
          <test-case id="0-1031" name="BoardWhitePawnRowSetupCorrectly" fullname="ChessWithTDD.Tests.BoardTests.BoardWhitePawnRowSetupCorrectly" methodname="BoardWhitePawnRowSetupCorrectly" classname="ChessWithTDD.Tests.BoardTests" runstate="Runnable" seed="956437660" result="Passed" start-time="2017-03-08 22:54:14Z" end-time="2017-03-08 22:54:14Z" duration="0.001257" asserts="9" />
          <test-case id="0-1033" name="BoardWhiteRooksSetupCorrectly" fullname="ChessWithTDD.Tests.BoardTests.BoardWhiteRooksSetupCorrectly" methodname="BoardWhiteRooksSetupCorrectly" classname="ChessWithTDD.Tests.BoardTests" runstate="Runnable" seed="1924745565" result="Passed" start-time="2017-03-08 22:54:14Z" end-time="2017-03-08 22:54:14Z" duration="0.001231" asserts="3" />
          <test-suite type="ParameterizedMethod" id="0-1056" name="MoveWhereFromSquareDoesNotContainPieceIsNotValid" fullname="ChessWithTDD.Tests.BoardTests.MoveWhereFromSquareDoesNotContainPieceIsNotValid" classname="ChessWithTDD.Tests.BoardTests" runstate="Runnable" testcasecount="2" result="Passed" start-time="2017-03-08 22:54:14Z" end-time="2017-03-08 22:54:14Z" duration="0.009996" total="2" passed="2" failed="0" warnings="0" inconclusive="0" skipped="0" asserts="2">
            <test-case id="0-1054" name="MoveWhereFromSquareDoesNotContainPieceIsNotValid(1,1,2,2)" fullname="ChessWithTDD.Tests.BoardTests.MoveWhereFromSquareDoesNotContainPieceIsNotValid(1,1,2,2)" methodname="MoveWhereFromSquareDoesNotContainPieceIsNotValid" classname="ChessWithTDD.Tests.BoardTests" runstate="Runnable" seed="1445907000" result="Passed" start-time="2017-03-08 22:54:14Z" end-time="2017-03-08 22:54:14Z" duration="0.002585" asserts="1" />
            <test-case id="0-1055" name="MoveWhereFromSquareDoesNotContainPieceIsNotValid(5,3,7,7)" fullname="ChessWithTDD.Tests.BoardTests.MoveWhereFromSquareDoesNotContainPieceIsNotValid(5,3,7,7)" methodname="MoveWhereFromSquareDoesNotContainPieceIsNotValid" classname="ChessWithTDD.Tests.BoardTests" runstate="Runnable" seed="1861174016" result="Passed" start-time="2017-03-08 22:54:14Z" end-time="2017-03-08 22:54:14Z" duration="0.001527" asserts="1" />
          </test-suite>
          <test-suite type="ParameterizedMethod" id="0-1059" name="MoveWhereFromSquareIsSameAsToSquareIsNotValid" fullname="ChessWithTDD.Tests.BoardTests.MoveWhereFromSquareIsSameAsToSquareIsNotValid" classname="ChessWithTDD.Tests.BoardTests" runstate="Runnable" testcasecount="2" result="Passed" start-time="2017-03-08 22:54:14Z" end-time="2017-03-08 22:54:14Z" duration="0.008549" total="2" passed="2" failed="0" warnings="0" inconclusive="0" skipped="0" asserts="2">
            <test-case id="0-1057" name="MoveWhereFromSquareIsSameAsToSquareIsNotValid(1,2,1,2)" fullname="ChessWithTDD.Tests.BoardTests.MoveWhereFromSquareIsSameAsToSquareIsNotValid(1,2,1,2)" methodname="MoveWhereFromSquareIsSameAsToSquareIsNotValid" classname="ChessWithTDD.Tests.BoardTests" runstate="Runnable" seed="193874200" result="Passed" start-time="2017-03-08 22:54:14Z" end-time="2017-03-08 22:54:14Z" duration="0.001457" asserts="1" />
            <test-case id="0-1058" name="MoveWhereFromSquareIsSameAsToSquareIsNotValid(5,3,5,3)" fullname="ChessWithTDD.Tests.BoardTests.MoveWhereFromSquareIsSameAsToSquareIsNotValid(5,3,5,3)" methodname="MoveWhereFromSquareIsSameAsToSquareIsNotValid" classname="ChessWithTDD.Tests.BoardTests" runstate="Runnable" seed="544882561" result="Passed" start-time="2017-03-08 22:54:14Z" end-time="2017-03-08 22:54:14Z" duration="0.001188" asserts="1" />
          </test-suite>
          <test-suite type="ParameterizedMethod" id="0-1053" name="MoveWhereFromSquareOrToSquareIsOffTheBoardIsNotValid" fullname="ChessWithTDD.Tests.BoardTests.MoveWhereFromSquareOrToSquareIsOffTheBoardIsNotValid" classname="ChessWithTDD.Tests.BoardTests" runstate="Runnable" testcasecount="8" result="Passed" start-time="2017-03-08 22:54:14Z" end-time="2017-03-08 22:54:14Z" duration="0.038029" total="8" passed="8" failed="0" warnings="0" inconclusive="0" skipped="0" asserts="8">
            <test-case id="0-1045" name="MoveWhereFromSquareOrToSquareIsOffTheBoardIsNotValid(1,1,9,5)" fullname="ChessWithTDD.Tests.BoardTests.MoveWhereFromSquareOrToSquareIsOffTheBoardIsNotValid(1,1,9,5)" methodname="MoveWhereFromSquareOrToSquareIsOffTheBoardIsNotValid" classname="ChessWithTDD.Tests.BoardTests" runstate="Runnable" seed="2076338182" result="Passed" start-time="2017-03-08 22:54:14Z" end-time="2017-03-08 22:54:14Z" duration="0.002940" asserts="1" />
            <test-case id="0-1046" name="MoveWhereFromSquareOrToSquareIsOffTheBoardIsNotValid(5,3,6,8)" fullname="ChessWithTDD.Tests.BoardTests.MoveWhereFromSquareOrToSquareIsOffTheBoardIsNotValid(5,3,6,8)" methodname="MoveWhereFromSquareOrToSquareIsOffTheBoardIsNotValid" classname="ChessWithTDD.Tests.BoardTests" runstate="Runnable" seed="783864496" result="Passed" start-time="2017-03-08 22:54:14Z" end-time="2017-03-08 22:54:14Z" duration="0.001574" asserts="1" />
            <test-case id="0-1047" name="MoveWhereFromSquareOrToSquareIsOffTheBoardIsNotValid(7,8,2,2)" fullname="ChessWithTDD.Tests.BoardTests.MoveWhereFromSquareOrToSquareIsOffTheBoardIsNotValid(7,8,2,2)" methodname="MoveWhereFromSquareOrToSquareIsOffTheBoardIsNotValid" classname="ChessWithTDD.Tests.BoardTests" runstate="Runnable" seed="1813296081" result="Passed" start-time="2017-03-08 22:54:14Z" end-time="2017-03-08 22:54:14Z" duration="0.001585" asserts="1" />
            <test-case id="0-1048" name="MoveWhereFromSquareOrToSquareIsOffTheBoardIsNotValid(9,1,2,2)" fullname="ChessWithTDD.Tests.BoardTests.MoveWhereFromSquareOrToSquareIsOffTheBoardIsNotValid(9,1,2,2)" methodname="MoveWhereFromSquareOrToSquareIsOffTheBoardIsNotValid" classname="ChessWithTDD.Tests.BoardTests" runstate="Runnable" seed="2100473011" result="Passed" start-time="2017-03-08 22:54:14Z" end-time="2017-03-08 22:54:14Z" duration="0.001489" asserts="1" />
            <test-case id="0-1049" name="MoveWhereFromSquareOrToSquareIsOffTheBoardIsNotValid(1,1,-1,5)" fullname="ChessWithTDD.Tests.BoardTests.MoveWhereFromSquareOrToSquareIsOffTheBoardIsNotValid(1,1,-1,5)" methodname="MoveWhereFromSquareOrToSquareIsOffTheBoardIsNotValid" classname="ChessWithTDD.Tests.BoardTests" runstate="Runnable" seed="1243806310" result="Passed" start-time="2017-03-08 22:54:14Z" end-time="2017-03-08 22:54:14Z" duration="0.002198" asserts="1" />
            <test-case id="0-1050" name="MoveWhereFromSquareOrToSquareIsOffTheBoardIsNotValid(5,3,6,-1)" fullname="ChessWithTDD.Tests.BoardTests.MoveWhereFromSquareOrToSquareIsOffTheBoardIsNotValid(5,3,6,-1)" methodname="MoveWhereFromSquareOrToSquareIsOffTheBoardIsNotValid" classname="ChessWithTDD.Tests.BoardTests" runstate="Runnable" seed="856339984" result="Passed" start-time="2017-03-08 22:54:14Z" end-time="2017-03-08 22:54:14Z" duration="0.001754" asserts="1" />
            <test-case id="0-1051" name="MoveWhereFromSquareOrToSquareIsOffTheBoardIsNotValid(7,-1,2,2)" fullname="ChessWithTDD.Tests.BoardTests.MoveWhereFromSquareOrToSquareIsOffTheBoardIsNotValid(7,-1,2,2)" methodname="MoveWhereFromSquareOrToSquareIsOffTheBoardIsNotValid" classname="ChessWithTDD.Tests.BoardTests" runstate="Runnable" seed="1780105815" result="Passed" start-time="2017-03-08 22:54:14Z" end-time="2017-03-08 22:54:14Z" duration="0.001543" asserts="1" />
            <test-case id="0-1052" name="MoveWhereFromSquareOrToSquareIsOffTheBoardIsNotValid(-1,1,2,2)" fullname="ChessWithTDD.Tests.BoardTests.MoveWhereFromSquareOrToSquareIsOffTheBoardIsNotValid(-1,1,2,2)" methodname="MoveWhereFromSquareOrToSquareIsOffTheBoardIsNotValid" classname="ChessWithTDD.Tests.BoardTests" runstate="Runnable" seed="1491449945" result="Passed" start-time="2017-03-08 22:54:14Z" end-time="2017-03-08 22:54:14Z" duration="0.001712" asserts="1" />
          </test-suite>
          <test-suite type="ParameterizedMethod" id="0-1044" name="MoveWhereFromSquarePieceDoesNotHaveAValidColourIsNotValid" fullname="ChessWithTDD.Tests.BoardTests.MoveWhereFromSquarePieceDoesNotHaveAValidColourIsNotValid" classname="ChessWithTDD.Tests.BoardTests" runstate="Runnable" testcasecount="2" result="Passed" start-time="2017-03-08 22:54:14Z" end-time="2017-03-08 22:54:14Z" duration="0.009995" total="2" passed="2" failed="0" warnings="0" inconclusive="0" skipped="0" asserts="2">
            <test-case id="0-1042" name="MoveWhereFromSquarePieceDoesNotHaveAValidColourIsNotValid(1,1,2,2)" fullname="ChessWithTDD.Tests.BoardTests.MoveWhereFromSquarePieceDoesNotHaveAValidColourIsNotValid(1,1,2,2)" methodname="MoveWhereFromSquarePieceDoesNotHaveAValidColourIsNotValid" classname="ChessWithTDD.Tests.BoardTests" runstate="Runnable" seed="1524107968" result="Passed" start-time="2017-03-08 22:54:14Z" end-time="2017-03-08 22:54:14Z" duration="0.002011" asserts="1" />
            <test-case id="0-1043" name="MoveWhereFromSquarePieceDoesNotHaveAValidColourIsNotValid(5,3,7,7)" fullname="ChessWithTDD.Tests.BoardTests.MoveWhereFromSquarePieceDoesNotHaveAValidColourIsNotValid(5,3,7,7)" methodname="MoveWhereFromSquarePieceDoesNotHaveAValidColourIsNotValid" classname="ChessWithTDD.Tests.BoardTests" runstate="Runnable" seed="44436048" result="Passed" start-time="2017-03-08 22:54:14Z" end-time="2017-03-08 22:54:14Z" duration="0.001620" asserts="1" />
          </test-suite>
          <test-suite type="ParameterizedMethod" id="0-1062" name="MoveWherePieceInFromSquareCanMoveIsValid" fullname="ChessWithTDD.Tests.BoardTests.MoveWherePieceInFromSquareCanMoveIsValid" classname="ChessWithTDD.Tests.BoardTests" runstate="Runnable" testcasecount="2" result="Passed" start-time="2017-03-08 22:54:14Z" end-time="2017-03-08 22:54:14Z" duration="0.010522" total="2" passed="2" failed="0" warnings="0" inconclusive="0" skipped="0" asserts="2">
            <test-case id="0-1060" name="MoveWherePieceInFromSquareCanMoveIsValid(1,1,2,2)" fullname="ChessWithTDD.Tests.BoardTests.MoveWherePieceInFromSquareCanMoveIsValid(1,1,2,2)" methodname="MoveWherePieceInFromSquareCanMoveIsValid" classname="ChessWithTDD.Tests.BoardTests" runstate="Runnable" seed="371870576" result="Passed" start-time="2017-03-08 22:54:14Z" end-time="2017-03-08 22:54:14Z" duration="0.003106" asserts="1" />
            <test-case id="0-1061" name="MoveWherePieceInFromSquareCanMoveIsValid(5,3,7,7)" fullname="ChessWithTDD.Tests.BoardTests.MoveWherePieceInFromSquareCanMoveIsValid(5,3,7,7)" methodname="MoveWherePieceInFromSquareCanMoveIsValid" classname="ChessWithTDD.Tests.BoardTests" runstate="Runnable" seed="1036084052" result="Passed" start-time="2017-03-08 22:54:14Z" end-time="2017-03-08 22:54:14Z" duration="0.001589" asserts="1" />
          </test-suite>
          <test-suite type="ParameterizedMethod" id="0-1065" name="MoveWherePieceInFromSquareCannotMoveIsNotValid" fullname="ChessWithTDD.Tests.BoardTests.MoveWherePieceInFromSquareCannotMoveIsNotValid" classname="ChessWithTDD.Tests.BoardTests" runstate="Runnable" testcasecount="2" result="Passed" start-time="2017-03-08 22:54:14Z" end-time="2017-03-08 22:54:14Z" duration="0.010031" total="2" passed="2" failed="0" warnings="0" inconclusive="0" skipped="0" asserts="2">
            <test-case id="0-1063" name="MoveWherePieceInFromSquareCannotMoveIsNotValid(1,2,1,2)" fullname="ChessWithTDD.Tests.BoardTests.MoveWherePieceInFromSquareCannotMoveIsNotValid(1,2,1,2)" methodname="MoveWherePieceInFromSquareCannotMoveIsNotValid" classname="ChessWithTDD.Tests.BoardTests" runstate="Runnable" seed="1619906308" result="Passed" start-time="2017-03-08 22:54:14Z" end-time="2017-03-08 22:54:14Z" duration="0.002589" asserts="1" />
            <test-case id="0-1064" name="MoveWherePieceInFromSquareCannotMoveIsNotValid(5,3,5,3)" fullname="ChessWithTDD.Tests.BoardTests.MoveWherePieceInFromSquareCannotMoveIsNotValid(5,3,5,3)" methodname="MoveWherePieceInFromSquareCannotMoveIsNotValid" classname="ChessWithTDD.Tests.BoardTests" runstate="Runnable" seed="1145327747" result="Passed" start-time="2017-03-08 22:54:14Z" end-time="2017-03-08 22:54:14Z" duration="0.001890" asserts="1" />
          </test-suite>
          <test-case id="0-1041" name="SquareAtPositionFiveSixOnBoardHasRowFiveAndColSix" fullname="ChessWithTDD.Tests.BoardTests.SquareAtPositionFiveSixOnBoardHasRowFiveAndColSix" methodname="SquareAtPositionFiveSixOnBoardHasRowFiveAndColSix" classname="ChessWithTDD.Tests.BoardTests" runstate="Runnable" seed="432220567" result="Passed" start-time="2017-03-08 22:54:14Z" end-time="2017-03-08 22:54:14Z" duration="0.000953" asserts="1" />
        </test-suite>
        <test-suite type="TestFixture" id="0-1079" name="MoveTests" fullname="ChessWithTDD.Tests.MoveTests" classname="ChessWithTDD.Tests.MoveTests" runstate="Runnable" testcasecount="1" result="Passed" start-time="2017-03-08 22:54:14Z" end-time="2017-03-08 22:54:14Z" duration="0.009478" total="1" passed="1" failed="0" warnings="0" inconclusive="0" skipped="0" asserts="1">
          <test-suite type="ParameterizedMethod" id="0-1081" name="MoveIntialisesWithFromSquareAndToSquareCorrectly" fullname="ChessWithTDD.Tests.MoveTests.MoveIntialisesWithFromSquareAndToSquareCorrectly" classname="ChessWithTDD.Tests.MoveTests" runstate="Runnable" testcasecount="1" result="Passed" start-time="2017-03-08 22:54:14Z" end-time="2017-03-08 22:54:14Z" duration="0.006041" total="1" passed="1" failed="0" warnings="0" inconclusive="0" skipped="0" asserts="1">
            <test-case id="0-1080" name="MoveIntialisesWithFromSquareAndToSquareCorrectly(1,2,3,4)" fullname="ChessWithTDD.Tests.MoveTests.MoveIntialisesWithFromSquareAndToSquareCorrectly(1,2,3,4)" methodname="MoveIntialisesWithFromSquareAndToSquareCorrectly" classname="ChessWithTDD.Tests.MoveTests" runstate="Runnable" seed="147280289" result="Passed" start-time="2017-03-08 22:54:14Z" end-time="2017-03-08 22:54:14Z" duration="0.002803" asserts="1" />
          </test-suite>
        </test-suite>
        <test-suite type="TestFixture" id="0-1070" name="PieceTests" fullname="ChessWithTDD.Tests.PieceTests" classname="ChessWithTDD.Tests.PieceTests" runstate="Runnable" testcasecount="6" result="Passed" start-time="2017-03-08 22:54:14Z" end-time="2017-03-08 22:54:14Z" duration="0.031016" total="6" passed="6" failed="0" warnings="0" inconclusive="0" skipped="0" asserts="6">
          <test-case id="0-1071" name="NewPieceAlwaysHasInvalidColour" fullname="ChessWithTDD.Tests.PieceTests.NewPieceAlwaysHasInvalidColour" methodname="NewPieceAlwaysHasInvalidColour" classname="ChessWithTDD.Tests.PieceTests" runstate="Runnable" seed="1140089262" result="Passed" start-time="2017-03-08 22:54:14Z" end-time="2017-03-08 22:54:14Z" duration="0.000582" asserts="1" />
          <test-suite type="ParameterizedMethod" id="0-1073" name="PieceCannotMoveIfToSquareContainsAPieceOfSameColour" fullname="ChessWithTDD.Tests.PieceTests.PieceCannotMoveIfToSquareContainsAPieceOfSameColour" classname="ChessWithTDD.Tests.PieceTests" runstate="Runnable" testcasecount="1" result="Passed" start-time="2017-03-08 22:54:14Z" end-time="2017-03-08 22:54:14Z" duration="0.004068" total="1" passed="1" failed="0" warnings="0" inconclusive="0" skipped="0" asserts="1">
            <test-case id="0-1072" name="PieceCannotMoveIfToSquareContainsAPieceOfSameColour(1,2,3,4)" fullname="ChessWithTDD.Tests.PieceTests.PieceCannotMoveIfToSquareContainsAPieceOfSameColour(1,2,3,4)" methodname="PieceCannotMoveIfToSquareContainsAPieceOfSameColour" classname="ChessWithTDD.Tests.PieceTests" runstate="Runnable" seed="1073998790" result="Passed" start-time="2017-03-08 22:54:14Z" end-time="2017-03-08 22:54:14Z" duration="0.001298" asserts="1" />
          </test-suite>
          <test-suite type="ParameterizedMethod" id="0-1078" name="PieceCannotMoveIfToSquareIsOffTheBoard" fullname="ChessWithTDD.Tests.PieceTests.PieceCannotMoveIfToSquareIsOffTheBoard" classname="ChessWithTDD.Tests.PieceTests" runstate="Runnable" testcasecount="4" result="Passed" start-time="2017-03-08 22:54:14Z" end-time="2017-03-08 22:54:14Z" duration="0.016511" total="4" passed="4" failed="0" warnings="0" inconclusive="0" skipped="0" asserts="4">
            <test-case id="0-1074" name="PieceCannotMoveIfToSquareIsOffTheBoard(6,7,6,8)" fullname="ChessWithTDD.Tests.PieceTests.PieceCannotMoveIfToSquareIsOffTheBoard(6,7,6,8)" methodname="PieceCannotMoveIfToSquareIsOffTheBoard" classname="ChessWithTDD.Tests.PieceTests" runstate="Runnable" seed="960248520" result="Passed" start-time="2017-03-08 22:54:14Z" end-time="2017-03-08 22:54:14Z" duration="0.001349" asserts="1" />
            <test-case id="0-1075" name="PieceCannotMoveIfToSquareIsOffTheBoard(6,7,8,7)" fullname="ChessWithTDD.Tests.PieceTests.PieceCannotMoveIfToSquareIsOffTheBoard(6,7,8,7)" methodname="PieceCannotMoveIfToSquareIsOffTheBoard" classname="ChessWithTDD.Tests.PieceTests" runstate="Runnable" seed="993883027" result="Passed" start-time="2017-03-08 22:54:14Z" end-time="2017-03-08 22:54:14Z" duration="0.001125" asserts="1" />
            <test-case id="0-1076" name="PieceCannotMoveIfToSquareIsOffTheBoard(6,7,-1,0)" fullname="ChessWithTDD.Tests.PieceTests.PieceCannotMoveIfToSquareIsOffTheBoard(6,7,-1,0)" methodname="PieceCannotMoveIfToSquareIsOffTheBoard" classname="ChessWithTDD.Tests.PieceTests" runstate="Runnable" seed="1872587162" result="Passed" start-time="2017-03-08 22:54:14Z" end-time="2017-03-08 22:54:14Z" duration="0.000952" asserts="1" />
            <test-case id="0-1077" name="PieceCannotMoveIfToSquareIsOffTheBoard(6,7,0,-1)" fullname="ChessWithTDD.Tests.PieceTests.PieceCannotMoveIfToSquareIsOffTheBoard(6,7,0,-1)" methodname="PieceCannotMoveIfToSquareIsOffTheBoard" classname="ChessWithTDD.Tests.PieceTests" runstate="Runnable" seed="548852708" result="Passed" start-time="2017-03-08 22:54:14Z" end-time="2017-03-08 22:54:14Z" duration="0.000832" asserts="1" />
          </test-suite>
        </test-suite>
        <test-suite type="TestFixture" id="0-1082" name="SquareTests" fullname="ChessWithTDD.Tests.SquareTests" classname="ChessWithTDD.Tests.SquareTests" runstate="Runnable" testcasecount="3" result="Passed" start-time="2017-03-08 22:54:14Z" end-time="2017-03-08 22:54:14Z" duration="0.009572" total="3" passed="3" failed="0" warnings="0" inconclusive="0" skipped="0" asserts="3">
          <test-case id="0-1084" name="SquareContainsPieceAfterCallingAddPiece" fullname="ChessWithTDD.Tests.SquareTests.SquareContainsPieceAfterCallingAddPiece" methodname="SquareContainsPieceAfterCallingAddPiece" classname="ChessWithTDD.Tests.SquareTests" runstate="Runnable" seed="2002487802" result="Passed" start-time="2017-03-08 22:54:14Z" end-time="2017-03-08 22:54:14Z" duration="0.000356" asserts="1" />
          <test-case id="0-1083" name="SquareInitialisedHasNoPieceInIt" fullname="ChessWithTDD.Tests.SquareTests.SquareInitialisedHasNoPieceInIt" methodname="SquareInitialisedHasNoPieceInIt" classname="ChessWithTDD.Tests.SquareTests" runstate="Runnable" seed="270775696" result="Passed" start-time="2017-03-08 22:54:14Z" end-time="2017-03-08 22:54:14Z" duration="0.000296" asserts="1" />
          <test-case id="0-1085" name="SquaresAreEqualWhenTheyHaveSamePosition" fullname="ChessWithTDD.Tests.SquareTests.SquaresAreEqualWhenTheyHaveSamePosition" methodname="SquaresAreEqualWhenTheyHaveSamePosition" classname="ChessWithTDD.Tests.SquareTests" runstate="Runnable" seed="1010449761" result="Passed" start-time="2017-03-08 22:54:14Z" end-time="2017-03-08 22:54:14Z" duration="0.000674" asserts="1" />
        </test-suite>
        <test-suite type="TestSuite" id="0-1148" name="Tests" fullname="ChessWithTDD.Tests.Tests" runstate="Runnable" testcasecount="24" result="Passed" start-time="2017-03-08 22:54:13Z" end-time="2017-03-08 22:54:14Z" duration="0.728783" total="24" passed="24" failed="0" warnings="0" inconclusive="0" skipped="0" asserts="24">
          <test-suite type="TestFixture" id="0-1115" name="KnightTests" fullname="ChessWithTDD.Tests.Tests.KnightTests" classname="ChessWithTDD.Tests.Tests.KnightTests" runstate="Runnable" testcasecount="24" result="Passed" start-time="2017-03-08 22:54:14Z" end-time="2017-03-08 22:54:14Z" duration="0.111297" total="24" passed="24" failed="0" warnings="0" inconclusive="0" skipped="0" asserts="24">
            <test-suite type="ParameterizedMethod" id="0-1125" name="KnightCanMoveOneHorizontalAndTwoVerticalPositions" fullname="ChessWithTDD.Tests.Tests.KnightTests.KnightCanMoveOneHorizontalAndTwoVerticalPositions" classname="ChessWithTDD.Tests.Tests.KnightTests" runstate="Runnable" testcasecount="4" result="Passed" start-time="2017-03-08 22:54:14Z" end-time="2017-03-08 22:54:14Z" duration="0.016514" total="4" passed="4" failed="0" warnings="0" inconclusive="0" skipped="0" asserts="4">
              <test-case id="0-1121" name="KnightCanMoveOneHorizontalAndTwoVerticalPositions(1,2,3,3)" fullname="ChessWithTDD.Tests.Tests.KnightTests.KnightCanMoveOneHorizontalAndTwoVerticalPositions(1,2,3,3)" methodname="KnightCanMoveOneHorizontalAndTwoVerticalPositions" classname="ChessWithTDD.Tests.Tests.KnightTests" runstate="Runnable" seed="76397043" result="Passed" start-time="2017-03-08 22:54:14Z" end-time="2017-03-08 22:54:14Z" duration="0.001943" asserts="1" />
              <test-case id="0-1122" name="KnightCanMoveOneHorizontalAndTwoVerticalPositions(1,2,3,1)" fullname="ChessWithTDD.Tests.Tests.KnightTests.KnightCanMoveOneHorizontalAndTwoVerticalPositions(1,2,3,1)" methodname="KnightCanMoveOneHorizontalAndTwoVerticalPositions" classname="ChessWithTDD.Tests.Tests.KnightTests" runstate="Runnable" seed="988905259" result="Passed" start-time="2017-03-08 22:54:14Z" end-time="2017-03-08 22:54:14Z" duration="0.000955" asserts="1" />
              <test-case id="0-1123" name="KnightCanMoveOneHorizontalAndTwoVerticalPositions(2,3,0,4)" fullname="ChessWithTDD.Tests.Tests.KnightTests.KnightCanMoveOneHorizontalAndTwoVerticalPositions(2,3,0,4)" methodname="KnightCanMoveOneHorizontalAndTwoVerticalPositions" classname="ChessWithTDD.Tests.Tests.KnightTests" runstate="Runnable" seed="1932518914" result="Passed" start-time="2017-03-08 22:54:14Z" end-time="2017-03-08 22:54:14Z" duration="0.000827" asserts="1" />
              <test-case id="0-1124" name="KnightCanMoveOneHorizontalAndTwoVerticalPositions(2,3,0,2)" fullname="ChessWithTDD.Tests.Tests.KnightTests.KnightCanMoveOneHorizontalAndTwoVerticalPositions(2,3,0,2)" methodname="KnightCanMoveOneHorizontalAndTwoVerticalPositions" classname="ChessWithTDD.Tests.Tests.KnightTests" runstate="Runnable" seed="540455672" result="Passed" start-time="2017-03-08 22:54:14Z" end-time="2017-03-08 22:54:14Z" duration="0.000909" asserts="1" />
            </test-suite>
            <test-suite type="ParameterizedMethod" id="0-1120" name="KnightCanMoveOneVerticalAndTwoHorizontalPositions" fullname="ChessWithTDD.Tests.Tests.KnightTests.KnightCanMoveOneVerticalAndTwoHorizontalPositions" classname="ChessWithTDD.Tests.Tests.KnightTests" runstate="Runnable" testcasecount="4" result="Passed" start-time="2017-03-08 22:54:14Z" end-time="2017-03-08 22:54:14Z" duration="0.016300" total="4" passed="4" failed="0" warnings="0" inconclusive="0" skipped="0" asserts="4">
              <test-case id="0-1116" name="KnightCanMoveOneVerticalAndTwoHorizontalPositions(1,2,2,4)" fullname="ChessWithTDD.Tests.Tests.KnightTests.KnightCanMoveOneVerticalAndTwoHorizontalPositions(1,2,2,4)" methodname="KnightCanMoveOneVerticalAndTwoHorizontalPositions" classname="ChessWithTDD.Tests.Tests.KnightTests" runstate="Runnable" seed="16125925" result="Passed" start-time="2017-03-08 22:54:14Z" end-time="2017-03-08 22:54:14Z" duration="0.002178" asserts="1" />
              <test-case id="0-1117" name="KnightCanMoveOneVerticalAndTwoHorizontalPositions(1,2,0,4)" fullname="ChessWithTDD.Tests.Tests.KnightTests.KnightCanMoveOneVerticalAndTwoHorizontalPositions(1,2,0,4)" methodname="KnightCanMoveOneVerticalAndTwoHorizontalPositions" classname="ChessWithTDD.Tests.Tests.KnightTests" runstate="Runnable" seed="1291360967" result="Passed" start-time="2017-03-08 22:54:14Z" end-time="2017-03-08 22:54:14Z" duration="0.000964" asserts="1" />
              <test-case id="0-1118" name="KnightCanMoveOneVerticalAndTwoHorizontalPositions(2,3,3,1)" fullname="ChessWithTDD.Tests.Tests.KnightTests.KnightCanMoveOneVerticalAndTwoHorizontalPositions(2,3,3,1)" methodname="KnightCanMoveOneVerticalAndTwoHorizontalPositions" classname="ChessWithTDD.Tests.Tests.KnightTests" runstate="Runnable" seed="1537360050" result="Passed" start-time="2017-03-08 22:54:14Z" end-time="2017-03-08 22:54:14Z" duration="0.000916" asserts="1" />
              <test-case id="0-1119" name="KnightCanMoveOneVerticalAndTwoHorizontalPositions(2,3,1,1)" fullname="ChessWithTDD.Tests.Tests.KnightTests.KnightCanMoveOneVerticalAndTwoHorizontalPositions(2,3,1,1)" methodname="KnightCanMoveOneVerticalAndTwoHorizontalPositions" classname="ChessWithTDD.Tests.Tests.KnightTests" runstate="Runnable" seed="778098988" result="Passed" start-time="2017-03-08 22:54:14Z" end-time="2017-03-08 22:54:14Z" duration="0.000832" asserts="1" />
            </test-suite>
            <test-suite type="ParameterizedMethod" id="0-1139" name="KnightCannotMoveIfLShapedAndToSquareContainsPieceOfSameColour" fullname="ChessWithTDD.Tests.Tests.KnightTests.KnightCannotMoveIfLShapedAndToSquareContainsPieceOfSameColour" classname="ChessWithTDD.Tests.Tests.KnightTests" runstate="Runnable" testcasecount="4" result="Passed" start-time="2017-03-08 22:54:14Z" end-time="2017-03-08 22:54:14Z" duration="0.015454" total="4" passed="4" failed="0" warnings="0" inconclusive="0" skipped="0" asserts="4">
              <test-case id="0-1135" name="KnightCannotMoveIfLShapedAndToSquareContainsPieceOfSameColour(1,2,3,1)" fullname="ChessWithTDD.Tests.Tests.KnightTests.KnightCannotMoveIfLShapedAndToSquareContainsPieceOfSameColour(1,2,3,1)" methodname="KnightCannotMoveIfLShapedAndToSquareContainsPieceOfSameColour" classname="ChessWithTDD.Tests.Tests.KnightTests" runstate="Runnable" seed="618610130" result="Passed" start-time="2017-03-08 22:54:14Z" end-time="2017-03-08 22:54:14Z" duration="0.001299" asserts="1" />
              <test-case id="0-1136" name="KnightCannotMoveIfLShapedAndToSquareContainsPieceOfSameColour(2,3,0,4)" fullname="ChessWithTDD.Tests.Tests.KnightTests.KnightCannotMoveIfLShapedAndToSquareContainsPieceOfSameColour(2,3,0,4)" methodname="KnightCannotMoveIfLShapedAndToSquareContainsPieceOfSameColour" classname="ChessWithTDD.Tests.Tests.KnightTests" runstate="Runnable" seed="1446990304" result="Passed" start-time="2017-03-08 22:54:14Z" end-time="2017-03-08 22:54:14Z" duration="0.000956" asserts="1" />
              <test-case id="0-1137" name="KnightCannotMoveIfLShapedAndToSquareContainsPieceOfSameColour(1,2,0,4)" fullname="ChessWithTDD.Tests.Tests.KnightTests.KnightCannotMoveIfLShapedAndToSquareContainsPieceOfSameColour(1,2,0,4)" methodname="KnightCannotMoveIfLShapedAndToSquareContainsPieceOfSameColour" classname="ChessWithTDD.Tests.Tests.KnightTests" runstate="Runnable" seed="384861274" result="Passed" start-time="2017-03-08 22:54:14Z" end-time="2017-03-08 22:54:14Z" duration="0.000879" asserts="1" />
              <test-case id="0-1138" name="KnightCannotMoveIfLShapedAndToSquareContainsPieceOfSameColour(2,3,3,1)" fullname="ChessWithTDD.Tests.Tests.KnightTests.KnightCannotMoveIfLShapedAndToSquareContainsPieceOfSameColour(2,3,3,1)" methodname="KnightCannotMoveIfLShapedAndToSquareContainsPieceOfSameColour" classname="ChessWithTDD.Tests.Tests.KnightTests" runstate="Runnable" seed="56599083" result="Passed" start-time="2017-03-08 22:54:14Z" end-time="2017-03-08 22:54:14Z" duration="0.000943" asserts="1" />
            </test-suite>
            <test-suite type="ParameterizedMethod" id="0-1144" name="KnightCannotMoveIfLShapedAndToSquareOffTheBoard" fullname="ChessWithTDD.Tests.Tests.KnightTests.KnightCannotMoveIfLShapedAndToSquareOffTheBoard" classname="ChessWithTDD.Tests.Tests.KnightTests" runstate="Runnable" testcasecount="4" result="Passed" start-time="2017-03-08 22:54:14Z" end-time="2017-03-08 22:54:14Z" duration="0.015941" total="4" passed="4" failed="0" warnings="0" inconclusive="0" skipped="0" asserts="4">
              <test-case id="0-1140" name="KnightCannotMoveIfLShapedAndToSquareOffTheBoard(1,2,-1,1)" fullname="ChessWithTDD.Tests.Tests.KnightTests.KnightCannotMoveIfLShapedAndToSquareOffTheBoard(1,2,-1,1)" methodname="KnightCannotMoveIfLShapedAndToSquareOffTheBoard" classname="ChessWithTDD.Tests.Tests.KnightTests" runstate="Runnable" seed="56177866" result="Passed" start-time="2017-03-08 22:54:14Z" end-time="2017-03-08 22:54:14Z" duration="0.001280" asserts="1" />
              <test-case id="0-1141" name="KnightCannotMoveIfLShapedAndToSquareOffTheBoard(2,7,0,8)" fullname="ChessWithTDD.Tests.Tests.KnightTests.KnightCannotMoveIfLShapedAndToSquareOffTheBoard(2,7,0,8)" methodname="KnightCannotMoveIfLShapedAndToSquareOffTheBoard" classname="ChessWithTDD.Tests.Tests.KnightTests" runstate="Runnable" seed="1548637603" result="Passed" start-time="2017-03-08 22:54:14Z" end-time="2017-03-08 22:54:14Z" duration="0.000798" asserts="1" />
              <test-case id="0-1142" name="KnightCannotMoveIfLShapedAndToSquareOffTheBoard(0,2,-1,0)" fullname="ChessWithTDD.Tests.Tests.KnightTests.KnightCannotMoveIfLShapedAndToSquareOffTheBoard(0,2,-1,0)" methodname="KnightCannotMoveIfLShapedAndToSquareOffTheBoard" classname="ChessWithTDD.Tests.Tests.KnightTests" runstate="Runnable" seed="2142367702" result="Passed" start-time="2017-03-08 22:54:14Z" end-time="2017-03-08 22:54:14Z" duration="0.000860" asserts="1" />
              <test-case id="0-1143" name="KnightCannotMoveIfLShapedAndToSquareOffTheBoard(2,6,3,8)" fullname="ChessWithTDD.Tests.Tests.KnightTests.KnightCannotMoveIfLShapedAndToSquareOffTheBoard(2,6,3,8)" methodname="KnightCannotMoveIfLShapedAndToSquareOffTheBoard" classname="ChessWithTDD.Tests.Tests.KnightTests" runstate="Runnable" seed="556763335" result="Passed" start-time="2017-03-08 22:54:14Z" end-time="2017-03-08 22:54:14Z" duration="0.000817" asserts="1" />
            </test-suite>
            <test-suite type="ParameterizedMethod" id="0-1134" name="KnightCannotMoveIfNotLShaped" fullname="ChessWithTDD.Tests.Tests.KnightTests.KnightCannotMoveIfNotLShaped" classname="ChessWithTDD.Tests.Tests.KnightTests" runstate="Runnable" testcasecount="8" result="Passed" start-time="2017-03-08 22:54:14Z" end-time="2017-03-08 22:54:14Z" duration="0.031536" total="8" passed="8" failed="0" warnings="0" inconclusive="0" skipped="0" asserts="8">
              <test-case id="0-1126" name="KnightCannotMoveIfNotLShaped(1,1,2,2)" fullname="ChessWithTDD.Tests.Tests.KnightTests.KnightCannotMoveIfNotLShaped(1,1,2,2)" methodname="KnightCannotMoveIfNotLShaped" classname="ChessWithTDD.Tests.Tests.KnightTests" runstate="Runnable" seed="802770140" result="Passed" start-time="2017-03-08 22:54:14Z" end-time="2017-03-08 22:54:14Z" duration="0.001102" asserts="1" />
              <test-case id="0-1127" name="KnightCannotMoveIfNotLShaped(1,1,3,3)" fullname="ChessWithTDD.Tests.Tests.KnightTests.KnightCannotMoveIfNotLShaped(1,1,3,3)" methodname="KnightCannotMoveIfNotLShaped" classname="ChessWithTDD.Tests.Tests.KnightTests" runstate="Runnable" seed="1591563500" result="Passed" start-time="2017-03-08 22:54:14Z" end-time="2017-03-08 22:54:14Z" duration="0.000856" asserts="1" />
              <test-case id="0-1128" name="KnightCannotMoveIfNotLShaped(1,1,4,4)" fullname="ChessWithTDD.Tests.Tests.KnightTests.KnightCannotMoveIfNotLShaped(1,1,4,4)" methodname="KnightCannotMoveIfNotLShaped" classname="ChessWithTDD.Tests.Tests.KnightTests" runstate="Runnable" seed="1807005929" result="Passed" start-time="2017-03-08 22:54:14Z" end-time="2017-03-08 22:54:14Z" duration="0.000736" asserts="1" />
              <test-case id="0-1129" name="KnightCannotMoveIfNotLShaped(4,4,0,0)" fullname="ChessWithTDD.Tests.Tests.KnightTests.KnightCannotMoveIfNotLShaped(4,4,0,0)" methodname="KnightCannotMoveIfNotLShaped" classname="ChessWithTDD.Tests.Tests.KnightTests" runstate="Runnable" seed="1873199336" result="Passed" start-time="2017-03-08 22:54:14Z" end-time="2017-03-08 22:54:14Z" duration="0.000746" asserts="1" />
              <test-case id="0-1130" name="KnightCannotMoveIfNotLShaped(1,2,3,4)" fullname="ChessWithTDD.Tests.Tests.KnightTests.KnightCannotMoveIfNotLShaped(1,2,3,4)" methodname="KnightCannotMoveIfNotLShaped" classname="ChessWithTDD.Tests.Tests.KnightTests" runstate="Runnable" seed="1955392472" result="Passed" start-time="2017-03-08 22:54:14Z" end-time="2017-03-08 22:54:14Z" duration="0.000807" asserts="1" />
              <test-case id="0-1131" name="KnightCannotMoveIfNotLShaped(1,2,6,7)" fullname="ChessWithTDD.Tests.Tests.KnightTests.KnightCannotMoveIfNotLShaped(1,2,6,7)" methodname="KnightCannotMoveIfNotLShaped" classname="ChessWithTDD.Tests.Tests.KnightTests" runstate="Runnable" seed="2137897676" result="Passed" start-time="2017-03-08 22:54:14Z" end-time="2017-03-08 22:54:14Z" duration="0.000757" asserts="1" />
              <test-case id="0-1132" name="KnightCannotMoveIfNotLShaped(4,8,2,6)" fullname="ChessWithTDD.Tests.Tests.KnightTests.KnightCannotMoveIfNotLShaped(4,8,2,6)" methodname="KnightCannotMoveIfNotLShaped" classname="ChessWithTDD.Tests.Tests.KnightTests" runstate="Runnable" seed="1374978335" result="Passed" start-time="2017-03-08 22:54:14Z" end-time="2017-03-08 22:54:14Z" duration="0.000805" asserts="1" />
              <test-case id="0-1133" name="KnightCannotMoveIfNotLShaped(5,1,3,4)" fullname="ChessWithTDD.Tests.Tests.KnightTests.KnightCannotMoveIfNotLShaped(5,1,3,4)" methodname="KnightCannotMoveIfNotLShaped" classname="ChessWithTDD.Tests.Tests.KnightTests" runstate="Runnable" seed="504970154" result="Passed" start-time="2017-03-08 22:54:14Z" end-time="2017-03-08 22:54:14Z" duration="0.001158" asserts="1" />
            </test-suite>
          </test-suite>
        </test-suite>
        <test-suite type="TestFixture" id="0-1086" name="WhitePawnTests" fullname="ChessWithTDD.Tests.WhitePawnTests" classname="ChessWithTDD.Tests.WhitePawnTests" runstate="Runnable" testcasecount="18" result="Passed" start-time="2017-03-08 22:54:14Z" end-time="2017-03-08 22:54:14Z" duration="0.104309" total="18" passed="18" failed="0" warnings="0" inconclusive="0" skipped="0" asserts="18">
          <test-suite type="ParameterizedMethod" id="0-1108" name="WhitePawnCanMoveDiagonallyUpTheBoardIfBlackPieceThere" fullname="ChessWithTDD.Tests.WhitePawnTests.WhitePawnCanMoveDiagonallyUpTheBoardIfBlackPieceThere" classname="ChessWithTDD.Tests.WhitePawnTests" runstate="Runnable" testcasecount="2" result="Passed" start-time="2017-03-08 22:54:14Z" end-time="2017-03-08 22:54:14Z" duration="0.009511" total="2" passed="2" failed="0" warnings="0" inconclusive="0" skipped="0" asserts="2">
            <test-case id="0-1106" name="WhitePawnCanMoveDiagonallyUpTheBoardIfBlackPieceThere(4,4,5,5)" fullname="ChessWithTDD.Tests.WhitePawnTests.WhitePawnCanMoveDiagonallyUpTheBoardIfBlackPieceThere(4,4,5,5)" methodname="WhitePawnCanMoveDiagonallyUpTheBoardIfBlackPieceThere" classname="ChessWithTDD.Tests.WhitePawnTests" runstate="Runnable" seed="1981860832" result="Passed" start-time="2017-03-08 22:54:14Z" end-time="2017-03-08 22:54:14Z" duration="0.002387" asserts="1" />
            <test-case id="0-1107" name="WhitePawnCanMoveDiagonallyUpTheBoardIfBlackPieceThere(4,4,5,3)" fullname="ChessWithTDD.Tests.WhitePawnTests.WhitePawnCanMoveDiagonallyUpTheBoardIfBlackPieceThere(4,4,5,3)" methodname="WhitePawnCanMoveDiagonallyUpTheBoardIfBlackPieceThere" classname="ChessWithTDD.Tests.WhitePawnTests" runstate="Runnable" seed="596374634" result="Passed" start-time="2017-03-08 22:54:14Z" end-time="2017-03-08 22:54:14Z" duration="0.001252" asserts="1" />
          </test-suite>
          <test-suite type="ParameterizedMethod" id="0-1089" name="WhitePawnCanMoveOneVerticalPositionUpTheBoard" fullname="ChessWithTDD.Tests.WhitePawnTests.WhitePawnCanMoveOneVerticalPositionUpTheBoard" classname="ChessWithTDD.Tests.WhitePawnTests" runstate="Runnable" testcasecount="2" result="Passed" start-time="2017-03-08 22:54:14Z" end-time="2017-03-08 22:54:14Z" duration="0.008133" total="2" passed="2" failed="0" warnings="0" inconclusive="0" skipped="0" asserts="2">
            <test-case id="0-1087" name="WhitePawnCanMoveOneVerticalPositionUpTheBoard(5,2,6,2)" fullname="ChessWithTDD.Tests.WhitePawnTests.WhitePawnCanMoveOneVerticalPositionUpTheBoard(5,2,6,2)" methodname="WhitePawnCanMoveOneVerticalPositionUpTheBoard" classname="ChessWithTDD.Tests.WhitePawnTests" runstate="Runnable" seed="2124244656" result="Passed" start-time="2017-03-08 22:54:14Z" end-time="2017-03-08 22:54:14Z" duration="0.001537" asserts="1" />
            <test-case id="0-1088" name="WhitePawnCanMoveOneVerticalPositionUpTheBoard(3,3,4,3)" fullname="ChessWithTDD.Tests.WhitePawnTests.WhitePawnCanMoveOneVerticalPositionUpTheBoard(3,3,4,3)" methodname="WhitePawnCanMoveOneVerticalPositionUpTheBoard" classname="ChessWithTDD.Tests.WhitePawnTests" runstate="Runnable" seed="1067095574" result="Passed" start-time="2017-03-08 22:54:14Z" end-time="2017-03-08 22:54:14Z" duration="0.000895" asserts="1" />
          </test-suite>
          <test-suite type="ParameterizedMethod" id="0-1114" name="WhitePawnCannotMoveDiagonallyUpTheBoardIfNoPieceThere" fullname="ChessWithTDD.Tests.WhitePawnTests.WhitePawnCannotMoveDiagonallyUpTheBoardIfNoPieceThere" classname="ChessWithTDD.Tests.WhitePawnTests" runstate="Runnable" testcasecount="2" result="Passed" start-time="2017-03-08 22:54:14Z" end-time="2017-03-08 22:54:14Z" duration="0.007510" total="2" passed="2" failed="0" warnings="0" inconclusive="0" skipped="0" asserts="2">
            <test-case id="0-1112" name="WhitePawnCannotMoveDiagonallyUpTheBoardIfNoPieceThere(4,4,5,5)" fullname="ChessWithTDD.Tests.WhitePawnTests.WhitePawnCannotMoveDiagonallyUpTheBoardIfNoPieceThere(4,4,5,5)" methodname="WhitePawnCannotMoveDiagonallyUpTheBoardIfNoPieceThere" classname="ChessWithTDD.Tests.WhitePawnTests" runstate="Runnable" seed="429101234" result="Passed" start-time="2017-03-08 22:54:14Z" end-time="2017-03-08 22:54:14Z" duration="0.001333" asserts="1" />
            <test-case id="0-1113" name="WhitePawnCannotMoveDiagonallyUpTheBoardIfNoPieceThere(4,4,5,3)" fullname="ChessWithTDD.Tests.WhitePawnTests.WhitePawnCannotMoveDiagonallyUpTheBoardIfNoPieceThere(4,4,5,3)" methodname="WhitePawnCannotMoveDiagonallyUpTheBoardIfNoPieceThere" classname="ChessWithTDD.Tests.WhitePawnTests" runstate="Runnable" seed="529497729" result="Passed" start-time="2017-03-08 22:54:14Z" end-time="2017-03-08 22:54:14Z" duration="0.000845" asserts="1" />
          </test-suite>
          <test-suite type="ParameterizedMethod" id="0-1097" name="WhitePawnCannotMoveDiagonallyUpTheBoardIfSquareOffTheBoard" fullname="ChessWithTDD.Tests.WhitePawnTests.WhitePawnCannotMoveDiagonallyUpTheBoardIfSquareOffTheBoard" classname="ChessWithTDD.Tests.WhitePawnTests" runstate="Runnable" testcasecount="2" result="Passed" start-time="2017-03-08 22:54:14Z" end-time="2017-03-08 22:54:14Z" duration="0.007948" total="2" passed="2" failed="0" warnings="0" inconclusive="0" skipped="0" asserts="2">
            <test-case id="0-1095" name="WhitePawnCannotMoveDiagonallyUpTheBoardIfSquareOffTheBoard(4,0,5,-1)" fullname="ChessWithTDD.Tests.WhitePawnTests.WhitePawnCannotMoveDiagonallyUpTheBoardIfSquareOffTheBoard(4,0,5,-1)" methodname="WhitePawnCannotMoveDiagonallyUpTheBoardIfSquareOffTheBoard" classname="ChessWithTDD.Tests.WhitePawnTests" runstate="Runnable" seed="2140944073" result="Passed" start-time="2017-03-08 22:54:14Z" end-time="2017-03-08 22:54:14Z" duration="0.001289" asserts="1" />
            <test-case id="0-1096" name="WhitePawnCannotMoveDiagonallyUpTheBoardIfSquareOffTheBoard(4,7,5,8)" fullname="ChessWithTDD.Tests.WhitePawnTests.WhitePawnCannotMoveDiagonallyUpTheBoardIfSquareOffTheBoard(4,7,5,8)" methodname="WhitePawnCannotMoveDiagonallyUpTheBoardIfSquareOffTheBoard" classname="ChessWithTDD.Tests.WhitePawnTests" runstate="Runnable" seed="1821474677" result="Passed" start-time="2017-03-08 22:54:14Z" end-time="2017-03-08 22:54:14Z" duration="0.001301" asserts="1" />
          </test-suite>
          <test-suite type="ParameterizedMethod" id="0-1111" name="WhitePawnCannotMoveDiagonallyUpTheBoardIfWhitePieceThere" fullname="ChessWithTDD.Tests.WhitePawnTests.WhitePawnCannotMoveDiagonallyUpTheBoardIfWhitePieceThere" classname="ChessWithTDD.Tests.WhitePawnTests" runstate="Runnable" testcasecount="2" result="Passed" start-time="2017-03-08 22:54:14Z" end-time="2017-03-08 22:54:14Z" duration="0.008459" total="2" passed="2" failed="0" warnings="0" inconclusive="0" skipped="0" asserts="2">
            <test-case id="0-1109" name="WhitePawnCannotMoveDiagonallyUpTheBoardIfWhitePieceThere(4,4,5,5)" fullname="ChessWithTDD.Tests.WhitePawnTests.WhitePawnCannotMoveDiagonallyUpTheBoardIfWhitePieceThere(4,4,5,5)" methodname="WhitePawnCannotMoveDiagonallyUpTheBoardIfWhitePieceThere" classname="ChessWithTDD.Tests.WhitePawnTests" runstate="Runnable" seed="1539296200" result="Passed" start-time="2017-03-08 22:54:14Z" end-time="2017-03-08 22:54:14Z" duration="0.001371" asserts="1" />
            <test-case id="0-1110" name="WhitePawnCannotMoveDiagonallyUpTheBoardIfWhitePieceThere(4,4,5,3)" fullname="ChessWithTDD.Tests.WhitePawnTests.WhitePawnCannotMoveDiagonallyUpTheBoardIfWhitePieceThere(4,4,5,3)" methodname="WhitePawnCannotMoveDiagonallyUpTheBoardIfWhitePieceThere" classname="ChessWithTDD.Tests.WhitePawnTests" runstate="Runnable" seed="720884227" result="Passed" start-time="2017-03-08 22:54:14Z" end-time="2017-03-08 22:54:14Z" duration="0.001186" asserts="1" />
          </test-suite>
          <test-suite type="ParameterizedMethod" id="0-1103" name="WhitePawnCannotMoveOneHorizontalPositionAcrossTheBoard" fullname="ChessWithTDD.Tests.WhitePawnTests.WhitePawnCannotMoveOneHorizontalPositionAcrossTheBoard" classname="ChessWithTDD.Tests.WhitePawnTests" runstate="Runnable" testcasecount="2" result="Passed" start-time="2017-03-08 22:54:14Z" end-time="2017-03-08 22:54:14Z" duration="0.007956" total="2" passed="2" failed="0" warnings="0" inconclusive="0" skipped="0" asserts="2">
            <test-case id="0-1101" name="WhitePawnCannotMoveOneHorizontalPositionAcrossTheBoard(5,2,5,3)" fullname="ChessWithTDD.Tests.WhitePawnTests.WhitePawnCannotMoveOneHorizontalPositionAcrossTheBoard(5,2,5,3)" methodname="WhitePawnCannotMoveOneHorizontalPositionAcrossTheBoard" classname="ChessWithTDD.Tests.WhitePawnTests" runstate="Runnable" seed="2035410454" result="Passed" start-time="2017-03-08 22:54:14Z" end-time="2017-03-08 22:54:14Z" duration="0.001179" asserts="1" />
            <test-case id="0-1102" name="WhitePawnCannotMoveOneHorizontalPositionAcrossTheBoard(3,3,3,2)" fullname="ChessWithTDD.Tests.WhitePawnTests.WhitePawnCannotMoveOneHorizontalPositionAcrossTheBoard(3,3,3,2)" methodname="WhitePawnCannotMoveOneHorizontalPositionAcrossTheBoard" classname="ChessWithTDD.Tests.WhitePawnTests" runstate="Runnable" seed="1753009057" result="Passed" start-time="2017-03-08 22:54:14Z" end-time="2017-03-08 22:54:14Z" duration="0.000743" asserts="1" />
          </test-suite>
          <test-suite type="ParameterizedMethod" id="0-1105" name="WhitePawnCannotMoveOneVerticalPositionDownTheBoard" fullname="ChessWithTDD.Tests.WhitePawnTests.WhitePawnCannotMoveOneVerticalPositionDownTheBoard" classname="ChessWithTDD.Tests.WhitePawnTests" runstate="Runnable" testcasecount="1" result="Passed" start-time="2017-03-08 22:54:14Z" end-time="2017-03-08 22:54:14Z" duration="0.004015" total="1" passed="1" failed="0" warnings="0" inconclusive="0" skipped="0" asserts="1">
            <test-case id="0-1104" name="WhitePawnCannotMoveOneVerticalPositionDownTheBoard(1,1,0,1)" fullname="ChessWithTDD.Tests.WhitePawnTests.WhitePawnCannotMoveOneVerticalPositionDownTheBoard(1,1,0,1)" methodname="WhitePawnCannotMoveOneVerticalPositionDownTheBoard" classname="ChessWithTDD.Tests.WhitePawnTests" runstate="Runnable" seed="1718668342" result="Passed" start-time="2017-03-08 22:54:14Z" end-time="2017-03-08 22:54:14Z" duration="0.001055" asserts="1" />
          </test-suite>
          <test-suite type="ParameterizedMethod" id="0-1092" name="WhitePawnCannotMoveOneVerticalPositionUpTheBoardIfBlackPieceThere" fullname="ChessWithTDD.Tests.WhitePawnTests.WhitePawnCannotMoveOneVerticalPositionUpTheBoardIfBlackPieceThere" classname="ChessWithTDD.Tests.WhitePawnTests" runstate="Runnable" testcasecount="2" result="Passed" start-time="2017-03-08 22:54:14Z" end-time="2017-03-08 22:54:14Z" duration="0.009548" total="2" passed="2" failed="0" warnings="0" inconclusive="0" skipped="0" asserts="2">
            <test-case id="0-1090" name="WhitePawnCannotMoveOneVerticalPositionUpTheBoardIfBlackPieceThere(5,2,6,2)" fullname="ChessWithTDD.Tests.WhitePawnTests.WhitePawnCannotMoveOneVerticalPositionUpTheBoardIfBlackPieceThere(5,2,6,2)" methodname="WhitePawnCannotMoveOneVerticalPositionUpTheBoardIfBlackPieceThere" classname="ChessWithTDD.Tests.WhitePawnTests" runstate="Runnable" seed="1078890465" result="Passed" start-time="2017-03-08 22:54:14Z" end-time="2017-03-08 22:54:14Z" duration="0.001362" asserts="1" />
            <test-case id="0-1091" name="WhitePawnCannotMoveOneVerticalPositionUpTheBoardIfBlackPieceThere(3,3,4,3)" fullname="ChessWithTDD.Tests.WhitePawnTests.WhitePawnCannotMoveOneVerticalPositionUpTheBoardIfBlackPieceThere(3,3,4,3)" methodname="WhitePawnCannotMoveOneVerticalPositionUpTheBoardIfBlackPieceThere" classname="ChessWithTDD.Tests.WhitePawnTests" runstate="Runnable" seed="1164877496" result="Passed" start-time="2017-03-08 22:54:14Z" end-time="2017-03-08 22:54:14Z" duration="0.002869" asserts="1" />
          </test-suite>
          <test-suite type="ParameterizedMethod" id="0-1094" name="WhitePawnCannotMoveOneVerticalPositionUpTheBoardIfSquareOffTheBoard" fullname="ChessWithTDD.Tests.WhitePawnTests.WhitePawnCannotMoveOneVerticalPositionUpTheBoardIfSquareOffTheBoard" classname="ChessWithTDD.Tests.WhitePawnTests" runstate="Runnable" testcasecount="1" result="Passed" start-time="2017-03-08 22:54:14Z" end-time="2017-03-08 22:54:14Z" duration="0.004468" total="1" passed="1" failed="0" warnings="0" inconclusive="0" skipped="0" asserts="1">
            <test-case id="0-1093" name="WhitePawnCannotMoveOneVerticalPositionUpTheBoardIfSquareOffTheBoard(7,2,8,2)" fullname="ChessWithTDD.Tests.WhitePawnTests.WhitePawnCannotMoveOneVerticalPositionUpTheBoardIfSquareOffTheBoard(7,2,8,2)" methodname="WhitePawnCannotMoveOneVerticalPositionUpTheBoardIfSquareOffTheBoard" classname="ChessWithTDD.Tests.WhitePawnTests" runstate="Runnable" seed="693715474" result="Passed" start-time="2017-03-08 22:54:14Z" end-time="2017-03-08 22:54:14Z" duration="0.001454" asserts="1" />
          </test-suite>
          <test-suite type="ParameterizedMethod" id="0-1100" name="WhitePawnCannotMoveOneVerticalPositionUpTheBoardIfWhitePieceThere" fullname="ChessWithTDD.Tests.WhitePawnTests.WhitePawnCannotMoveOneVerticalPositionUpTheBoardIfWhitePieceThere" classname="ChessWithTDD.Tests.WhitePawnTests" runstate="Runnable" testcasecount="2" result="Passed" start-time="2017-03-08 22:54:14Z" end-time="2017-03-08 22:54:14Z" duration="0.008013" total="2" passed="2" failed="0" warnings="0" inconclusive="0" skipped="0" asserts="2">
            <test-case id="0-1098" name="WhitePawnCannotMoveOneVerticalPositionUpTheBoardIfWhitePieceThere(5,2,6,2)" fullname="ChessWithTDD.Tests.WhitePawnTests.WhitePawnCannotMoveOneVerticalPositionUpTheBoardIfWhitePieceThere(5,2,6,2)" methodname="WhitePawnCannotMoveOneVerticalPositionUpTheBoardIfWhitePieceThere" classname="ChessWithTDD.Tests.WhitePawnTests" runstate="Runnable" seed="753806648" result="Passed" start-time="2017-03-08 22:54:14Z" end-time="2017-03-08 22:54:14Z" duration="0.001241" asserts="1" />
            <test-case id="0-1099" name="WhitePawnCannotMoveOneVerticalPositionUpTheBoardIfWhitePieceThere(3,3,4,3)" fullname="ChessWithTDD.Tests.WhitePawnTests.WhitePawnCannotMoveOneVerticalPositionUpTheBoardIfWhitePieceThere(3,3,4,3)" methodname="WhitePawnCannotMoveOneVerticalPositionUpTheBoardIfWhitePieceThere" classname="ChessWithTDD.Tests.WhitePawnTests" runstate="Runnable" seed="1025481799" result="Passed" start-time="2017-03-08 22:54:14Z" end-time="2017-03-08 22:54:14Z" duration="0.000872" asserts="1" />
          </test-suite>
        </test-suite>
      </test-suite>
    </test-suite>
  </test-suite>
</test-run>