<?xml version="1.0" encoding="utf-8" standalone="no"?>
<test-run id="2" testcasecount="383" result="Passed" total="383" passed="383" failed="0" inconclusive="0" skipped="0" asserts="382" engine-version="3.6.1.0" clr-version="4.0.30319.42000" start-time="2017-05-21 16:24:23Z" end-time="2017-05-21 16:24:38Z" duration="15.021456">
  <command-line><![CDATA["C:\Programming\GithubRepos\chess-with-tdd\ChessWithTDD\UnitTestingMetrics\..\..\packages\NUnit.ConsoleRunner.3.6.1\tools\nunit3-console.exe" C:\Programming\GithubRepos\chess-with-tdd\ChessWithTDD\UnitTestingMetrics\..\bin\Debug\ChessWithTDD.dll --work=C:\Programming\GithubRepos\chess-with-tdd\ChessWithTDD\UnitTestingMetrics\.\NUnitResults]]></command-line>
  <test-suite type="Assembly" id="0-1517" name="ChessWithTDD.dll" fullname="C:\Programming\GithubRepos\chess-with-tdd\ChessWithTDD\bin\Debug\ChessWithTDD.dll" runstate="Runnable" testcasecount="383" result="Passed" start-time="2017-05-21 16:24:25Z" end-time="2017-05-21 16:24:38Z" duration="12.726597" total="383" passed="383" failed="0" warnings="0" inconclusive="0" skipped="0" asserts="382">
    <environment framework-version="3.6.0.0" clr-version="4.0.30319.42000" os-version="Microsoft Windows NT 10.0.14393.0" platform="Win32NT" cwd="C:\Programming\GithubRepos\chess-with-tdd\ChessWithTDD\UnitTestingMetrics" machine-name="DESKTOP-KCJFP9V" user="dantb" user-domain="DESKTOP-KCJFP9V" culture="en-GB" uiculture="en-GB" os-architecture="x64" />
    <settings>
      <setting name="DisposeRunners" value="True" />
      <setting name="WorkDirectory" value="C:\Programming\GithubRepos\chess-with-tdd\ChessWithTDD\UnitTestingMetrics\.\NUnitResults" />
      <setting name="ImageRuntimeVersion" value="4.0.30319" />
      <setting name="ImageTargetFrameworkName" value=".NETFramework,Version=v4.5.2" />
      <setting name="ImageRequiresX86" value="False" />
      <setting name="ImageRequiresDefaultAppDomainAssemblyResolver" value="False" />
      <setting name="NumberOfTestWorkers" value="8" />
    </settings>
    <properties>
      <property name="_PID" value="9736" />
      <property name="_APPDOMAIN" value="domain-" />
    </properties>
    <test-suite type="TestSuite" id="0-1518" name="ChessWithTDD" fullname="ChessWithTDD" runstate="Runnable" testcasecount="383" result="Passed" start-time="2017-05-21 16:24:25Z" end-time="2017-05-21 16:24:38Z" duration="12.710540" total="383" passed="383" failed="0" warnings="0" inconclusive="0" skipped="0" asserts="382">
      <test-suite type="TestSuite" id="0-1519" name="Tests" fullname="ChessWithTDD.Tests" runstate="Runnable" testcasecount="383" result="Passed" start-time="2017-05-21 16:24:25Z" end-time="2017-05-21 16:24:38Z" duration="12.692992" total="383" passed="383" failed="0" warnings="0" inconclusive="0" skipped="0" asserts="382">
        <test-suite type="TestFixture" id="0-1199" name="BishopTests" fullname="ChessWithTDD.Tests.BishopTests" classname="ChessWithTDD.Tests.BishopTests" runstate="Runnable" testcasecount="12" result="Passed" start-time="2017-05-21 16:24:25Z" end-time="2017-05-21 16:24:26Z" duration="0.568808" total="12" passed="12" failed="0" warnings="0" inconclusive="0" skipped="0" asserts="12">
          <test-suite type="ParameterizedMethod" id="0-1205" name="BishopCanMoveDiagonally" fullname="ChessWithTDD.Tests.BishopTests.BishopCanMoveDiagonally" classname="ChessWithTDD.Tests.BishopTests" runstate="Runnable" testcasecount="5" result="Passed" start-time="2017-05-21 16:24:25Z" end-time="2017-05-21 16:24:26Z" duration="0.327398" total="5" passed="5" failed="0" warnings="0" inconclusive="0" skipped="0" asserts="5">
            <test-case id="0-1200" name="BishopCanMoveDiagonally(2,5,5,2)" fullname="ChessWithTDD.Tests.BishopTests.BishopCanMoveDiagonally(2,5,5,2)" methodname="BishopCanMoveDiagonally" classname="ChessWithTDD.Tests.BishopTests" runstate="Runnable" seed="1537867105" result="Passed" start-time="2017-05-21 16:24:25Z" end-time="2017-05-21 16:24:26Z" duration="0.234051" asserts="1" />
            <test-case id="0-1201" name="BishopCanMoveDiagonally(2,3,5,6)" fullname="ChessWithTDD.Tests.BishopTests.BishopCanMoveDiagonally(2,3,5,6)" methodname="BishopCanMoveDiagonally" classname="ChessWithTDD.Tests.BishopTests" runstate="Runnable" seed="1398887141" result="Passed" start-time="2017-05-21 16:24:26Z" end-time="2017-05-21 16:24:26Z" duration="0.001175" asserts="1" />
            <test-case id="0-1202" name="BishopCanMoveDiagonally(5,5,2,2)" fullname="ChessWithTDD.Tests.BishopTests.BishopCanMoveDiagonally(5,5,2,2)" methodname="BishopCanMoveDiagonally" classname="ChessWithTDD.Tests.BishopTests" runstate="Runnable" seed="873253412" result="Passed" start-time="2017-05-21 16:24:26Z" end-time="2017-05-21 16:24:26Z" duration="0.000947" asserts="1" />
            <test-case id="0-1203" name="BishopCanMoveDiagonally(5,2,2,5)" fullname="ChessWithTDD.Tests.BishopTests.BishopCanMoveDiagonally(5,2,2,5)" methodname="BishopCanMoveDiagonally" classname="ChessWithTDD.Tests.BishopTests" runstate="Runnable" seed="249887792" result="Passed" start-time="2017-05-21 16:24:26Z" end-time="2017-05-21 16:24:26Z" duration="0.001121" asserts="1" />
            <test-case id="0-1204" name="BishopCanMoveDiagonally(3,3,4,4)" fullname="ChessWithTDD.Tests.BishopTests.BishopCanMoveDiagonally(3,3,4,4)" methodname="BishopCanMoveDiagonally" classname="ChessWithTDD.Tests.BishopTests" runstate="Runnable" seed="1273497590" result="Passed" start-time="2017-05-21 16:24:26Z" end-time="2017-05-21 16:24:26Z" duration="0.001084" asserts="1" />
          </test-suite>
          <test-suite type="ParameterizedMethod" id="0-1211" name="BishopCannotMoveHorizontally" fullname="ChessWithTDD.Tests.BishopTests.BishopCannotMoveHorizontally" classname="ChessWithTDD.Tests.BishopTests" runstate="Runnable" testcasecount="2" result="Passed" start-time="2017-05-21 16:24:26Z" end-time="2017-05-21 16:24:26Z" duration="0.062153" total="2" passed="2" failed="0" warnings="0" inconclusive="0" skipped="0" asserts="2">
            <test-case id="0-1209" name="BishopCannotMoveHorizontally(2,6,2,0)" fullname="ChessWithTDD.Tests.BishopTests.BishopCannotMoveHorizontally(2,6,2,0)" methodname="BishopCannotMoveHorizontally" classname="ChessWithTDD.Tests.BishopTests" runstate="Runnable" seed="543388759" result="Passed" start-time="2017-05-21 16:24:26Z" end-time="2017-05-21 16:24:26Z" duration="0.004263" asserts="1" />
            <test-case id="0-1210" name="BishopCannotMoveHorizontally(2,2,2,7)" fullname="ChessWithTDD.Tests.BishopTests.BishopCannotMoveHorizontally(2,2,2,7)" methodname="BishopCannotMoveHorizontally" classname="ChessWithTDD.Tests.BishopTests" runstate="Runnable" seed="95196969" result="Passed" start-time="2017-05-21 16:24:26Z" end-time="2017-05-21 16:24:26Z" duration="0.002145" asserts="1" />
          </test-suite>
          <test-suite type="ParameterizedMethod" id="0-1215" name="BishopCannotMoveRandomlyIfNotDiagonal" fullname="ChessWithTDD.Tests.BishopTests.BishopCannotMoveRandomlyIfNotDiagonal" classname="ChessWithTDD.Tests.BishopTests" runstate="Runnable" testcasecount="3" result="Passed" start-time="2017-05-21 16:24:26Z" end-time="2017-05-21 16:24:26Z" duration="0.029008" total="3" passed="3" failed="0" warnings="0" inconclusive="0" skipped="0" asserts="3">
            <test-case id="0-1212" name="BishopCannotMoveRandomlyIfNotDiagonal(2,6,3,3)" fullname="ChessWithTDD.Tests.BishopTests.BishopCannotMoveRandomlyIfNotDiagonal(2,6,3,3)" methodname="BishopCannotMoveRandomlyIfNotDiagonal" classname="ChessWithTDD.Tests.BishopTests" runstate="Runnable" seed="1153083415" result="Passed" start-time="2017-05-21 16:24:26Z" end-time="2017-05-21 16:24:26Z" duration="0.003092" asserts="1" />
            <test-case id="0-1213" name="BishopCannotMoveRandomlyIfNotDiagonal(3,1,4,5)" fullname="ChessWithTDD.Tests.BishopTests.BishopCannotMoveRandomlyIfNotDiagonal(3,1,4,5)" methodname="BishopCannotMoveRandomlyIfNotDiagonal" classname="ChessWithTDD.Tests.BishopTests" runstate="Runnable" seed="992666922" result="Passed" start-time="2017-05-21 16:24:26Z" end-time="2017-05-21 16:24:26Z" duration="0.002074" asserts="1" />
            <test-case id="0-1214" name="BishopCannotMoveRandomlyIfNotDiagonal(6,6,2,7)" fullname="ChessWithTDD.Tests.BishopTests.BishopCannotMoveRandomlyIfNotDiagonal(6,6,2,7)" methodname="BishopCannotMoveRandomlyIfNotDiagonal" classname="ChessWithTDD.Tests.BishopTests" runstate="Runnable" seed="1024978747" result="Passed" start-time="2017-05-21 16:24:26Z" end-time="2017-05-21 16:24:26Z" duration="0.002119" asserts="1" />
          </test-suite>
          <test-suite type="ParameterizedMethod" id="0-1208" name="BishopCannotMoveVertically" fullname="ChessWithTDD.Tests.BishopTests.BishopCannotMoveVertically" classname="ChessWithTDD.Tests.BishopTests" runstate="Runnable" testcasecount="2" result="Passed" start-time="2017-05-21 16:24:26Z" end-time="2017-05-21 16:24:26Z" duration="0.062015" total="2" passed="2" failed="0" warnings="0" inconclusive="0" skipped="0" asserts="2">
            <test-case id="0-1206" name="BishopCannotMoveVertically(5,2,2,2)" fullname="ChessWithTDD.Tests.BishopTests.BishopCannotMoveVertically(5,2,2,2)" methodname="BishopCannotMoveVertically" classname="ChessWithTDD.Tests.BishopTests" runstate="Runnable" seed="984355622" result="Passed" start-time="2017-05-21 16:24:26Z" end-time="2017-05-21 16:24:26Z" duration="0.005360" asserts="1" />
            <test-case id="0-1207" name="BishopCannotMoveVertically(2,2,5,2)" fullname="ChessWithTDD.Tests.BishopTests.BishopCannotMoveVertically(2,2,5,2)" methodname="BishopCannotMoveVertically" classname="ChessWithTDD.Tests.BishopTests" runstate="Runnable" seed="800479591" result="Passed" start-time="2017-05-21 16:24:26Z" end-time="2017-05-21 16:24:26Z" duration="0.003764" asserts="1" />
          </test-suite>
        </test-suite>
        <test-suite type="TestFixture" id="0-1216" name="BlackPawnTests" fullname="ChessWithTDD.Tests.BlackPawnTests" classname="ChessWithTDD.Tests.BlackPawnTests" runstate="Runnable" testcasecount="21" result="Passed" start-time="2017-05-21 16:24:26Z" end-time="2017-05-21 16:24:27Z" duration="0.698203" total="21" passed="21" failed="0" warnings="0" inconclusive="0" skipped="0" asserts="21">
          <test-suite type="ParameterizedMethod" id="0-1225" name="BlackPawnCanMoveDiagonallyDownTheBoardIfWhitePieceThere" fullname="ChessWithTDD.Tests.BlackPawnTests.BlackPawnCanMoveDiagonallyDownTheBoardIfWhitePieceThere" classname="ChessWithTDD.Tests.BlackPawnTests" runstate="Runnable" testcasecount="2" result="Passed" start-time="2017-05-21 16:24:26Z" end-time="2017-05-21 16:24:26Z" duration="0.077511" total="2" passed="2" failed="0" warnings="0" inconclusive="0" skipped="0" asserts="2">
            <test-case id="0-1223" name="BlackPawnCanMoveDiagonallyDownTheBoardIfWhitePieceThere(6,6,5,7)" fullname="ChessWithTDD.Tests.BlackPawnTests.BlackPawnCanMoveDiagonallyDownTheBoardIfWhitePieceThere(6,6,5,7)" methodname="BlackPawnCanMoveDiagonallyDownTheBoardIfWhitePieceThere" classname="ChessWithTDD.Tests.BlackPawnTests" runstate="Runnable" seed="303411737" result="Passed" start-time="2017-05-21 16:24:26Z" end-time="2017-05-21 16:24:26Z" duration="0.015340" asserts="1" />
            <test-case id="0-1224" name="BlackPawnCanMoveDiagonallyDownTheBoardIfWhitePieceThere(6,6,5,5)" fullname="ChessWithTDD.Tests.BlackPawnTests.BlackPawnCanMoveDiagonallyDownTheBoardIfWhitePieceThere(6,6,5,5)" methodname="BlackPawnCanMoveDiagonallyDownTheBoardIfWhitePieceThere" classname="ChessWithTDD.Tests.BlackPawnTests" runstate="Runnable" seed="1126177403" result="Passed" start-time="2017-05-21 16:24:26Z" end-time="2017-05-21 16:24:26Z" duration="0.002819" asserts="1" />
          </test-suite>
          <test-suite type="ParameterizedMethod" id="0-1231" name="BlackPawnCanMoveDiagonallyDownwardsToEmptySquareIfToSquareHasEnPassantMark" fullname="ChessWithTDD.Tests.BlackPawnTests.BlackPawnCanMoveDiagonallyDownwardsToEmptySquareIfToSquareHasEnPassantMark" classname="ChessWithTDD.Tests.BlackPawnTests" runstate="Runnable" testcasecount="2" result="Passed" start-time="2017-05-21 16:24:26Z" end-time="2017-05-21 16:24:26Z" duration="0.041201" total="2" passed="2" failed="0" warnings="0" inconclusive="0" skipped="0" asserts="2">
            <test-case id="0-1229" name="BlackPawnCanMoveDiagonallyDownwardsToEmptySquareIfToSquareHasEnPassantMark(6,6,5,7)" fullname="ChessWithTDD.Tests.BlackPawnTests.BlackPawnCanMoveDiagonallyDownwardsToEmptySquareIfToSquareHasEnPassantMark(6,6,5,7)" methodname="BlackPawnCanMoveDiagonallyDownwardsToEmptySquareIfToSquareHasEnPassantMark" classname="ChessWithTDD.Tests.BlackPawnTests" runstate="Runnable" seed="536030235" result="Passed" start-time="2017-05-21 16:24:26Z" end-time="2017-05-21 16:24:26Z" duration="0.009791" asserts="1" />
            <test-case id="0-1230" name="BlackPawnCanMoveDiagonallyDownwardsToEmptySquareIfToSquareHasEnPassantMark(6,6,5,5)" fullname="ChessWithTDD.Tests.BlackPawnTests.BlackPawnCanMoveDiagonallyDownwardsToEmptySquareIfToSquareHasEnPassantMark(6,6,5,5)" methodname="BlackPawnCanMoveDiagonallyDownwardsToEmptySquareIfToSquareHasEnPassantMark" classname="ChessWithTDD.Tests.BlackPawnTests" runstate="Runnable" seed="128546867" result="Passed" start-time="2017-05-21 16:24:26Z" end-time="2017-05-21 16:24:26Z" duration="0.002619" asserts="1" />
          </test-suite>
          <test-suite type="ParameterizedMethod" id="0-1219" name="BlackPawnCanMoveOneVerticalPositionDownTheBoard" fullname="ChessWithTDD.Tests.BlackPawnTests.BlackPawnCanMoveOneVerticalPositionDownTheBoard" classname="ChessWithTDD.Tests.BlackPawnTests" runstate="Runnable" testcasecount="2" result="Passed" start-time="2017-05-21 16:24:26Z" end-time="2017-05-21 16:24:26Z" duration="0.050007" total="2" passed="2" failed="0" warnings="0" inconclusive="0" skipped="0" asserts="2">
            <test-case id="0-1217" name="BlackPawnCanMoveOneVerticalPositionDownTheBoard(5,2,4,2)" fullname="ChessWithTDD.Tests.BlackPawnTests.BlackPawnCanMoveOneVerticalPositionDownTheBoard(5,2,4,2)" methodname="BlackPawnCanMoveOneVerticalPositionDownTheBoard" classname="ChessWithTDD.Tests.BlackPawnTests" runstate="Runnable" seed="175302866" result="Passed" start-time="2017-05-21 16:24:26Z" end-time="2017-05-21 16:24:26Z" duration="0.003990" asserts="1" />
            <test-case id="0-1218" name="BlackPawnCanMoveOneVerticalPositionDownTheBoard(3,3,2,3)" fullname="ChessWithTDD.Tests.BlackPawnTests.BlackPawnCanMoveOneVerticalPositionDownTheBoard(3,3,2,3)" methodname="BlackPawnCanMoveOneVerticalPositionDownTheBoard" classname="ChessWithTDD.Tests.BlackPawnTests" runstate="Runnable" seed="1700694188" result="Passed" start-time="2017-05-21 16:24:26Z" end-time="2017-05-21 16:24:26Z" duration="0.002269" asserts="1" />
          </test-suite>
          <test-suite type="ParameterizedMethod" id="0-1237" name="BlackPawnCanMoveTwoVerticalSpacesDownTheBoardIfItHasNotMovedBefore" fullname="ChessWithTDD.Tests.BlackPawnTests.BlackPawnCanMoveTwoVerticalSpacesDownTheBoardIfItHasNotMovedBefore" classname="ChessWithTDD.Tests.BlackPawnTests" runstate="Runnable" testcasecount="2" result="Passed" start-time="2017-05-21 16:24:26Z" end-time="2017-05-21 16:24:26Z" duration="0.049125" total="2" passed="2" failed="0" warnings="0" inconclusive="0" skipped="0" asserts="2">
            <test-case id="0-1235" name="BlackPawnCanMoveTwoVerticalSpacesDownTheBoardIfItHasNotMovedBefore(4,4,2,4)" fullname="ChessWithTDD.Tests.BlackPawnTests.BlackPawnCanMoveTwoVerticalSpacesDownTheBoardIfItHasNotMovedBefore(4,4,2,4)" methodname="BlackPawnCanMoveTwoVerticalSpacesDownTheBoardIfItHasNotMovedBefore" classname="ChessWithTDD.Tests.BlackPawnTests" runstate="Runnable" seed="1543406431" result="Passed" start-time="2017-05-21 16:24:26Z" end-time="2017-05-21 16:24:26Z" duration="0.012585" asserts="1" />
            <test-case id="0-1236" name="BlackPawnCanMoveTwoVerticalSpacesDownTheBoardIfItHasNotMovedBefore(6,1,4,1)" fullname="ChessWithTDD.Tests.BlackPawnTests.BlackPawnCanMoveTwoVerticalSpacesDownTheBoardIfItHasNotMovedBefore(6,1,4,1)" methodname="BlackPawnCanMoveTwoVerticalSpacesDownTheBoardIfItHasNotMovedBefore" classname="ChessWithTDD.Tests.BlackPawnTests" runstate="Runnable" seed="2123752315" result="Passed" start-time="2017-05-21 16:24:26Z" end-time="2017-05-21 16:24:26Z" duration="0.002379" asserts="1" />
          </test-suite>
          <test-suite type="ParameterizedMethod" id="0-1228" name="BlackPawnCannotMoveDiagonallyBelowIfNoPieceThere" fullname="ChessWithTDD.Tests.BlackPawnTests.BlackPawnCannotMoveDiagonallyBelowIfNoPieceThere" classname="ChessWithTDD.Tests.BlackPawnTests" runstate="Runnable" testcasecount="2" result="Passed" start-time="2017-05-21 16:24:26Z" end-time="2017-05-21 16:24:26Z" duration="0.065042" total="2" passed="2" failed="0" warnings="0" inconclusive="0" skipped="0" asserts="2">
            <test-case id="0-1226" name="BlackPawnCannotMoveDiagonallyBelowIfNoPieceThere(6,6,5,7)" fullname="ChessWithTDD.Tests.BlackPawnTests.BlackPawnCannotMoveDiagonallyBelowIfNoPieceThere(6,6,5,7)" methodname="BlackPawnCannotMoveDiagonallyBelowIfNoPieceThere" classname="ChessWithTDD.Tests.BlackPawnTests" runstate="Runnable" seed="849782563" result="Passed" start-time="2017-05-21 16:24:26Z" end-time="2017-05-21 16:24:26Z" duration="0.003629" asserts="1" />
            <test-case id="0-1227" name="BlackPawnCannotMoveDiagonallyBelowIfNoPieceThere(6,6,5,5)" fullname="ChessWithTDD.Tests.BlackPawnTests.BlackPawnCannotMoveDiagonallyBelowIfNoPieceThere(6,6,5,5)" methodname="BlackPawnCannotMoveDiagonallyBelowIfNoPieceThere" classname="ChessWithTDD.Tests.BlackPawnTests" runstate="Runnable" seed="459498836" result="Passed" start-time="2017-05-21 16:24:26Z" end-time="2017-05-21 16:24:26Z" duration="0.002470" asserts="1" />
          </test-suite>
          <test-suite type="ParameterizedMethod" id="0-1234" name="BlackPawnCannotMoveDiagonallyDownwardsToEmptySquareIfToSquareHasNoEnPassantMark" fullname="ChessWithTDD.Tests.BlackPawnTests.BlackPawnCannotMoveDiagonallyDownwardsToEmptySquareIfToSquareHasNoEnPassantMark" classname="ChessWithTDD.Tests.BlackPawnTests" runstate="Runnable" testcasecount="2" result="Passed" start-time="2017-05-21 16:24:26Z" end-time="2017-05-21 16:24:26Z" duration="0.050258" total="2" passed="2" failed="0" warnings="0" inconclusive="0" skipped="0" asserts="2">
            <test-case id="0-1232" name="BlackPawnCannotMoveDiagonallyDownwardsToEmptySquareIfToSquareHasNoEnPassantMark(6,6,5,7)" fullname="ChessWithTDD.Tests.BlackPawnTests.BlackPawnCannotMoveDiagonallyDownwardsToEmptySquareIfToSquareHasNoEnPassantMark(6,6,5,7)" methodname="BlackPawnCannotMoveDiagonallyDownwardsToEmptySquareIfToSquareHasNoEnPassantMark" classname="ChessWithTDD.Tests.BlackPawnTests" runstate="Runnable" seed="1356576836" result="Passed" start-time="2017-05-21 16:24:26Z" end-time="2017-05-21 16:24:26Z" duration="0.003758" asserts="1" />
            <test-case id="0-1233" name="BlackPawnCannotMoveDiagonallyDownwardsToEmptySquareIfToSquareHasNoEnPassantMark(6,6,5,5)" fullname="ChessWithTDD.Tests.BlackPawnTests.BlackPawnCannotMoveDiagonallyDownwardsToEmptySquareIfToSquareHasNoEnPassantMark(6,6,5,5)" methodname="BlackPawnCannotMoveDiagonallyDownwardsToEmptySquareIfToSquareHasNoEnPassantMark" classname="ChessWithTDD.Tests.BlackPawnTests" runstate="Runnable" seed="1350637286" result="Passed" start-time="2017-05-21 16:24:26Z" end-time="2017-05-21 16:24:26Z" duration="0.002607" asserts="1" />
          </test-suite>
          <test-suite type="ParameterizedMethod" id="0-1248" name="BlackPawnCannotMoveOneHorizontalPositionAcrossTheBoard" fullname="ChessWithTDD.Tests.BlackPawnTests.BlackPawnCannotMoveOneHorizontalPositionAcrossTheBoard" classname="ChessWithTDD.Tests.BlackPawnTests" runstate="Runnable" testcasecount="2" result="Passed" start-time="2017-05-21 16:24:26Z" end-time="2017-05-21 16:24:26Z" duration="0.035060" total="2" passed="2" failed="0" warnings="0" inconclusive="0" skipped="0" asserts="2">
            <test-case id="0-1246" name="BlackPawnCannotMoveOneHorizontalPositionAcrossTheBoard(5,2,5,3)" fullname="ChessWithTDD.Tests.BlackPawnTests.BlackPawnCannotMoveOneHorizontalPositionAcrossTheBoard(5,2,5,3)" methodname="BlackPawnCannotMoveOneHorizontalPositionAcrossTheBoard" classname="ChessWithTDD.Tests.BlackPawnTests" runstate="Runnable" seed="1734791730" result="Passed" start-time="2017-05-21 16:24:26Z" end-time="2017-05-21 16:24:26Z" duration="0.002043" asserts="1" />
            <test-case id="0-1247" name="BlackPawnCannotMoveOneHorizontalPositionAcrossTheBoard(3,3,3,2)" fullname="ChessWithTDD.Tests.BlackPawnTests.BlackPawnCannotMoveOneHorizontalPositionAcrossTheBoard(3,3,3,2)" methodname="BlackPawnCannotMoveOneHorizontalPositionAcrossTheBoard" classname="ChessWithTDD.Tests.BlackPawnTests" runstate="Runnable" seed="573447048" result="Passed" start-time="2017-05-21 16:24:26Z" end-time="2017-05-21 16:24:26Z" duration="0.001368" asserts="1" />
          </test-suite>
          <test-suite type="ParameterizedMethod" id="0-1222" name="BlackPawnCannotMoveOneVerticalPositionDownTheBoardIfWhitePieceThere" fullname="ChessWithTDD.Tests.BlackPawnTests.BlackPawnCannotMoveOneVerticalPositionDownTheBoardIfWhitePieceThere" classname="ChessWithTDD.Tests.BlackPawnTests" runstate="Runnable" testcasecount="2" result="Passed" start-time="2017-05-21 16:24:26Z" end-time="2017-05-21 16:24:26Z" duration="0.023063" total="2" passed="2" failed="0" warnings="0" inconclusive="0" skipped="0" asserts="2">
            <test-case id="0-1220" name="BlackPawnCannotMoveOneVerticalPositionDownTheBoardIfWhitePieceThere(5,2,4,2)" fullname="ChessWithTDD.Tests.BlackPawnTests.BlackPawnCannotMoveOneVerticalPositionDownTheBoardIfWhitePieceThere(5,2,4,2)" methodname="BlackPawnCannotMoveOneVerticalPositionDownTheBoardIfWhitePieceThere" classname="ChessWithTDD.Tests.BlackPawnTests" runstate="Runnable" seed="712456092" result="Passed" start-time="2017-05-21 16:24:26Z" end-time="2017-05-21 16:24:26Z" duration="0.002191" asserts="1" />
            <test-case id="0-1221" name="BlackPawnCannotMoveOneVerticalPositionDownTheBoardIfWhitePieceThere(3,3,2,3)" fullname="ChessWithTDD.Tests.BlackPawnTests.BlackPawnCannotMoveOneVerticalPositionDownTheBoardIfWhitePieceThere(3,3,2,3)" methodname="BlackPawnCannotMoveOneVerticalPositionDownTheBoardIfWhitePieceThere" classname="ChessWithTDD.Tests.BlackPawnTests" runstate="Runnable" seed="2066121786" result="Passed" start-time="2017-05-21 16:24:26Z" end-time="2017-05-21 16:24:26Z" duration="0.001524" asserts="1" />
          </test-suite>
          <test-suite type="ParameterizedMethod" id="0-1245" name="BlackPawnCannotMoveOneVerticalPositionUpTheBoard" fullname="ChessWithTDD.Tests.BlackPawnTests.BlackPawnCannotMoveOneVerticalPositionUpTheBoard" classname="ChessWithTDD.Tests.BlackPawnTests" runstate="Runnable" testcasecount="1" result="Passed" start-time="2017-05-21 16:24:26Z" end-time="2017-05-21 16:24:26Z" duration="0.036526" total="1" passed="1" failed="0" warnings="0" inconclusive="0" skipped="0" asserts="1">
            <test-case id="0-1244" name="BlackPawnCannotMoveOneVerticalPositionUpTheBoard(0,1,1,1)" fullname="ChessWithTDD.Tests.BlackPawnTests.BlackPawnCannotMoveOneVerticalPositionUpTheBoard(0,1,1,1)" methodname="BlackPawnCannotMoveOneVerticalPositionUpTheBoard" classname="ChessWithTDD.Tests.BlackPawnTests" runstate="Runnable" seed="528615112" result="Passed" start-time="2017-05-21 16:24:26Z" end-time="2017-05-21 16:24:26Z" duration="0.005594" asserts="1" />
          </test-suite>
          <test-suite type="ParameterizedMethod" id="0-1240" name="BlackPawnCannotMoveTwoVerticalSpacesDownTheBoardIfItHasMovedBefore" fullname="ChessWithTDD.Tests.BlackPawnTests.BlackPawnCannotMoveTwoVerticalSpacesDownTheBoardIfItHasMovedBefore" classname="ChessWithTDD.Tests.BlackPawnTests" runstate="Runnable" testcasecount="2" result="Passed" start-time="2017-05-21 16:24:27Z" end-time="2017-05-21 16:24:27Z" duration="0.046681" total="2" passed="2" failed="0" warnings="0" inconclusive="0" skipped="0" asserts="2">
            <test-case id="0-1238" name="BlackPawnCannotMoveTwoVerticalSpacesDownTheBoardIfItHasMovedBefore(4,4,2,4)" fullname="ChessWithTDD.Tests.BlackPawnTests.BlackPawnCannotMoveTwoVerticalSpacesDownTheBoardIfItHasMovedBefore(4,4,2,4)" methodname="BlackPawnCannotMoveTwoVerticalSpacesDownTheBoardIfItHasMovedBefore" classname="ChessWithTDD.Tests.BlackPawnTests" runstate="Runnable" seed="1417261499" result="Passed" start-time="2017-05-21 16:24:27Z" end-time="2017-05-21 16:24:27Z" duration="0.005853" asserts="1" />
            <test-case id="0-1239" name="BlackPawnCannotMoveTwoVerticalSpacesDownTheBoardIfItHasMovedBefore(6,1,4,1)" fullname="ChessWithTDD.Tests.BlackPawnTests.BlackPawnCannotMoveTwoVerticalSpacesDownTheBoardIfItHasMovedBefore(6,1,4,1)" methodname="BlackPawnCannotMoveTwoVerticalSpacesDownTheBoardIfItHasMovedBefore" classname="ChessWithTDD.Tests.BlackPawnTests" runstate="Runnable" seed="155954329" result="Passed" start-time="2017-05-21 16:24:27Z" end-time="2017-05-21 16:24:27Z" duration="0.004073" asserts="1" />
          </test-suite>
          <test-suite type="ParameterizedMethod" id="0-1243" name="BlackPawnCannotMoveTwoVerticalSpacesDownTheBoardIfItHasNotMovedButToSquareContainsAPiece" fullname="ChessWithTDD.Tests.BlackPawnTests.BlackPawnCannotMoveTwoVerticalSpacesDownTheBoardIfItHasNotMovedButToSquareContainsAPiece" classname="ChessWithTDD.Tests.BlackPawnTests" runstate="Runnable" testcasecount="2" result="Passed" start-time="2017-05-21 16:24:27Z" end-time="2017-05-21 16:24:27Z" duration="0.013003" total="2" passed="2" failed="0" warnings="0" inconclusive="0" skipped="0" asserts="2">
            <test-case id="0-1241" name="BlackPawnCannotMoveTwoVerticalSpacesDownTheBoardIfItHasNotMovedButToSquareContainsAPiece(4,4,2,4)" fullname="ChessWithTDD.Tests.BlackPawnTests.BlackPawnCannotMoveTwoVerticalSpacesDownTheBoardIfItHasNotMovedButToSquareContainsAPiece(4,4,2,4)" methodname="BlackPawnCannotMoveTwoVerticalSpacesDownTheBoardIfItHasNotMovedButToSquareContainsAPiece" classname="ChessWithTDD.Tests.BlackPawnTests" runstate="Runnable" seed="766971350" result="Passed" start-time="2017-05-21 16:24:27Z" end-time="2017-05-21 16:24:27Z" duration="0.003689" asserts="1" />
            <test-case id="0-1242" name="BlackPawnCannotMoveTwoVerticalSpacesDownTheBoardIfItHasNotMovedButToSquareContainsAPiece(6,1,4,1)" fullname="ChessWithTDD.Tests.BlackPawnTests.BlackPawnCannotMoveTwoVerticalSpacesDownTheBoardIfItHasNotMovedButToSquareContainsAPiece(6,1,4,1)" methodname="BlackPawnCannotMoveTwoVerticalSpacesDownTheBoardIfItHasNotMovedButToSquareContainsAPiece" classname="ChessWithTDD.Tests.BlackPawnTests" runstate="Runnable" seed="1447842970" result="Passed" start-time="2017-05-21 16:24:27Z" end-time="2017-05-21 16:24:27Z" duration="0.002577" asserts="1" />
          </test-suite>
        </test-suite>
        <test-suite type="TestFixture" id="0-1000" name="BoardCacheTests" fullname="ChessWithTDD.Tests.BoardCacheTests" classname="ChessWithTDD.Tests.BoardCacheTests" runstate="Runnable" testcasecount="13" result="Passed" start-time="2017-05-21 16:24:27Z" end-time="2017-05-21 16:24:27Z" duration="0.496946" total="13" passed="13" failed="0" warnings="0" inconclusive="0" skipped="0" asserts="48">
          <test-case id="0-1001" name="BlackKingIsSavedToBlackKingSquareIfInPendingUpdatesOfBoardAndUpdatesCleared" fullname="ChessWithTDD.Tests.BoardCacheTests.BlackKingIsSavedToBlackKingSquareIfInPendingUpdatesOfBoardAndUpdatesCleared" methodname="BlackKingIsSavedToBlackKingSquareIfInPendingUpdatesOfBoardAndUpdatesCleared" classname="ChessWithTDD.Tests.BoardCacheTests" runstate="Runnable" seed="632385494" result="Passed" start-time="2017-05-21 16:24:27Z" end-time="2017-05-21 16:24:27Z" duration="0.110312" asserts="3" />
          <test-case id="0-1013" name="BoardCacheInitialisedWithBlackBackRowCorrectly" fullname="ChessWithTDD.Tests.BoardCacheTests.BoardCacheInitialisedWithBlackBackRowCorrectly" methodname="BoardCacheInitialisedWithBlackBackRowCorrectly" classname="ChessWithTDD.Tests.BoardCacheTests" runstate="Runnable" seed="2055845334" result="Passed" start-time="2017-05-21 16:24:27Z" end-time="2017-05-21 16:24:27Z" duration="0.090967" asserts="7" />
          <test-case id="0-1009" name="BoardCacheInitialisedWithBlackKingCorrectly" fullname="ChessWithTDD.Tests.BoardCacheTests.BoardCacheInitialisedWithBlackKingCorrectly" methodname="BoardCacheInitialisedWithBlackKingCorrectly" classname="ChessWithTDD.Tests.BoardCacheTests" runstate="Runnable" seed="475705640" result="Passed" start-time="2017-05-21 16:24:27Z" end-time="2017-05-21 16:24:27Z" duration="0.005017" asserts="1" />
          <test-case id="0-1011" name="BoardCacheInitialisedWithBlackPawnsCorrectly" fullname="ChessWithTDD.Tests.BoardCacheTests.BoardCacheInitialisedWithBlackPawnsCorrectly" methodname="BoardCacheInitialisedWithBlackPawnsCorrectly" classname="ChessWithTDD.Tests.BoardCacheTests" runstate="Runnable" seed="393202389" result="Passed" start-time="2017-05-21 16:24:27Z" end-time="2017-05-21 16:24:27Z" duration="0.007888" asserts="8" />
          <test-case id="0-1007" name="BoardCacheInitialisedWithCorrectBoard" fullname="ChessWithTDD.Tests.BoardCacheTests.BoardCacheInitialisedWithCorrectBoard" methodname="BoardCacheInitialisedWithCorrectBoard" classname="ChessWithTDD.Tests.BoardCacheTests" runstate="Runnable" seed="122437380" result="Passed" start-time="2017-05-21 16:24:27Z" end-time="2017-05-21 16:24:27Z" duration="0.002934" asserts="1" />
          <test-case id="0-1012" name="BoardCacheInitialisedWithWhiteBackRowCorrectly" fullname="ChessWithTDD.Tests.BoardCacheTests.BoardCacheInitialisedWithWhiteBackRowCorrectly" methodname="BoardCacheInitialisedWithWhiteBackRowCorrectly" classname="ChessWithTDD.Tests.BoardCacheTests" runstate="Runnable" seed="2096289558" result="Passed" start-time="2017-05-21 16:24:27Z" end-time="2017-05-21 16:24:27Z" duration="0.007728" asserts="7" />
          <test-case id="0-1008" name="BoardCacheInitialisedWithWhiteKingCorrectly" fullname="ChessWithTDD.Tests.BoardCacheTests.BoardCacheInitialisedWithWhiteKingCorrectly" methodname="BoardCacheInitialisedWithWhiteKingCorrectly" classname="ChessWithTDD.Tests.BoardCacheTests" runstate="Runnable" seed="831332537" result="Passed" start-time="2017-05-21 16:24:27Z" end-time="2017-05-21 16:24:27Z" duration="0.003451" asserts="1" />
          <test-case id="0-1010" name="BoardCacheInitialisedWithWhitePawnsCorrectly" fullname="ChessWithTDD.Tests.BoardCacheTests.BoardCacheInitialisedWithWhitePawnsCorrectly" methodname="BoardCacheInitialisedWithWhitePawnsCorrectly" classname="ChessWithTDD.Tests.BoardCacheTests" runstate="Runnable" seed="1830723598" result="Passed" start-time="2017-05-21 16:24:27Z" end-time="2017-05-21 16:24:27Z" duration="0.003741" asserts="8" />
          <test-case id="0-1003" name="NothingIsSavedForSquaresWithNoPieceButItIsRemoved" fullname="ChessWithTDD.Tests.BoardCacheTests.NothingIsSavedForSquaresWithNoPieceButItIsRemoved" methodname="NothingIsSavedForSquaresWithNoPieceButItIsRemoved" classname="ChessWithTDD.Tests.BoardCacheTests" runstate="Runnable" seed="241098492" result="Passed" start-time="2017-05-21 16:24:27Z" end-time="2017-05-21 16:24:27Z" duration="0.008603" asserts="3" />
          <test-case id="0-1006" name="SquareInPendingUpdatesWithBlackPieceIsAddedToBlackPieceCacheAndRemovedFromPendingUpdates" fullname="ChessWithTDD.Tests.BoardCacheTests.SquareInPendingUpdatesWithBlackPieceIsAddedToBlackPieceCacheAndRemovedFromPendingUpdates" methodname="SquareInPendingUpdatesWithBlackPieceIsAddedToBlackPieceCacheAndRemovedFromPendingUpdates" classname="ChessWithTDD.Tests.BoardCacheTests" runstate="Runnable" seed="1138578616" result="Passed" start-time="2017-05-21 16:24:27Z" end-time="2017-05-21 16:24:27Z" duration="0.012122" asserts="2" />
          <test-case id="0-1004" name="SquareInPendingUpdatesWithNoPieceIsRemovedFromBoardCacheAndPendingUpdates" fullname="ChessWithTDD.Tests.BoardCacheTests.SquareInPendingUpdatesWithNoPieceIsRemovedFromBoardCacheAndPendingUpdates" methodname="SquareInPendingUpdatesWithNoPieceIsRemovedFromBoardCacheAndPendingUpdates" classname="ChessWithTDD.Tests.BoardCacheTests" runstate="Runnable" seed="472255251" result="Passed" start-time="2017-05-21 16:24:27Z" end-time="2017-05-21 16:24:27Z" duration="0.002937" asserts="2" />
          <test-case id="0-1005" name="SquareInPendingUpdatesWithWhitePieceIsAddedToWhitePieceCacheAndRemovedFromPendingUpdates" fullname="ChessWithTDD.Tests.BoardCacheTests.SquareInPendingUpdatesWithWhitePieceIsAddedToWhitePieceCacheAndRemovedFromPendingUpdates" methodname="SquareInPendingUpdatesWithWhitePieceIsAddedToWhitePieceCacheAndRemovedFromPendingUpdates" classname="ChessWithTDD.Tests.BoardCacheTests" runstate="Runnable" seed="962922710" result="Passed" start-time="2017-05-21 16:24:27Z" end-time="2017-05-21 16:24:27Z" duration="0.005112" asserts="2" />
          <test-case id="0-1002" name="WhiteKingIsSavedToWhiteKingSquareAndWhitePiecesIfInPendingUpdatesOfBoardAndUpdatesCleared" fullname="ChessWithTDD.Tests.BoardCacheTests.WhiteKingIsSavedToWhiteKingSquareAndWhitePiecesIfInPendingUpdatesOfBoardAndUpdatesCleared" methodname="WhiteKingIsSavedToWhiteKingSquareAndWhitePiecesIfInPendingUpdatesOfBoardAndUpdatesCleared" classname="ChessWithTDD.Tests.BoardCacheTests" runstate="Runnable" seed="1381291506" result="Passed" start-time="2017-05-21 16:24:27Z" end-time="2017-05-21 16:24:27Z" duration="0.005733" asserts="3" />
        </test-suite>
        <test-suite type="TestFixture" id="0-1014" name="BoardInitialiserTests" fullname="ChessWithTDD.Tests.BoardInitialiserTests" classname="ChessWithTDD.Tests.BoardInitialiserTests" runstate="Runnable" testcasecount="11" result="Passed" start-time="2017-05-21 16:24:27Z" end-time="2017-05-21 16:24:28Z" duration="0.895161" total="11" passed="11" failed="0" warnings="0" inconclusive="0" skipped="0" asserts="1">
          <test-case id="0-1022" name="BoardBlackBishopsSetupCorrectly" fullname="ChessWithTDD.Tests.BoardInitialiserTests.BoardBlackBishopsSetupCorrectly" methodname="BoardBlackBishopsSetupCorrectly" classname="ChessWithTDD.Tests.BoardInitialiserTests" runstate="Runnable" seed="1690541999" result="Passed" start-time="2017-05-21 16:24:27Z" end-time="2017-05-21 16:24:27Z" duration="0.136401" asserts="0" />
          <test-case id="0-1020" name="BoardBlackKnightsSetupCorrectly" fullname="ChessWithTDD.Tests.BoardInitialiserTests.BoardBlackKnightsSetupCorrectly" methodname="BoardBlackKnightsSetupCorrectly" classname="ChessWithTDD.Tests.BoardInitialiserTests" runstate="Runnable" seed="1073511536" result="Passed" start-time="2017-05-21 16:24:27Z" end-time="2017-05-21 16:24:27Z" duration="0.020079" asserts="0" />
          <test-case id="0-1016" name="BoardBlackPawnRowSetupCorrectly" fullname="ChessWithTDD.Tests.BoardInitialiserTests.BoardBlackPawnRowSetupCorrectly" methodname="BoardBlackPawnRowSetupCorrectly" classname="ChessWithTDD.Tests.BoardInitialiserTests" runstate="Runnable" seed="1786777381" result="Passed" start-time="2017-05-21 16:24:27Z" end-time="2017-05-21 16:24:27Z" duration="0.113409" asserts="0" />
          <test-case id="0-1018" name="BoardBlackRooksSetupCorrectly" fullname="ChessWithTDD.Tests.BoardInitialiserTests.BoardBlackRooksSetupCorrectly" methodname="BoardBlackRooksSetupCorrectly" classname="ChessWithTDD.Tests.BoardInitialiserTests" runstate="Runnable" seed="474893526" result="Passed" start-time="2017-05-21 16:24:27Z" end-time="2017-05-21 16:24:27Z" duration="0.019715" asserts="0" />
          <test-case id="0-1024" name="BoardKingsSetupCorrectly" fullname="ChessWithTDD.Tests.BoardInitialiserTests.BoardKingsSetupCorrectly" methodname="BoardKingsSetupCorrectly" classname="ChessWithTDD.Tests.BoardInitialiserTests" runstate="Runnable" seed="493733849" result="Passed" start-time="2017-05-21 16:24:27Z" end-time="2017-05-21 16:24:28Z" duration="0.034340" asserts="0" />
          <test-case id="0-1023" name="BoardQueensSetupCorrectly" fullname="ChessWithTDD.Tests.BoardInitialiserTests.BoardQueensSetupCorrectly" methodname="BoardQueensSetupCorrectly" classname="ChessWithTDD.Tests.BoardInitialiserTests" runstate="Runnable" seed="1914272499" result="Passed" start-time="2017-05-21 16:24:28Z" end-time="2017-05-21 16:24:28Z" duration="0.024859" asserts="0" />
          <test-case id="0-1025" name="BoardSetSquareCalledCorrectNumberOfTimesDuringInitialisation" fullname="ChessWithTDD.Tests.BoardInitialiserTests.BoardSetSquareCalledCorrectNumberOfTimesDuringInitialisation" methodname="BoardSetSquareCalledCorrectNumberOfTimesDuringInitialisation" classname="ChessWithTDD.Tests.BoardInitialiserTests" runstate="Runnable" seed="292450635" result="Passed" start-time="2017-05-21 16:24:28Z" end-time="2017-05-21 16:24:28Z" duration="0.003813" asserts="1" />
          <test-case id="0-1021" name="BoardWhiteBishopsSetupCorrectly" fullname="ChessWithTDD.Tests.BoardInitialiserTests.BoardWhiteBishopsSetupCorrectly" methodname="BoardWhiteBishopsSetupCorrectly" classname="ChessWithTDD.Tests.BoardInitialiserTests" runstate="Runnable" seed="1495483180" result="Passed" start-time="2017-05-21 16:24:28Z" end-time="2017-05-21 16:24:28Z" duration="0.037869" asserts="0" />
          <test-case id="0-1019" name="BoardWhiteKnightsSetupCorrectly" fullname="ChessWithTDD.Tests.BoardInitialiserTests.BoardWhiteKnightsSetupCorrectly" methodname="BoardWhiteKnightsSetupCorrectly" classname="ChessWithTDD.Tests.BoardInitialiserTests" runstate="Runnable" seed="240003272" result="Passed" start-time="2017-05-21 16:24:28Z" end-time="2017-05-21 16:24:28Z" duration="0.064603" asserts="0" />
          <test-case id="0-1015" name="BoardWhitePawnRowSetupCorrectly" fullname="ChessWithTDD.Tests.BoardInitialiserTests.BoardWhitePawnRowSetupCorrectly" methodname="BoardWhitePawnRowSetupCorrectly" classname="ChessWithTDD.Tests.BoardInitialiserTests" runstate="Runnable" seed="505009469" result="Passed" start-time="2017-05-21 16:24:28Z" end-time="2017-05-21 16:24:28Z" duration="0.163375" asserts="0" />
          <test-case id="0-1017" name="BoardWhiteRooksSetupCorrectly" fullname="ChessWithTDD.Tests.BoardInitialiserTests.BoardWhiteRooksSetupCorrectly" methodname="BoardWhiteRooksSetupCorrectly" classname="ChessWithTDD.Tests.BoardInitialiserTests" runstate="Runnable" seed="1906560337" result="Passed" start-time="2017-05-21 16:24:28Z" end-time="2017-05-21 16:24:28Z" duration="0.040258" asserts="0" />
        </test-suite>
        <test-suite type="TestFixture" id="0-1249" name="BoardTests" fullname="ChessWithTDD.Tests.BoardTests" classname="ChessWithTDD.Tests.BoardTests" runstate="Runnable" testcasecount="23" result="Passed" start-time="2017-05-21 16:24:28Z" end-time="2017-05-21 16:24:29Z" duration="0.708244" total="23" passed="23" failed="0" warnings="0" inconclusive="0" skipped="0" asserts="27">
          <test-case id="0-1273" name="ApplyingMoveIncrementsTurnCounter" fullname="ChessWithTDD.Tests.BoardTests.ApplyingMoveIncrementsTurnCounter" methodname="ApplyingMoveIncrementsTurnCounter" classname="ChessWithTDD.Tests.BoardTests" runstate="Runnable" seed="1689540251" result="Passed" start-time="2017-05-21 16:24:28Z" end-time="2017-05-21 16:24:28Z" duration="0.008414" asserts="1" />
          <test-suite type="ParameterizedMethod" id="0-1272" name="ApplyMoveAddsToAndFromSquaresToPendingUpdatesForBoard" fullname="ChessWithTDD.Tests.BoardTests.ApplyMoveAddsToAndFromSquaresToPendingUpdatesForBoard" classname="ChessWithTDD.Tests.BoardTests" runstate="Runnable" testcasecount="3" result="Passed" start-time="2017-05-21 16:24:28Z" end-time="2017-05-21 16:24:28Z" duration="0.091604" total="3" passed="3" failed="0" warnings="0" inconclusive="0" skipped="0" asserts="6">
            <test-case id="0-1269" name="ApplyMoveAddsToAndFromSquaresToPendingUpdatesForBoard(2,4,6,7)" fullname="ChessWithTDD.Tests.BoardTests.ApplyMoveAddsToAndFromSquaresToPendingUpdatesForBoard(2,4,6,7)" methodname="ApplyMoveAddsToAndFromSquaresToPendingUpdatesForBoard" classname="ChessWithTDD.Tests.BoardTests" runstate="Runnable" seed="1763666583" result="Passed" start-time="2017-05-21 16:24:28Z" end-time="2017-05-21 16:24:28Z" duration="0.003668" asserts="2" />
            <test-case id="0-1270" name="ApplyMoveAddsToAndFromSquaresToPendingUpdatesForBoard(3,3,1,1)" fullname="ChessWithTDD.Tests.BoardTests.ApplyMoveAddsToAndFromSquaresToPendingUpdatesForBoard(3,3,1,1)" methodname="ApplyMoveAddsToAndFromSquaresToPendingUpdatesForBoard" classname="ChessWithTDD.Tests.BoardTests" runstate="Runnable" seed="669986280" result="Passed" start-time="2017-05-21 16:24:28Z" end-time="2017-05-21 16:24:28Z" duration="0.006395" asserts="2" />
            <test-case id="0-1271" name="ApplyMoveAddsToAndFromSquaresToPendingUpdatesForBoard(1,3,1,5)" fullname="ChessWithTDD.Tests.BoardTests.ApplyMoveAddsToAndFromSquaresToPendingUpdatesForBoard(1,3,1,5)" methodname="ApplyMoveAddsToAndFromSquaresToPendingUpdatesForBoard" classname="ChessWithTDD.Tests.BoardTests" runstate="Runnable" seed="519658503" result="Passed" start-time="2017-05-21 16:24:28Z" end-time="2017-05-21 16:24:28Z" duration="0.006364" asserts="2" />
          </test-suite>
          <test-suite type="ParameterizedMethod" id="0-1268" name="ApplyMoveToBoardChangesBoardStateCorrectly" fullname="ChessWithTDD.Tests.BoardTests.ApplyMoveToBoardChangesBoardStateCorrectly" classname="ChessWithTDD.Tests.BoardTests" runstate="Runnable" testcasecount="3" result="Passed" start-time="2017-05-21 16:24:28Z" end-time="2017-05-21 16:24:28Z" duration="0.078065" total="3" passed="3" failed="0" warnings="0" inconclusive="0" skipped="0" asserts="9">
            <test-case id="0-1265" name="ApplyMoveToBoardChangesBoardStateCorrectly(2,4,6,7)" fullname="ChessWithTDD.Tests.BoardTests.ApplyMoveToBoardChangesBoardStateCorrectly(2,4,6,7)" methodname="ApplyMoveToBoardChangesBoardStateCorrectly" classname="ChessWithTDD.Tests.BoardTests" runstate="Runnable" seed="836880698" result="Passed" start-time="2017-05-21 16:24:28Z" end-time="2017-05-21 16:24:28Z" duration="0.019510" asserts="3" />
            <test-case id="0-1266" name="ApplyMoveToBoardChangesBoardStateCorrectly(3,3,1,1)" fullname="ChessWithTDD.Tests.BoardTests.ApplyMoveToBoardChangesBoardStateCorrectly(3,3,1,1)" methodname="ApplyMoveToBoardChangesBoardStateCorrectly" classname="ChessWithTDD.Tests.BoardTests" runstate="Runnable" seed="295966677" result="Passed" start-time="2017-05-21 16:24:28Z" end-time="2017-05-21 16:24:28Z" duration="0.006786" asserts="3" />
            <test-case id="0-1267" name="ApplyMoveToBoardChangesBoardStateCorrectly(1,3,1,5)" fullname="ChessWithTDD.Tests.BoardTests.ApplyMoveToBoardChangesBoardStateCorrectly(1,3,1,5)" methodname="ApplyMoveToBoardChangesBoardStateCorrectly" classname="ChessWithTDD.Tests.BoardTests" runstate="Runnable" seed="975918001" result="Passed" start-time="2017-05-21 16:24:28Z" end-time="2017-05-21 16:24:28Z" duration="0.004582" asserts="3" />
          </test-suite>
          <test-case id="0-1250" name="BoardIsInitialisedWithCorrectDimensions" fullname="ChessWithTDD.Tests.BoardTests.BoardIsInitialisedWithCorrectDimensions" methodname="BoardIsInitialisedWithCorrectDimensions" classname="ChessWithTDD.Tests.BoardTests" runstate="Runnable" seed="77589707" result="Passed" start-time="2017-05-21 16:24:28Z" end-time="2017-05-21 16:24:28Z" duration="0.004072" asserts="1" />
          <test-case id="0-1253" name="InitialiseBoardCacheIsCalledWhenCreatingABoardInstance" fullname="ChessWithTDD.Tests.BoardTests.InitialiseBoardCacheIsCalledWhenCreatingABoardInstance" methodname="InitialiseBoardCacheIsCalledWhenCreatingABoardInstance" classname="ChessWithTDD.Tests.BoardTests" runstate="Runnable" seed="1375858663" result="Passed" start-time="2017-05-21 16:24:28Z" end-time="2017-05-21 16:24:28Z" duration="0.008687" asserts="0" />
          <test-case id="0-1252" name="InitialiseBoardIsCalledWhenCreatingABoardInstance" fullname="ChessWithTDD.Tests.BoardTests.InitialiseBoardIsCalledWhenCreatingABoardInstance" methodname="InitialiseBoardIsCalledWhenCreatingABoardInstance" classname="ChessWithTDD.Tests.BoardTests" runstate="Runnable" seed="334014087" result="Passed" start-time="2017-05-21 16:24:28Z" end-time="2017-05-21 16:24:28Z" duration="0.009288" asserts="0" />
          <test-case id="0-1255" name="MoveIsNotValidIfMoveValidatorReturnsFalse" fullname="ChessWithTDD.Tests.BoardTests.MoveIsNotValidIfMoveValidatorReturnsFalse" methodname="MoveIsNotValidIfMoveValidatorReturnsFalse" classname="ChessWithTDD.Tests.BoardTests" runstate="Runnable" seed="1890669303" result="Passed" start-time="2017-05-21 16:24:28Z" end-time="2017-05-21 16:24:28Z" duration="0.009134" asserts="1" />
          <test-case id="0-1256" name="MoveIsNotValidIfMoveValidatorReturnsTrueButFromSquarePieceCannotMove" fullname="ChessWithTDD.Tests.BoardTests.MoveIsNotValidIfMoveValidatorReturnsTrueButFromSquarePieceCannotMove" methodname="MoveIsNotValidIfMoveValidatorReturnsTrueButFromSquarePieceCannotMove" classname="ChessWithTDD.Tests.BoardTests" runstate="Runnable" seed="1422292467" result="Passed" start-time="2017-05-21 16:24:28Z" end-time="2017-05-21 16:24:28Z" duration="0.008749" asserts="1" />
          <test-case id="0-1257" name="MoveIsValidIfMoveValidatorReturnsTrueAndFromSquarePieceCanMove" fullname="ChessWithTDD.Tests.BoardTests.MoveIsValidIfMoveValidatorReturnsTrueAndFromSquarePieceCanMove" methodname="MoveIsValidIfMoveValidatorReturnsTrueAndFromSquarePieceCanMove" classname="ChessWithTDD.Tests.BoardTests" runstate="Runnable" seed="707107112" result="Passed" start-time="2017-05-21 16:24:28Z" end-time="2017-05-21 16:24:28Z" duration="0.006334" asserts="1" />
          <test-case id="0-1254" name="MoveValidatorIsCalledWhenMoveIsValidIsCalled" fullname="ChessWithTDD.Tests.BoardTests.MoveValidatorIsCalledWhenMoveIsValidIsCalled" methodname="MoveValidatorIsCalledWhenMoveIsValidIsCalled" classname="ChessWithTDD.Tests.BoardTests" runstate="Runnable" seed="863347596" result="Passed" start-time="2017-05-21 16:24:28Z" end-time="2017-05-21 16:24:28Z" duration="0.008537" asserts="0" />
          <test-case id="0-1251" name="SquareAtPositionFiveSixOnBoardHasRowFiveAndColSix" fullname="ChessWithTDD.Tests.BoardTests.SquareAtPositionFiveSixOnBoardHasRowFiveAndColSix" methodname="SquareAtPositionFiveSixOnBoardHasRowFiveAndColSix" classname="ChessWithTDD.Tests.BoardTests" runstate="Runnable" seed="1635522141" result="Passed" start-time="2017-05-21 16:24:28Z" end-time="2017-05-21 16:24:28Z" duration="0.003095" asserts="1" />
          <test-case id="0-1274" name="TestOrderingOfCallsInApplyMethod" fullname="ChessWithTDD.Tests.BoardTests.TestOrderingOfCallsInApplyMethod" methodname="TestOrderingOfCallsInApplyMethod" classname="ChessWithTDD.Tests.BoardTests" runstate="Runnable" seed="1119239289" result="Passed" start-time="2017-05-21 16:24:28Z" end-time="2017-05-21 16:24:29Z" duration="0.064191" asserts="4" />
          <test-case id="0-1259" name="WhenApplyMoveIsCalledAndFromSquareContainsAnyPieceDoNotCallPawnManager" fullname="ChessWithTDD.Tests.BoardTests.WhenApplyMoveIsCalledAndFromSquareContainsAnyPieceDoNotCallPawnManager" methodname="WhenApplyMoveIsCalledAndFromSquareContainsAnyPieceDoNotCallPawnManager" classname="ChessWithTDD.Tests.BoardTests" runstate="Runnable" seed="217029963" result="Passed" start-time="2017-05-21 16:24:29Z" end-time="2017-05-21 16:24:29Z" duration="0.008050" asserts="0" />
          <test-case id="0-1258" name="WhenApplyMoveIsCalledAndFromSquareContainsAPawnCallPawnManager" fullname="ChessWithTDD.Tests.BoardTests.WhenApplyMoveIsCalledAndFromSquareContainsAPawnCallPawnManager" methodname="WhenApplyMoveIsCalledAndFromSquareContainsAPawnCallPawnManager" classname="ChessWithTDD.Tests.BoardTests" runstate="Runnable" seed="819501351" result="Passed" start-time="2017-05-21 16:24:29Z" end-time="2017-05-21 16:24:29Z" duration="0.005521" asserts="0" />
          <test-case id="0-1263" name="WhenApplyMoveIsCalledBoardCacheUpdatesBlackKingSquareIfBlackKingInFromSquareIsCalled" fullname="ChessWithTDD.Tests.BoardTests.WhenApplyMoveIsCalledBoardCacheUpdatesBlackKingSquareIfBlackKingInFromSquareIsCalled" methodname="WhenApplyMoveIsCalledBoardCacheUpdatesBlackKingSquareIfBlackKingInFromSquareIsCalled" classname="ChessWithTDD.Tests.BoardTests" runstate="Runnable" seed="776789810" result="Passed" start-time="2017-05-21 16:24:29Z" end-time="2017-05-21 16:24:29Z" duration="0.009390" asserts="1" />
          <test-case id="0-1264" name="WhenApplyMoveIsCalledBoardCacheUpdatesWhiteKingSquareIfWhiteKingInFromSquareIsCalled" fullname="ChessWithTDD.Tests.BoardTests.WhenApplyMoveIsCalledBoardCacheUpdatesWhiteKingSquareIfWhiteKingInFromSquareIsCalled" methodname="WhenApplyMoveIsCalledBoardCacheUpdatesWhiteKingSquareIfWhiteKingInFromSquareIsCalled" classname="ChessWithTDD.Tests.BoardTests" runstate="Runnable" seed="504623519" result="Passed" start-time="2017-05-21 16:24:29Z" end-time="2017-05-21 16:24:29Z" duration="0.008853" asserts="1" />
          <test-case id="0-1260" name="WhenApplyMoveIsCalledUnmarkEnPassantSquaresIsCalledWithTurnCounter" fullname="ChessWithTDD.Tests.BoardTests.WhenApplyMoveIsCalledUnmarkEnPassantSquaresIsCalledWithTurnCounter" methodname="WhenApplyMoveIsCalledUnmarkEnPassantSquaresIsCalledWithTurnCounter" classname="ChessWithTDD.Tests.BoardTests" runstate="Runnable" seed="779279301" result="Passed" start-time="2017-05-21 16:24:29Z" end-time="2017-05-21 16:24:29Z" duration="0.011546" asserts="0" />
          <test-case id="0-1261" name="WhenApplyMoveIsCalledUpdateBoardCacheIsCalled" fullname="ChessWithTDD.Tests.BoardTests.WhenApplyMoveIsCalledUpdateBoardCacheIsCalled" methodname="WhenApplyMoveIsCalledUpdateBoardCacheIsCalled" classname="ChessWithTDD.Tests.BoardTests" runstate="Runnable" seed="710265627" result="Passed" start-time="2017-05-21 16:24:29Z" end-time="2017-05-21 16:24:29Z" duration="0.010476" asserts="0" />
          <test-case id="0-1262" name="WhenApplyMoveIsCalledUpdateCheckStatesIsCalled" fullname="ChessWithTDD.Tests.BoardTests.WhenApplyMoveIsCalledUpdateCheckStatesIsCalled" methodname="WhenApplyMoveIsCalledUpdateCheckStatesIsCalled" classname="ChessWithTDD.Tests.BoardTests" runstate="Runnable" seed="1743864918" result="Passed" start-time="2017-05-21 16:24:29Z" end-time="2017-05-21 16:24:29Z" duration="0.013024" asserts="0" />
        </test-suite>
        <test-suite type="TestFixture" id="0-1026" name="CheckManagerTests" fullname="ChessWithTDD.Tests.CheckManagerTests" classname="ChessWithTDD.Tests.CheckManagerTests" runstate="Runnable" testcasecount="8" result="Passed" start-time="2017-05-21 16:24:29Z" end-time="2017-05-21 16:24:29Z" duration="0.351610" total="8" passed="8" failed="0" warnings="0" inconclusive="0" skipped="0" asserts="0">
          <test-case id="0-1031" name="IfBlackPieceMovedToCheckTheWhiteKingThenBoardAndWhiteKingPutInCheckState" fullname="ChessWithTDD.Tests.CheckManagerTests.IfBlackPieceMovedToCheckTheWhiteKingThenBoardAndWhiteKingPutInCheckState" methodname="IfBlackPieceMovedToCheckTheWhiteKingThenBoardAndWhiteKingPutInCheckState" classname="ChessWithTDD.Tests.CheckManagerTests" runstate="Runnable" seed="2122000980" result="Passed" start-time="2017-05-21 16:24:29Z" end-time="2017-05-21 16:24:29Z" duration="0.045466" asserts="0" />
          <test-suite type="ParameterizedMethod" id="0-1034" name="IfBlackPieceMovedToCheckTheWhiteKingThenCheckMateManagerCalledAndBoardCheckMateStateSetToValue" fullname="ChessWithTDD.Tests.CheckManagerTests.IfBlackPieceMovedToCheckTheWhiteKingThenCheckMateManagerCalledAndBoardCheckMateStateSetToValue" classname="ChessWithTDD.Tests.CheckManagerTests" runstate="Runnable" testcasecount="2" result="Passed" start-time="2017-05-21 16:24:29Z" end-time="2017-05-21 16:24:29Z" duration="0.046518" total="2" passed="2" failed="0" warnings="0" inconclusive="0" skipped="0" asserts="0">
            <test-case id="0-1032" name="IfBlackPieceMovedToCheckTheWhiteKingThenCheckMateManagerCalledAndBoardCheckMateStateSetToValue(True)" fullname="ChessWithTDD.Tests.CheckManagerTests.IfBlackPieceMovedToCheckTheWhiteKingThenCheckMateManagerCalledAndBoardCheckMateStateSetToValue(True)" methodname="IfBlackPieceMovedToCheckTheWhiteKingThenCheckMateManagerCalledAndBoardCheckMateStateSetToValue" classname="ChessWithTDD.Tests.CheckManagerTests" runstate="Runnable" seed="1479478504" result="Passed" start-time="2017-05-21 16:24:29Z" end-time="2017-05-21 16:24:29Z" duration="0.006398" asserts="0" />
            <test-case id="0-1033" name="IfBlackPieceMovedToCheckTheWhiteKingThenCheckMateManagerCalledAndBoardCheckMateStateSetToValue(False)" fullname="ChessWithTDD.Tests.CheckManagerTests.IfBlackPieceMovedToCheckTheWhiteKingThenCheckMateManagerCalledAndBoardCheckMateStateSetToValue(False)" methodname="IfBlackPieceMovedToCheckTheWhiteKingThenCheckMateManagerCalledAndBoardCheckMateStateSetToValue" classname="ChessWithTDD.Tests.CheckManagerTests" runstate="Runnable" seed="1638570828" result="Passed" start-time="2017-05-21 16:24:29Z" end-time="2017-05-21 16:24:29Z" duration="0.004143" asserts="0" />
          </test-suite>
          <test-case id="0-1036" name="IfBoardAndBlackKingInCheckStateRemoveCheckStates" fullname="ChessWithTDD.Tests.CheckManagerTests.IfBoardAndBlackKingInCheckStateRemoveCheckStates" methodname="IfBoardAndBlackKingInCheckStateRemoveCheckStates" classname="ChessWithTDD.Tests.CheckManagerTests" runstate="Runnable" seed="2009097794" result="Passed" start-time="2017-05-21 16:24:29Z" end-time="2017-05-21 16:24:29Z" duration="0.017711" asserts="0" />
          <test-case id="0-1035" name="IfBoardAndWhiteKingInCheckStateRemoveCheckStates" fullname="ChessWithTDD.Tests.CheckManagerTests.IfBoardAndWhiteKingInCheckStateRemoveCheckStates" methodname="IfBoardAndWhiteKingInCheckStateRemoveCheckStates" classname="ChessWithTDD.Tests.CheckManagerTests" runstate="Runnable" seed="1775697449" result="Passed" start-time="2017-05-21 16:24:29Z" end-time="2017-05-21 16:24:29Z" duration="0.018879" asserts="0" />
          <test-case id="0-1027" name="IfWhitePieceMovedToCheckTheBlackKingThenBoardAndBlackKingPutInCheckState" fullname="ChessWithTDD.Tests.CheckManagerTests.IfWhitePieceMovedToCheckTheBlackKingThenBoardAndBlackKingPutInCheckState" methodname="IfWhitePieceMovedToCheckTheBlackKingThenBoardAndBlackKingPutInCheckState" classname="ChessWithTDD.Tests.CheckManagerTests" runstate="Runnable" seed="610926035" result="Passed" start-time="2017-05-21 16:24:29Z" end-time="2017-05-21 16:24:29Z" duration="0.014544" asserts="0" />
          <test-suite type="ParameterizedMethod" id="0-1030" name="IfWhitePieceMovedToCheckTheBlackKingThenCheckMateManagerCalledAndBoardCheckMateStateSetToValue" fullname="ChessWithTDD.Tests.CheckManagerTests.IfWhitePieceMovedToCheckTheBlackKingThenCheckMateManagerCalledAndBoardCheckMateStateSetToValue" classname="ChessWithTDD.Tests.CheckManagerTests" runstate="Runnable" testcasecount="2" result="Passed" start-time="2017-05-21 16:24:29Z" end-time="2017-05-21 16:24:29Z" duration="0.077516" total="2" passed="2" failed="0" warnings="0" inconclusive="0" skipped="0" asserts="0">
            <test-case id="0-1028" name="IfWhitePieceMovedToCheckTheBlackKingThenCheckMateManagerCalledAndBoardCheckMateStateSetToValue(True)" fullname="ChessWithTDD.Tests.CheckManagerTests.IfWhitePieceMovedToCheckTheBlackKingThenCheckMateManagerCalledAndBoardCheckMateStateSetToValue(True)" methodname="IfWhitePieceMovedToCheckTheBlackKingThenCheckMateManagerCalledAndBoardCheckMateStateSetToValue" classname="ChessWithTDD.Tests.CheckManagerTests" runstate="Runnable" seed="52306553" result="Passed" start-time="2017-05-21 16:24:29Z" end-time="2017-05-21 16:24:29Z" duration="0.018242" asserts="0" />
            <test-case id="0-1029" name="IfWhitePieceMovedToCheckTheBlackKingThenCheckMateManagerCalledAndBoardCheckMateStateSetToValue(False)" fullname="ChessWithTDD.Tests.CheckManagerTests.IfWhitePieceMovedToCheckTheBlackKingThenCheckMateManagerCalledAndBoardCheckMateStateSetToValue(False)" methodname="IfWhitePieceMovedToCheckTheBlackKingThenCheckMateManagerCalledAndBoardCheckMateStateSetToValue" classname="ChessWithTDD.Tests.CheckManagerTests" runstate="Runnable" seed="253367802" result="Passed" start-time="2017-05-21 16:24:29Z" end-time="2017-05-21 16:24:29Z" duration="0.003444" asserts="0" />
          </test-suite>
        </test-suite>
        <test-suite type="TestFixture" id="0-1037" name="CheckMateEscapeManagerTests" fullname="ChessWithTDD.Tests.CheckMateEscapeManagerTests" classname="ChessWithTDD.Tests.CheckMateEscapeManagerTests" runstate="Runnable" testcasecount="39" result="Passed" start-time="2017-05-21 16:24:29Z" end-time="2017-05-21 16:24:30Z" duration="1.106664" total="39" passed="39" failed="0" warnings="0" inconclusive="0" skipped="0" asserts="39">
          <test-case id="0-1048" name="IfAFriendlySquareCanTakeTheThreateningPieceReturnTrue" fullname="ChessWithTDD.Tests.CheckMateEscapeManagerTests.IfAFriendlySquareCanTakeTheThreateningPieceReturnTrue" methodname="IfAFriendlySquareCanTakeTheThreateningPieceReturnTrue" classname="ChessWithTDD.Tests.CheckMateEscapeManagerTests" runstate="Runnable" seed="1949272669" result="Passed" start-time="2017-05-21 16:24:29Z" end-time="2017-05-21 16:24:29Z" duration="0.005425" asserts="1" />
          <test-suite type="ParameterizedMethod" id="0-1073" name="IfFriendlyPieceCanInterceptThreateningPieceThenReturnTrue" fullname="ChessWithTDD.Tests.CheckMateEscapeManagerTests.IfFriendlyPieceCanInterceptThreateningPieceThenReturnTrue" classname="ChessWithTDD.Tests.CheckMateEscapeManagerTests" runstate="Runnable" testcasecount="8" result="Passed" start-time="2017-05-21 16:24:29Z" end-time="2017-05-21 16:24:29Z" duration="0.260067" total="8" passed="8" failed="0" warnings="0" inconclusive="0" skipped="0" asserts="8">
            <test-case id="0-1065" name="IfFriendlyPieceCanInterceptThreateningPieceThenReturnTrue(3,2,3,7,3,5)" fullname="ChessWithTDD.Tests.CheckMateEscapeManagerTests.IfFriendlyPieceCanInterceptThreateningPieceThenReturnTrue(3,2,3,7,3,5)" methodname="IfFriendlyPieceCanInterceptThreateningPieceThenReturnTrue" classname="ChessWithTDD.Tests.CheckMateEscapeManagerTests" runstate="Runnable" seed="1568970118" result="Passed" start-time="2017-05-21 16:24:29Z" end-time="2017-05-21 16:24:29Z" duration="0.026199" asserts="1" />
            <test-case id="0-1066" name="IfFriendlyPieceCanInterceptThreateningPieceThenReturnTrue(3,6,3,0,3,2)" fullname="ChessWithTDD.Tests.CheckMateEscapeManagerTests.IfFriendlyPieceCanInterceptThreateningPieceThenReturnTrue(3,6,3,0,3,2)" methodname="IfFriendlyPieceCanInterceptThreateningPieceThenReturnTrue" classname="ChessWithTDD.Tests.CheckMateEscapeManagerTests" runstate="Runnable" seed="2040737601" result="Passed" start-time="2017-05-21 16:24:29Z" end-time="2017-05-21 16:24:29Z" duration="0.006101" asserts="1" />
            <test-case id="0-1067" name="IfFriendlyPieceCanInterceptThreateningPieceThenReturnTrue(2,2,6,2,4,2)" fullname="ChessWithTDD.Tests.CheckMateEscapeManagerTests.IfFriendlyPieceCanInterceptThreateningPieceThenReturnTrue(2,2,6,2,4,2)" methodname="IfFriendlyPieceCanInterceptThreateningPieceThenReturnTrue" classname="ChessWithTDD.Tests.CheckMateEscapeManagerTests" runstate="Runnable" seed="874277772" result="Passed" start-time="2017-05-21 16:24:29Z" end-time="2017-05-21 16:24:29Z" duration="0.005669" asserts="1" />
            <test-case id="0-1068" name="IfFriendlyPieceCanInterceptThreateningPieceThenReturnTrue(5,2,2,2,3,2)" fullname="ChessWithTDD.Tests.CheckMateEscapeManagerTests.IfFriendlyPieceCanInterceptThreateningPieceThenReturnTrue(5,2,2,2,3,2)" methodname="IfFriendlyPieceCanInterceptThreateningPieceThenReturnTrue" classname="ChessWithTDD.Tests.CheckMateEscapeManagerTests" runstate="Runnable" seed="411102258" result="Passed" start-time="2017-05-21 16:24:29Z" end-time="2017-05-21 16:24:29Z" duration="0.005956" asserts="1" />
            <test-case id="0-1069" name="IfFriendlyPieceCanInterceptThreateningPieceThenReturnTrue(2,5,5,2,4,3)" fullname="ChessWithTDD.Tests.CheckMateEscapeManagerTests.IfFriendlyPieceCanInterceptThreateningPieceThenReturnTrue(2,5,5,2,4,3)" methodname="IfFriendlyPieceCanInterceptThreateningPieceThenReturnTrue" classname="ChessWithTDD.Tests.CheckMateEscapeManagerTests" runstate="Runnable" seed="808306288" result="Passed" start-time="2017-05-21 16:24:29Z" end-time="2017-05-21 16:24:29Z" duration="0.009977" asserts="1" />
            <test-case id="0-1070" name="IfFriendlyPieceCanInterceptThreateningPieceThenReturnTrue(2,3,5,6,4,5)" fullname="ChessWithTDD.Tests.CheckMateEscapeManagerTests.IfFriendlyPieceCanInterceptThreateningPieceThenReturnTrue(2,3,5,6,4,5)" methodname="IfFriendlyPieceCanInterceptThreateningPieceThenReturnTrue" classname="ChessWithTDD.Tests.CheckMateEscapeManagerTests" runstate="Runnable" seed="301847286" result="Passed" start-time="2017-05-21 16:24:29Z" end-time="2017-05-21 16:24:29Z" duration="0.010856" asserts="1" />
            <test-case id="0-1071" name="IfFriendlyPieceCanInterceptThreateningPieceThenReturnTrue(5,5,2,2,3,3)" fullname="ChessWithTDD.Tests.CheckMateEscapeManagerTests.IfFriendlyPieceCanInterceptThreateningPieceThenReturnTrue(5,5,2,2,3,3)" methodname="IfFriendlyPieceCanInterceptThreateningPieceThenReturnTrue" classname="ChessWithTDD.Tests.CheckMateEscapeManagerTests" runstate="Runnable" seed="1598975552" result="Passed" start-time="2017-05-21 16:24:29Z" end-time="2017-05-21 16:24:29Z" duration="0.013348" asserts="1" />
            <test-case id="0-1072" name="IfFriendlyPieceCanInterceptThreateningPieceThenReturnTrue(5,2,2,5,3,4)" fullname="ChessWithTDD.Tests.CheckMateEscapeManagerTests.IfFriendlyPieceCanInterceptThreateningPieceThenReturnTrue(5,2,2,5,3,4)" methodname="IfFriendlyPieceCanInterceptThreateningPieceThenReturnTrue" classname="ChessWithTDD.Tests.CheckMateEscapeManagerTests" runstate="Runnable" seed="449678692" result="Passed" start-time="2017-05-21 16:24:29Z" end-time="2017-05-21 16:24:29Z" duration="0.011263" asserts="1" />
          </test-suite>
          <test-suite type="ParameterizedMethod" id="0-1082" name="IfNoFriendlyPieceCanInterceptThreateningPieceThenReturnFalse" fullname="ChessWithTDD.Tests.CheckMateEscapeManagerTests.IfNoFriendlyPieceCanInterceptThreateningPieceThenReturnFalse" classname="ChessWithTDD.Tests.CheckMateEscapeManagerTests" runstate="Runnable" testcasecount="8" result="Passed" start-time="2017-05-21 16:24:29Z" end-time="2017-05-21 16:24:30Z" duration="0.164397" total="8" passed="8" failed="0" warnings="0" inconclusive="0" skipped="0" asserts="8">
            <test-case id="0-1074" name="IfNoFriendlyPieceCanInterceptThreateningPieceThenReturnFalse(3,2,3,7,3,5)" fullname="ChessWithTDD.Tests.CheckMateEscapeManagerTests.IfNoFriendlyPieceCanInterceptThreateningPieceThenReturnFalse(3,2,3,7,3,5)" methodname="IfNoFriendlyPieceCanInterceptThreateningPieceThenReturnFalse" classname="ChessWithTDD.Tests.CheckMateEscapeManagerTests" runstate="Runnable" seed="549865571" result="Passed" start-time="2017-05-21 16:24:29Z" end-time="2017-05-21 16:24:29Z" duration="0.014713" asserts="1" />
            <test-case id="0-1075" name="IfNoFriendlyPieceCanInterceptThreateningPieceThenReturnFalse(3,6,3,0,3,2)" fullname="ChessWithTDD.Tests.CheckMateEscapeManagerTests.IfNoFriendlyPieceCanInterceptThreateningPieceThenReturnFalse(3,6,3,0,3,2)" methodname="IfNoFriendlyPieceCanInterceptThreateningPieceThenReturnFalse" classname="ChessWithTDD.Tests.CheckMateEscapeManagerTests" runstate="Runnable" seed="1262098780" result="Passed" start-time="2017-05-21 16:24:30Z" end-time="2017-05-21 16:24:30Z" duration="0.009284" asserts="1" />
            <test-case id="0-1076" name="IfNoFriendlyPieceCanInterceptThreateningPieceThenReturnFalse(2,2,6,2,4,2)" fullname="ChessWithTDD.Tests.CheckMateEscapeManagerTests.IfNoFriendlyPieceCanInterceptThreateningPieceThenReturnFalse(2,2,6,2,4,2)" methodname="IfNoFriendlyPieceCanInterceptThreateningPieceThenReturnFalse" classname="ChessWithTDD.Tests.CheckMateEscapeManagerTests" runstate="Runnable" seed="129730576" result="Passed" start-time="2017-05-21 16:24:30Z" end-time="2017-05-21 16:24:30Z" duration="0.008589" asserts="1" />
            <test-case id="0-1077" name="IfNoFriendlyPieceCanInterceptThreateningPieceThenReturnFalse(5,2,2,2,3,2)" fullname="ChessWithTDD.Tests.CheckMateEscapeManagerTests.IfNoFriendlyPieceCanInterceptThreateningPieceThenReturnFalse(5,2,2,2,3,2)" methodname="IfNoFriendlyPieceCanInterceptThreateningPieceThenReturnFalse" classname="ChessWithTDD.Tests.CheckMateEscapeManagerTests" runstate="Runnable" seed="1847164648" result="Passed" start-time="2017-05-21 16:24:30Z" end-time="2017-05-21 16:24:30Z" duration="0.011834" asserts="1" />
            <test-case id="0-1078" name="IfNoFriendlyPieceCanInterceptThreateningPieceThenReturnFalse(2,5,5,2,4,3)" fullname="ChessWithTDD.Tests.CheckMateEscapeManagerTests.IfNoFriendlyPieceCanInterceptThreateningPieceThenReturnFalse(2,5,5,2,4,3)" methodname="IfNoFriendlyPieceCanInterceptThreateningPieceThenReturnFalse" classname="ChessWithTDD.Tests.CheckMateEscapeManagerTests" runstate="Runnable" seed="1451530065" result="Passed" start-time="2017-05-21 16:24:30Z" end-time="2017-05-21 16:24:30Z" duration="0.008850" asserts="1" />
            <test-case id="0-1079" name="IfNoFriendlyPieceCanInterceptThreateningPieceThenReturnFalse(2,3,5,6,4,5)" fullname="ChessWithTDD.Tests.CheckMateEscapeManagerTests.IfNoFriendlyPieceCanInterceptThreateningPieceThenReturnFalse(2,3,5,6,4,5)" methodname="IfNoFriendlyPieceCanInterceptThreateningPieceThenReturnFalse" classname="ChessWithTDD.Tests.CheckMateEscapeManagerTests" runstate="Runnable" seed="1466909542" result="Passed" start-time="2017-05-21 16:24:30Z" end-time="2017-05-21 16:24:30Z" duration="0.009060" asserts="1" />
            <test-case id="0-1080" name="IfNoFriendlyPieceCanInterceptThreateningPieceThenReturnFalse(5,5,2,2,3,3)" fullname="ChessWithTDD.Tests.CheckMateEscapeManagerTests.IfNoFriendlyPieceCanInterceptThreateningPieceThenReturnFalse(5,5,2,2,3,3)" methodname="IfNoFriendlyPieceCanInterceptThreateningPieceThenReturnFalse" classname="ChessWithTDD.Tests.CheckMateEscapeManagerTests" runstate="Runnable" seed="794732268" result="Passed" start-time="2017-05-21 16:24:30Z" end-time="2017-05-21 16:24:30Z" duration="0.008261" asserts="1" />
            <test-case id="0-1081" name="IfNoFriendlyPieceCanInterceptThreateningPieceThenReturnFalse(5,2,2,5,3,4)" fullname="ChessWithTDD.Tests.CheckMateEscapeManagerTests.IfNoFriendlyPieceCanInterceptThreateningPieceThenReturnFalse(5,2,2,5,3,4)" methodname="IfNoFriendlyPieceCanInterceptThreateningPieceThenReturnFalse" classname="ChessWithTDD.Tests.CheckMateEscapeManagerTests" runstate="Runnable" seed="468980956" result="Passed" start-time="2017-05-21 16:24:30Z" end-time="2017-05-21 16:24:30Z" duration="0.004200" asserts="1" />
          </test-suite>
          <test-case id="0-1049" name="IfNoFriendlySquareCanTakeTheThreateningPieceReturnFalse" fullname="ChessWithTDD.Tests.CheckMateEscapeManagerTests.IfNoFriendlySquareCanTakeTheThreateningPieceReturnFalse" methodname="IfNoFriendlySquareCanTakeTheThreateningPieceReturnFalse" classname="ChessWithTDD.Tests.CheckMateEscapeManagerTests" runstate="Runnable" seed="287294472" result="Passed" start-time="2017-05-21 16:24:30Z" end-time="2017-05-21 16:24:30Z" duration="0.003598" asserts="1" />
          <test-case id="0-1047" name="IfNoMoveIsValidForKingThenReturnFalse" fullname="ChessWithTDD.Tests.CheckMateEscapeManagerTests.IfNoMoveIsValidForKingThenReturnFalse" methodname="IfNoMoveIsValidForKingThenReturnFalse" classname="ChessWithTDD.Tests.CheckMateEscapeManagerTests" runstate="Runnable" seed="1709108565" result="Passed" start-time="2017-05-21 16:24:30Z" end-time="2017-05-21 16:24:30Z" duration="0.004949" asserts="1" />
          <test-suite type="ParameterizedMethod" id="0-1046" name="IfThereIsAValidMoveForKingThenReturnTrue" fullname="ChessWithTDD.Tests.CheckMateEscapeManagerTests.IfThereIsAValidMoveForKingThenReturnTrue" classname="ChessWithTDD.Tests.CheckMateEscapeManagerTests" runstate="Runnable" testcasecount="8" result="Passed" start-time="2017-05-21 16:24:30Z" end-time="2017-05-21 16:24:30Z" duration="0.215203" total="8" passed="8" failed="0" warnings="0" inconclusive="0" skipped="0" asserts="8">
            <test-case id="0-1038" name="IfThereIsAValidMoveForKingThenReturnTrue(3,3,3,4)" fullname="ChessWithTDD.Tests.CheckMateEscapeManagerTests.IfThereIsAValidMoveForKingThenReturnTrue(3,3,3,4)" methodname="IfThereIsAValidMoveForKingThenReturnTrue" classname="ChessWithTDD.Tests.CheckMateEscapeManagerTests" runstate="Runnable" seed="1555393505" result="Passed" start-time="2017-05-21 16:24:30Z" end-time="2017-05-21 16:24:30Z" duration="0.005000" asserts="1" />
            <test-case id="0-1039" name="IfThereIsAValidMoveForKingThenReturnTrue(3,3,3,2)" fullname="ChessWithTDD.Tests.CheckMateEscapeManagerTests.IfThereIsAValidMoveForKingThenReturnTrue(3,3,3,2)" methodname="IfThereIsAValidMoveForKingThenReturnTrue" classname="ChessWithTDD.Tests.CheckMateEscapeManagerTests" runstate="Runnable" seed="1455961983" result="Passed" start-time="2017-05-21 16:24:30Z" end-time="2017-05-21 16:24:30Z" duration="0.002365" asserts="1" />
            <test-case id="0-1040" name="IfThereIsAValidMoveForKingThenReturnTrue(3,3,4,3)" fullname="ChessWithTDD.Tests.CheckMateEscapeManagerTests.IfThereIsAValidMoveForKingThenReturnTrue(3,3,4,3)" methodname="IfThereIsAValidMoveForKingThenReturnTrue" classname="ChessWithTDD.Tests.CheckMateEscapeManagerTests" runstate="Runnable" seed="1418967907" result="Passed" start-time="2017-05-21 16:24:30Z" end-time="2017-05-21 16:24:30Z" duration="0.002781" asserts="1" />
            <test-case id="0-1041" name="IfThereIsAValidMoveForKingThenReturnTrue(3,3,2,3)" fullname="ChessWithTDD.Tests.CheckMateEscapeManagerTests.IfThereIsAValidMoveForKingThenReturnTrue(3,3,2,3)" methodname="IfThereIsAValidMoveForKingThenReturnTrue" classname="ChessWithTDD.Tests.CheckMateEscapeManagerTests" runstate="Runnable" seed="245498391" result="Passed" start-time="2017-05-21 16:24:30Z" end-time="2017-05-21 16:24:30Z" duration="0.006069" asserts="1" />
            <test-case id="0-1042" name="IfThereIsAValidMoveForKingThenReturnTrue(3,3,4,4)" fullname="ChessWithTDD.Tests.CheckMateEscapeManagerTests.IfThereIsAValidMoveForKingThenReturnTrue(3,3,4,4)" methodname="IfThereIsAValidMoveForKingThenReturnTrue" classname="ChessWithTDD.Tests.CheckMateEscapeManagerTests" runstate="Runnable" seed="1939848778" result="Passed" start-time="2017-05-21 16:24:30Z" end-time="2017-05-21 16:24:30Z" duration="0.007459" asserts="1" />
            <test-case id="0-1043" name="IfThereIsAValidMoveForKingThenReturnTrue(3,3,2,2)" fullname="ChessWithTDD.Tests.CheckMateEscapeManagerTests.IfThereIsAValidMoveForKingThenReturnTrue(3,3,2,2)" methodname="IfThereIsAValidMoveForKingThenReturnTrue" classname="ChessWithTDD.Tests.CheckMateEscapeManagerTests" runstate="Runnable" seed="748220023" result="Passed" start-time="2017-05-21 16:24:30Z" end-time="2017-05-21 16:24:30Z" duration="0.004728" asserts="1" />
            <test-case id="0-1044" name="IfThereIsAValidMoveForKingThenReturnTrue(3,3,4,2)" fullname="ChessWithTDD.Tests.CheckMateEscapeManagerTests.IfThereIsAValidMoveForKingThenReturnTrue(3,3,4,2)" methodname="IfThereIsAValidMoveForKingThenReturnTrue" classname="ChessWithTDD.Tests.CheckMateEscapeManagerTests" runstate="Runnable" seed="921263247" result="Passed" start-time="2017-05-21 16:24:30Z" end-time="2017-05-21 16:24:30Z" duration="0.003411" asserts="1" />
            <test-case id="0-1045" name="IfThereIsAValidMoveForKingThenReturnTrue(3,3,2,4)" fullname="ChessWithTDD.Tests.CheckMateEscapeManagerTests.IfThereIsAValidMoveForKingThenReturnTrue(3,3,2,4)" methodname="IfThereIsAValidMoveForKingThenReturnTrue" classname="ChessWithTDD.Tests.CheckMateEscapeManagerTests" runstate="Runnable" seed="614709886" result="Passed" start-time="2017-05-21 16:24:30Z" end-time="2017-05-21 16:24:30Z" duration="0.003560" asserts="1" />
          </test-suite>
          <test-suite type="ParameterizedMethod" id="0-1052" name="IfTheThreateningPieceIsAKnightButNotAdjacentItIsUnblockable" fullname="ChessWithTDD.Tests.CheckMateEscapeManagerTests.IfTheThreateningPieceIsAKnightButNotAdjacentItIsUnblockable" classname="ChessWithTDD.Tests.CheckMateEscapeManagerTests" runstate="Runnable" testcasecount="2" result="Passed" start-time="2017-05-21 16:24:30Z" end-time="2017-05-21 16:24:30Z" duration="0.065516" total="2" passed="2" failed="0" warnings="0" inconclusive="0" skipped="0" asserts="2">
            <test-case id="0-1050" name="IfTheThreateningPieceIsAKnightButNotAdjacentItIsUnblockable(3,3,5,5)" fullname="ChessWithTDD.Tests.CheckMateEscapeManagerTests.IfTheThreateningPieceIsAKnightButNotAdjacentItIsUnblockable(3,3,5,5)" methodname="IfTheThreateningPieceIsAKnightButNotAdjacentItIsUnblockable" classname="ChessWithTDD.Tests.CheckMateEscapeManagerTests" runstate="Runnable" seed="1735665119" result="Passed" start-time="2017-05-21 16:24:30Z" end-time="2017-05-21 16:24:30Z" duration="0.043308" asserts="1" />
            <test-case id="0-1051" name="IfTheThreateningPieceIsAKnightButNotAdjacentItIsUnblockable(4,4,2,3)" fullname="ChessWithTDD.Tests.CheckMateEscapeManagerTests.IfTheThreateningPieceIsAKnightButNotAdjacentItIsUnblockable(4,4,2,3)" methodname="IfTheThreateningPieceIsAKnightButNotAdjacentItIsUnblockable" classname="ChessWithTDD.Tests.CheckMateEscapeManagerTests" runstate="Runnable" seed="1426283157" result="Passed" start-time="2017-05-21 16:24:30Z" end-time="2017-05-21 16:24:30Z" duration="0.002167" asserts="1" />
          </test-suite>
          <test-suite type="ParameterizedMethod" id="0-1064" name="IfTheThreateningPieceNotAKnightAndNotAdjacentItIsNotUnblockable" fullname="ChessWithTDD.Tests.CheckMateEscapeManagerTests.IfTheThreateningPieceNotAKnightAndNotAdjacentItIsNotUnblockable" classname="ChessWithTDD.Tests.CheckMateEscapeManagerTests" runstate="Runnable" testcasecount="2" result="Passed" start-time="2017-05-21 16:24:30Z" end-time="2017-05-21 16:24:30Z" duration="0.052148" total="2" passed="2" failed="0" warnings="0" inconclusive="0" skipped="0" asserts="2">
            <test-case id="0-1062" name="IfTheThreateningPieceNotAKnightAndNotAdjacentItIsNotUnblockable(3,3,5,5)" fullname="ChessWithTDD.Tests.CheckMateEscapeManagerTests.IfTheThreateningPieceNotAKnightAndNotAdjacentItIsNotUnblockable(3,3,5,5)" methodname="IfTheThreateningPieceNotAKnightAndNotAdjacentItIsNotUnblockable" classname="ChessWithTDD.Tests.CheckMateEscapeManagerTests" runstate="Runnable" seed="674486573" result="Passed" start-time="2017-05-21 16:24:30Z" end-time="2017-05-21 16:24:30Z" duration="0.004246" asserts="1" />
            <test-case id="0-1063" name="IfTheThreateningPieceNotAKnightAndNotAdjacentItIsNotUnblockable(4,4,2,3)" fullname="ChessWithTDD.Tests.CheckMateEscapeManagerTests.IfTheThreateningPieceNotAKnightAndNotAdjacentItIsNotUnblockable(4,4,2,3)" methodname="IfTheThreateningPieceNotAKnightAndNotAdjacentItIsNotUnblockable" classname="ChessWithTDD.Tests.CheckMateEscapeManagerTests" runstate="Runnable" seed="1150686608" result="Passed" start-time="2017-05-21 16:24:30Z" end-time="2017-05-21 16:24:30Z" duration="0.004277" asserts="1" />
          </test-suite>
          <test-suite type="ParameterizedMethod" id="0-1061" name="IfTheThreateningPieceNotAKnightButIsAdjacentItIsUnblockable" fullname="ChessWithTDD.Tests.CheckMateEscapeManagerTests.IfTheThreateningPieceNotAKnightButIsAdjacentItIsUnblockable" classname="ChessWithTDD.Tests.CheckMateEscapeManagerTests" runstate="Runnable" testcasecount="8" result="Passed" start-time="2017-05-21 16:24:30Z" end-time="2017-05-21 16:24:30Z" duration="0.188796" total="8" passed="8" failed="0" warnings="0" inconclusive="0" skipped="0" asserts="8">
            <test-case id="0-1053" name="IfTheThreateningPieceNotAKnightButIsAdjacentItIsUnblockable(3,3,3,4)" fullname="ChessWithTDD.Tests.CheckMateEscapeManagerTests.IfTheThreateningPieceNotAKnightButIsAdjacentItIsUnblockable(3,3,3,4)" methodname="IfTheThreateningPieceNotAKnightButIsAdjacentItIsUnblockable" classname="ChessWithTDD.Tests.CheckMateEscapeManagerTests" runstate="Runnable" seed="78150896" result="Passed" start-time="2017-05-21 16:24:30Z" end-time="2017-05-21 16:24:30Z" duration="0.005816" asserts="1" />
            <test-case id="0-1054" name="IfTheThreateningPieceNotAKnightButIsAdjacentItIsUnblockable(3,3,4,3)" fullname="ChessWithTDD.Tests.CheckMateEscapeManagerTests.IfTheThreateningPieceNotAKnightButIsAdjacentItIsUnblockable(3,3,4,3)" methodname="IfTheThreateningPieceNotAKnightButIsAdjacentItIsUnblockable" classname="ChessWithTDD.Tests.CheckMateEscapeManagerTests" runstate="Runnable" seed="1077288514" result="Passed" start-time="2017-05-21 16:24:30Z" end-time="2017-05-21 16:24:30Z" duration="0.004747" asserts="1" />
            <test-case id="0-1055" name="IfTheThreateningPieceNotAKnightButIsAdjacentItIsUnblockable(3,3,3,2)" fullname="ChessWithTDD.Tests.CheckMateEscapeManagerTests.IfTheThreateningPieceNotAKnightButIsAdjacentItIsUnblockable(3,3,3,2)" methodname="IfTheThreateningPieceNotAKnightButIsAdjacentItIsUnblockable" classname="ChessWithTDD.Tests.CheckMateEscapeManagerTests" runstate="Runnable" seed="646092012" result="Passed" start-time="2017-05-21 16:24:30Z" end-time="2017-05-21 16:24:30Z" duration="0.004137" asserts="1" />
            <test-case id="0-1056" name="IfTheThreateningPieceNotAKnightButIsAdjacentItIsUnblockable(3,3,2,3)" fullname="ChessWithTDD.Tests.CheckMateEscapeManagerTests.IfTheThreateningPieceNotAKnightButIsAdjacentItIsUnblockable(3,3,2,3)" methodname="IfTheThreateningPieceNotAKnightButIsAdjacentItIsUnblockable" classname="ChessWithTDD.Tests.CheckMateEscapeManagerTests" runstate="Runnable" seed="1258317596" result="Passed" start-time="2017-05-21 16:24:30Z" end-time="2017-05-21 16:24:30Z" duration="0.002385" asserts="1" />
            <test-case id="0-1057" name="IfTheThreateningPieceNotAKnightButIsAdjacentItIsUnblockable(3,3,4,4)" fullname="ChessWithTDD.Tests.CheckMateEscapeManagerTests.IfTheThreateningPieceNotAKnightButIsAdjacentItIsUnblockable(3,3,4,4)" methodname="IfTheThreateningPieceNotAKnightButIsAdjacentItIsUnblockable" classname="ChessWithTDD.Tests.CheckMateEscapeManagerTests" runstate="Runnable" seed="1713469321" result="Passed" start-time="2017-05-21 16:24:30Z" end-time="2017-05-21 16:24:30Z" duration="0.004063" asserts="1" />
            <test-case id="0-1058" name="IfTheThreateningPieceNotAKnightButIsAdjacentItIsUnblockable(3,3,2,2)" fullname="ChessWithTDD.Tests.CheckMateEscapeManagerTests.IfTheThreateningPieceNotAKnightButIsAdjacentItIsUnblockable(3,3,2,2)" methodname="IfTheThreateningPieceNotAKnightButIsAdjacentItIsUnblockable" classname="ChessWithTDD.Tests.CheckMateEscapeManagerTests" runstate="Runnable" seed="266546101" result="Passed" start-time="2017-05-21 16:24:30Z" end-time="2017-05-21 16:24:30Z" duration="0.006595" asserts="1" />
            <test-case id="0-1059" name="IfTheThreateningPieceNotAKnightButIsAdjacentItIsUnblockable(3,3,4,2)" fullname="ChessWithTDD.Tests.CheckMateEscapeManagerTests.IfTheThreateningPieceNotAKnightButIsAdjacentItIsUnblockable(3,3,4,2)" methodname="IfTheThreateningPieceNotAKnightButIsAdjacentItIsUnblockable" classname="ChessWithTDD.Tests.CheckMateEscapeManagerTests" runstate="Runnable" seed="1410185230" result="Passed" start-time="2017-05-21 16:24:30Z" end-time="2017-05-21 16:24:30Z" duration="0.003773" asserts="1" />
            <test-case id="0-1060" name="IfTheThreateningPieceNotAKnightButIsAdjacentItIsUnblockable(3,3,2,4)" fullname="ChessWithTDD.Tests.CheckMateEscapeManagerTests.IfTheThreateningPieceNotAKnightButIsAdjacentItIsUnblockable(3,3,2,4)" methodname="IfTheThreateningPieceNotAKnightButIsAdjacentItIsUnblockable" classname="ChessWithTDD.Tests.CheckMateEscapeManagerTests" runstate="Runnable" seed="910438576" result="Passed" start-time="2017-05-21 16:24:30Z" end-time="2017-05-21 16:24:30Z" duration="0.002596" asserts="1" />
          </test-suite>
        </test-suite>
        <test-suite type="TestFixture" id="0-1083" name="CheckMateManagerTests" fullname="ChessWithTDD.Tests.CheckMateManagerTests" classname="ChessWithTDD.Tests.CheckMateManagerTests" runstate="Runnable" testcasecount="12" result="Passed" start-time="2017-05-21 16:24:30Z" end-time="2017-05-21 16:24:31Z" duration="0.473297" total="12" passed="12" failed="0" warnings="0" inconclusive="0" skipped="0" asserts="15">
          <test-case id="0-1094" name="IfBlackKingAndBoardInCheckAndAllEscapeManagerMethodsReturnFalseThenCheckMate" fullname="ChessWithTDD.Tests.CheckMateManagerTests.IfBlackKingAndBoardInCheckAndAllEscapeManagerMethodsReturnFalseThenCheckMate" methodname="IfBlackKingAndBoardInCheckAndAllEscapeManagerMethodsReturnFalseThenCheckMate" classname="ChessWithTDD.Tests.CheckMateManagerTests" runstate="Runnable" seed="508027448" result="Passed" start-time="2017-05-21 16:24:30Z" end-time="2017-05-21 16:24:30Z" duration="0.066598" asserts="1" />
          <test-case id="0-1093" name="IfBlackKingAndBoardInCheckAndAttackingMoveCanBeBlockedThenNoCheckMate" fullname="ChessWithTDD.Tests.CheckMateManagerTests.IfBlackKingAndBoardInCheckAndAttackingMoveCanBeBlockedThenNoCheckMate" methodname="IfBlackKingAndBoardInCheckAndAttackingMoveCanBeBlockedThenNoCheckMate" classname="ChessWithTDD.Tests.CheckMateManagerTests" runstate="Runnable" seed="952968139" result="Passed" start-time="2017-05-21 16:24:30Z" end-time="2017-05-21 16:24:30Z" duration="0.018641" asserts="1" />
          <test-case id="0-1090" name="IfBlackKingAndBoardInCheckAndKingCanEscapeThenNoCheckMate" fullname="ChessWithTDD.Tests.CheckMateManagerTests.IfBlackKingAndBoardInCheckAndKingCanEscapeThenNoCheckMate" methodname="IfBlackKingAndBoardInCheckAndKingCanEscapeThenNoCheckMate" classname="ChessWithTDD.Tests.CheckMateManagerTests" runstate="Runnable" seed="1394919680" result="Passed" start-time="2017-05-21 16:24:30Z" end-time="2017-05-21 16:24:30Z" duration="0.018315" asserts="1" />
          <test-case id="0-1091" name="IfBlackKingAndBoardInCheckAndThreateningPieceCanBeTakenThenNoCheckMate" fullname="ChessWithTDD.Tests.CheckMateManagerTests.IfBlackKingAndBoardInCheckAndThreateningPieceCanBeTakenThenNoCheckMate" methodname="IfBlackKingAndBoardInCheckAndThreateningPieceCanBeTakenThenNoCheckMate" classname="ChessWithTDD.Tests.CheckMateManagerTests" runstate="Runnable" seed="388030926" result="Passed" start-time="2017-05-21 16:24:30Z" end-time="2017-05-21 16:24:30Z" duration="0.018897" asserts="1" />
          <test-case id="0-1092" name="IfBlackKingAndBoardInCheckAndThreateningPieceIsUnblockableThenCheckMate" fullname="ChessWithTDD.Tests.CheckMateManagerTests.IfBlackKingAndBoardInCheckAndThreateningPieceIsUnblockableThenCheckMate" methodname="IfBlackKingAndBoardInCheckAndThreateningPieceIsUnblockableThenCheckMate" classname="ChessWithTDD.Tests.CheckMateManagerTests" runstate="Runnable" seed="1628360357" result="Passed" start-time="2017-05-21 16:24:30Z" end-time="2017-05-21 16:24:31Z" duration="0.010140" asserts="1" />
          <test-case id="0-1084" name="IfBoardNotInCheckThenNoCheckMate" fullname="ChessWithTDD.Tests.CheckMateManagerTests.IfBoardNotInCheckThenNoCheckMate" methodname="IfBoardNotInCheckThenNoCheckMate" classname="ChessWithTDD.Tests.CheckMateManagerTests" runstate="Runnable" seed="516476496" result="Passed" start-time="2017-05-21 16:24:31Z" end-time="2017-05-21 16:24:31Z" duration="0.003229" asserts="1" />
          <test-case id="0-1089" name="IfWhiteKingAndBoardInCheckAndAllEscapeManagerMethodsReturnFalseThenCheckMate" fullname="ChessWithTDD.Tests.CheckMateManagerTests.IfWhiteKingAndBoardInCheckAndAllEscapeManagerMethodsReturnFalseThenCheckMate" methodname="IfWhiteKingAndBoardInCheckAndAllEscapeManagerMethodsReturnFalseThenCheckMate" classname="ChessWithTDD.Tests.CheckMateManagerTests" runstate="Runnable" seed="1137566022" result="Passed" start-time="2017-05-21 16:24:31Z" end-time="2017-05-21 16:24:31Z" duration="0.017736" asserts="1" />
          <test-case id="0-1088" name="IfWhiteKingAndBoardInCheckAndAttackingMoveCanBeBlockedThenNoCheckMate" fullname="ChessWithTDD.Tests.CheckMateManagerTests.IfWhiteKingAndBoardInCheckAndAttackingMoveCanBeBlockedThenNoCheckMate" methodname="IfWhiteKingAndBoardInCheckAndAttackingMoveCanBeBlockedThenNoCheckMate" classname="ChessWithTDD.Tests.CheckMateManagerTests" runstate="Runnable" seed="1873512096" result="Passed" start-time="2017-05-21 16:24:31Z" end-time="2017-05-21 16:24:31Z" duration="0.019671" asserts="1" />
          <test-case id="0-1085" name="IfWhiteKingAndBoardInCheckAndKingCanEscapeThenNoCheckMate" fullname="ChessWithTDD.Tests.CheckMateManagerTests.IfWhiteKingAndBoardInCheckAndKingCanEscapeThenNoCheckMate" methodname="IfWhiteKingAndBoardInCheckAndKingCanEscapeThenNoCheckMate" classname="ChessWithTDD.Tests.CheckMateManagerTests" runstate="Runnable" seed="2074567070" result="Passed" start-time="2017-05-21 16:24:31Z" end-time="2017-05-21 16:24:31Z" duration="0.017814" asserts="1" />
          <test-case id="0-1086" name="IfWhiteKingAndBoardInCheckAndThreateningPieceCanBeTakenThenNoCheckMate" fullname="ChessWithTDD.Tests.CheckMateManagerTests.IfWhiteKingAndBoardInCheckAndThreateningPieceCanBeTakenThenNoCheckMate" methodname="IfWhiteKingAndBoardInCheckAndThreateningPieceCanBeTakenThenNoCheckMate" classname="ChessWithTDD.Tests.CheckMateManagerTests" runstate="Runnable" seed="1908622156" result="Passed" start-time="2017-05-21 16:24:31Z" end-time="2017-05-21 16:24:31Z" duration="0.014730" asserts="1" />
          <test-case id="0-1087" name="IfWhiteKingAndBoardInCheckAndThreateningPieceIsUnblockableThenCheckMate" fullname="ChessWithTDD.Tests.CheckMateManagerTests.IfWhiteKingAndBoardInCheckAndThreateningPieceIsUnblockableThenCheckMate" methodname="IfWhiteKingAndBoardInCheckAndThreateningPieceIsUnblockableThenCheckMate" classname="ChessWithTDD.Tests.CheckMateManagerTests" runstate="Runnable" seed="2023678643" result="Passed" start-time="2017-05-21 16:24:31Z" end-time="2017-05-21 16:24:31Z" duration="0.011662" asserts="1" />
          <test-case id="0-1095" name="TestOrderingOfCheckMateManagerCallsForBlackKing" fullname="ChessWithTDD.Tests.CheckMateManagerTests.TestOrderingOfCheckMateManagerCallsForBlackKing" methodname="TestOrderingOfCheckMateManagerCallsForBlackKing" classname="ChessWithTDD.Tests.CheckMateManagerTests" runstate="Runnable" seed="1956734894" result="Passed" start-time="2017-05-21 16:24:31Z" end-time="2017-05-21 16:24:31Z" duration="0.033923" asserts="4" />
        </test-suite>
        <test-suite type="TestFixture" id="0-1154" name="EnPassantManagerTests" fullname="ChessWithTDD.Tests.EnPassantManagerTests" classname="ChessWithTDD.Tests.EnPassantManagerTests" runstate="Runnable" testcasecount="26" result="Passed" start-time="2017-05-21 16:24:31Z" end-time="2017-05-21 16:24:32Z" duration="0.968395" total="26" passed="26" failed="0" warnings="0" inconclusive="0" skipped="0" asserts="4">
          <test-suite type="ParameterizedMethod" id="0-1166" name="DoNotMarkPassedSquareWithEnPassantMarkIfMovingOneSquareDown" fullname="ChessWithTDD.Tests.EnPassantManagerTests.DoNotMarkPassedSquareWithEnPassantMarkIfMovingOneSquareDown" classname="ChessWithTDD.Tests.EnPassantManagerTests" runstate="Runnable" testcasecount="2" result="Passed" start-time="2017-05-21 16:24:31Z" end-time="2017-05-21 16:24:31Z" duration="0.066080" total="2" passed="2" failed="0" warnings="0" inconclusive="0" skipped="0" asserts="0">
            <test-case id="0-1164" name="DoNotMarkPassedSquareWithEnPassantMarkIfMovingOneSquareDown(6,4,5,4)" fullname="ChessWithTDD.Tests.EnPassantManagerTests.DoNotMarkPassedSquareWithEnPassantMarkIfMovingOneSquareDown(6,4,5,4)" methodname="DoNotMarkPassedSquareWithEnPassantMarkIfMovingOneSquareDown" classname="ChessWithTDD.Tests.EnPassantManagerTests" runstate="Runnable" seed="1471064718" result="Passed" start-time="2017-05-21 16:24:31Z" end-time="2017-05-21 16:24:31Z" duration="0.032487" asserts="0" />
            <test-case id="0-1165" name="DoNotMarkPassedSquareWithEnPassantMarkIfMovingOneSquareDown(5,3,4,3)" fullname="ChessWithTDD.Tests.EnPassantManagerTests.DoNotMarkPassedSquareWithEnPassantMarkIfMovingOneSquareDown(5,3,4,3)" methodname="DoNotMarkPassedSquareWithEnPassantMarkIfMovingOneSquareDown" classname="ChessWithTDD.Tests.EnPassantManagerTests" runstate="Runnable" seed="917551443" result="Passed" start-time="2017-05-21 16:24:31Z" end-time="2017-05-21 16:24:31Z" duration="0.002990" asserts="0" />
          </test-suite>
          <test-suite type="ParameterizedMethod" id="0-1163" name="DoNotMarkPassedSquareWithEnPassantMarkIfMovingOneSquareUp" fullname="ChessWithTDD.Tests.EnPassantManagerTests.DoNotMarkPassedSquareWithEnPassantMarkIfMovingOneSquareUp" classname="ChessWithTDD.Tests.EnPassantManagerTests" runstate="Runnable" testcasecount="2" result="Passed" start-time="2017-05-21 16:24:31Z" end-time="2017-05-21 16:24:31Z" duration="0.051641" total="2" passed="2" failed="0" warnings="0" inconclusive="0" skipped="0" asserts="0">
            <test-case id="0-1161" name="DoNotMarkPassedSquareWithEnPassantMarkIfMovingOneSquareUp(2,4,3,4)" fullname="ChessWithTDD.Tests.EnPassantManagerTests.DoNotMarkPassedSquareWithEnPassantMarkIfMovingOneSquareUp(2,4,3,4)" methodname="DoNotMarkPassedSquareWithEnPassantMarkIfMovingOneSquareUp" classname="ChessWithTDD.Tests.EnPassantManagerTests" runstate="Runnable" seed="1669094727" result="Passed" start-time="2017-05-21 16:24:31Z" end-time="2017-05-21 16:24:31Z" duration="0.004271" asserts="0" />
            <test-case id="0-1162" name="DoNotMarkPassedSquareWithEnPassantMarkIfMovingOneSquareUp(1,3,2,3)" fullname="ChessWithTDD.Tests.EnPassantManagerTests.DoNotMarkPassedSquareWithEnPassantMarkIfMovingOneSquareUp(1,3,2,3)" methodname="DoNotMarkPassedSquareWithEnPassantMarkIfMovingOneSquareUp" classname="ChessWithTDD.Tests.EnPassantManagerTests" runstate="Runnable" seed="708999203" result="Passed" start-time="2017-05-21 16:24:31Z" end-time="2017-05-21 16:24:31Z" duration="0.001828" asserts="0" />
          </test-suite>
          <test-suite type="ParameterizedMethod" id="0-1172" name="IfBoardIsMarkedTwoTurnsAgoTheMarkIsRemovedForPawnMovingDown" fullname="ChessWithTDD.Tests.EnPassantManagerTests.IfBoardIsMarkedTwoTurnsAgoTheMarkIsRemovedForPawnMovingDown" classname="ChessWithTDD.Tests.EnPassantManagerTests" runstate="Runnable" testcasecount="2" result="Passed" start-time="2017-05-21 16:24:31Z" end-time="2017-05-21 16:24:31Z" duration="0.052500" total="2" passed="2" failed="0" warnings="0" inconclusive="0" skipped="0" asserts="0">
            <test-case id="0-1170" name="IfBoardIsMarkedTwoTurnsAgoTheMarkIsRemovedForPawnMovingDown(6,4,4,4,2)" fullname="ChessWithTDD.Tests.EnPassantManagerTests.IfBoardIsMarkedTwoTurnsAgoTheMarkIsRemovedForPawnMovingDown(6,4,4,4,2)" methodname="IfBoardIsMarkedTwoTurnsAgoTheMarkIsRemovedForPawnMovingDown" classname="ChessWithTDD.Tests.EnPassantManagerTests" runstate="Runnable" seed="223808816" result="Passed" start-time="2017-05-21 16:24:31Z" end-time="2017-05-21 16:24:31Z" duration="0.027199" asserts="0" />
            <test-case id="0-1171" name="IfBoardIsMarkedTwoTurnsAgoTheMarkIsRemovedForPawnMovingDown(5,3,3,3,5)" fullname="ChessWithTDD.Tests.EnPassantManagerTests.IfBoardIsMarkedTwoTurnsAgoTheMarkIsRemovedForPawnMovingDown(5,3,3,3,5)" methodname="IfBoardIsMarkedTwoTurnsAgoTheMarkIsRemovedForPawnMovingDown" classname="ChessWithTDD.Tests.EnPassantManagerTests" runstate="Runnable" seed="66629808" result="Passed" start-time="2017-05-21 16:24:31Z" end-time="2017-05-21 16:24:31Z" duration="0.005684" asserts="0" />
          </test-suite>
          <test-suite type="ParameterizedMethod" id="0-1169" name="IfBoardIsMarkedTwoTurnsAgoTheMarkIsRemovedForPawnMovingUp" fullname="ChessWithTDD.Tests.EnPassantManagerTests.IfBoardIsMarkedTwoTurnsAgoTheMarkIsRemovedForPawnMovingUp" classname="ChessWithTDD.Tests.EnPassantManagerTests" runstate="Runnable" testcasecount="2" result="Passed" start-time="2017-05-21 16:24:31Z" end-time="2017-05-21 16:24:31Z" duration="0.062589" total="2" passed="2" failed="0" warnings="0" inconclusive="0" skipped="0" asserts="0">
            <test-case id="0-1167" name="IfBoardIsMarkedTwoTurnsAgoTheMarkIsRemovedForPawnMovingUp(2,4,4,4,2)" fullname="ChessWithTDD.Tests.EnPassantManagerTests.IfBoardIsMarkedTwoTurnsAgoTheMarkIsRemovedForPawnMovingUp(2,4,4,4,2)" methodname="IfBoardIsMarkedTwoTurnsAgoTheMarkIsRemovedForPawnMovingUp" classname="ChessWithTDD.Tests.EnPassantManagerTests" runstate="Runnable" seed="964385005" result="Passed" start-time="2017-05-21 16:24:31Z" end-time="2017-05-21 16:24:31Z" duration="0.010735" asserts="0" />
            <test-case id="0-1168" name="IfBoardIsMarkedTwoTurnsAgoTheMarkIsRemovedForPawnMovingUp(1,3,3,3,5)" fullname="ChessWithTDD.Tests.EnPassantManagerTests.IfBoardIsMarkedTwoTurnsAgoTheMarkIsRemovedForPawnMovingUp(1,3,3,3,5)" methodname="IfBoardIsMarkedTwoTurnsAgoTheMarkIsRemovedForPawnMovingUp" classname="ChessWithTDD.Tests.EnPassantManagerTests" runstate="Runnable" seed="2117266322" result="Passed" start-time="2017-05-21 16:24:31Z" end-time="2017-05-21 16:24:31Z" duration="0.002440" asserts="0" />
          </test-suite>
          <test-suite type="ParameterizedMethod" id="0-1175" name="IfBoardMarkedOneTurnAgoTheMarkIsNotRemoved" fullname="ChessWithTDD.Tests.EnPassantManagerTests.IfBoardMarkedOneTurnAgoTheMarkIsNotRemoved" classname="ChessWithTDD.Tests.EnPassantManagerTests" runstate="Runnable" testcasecount="2" result="Passed" start-time="2017-05-21 16:24:31Z" end-time="2017-05-21 16:24:31Z" duration="0.049040" total="2" passed="2" failed="0" warnings="0" inconclusive="0" skipped="0" asserts="0">
            <test-case id="0-1173" name="IfBoardMarkedOneTurnAgoTheMarkIsNotRemoved(6,4,4,4,2)" fullname="ChessWithTDD.Tests.EnPassantManagerTests.IfBoardMarkedOneTurnAgoTheMarkIsNotRemoved(6,4,4,4,2)" methodname="IfBoardMarkedOneTurnAgoTheMarkIsNotRemoved" classname="ChessWithTDD.Tests.EnPassantManagerTests" runstate="Runnable" seed="1389149257" result="Passed" start-time="2017-05-21 16:24:31Z" end-time="2017-05-21 16:24:31Z" duration="0.006026" asserts="0" />
            <test-case id="0-1174" name="IfBoardMarkedOneTurnAgoTheMarkIsNotRemoved(5,3,3,3,5)" fullname="ChessWithTDD.Tests.EnPassantManagerTests.IfBoardMarkedOneTurnAgoTheMarkIsNotRemoved(5,3,3,3,5)" methodname="IfBoardMarkedOneTurnAgoTheMarkIsNotRemoved" classname="ChessWithTDD.Tests.EnPassantManagerTests" runstate="Runnable" seed="2045766952" result="Passed" start-time="2017-05-21 16:24:31Z" end-time="2017-05-21 16:24:31Z" duration="0.002541" asserts="0" />
          </test-suite>
          <test-suite type="ParameterizedMethod" id="0-1193" name="IfToSquareDoesNotHaveEnPassantMarkAndTheMoveIsDiagonallyDownThenNothingHappens" fullname="ChessWithTDD.Tests.EnPassantManagerTests.IfToSquareDoesNotHaveEnPassantMarkAndTheMoveIsDiagonallyDownThenNothingHappens" classname="ChessWithTDD.Tests.EnPassantManagerTests" runstate="Runnable" testcasecount="2" result="Passed" start-time="2017-05-21 16:24:31Z" end-time="2017-05-21 16:24:31Z" duration="0.060622" total="2" passed="2" failed="0" warnings="0" inconclusive="0" skipped="0" asserts="0">
            <test-case id="0-1191" name="IfToSquareDoesNotHaveEnPassantMarkAndTheMoveIsDiagonallyDownThenNothingHappens(6,4,5,3)" fullname="ChessWithTDD.Tests.EnPassantManagerTests.IfToSquareDoesNotHaveEnPassantMarkAndTheMoveIsDiagonallyDownThenNothingHappens(6,4,5,3)" methodname="IfToSquareDoesNotHaveEnPassantMarkAndTheMoveIsDiagonallyDownThenNothingHappens" classname="ChessWithTDD.Tests.EnPassantManagerTests" runstate="Runnable" seed="1208141033" result="Passed" start-time="2017-05-21 16:24:31Z" end-time="2017-05-21 16:24:31Z" duration="0.011206" asserts="0" />
            <test-case id="0-1192" name="IfToSquareDoesNotHaveEnPassantMarkAndTheMoveIsDiagonallyDownThenNothingHappens(5,3,4,4)" fullname="ChessWithTDD.Tests.EnPassantManagerTests.IfToSquareDoesNotHaveEnPassantMarkAndTheMoveIsDiagonallyDownThenNothingHappens(5,3,4,4)" methodname="IfToSquareDoesNotHaveEnPassantMarkAndTheMoveIsDiagonallyDownThenNothingHappens" classname="ChessWithTDD.Tests.EnPassantManagerTests" runstate="Runnable" seed="449054425" result="Passed" start-time="2017-05-21 16:24:31Z" end-time="2017-05-21 16:24:31Z" duration="0.003498" asserts="0" />
          </test-suite>
          <test-suite type="ParameterizedMethod" id="0-1184" name="IfToSquareDoesNotHaveEnPassantMarkAndTheMoveIsDiagonallyUpThenNothingHappens" fullname="ChessWithTDD.Tests.EnPassantManagerTests.IfToSquareDoesNotHaveEnPassantMarkAndTheMoveIsDiagonallyUpThenNothingHappens" classname="ChessWithTDD.Tests.EnPassantManagerTests" runstate="Runnable" testcasecount="2" result="Passed" start-time="2017-05-21 16:24:31Z" end-time="2017-05-21 16:24:31Z" duration="0.046586" total="2" passed="2" failed="0" warnings="0" inconclusive="0" skipped="0" asserts="0">
            <test-case id="0-1182" name="IfToSquareDoesNotHaveEnPassantMarkAndTheMoveIsDiagonallyUpThenNothingHappens(2,4,3,5)" fullname="ChessWithTDD.Tests.EnPassantManagerTests.IfToSquareDoesNotHaveEnPassantMarkAndTheMoveIsDiagonallyUpThenNothingHappens(2,4,3,5)" methodname="IfToSquareDoesNotHaveEnPassantMarkAndTheMoveIsDiagonallyUpThenNothingHappens" classname="ChessWithTDD.Tests.EnPassantManagerTests" runstate="Runnable" seed="1997216570" result="Passed" start-time="2017-05-21 16:24:31Z" end-time="2017-05-21 16:24:31Z" duration="0.010427" asserts="0" />
            <test-case id="0-1183" name="IfToSquareDoesNotHaveEnPassantMarkAndTheMoveIsDiagonallyUpThenNothingHappens(1,3,2,2)" fullname="ChessWithTDD.Tests.EnPassantManagerTests.IfToSquareDoesNotHaveEnPassantMarkAndTheMoveIsDiagonallyUpThenNothingHappens(1,3,2,2)" methodname="IfToSquareDoesNotHaveEnPassantMarkAndTheMoveIsDiagonallyUpThenNothingHappens" classname="ChessWithTDD.Tests.EnPassantManagerTests" runstate="Runnable" seed="294627204" result="Passed" start-time="2017-05-21 16:24:31Z" end-time="2017-05-21 16:24:31Z" duration="0.003489" asserts="0" />
          </test-suite>
          <test-suite type="ParameterizedMethod" id="0-1187" name="IfToSquareHasEnPassantMarkAndTheMoveIsDiagonallyDownThenSquareUnmarkedAndPieceAboveTakenAndSquareAddedToPendingUpdates" fullname="ChessWithTDD.Tests.EnPassantManagerTests.IfToSquareHasEnPassantMarkAndTheMoveIsDiagonallyDownThenSquareUnmarkedAndPieceAboveTakenAndSquareAddedToPendingUpdates" classname="ChessWithTDD.Tests.EnPassantManagerTests" runstate="Runnable" testcasecount="2" result="Passed" start-time="2017-05-21 16:24:31Z" end-time="2017-05-21 16:24:31Z" duration="0.058081" total="2" passed="2" failed="0" warnings="0" inconclusive="0" skipped="0" asserts="2">
            <test-case id="0-1185" name="IfToSquareHasEnPassantMarkAndTheMoveIsDiagonallyDownThenSquareUnmarkedAndPieceAboveTakenAndSquareAddedToPendingUpdates(6,4,5,3)" fullname="ChessWithTDD.Tests.EnPassantManagerTests.IfToSquareHasEnPassantMarkAndTheMoveIsDiagonallyDownThenSquareUnmarkedAndPieceAboveTakenAndSquareAddedToPendingUpdates(6,4,5,3)" methodname="IfToSquareHasEnPassantMarkAndTheMoveIsDiagonallyDownThenSquareUnmarkedAndPieceAboveTakenAndSquareAddedToPendingUpdates" classname="ChessWithTDD.Tests.EnPassantManagerTests" runstate="Runnable" seed="668792758" result="Passed" start-time="2017-05-21 16:24:31Z" end-time="2017-05-21 16:24:31Z" duration="0.024575" asserts="1" />
            <test-case id="0-1186" name="IfToSquareHasEnPassantMarkAndTheMoveIsDiagonallyDownThenSquareUnmarkedAndPieceAboveTakenAndSquareAddedToPendingUpdates(5,3,4,4)" fullname="ChessWithTDD.Tests.EnPassantManagerTests.IfToSquareHasEnPassantMarkAndTheMoveIsDiagonallyDownThenSquareUnmarkedAndPieceAboveTakenAndSquareAddedToPendingUpdates(5,3,4,4)" methodname="IfToSquareHasEnPassantMarkAndTheMoveIsDiagonallyDownThenSquareUnmarkedAndPieceAboveTakenAndSquareAddedToPendingUpdates" classname="ChessWithTDD.Tests.EnPassantManagerTests" runstate="Runnable" seed="2082213883" result="Passed" start-time="2017-05-21 16:24:31Z" end-time="2017-05-21 16:24:31Z" duration="0.010313" asserts="1" />
          </test-suite>
          <test-suite type="ParameterizedMethod" id="0-1178" name="IfToSquareHasEnPassantMarkAndTheMoveIsDiagonallyUpThenSquareUnmarkedAndPieceBelowTakenAndSquareAddedToPendingUpdates" fullname="ChessWithTDD.Tests.EnPassantManagerTests.IfToSquareHasEnPassantMarkAndTheMoveIsDiagonallyUpThenSquareUnmarkedAndPieceBelowTakenAndSquareAddedToPendingUpdates" classname="ChessWithTDD.Tests.EnPassantManagerTests" runstate="Runnable" testcasecount="2" result="Passed" start-time="2017-05-21 16:24:31Z" end-time="2017-05-21 16:24:31Z" duration="0.077584" total="2" passed="2" failed="0" warnings="0" inconclusive="0" skipped="0" asserts="2">
            <test-case id="0-1176" name="IfToSquareHasEnPassantMarkAndTheMoveIsDiagonallyUpThenSquareUnmarkedAndPieceBelowTakenAndSquareAddedToPendingUpdates(2,4,3,5)" fullname="ChessWithTDD.Tests.EnPassantManagerTests.IfToSquareHasEnPassantMarkAndTheMoveIsDiagonallyUpThenSquareUnmarkedAndPieceBelowTakenAndSquareAddedToPendingUpdates(2,4,3,5)" methodname="IfToSquareHasEnPassantMarkAndTheMoveIsDiagonallyUpThenSquareUnmarkedAndPieceBelowTakenAndSquareAddedToPendingUpdates" classname="ChessWithTDD.Tests.EnPassantManagerTests" runstate="Runnable" seed="945738764" result="Passed" start-time="2017-05-21 16:24:31Z" end-time="2017-05-21 16:24:31Z" duration="0.022154" asserts="1" />
            <test-case id="0-1177" name="IfToSquareHasEnPassantMarkAndTheMoveIsDiagonallyUpThenSquareUnmarkedAndPieceBelowTakenAndSquareAddedToPendingUpdates(1,3,2,2)" fullname="ChessWithTDD.Tests.EnPassantManagerTests.IfToSquareHasEnPassantMarkAndTheMoveIsDiagonallyUpThenSquareUnmarkedAndPieceBelowTakenAndSquareAddedToPendingUpdates(1,3,2,2)" methodname="IfToSquareHasEnPassantMarkAndTheMoveIsDiagonallyUpThenSquareUnmarkedAndPieceBelowTakenAndSquareAddedToPendingUpdates" classname="ChessWithTDD.Tests.EnPassantManagerTests" runstate="Runnable" seed="2015641774" result="Passed" start-time="2017-05-21 16:24:31Z" end-time="2017-05-21 16:24:31Z" duration="0.010337" asserts="1" />
          </test-suite>
          <test-suite type="ParameterizedMethod" id="0-1190" name="IfToSquareHasEnPassantMarkButMoveNotDiagonallyDownThenNothingHappens" fullname="ChessWithTDD.Tests.EnPassantManagerTests.IfToSquareHasEnPassantMarkButMoveNotDiagonallyDownThenNothingHappens" classname="ChessWithTDD.Tests.EnPassantManagerTests" runstate="Runnable" testcasecount="2" result="Passed" start-time="2017-05-21 16:24:31Z" end-time="2017-05-21 16:24:32Z" duration="0.062120" total="2" passed="2" failed="0" warnings="0" inconclusive="0" skipped="0" asserts="0">
            <test-case id="0-1188" name="IfToSquareHasEnPassantMarkButMoveNotDiagonallyDownThenNothingHappens(6,4,3,3)" fullname="ChessWithTDD.Tests.EnPassantManagerTests.IfToSquareHasEnPassantMarkButMoveNotDiagonallyDownThenNothingHappens(6,4,3,3)" methodname="IfToSquareHasEnPassantMarkButMoveNotDiagonallyDownThenNothingHappens" classname="ChessWithTDD.Tests.EnPassantManagerTests" runstate="Runnable" seed="2090209300" result="Passed" start-time="2017-05-21 16:24:32Z" end-time="2017-05-21 16:24:32Z" duration="0.009429" asserts="0" />
            <test-case id="0-1189" name="IfToSquareHasEnPassantMarkButMoveNotDiagonallyDownThenNothingHappens(5,3,2,4)" fullname="ChessWithTDD.Tests.EnPassantManagerTests.IfToSquareHasEnPassantMarkButMoveNotDiagonallyDownThenNothingHappens(5,3,2,4)" methodname="IfToSquareHasEnPassantMarkButMoveNotDiagonallyDownThenNothingHappens" classname="ChessWithTDD.Tests.EnPassantManagerTests" runstate="Runnable" seed="1576924029" result="Passed" start-time="2017-05-21 16:24:32Z" end-time="2017-05-21 16:24:32Z" duration="0.008045" asserts="0" />
          </test-suite>
          <test-suite type="ParameterizedMethod" id="0-1181" name="IfToSquareHasEnPassantMarkButMoveNotDiagonallyUpThenNothingHappens" fullname="ChessWithTDD.Tests.EnPassantManagerTests.IfToSquareHasEnPassantMarkButMoveNotDiagonallyUpThenNothingHappens" classname="ChessWithTDD.Tests.EnPassantManagerTests" runstate="Runnable" testcasecount="2" result="Passed" start-time="2017-05-21 16:24:32Z" end-time="2017-05-21 16:24:32Z" duration="0.057081" total="2" passed="2" failed="0" warnings="0" inconclusive="0" skipped="0" asserts="0">
            <test-case id="0-1179" name="IfToSquareHasEnPassantMarkButMoveNotDiagonallyUpThenNothingHappens(2,4,4,5)" fullname="ChessWithTDD.Tests.EnPassantManagerTests.IfToSquareHasEnPassantMarkButMoveNotDiagonallyUpThenNothingHappens(2,4,4,5)" methodname="IfToSquareHasEnPassantMarkButMoveNotDiagonallyUpThenNothingHappens" classname="ChessWithTDD.Tests.EnPassantManagerTests" runstate="Runnable" seed="1305427147" result="Passed" start-time="2017-05-21 16:24:32Z" end-time="2017-05-21 16:24:32Z" duration="0.019907" asserts="0" />
            <test-case id="0-1180" name="IfToSquareHasEnPassantMarkButMoveNotDiagonallyUpThenNothingHappens(1,3,5,2)" fullname="ChessWithTDD.Tests.EnPassantManagerTests.IfToSquareHasEnPassantMarkButMoveNotDiagonallyUpThenNothingHappens(1,3,5,2)" methodname="IfToSquareHasEnPassantMarkButMoveNotDiagonallyUpThenNothingHappens" classname="ChessWithTDD.Tests.EnPassantManagerTests" runstate="Runnable" seed="1982200235" result="Passed" start-time="2017-05-21 16:24:32Z" end-time="2017-05-21 16:24:32Z" duration="0.007197" asserts="0" />
          </test-suite>
          <test-suite type="ParameterizedMethod" id="0-1160" name="MarkPassedSquareWithEnPassantMarkIfMovingTwoSquaresDown" fullname="ChessWithTDD.Tests.EnPassantManagerTests.MarkPassedSquareWithEnPassantMarkIfMovingTwoSquaresDown" classname="ChessWithTDD.Tests.EnPassantManagerTests" runstate="Runnable" testcasecount="2" result="Passed" start-time="2017-05-21 16:24:32Z" end-time="2017-05-21 16:24:32Z" duration="0.034637" total="2" passed="2" failed="0" warnings="0" inconclusive="0" skipped="0" asserts="0">
            <test-case id="0-1158" name="MarkPassedSquareWithEnPassantMarkIfMovingTwoSquaresDown(6,4,4,4)" fullname="ChessWithTDD.Tests.EnPassantManagerTests.MarkPassedSquareWithEnPassantMarkIfMovingTwoSquaresDown(6,4,4,4)" methodname="MarkPassedSquareWithEnPassantMarkIfMovingTwoSquaresDown" classname="ChessWithTDD.Tests.EnPassantManagerTests" runstate="Runnable" seed="93513539" result="Passed" start-time="2017-05-21 16:24:32Z" end-time="2017-05-21 16:24:32Z" duration="0.010832" asserts="0" />
            <test-case id="0-1159" name="MarkPassedSquareWithEnPassantMarkIfMovingTwoSquaresDown(5,3,3,3)" fullname="ChessWithTDD.Tests.EnPassantManagerTests.MarkPassedSquareWithEnPassantMarkIfMovingTwoSquaresDown(5,3,3,3)" methodname="MarkPassedSquareWithEnPassantMarkIfMovingTwoSquaresDown" classname="ChessWithTDD.Tests.EnPassantManagerTests" runstate="Runnable" seed="535872091" result="Passed" start-time="2017-05-21 16:24:32Z" end-time="2017-05-21 16:24:32Z" duration="0.005097" asserts="0" />
          </test-suite>
          <test-suite type="ParameterizedMethod" id="0-1157" name="MarkPassedSquareWithEnPassantMarkIfMovingTwoSquaresUp" fullname="ChessWithTDD.Tests.EnPassantManagerTests.MarkPassedSquareWithEnPassantMarkIfMovingTwoSquaresUp" classname="ChessWithTDD.Tests.EnPassantManagerTests" runstate="Runnable" testcasecount="2" result="Passed" start-time="2017-05-21 16:24:32Z" end-time="2017-05-21 16:24:32Z" duration="0.029215" total="2" passed="2" failed="0" warnings="0" inconclusive="0" skipped="0" asserts="0">
            <test-case id="0-1155" name="MarkPassedSquareWithEnPassantMarkIfMovingTwoSquaresUp(2,4,4,4)" fullname="ChessWithTDD.Tests.EnPassantManagerTests.MarkPassedSquareWithEnPassantMarkIfMovingTwoSquaresUp(2,4,4,4)" methodname="MarkPassedSquareWithEnPassantMarkIfMovingTwoSquaresUp" classname="ChessWithTDD.Tests.EnPassantManagerTests" runstate="Runnable" seed="817562836" result="Passed" start-time="2017-05-21 16:24:32Z" end-time="2017-05-21 16:24:32Z" duration="0.005524" asserts="0" />
            <test-case id="0-1156" name="MarkPassedSquareWithEnPassantMarkIfMovingTwoSquaresUp(1,3,3,3)" fullname="ChessWithTDD.Tests.EnPassantManagerTests.MarkPassedSquareWithEnPassantMarkIfMovingTwoSquaresUp(1,3,3,3)" methodname="MarkPassedSquareWithEnPassantMarkIfMovingTwoSquaresUp" classname="ChessWithTDD.Tests.EnPassantManagerTests" runstate="Runnable" seed="1552238579" result="Passed" start-time="2017-05-21 16:24:32Z" end-time="2017-05-21 16:24:32Z" duration="0.002493" asserts="0" />
          </test-suite>
        </test-suite>
        <test-suite type="TestFixture" id="0-1096" name="GenericMoveValidatorTests" fullname="ChessWithTDD.Tests.GenericMoveValidatorTests" classname="ChessWithTDD.Tests.GenericMoveValidatorTests" runstate="Runnable" testcasecount="19" result="Passed" start-time="2017-05-21 16:24:32Z" end-time="2017-05-21 16:24:32Z" duration="0.545124" total="19" passed="19" failed="0" warnings="0" inconclusive="0" skipped="0" asserts="19">
          <test-suite type="ParameterizedMethod" id="0-1111" name="MoveWhereFromSquareDoesNotContainPieceIsNotValid" fullname="ChessWithTDD.Tests.GenericMoveValidatorTests.MoveWhereFromSquareDoesNotContainPieceIsNotValid" classname="ChessWithTDD.Tests.GenericMoveValidatorTests" runstate="Runnable" testcasecount="2" result="Passed" start-time="2017-05-21 16:24:32Z" end-time="2017-05-21 16:24:32Z" duration="0.050560" total="2" passed="2" failed="0" warnings="0" inconclusive="0" skipped="0" asserts="2">
            <test-case id="0-1109" name="MoveWhereFromSquareDoesNotContainPieceIsNotValid(1,1,2,2)" fullname="ChessWithTDD.Tests.GenericMoveValidatorTests.MoveWhereFromSquareDoesNotContainPieceIsNotValid(1,1,2,2)" methodname="MoveWhereFromSquareDoesNotContainPieceIsNotValid" classname="ChessWithTDD.Tests.GenericMoveValidatorTests" runstate="Runnable" seed="2129404315" result="Passed" start-time="2017-05-21 16:24:32Z" end-time="2017-05-21 16:24:32Z" duration="0.004481" asserts="1" />
            <test-case id="0-1110" name="MoveWhereFromSquareDoesNotContainPieceIsNotValid(5,3,7,7)" fullname="ChessWithTDD.Tests.GenericMoveValidatorTests.MoveWhereFromSquareDoesNotContainPieceIsNotValid(5,3,7,7)" methodname="MoveWhereFromSquareDoesNotContainPieceIsNotValid" classname="ChessWithTDD.Tests.GenericMoveValidatorTests" runstate="Runnable" seed="1021578813" result="Passed" start-time="2017-05-21 16:24:32Z" end-time="2017-05-21 16:24:32Z" duration="0.001302" asserts="1" />
          </test-suite>
          <test-suite type="ParameterizedMethod" id="0-1121" name="MoveWhereFromSquareHasAPieceOfDifferentValidColourToToSquareIsValid" fullname="ChessWithTDD.Tests.GenericMoveValidatorTests.MoveWhereFromSquareHasAPieceOfDifferentValidColourToToSquareIsValid" classname="ChessWithTDD.Tests.GenericMoveValidatorTests" runstate="Runnable" testcasecount="2" result="Passed" start-time="2017-05-21 16:24:32Z" end-time="2017-05-21 16:24:32Z" duration="0.061863" total="2" passed="2" failed="0" warnings="0" inconclusive="0" skipped="0" asserts="2">
            <test-case id="0-1119" name="MoveWhereFromSquareHasAPieceOfDifferentValidColourToToSquareIsValid(2,2,2,3)" fullname="ChessWithTDD.Tests.GenericMoveValidatorTests.MoveWhereFromSquareHasAPieceOfDifferentValidColourToToSquareIsValid(2,2,2,3)" methodname="MoveWhereFromSquareHasAPieceOfDifferentValidColourToToSquareIsValid" classname="ChessWithTDD.Tests.GenericMoveValidatorTests" runstate="Runnable" seed="664304414" result="Passed" start-time="2017-05-21 16:24:32Z" end-time="2017-05-21 16:24:32Z" duration="0.002435" asserts="1" />
            <test-case id="0-1120" name="MoveWhereFromSquareHasAPieceOfDifferentValidColourToToSquareIsValid(5,3,6,3)" fullname="ChessWithTDD.Tests.GenericMoveValidatorTests.MoveWhereFromSquareHasAPieceOfDifferentValidColourToToSquareIsValid(5,3,6,3)" methodname="MoveWhereFromSquareHasAPieceOfDifferentValidColourToToSquareIsValid" classname="ChessWithTDD.Tests.GenericMoveValidatorTests" runstate="Runnable" seed="1880074154" result="Passed" start-time="2017-05-21 16:24:32Z" end-time="2017-05-21 16:24:32Z" duration="0.003748" asserts="1" />
          </test-suite>
          <test-suite type="ParameterizedMethod" id="0-1114" name="MoveWhereFromSquareIsSamePositionAsToSquareIsNotValid" fullname="ChessWithTDD.Tests.GenericMoveValidatorTests.MoveWhereFromSquareIsSamePositionAsToSquareIsNotValid" classname="ChessWithTDD.Tests.GenericMoveValidatorTests" runstate="Runnable" testcasecount="2" result="Passed" start-time="2017-05-21 16:24:32Z" end-time="2017-05-21 16:24:32Z" duration="0.024353" total="2" passed="2" failed="0" warnings="0" inconclusive="0" skipped="0" asserts="2">
            <test-case id="0-1112" name="MoveWhereFromSquareIsSamePositionAsToSquareIsNotValid(1,2,1,2)" fullname="ChessWithTDD.Tests.GenericMoveValidatorTests.MoveWhereFromSquareIsSamePositionAsToSquareIsNotValid(1,2,1,2)" methodname="MoveWhereFromSquareIsSamePositionAsToSquareIsNotValid" classname="ChessWithTDD.Tests.GenericMoveValidatorTests" runstate="Runnable" seed="44191695" result="Passed" start-time="2017-05-21 16:24:32Z" end-time="2017-05-21 16:24:32Z" duration="0.004746" asserts="1" />
            <test-case id="0-1113" name="MoveWhereFromSquareIsSamePositionAsToSquareIsNotValid(5,3,5,3)" fullname="ChessWithTDD.Tests.GenericMoveValidatorTests.MoveWhereFromSquareIsSamePositionAsToSquareIsNotValid(5,3,5,3)" methodname="MoveWhereFromSquareIsSamePositionAsToSquareIsNotValid" classname="ChessWithTDD.Tests.GenericMoveValidatorTests" runstate="Runnable" seed="473767441" result="Passed" start-time="2017-05-21 16:24:32Z" end-time="2017-05-21 16:24:32Z" duration="0.006365" asserts="1" />
          </test-suite>
          <test-suite type="ParameterizedMethod" id="0-1108" name="MoveWhereFromSquareOrToSquareIsOffTheBoardIsNotValid" fullname="ChessWithTDD.Tests.GenericMoveValidatorTests.MoveWhereFromSquareOrToSquareIsOffTheBoardIsNotValid" classname="ChessWithTDD.Tests.GenericMoveValidatorTests" runstate="Runnable" testcasecount="8" result="Passed" start-time="2017-05-21 16:24:32Z" end-time="2017-05-21 16:24:32Z" duration="0.194616" total="8" passed="8" failed="0" warnings="0" inconclusive="0" skipped="0" asserts="8">
            <test-case id="0-1100" name="MoveWhereFromSquareOrToSquareIsOffTheBoardIsNotValid(1,1,9,5)" fullname="ChessWithTDD.Tests.GenericMoveValidatorTests.MoveWhereFromSquareOrToSquareIsOffTheBoardIsNotValid(1,1,9,5)" methodname="MoveWhereFromSquareOrToSquareIsOffTheBoardIsNotValid" classname="ChessWithTDD.Tests.GenericMoveValidatorTests" runstate="Runnable" seed="62204498" result="Passed" start-time="2017-05-21 16:24:32Z" end-time="2017-05-21 16:24:32Z" duration="0.002521" asserts="1" />
            <test-case id="0-1101" name="MoveWhereFromSquareOrToSquareIsOffTheBoardIsNotValid(5,3,6,8)" fullname="ChessWithTDD.Tests.GenericMoveValidatorTests.MoveWhereFromSquareOrToSquareIsOffTheBoardIsNotValid(5,3,6,8)" methodname="MoveWhereFromSquareOrToSquareIsOffTheBoardIsNotValid" classname="ChessWithTDD.Tests.GenericMoveValidatorTests" runstate="Runnable" seed="491451154" result="Passed" start-time="2017-05-21 16:24:32Z" end-time="2017-05-21 16:24:32Z" duration="0.001787" asserts="1" />
            <test-case id="0-1102" name="MoveWhereFromSquareOrToSquareIsOffTheBoardIsNotValid(7,8,2,2)" fullname="ChessWithTDD.Tests.GenericMoveValidatorTests.MoveWhereFromSquareOrToSquareIsOffTheBoardIsNotValid(7,8,2,2)" methodname="MoveWhereFromSquareOrToSquareIsOffTheBoardIsNotValid" classname="ChessWithTDD.Tests.GenericMoveValidatorTests" runstate="Runnable" seed="1642418388" result="Passed" start-time="2017-05-21 16:24:32Z" end-time="2017-05-21 16:24:32Z" duration="0.001658" asserts="1" />
            <test-case id="0-1103" name="MoveWhereFromSquareOrToSquareIsOffTheBoardIsNotValid(9,1,2,2)" fullname="ChessWithTDD.Tests.GenericMoveValidatorTests.MoveWhereFromSquareOrToSquareIsOffTheBoardIsNotValid(9,1,2,2)" methodname="MoveWhereFromSquareOrToSquareIsOffTheBoardIsNotValid" classname="ChessWithTDD.Tests.GenericMoveValidatorTests" runstate="Runnable" seed="187548840" result="Passed" start-time="2017-05-21 16:24:32Z" end-time="2017-05-21 16:24:32Z" duration="0.001629" asserts="1" />
            <test-case id="0-1104" name="MoveWhereFromSquareOrToSquareIsOffTheBoardIsNotValid(1,1,-1,5)" fullname="ChessWithTDD.Tests.GenericMoveValidatorTests.MoveWhereFromSquareOrToSquareIsOffTheBoardIsNotValid(1,1,-1,5)" methodname="MoveWhereFromSquareOrToSquareIsOffTheBoardIsNotValid" classname="ChessWithTDD.Tests.GenericMoveValidatorTests" runstate="Runnable" seed="1816191146" result="Passed" start-time="2017-05-21 16:24:32Z" end-time="2017-05-21 16:24:32Z" duration="0.001775" asserts="1" />
            <test-case id="0-1105" name="MoveWhereFromSquareOrToSquareIsOffTheBoardIsNotValid(5,3,6,-1)" fullname="ChessWithTDD.Tests.GenericMoveValidatorTests.MoveWhereFromSquareOrToSquareIsOffTheBoardIsNotValid(5,3,6,-1)" methodname="MoveWhereFromSquareOrToSquareIsOffTheBoardIsNotValid" classname="ChessWithTDD.Tests.GenericMoveValidatorTests" runstate="Runnable" seed="557208629" result="Passed" start-time="2017-05-21 16:24:32Z" end-time="2017-05-21 16:24:32Z" duration="0.001783" asserts="1" />
            <test-case id="0-1106" name="MoveWhereFromSquareOrToSquareIsOffTheBoardIsNotValid(7,-1,2,2)" fullname="ChessWithTDD.Tests.GenericMoveValidatorTests.MoveWhereFromSquareOrToSquareIsOffTheBoardIsNotValid(7,-1,2,2)" methodname="MoveWhereFromSquareOrToSquareIsOffTheBoardIsNotValid" classname="ChessWithTDD.Tests.GenericMoveValidatorTests" runstate="Runnable" seed="2036433307" result="Passed" start-time="2017-05-21 16:24:32Z" end-time="2017-05-21 16:24:32Z" duration="0.003198" asserts="1" />
            <test-case id="0-1107" name="MoveWhereFromSquareOrToSquareIsOffTheBoardIsNotValid(-1,1,2,2)" fullname="ChessWithTDD.Tests.GenericMoveValidatorTests.MoveWhereFromSquareOrToSquareIsOffTheBoardIsNotValid(-1,1,2,2)" methodname="MoveWhereFromSquareOrToSquareIsOffTheBoardIsNotValid" classname="ChessWithTDD.Tests.GenericMoveValidatorTests" runstate="Runnable" seed="14806785" result="Passed" start-time="2017-05-21 16:24:32Z" end-time="2017-05-21 16:24:32Z" duration="0.001757" asserts="1" />
          </test-suite>
          <test-suite type="ParameterizedMethod" id="0-1099" name="MoveWhereFromSquarePieceDoesNotHaveAValidColourIsNotValid" fullname="ChessWithTDD.Tests.GenericMoveValidatorTests.MoveWhereFromSquarePieceDoesNotHaveAValidColourIsNotValid" classname="ChessWithTDD.Tests.GenericMoveValidatorTests" runstate="Runnable" testcasecount="2" result="Passed" start-time="2017-05-21 16:24:32Z" end-time="2017-05-21 16:24:32Z" duration="0.039127" total="2" passed="2" failed="0" warnings="0" inconclusive="0" skipped="0" asserts="2">
            <test-case id="0-1097" name="MoveWhereFromSquarePieceDoesNotHaveAValidColourIsNotValid(1,1,2,2)" fullname="ChessWithTDD.Tests.GenericMoveValidatorTests.MoveWhereFromSquarePieceDoesNotHaveAValidColourIsNotValid(1,1,2,2)" methodname="MoveWhereFromSquarePieceDoesNotHaveAValidColourIsNotValid" classname="ChessWithTDD.Tests.GenericMoveValidatorTests" runstate="Runnable" seed="1858942941" result="Passed" start-time="2017-05-21 16:24:32Z" end-time="2017-05-21 16:24:32Z" duration="0.002757" asserts="1" />
            <test-case id="0-1098" name="MoveWhereFromSquarePieceDoesNotHaveAValidColourIsNotValid(5,3,7,7)" fullname="ChessWithTDD.Tests.GenericMoveValidatorTests.MoveWhereFromSquarePieceDoesNotHaveAValidColourIsNotValid(5,3,7,7)" methodname="MoveWhereFromSquarePieceDoesNotHaveAValidColourIsNotValid" classname="ChessWithTDD.Tests.GenericMoveValidatorTests" runstate="Runnable" seed="27438251" result="Passed" start-time="2017-05-21 16:24:32Z" end-time="2017-05-21 16:24:32Z" duration="0.002009" asserts="1" />
          </test-suite>
          <test-suite type="ParameterizedMethod" id="0-1118" name="MoveWherePieceInToSquareIsOfSameColourAsMovingPieceIsInvalid" fullname="ChessWithTDD.Tests.GenericMoveValidatorTests.MoveWherePieceInToSquareIsOfSameColourAsMovingPieceIsInvalid" classname="ChessWithTDD.Tests.GenericMoveValidatorTests" runstate="Runnable" testcasecount="3" result="Passed" start-time="2017-05-21 16:24:32Z" end-time="2017-05-21 16:24:32Z" duration="0.062127" total="3" passed="3" failed="0" warnings="0" inconclusive="0" skipped="0" asserts="3">
            <test-case id="0-1115" name="MoveWherePieceInToSquareIsOfSameColourAsMovingPieceIsInvalid(2,2,3,2,White)" fullname="ChessWithTDD.Tests.GenericMoveValidatorTests.MoveWherePieceInToSquareIsOfSameColourAsMovingPieceIsInvalid(2,2,3,2,White)" methodname="MoveWherePieceInToSquareIsOfSameColourAsMovingPieceIsInvalid" classname="ChessWithTDD.Tests.GenericMoveValidatorTests" runstate="Runnable" seed="768391157" result="Passed" start-time="2017-05-21 16:24:32Z" end-time="2017-05-21 16:24:32Z" duration="0.003121" asserts="1" />
            <test-case id="0-1116" name="MoveWherePieceInToSquareIsOfSameColourAsMovingPieceIsInvalid(5,3,4,3,Black)" fullname="ChessWithTDD.Tests.GenericMoveValidatorTests.MoveWherePieceInToSquareIsOfSameColourAsMovingPieceIsInvalid(5,3,4,3,Black)" methodname="MoveWherePieceInToSquareIsOfSameColourAsMovingPieceIsInvalid" classname="ChessWithTDD.Tests.GenericMoveValidatorTests" runstate="Runnable" seed="207117829" result="Passed" start-time="2017-05-21 16:24:32Z" end-time="2017-05-21 16:24:32Z" duration="0.002322" asserts="1" />
            <test-case id="0-1117" name="MoveWherePieceInToSquareIsOfSameColourAsMovingPieceIsInvalid(5,3,4,3,Invalid)" fullname="ChessWithTDD.Tests.GenericMoveValidatorTests.MoveWherePieceInToSquareIsOfSameColourAsMovingPieceIsInvalid(5,3,4,3,Invalid)" methodname="MoveWherePieceInToSquareIsOfSameColourAsMovingPieceIsInvalid" classname="ChessWithTDD.Tests.GenericMoveValidatorTests" runstate="Runnable" seed="907779754" result="Passed" start-time="2017-05-21 16:24:32Z" end-time="2017-05-21 16:24:32Z" duration="0.002287" asserts="1" />
          </test-suite>
        </test-suite>
        <test-suite type="TestFixture" id="0-1275" name="KingTests" fullname="ChessWithTDD.Tests.KingTests" classname="ChessWithTDD.Tests.KingTests" runstate="Runnable" testcasecount="16" result="Passed" start-time="2017-05-21 16:24:32Z" end-time="2017-05-21 16:24:33Z" duration="0.278679" total="16" passed="16" failed="0" warnings="0" inconclusive="0" skipped="0" asserts="16">
          <test-suite type="ParameterizedMethod" id="0-1284" name="KingCanMoveToAdjacentSquares" fullname="ChessWithTDD.Tests.KingTests.KingCanMoveToAdjacentSquares" classname="ChessWithTDD.Tests.KingTests" runstate="Runnable" testcasecount="8" result="Passed" start-time="2017-05-21 16:24:32Z" end-time="2017-05-21 16:24:32Z" duration="0.076164" total="8" passed="8" failed="0" warnings="0" inconclusive="0" skipped="0" asserts="8">
            <test-case id="0-1276" name="KingCanMoveToAdjacentSquares(3,3,3,4)" fullname="ChessWithTDD.Tests.KingTests.KingCanMoveToAdjacentSquares(3,3,3,4)" methodname="KingCanMoveToAdjacentSquares" classname="ChessWithTDD.Tests.KingTests" runstate="Runnable" seed="1455314225" result="Passed" start-time="2017-05-21 16:24:32Z" end-time="2017-05-21 16:24:32Z" duration="0.002770" asserts="1" />
            <test-case id="0-1277" name="KingCanMoveToAdjacentSquares(3,3,4,3)" fullname="ChessWithTDD.Tests.KingTests.KingCanMoveToAdjacentSquares(3,3,4,3)" methodname="KingCanMoveToAdjacentSquares" classname="ChessWithTDD.Tests.KingTests" runstate="Runnable" seed="1873202355" result="Passed" start-time="2017-05-21 16:24:32Z" end-time="2017-05-21 16:24:32Z" duration="0.001590" asserts="1" />
            <test-case id="0-1278" name="KingCanMoveToAdjacentSquares(3,3,3,2)" fullname="ChessWithTDD.Tests.KingTests.KingCanMoveToAdjacentSquares(3,3,3,2)" methodname="KingCanMoveToAdjacentSquares" classname="ChessWithTDD.Tests.KingTests" runstate="Runnable" seed="2024315920" result="Passed" start-time="2017-05-21 16:24:32Z" end-time="2017-05-21 16:24:32Z" duration="0.001473" asserts="1" />
            <test-case id="0-1279" name="KingCanMoveToAdjacentSquares(3,3,2,3)" fullname="ChessWithTDD.Tests.KingTests.KingCanMoveToAdjacentSquares(3,3,2,3)" methodname="KingCanMoveToAdjacentSquares" classname="ChessWithTDD.Tests.KingTests" runstate="Runnable" seed="2086448840" result="Passed" start-time="2017-05-21 16:24:32Z" end-time="2017-05-21 16:24:32Z" duration="0.001514" asserts="1" />
            <test-case id="0-1280" name="KingCanMoveToAdjacentSquares(3,3,4,4)" fullname="ChessWithTDD.Tests.KingTests.KingCanMoveToAdjacentSquares(3,3,4,4)" methodname="KingCanMoveToAdjacentSquares" classname="ChessWithTDD.Tests.KingTests" runstate="Runnable" seed="2008462926" result="Passed" start-time="2017-05-21 16:24:32Z" end-time="2017-05-21 16:24:32Z" duration="0.001470" asserts="1" />
            <test-case id="0-1281" name="KingCanMoveToAdjacentSquares(3,3,2,2)" fullname="ChessWithTDD.Tests.KingTests.KingCanMoveToAdjacentSquares(3,3,2,2)" methodname="KingCanMoveToAdjacentSquares" classname="ChessWithTDD.Tests.KingTests" runstate="Runnable" seed="1396823408" result="Passed" start-time="2017-05-21 16:24:32Z" end-time="2017-05-21 16:24:32Z" duration="0.001580" asserts="1" />
            <test-case id="0-1282" name="KingCanMoveToAdjacentSquares(3,3,4,2)" fullname="ChessWithTDD.Tests.KingTests.KingCanMoveToAdjacentSquares(3,3,4,2)" methodname="KingCanMoveToAdjacentSquares" classname="ChessWithTDD.Tests.KingTests" runstate="Runnable" seed="1689112431" result="Passed" start-time="2017-05-21 16:24:32Z" end-time="2017-05-21 16:24:32Z" duration="0.001559" asserts="1" />
            <test-case id="0-1283" name="KingCanMoveToAdjacentSquares(3,3,2,4)" fullname="ChessWithTDD.Tests.KingTests.KingCanMoveToAdjacentSquares(3,3,2,4)" methodname="KingCanMoveToAdjacentSquares" classname="ChessWithTDD.Tests.KingTests" runstate="Runnable" seed="264761528" result="Passed" start-time="2017-05-21 16:24:32Z" end-time="2017-05-21 16:24:32Z" duration="0.001498" asserts="1" />
          </test-suite>
          <test-suite type="ParameterizedMethod" id="0-1295" name="KingCannotMoveDiagonallyMoreThanOneSquare" fullname="ChessWithTDD.Tests.KingTests.KingCannotMoveDiagonallyMoreThanOneSquare" classname="ChessWithTDD.Tests.KingTests" runstate="Runnable" testcasecount="4" result="Passed" start-time="2017-05-21 16:24:32Z" end-time="2017-05-21 16:24:32Z" duration="0.046557" total="4" passed="4" failed="0" warnings="0" inconclusive="0" skipped="0" asserts="4">
            <test-case id="0-1291" name="KingCannotMoveDiagonallyMoreThanOneSquare(2,5,5,2)" fullname="ChessWithTDD.Tests.KingTests.KingCannotMoveDiagonallyMoreThanOneSquare(2,5,5,2)" methodname="KingCannotMoveDiagonallyMoreThanOneSquare" classname="ChessWithTDD.Tests.KingTests" runstate="Runnable" seed="1001176183" result="Passed" start-time="2017-05-21 16:24:32Z" end-time="2017-05-21 16:24:32Z" duration="0.002684" asserts="1" />
            <test-case id="0-1292" name="KingCannotMoveDiagonallyMoreThanOneSquare(2,3,5,6)" fullname="ChessWithTDD.Tests.KingTests.KingCannotMoveDiagonallyMoreThanOneSquare(2,3,5,6)" methodname="KingCannotMoveDiagonallyMoreThanOneSquare" classname="ChessWithTDD.Tests.KingTests" runstate="Runnable" seed="1627365784" result="Passed" start-time="2017-05-21 16:24:32Z" end-time="2017-05-21 16:24:32Z" duration="0.001637" asserts="1" />
            <test-case id="0-1293" name="KingCannotMoveDiagonallyMoreThanOneSquare(5,5,2,2)" fullname="ChessWithTDD.Tests.KingTests.KingCannotMoveDiagonallyMoreThanOneSquare(5,5,2,2)" methodname="KingCannotMoveDiagonallyMoreThanOneSquare" classname="ChessWithTDD.Tests.KingTests" runstate="Runnable" seed="1803057570" result="Passed" start-time="2017-05-21 16:24:32Z" end-time="2017-05-21 16:24:32Z" duration="0.001630" asserts="1" />
            <test-case id="0-1294" name="KingCannotMoveDiagonallyMoreThanOneSquare(5,2,2,5)" fullname="ChessWithTDD.Tests.KingTests.KingCannotMoveDiagonallyMoreThanOneSquare(5,2,2,5)" methodname="KingCannotMoveDiagonallyMoreThanOneSquare" classname="ChessWithTDD.Tests.KingTests" runstate="Runnable" seed="1529872479" result="Passed" start-time="2017-05-21 16:24:32Z" end-time="2017-05-21 16:24:32Z" duration="0.001645" asserts="1" />
          </test-suite>
          <test-suite type="ParameterizedMethod" id="0-1290" name="KingCannotMoveHorizontallyMoreThanOneSquare" fullname="ChessWithTDD.Tests.KingTests.KingCannotMoveHorizontallyMoreThanOneSquare" classname="ChessWithTDD.Tests.KingTests" runstate="Runnable" testcasecount="2" result="Passed" start-time="2017-05-21 16:24:33Z" end-time="2017-05-21 16:24:33Z" duration="0.064018" total="2" passed="2" failed="0" warnings="0" inconclusive="0" skipped="0" asserts="2">
            <test-case id="0-1288" name="KingCannotMoveHorizontallyMoreThanOneSquare(2,6,2,0)" fullname="ChessWithTDD.Tests.KingTests.KingCannotMoveHorizontallyMoreThanOneSquare(2,6,2,0)" methodname="KingCannotMoveHorizontallyMoreThanOneSquare" classname="ChessWithTDD.Tests.KingTests" runstate="Runnable" seed="351791720" result="Passed" start-time="2017-05-21 16:24:33Z" end-time="2017-05-21 16:24:33Z" duration="0.005627" asserts="1" />
            <test-case id="0-1289" name="KingCannotMoveHorizontallyMoreThanOneSquare(2,2,2,7)" fullname="ChessWithTDD.Tests.KingTests.KingCannotMoveHorizontallyMoreThanOneSquare(2,2,2,7)" methodname="KingCannotMoveHorizontallyMoreThanOneSquare" classname="ChessWithTDD.Tests.KingTests" runstate="Runnable" seed="204459043" result="Passed" start-time="2017-05-21 16:24:33Z" end-time="2017-05-21 16:24:33Z" duration="0.001941" asserts="1" />
          </test-suite>
          <test-suite type="ParameterizedMethod" id="0-1287" name="KingCannotMoveVerticallyMoreThanOneSquare" fullname="ChessWithTDD.Tests.KingTests.KingCannotMoveVerticallyMoreThanOneSquare" classname="ChessWithTDD.Tests.KingTests" runstate="Runnable" testcasecount="2" result="Passed" start-time="2017-05-21 16:24:33Z" end-time="2017-05-21 16:24:33Z" duration="0.023578" total="2" passed="2" failed="0" warnings="0" inconclusive="0" skipped="0" asserts="2">
            <test-case id="0-1285" name="KingCannotMoveVerticallyMoreThanOneSquare(5,2,2,2)" fullname="ChessWithTDD.Tests.KingTests.KingCannotMoveVerticallyMoreThanOneSquare(5,2,2,2)" methodname="KingCannotMoveVerticallyMoreThanOneSquare" classname="ChessWithTDD.Tests.KingTests" runstate="Runnable" seed="544070568" result="Passed" start-time="2017-05-21 16:24:33Z" end-time="2017-05-21 16:24:33Z" duration="0.002757" asserts="1" />
            <test-case id="0-1286" name="KingCannotMoveVerticallyMoreThanOneSquare(2,2,5,2)" fullname="ChessWithTDD.Tests.KingTests.KingCannotMoveVerticallyMoreThanOneSquare(2,2,5,2)" methodname="KingCannotMoveVerticallyMoreThanOneSquare" classname="ChessWithTDD.Tests.KingTests" runstate="Runnable" seed="950952078" result="Passed" start-time="2017-05-21 16:24:33Z" end-time="2017-05-21 16:24:33Z" duration="0.001903" asserts="1" />
          </test-suite>
        </test-suite>
        <test-suite type="TestFixture" id="0-1296" name="KnightTests" fullname="ChessWithTDD.Tests.KnightTests" classname="ChessWithTDD.Tests.KnightTests" runstate="Runnable" testcasecount="16" result="Passed" start-time="2017-05-21 16:24:33Z" end-time="2017-05-21 16:24:33Z" duration="0.484860" total="16" passed="16" failed="0" warnings="0" inconclusive="0" skipped="0" asserts="16">
          <test-suite type="ParameterizedMethod" id="0-1306" name="KnightCanMoveOneHorizontalAndTwoVerticalPositions" fullname="ChessWithTDD.Tests.KnightTests.KnightCanMoveOneHorizontalAndTwoVerticalPositions" classname="ChessWithTDD.Tests.KnightTests" runstate="Runnable" testcasecount="4" result="Passed" start-time="2017-05-21 16:24:33Z" end-time="2017-05-21 16:24:33Z" duration="0.103549" total="4" passed="4" failed="0" warnings="0" inconclusive="0" skipped="0" asserts="4">
            <test-case id="0-1302" name="KnightCanMoveOneHorizontalAndTwoVerticalPositions(1,2,3,3)" fullname="ChessWithTDD.Tests.KnightTests.KnightCanMoveOneHorizontalAndTwoVerticalPositions(1,2,3,3)" methodname="KnightCanMoveOneHorizontalAndTwoVerticalPositions" classname="ChessWithTDD.Tests.KnightTests" runstate="Runnable" seed="634562537" result="Passed" start-time="2017-05-21 16:24:33Z" end-time="2017-05-21 16:24:33Z" duration="0.008337" asserts="1" />
            <test-case id="0-1303" name="KnightCanMoveOneHorizontalAndTwoVerticalPositions(1,2,3,1)" fullname="ChessWithTDD.Tests.KnightTests.KnightCanMoveOneHorizontalAndTwoVerticalPositions(1,2,3,1)" methodname="KnightCanMoveOneHorizontalAndTwoVerticalPositions" classname="ChessWithTDD.Tests.KnightTests" runstate="Runnable" seed="1314799203" result="Passed" start-time="2017-05-21 16:24:33Z" end-time="2017-05-21 16:24:33Z" duration="0.003746" asserts="1" />
            <test-case id="0-1304" name="KnightCanMoveOneHorizontalAndTwoVerticalPositions(2,3,0,4)" fullname="ChessWithTDD.Tests.KnightTests.KnightCanMoveOneHorizontalAndTwoVerticalPositions(2,3,0,4)" methodname="KnightCanMoveOneHorizontalAndTwoVerticalPositions" classname="ChessWithTDD.Tests.KnightTests" runstate="Runnable" seed="540469395" result="Passed" start-time="2017-05-21 16:24:33Z" end-time="2017-05-21 16:24:33Z" duration="0.003987" asserts="1" />
            <test-case id="0-1305" name="KnightCanMoveOneHorizontalAndTwoVerticalPositions(2,3,0,2)" fullname="ChessWithTDD.Tests.KnightTests.KnightCanMoveOneHorizontalAndTwoVerticalPositions(2,3,0,2)" methodname="KnightCanMoveOneHorizontalAndTwoVerticalPositions" classname="ChessWithTDD.Tests.KnightTests" runstate="Runnable" seed="303403930" result="Passed" start-time="2017-05-21 16:24:33Z" end-time="2017-05-21 16:24:33Z" duration="0.005314" asserts="1" />
          </test-suite>
          <test-suite type="ParameterizedMethod" id="0-1301" name="KnightCanMoveOneVerticalAndTwoHorizontalPositions" fullname="ChessWithTDD.Tests.KnightTests.KnightCanMoveOneVerticalAndTwoHorizontalPositions" classname="ChessWithTDD.Tests.KnightTests" runstate="Runnable" testcasecount="4" result="Passed" start-time="2017-05-21 16:24:33Z" end-time="2017-05-21 16:24:33Z" duration="0.126015" total="4" passed="4" failed="0" warnings="0" inconclusive="0" skipped="0" asserts="4">
            <test-case id="0-1297" name="KnightCanMoveOneVerticalAndTwoHorizontalPositions(1,2,2,4)" fullname="ChessWithTDD.Tests.KnightTests.KnightCanMoveOneVerticalAndTwoHorizontalPositions(1,2,2,4)" methodname="KnightCanMoveOneVerticalAndTwoHorizontalPositions" classname="ChessWithTDD.Tests.KnightTests" runstate="Runnable" seed="1288800368" result="Passed" start-time="2017-05-21 16:24:33Z" end-time="2017-05-21 16:24:33Z" duration="0.005640" asserts="1" />
            <test-case id="0-1298" name="KnightCanMoveOneVerticalAndTwoHorizontalPositions(1,2,0,4)" fullname="ChessWithTDD.Tests.KnightTests.KnightCanMoveOneVerticalAndTwoHorizontalPositions(1,2,0,4)" methodname="KnightCanMoveOneVerticalAndTwoHorizontalPositions" classname="ChessWithTDD.Tests.KnightTests" runstate="Runnable" seed="118568972" result="Passed" start-time="2017-05-21 16:24:33Z" end-time="2017-05-21 16:24:33Z" duration="0.003846" asserts="1" />
            <test-case id="0-1299" name="KnightCanMoveOneVerticalAndTwoHorizontalPositions(2,3,3,1)" fullname="ChessWithTDD.Tests.KnightTests.KnightCanMoveOneVerticalAndTwoHorizontalPositions(2,3,3,1)" methodname="KnightCanMoveOneVerticalAndTwoHorizontalPositions" classname="ChessWithTDD.Tests.KnightTests" runstate="Runnable" seed="1679188022" result="Passed" start-time="2017-05-21 16:24:33Z" end-time="2017-05-21 16:24:33Z" duration="0.003893" asserts="1" />
            <test-case id="0-1300" name="KnightCanMoveOneVerticalAndTwoHorizontalPositions(2,3,1,1)" fullname="ChessWithTDD.Tests.KnightTests.KnightCanMoveOneVerticalAndTwoHorizontalPositions(2,3,1,1)" methodname="KnightCanMoveOneVerticalAndTwoHorizontalPositions" classname="ChessWithTDD.Tests.KnightTests" runstate="Runnable" seed="502307869" result="Passed" start-time="2017-05-21 16:24:33Z" end-time="2017-05-21 16:24:33Z" duration="0.003898" asserts="1" />
          </test-suite>
          <test-suite type="ParameterizedMethod" id="0-1315" name="KnightCannotMoveIfNotLShaped" fullname="ChessWithTDD.Tests.KnightTests.KnightCannotMoveIfNotLShaped" classname="ChessWithTDD.Tests.KnightTests" runstate="Runnable" testcasecount="8" result="Passed" start-time="2017-05-21 16:24:33Z" end-time="2017-05-21 16:24:33Z" duration="0.162324" total="8" passed="8" failed="0" warnings="0" inconclusive="0" skipped="0" asserts="8">
            <test-case id="0-1307" name="KnightCannotMoveIfNotLShaped(1,1,2,2)" fullname="ChessWithTDD.Tests.KnightTests.KnightCannotMoveIfNotLShaped(1,1,2,2)" methodname="KnightCannotMoveIfNotLShaped" classname="ChessWithTDD.Tests.KnightTests" runstate="Runnable" seed="749860430" result="Passed" start-time="2017-05-21 16:24:33Z" end-time="2017-05-21 16:24:33Z" duration="0.003427" asserts="1" />
            <test-case id="0-1308" name="KnightCannotMoveIfNotLShaped(1,1,3,3)" fullname="ChessWithTDD.Tests.KnightTests.KnightCannotMoveIfNotLShaped(1,1,3,3)" methodname="KnightCannotMoveIfNotLShaped" classname="ChessWithTDD.Tests.KnightTests" runstate="Runnable" seed="78798226" result="Passed" start-time="2017-05-21 16:24:33Z" end-time="2017-05-21 16:24:33Z" duration="0.002488" asserts="1" />
            <test-case id="0-1309" name="KnightCannotMoveIfNotLShaped(1,1,4,4)" fullname="ChessWithTDD.Tests.KnightTests.KnightCannotMoveIfNotLShaped(1,1,4,4)" methodname="KnightCannotMoveIfNotLShaped" classname="ChessWithTDD.Tests.KnightTests" runstate="Runnable" seed="56587712" result="Passed" start-time="2017-05-21 16:24:33Z" end-time="2017-05-21 16:24:33Z" duration="0.002357" asserts="1" />
            <test-case id="0-1310" name="KnightCannotMoveIfNotLShaped(4,4,0,0)" fullname="ChessWithTDD.Tests.KnightTests.KnightCannotMoveIfNotLShaped(4,4,0,0)" methodname="KnightCannotMoveIfNotLShaped" classname="ChessWithTDD.Tests.KnightTests" runstate="Runnable" seed="1092480578" result="Passed" start-time="2017-05-21 16:24:33Z" end-time="2017-05-21 16:24:33Z" duration="0.002341" asserts="1" />
            <test-case id="0-1311" name="KnightCannotMoveIfNotLShaped(1,2,3,4)" fullname="ChessWithTDD.Tests.KnightTests.KnightCannotMoveIfNotLShaped(1,2,3,4)" methodname="KnightCannotMoveIfNotLShaped" classname="ChessWithTDD.Tests.KnightTests" runstate="Runnable" seed="2105642866" result="Passed" start-time="2017-05-21 16:24:33Z" end-time="2017-05-21 16:24:33Z" duration="0.003973" asserts="1" />
            <test-case id="0-1312" name="KnightCannotMoveIfNotLShaped(1,2,6,7)" fullname="ChessWithTDD.Tests.KnightTests.KnightCannotMoveIfNotLShaped(1,2,6,7)" methodname="KnightCannotMoveIfNotLShaped" classname="ChessWithTDD.Tests.KnightTests" runstate="Runnable" seed="1099517658" result="Passed" start-time="2017-05-21 16:24:33Z" end-time="2017-05-21 16:24:33Z" duration="0.003792" asserts="1" />
            <test-case id="0-1313" name="KnightCannotMoveIfNotLShaped(4,8,2,6)" fullname="ChessWithTDD.Tests.KnightTests.KnightCannotMoveIfNotLShaped(4,8,2,6)" methodname="KnightCannotMoveIfNotLShaped" classname="ChessWithTDD.Tests.KnightTests" runstate="Runnable" seed="757587531" result="Passed" start-time="2017-05-21 16:24:33Z" end-time="2017-05-21 16:24:33Z" duration="0.003097" asserts="1" />
            <test-case id="0-1314" name="KnightCannotMoveIfNotLShaped(5,1,3,4)" fullname="ChessWithTDD.Tests.KnightTests.KnightCannotMoveIfNotLShaped(5,1,3,4)" methodname="KnightCannotMoveIfNotLShaped" classname="ChessWithTDD.Tests.KnightTests" runstate="Runnable" seed="1667618586" result="Passed" start-time="2017-05-21 16:24:33Z" end-time="2017-05-21 16:24:33Z" duration="0.002440" asserts="1" />
          </test-suite>
        </test-suite>
        <test-suite type="TestFixture" id="0-1477" name="MoveTests" fullname="ChessWithTDD.Tests.MoveTests" classname="ChessWithTDD.Tests.MoveTests" runstate="Runnable" testcasecount="1" result="Passed" start-time="2017-05-21 16:24:33Z" end-time="2017-05-21 16:24:33Z" duration="0.032148" total="1" passed="1" failed="0" warnings="0" inconclusive="0" skipped="0" asserts="1">
          <test-suite type="ParameterizedMethod" id="0-1479" name="MoveIntialisesWithFromSquareAndToSquareCorrectly" fullname="ChessWithTDD.Tests.MoveTests.MoveIntialisesWithFromSquareAndToSquareCorrectly" classname="ChessWithTDD.Tests.MoveTests" runstate="Runnable" testcasecount="1" result="Passed" start-time="2017-05-21 16:24:33Z" end-time="2017-05-21 16:24:33Z" duration="0.015159" total="1" passed="1" failed="0" warnings="0" inconclusive="0" skipped="0" asserts="1">
            <test-case id="0-1478" name="MoveIntialisesWithFromSquareAndToSquareCorrectly(1,2,3,4)" fullname="ChessWithTDD.Tests.MoveTests.MoveIntialisesWithFromSquareAndToSquareCorrectly(1,2,3,4)" methodname="MoveIntialisesWithFromSquareAndToSquareCorrectly" classname="ChessWithTDD.Tests.MoveTests" runstate="Runnable" seed="358615208" result="Passed" start-time="2017-05-21 16:24:33Z" end-time="2017-05-21 16:24:33Z" duration="0.003793" asserts="1" />
          </test-suite>
        </test-suite>
        <test-suite type="TestFixture" id="0-1122" name="MoveValidatorTests" fullname="ChessWithTDD.Tests.MoveValidatorTests" classname="ChessWithTDD.Tests.MoveValidatorTests" runstate="Runnable" testcasecount="3" result="Passed" start-time="2017-05-21 16:24:33Z" end-time="2017-05-21 16:24:33Z" duration="0.124928" total="3" passed="3" failed="0" warnings="0" inconclusive="0" skipped="0" asserts="3">
          <test-case id="0-1124" name="MoveIsValidReturnsFalseIfGenericMoveValidationFailsButMultiSquareValidationPasses" fullname="ChessWithTDD.Tests.MoveValidatorTests.MoveIsValidReturnsFalseIfGenericMoveValidationFailsButMultiSquareValidationPasses" methodname="MoveIsValidReturnsFalseIfGenericMoveValidationFailsButMultiSquareValidationPasses" classname="ChessWithTDD.Tests.MoveValidatorTests" runstate="Runnable" seed="1637846569" result="Passed" start-time="2017-05-21 16:24:33Z" end-time="2017-05-21 16:24:33Z" duration="0.062280" asserts="1" />
          <test-case id="0-1125" name="MoveIsValidReturnsFalseIfMultiSquareValidationFailsButGenericMoveValidationPasses" fullname="ChessWithTDD.Tests.MoveValidatorTests.MoveIsValidReturnsFalseIfMultiSquareValidationFailsButGenericMoveValidationPasses" methodname="MoveIsValidReturnsFalseIfMultiSquareValidationFailsButGenericMoveValidationPasses" classname="ChessWithTDD.Tests.MoveValidatorTests" runstate="Runnable" seed="234226875" result="Passed" start-time="2017-05-21 16:24:33Z" end-time="2017-05-21 16:24:33Z" duration="0.002277" asserts="1" />
          <test-case id="0-1123" name="MoveIsValidReturnsTrueIfGenericMoveValidationPassesAndMultiSquareValidationPasses" fullname="ChessWithTDD.Tests.MoveValidatorTests.MoveIsValidReturnsTrueIfGenericMoveValidationPassesAndMultiSquareValidationPasses" methodname="MoveIsValidReturnsTrueIfGenericMoveValidationPassesAndMultiSquareValidationPasses" classname="ChessWithTDD.Tests.MoveValidatorTests" runstate="Runnable" seed="1018666455" result="Passed" start-time="2017-05-21 16:24:33Z" end-time="2017-05-21 16:24:33Z" duration="0.002361" asserts="1" />
        </test-suite>
        <test-suite type="TestFixture" id="0-1126" name="MultiSquareMoveValidatorTests" fullname="ChessWithTDD.Tests.MultiSquareMoveValidatorTests" classname="ChessWithTDD.Tests.MultiSquareMoveValidatorTests" runstate="Runnable" testcasecount="16" result="Passed" start-time="2017-05-21 16:24:33Z" end-time="2017-05-21 16:24:34Z" duration="0.969507" total="16" passed="16" failed="0" warnings="0" inconclusive="0" skipped="0" asserts="16">
          <test-suite type="ParameterizedMethod" id="0-1153" name="MoveMultipleSquaresDiagonallyIsValidIfThereAreNoObstructionsAndCanMoveOfPieceIsTrue" fullname="ChessWithTDD.Tests.MultiSquareMoveValidatorTests.MoveMultipleSquaresDiagonallyIsValidIfThereAreNoObstructionsAndCanMoveOfPieceIsTrue" classname="ChessWithTDD.Tests.MultiSquareMoveValidatorTests" runstate="Runnable" testcasecount="4" result="Passed" start-time="2017-05-21 16:24:33Z" end-time="2017-05-21 16:24:34Z" duration="0.218838" total="4" passed="4" failed="0" warnings="0" inconclusive="0" skipped="0" asserts="4">
            <test-case id="0-1149" name="MoveMultipleSquaresDiagonallyIsValidIfThereAreNoObstructionsAndCanMoveOfPieceIsTrue(2,5,5,2)" fullname="ChessWithTDD.Tests.MultiSquareMoveValidatorTests.MoveMultipleSquaresDiagonallyIsValidIfThereAreNoObstructionsAndCanMoveOfPieceIsTrue(2,5,5,2)" methodname="MoveMultipleSquaresDiagonallyIsValidIfThereAreNoObstructionsAndCanMoveOfPieceIsTrue" classname="ChessWithTDD.Tests.MultiSquareMoveValidatorTests" runstate="Runnable" seed="1547152745" result="Passed" start-time="2017-05-21 16:24:33Z" end-time="2017-05-21 16:24:33Z" duration="0.035059" asserts="1" />
            <test-case id="0-1150" name="MoveMultipleSquaresDiagonallyIsValidIfThereAreNoObstructionsAndCanMoveOfPieceIsTrue(2,3,5,6)" fullname="ChessWithTDD.Tests.MultiSquareMoveValidatorTests.MoveMultipleSquaresDiagonallyIsValidIfThereAreNoObstructionsAndCanMoveOfPieceIsTrue(2,3,5,6)" methodname="MoveMultipleSquaresDiagonallyIsValidIfThereAreNoObstructionsAndCanMoveOfPieceIsTrue" classname="ChessWithTDD.Tests.MultiSquareMoveValidatorTests" runstate="Runnable" seed="1878267182" result="Passed" start-time="2017-05-21 16:24:33Z" end-time="2017-05-21 16:24:33Z" duration="0.009804" asserts="1" />
            <test-case id="0-1151" name="MoveMultipleSquaresDiagonallyIsValidIfThereAreNoObstructionsAndCanMoveOfPieceIsTrue(5,5,2,2)" fullname="ChessWithTDD.Tests.MultiSquareMoveValidatorTests.MoveMultipleSquaresDiagonallyIsValidIfThereAreNoObstructionsAndCanMoveOfPieceIsTrue(5,5,2,2)" methodname="MoveMultipleSquaresDiagonallyIsValidIfThereAreNoObstructionsAndCanMoveOfPieceIsTrue" classname="ChessWithTDD.Tests.MultiSquareMoveValidatorTests" runstate="Runnable" seed="454830804" result="Passed" start-time="2017-05-21 16:24:33Z" end-time="2017-05-21 16:24:33Z" duration="0.036835" asserts="1" />
            <test-case id="0-1152" name="MoveMultipleSquaresDiagonallyIsValidIfThereAreNoObstructionsAndCanMoveOfPieceIsTrue(5,2,2,5)" fullname="ChessWithTDD.Tests.MultiSquareMoveValidatorTests.MoveMultipleSquaresDiagonallyIsValidIfThereAreNoObstructionsAndCanMoveOfPieceIsTrue(5,2,2,5)" methodname="MoveMultipleSquaresDiagonallyIsValidIfThereAreNoObstructionsAndCanMoveOfPieceIsTrue" classname="ChessWithTDD.Tests.MultiSquareMoveValidatorTests" runstate="Runnable" seed="2103061578" result="Passed" start-time="2017-05-21 16:24:34Z" end-time="2017-05-21 16:24:34Z" duration="0.032383" asserts="1" />
          </test-suite>
          <test-suite type="ParameterizedMethod" id="0-1133" name="MoveMultipleSquaresHorizontallyIsValidIfThereAreNoObstructions" fullname="ChessWithTDD.Tests.MultiSquareMoveValidatorTests.MoveMultipleSquaresHorizontallyIsValidIfThereAreNoObstructions" classname="ChessWithTDD.Tests.MultiSquareMoveValidatorTests" runstate="Runnable" testcasecount="2" result="Passed" start-time="2017-05-21 16:24:34Z" end-time="2017-05-21 16:24:34Z" duration="0.083494" total="2" passed="2" failed="0" warnings="0" inconclusive="0" skipped="0" asserts="2">
            <test-case id="0-1131" name="MoveMultipleSquaresHorizontallyIsValidIfThereAreNoObstructions(2,6,2,0)" fullname="ChessWithTDD.Tests.MultiSquareMoveValidatorTests.MoveMultipleSquaresHorizontallyIsValidIfThereAreNoObstructions(2,6,2,0)" methodname="MoveMultipleSquaresHorizontallyIsValidIfThereAreNoObstructions" classname="ChessWithTDD.Tests.MultiSquareMoveValidatorTests" runstate="Runnable" seed="508763045" result="Passed" start-time="2017-05-21 16:24:34Z" end-time="2017-05-21 16:24:34Z" duration="0.031032" asserts="1" />
            <test-case id="0-1132" name="MoveMultipleSquaresHorizontallyIsValidIfThereAreNoObstructions(2,2,2,7)" fullname="ChessWithTDD.Tests.MultiSquareMoveValidatorTests.MoveMultipleSquaresHorizontallyIsValidIfThereAreNoObstructions(2,2,2,7)" methodname="MoveMultipleSquaresHorizontallyIsValidIfThereAreNoObstructions" classname="ChessWithTDD.Tests.MultiSquareMoveValidatorTests" runstate="Runnable" seed="304927632" result="Passed" start-time="2017-05-21 16:24:34Z" end-time="2017-05-21 16:24:34Z" duration="0.016621" asserts="1" />
          </test-suite>
          <test-suite type="ParameterizedMethod" id="0-1130" name="MoveMultipleSquaresHorizontallyLeftIsNotValidIfThereAreObstructions" fullname="ChessWithTDD.Tests.MultiSquareMoveValidatorTests.MoveMultipleSquaresHorizontallyLeftIsNotValidIfThereAreObstructions" classname="ChessWithTDD.Tests.MultiSquareMoveValidatorTests" runstate="Runnable" testcasecount="1" result="Passed" start-time="2017-05-21 16:24:34Z" end-time="2017-05-21 16:24:34Z" duration="0.055689" total="1" passed="1" failed="0" warnings="0" inconclusive="0" skipped="0" asserts="1">
            <test-case id="0-1129" name="MoveMultipleSquaresHorizontallyLeftIsNotValidIfThereAreObstructions(3,6,3,0)" fullname="ChessWithTDD.Tests.MultiSquareMoveValidatorTests.MoveMultipleSquaresHorizontallyLeftIsNotValidIfThereAreObstructions(3,6,3,0)" methodname="MoveMultipleSquaresHorizontallyLeftIsNotValidIfThereAreObstructions" classname="ChessWithTDD.Tests.MultiSquareMoveValidatorTests" runstate="Runnable" seed="694289257" result="Passed" start-time="2017-05-21 16:24:34Z" end-time="2017-05-21 16:24:34Z" duration="0.032633" asserts="1" />
          </test-suite>
          <test-suite type="ParameterizedMethod" id="0-1128" name="MoveMultipleSquaresHorizontallyRightIsNotValidIfThereAreObstructions" fullname="ChessWithTDD.Tests.MultiSquareMoveValidatorTests.MoveMultipleSquaresHorizontallyRightIsNotValidIfThereAreObstructions" classname="ChessWithTDD.Tests.MultiSquareMoveValidatorTests" runstate="Runnable" testcasecount="1" result="Passed" start-time="2017-05-21 16:24:34Z" end-time="2017-05-21 16:24:34Z" duration="0.024433" total="1" passed="1" failed="0" warnings="0" inconclusive="0" skipped="0" asserts="1">
            <test-case id="0-1127" name="MoveMultipleSquaresHorizontallyRightIsNotValidIfThereAreObstructions(3,2,3,7)" fullname="ChessWithTDD.Tests.MultiSquareMoveValidatorTests.MoveMultipleSquaresHorizontallyRightIsNotValidIfThereAreObstructions(3,2,3,7)" methodname="MoveMultipleSquaresHorizontallyRightIsNotValidIfThereAreObstructions" classname="ChessWithTDD.Tests.MultiSquareMoveValidatorTests" runstate="Runnable" seed="1990571723" result="Passed" start-time="2017-05-21 16:24:34Z" end-time="2017-05-21 16:24:34Z" duration="0.021569" asserts="1" />
          </test-suite>
          <test-suite type="ParameterizedMethod" id="0-1144" name="MoveMultipleSquaresNorthEastIsNotValidIfThereAreObstructions" fullname="ChessWithTDD.Tests.MultiSquareMoveValidatorTests.MoveMultipleSquaresNorthEastIsNotValidIfThereAreObstructions" classname="ChessWithTDD.Tests.MultiSquareMoveValidatorTests" runstate="Runnable" testcasecount="1" result="Passed" start-time="2017-05-21 16:24:34Z" end-time="2017-05-21 16:24:34Z" duration="0.025659" total="1" passed="1" failed="0" warnings="0" inconclusive="0" skipped="0" asserts="1">
            <test-case id="0-1143" name="MoveMultipleSquaresNorthEastIsNotValidIfThereAreObstructions(2,3,5,6)" fullname="ChessWithTDD.Tests.MultiSquareMoveValidatorTests.MoveMultipleSquaresNorthEastIsNotValidIfThereAreObstructions(2,3,5,6)" methodname="MoveMultipleSquaresNorthEastIsNotValidIfThereAreObstructions" classname="ChessWithTDD.Tests.MultiSquareMoveValidatorTests" runstate="Runnable" seed="870609083" result="Passed" start-time="2017-05-21 16:24:34Z" end-time="2017-05-21 16:24:34Z" duration="0.012095" asserts="1" />
          </test-suite>
          <test-suite type="ParameterizedMethod" id="0-1142" name="MoveMultipleSquaresNorthWestIsNotValidIfThereAreObstructions" fullname="ChessWithTDD.Tests.MultiSquareMoveValidatorTests.MoveMultipleSquaresNorthWestIsNotValidIfThereAreObstructions" classname="ChessWithTDD.Tests.MultiSquareMoveValidatorTests" runstate="Runnable" testcasecount="1" result="Passed" start-time="2017-05-21 16:24:34Z" end-time="2017-05-21 16:24:34Z" duration="0.040696" total="1" passed="1" failed="0" warnings="0" inconclusive="0" skipped="0" asserts="1">
            <test-case id="0-1141" name="MoveMultipleSquaresNorthWestIsNotValidIfThereAreObstructions(2,5,5,2)" fullname="ChessWithTDD.Tests.MultiSquareMoveValidatorTests.MoveMultipleSquaresNorthWestIsNotValidIfThereAreObstructions(2,5,5,2)" methodname="MoveMultipleSquaresNorthWestIsNotValidIfThereAreObstructions" classname="ChessWithTDD.Tests.MultiSquareMoveValidatorTests" runstate="Runnable" seed="144203785" result="Passed" start-time="2017-05-21 16:24:34Z" end-time="2017-05-21 16:24:34Z" duration="0.020407" asserts="1" />
          </test-suite>
          <test-suite type="ParameterizedMethod" id="0-1148" name="MoveMultipleSquaresSouthEastIsNotValidIfThereAreObstructions" fullname="ChessWithTDD.Tests.MultiSquareMoveValidatorTests.MoveMultipleSquaresSouthEastIsNotValidIfThereAreObstructions" classname="ChessWithTDD.Tests.MultiSquareMoveValidatorTests" runstate="Runnable" testcasecount="1" result="Passed" start-time="2017-05-21 16:24:34Z" end-time="2017-05-21 16:24:34Z" duration="0.052575" total="1" passed="1" failed="0" warnings="0" inconclusive="0" skipped="0" asserts="1">
            <test-case id="0-1147" name="MoveMultipleSquaresSouthEastIsNotValidIfThereAreObstructions(5,2,2,5)" fullname="ChessWithTDD.Tests.MultiSquareMoveValidatorTests.MoveMultipleSquaresSouthEastIsNotValidIfThereAreObstructions(5,2,2,5)" methodname="MoveMultipleSquaresSouthEastIsNotValidIfThereAreObstructions" classname="ChessWithTDD.Tests.MultiSquareMoveValidatorTests" runstate="Runnable" seed="1377603540" result="Passed" start-time="2017-05-21 16:24:34Z" end-time="2017-05-21 16:24:34Z" duration="0.023999" asserts="1" />
          </test-suite>
          <test-suite type="ParameterizedMethod" id="0-1146" name="MoveMultipleSquaresSouthhWestIsNotValidIfThereAreObstructions" fullname="ChessWithTDD.Tests.MultiSquareMoveValidatorTests.MoveMultipleSquaresSouthhWestIsNotValidIfThereAreObstructions" classname="ChessWithTDD.Tests.MultiSquareMoveValidatorTests" runstate="Runnable" testcasecount="1" result="Passed" start-time="2017-05-21 16:24:34Z" end-time="2017-05-21 16:24:34Z" duration="0.041019" total="1" passed="1" failed="0" warnings="0" inconclusive="0" skipped="0" asserts="1">
            <test-case id="0-1145" name="MoveMultipleSquaresSouthhWestIsNotValidIfThereAreObstructions(5,5,2,2)" fullname="ChessWithTDD.Tests.MultiSquareMoveValidatorTests.MoveMultipleSquaresSouthhWestIsNotValidIfThereAreObstructions(5,5,2,2)" methodname="MoveMultipleSquaresSouthhWestIsNotValidIfThereAreObstructions" classname="ChessWithTDD.Tests.MultiSquareMoveValidatorTests" runstate="Runnable" seed="1381792290" result="Passed" start-time="2017-05-21 16:24:34Z" end-time="2017-05-21 16:24:34Z" duration="0.024021" asserts="1" />
          </test-suite>
          <test-suite type="ParameterizedMethod" id="0-1137" name="MoveMultipleSquaresVerticallyDownIsNotValidIfThereAreObstructions" fullname="ChessWithTDD.Tests.MultiSquareMoveValidatorTests.MoveMultipleSquaresVerticallyDownIsNotValidIfThereAreObstructions" classname="ChessWithTDD.Tests.MultiSquareMoveValidatorTests" runstate="Runnable" testcasecount="1" result="Passed" start-time="2017-05-21 16:24:34Z" end-time="2017-05-21 16:24:34Z" duration="0.061975" total="1" passed="1" failed="0" warnings="0" inconclusive="0" skipped="0" asserts="1">
            <test-case id="0-1136" name="MoveMultipleSquaresVerticallyDownIsNotValidIfThereAreObstructions(5,2,2,2)" fullname="ChessWithTDD.Tests.MultiSquareMoveValidatorTests.MoveMultipleSquaresVerticallyDownIsNotValidIfThereAreObstructions(5,2,2,2)" methodname="MoveMultipleSquaresVerticallyDownIsNotValidIfThereAreObstructions" classname="ChessWithTDD.Tests.MultiSquareMoveValidatorTests" runstate="Runnable" seed="245894513" result="Passed" start-time="2017-05-21 16:24:34Z" end-time="2017-05-21 16:24:34Z" duration="0.032770" asserts="1" />
          </test-suite>
          <test-suite type="ParameterizedMethod" id="0-1140" name="MoveMultipleSquaresVerticallyIsValidIfThereAreNoObstructions" fullname="ChessWithTDD.Tests.MultiSquareMoveValidatorTests.MoveMultipleSquaresVerticallyIsValidIfThereAreNoObstructions" classname="ChessWithTDD.Tests.MultiSquareMoveValidatorTests" runstate="Runnable" testcasecount="2" result="Passed" start-time="2017-05-21 16:24:34Z" end-time="2017-05-21 16:24:34Z" duration="0.061578" total="2" passed="2" failed="0" warnings="0" inconclusive="0" skipped="0" asserts="2">
            <test-case id="0-1138" name="MoveMultipleSquaresVerticallyIsValidIfThereAreNoObstructions(5,2,2,2)" fullname="ChessWithTDD.Tests.MultiSquareMoveValidatorTests.MoveMultipleSquaresVerticallyIsValidIfThereAreNoObstructions(5,2,2,2)" methodname="MoveMultipleSquaresVerticallyIsValidIfThereAreNoObstructions" classname="ChessWithTDD.Tests.MultiSquareMoveValidatorTests" runstate="Runnable" seed="1434636544" result="Passed" start-time="2017-05-21 16:24:34Z" end-time="2017-05-21 16:24:34Z" duration="0.031565" asserts="1" />
            <test-case id="0-1139" name="MoveMultipleSquaresVerticallyIsValidIfThereAreNoObstructions(2,2,5,2)" fullname="ChessWithTDD.Tests.MultiSquareMoveValidatorTests.MoveMultipleSquaresVerticallyIsValidIfThereAreNoObstructions(2,2,5,2)" methodname="MoveMultipleSquaresVerticallyIsValidIfThereAreNoObstructions" classname="ChessWithTDD.Tests.MultiSquareMoveValidatorTests" runstate="Runnable" seed="246548819" result="Passed" start-time="2017-05-21 16:24:34Z" end-time="2017-05-21 16:24:34Z" duration="0.016481" asserts="1" />
          </test-suite>
          <test-suite type="ParameterizedMethod" id="0-1135" name="MoveMultipleSquaresVerticallyUpIsNotValidIfThereAreObstructions" fullname="ChessWithTDD.Tests.MultiSquareMoveValidatorTests.MoveMultipleSquaresVerticallyUpIsNotValidIfThereAreObstructions" classname="ChessWithTDD.Tests.MultiSquareMoveValidatorTests" runstate="Runnable" testcasecount="1" result="Passed" start-time="2017-05-21 16:24:34Z" end-time="2017-05-21 16:24:34Z" duration="0.062144" total="1" passed="1" failed="0" warnings="0" inconclusive="0" skipped="0" asserts="1">
            <test-case id="0-1134" name="MoveMultipleSquaresVerticallyUpIsNotValidIfThereAreObstructions(2,2,6,2)" fullname="ChessWithTDD.Tests.MultiSquareMoveValidatorTests.MoveMultipleSquaresVerticallyUpIsNotValidIfThereAreObstructions(2,2,6,2)" methodname="MoveMultipleSquaresVerticallyUpIsNotValidIfThereAreObstructions" classname="ChessWithTDD.Tests.MultiSquareMoveValidatorTests" runstate="Runnable" seed="719803012" result="Passed" start-time="2017-05-21 16:24:34Z" end-time="2017-05-21 16:24:34Z" duration="0.031547" asserts="1" />
          </test-suite>
        </test-suite>
        <test-suite type="TestFixture" id="0-1194" name="PawnManagerTests" fullname="ChessWithTDD.Tests.PawnManagerTests" classname="ChessWithTDD.Tests.PawnManagerTests" runstate="Runnable" testcasecount="4" result="Passed" start-time="2017-05-21 16:24:34Z" end-time="2017-05-21 16:24:35Z" duration="0.159204" total="4" passed="4" failed="0" warnings="0" inconclusive="0" skipped="0" asserts="0">
          <test-case id="0-1198" name="MakePawnAmendmentsCallsEnPassantManagerToCapturePiecesThroughEnPassant" fullname="ChessWithTDD.Tests.PawnManagerTests.MakePawnAmendmentsCallsEnPassantManagerToCapturePiecesThroughEnPassant" methodname="MakePawnAmendmentsCallsEnPassantManagerToCapturePiecesThroughEnPassant" classname="ChessWithTDD.Tests.PawnManagerTests" runstate="Runnable" seed="1590231635" result="Passed" start-time="2017-05-21 16:24:34Z" end-time="2017-05-21 16:24:34Z" duration="0.051282" asserts="0" />
          <test-case id="0-1197" name="MakePawnAmendmentsCallsEnPassantManagerToMarkSquares" fullname="ChessWithTDD.Tests.PawnManagerTests.MakePawnAmendmentsCallsEnPassantManagerToMarkSquares" methodname="MakePawnAmendmentsCallsEnPassantManagerToMarkSquares" classname="ChessWithTDD.Tests.PawnManagerTests" runstate="Runnable" seed="1583683060" result="Passed" start-time="2017-05-21 16:24:34Z" end-time="2017-05-21 16:24:34Z" duration="0.002192" asserts="0" />
          <test-case id="0-1195" name="MakePawnAmendmentsWhereHasMovedIsFalseSetsHasMovedToTrue" fullname="ChessWithTDD.Tests.PawnManagerTests.MakePawnAmendmentsWhereHasMovedIsFalseSetsHasMovedToTrue" methodname="MakePawnAmendmentsWhereHasMovedIsFalseSetsHasMovedToTrue" classname="ChessWithTDD.Tests.PawnManagerTests" runstate="Runnable" seed="719869207" result="Passed" start-time="2017-05-21 16:24:34Z" end-time="2017-05-21 16:24:34Z" duration="0.013934" asserts="0" />
          <test-case id="0-1196" name="MakePawnAmendmentsWhereHasMovedIsTrueDoesNothing" fullname="ChessWithTDD.Tests.PawnManagerTests.MakePawnAmendmentsWhereHasMovedIsTrueDoesNothing" methodname="MakePawnAmendmentsWhereHasMovedIsTrueDoesNothing" classname="ChessWithTDD.Tests.PawnManagerTests" runstate="Runnable" seed="700301107" result="Passed" start-time="2017-05-21 16:24:34Z" end-time="2017-05-21 16:24:35Z" duration="0.006281" asserts="0" />
        </test-suite>
        <test-suite type="TestFixture" id="0-1316" name="QueenTests" fullname="ChessWithTDD.Tests.QueenTests" classname="ChessWithTDD.Tests.QueenTests" runstate="Runnable" testcasecount="14" result="Passed" start-time="2017-05-21 16:24:35Z" end-time="2017-05-21 16:24:35Z" duration="0.397061" total="14" passed="14" failed="0" warnings="0" inconclusive="0" skipped="0" asserts="14">
          <test-suite type="ParameterizedMethod" id="0-1322" name="QueenCanMoveDiagonally" fullname="ChessWithTDD.Tests.QueenTests.QueenCanMoveDiagonally" classname="ChessWithTDD.Tests.QueenTests" runstate="Runnable" testcasecount="5" result="Passed" start-time="2017-05-21 16:24:35Z" end-time="2017-05-21 16:24:35Z" duration="0.129061" total="5" passed="5" failed="0" warnings="0" inconclusive="0" skipped="0" asserts="5">
            <test-case id="0-1317" name="QueenCanMoveDiagonally(2,5,5,2)" fullname="ChessWithTDD.Tests.QueenTests.QueenCanMoveDiagonally(2,5,5,2)" methodname="QueenCanMoveDiagonally" classname="ChessWithTDD.Tests.QueenTests" runstate="Runnable" seed="1778591929" result="Passed" start-time="2017-05-21 16:24:35Z" end-time="2017-05-21 16:24:35Z" duration="0.003798" asserts="1" />
            <test-case id="0-1318" name="QueenCanMoveDiagonally(2,3,5,6)" fullname="ChessWithTDD.Tests.QueenTests.QueenCanMoveDiagonally(2,3,5,6)" methodname="QueenCanMoveDiagonally" classname="ChessWithTDD.Tests.QueenTests" runstate="Runnable" seed="347023033" result="Passed" start-time="2017-05-21 16:24:35Z" end-time="2017-05-21 16:24:35Z" duration="0.001999" asserts="1" />
            <test-case id="0-1319" name="QueenCanMoveDiagonally(5,5,2,2)" fullname="ChessWithTDD.Tests.QueenTests.QueenCanMoveDiagonally(5,5,2,2)" methodname="QueenCanMoveDiagonally" classname="ChessWithTDD.Tests.QueenTests" runstate="Runnable" seed="1630882376" result="Passed" start-time="2017-05-21 16:24:35Z" end-time="2017-05-21 16:24:35Z" duration="0.001961" asserts="1" />
            <test-case id="0-1320" name="QueenCanMoveDiagonally(5,2,2,5)" fullname="ChessWithTDD.Tests.QueenTests.QueenCanMoveDiagonally(5,2,2,5)" methodname="QueenCanMoveDiagonally" classname="ChessWithTDD.Tests.QueenTests" runstate="Runnable" seed="683855267" result="Passed" start-time="2017-05-21 16:24:35Z" end-time="2017-05-21 16:24:35Z" duration="0.003558" asserts="1" />
            <test-case id="0-1321" name="QueenCanMoveDiagonally(3,3,4,4)" fullname="ChessWithTDD.Tests.QueenTests.QueenCanMoveDiagonally(3,3,4,4)" methodname="QueenCanMoveDiagonally" classname="ChessWithTDD.Tests.QueenTests" runstate="Runnable" seed="448775612" result="Passed" start-time="2017-05-21 16:24:35Z" end-time="2017-05-21 16:24:35Z" duration="0.002119" asserts="1" />
          </test-suite>
          <test-suite type="ParameterizedMethod" id="0-1326" name="QueenCanMoveHorizontally" fullname="ChessWithTDD.Tests.QueenTests.QueenCanMoveHorizontally" classname="ChessWithTDD.Tests.QueenTests" runstate="Runnable" testcasecount="3" result="Passed" start-time="2017-05-21 16:24:35Z" end-time="2017-05-21 16:24:35Z" duration="0.081084" total="3" passed="3" failed="0" warnings="0" inconclusive="0" skipped="0" asserts="3">
            <test-case id="0-1323" name="QueenCanMoveHorizontally(2,6,2,0)" fullname="ChessWithTDD.Tests.QueenTests.QueenCanMoveHorizontally(2,6,2,0)" methodname="QueenCanMoveHorizontally" classname="ChessWithTDD.Tests.QueenTests" runstate="Runnable" seed="463180131" result="Passed" start-time="2017-05-21 16:24:35Z" end-time="2017-05-21 16:24:35Z" duration="0.003730" asserts="1" />
            <test-case id="0-1324" name="QueenCanMoveHorizontally(2,2,2,7)" fullname="ChessWithTDD.Tests.QueenTests.QueenCanMoveHorizontally(2,2,2,7)" methodname="QueenCanMoveHorizontally" classname="ChessWithTDD.Tests.QueenTests" runstate="Runnable" seed="1311234473" result="Passed" start-time="2017-05-21 16:24:35Z" end-time="2017-05-21 16:24:35Z" duration="0.002129" asserts="1" />
            <test-case id="0-1325" name="QueenCanMoveHorizontally(3,3,3,4)" fullname="ChessWithTDD.Tests.QueenTests.QueenCanMoveHorizontally(3,3,3,4)" methodname="QueenCanMoveHorizontally" classname="ChessWithTDD.Tests.QueenTests" runstate="Runnable" seed="1953460828" result="Passed" start-time="2017-05-21 16:24:35Z" end-time="2017-05-21 16:24:35Z" duration="0.002097" asserts="1" />
          </test-suite>
          <test-suite type="ParameterizedMethod" id="0-1330" name="QueenCanMoveVertically" fullname="ChessWithTDD.Tests.QueenTests.QueenCanMoveVertically" classname="ChessWithTDD.Tests.QueenTests" runstate="Runnable" testcasecount="3" result="Passed" start-time="2017-05-21 16:24:35Z" end-time="2017-05-21 16:24:35Z" duration="0.068278" total="3" passed="3" failed="0" warnings="0" inconclusive="0" skipped="0" asserts="3">
            <test-case id="0-1327" name="QueenCanMoveVertically(5,2,2,2)" fullname="ChessWithTDD.Tests.QueenTests.QueenCanMoveVertically(5,2,2,2)" methodname="QueenCanMoveVertically" classname="ChessWithTDD.Tests.QueenTests" runstate="Runnable" seed="1049001143" result="Passed" start-time="2017-05-21 16:24:35Z" end-time="2017-05-21 16:24:35Z" duration="0.003845" asserts="1" />
            <test-case id="0-1328" name="QueenCanMoveVertically(2,2,5,2)" fullname="ChessWithTDD.Tests.QueenTests.QueenCanMoveVertically(2,2,5,2)" methodname="QueenCanMoveVertically" classname="ChessWithTDD.Tests.QueenTests" runstate="Runnable" seed="717840714" result="Passed" start-time="2017-05-21 16:24:35Z" end-time="2017-05-21 16:24:35Z" duration="0.002180" asserts="1" />
            <test-case id="0-1329" name="QueenCanMoveVertically(3,3,4,3)" fullname="ChessWithTDD.Tests.QueenTests.QueenCanMoveVertically(3,3,4,3)" methodname="QueenCanMoveVertically" classname="ChessWithTDD.Tests.QueenTests" runstate="Runnable" seed="826204337" result="Passed" start-time="2017-05-21 16:24:35Z" end-time="2017-05-21 16:24:35Z" duration="0.002259" asserts="1" />
          </test-suite>
          <test-suite type="ParameterizedMethod" id="0-1334" name="QueenCannotMoveRandomly" fullname="ChessWithTDD.Tests.QueenTests.QueenCannotMoveRandomly" classname="ChessWithTDD.Tests.QueenTests" runstate="Runnable" testcasecount="3" result="Passed" start-time="2017-05-21 16:24:35Z" end-time="2017-05-21 16:24:35Z" duration="0.053683" total="3" passed="3" failed="0" warnings="0" inconclusive="0" skipped="0" asserts="3">
            <test-case id="0-1331" name="QueenCannotMoveRandomly(2,6,3,3)" fullname="ChessWithTDD.Tests.QueenTests.QueenCannotMoveRandomly(2,6,3,3)" methodname="QueenCannotMoveRandomly" classname="ChessWithTDD.Tests.QueenTests" runstate="Runnable" seed="952111085" result="Passed" start-time="2017-05-21 16:24:35Z" end-time="2017-05-21 16:24:35Z" duration="0.003095" asserts="1" />
            <test-case id="0-1332" name="QueenCannotMoveRandomly(3,1,4,5)" fullname="ChessWithTDD.Tests.QueenTests.QueenCannotMoveRandomly(3,1,4,5)" methodname="QueenCannotMoveRandomly" classname="ChessWithTDD.Tests.QueenTests" runstate="Runnable" seed="1881941217" result="Passed" start-time="2017-05-21 16:24:35Z" end-time="2017-05-21 16:24:35Z" duration="0.002095" asserts="1" />
            <test-case id="0-1333" name="QueenCannotMoveRandomly(6,6,2,7)" fullname="ChessWithTDD.Tests.QueenTests.QueenCannotMoveRandomly(6,6,2,7)" methodname="QueenCannotMoveRandomly" classname="ChessWithTDD.Tests.QueenTests" runstate="Runnable" seed="1154757576" result="Passed" start-time="2017-05-21 16:24:35Z" end-time="2017-05-21 16:24:35Z" duration="0.002134" asserts="1" />
          </test-suite>
        </test-suite>
        <test-suite type="TestFixture" id="0-1335" name="RookTests" fullname="ChessWithTDD.Tests.RookTests" classname="ChessWithTDD.Tests.RookTests" runstate="Runnable" testcasecount="14" result="Passed" start-time="2017-05-21 16:24:35Z" end-time="2017-05-21 16:24:35Z" duration="0.335503" total="14" passed="14" failed="0" warnings="0" inconclusive="0" skipped="0" asserts="14">
          <test-suite type="ParameterizedMethod" id="0-1339" name="RookCanMoveHorizontally" fullname="ChessWithTDD.Tests.RookTests.RookCanMoveHorizontally" classname="ChessWithTDD.Tests.RookTests" runstate="Runnable" testcasecount="3" result="Passed" start-time="2017-05-21 16:24:35Z" end-time="2017-05-21 16:24:35Z" duration="0.051968" total="3" passed="3" failed="0" warnings="0" inconclusive="0" skipped="0" asserts="3">
            <test-case id="0-1336" name="RookCanMoveHorizontally(2,6,2,0)" fullname="ChessWithTDD.Tests.RookTests.RookCanMoveHorizontally(2,6,2,0)" methodname="RookCanMoveHorizontally" classname="ChessWithTDD.Tests.RookTests" runstate="Runnable" seed="225703259" result="Passed" start-time="2017-05-21 16:24:35Z" end-time="2017-05-21 16:24:35Z" duration="0.003708" asserts="1" />
            <test-case id="0-1337" name="RookCanMoveHorizontally(2,2,2,7)" fullname="ChessWithTDD.Tests.RookTests.RookCanMoveHorizontally(2,2,2,7)" methodname="RookCanMoveHorizontally" classname="ChessWithTDD.Tests.RookTests" runstate="Runnable" seed="675531974" result="Passed" start-time="2017-05-21 16:24:35Z" end-time="2017-05-21 16:24:35Z" duration="0.003632" asserts="1" />
            <test-case id="0-1338" name="RookCanMoveHorizontally(3,3,3,4)" fullname="ChessWithTDD.Tests.RookTests.RookCanMoveHorizontally(3,3,3,4)" methodname="RookCanMoveHorizontally" classname="ChessWithTDD.Tests.RookTests" runstate="Runnable" seed="1718937084" result="Passed" start-time="2017-05-21 16:24:35Z" end-time="2017-05-21 16:24:35Z" duration="0.001893" asserts="1" />
          </test-suite>
          <test-suite type="ParameterizedMethod" id="0-1343" name="RookCanMoveVertically" fullname="ChessWithTDD.Tests.RookTests.RookCanMoveVertically" classname="ChessWithTDD.Tests.RookTests" runstate="Runnable" testcasecount="3" result="Passed" start-time="2017-05-21 16:24:35Z" end-time="2017-05-21 16:24:35Z" duration="0.093017" total="3" passed="3" failed="0" warnings="0" inconclusive="0" skipped="0" asserts="3">
            <test-case id="0-1340" name="RookCanMoveVertically(5,2,2,2)" fullname="ChessWithTDD.Tests.RookTests.RookCanMoveVertically(5,2,2,2)" methodname="RookCanMoveVertically" classname="ChessWithTDD.Tests.RookTests" runstate="Runnable" seed="316656477" result="Passed" start-time="2017-05-21 16:24:35Z" end-time="2017-05-21 16:24:35Z" duration="0.002996" asserts="1" />
            <test-case id="0-1341" name="RookCanMoveVertically(2,2,5,2)" fullname="ChessWithTDD.Tests.RookTests.RookCanMoveVertically(2,2,5,2)" methodname="RookCanMoveVertically" classname="ChessWithTDD.Tests.RookTests" runstate="Runnable" seed="858811832" result="Passed" start-time="2017-05-21 16:24:35Z" end-time="2017-05-21 16:24:35Z" duration="0.002011" asserts="1" />
            <test-case id="0-1342" name="RookCanMoveVertically(3,3,4,3)" fullname="ChessWithTDD.Tests.RookTests.RookCanMoveVertically(3,3,4,3)" methodname="RookCanMoveVertically" classname="ChessWithTDD.Tests.RookTests" runstate="Runnable" seed="485346535" result="Passed" start-time="2017-05-21 16:24:35Z" end-time="2017-05-21 16:24:35Z" duration="0.002046" asserts="1" />
          </test-suite>
          <test-suite type="ParameterizedMethod" id="0-1349" name="RookCannotMoveDiagonally" fullname="ChessWithTDD.Tests.RookTests.RookCannotMoveDiagonally" classname="ChessWithTDD.Tests.RookTests" runstate="Runnable" testcasecount="5" result="Passed" start-time="2017-05-21 16:24:35Z" end-time="2017-05-21 16:24:35Z" duration="0.038581" total="5" passed="5" failed="0" warnings="0" inconclusive="0" skipped="0" asserts="5">
            <test-case id="0-1344" name="RookCannotMoveDiagonally(2,5,5,2)" fullname="ChessWithTDD.Tests.RookTests.RookCannotMoveDiagonally(2,5,5,2)" methodname="RookCannotMoveDiagonally" classname="ChessWithTDD.Tests.RookTests" runstate="Runnable" seed="1994687802" result="Passed" start-time="2017-05-21 16:24:35Z" end-time="2017-05-21 16:24:35Z" duration="0.002891" asserts="1" />
            <test-case id="0-1345" name="RookCannotMoveDiagonally(2,3,5,6)" fullname="ChessWithTDD.Tests.RookTests.RookCannotMoveDiagonally(2,3,5,6)" methodname="RookCannotMoveDiagonally" classname="ChessWithTDD.Tests.RookTests" runstate="Runnable" seed="258568743" result="Passed" start-time="2017-05-21 16:24:35Z" end-time="2017-05-21 16:24:35Z" duration="0.002085" asserts="1" />
            <test-case id="0-1346" name="RookCannotMoveDiagonally(5,5,2,2)" fullname="ChessWithTDD.Tests.RookTests.RookCannotMoveDiagonally(5,5,2,2)" methodname="RookCannotMoveDiagonally" classname="ChessWithTDD.Tests.RookTests" runstate="Runnable" seed="2053843177" result="Passed" start-time="2017-05-21 16:24:35Z" end-time="2017-05-21 16:24:35Z" duration="0.002118" asserts="1" />
            <test-case id="0-1347" name="RookCannotMoveDiagonally(5,2,2,5)" fullname="ChessWithTDD.Tests.RookTests.RookCannotMoveDiagonally(5,2,2,5)" methodname="RookCannotMoveDiagonally" classname="ChessWithTDD.Tests.RookTests" runstate="Runnable" seed="52139089" result="Passed" start-time="2017-05-21 16:24:35Z" end-time="2017-05-21 16:24:35Z" duration="0.002008" asserts="1" />
            <test-case id="0-1348" name="RookCannotMoveDiagonally(3,3,4,4)" fullname="ChessWithTDD.Tests.RookTests.RookCannotMoveDiagonally(3,3,4,4)" methodname="RookCannotMoveDiagonally" classname="ChessWithTDD.Tests.RookTests" runstate="Runnable" seed="64612392" result="Passed" start-time="2017-05-21 16:24:35Z" end-time="2017-05-21 16:24:35Z" duration="0.002013" asserts="1" />
          </test-suite>
          <test-suite type="ParameterizedMethod" id="0-1353" name="RookCannotMoveRandomly" fullname="ChessWithTDD.Tests.RookTests.RookCannotMoveRandomly" classname="ChessWithTDD.Tests.RookTests" runstate="Runnable" testcasecount="3" result="Passed" start-time="2017-05-21 16:24:35Z" end-time="2017-05-21 16:24:35Z" duration="0.069560" total="3" passed="3" failed="0" warnings="0" inconclusive="0" skipped="0" asserts="3">
            <test-case id="0-1350" name="RookCannotMoveRandomly(2,6,3,3)" fullname="ChessWithTDD.Tests.RookTests.RookCannotMoveRandomly(2,6,3,3)" methodname="RookCannotMoveRandomly" classname="ChessWithTDD.Tests.RookTests" runstate="Runnable" seed="2139116812" result="Passed" start-time="2017-05-21 16:24:35Z" end-time="2017-05-21 16:24:35Z" duration="0.002855" asserts="1" />
            <test-case id="0-1351" name="RookCannotMoveRandomly(3,1,4,5)" fullname="ChessWithTDD.Tests.RookTests.RookCannotMoveRandomly(3,1,4,5)" methodname="RookCannotMoveRandomly" classname="ChessWithTDD.Tests.RookTests" runstate="Runnable" seed="1308536705" result="Passed" start-time="2017-05-21 16:24:35Z" end-time="2017-05-21 16:24:35Z" duration="0.002039" asserts="1" />
            <test-case id="0-1352" name="RookCannotMoveRandomly(6,6,2,7)" fullname="ChessWithTDD.Tests.RookTests.RookCannotMoveRandomly(6,6,2,7)" methodname="RookCannotMoveRandomly" classname="ChessWithTDD.Tests.RookTests" runstate="Runnable" seed="14756121" result="Passed" start-time="2017-05-21 16:24:35Z" end-time="2017-05-21 16:24:35Z" duration="0.002013" asserts="1" />
          </test-suite>
        </test-suite>
        <test-suite type="TestFixture" id="0-1360" name="SquareExtensionsTests" fullname="ChessWithTDD.Tests.SquareExtensionsTests" classname="ChessWithTDD.Tests.SquareExtensionsTests" runstate="Runnable" testcasecount="86" result="Passed" start-time="2017-05-21 16:24:35Z" end-time="2017-05-21 16:24:37Z" duration="1.867158" total="86" passed="86" failed="0" warnings="0" inconclusive="0" skipped="0" asserts="86">
          <test-suite type="ParameterizedMethod" id="0-1442" name="IsAdjacentTo_ReturnsFalse" fullname="ChessWithTDD.Tests.SquareExtensionsTests.IsAdjacentTo_ReturnsFalse" classname="ChessWithTDD.Tests.SquareExtensionsTests" runstate="Runnable" testcasecount="8" result="Passed" start-time="2017-05-21 16:24:35Z" end-time="2017-05-21 16:24:35Z" duration="0.178398" total="8" passed="8" failed="0" warnings="0" inconclusive="0" skipped="0" asserts="8">
            <test-case id="0-1434" name="IsAdjacentTo_ReturnsFalse(4,3,2,3)" fullname="ChessWithTDD.Tests.SquareExtensionsTests.IsAdjacentTo_ReturnsFalse(4,3,2,3)" methodname="IsAdjacentTo_ReturnsFalse" classname="ChessWithTDD.Tests.SquareExtensionsTests" runstate="Runnable" seed="1427592226" result="Passed" start-time="2017-05-21 16:24:35Z" end-time="2017-05-21 16:24:35Z" duration="0.004347" asserts="1" />
            <test-case id="0-1435" name="IsAdjacentTo_ReturnsFalse(4,4,2,2)" fullname="ChessWithTDD.Tests.SquareExtensionsTests.IsAdjacentTo_ReturnsFalse(4,4,2,2)" methodname="IsAdjacentTo_ReturnsFalse" classname="ChessWithTDD.Tests.SquareExtensionsTests" runstate="Runnable" seed="1179533856" result="Passed" start-time="2017-05-21 16:24:35Z" end-time="2017-05-21 16:24:35Z" duration="0.001297" asserts="1" />
            <test-case id="0-1436" name="IsAdjacentTo_ReturnsFalse(4,0,2,2)" fullname="ChessWithTDD.Tests.SquareExtensionsTests.IsAdjacentTo_ReturnsFalse(4,0,2,2)" methodname="IsAdjacentTo_ReturnsFalse" classname="ChessWithTDD.Tests.SquareExtensionsTests" runstate="Runnable" seed="1015297518" result="Passed" start-time="2017-05-21 16:24:35Z" end-time="2017-05-21 16:24:35Z" duration="0.001359" asserts="1" />
            <test-case id="0-1437" name="IsAdjacentTo_ReturnsFalse(3,4,3,2)" fullname="ChessWithTDD.Tests.SquareExtensionsTests.IsAdjacentTo_ReturnsFalse(3,4,3,2)" methodname="IsAdjacentTo_ReturnsFalse" classname="ChessWithTDD.Tests.SquareExtensionsTests" runstate="Runnable" seed="155318523" result="Passed" start-time="2017-05-21 16:24:35Z" end-time="2017-05-21 16:24:35Z" duration="0.001229" asserts="1" />
            <test-case id="0-1438" name="IsAdjacentTo_ReturnsFalse(3,2,3,4)" fullname="ChessWithTDD.Tests.SquareExtensionsTests.IsAdjacentTo_ReturnsFalse(3,2,3,4)" methodname="IsAdjacentTo_ReturnsFalse" classname="ChessWithTDD.Tests.SquareExtensionsTests" runstate="Runnable" seed="742778874" result="Passed" start-time="2017-05-21 16:24:35Z" end-time="2017-05-21 16:24:35Z" duration="0.001260" asserts="1" />
            <test-case id="0-1439" name="IsAdjacentTo_ReturnsFalse(0,4,2,2)" fullname="ChessWithTDD.Tests.SquareExtensionsTests.IsAdjacentTo_ReturnsFalse(0,4,2,2)" methodname="IsAdjacentTo_ReturnsFalse" classname="ChessWithTDD.Tests.SquareExtensionsTests" runstate="Runnable" seed="949713809" result="Passed" start-time="2017-05-21 16:24:35Z" end-time="2017-05-21 16:24:35Z" duration="0.001297" asserts="1" />
            <test-case id="0-1440" name="IsAdjacentTo_ReturnsFalse(0,0,2,2)" fullname="ChessWithTDD.Tests.SquareExtensionsTests.IsAdjacentTo_ReturnsFalse(0,0,2,2)" methodname="IsAdjacentTo_ReturnsFalse" classname="ChessWithTDD.Tests.SquareExtensionsTests" runstate="Runnable" seed="851115912" result="Passed" start-time="2017-05-21 16:24:35Z" end-time="2017-05-21 16:24:35Z" duration="0.001299" asserts="1" />
            <test-case id="0-1441" name="IsAdjacentTo_ReturnsFalse(0,2,2,2)" fullname="ChessWithTDD.Tests.SquareExtensionsTests.IsAdjacentTo_ReturnsFalse(0,2,2,2)" methodname="IsAdjacentTo_ReturnsFalse" classname="ChessWithTDD.Tests.SquareExtensionsTests" runstate="Runnable" seed="112861909" result="Passed" start-time="2017-05-21 16:24:35Z" end-time="2017-05-21 16:24:35Z" duration="0.001323" asserts="1" />
          </test-suite>
          <test-suite type="ParameterizedMethod" id="0-1433" name="IsAdjacentTo_ReturnsTrue" fullname="ChessWithTDD.Tests.SquareExtensionsTests.IsAdjacentTo_ReturnsTrue" classname="ChessWithTDD.Tests.SquareExtensionsTests" runstate="Runnable" testcasecount="8" result="Passed" start-time="2017-05-21 16:24:36Z" end-time="2017-05-21 16:24:36Z" duration="0.057681" total="8" passed="8" failed="0" warnings="0" inconclusive="0" skipped="0" asserts="8">
            <test-case id="0-1425" name="IsAdjacentTo_ReturnsTrue(3,3,2,3)" fullname="ChessWithTDD.Tests.SquareExtensionsTests.IsAdjacentTo_ReturnsTrue(3,3,2,3)" methodname="IsAdjacentTo_ReturnsTrue" classname="ChessWithTDD.Tests.SquareExtensionsTests" runstate="Runnable" seed="1540137880" result="Passed" start-time="2017-05-21 16:24:36Z" end-time="2017-05-21 16:24:36Z" duration="0.002273" asserts="1" />
            <test-case id="0-1426" name="IsAdjacentTo_ReturnsTrue(3,3,2,2)" fullname="ChessWithTDD.Tests.SquareExtensionsTests.IsAdjacentTo_ReturnsTrue(3,3,2,2)" methodname="IsAdjacentTo_ReturnsTrue" classname="ChessWithTDD.Tests.SquareExtensionsTests" runstate="Runnable" seed="1146637983" result="Passed" start-time="2017-05-21 16:24:36Z" end-time="2017-05-21 16:24:36Z" duration="0.001273" asserts="1" />
            <test-case id="0-1427" name="IsAdjacentTo_ReturnsTrue(3,1,2,2)" fullname="ChessWithTDD.Tests.SquareExtensionsTests.IsAdjacentTo_ReturnsTrue(3,1,2,2)" methodname="IsAdjacentTo_ReturnsTrue" classname="ChessWithTDD.Tests.SquareExtensionsTests" runstate="Runnable" seed="986234521" result="Passed" start-time="2017-05-21 16:24:36Z" end-time="2017-05-21 16:24:36Z" duration="0.001252" asserts="1" />
            <test-case id="0-1428" name="IsAdjacentTo_ReturnsTrue(3,3,3,2)" fullname="ChessWithTDD.Tests.SquareExtensionsTests.IsAdjacentTo_ReturnsTrue(3,3,3,2)" methodname="IsAdjacentTo_ReturnsTrue" classname="ChessWithTDD.Tests.SquareExtensionsTests" runstate="Runnable" seed="599550837" result="Passed" start-time="2017-05-21 16:24:36Z" end-time="2017-05-21 16:24:36Z" duration="0.001255" asserts="1" />
            <test-case id="0-1429" name="IsAdjacentTo_ReturnsTrue(3,3,3,4)" fullname="ChessWithTDD.Tests.SquareExtensionsTests.IsAdjacentTo_ReturnsTrue(3,3,3,4)" methodname="IsAdjacentTo_ReturnsTrue" classname="ChessWithTDD.Tests.SquareExtensionsTests" runstate="Runnable" seed="1664818725" result="Passed" start-time="2017-05-21 16:24:36Z" end-time="2017-05-21 16:24:36Z" duration="0.001273" asserts="1" />
            <test-case id="0-1430" name="IsAdjacentTo_ReturnsTrue(1,3,2,2)" fullname="ChessWithTDD.Tests.SquareExtensionsTests.IsAdjacentTo_ReturnsTrue(1,3,2,2)" methodname="IsAdjacentTo_ReturnsTrue" classname="ChessWithTDD.Tests.SquareExtensionsTests" runstate="Runnable" seed="1443691846" result="Passed" start-time="2017-05-21 16:24:36Z" end-time="2017-05-21 16:24:36Z" duration="0.001312" asserts="1" />
            <test-case id="0-1431" name="IsAdjacentTo_ReturnsTrue(1,1,2,2)" fullname="ChessWithTDD.Tests.SquareExtensionsTests.IsAdjacentTo_ReturnsTrue(1,1,2,2)" methodname="IsAdjacentTo_ReturnsTrue" classname="ChessWithTDD.Tests.SquareExtensionsTests" runstate="Runnable" seed="1264461673" result="Passed" start-time="2017-05-21 16:24:36Z" end-time="2017-05-21 16:24:36Z" duration="0.001225" asserts="1" />
            <test-case id="0-1432" name="IsAdjacentTo_ReturnsTrue(1,2,2,2)" fullname="ChessWithTDD.Tests.SquareExtensionsTests.IsAdjacentTo_ReturnsTrue(1,2,2,2)" methodname="IsAdjacentTo_ReturnsTrue" classname="ChessWithTDD.Tests.SquareExtensionsTests" runstate="Runnable" seed="422128667" result="Passed" start-time="2017-05-21 16:24:36Z" end-time="2017-05-21 16:24:36Z" duration="0.001260" asserts="1" />
          </test-suite>
          <test-suite type="ParameterizedMethod" id="0-1476" name="IsAnLShapeAwayFrom_ReturnsFalse" fullname="ChessWithTDD.Tests.SquareExtensionsTests.IsAnLShapeAwayFrom_ReturnsFalse" classname="ChessWithTDD.Tests.SquareExtensionsTests" runstate="Runnable" testcasecount="6" result="Passed" start-time="2017-05-21 16:24:36Z" end-time="2017-05-21 16:24:36Z" duration="0.092028" total="6" passed="6" failed="0" warnings="0" inconclusive="0" skipped="0" asserts="6">
            <test-case id="0-1470" name="IsAnLShapeAwayFrom_ReturnsFalse(3,3,4,4)" fullname="ChessWithTDD.Tests.SquareExtensionsTests.IsAnLShapeAwayFrom_ReturnsFalse(3,3,4,4)" methodname="IsAnLShapeAwayFrom_ReturnsFalse" classname="ChessWithTDD.Tests.SquareExtensionsTests" runstate="Runnable" seed="1994426350" result="Passed" start-time="2017-05-21 16:24:36Z" end-time="2017-05-21 16:24:36Z" duration="0.002260" asserts="1" />
            <test-case id="0-1471" name="IsAnLShapeAwayFrom_ReturnsFalse(3,3,4,3)" fullname="ChessWithTDD.Tests.SquareExtensionsTests.IsAnLShapeAwayFrom_ReturnsFalse(3,3,4,3)" methodname="IsAnLShapeAwayFrom_ReturnsFalse" classname="ChessWithTDD.Tests.SquareExtensionsTests" runstate="Runnable" seed="1806019329" result="Passed" start-time="2017-05-21 16:24:36Z" end-time="2017-05-21 16:24:36Z" duration="0.001409" asserts="1" />
            <test-case id="0-1472" name="IsAnLShapeAwayFrom_ReturnsFalse(3,3,3,4)" fullname="ChessWithTDD.Tests.SquareExtensionsTests.IsAnLShapeAwayFrom_ReturnsFalse(3,3,3,4)" methodname="IsAnLShapeAwayFrom_ReturnsFalse" classname="ChessWithTDD.Tests.SquareExtensionsTests" runstate="Runnable" seed="717390511" result="Passed" start-time="2017-05-21 16:24:36Z" end-time="2017-05-21 16:24:36Z" duration="0.001341" asserts="1" />
            <test-case id="0-1473" name="IsAnLShapeAwayFrom_ReturnsFalse(3,3,0,0)" fullname="ChessWithTDD.Tests.SquareExtensionsTests.IsAnLShapeAwayFrom_ReturnsFalse(3,3,0,0)" methodname="IsAnLShapeAwayFrom_ReturnsFalse" classname="ChessWithTDD.Tests.SquareExtensionsTests" runstate="Runnable" seed="1036934848" result="Passed" start-time="2017-05-21 16:24:36Z" end-time="2017-05-21 16:24:36Z" duration="0.001267" asserts="1" />
            <test-case id="0-1474" name="IsAnLShapeAwayFrom_ReturnsFalse(4,1,1,4)" fullname="ChessWithTDD.Tests.SquareExtensionsTests.IsAnLShapeAwayFrom_ReturnsFalse(4,1,1,4)" methodname="IsAnLShapeAwayFrom_ReturnsFalse" classname="ChessWithTDD.Tests.SquareExtensionsTests" runstate="Runnable" seed="1630196153" result="Passed" start-time="2017-05-21 16:24:36Z" end-time="2017-05-21 16:24:36Z" duration="0.001235" asserts="1" />
            <test-case id="0-1475" name="IsAnLShapeAwayFrom_ReturnsFalse(1,4,5,6)" fullname="ChessWithTDD.Tests.SquareExtensionsTests.IsAnLShapeAwayFrom_ReturnsFalse(1,4,5,6)" methodname="IsAnLShapeAwayFrom_ReturnsFalse" classname="ChessWithTDD.Tests.SquareExtensionsTests" runstate="Runnable" seed="1807907525" result="Passed" start-time="2017-05-21 16:24:36Z" end-time="2017-05-21 16:24:36Z" duration="0.001222" asserts="1" />
          </test-suite>
          <test-suite type="ParameterizedMethod" id="0-1469" name="IsAnLShapeAwayFrom_ReturnsTrue" fullname="ChessWithTDD.Tests.SquareExtensionsTests.IsAnLShapeAwayFrom_ReturnsTrue" classname="ChessWithTDD.Tests.SquareExtensionsTests" runstate="Runnable" testcasecount="4" result="Passed" start-time="2017-05-21 16:24:36Z" end-time="2017-05-21 16:24:36Z" duration="0.088056" total="4" passed="4" failed="0" warnings="0" inconclusive="0" skipped="0" asserts="4">
            <test-case id="0-1465" name="IsAnLShapeAwayFrom_ReturnsTrue(3,3,5,4)" fullname="ChessWithTDD.Tests.SquareExtensionsTests.IsAnLShapeAwayFrom_ReturnsTrue(3,3,5,4)" methodname="IsAnLShapeAwayFrom_ReturnsTrue" classname="ChessWithTDD.Tests.SquareExtensionsTests" runstate="Runnable" seed="1483921510" result="Passed" start-time="2017-05-21 16:24:36Z" end-time="2017-05-21 16:24:36Z" duration="0.001148" asserts="1" />
            <test-case id="0-1466" name="IsAnLShapeAwayFrom_ReturnsTrue(3,3,4,5)" fullname="ChessWithTDD.Tests.SquareExtensionsTests.IsAnLShapeAwayFrom_ReturnsTrue(3,3,4,5)" methodname="IsAnLShapeAwayFrom_ReturnsTrue" classname="ChessWithTDD.Tests.SquareExtensionsTests" runstate="Runnable" seed="1426097342" result="Passed" start-time="2017-05-21 16:24:36Z" end-time="2017-05-21 16:24:36Z" duration="0.000702" asserts="1" />
            <test-case id="0-1467" name="IsAnLShapeAwayFrom_ReturnsTrue(4,5,3,3)" fullname="ChessWithTDD.Tests.SquareExtensionsTests.IsAnLShapeAwayFrom_ReturnsTrue(4,5,3,3)" methodname="IsAnLShapeAwayFrom_ReturnsTrue" classname="ChessWithTDD.Tests.SquareExtensionsTests" runstate="Runnable" seed="2095202233" result="Passed" start-time="2017-05-21 16:24:36Z" end-time="2017-05-21 16:24:36Z" duration="0.001847" asserts="1" />
            <test-case id="0-1468" name="IsAnLShapeAwayFrom_ReturnsTrue(5,4,3,3)" fullname="ChessWithTDD.Tests.SquareExtensionsTests.IsAnLShapeAwayFrom_ReturnsTrue(5,4,3,3)" methodname="IsAnLShapeAwayFrom_ReturnsTrue" classname="ChessWithTDD.Tests.SquareExtensionsTests" runstate="Runnable" seed="1208098219" result="Passed" start-time="2017-05-21 16:24:36Z" end-time="2017-05-21 16:24:36Z" duration="0.001567" asserts="1" />
          </test-suite>
          <test-suite type="ParameterizedMethod" id="0-1460" name="IsDiagonalTo_ReturnsFalse" fullname="ChessWithTDD.Tests.SquareExtensionsTests.IsDiagonalTo_ReturnsFalse" classname="ChessWithTDD.Tests.SquareExtensionsTests" runstate="Runnable" testcasecount="8" result="Passed" start-time="2017-05-21 16:24:36Z" end-time="2017-05-21 16:24:36Z" duration="0.165827" total="8" passed="8" failed="0" warnings="0" inconclusive="0" skipped="0" asserts="8">
            <test-case id="0-1452" name="IsDiagonalTo_ReturnsFalse(3,3,3,2)" fullname="ChessWithTDD.Tests.SquareExtensionsTests.IsDiagonalTo_ReturnsFalse(3,3,3,2)" methodname="IsDiagonalTo_ReturnsFalse" classname="ChessWithTDD.Tests.SquareExtensionsTests" runstate="Runnable" seed="1269698610" result="Passed" start-time="2017-05-21 16:24:36Z" end-time="2017-05-21 16:24:36Z" duration="0.002578" asserts="1" />
            <test-case id="0-1453" name="IsDiagonalTo_ReturnsFalse(3,2,2,2)" fullname="ChessWithTDD.Tests.SquareExtensionsTests.IsDiagonalTo_ReturnsFalse(3,2,2,2)" methodname="IsDiagonalTo_ReturnsFalse" classname="ChessWithTDD.Tests.SquareExtensionsTests" runstate="Runnable" seed="1778729339" result="Passed" start-time="2017-05-21 16:24:36Z" end-time="2017-05-21 16:24:36Z" duration="0.001599" asserts="1" />
            <test-case id="0-1454" name="IsDiagonalTo_ReturnsFalse(1,3,3,2)" fullname="ChessWithTDD.Tests.SquareExtensionsTests.IsDiagonalTo_ReturnsFalse(1,3,3,2)" methodname="IsDiagonalTo_ReturnsFalse" classname="ChessWithTDD.Tests.SquareExtensionsTests" runstate="Runnable" seed="1864785517" result="Passed" start-time="2017-05-21 16:24:36Z" end-time="2017-05-21 16:24:36Z" duration="0.001575" asserts="1" />
            <test-case id="0-1455" name="IsDiagonalTo_ReturnsFalse(1,1,2,3)" fullname="ChessWithTDD.Tests.SquareExtensionsTests.IsDiagonalTo_ReturnsFalse(1,1,2,3)" methodname="IsDiagonalTo_ReturnsFalse" classname="ChessWithTDD.Tests.SquareExtensionsTests" runstate="Runnable" seed="1606920454" result="Passed" start-time="2017-05-21 16:24:36Z" end-time="2017-05-21 16:24:36Z" duration="0.001677" asserts="1" />
            <test-case id="0-1456" name="IsDiagonalTo_ReturnsFalse(6,2,2,2)" fullname="ChessWithTDD.Tests.SquareExtensionsTests.IsDiagonalTo_ReturnsFalse(6,2,2,2)" methodname="IsDiagonalTo_ReturnsFalse" classname="ChessWithTDD.Tests.SquareExtensionsTests" runstate="Runnable" seed="740659683" result="Passed" start-time="2017-05-21 16:24:36Z" end-time="2017-05-21 16:24:36Z" duration="0.001535" asserts="1" />
            <test-case id="0-1457" name="IsDiagonalTo_ReturnsFalse(4,0,4,2)" fullname="ChessWithTDD.Tests.SquareExtensionsTests.IsDiagonalTo_ReturnsFalse(4,0,4,2)" methodname="IsDiagonalTo_ReturnsFalse" classname="ChessWithTDD.Tests.SquareExtensionsTests" runstate="Runnable" seed="639563184" result="Passed" start-time="2017-05-21 16:24:36Z" end-time="2017-05-21 16:24:36Z" duration="0.001574" asserts="1" />
            <test-case id="0-1458" name="IsDiagonalTo_ReturnsFalse(1,4,2,2)" fullname="ChessWithTDD.Tests.SquareExtensionsTests.IsDiagonalTo_ReturnsFalse(1,4,2,2)" methodname="IsDiagonalTo_ReturnsFalse" classname="ChessWithTDD.Tests.SquareExtensionsTests" runstate="Runnable" seed="554784427" result="Passed" start-time="2017-05-21 16:24:36Z" end-time="2017-05-21 16:24:36Z" duration="0.000939" asserts="1" />
            <test-case id="0-1459" name="IsDiagonalTo_ReturnsFalse(1,1,5,7)" fullname="ChessWithTDD.Tests.SquareExtensionsTests.IsDiagonalTo_ReturnsFalse(1,1,5,7)" methodname="IsDiagonalTo_ReturnsFalse" classname="ChessWithTDD.Tests.SquareExtensionsTests" runstate="Runnable" seed="300777071" result="Passed" start-time="2017-05-21 16:24:36Z" end-time="2017-05-21 16:24:36Z" duration="0.000928" asserts="1" />
          </test-suite>
          <test-suite type="ParameterizedMethod" id="0-1451" name="IsDiagonalTo_ReturnsTrue" fullname="ChessWithTDD.Tests.SquareExtensionsTests.IsDiagonalTo_ReturnsTrue" classname="ChessWithTDD.Tests.SquareExtensionsTests" runstate="Runnable" testcasecount="8" result="Passed" start-time="2017-05-21 16:24:36Z" end-time="2017-05-21 16:24:36Z" duration="0.192332" total="8" passed="8" failed="0" warnings="0" inconclusive="0" skipped="0" asserts="8">
            <test-case id="0-1443" name="IsDiagonalTo_ReturnsTrue(3,3,2,2)" fullname="ChessWithTDD.Tests.SquareExtensionsTests.IsDiagonalTo_ReturnsTrue(3,3,2,2)" methodname="IsDiagonalTo_ReturnsTrue" classname="ChessWithTDD.Tests.SquareExtensionsTests" runstate="Runnable" seed="1965495274" result="Passed" start-time="2017-05-21 16:24:36Z" end-time="2017-05-21 16:24:36Z" duration="0.001547" asserts="1" />
            <test-case id="0-1444" name="IsDiagonalTo_ReturnsTrue(3,1,2,2)" fullname="ChessWithTDD.Tests.SquareExtensionsTests.IsDiagonalTo_ReturnsTrue(3,1,2,2)" methodname="IsDiagonalTo_ReturnsTrue" classname="ChessWithTDD.Tests.SquareExtensionsTests" runstate="Runnable" seed="1364309628" result="Passed" start-time="2017-05-21 16:24:36Z" end-time="2017-05-21 16:24:36Z" duration="0.000969" asserts="1" />
            <test-case id="0-1445" name="IsDiagonalTo_ReturnsTrue(1,3,2,2)" fullname="ChessWithTDD.Tests.SquareExtensionsTests.IsDiagonalTo_ReturnsTrue(1,3,2,2)" methodname="IsDiagonalTo_ReturnsTrue" classname="ChessWithTDD.Tests.SquareExtensionsTests" runstate="Runnable" seed="850082028" result="Passed" start-time="2017-05-21 16:24:36Z" end-time="2017-05-21 16:24:36Z" duration="0.000925" asserts="1" />
            <test-case id="0-1446" name="IsDiagonalTo_ReturnsTrue(1,1,2,2)" fullname="ChessWithTDD.Tests.SquareExtensionsTests.IsDiagonalTo_ReturnsTrue(1,1,2,2)" methodname="IsDiagonalTo_ReturnsTrue" classname="ChessWithTDD.Tests.SquareExtensionsTests" runstate="Runnable" seed="808390485" result="Passed" start-time="2017-05-21 16:24:36Z" end-time="2017-05-21 16:24:36Z" duration="0.001041" asserts="1" />
            <test-case id="0-1447" name="IsDiagonalTo_ReturnsTrue(6,6,2,2)" fullname="ChessWithTDD.Tests.SquareExtensionsTests.IsDiagonalTo_ReturnsTrue(6,6,2,2)" methodname="IsDiagonalTo_ReturnsTrue" classname="ChessWithTDD.Tests.SquareExtensionsTests" runstate="Runnable" seed="1370792463" result="Passed" start-time="2017-05-21 16:24:36Z" end-time="2017-05-21 16:24:36Z" duration="0.000959" asserts="1" />
            <test-case id="0-1448" name="IsDiagonalTo_ReturnsTrue(4,0,2,2)" fullname="ChessWithTDD.Tests.SquareExtensionsTests.IsDiagonalTo_ReturnsTrue(4,0,2,2)" methodname="IsDiagonalTo_ReturnsTrue" classname="ChessWithTDD.Tests.SquareExtensionsTests" runstate="Runnable" seed="829197141" result="Passed" start-time="2017-05-21 16:24:36Z" end-time="2017-05-21 16:24:36Z" duration="0.000930" asserts="1" />
            <test-case id="0-1449" name="IsDiagonalTo_ReturnsTrue(0,4,2,2)" fullname="ChessWithTDD.Tests.SquareExtensionsTests.IsDiagonalTo_ReturnsTrue(0,4,2,2)" methodname="IsDiagonalTo_ReturnsTrue" classname="ChessWithTDD.Tests.SquareExtensionsTests" runstate="Runnable" seed="683632832" result="Passed" start-time="2017-05-21 16:24:36Z" end-time="2017-05-21 16:24:36Z" duration="0.001005" asserts="1" />
            <test-case id="0-1450" name="IsDiagonalTo_ReturnsTrue(1,1,7,7)" fullname="ChessWithTDD.Tests.SquareExtensionsTests.IsDiagonalTo_ReturnsTrue(1,1,7,7)" methodname="IsDiagonalTo_ReturnsTrue" classname="ChessWithTDD.Tests.SquareExtensionsTests" runstate="Runnable" seed="1877653946" result="Passed" start-time="2017-05-21 16:24:36Z" end-time="2017-05-21 16:24:36Z" duration="0.002011" asserts="1" />
          </test-suite>
          <test-suite type="ParameterizedMethod" id="0-1464" name="IsInSameColumnAs_ReturnsFalse" fullname="ChessWithTDD.Tests.SquareExtensionsTests.IsInSameColumnAs_ReturnsFalse" classname="ChessWithTDD.Tests.SquareExtensionsTests" runstate="Runnable" testcasecount="0" result="Passed" start-time="2017-05-21 16:24:36Z" end-time="2017-05-21 16:24:36Z" duration="0.000081" total="0" passed="0" failed="0" warnings="0" inconclusive="0" skipped="0" asserts="0" />
          <test-suite type="ParameterizedMethod" id="0-1463" name="IsInSameColumnAs_ReturnsTrue" fullname="ChessWithTDD.Tests.SquareExtensionsTests.IsInSameColumnAs_ReturnsTrue" classname="ChessWithTDD.Tests.SquareExtensionsTests" runstate="Runnable" testcasecount="0" result="Passed" start-time="2017-05-21 16:24:36Z" end-time="2017-05-21 16:24:36Z" duration="0.000081" total="0" passed="0" failed="0" warnings="0" inconclusive="0" skipped="0" asserts="0" />
          <test-suite type="ParameterizedMethod" id="0-1462" name="IsInSameRowAs_ReturnsFalse" fullname="ChessWithTDD.Tests.SquareExtensionsTests.IsInSameRowAs_ReturnsFalse" classname="ChessWithTDD.Tests.SquareExtensionsTests" runstate="Runnable" testcasecount="0" result="Passed" start-time="2017-05-21 16:24:36Z" end-time="2017-05-21 16:24:36Z" duration="0.000111" total="0" passed="0" failed="0" warnings="0" inconclusive="0" skipped="0" asserts="0" />
          <test-suite type="ParameterizedMethod" id="0-1461" name="IsInSameRowAs_ReturnsTrue" fullname="ChessWithTDD.Tests.SquareExtensionsTests.IsInSameRowAs_ReturnsTrue" classname="ChessWithTDD.Tests.SquareExtensionsTests" runstate="Runnable" testcasecount="0" result="Passed" start-time="2017-05-21 16:24:36Z" end-time="2017-05-21 16:24:36Z" duration="0.000084" total="0" passed="0" failed="0" warnings="0" inconclusive="0" skipped="0" asserts="0" />
          <test-suite type="ParameterizedMethod" id="0-1390" name="IsMultipleSquaresEastEastOf_ReturnsFalse" fullname="ChessWithTDD.Tests.SquareExtensionsTests.IsMultipleSquaresEastEastOf_ReturnsFalse" classname="ChessWithTDD.Tests.SquareExtensionsTests" runstate="Runnable" testcasecount="2" result="Passed" start-time="2017-05-21 16:24:36Z" end-time="2017-05-21 16:24:36Z" duration="0.034966" total="2" passed="2" failed="0" warnings="0" inconclusive="0" skipped="0" asserts="2">
            <test-case id="0-1388" name="IsMultipleSquaresEastEastOf_ReturnsFalse(4,4,4,3)" fullname="ChessWithTDD.Tests.SquareExtensionsTests.IsMultipleSquaresEastEastOf_ReturnsFalse(4,4,4,3)" methodname="IsMultipleSquaresEastEastOf_ReturnsFalse" classname="ChessWithTDD.Tests.SquareExtensionsTests" runstate="Runnable" seed="549321636" result="Passed" start-time="2017-05-21 16:24:36Z" end-time="2017-05-21 16:24:36Z" duration="0.001770" asserts="1" />
            <test-case id="0-1389" name="IsMultipleSquaresEastEastOf_ReturnsFalse(6,5,7,1)" fullname="ChessWithTDD.Tests.SquareExtensionsTests.IsMultipleSquaresEastEastOf_ReturnsFalse(6,5,7,1)" methodname="IsMultipleSquaresEastEastOf_ReturnsFalse" classname="ChessWithTDD.Tests.SquareExtensionsTests" runstate="Runnable" seed="426849624" result="Passed" start-time="2017-05-21 16:24:36Z" end-time="2017-05-21 16:24:36Z" duration="0.000992" asserts="1" />
          </test-suite>
          <test-suite type="ParameterizedMethod" id="0-1387" name="IsMultipleSquaresEastEastOf_ReturnsTrue" fullname="ChessWithTDD.Tests.SquareExtensionsTests.IsMultipleSquaresEastEastOf_ReturnsTrue" classname="ChessWithTDD.Tests.SquareExtensionsTests" runstate="Runnable" testcasecount="2" result="Passed" start-time="2017-05-21 16:24:36Z" end-time="2017-05-21 16:24:36Z" duration="0.062075" total="2" passed="2" failed="0" warnings="0" inconclusive="0" skipped="0" asserts="2">
            <test-case id="0-1385" name="IsMultipleSquaresEastEastOf_ReturnsTrue(4,6,4,3)" fullname="ChessWithTDD.Tests.SquareExtensionsTests.IsMultipleSquaresEastEastOf_ReturnsTrue(4,6,4,3)" methodname="IsMultipleSquaresEastEastOf_ReturnsTrue" classname="ChessWithTDD.Tests.SquareExtensionsTests" runstate="Runnable" seed="1100428949" result="Passed" start-time="2017-05-21 16:24:36Z" end-time="2017-05-21 16:24:36Z" duration="0.001836" asserts="1" />
            <test-case id="0-1386" name="IsMultipleSquaresEastEastOf_ReturnsTrue(6,5,6,1)" fullname="ChessWithTDD.Tests.SquareExtensionsTests.IsMultipleSquaresEastEastOf_ReturnsTrue(6,5,6,1)" methodname="IsMultipleSquaresEastEastOf_ReturnsTrue" classname="ChessWithTDD.Tests.SquareExtensionsTests" runstate="Runnable" seed="1452398485" result="Passed" start-time="2017-05-21 16:24:36Z" end-time="2017-05-21 16:24:36Z" duration="0.001071" asserts="1" />
          </test-suite>
          <test-suite type="ParameterizedMethod" id="0-1378" name="IsMultipleSquaresNorthEastOf_ReturnsFalse" fullname="ChessWithTDD.Tests.SquareExtensionsTests.IsMultipleSquaresNorthEastOf_ReturnsFalse" classname="ChessWithTDD.Tests.SquareExtensionsTests" runstate="Runnable" testcasecount="2" result="Passed" start-time="2017-05-21 16:24:36Z" end-time="2017-05-21 16:24:36Z" duration="0.008982" total="2" passed="2" failed="0" warnings="0" inconclusive="0" skipped="0" asserts="2">
            <test-case id="0-1376" name="IsMultipleSquaresNorthEastOf_ReturnsFalse(3,3,2,2)" fullname="ChessWithTDD.Tests.SquareExtensionsTests.IsMultipleSquaresNorthEastOf_ReturnsFalse(3,3,2,2)" methodname="IsMultipleSquaresNorthEastOf_ReturnsFalse" classname="ChessWithTDD.Tests.SquareExtensionsTests" runstate="Runnable" seed="1333300273" result="Passed" start-time="2017-05-21 16:24:36Z" end-time="2017-05-21 16:24:36Z" duration="0.001688" asserts="1" />
            <test-case id="0-1377" name="IsMultipleSquaresNorthEastOf_ReturnsFalse(5,7,2,3)" fullname="ChessWithTDD.Tests.SquareExtensionsTests.IsMultipleSquaresNorthEastOf_ReturnsFalse(5,7,2,3)" methodname="IsMultipleSquaresNorthEastOf_ReturnsFalse" classname="ChessWithTDD.Tests.SquareExtensionsTests" runstate="Runnable" seed="1162928247" result="Passed" start-time="2017-05-21 16:24:36Z" end-time="2017-05-21 16:24:36Z" duration="0.001156" asserts="1" />
          </test-suite>
          <test-suite type="ParameterizedMethod" id="0-1375" name="IsMultipleSquaresNorthEastOf_ReturnsTrue" fullname="ChessWithTDD.Tests.SquareExtensionsTests.IsMultipleSquaresNorthEastOf_ReturnsTrue" classname="ChessWithTDD.Tests.SquareExtensionsTests" runstate="Runnable" testcasecount="2" result="Passed" start-time="2017-05-21 16:24:36Z" end-time="2017-05-21 16:24:36Z" duration="0.047438" total="2" passed="2" failed="0" warnings="0" inconclusive="0" skipped="0" asserts="2">
            <test-case id="0-1373" name="IsMultipleSquaresNorthEastOf_ReturnsTrue(4,4,2,2)" fullname="ChessWithTDD.Tests.SquareExtensionsTests.IsMultipleSquaresNorthEastOf_ReturnsTrue(4,4,2,2)" methodname="IsMultipleSquaresNorthEastOf_ReturnsTrue" classname="ChessWithTDD.Tests.SquareExtensionsTests" runstate="Runnable" seed="1138373072" result="Passed" start-time="2017-05-21 16:24:36Z" end-time="2017-05-21 16:24:36Z" duration="0.001903" asserts="1" />
            <test-case id="0-1374" name="IsMultipleSquaresNorthEastOf_ReturnsTrue(6,7,2,3)" fullname="ChessWithTDD.Tests.SquareExtensionsTests.IsMultipleSquaresNorthEastOf_ReturnsTrue(6,7,2,3)" methodname="IsMultipleSquaresNorthEastOf_ReturnsTrue" classname="ChessWithTDD.Tests.SquareExtensionsTests" runstate="Runnable" seed="1457611037" result="Passed" start-time="2017-05-21 16:24:36Z" end-time="2017-05-21 16:24:36Z" duration="0.001205" asserts="1" />
          </test-suite>
          <test-suite type="ParameterizedMethod" id="0-1366" name="IsMultipleSquaresNorthNorthOf_ReturnsFalse" fullname="ChessWithTDD.Tests.SquareExtensionsTests.IsMultipleSquaresNorthNorthOf_ReturnsFalse" classname="ChessWithTDD.Tests.SquareExtensionsTests" runstate="Runnable" testcasecount="2" result="Passed" start-time="2017-05-21 16:24:36Z" end-time="2017-05-21 16:24:37Z" duration="0.046596" total="2" passed="2" failed="0" warnings="0" inconclusive="0" skipped="0" asserts="2">
            <test-case id="0-1364" name="IsMultipleSquaresNorthNorthOf_ReturnsFalse(3,2,2,2)" fullname="ChessWithTDD.Tests.SquareExtensionsTests.IsMultipleSquaresNorthNorthOf_ReturnsFalse(3,2,2,2)" methodname="IsMultipleSquaresNorthNorthOf_ReturnsFalse" classname="ChessWithTDD.Tests.SquareExtensionsTests" runstate="Runnable" seed="929632441" result="Passed" start-time="2017-05-21 16:24:36Z" end-time="2017-05-21 16:24:36Z" duration="0.001819" asserts="1" />
            <test-case id="0-1365" name="IsMultipleSquaresNorthNorthOf_ReturnsFalse(7,3,5,4)" fullname="ChessWithTDD.Tests.SquareExtensionsTests.IsMultipleSquaresNorthNorthOf_ReturnsFalse(7,3,5,4)" methodname="IsMultipleSquaresNorthNorthOf_ReturnsFalse" classname="ChessWithTDD.Tests.SquareExtensionsTests" runstate="Runnable" seed="1863161436" result="Passed" start-time="2017-05-21 16:24:37Z" end-time="2017-05-21 16:24:37Z" duration="0.000990" asserts="1" />
          </test-suite>
          <test-suite type="ParameterizedMethod" id="0-1363" name="IsMultipleSquaresNorthNorthOf_ReturnsTrue" fullname="ChessWithTDD.Tests.SquareExtensionsTests.IsMultipleSquaresNorthNorthOf_ReturnsTrue" classname="ChessWithTDD.Tests.SquareExtensionsTests" runstate="Runnable" testcasecount="2" result="Passed" start-time="2017-05-21 16:24:37Z" end-time="2017-05-21 16:24:37Z" duration="0.031927" total="2" passed="2" failed="0" warnings="0" inconclusive="0" skipped="0" asserts="2">
            <test-case id="0-1361" name="IsMultipleSquaresNorthNorthOf_ReturnsTrue(5,2,2,2)" fullname="ChessWithTDD.Tests.SquareExtensionsTests.IsMultipleSquaresNorthNorthOf_ReturnsTrue(5,2,2,2)" methodname="IsMultipleSquaresNorthNorthOf_ReturnsTrue" classname="ChessWithTDD.Tests.SquareExtensionsTests" runstate="Runnable" seed="1873237749" result="Passed" start-time="2017-05-21 16:24:37Z" end-time="2017-05-21 16:24:37Z" duration="0.001768" asserts="1" />
            <test-case id="0-1362" name="IsMultipleSquaresNorthNorthOf_ReturnsTrue(7,3,5,3)" fullname="ChessWithTDD.Tests.SquareExtensionsTests.IsMultipleSquaresNorthNorthOf_ReturnsTrue(7,3,5,3)" methodname="IsMultipleSquaresNorthNorthOf_ReturnsTrue" classname="ChessWithTDD.Tests.SquareExtensionsTests" runstate="Runnable" seed="540662887" result="Passed" start-time="2017-05-21 16:24:37Z" end-time="2017-05-21 16:24:37Z" duration="0.001111" asserts="1" />
          </test-suite>
          <test-suite type="ParameterizedMethod" id="0-1372" name="IsMultipleSquaresNorthWestOf_ReturnsFalse" fullname="ChessWithTDD.Tests.SquareExtensionsTests.IsMultipleSquaresNorthWestOf_ReturnsFalse" classname="ChessWithTDD.Tests.SquareExtensionsTests" runstate="Runnable" testcasecount="2" result="Passed" start-time="2017-05-21 16:24:37Z" end-time="2017-05-21 16:24:37Z" duration="0.010017" total="2" passed="2" failed="0" warnings="0" inconclusive="0" skipped="0" asserts="2">
            <test-case id="0-1370" name="IsMultipleSquaresNorthWestOf_ReturnsFalse(3,1,2,2)" fullname="ChessWithTDD.Tests.SquareExtensionsTests.IsMultipleSquaresNorthWestOf_ReturnsFalse(3,1,2,2)" methodname="IsMultipleSquaresNorthWestOf_ReturnsFalse" classname="ChessWithTDD.Tests.SquareExtensionsTests" runstate="Runnable" seed="502860889" result="Passed" start-time="2017-05-21 16:24:37Z" end-time="2017-05-21 16:24:37Z" duration="0.001683" asserts="1" />
            <test-case id="0-1371" name="IsMultipleSquaresNorthWestOf_ReturnsFalse(7,3,4,5)" fullname="ChessWithTDD.Tests.SquareExtensionsTests.IsMultipleSquaresNorthWestOf_ReturnsFalse(7,3,4,5)" methodname="IsMultipleSquaresNorthWestOf_ReturnsFalse" classname="ChessWithTDD.Tests.SquareExtensionsTests" runstate="Runnable" seed="790029144" result="Passed" start-time="2017-05-21 16:24:37Z" end-time="2017-05-21 16:24:37Z" duration="0.001176" asserts="1" />
          </test-suite>
          <test-suite type="ParameterizedMethod" id="0-1369" name="IsMultipleSquaresNorthWestOf_ReturnsTrue" fullname="ChessWithTDD.Tests.SquareExtensionsTests.IsMultipleSquaresNorthWestOf_ReturnsTrue" classname="ChessWithTDD.Tests.SquareExtensionsTests" runstate="Runnable" testcasecount="2" result="Passed" start-time="2017-05-21 16:24:37Z" end-time="2017-05-21 16:24:37Z" duration="0.010529" total="2" passed="2" failed="0" warnings="0" inconclusive="0" skipped="0" asserts="2">
            <test-case id="0-1367" name="IsMultipleSquaresNorthWestOf_ReturnsTrue(4,0,2,2)" fullname="ChessWithTDD.Tests.SquareExtensionsTests.IsMultipleSquaresNorthWestOf_ReturnsTrue(4,0,2,2)" methodname="IsMultipleSquaresNorthWestOf_ReturnsTrue" classname="ChessWithTDD.Tests.SquareExtensionsTests" runstate="Runnable" seed="729049774" result="Passed" start-time="2017-05-21 16:24:37Z" end-time="2017-05-21 16:24:37Z" duration="0.003065" asserts="1" />
            <test-case id="0-1368" name="IsMultipleSquaresNorthWestOf_ReturnsTrue(7,2,4,5)" fullname="ChessWithTDD.Tests.SquareExtensionsTests.IsMultipleSquaresNorthWestOf_ReturnsTrue(7,2,4,5)" methodname="IsMultipleSquaresNorthWestOf_ReturnsTrue" classname="ChessWithTDD.Tests.SquareExtensionsTests" runstate="Runnable" seed="1449514038" result="Passed" start-time="2017-05-21 16:24:37Z" end-time="2017-05-21 16:24:37Z" duration="0.001164" asserts="1" />
          </test-suite>
          <test-suite type="ParameterizedMethod" id="0-1408" name="IsMultipleSquaresSouthEastOf_ReturnsFalse" fullname="ChessWithTDD.Tests.SquareExtensionsTests.IsMultipleSquaresSouthEastOf_ReturnsFalse" classname="ChessWithTDD.Tests.SquareExtensionsTests" runstate="Runnable" testcasecount="2" result="Passed" start-time="2017-05-21 16:24:37Z" end-time="2017-05-21 16:24:37Z" duration="0.008508" total="2" passed="2" failed="0" warnings="0" inconclusive="0" skipped="0" asserts="2">
            <test-case id="0-1406" name="IsMultipleSquaresSouthEastOf_ReturnsFalse(4,6,5,5)" fullname="ChessWithTDD.Tests.SquareExtensionsTests.IsMultipleSquaresSouthEastOf_ReturnsFalse(4,6,5,5)" methodname="IsMultipleSquaresSouthEastOf_ReturnsFalse" classname="ChessWithTDD.Tests.SquareExtensionsTests" runstate="Runnable" seed="27100593" result="Passed" start-time="2017-05-21 16:24:37Z" end-time="2017-05-21 16:24:37Z" duration="0.001618" asserts="1" />
            <test-case id="0-1407" name="IsMultipleSquaresSouthEastOf_ReturnsFalse(1,6,3,3)" fullname="ChessWithTDD.Tests.SquareExtensionsTests.IsMultipleSquaresSouthEastOf_ReturnsFalse(1,6,3,3)" methodname="IsMultipleSquaresSouthEastOf_ReturnsFalse" classname="ChessWithTDD.Tests.SquareExtensionsTests" runstate="Runnable" seed="2020217355" result="Passed" start-time="2017-05-21 16:24:37Z" end-time="2017-05-21 16:24:37Z" duration="0.000602" asserts="1" />
          </test-suite>
          <test-suite type="ParameterizedMethod" id="0-1405" name="IsMultipleSquaresSouthEastOf_ReturnsTrue" fullname="ChessWithTDD.Tests.SquareExtensionsTests.IsMultipleSquaresSouthEastOf_ReturnsTrue" classname="ChessWithTDD.Tests.SquareExtensionsTests" runstate="Runnable" testcasecount="2" result="Passed" start-time="2017-05-21 16:24:37Z" end-time="2017-05-21 16:24:37Z" duration="0.007994" total="2" passed="2" failed="0" warnings="0" inconclusive="0" skipped="0" asserts="2">
            <test-case id="0-1403" name="IsMultipleSquaresSouthEastOf_ReturnsTrue(3,7,5,5)" fullname="ChessWithTDD.Tests.SquareExtensionsTests.IsMultipleSquaresSouthEastOf_ReturnsTrue(3,7,5,5)" methodname="IsMultipleSquaresSouthEastOf_ReturnsTrue" classname="ChessWithTDD.Tests.SquareExtensionsTests" runstate="Runnable" seed="600136048" result="Passed" start-time="2017-05-21 16:24:37Z" end-time="2017-05-21 16:24:37Z" duration="0.001043" asserts="1" />
            <test-case id="0-1404" name="IsMultipleSquaresSouthEastOf_ReturnsTrue(0,6,3,3)" fullname="ChessWithTDD.Tests.SquareExtensionsTests.IsMultipleSquaresSouthEastOf_ReturnsTrue(0,6,3,3)" methodname="IsMultipleSquaresSouthEastOf_ReturnsTrue" classname="ChessWithTDD.Tests.SquareExtensionsTests" runstate="Runnable" seed="1945777530" result="Passed" start-time="2017-05-21 16:24:37Z" end-time="2017-05-21 16:24:37Z" duration="0.000607" asserts="1" />
          </test-suite>
          <test-suite type="ParameterizedMethod" id="0-1396" name="IsMultipleSquaresSouthSouthOf_ReturnsFalse" fullname="ChessWithTDD.Tests.SquareExtensionsTests.IsMultipleSquaresSouthSouthOf_ReturnsFalse" classname="ChessWithTDD.Tests.SquareExtensionsTests" runstate="Runnable" testcasecount="2" result="Passed" start-time="2017-05-21 16:24:37Z" end-time="2017-05-21 16:24:37Z" duration="0.007955" total="2" passed="2" failed="0" warnings="0" inconclusive="0" skipped="0" asserts="2">
            <test-case id="0-1394" name="IsMultipleSquaresSouthSouthOf_ReturnsFalse(4,6,5,6)" fullname="ChessWithTDD.Tests.SquareExtensionsTests.IsMultipleSquaresSouthSouthOf_ReturnsFalse(4,6,5,6)" methodname="IsMultipleSquaresSouthSouthOf_ReturnsFalse" classname="ChessWithTDD.Tests.SquareExtensionsTests" runstate="Runnable" seed="1689189594" result="Passed" start-time="2017-05-21 16:24:37Z" end-time="2017-05-21 16:24:37Z" duration="0.001285" asserts="1" />
            <test-case id="0-1395" name="IsMultipleSquaresSouthSouthOf_ReturnsFalse(0,0,5,1)" fullname="ChessWithTDD.Tests.SquareExtensionsTests.IsMultipleSquaresSouthSouthOf_ReturnsFalse(0,0,5,1)" methodname="IsMultipleSquaresSouthSouthOf_ReturnsFalse" classname="ChessWithTDD.Tests.SquareExtensionsTests" runstate="Runnable" seed="1902977347" result="Passed" start-time="2017-05-21 16:24:37Z" end-time="2017-05-21 16:24:37Z" duration="0.000585" asserts="1" />
          </test-suite>
          <test-suite type="ParameterizedMethod" id="0-1393" name="IsMultipleSquaresSouthSouthOf_ReturnsTrue" fullname="ChessWithTDD.Tests.SquareExtensionsTests.IsMultipleSquaresSouthSouthOf_ReturnsTrue" classname="ChessWithTDD.Tests.SquareExtensionsTests" runstate="Runnable" testcasecount="2" result="Passed" start-time="2017-05-21 16:24:37Z" end-time="2017-05-21 16:24:37Z" duration="0.007543" total="2" passed="2" failed="0" warnings="0" inconclusive="0" skipped="0" asserts="2">
            <test-case id="0-1391" name="IsMultipleSquaresSouthSouthOf_ReturnsTrue(4,6,6,6)" fullname="ChessWithTDD.Tests.SquareExtensionsTests.IsMultipleSquaresSouthSouthOf_ReturnsTrue(4,6,6,6)" methodname="IsMultipleSquaresSouthSouthOf_ReturnsTrue" classname="ChessWithTDD.Tests.SquareExtensionsTests" runstate="Runnable" seed="522487869" result="Passed" start-time="2017-05-21 16:24:37Z" end-time="2017-05-21 16:24:37Z" duration="0.001159" asserts="1" />
            <test-case id="0-1392" name="IsMultipleSquaresSouthSouthOf_ReturnsTrue(0,1,5,1)" fullname="ChessWithTDD.Tests.SquareExtensionsTests.IsMultipleSquaresSouthSouthOf_ReturnsTrue(0,1,5,1)" methodname="IsMultipleSquaresSouthSouthOf_ReturnsTrue" classname="ChessWithTDD.Tests.SquareExtensionsTests" runstate="Runnable" seed="1121199391" result="Passed" start-time="2017-05-21 16:24:37Z" end-time="2017-05-21 16:24:37Z" duration="0.000502" asserts="1" />
          </test-suite>
          <test-suite type="ParameterizedMethod" id="0-1402" name="IsMultipleSquaresSouthWestOf_ReturnsFalse" fullname="ChessWithTDD.Tests.SquareExtensionsTests.IsMultipleSquaresSouthWestOf_ReturnsFalse" classname="ChessWithTDD.Tests.SquareExtensionsTests" runstate="Runnable" testcasecount="2" result="Passed" start-time="2017-05-21 16:24:37Z" end-time="2017-05-21 16:24:37Z" duration="0.048808" total="2" passed="2" failed="0" warnings="0" inconclusive="0" skipped="0" asserts="2">
            <test-case id="0-1400" name="IsMultipleSquaresSouthWestOf_ReturnsFalse(5,5,6,6)" fullname="ChessWithTDD.Tests.SquareExtensionsTests.IsMultipleSquaresSouthWestOf_ReturnsFalse(5,5,6,6)" methodname="IsMultipleSquaresSouthWestOf_ReturnsFalse" classname="ChessWithTDD.Tests.SquareExtensionsTests" runstate="Runnable" seed="1625846060" result="Passed" start-time="2017-05-21 16:24:37Z" end-time="2017-05-21 16:24:37Z" duration="0.000881" asserts="1" />
            <test-case id="0-1401" name="IsMultipleSquaresSouthWestOf_ReturnsFalse(2,0,5,2)" fullname="ChessWithTDD.Tests.SquareExtensionsTests.IsMultipleSquaresSouthWestOf_ReturnsFalse(2,0,5,2)" methodname="IsMultipleSquaresSouthWestOf_ReturnsFalse" classname="ChessWithTDD.Tests.SquareExtensionsTests" runstate="Runnable" seed="1568512170" result="Passed" start-time="2017-05-21 16:24:37Z" end-time="2017-05-21 16:24:37Z" duration="0.000599" asserts="1" />
          </test-suite>
          <test-suite type="ParameterizedMethod" id="0-1399" name="IsMultipleSquaresSouthWestOf_ReturnsTrue" fullname="ChessWithTDD.Tests.SquareExtensionsTests.IsMultipleSquaresSouthWestOf_ReturnsTrue" classname="ChessWithTDD.Tests.SquareExtensionsTests" runstate="Runnable" testcasecount="2" result="Passed" start-time="2017-05-21 16:24:37Z" end-time="2017-05-21 16:24:37Z" duration="0.063639" total="2" passed="2" failed="0" warnings="0" inconclusive="0" skipped="0" asserts="2">
            <test-case id="0-1397" name="IsMultipleSquaresSouthWestOf_ReturnsTrue(4,4,6,6)" fullname="ChessWithTDD.Tests.SquareExtensionsTests.IsMultipleSquaresSouthWestOf_ReturnsTrue(4,4,6,6)" methodname="IsMultipleSquaresSouthWestOf_ReturnsTrue" classname="ChessWithTDD.Tests.SquareExtensionsTests" runstate="Runnable" seed="1094375864" result="Passed" start-time="2017-05-21 16:24:37Z" end-time="2017-05-21 16:24:37Z" duration="0.003103" asserts="1" />
            <test-case id="0-1398" name="IsMultipleSquaresSouthWestOf_ReturnsTrue(2,0,5,3)" fullname="ChessWithTDD.Tests.SquareExtensionsTests.IsMultipleSquaresSouthWestOf_ReturnsTrue(2,0,5,3)" methodname="IsMultipleSquaresSouthWestOf_ReturnsTrue" classname="ChessWithTDD.Tests.SquareExtensionsTests" runstate="Runnable" seed="1719289781" result="Passed" start-time="2017-05-21 16:24:37Z" end-time="2017-05-21 16:24:37Z" duration="0.002067" asserts="1" />
          </test-suite>
          <test-suite type="ParameterizedMethod" id="0-1384" name="IsMultipleSquaresWestWestOf_ReturnsFalse" fullname="ChessWithTDD.Tests.SquareExtensionsTests.IsMultipleSquaresWestWestOf_ReturnsFalse" classname="ChessWithTDD.Tests.SquareExtensionsTests" runstate="Runnable" testcasecount="2" result="Passed" start-time="2017-05-21 16:24:37Z" end-time="2017-05-21 16:24:37Z" duration="0.039305" total="2" passed="2" failed="0" warnings="0" inconclusive="0" skipped="0" asserts="2">
            <test-case id="0-1382" name="IsMultipleSquaresWestWestOf_ReturnsFalse(4,4,4,5)" fullname="ChessWithTDD.Tests.SquareExtensionsTests.IsMultipleSquaresWestWestOf_ReturnsFalse(4,4,4,5)" methodname="IsMultipleSquaresWestWestOf_ReturnsFalse" classname="ChessWithTDD.Tests.SquareExtensionsTests" runstate="Runnable" seed="1812100885" result="Passed" start-time="2017-05-21 16:24:37Z" end-time="2017-05-21 16:24:37Z" duration="0.002892" asserts="1" />
            <test-case id="0-1383" name="IsMultipleSquaresWestWestOf_ReturnsFalse(6,0,7,6)" fullname="ChessWithTDD.Tests.SquareExtensionsTests.IsMultipleSquaresWestWestOf_ReturnsFalse(6,0,7,6)" methodname="IsMultipleSquaresWestWestOf_ReturnsFalse" classname="ChessWithTDD.Tests.SquareExtensionsTests" runstate="Runnable" seed="893087643" result="Passed" start-time="2017-05-21 16:24:37Z" end-time="2017-05-21 16:24:37Z" duration="0.001632" asserts="1" />
          </test-suite>
          <test-suite type="ParameterizedMethod" id="0-1381" name="IsMultipleSquaresWestWestOf_ReturnsTrue" fullname="ChessWithTDD.Tests.SquareExtensionsTests.IsMultipleSquaresWestWestOf_ReturnsTrue" classname="ChessWithTDD.Tests.SquareExtensionsTests" runstate="Runnable" testcasecount="2" result="Passed" start-time="2017-05-21 16:24:37Z" end-time="2017-05-21 16:24:37Z" duration="0.046590" total="2" passed="2" failed="0" warnings="0" inconclusive="0" skipped="0" asserts="2">
            <test-case id="0-1379" name="IsMultipleSquaresWestWestOf_ReturnsTrue(4,2,4,5)" fullname="ChessWithTDD.Tests.SquareExtensionsTests.IsMultipleSquaresWestWestOf_ReturnsTrue(4,2,4,5)" methodname="IsMultipleSquaresWestWestOf_ReturnsTrue" classname="ChessWithTDD.Tests.SquareExtensionsTests" runstate="Runnable" seed="1648505833" result="Passed" start-time="2017-05-21 16:24:37Z" end-time="2017-05-21 16:24:37Z" duration="0.001827" asserts="1" />
            <test-case id="0-1380" name="IsMultipleSquaresWestWestOf_ReturnsTrue(6,0,6,6)" fullname="ChessWithTDD.Tests.SquareExtensionsTests.IsMultipleSquaresWestWestOf_ReturnsTrue(6,0,6,6)" methodname="IsMultipleSquaresWestWestOf_ReturnsTrue" classname="ChessWithTDD.Tests.SquareExtensionsTests" runstate="Runnable" seed="963218366" result="Passed" start-time="2017-05-21 16:24:37Z" end-time="2017-05-21 16:24:37Z" duration="0.001002" asserts="1" />
          </test-suite>
          <test-suite type="ParameterizedMethod" id="0-1416" name="IsOneSquareDiagonallyAbove_ReturnsFalse" fullname="ChessWithTDD.Tests.SquareExtensionsTests.IsOneSquareDiagonallyAbove_ReturnsFalse" classname="ChessWithTDD.Tests.SquareExtensionsTests" runstate="Runnable" testcasecount="3" result="Passed" start-time="2017-05-21 16:24:37Z" end-time="2017-05-21 16:24:37Z" duration="0.022939" total="3" passed="3" failed="0" warnings="0" inconclusive="0" skipped="0" asserts="3">
            <test-case id="0-1413" name="IsOneSquareDiagonallyAbove_ReturnsFalse(4,4,2,2)" fullname="ChessWithTDD.Tests.SquareExtensionsTests.IsOneSquareDiagonallyAbove_ReturnsFalse(4,4,2,2)" methodname="IsOneSquareDiagonallyAbove_ReturnsFalse" classname="ChessWithTDD.Tests.SquareExtensionsTests" runstate="Runnable" seed="484378411" result="Passed" start-time="2017-05-21 16:24:37Z" end-time="2017-05-21 16:24:37Z" duration="0.001618" asserts="1" />
            <test-case id="0-1414" name="IsOneSquareDiagonallyAbove_ReturnsFalse(3,2,2,2)" fullname="ChessWithTDD.Tests.SquareExtensionsTests.IsOneSquareDiagonallyAbove_ReturnsFalse(3,2,2,2)" methodname="IsOneSquareDiagonallyAbove_ReturnsFalse" classname="ChessWithTDD.Tests.SquareExtensionsTests" runstate="Runnable" seed="166350830" result="Passed" start-time="2017-05-21 16:24:37Z" end-time="2017-05-21 16:24:37Z" duration="0.001111" asserts="1" />
            <test-case id="0-1415" name="IsOneSquareDiagonallyAbove_ReturnsFalse(4,5,4,6)" fullname="ChessWithTDD.Tests.SquareExtensionsTests.IsOneSquareDiagonallyAbove_ReturnsFalse(4,5,4,6)" methodname="IsOneSquareDiagonallyAbove_ReturnsFalse" classname="ChessWithTDD.Tests.SquareExtensionsTests" runstate="Runnable" seed="771164968" result="Passed" start-time="2017-05-21 16:24:37Z" end-time="2017-05-21 16:24:37Z" duration="0.000921" asserts="1" />
          </test-suite>
          <test-suite type="ParameterizedMethod" id="0-1412" name="IsOneSquareDiagonallyAbove_ReturnsTrue" fullname="ChessWithTDD.Tests.SquareExtensionsTests.IsOneSquareDiagonallyAbove_ReturnsTrue" classname="ChessWithTDD.Tests.SquareExtensionsTests" runstate="Runnable" testcasecount="3" result="Passed" start-time="2017-05-21 16:24:37Z" end-time="2017-05-21 16:24:37Z" duration="0.068747" total="3" passed="3" failed="0" warnings="0" inconclusive="0" skipped="0" asserts="3">
            <test-case id="0-1409" name="IsOneSquareDiagonallyAbove_ReturnsTrue(3,3,2,2)" fullname="ChessWithTDD.Tests.SquareExtensionsTests.IsOneSquareDiagonallyAbove_ReturnsTrue(3,3,2,2)" methodname="IsOneSquareDiagonallyAbove_ReturnsTrue" classname="ChessWithTDD.Tests.SquareExtensionsTests" runstate="Runnable" seed="278629825" result="Passed" start-time="2017-05-21 16:24:37Z" end-time="2017-05-21 16:24:37Z" duration="0.001747" asserts="1" />
            <test-case id="0-1410" name="IsOneSquareDiagonallyAbove_ReturnsTrue(3,1,2,2)" fullname="ChessWithTDD.Tests.SquareExtensionsTests.IsOneSquareDiagonallyAbove_ReturnsTrue(3,1,2,2)" methodname="IsOneSquareDiagonallyAbove_ReturnsTrue" classname="ChessWithTDD.Tests.SquareExtensionsTests" runstate="Runnable" seed="2007129870" result="Passed" start-time="2017-05-21 16:24:37Z" end-time="2017-05-21 16:24:37Z" duration="0.001081" asserts="1" />
            <test-case id="0-1411" name="IsOneSquareDiagonallyAbove_ReturnsTrue(4,5,3,4)" fullname="ChessWithTDD.Tests.SquareExtensionsTests.IsOneSquareDiagonallyAbove_ReturnsTrue(4,5,3,4)" methodname="IsOneSquareDiagonallyAbove_ReturnsTrue" classname="ChessWithTDD.Tests.SquareExtensionsTests" runstate="Runnable" seed="1877477041" result="Passed" start-time="2017-05-21 16:24:37Z" end-time="2017-05-21 16:24:37Z" duration="0.001095" asserts="1" />
          </test-suite>
          <test-suite type="ParameterizedMethod" id="0-1424" name="IsOneSquareDiagonallyBelow_ReturnsFalse" fullname="ChessWithTDD.Tests.SquareExtensionsTests.IsOneSquareDiagonallyBelow_ReturnsFalse" classname="ChessWithTDD.Tests.SquareExtensionsTests" runstate="Runnable" testcasecount="3" result="Passed" start-time="2017-05-21 16:24:37Z" end-time="2017-05-21 16:24:37Z" duration="0.079198" total="3" passed="3" failed="0" warnings="0" inconclusive="0" skipped="0" asserts="3">
            <test-case id="0-1421" name="IsOneSquareDiagonallyBelow_ReturnsFalse(0,0,2,2)" fullname="ChessWithTDD.Tests.SquareExtensionsTests.IsOneSquareDiagonallyBelow_ReturnsFalse(0,0,2,2)" methodname="IsOneSquareDiagonallyBelow_ReturnsFalse" classname="ChessWithTDD.Tests.SquareExtensionsTests" runstate="Runnable" seed="479387170" result="Passed" start-time="2017-05-21 16:24:37Z" end-time="2017-05-21 16:24:37Z" duration="0.001646" asserts="1" />
            <test-case id="0-1422" name="IsOneSquareDiagonallyBelow_ReturnsFalse(1,3,2,3)" fullname="ChessWithTDD.Tests.SquareExtensionsTests.IsOneSquareDiagonallyBelow_ReturnsFalse(1,3,2,3)" methodname="IsOneSquareDiagonallyBelow_ReturnsFalse" classname="ChessWithTDD.Tests.SquareExtensionsTests" runstate="Runnable" seed="1454265270" result="Passed" start-time="2017-05-21 16:24:37Z" end-time="2017-05-21 16:24:37Z" duration="0.001112" asserts="1" />
            <test-case id="0-1423" name="IsOneSquareDiagonallyBelow_ReturnsFalse(2,5,2,4)" fullname="ChessWithTDD.Tests.SquareExtensionsTests.IsOneSquareDiagonallyBelow_ReturnsFalse(2,5,2,4)" methodname="IsOneSquareDiagonallyBelow_ReturnsFalse" classname="ChessWithTDD.Tests.SquareExtensionsTests" runstate="Runnable" seed="1132236726" result="Passed" start-time="2017-05-21 16:24:37Z" end-time="2017-05-21 16:24:37Z" duration="0.001018" asserts="1" />
          </test-suite>
          <test-suite type="ParameterizedMethod" id="0-1420" name="IsOneSquareDiagonallyBelow_ReturnsTrue" fullname="ChessWithTDD.Tests.SquareExtensionsTests.IsOneSquareDiagonallyBelow_ReturnsTrue" classname="ChessWithTDD.Tests.SquareExtensionsTests" runstate="Runnable" testcasecount="3" result="Passed" start-time="2017-05-21 16:24:37Z" end-time="2017-05-21 16:24:37Z" duration="0.037558" total="3" passed="3" failed="0" warnings="0" inconclusive="0" skipped="0" asserts="3">
            <test-case id="0-1417" name="IsOneSquareDiagonallyBelow_ReturnsTrue(1,1,2,2)" fullname="ChessWithTDD.Tests.SquareExtensionsTests.IsOneSquareDiagonallyBelow_ReturnsTrue(1,1,2,2)" methodname="IsOneSquareDiagonallyBelow_ReturnsTrue" classname="ChessWithTDD.Tests.SquareExtensionsTests" runstate="Runnable" seed="1454994392" result="Passed" start-time="2017-05-21 16:24:37Z" end-time="2017-05-21 16:24:37Z" duration="0.001712" asserts="1" />
            <test-case id="0-1418" name="IsOneSquareDiagonallyBelow_ReturnsTrue(1,3,2,2)" fullname="ChessWithTDD.Tests.SquareExtensionsTests.IsOneSquareDiagonallyBelow_ReturnsTrue(1,3,2,2)" methodname="IsOneSquareDiagonallyBelow_ReturnsTrue" classname="ChessWithTDD.Tests.SquareExtensionsTests" runstate="Runnable" seed="1907548591" result="Passed" start-time="2017-05-21 16:24:37Z" end-time="2017-05-21 16:24:37Z" duration="0.001330" asserts="1" />
            <test-case id="0-1419" name="IsOneSquareDiagonallyBelow_ReturnsTrue(2,5,3,4)" fullname="ChessWithTDD.Tests.SquareExtensionsTests.IsOneSquareDiagonallyBelow_ReturnsTrue(2,5,3,4)" methodname="IsOneSquareDiagonallyBelow_ReturnsTrue" classname="ChessWithTDD.Tests.SquareExtensionsTests" runstate="Runnable" seed="484449903" result="Passed" start-time="2017-05-21 16:24:37Z" end-time="2017-05-21 16:24:37Z" duration="0.001068" asserts="1" />
          </test-suite>
        </test-suite>
        <test-suite type="TestFixture" id="0-1480" name="SquareTests" fullname="ChessWithTDD.Tests.SquareTests" classname="ChessWithTDD.Tests.SquareTests" runstate="Runnable" testcasecount="3" result="Passed" start-time="2017-05-21 16:24:37Z" end-time="2017-05-21 16:24:37Z" duration="0.063696" total="3" passed="3" failed="0" warnings="0" inconclusive="0" skipped="0" asserts="4">
          <test-case id="0-1482" name="SquareContainsPieceAfterCallingAddPiece" fullname="ChessWithTDD.Tests.SquareTests.SquareContainsPieceAfterCallingAddPiece" methodname="SquareContainsPieceAfterCallingAddPiece" classname="ChessWithTDD.Tests.SquareTests" runstate="Runnable" seed="734385702" result="Passed" start-time="2017-05-21 16:24:37Z" end-time="2017-05-21 16:24:37Z" duration="0.000881" asserts="1" />
          <test-case id="0-1481" name="SquareInitialisedHasNoPieceInIt" fullname="ChessWithTDD.Tests.SquareTests.SquareInitialisedHasNoPieceInIt" methodname="SquareInitialisedHasNoPieceInIt" classname="ChessWithTDD.Tests.SquareTests" runstate="Runnable" seed="1743000572" result="Passed" start-time="2017-05-21 16:24:37Z" end-time="2017-05-21 16:24:37Z" duration="0.000497" asserts="1" />
          <test-case id="0-1483" name="SquareInitialisedWithRowAndColCorrectly" fullname="ChessWithTDD.Tests.SquareTests.SquareInitialisedWithRowAndColCorrectly" methodname="SquareInitialisedWithRowAndColCorrectly" classname="ChessWithTDD.Tests.SquareTests" runstate="Runnable" seed="747838239" result="Passed" start-time="2017-05-21 16:24:37Z" end-time="2017-05-21 16:24:37Z" duration="0.000591" asserts="2" />
        </test-suite>
        <test-suite type="TestFixture" id="0-1354" name="StrictServiceLocatorTests" fullname="ChessWithTDD.Tests.StrictServiceLocatorTests" classname="ChessWithTDD.Tests.StrictServiceLocatorTests" runstate="Runnable" testcasecount="5" result="Passed" start-time="2017-05-21 16:24:37Z" end-time="2017-05-21 16:24:37Z" duration="0.072909" total="5" passed="5" failed="0" warnings="0" inconclusive="0" skipped="0" asserts="5">
          <test-case id="0-1355" name="BoardCacheServiceIsImplemented" fullname="ChessWithTDD.Tests.StrictServiceLocatorTests.BoardCacheServiceIsImplemented" methodname="BoardCacheServiceIsImplemented" classname="ChessWithTDD.Tests.StrictServiceLocatorTests" runstate="Runnable" seed="677749927" result="Passed" start-time="2017-05-21 16:24:37Z" end-time="2017-05-21 16:24:37Z" duration="0.000665" asserts="1" />
          <test-case id="0-1356" name="BoardInitialiserServiceIsImplemented" fullname="ChessWithTDD.Tests.StrictServiceLocatorTests.BoardInitialiserServiceIsImplemented" methodname="BoardInitialiserServiceIsImplemented" classname="ChessWithTDD.Tests.StrictServiceLocatorTests" runstate="Runnable" seed="197752126" result="Passed" start-time="2017-05-21 16:24:37Z" end-time="2017-05-21 16:24:37Z" duration="0.000773" asserts="1" />
          <test-case id="0-1357" name="CheckManagerServiceIsImplemented" fullname="ChessWithTDD.Tests.StrictServiceLocatorTests.CheckManagerServiceIsImplemented" methodname="CheckManagerServiceIsImplemented" classname="ChessWithTDD.Tests.StrictServiceLocatorTests" runstate="Runnable" seed="260996141" result="Passed" start-time="2017-05-21 16:24:37Z" end-time="2017-05-21 16:24:37Z" duration="0.000645" asserts="1" />
          <test-case id="0-1358" name="MoveValidatorServiceIsImplemented" fullname="ChessWithTDD.Tests.StrictServiceLocatorTests.MoveValidatorServiceIsImplemented" methodname="MoveValidatorServiceIsImplemented" classname="ChessWithTDD.Tests.StrictServiceLocatorTests" runstate="Runnable" seed="1417824558" result="Passed" start-time="2017-05-21 16:24:37Z" end-time="2017-05-21 16:24:37Z" duration="0.000696" asserts="1" />
          <test-case id="0-1359" name="PawnManagerServiceIsImplemented" fullname="ChessWithTDD.Tests.StrictServiceLocatorTests.PawnManagerServiceIsImplemented" methodname="PawnManagerServiceIsImplemented" classname="ChessWithTDD.Tests.StrictServiceLocatorTests" runstate="Runnable" seed="1620859430" result="Passed" start-time="2017-05-21 16:24:37Z" end-time="2017-05-21 16:24:37Z" duration="0.000748" asserts="1" />
        </test-suite>
        <test-suite type="TestFixture" id="0-1484" name="WhitePawnTests" fullname="ChessWithTDD.Tests.WhitePawnTests" classname="ChessWithTDD.Tests.WhitePawnTests" runstate="Runnable" testcasecount="21" result="Passed" start-time="2017-05-21 16:24:37Z" end-time="2017-05-21 16:24:38Z" duration="0.632682" total="21" passed="21" failed="0" warnings="0" inconclusive="0" skipped="0" asserts="21">
          <test-suite type="ParameterizedMethod" id="0-1493" name="WhitePawnCanMoveDiagonallyUpTheBoardIfBlackPieceThere" fullname="ChessWithTDD.Tests.WhitePawnTests.WhitePawnCanMoveDiagonallyUpTheBoardIfBlackPieceThere" classname="ChessWithTDD.Tests.WhitePawnTests" runstate="Runnable" testcasecount="2" result="Passed" start-time="2017-05-21 16:24:37Z" end-time="2017-05-21 16:24:37Z" duration="0.035060" total="2" passed="2" failed="0" warnings="0" inconclusive="0" skipped="0" asserts="2">
            <test-case id="0-1491" name="WhitePawnCanMoveDiagonallyUpTheBoardIfBlackPieceThere(4,4,5,5)" fullname="ChessWithTDD.Tests.WhitePawnTests.WhitePawnCanMoveDiagonallyUpTheBoardIfBlackPieceThere(4,4,5,5)" methodname="WhitePawnCanMoveDiagonallyUpTheBoardIfBlackPieceThere" classname="ChessWithTDD.Tests.WhitePawnTests" runstate="Runnable" seed="709321996" result="Passed" start-time="2017-05-21 16:24:37Z" end-time="2017-05-21 16:24:37Z" duration="0.002938" asserts="1" />
            <test-case id="0-1492" name="WhitePawnCanMoveDiagonallyUpTheBoardIfBlackPieceThere(4,4,5,3)" fullname="ChessWithTDD.Tests.WhitePawnTests.WhitePawnCanMoveDiagonallyUpTheBoardIfBlackPieceThere(4,4,5,3)" methodname="WhitePawnCanMoveDiagonallyUpTheBoardIfBlackPieceThere" classname="ChessWithTDD.Tests.WhitePawnTests" runstate="Runnable" seed="1223041654" result="Passed" start-time="2017-05-21 16:24:37Z" end-time="2017-05-21 16:24:37Z" duration="0.001256" asserts="1" />
          </test-suite>
          <test-suite type="ParameterizedMethod" id="0-1499" name="WhitePawnCanMoveDiagonallyUpwardsToEmptySquareIfToSquareHasEnPassantMark" fullname="ChessWithTDD.Tests.WhitePawnTests.WhitePawnCanMoveDiagonallyUpwardsToEmptySquareIfToSquareHasEnPassantMark" classname="ChessWithTDD.Tests.WhitePawnTests" runstate="Runnable" testcasecount="2" result="Passed" start-time="2017-05-21 16:24:37Z" end-time="2017-05-21 16:24:37Z" duration="0.046166" total="2" passed="2" failed="0" warnings="0" inconclusive="0" skipped="0" asserts="2">
            <test-case id="0-1497" name="WhitePawnCanMoveDiagonallyUpwardsToEmptySquareIfToSquareHasEnPassantMark(4,4,5,5)" fullname="ChessWithTDD.Tests.WhitePawnTests.WhitePawnCanMoveDiagonallyUpwardsToEmptySquareIfToSquareHasEnPassantMark(4,4,5,5)" methodname="WhitePawnCanMoveDiagonallyUpwardsToEmptySquareIfToSquareHasEnPassantMark" classname="ChessWithTDD.Tests.WhitePawnTests" runstate="Runnable" seed="1334697961" result="Passed" start-time="2017-05-21 16:24:37Z" end-time="2017-05-21 16:24:37Z" duration="0.001875" asserts="1" />
            <test-case id="0-1498" name="WhitePawnCanMoveDiagonallyUpwardsToEmptySquareIfToSquareHasEnPassantMark(4,4,5,3)" fullname="ChessWithTDD.Tests.WhitePawnTests.WhitePawnCanMoveDiagonallyUpwardsToEmptySquareIfToSquareHasEnPassantMark(4,4,5,3)" methodname="WhitePawnCanMoveDiagonallyUpwardsToEmptySquareIfToSquareHasEnPassantMark" classname="ChessWithTDD.Tests.WhitePawnTests" runstate="Runnable" seed="1491238124" result="Passed" start-time="2017-05-21 16:24:37Z" end-time="2017-05-21 16:24:37Z" duration="0.001333" asserts="1" />
          </test-suite>
          <test-suite type="ParameterizedMethod" id="0-1487" name="WhitePawnCanMoveOneVerticalPositionUpTheBoard" fullname="ChessWithTDD.Tests.WhitePawnTests.WhitePawnCanMoveOneVerticalPositionUpTheBoard" classname="ChessWithTDD.Tests.WhitePawnTests" runstate="Runnable" testcasecount="2" result="Passed" start-time="2017-05-21 16:24:37Z" end-time="2017-05-21 16:24:38Z" duration="0.044948" total="2" passed="2" failed="0" warnings="0" inconclusive="0" skipped="0" asserts="2">
            <test-case id="0-1485" name="WhitePawnCanMoveOneVerticalPositionUpTheBoard(5,2,6,2)" fullname="ChessWithTDD.Tests.WhitePawnTests.WhitePawnCanMoveOneVerticalPositionUpTheBoard(5,2,6,2)" methodname="WhitePawnCanMoveOneVerticalPositionUpTheBoard" classname="ChessWithTDD.Tests.WhitePawnTests" runstate="Runnable" seed="364224086" result="Passed" start-time="2017-05-21 16:24:38Z" end-time="2017-05-21 16:24:38Z" duration="0.002072" asserts="1" />
            <test-case id="0-1486" name="WhitePawnCanMoveOneVerticalPositionUpTheBoard(3,3,4,3)" fullname="ChessWithTDD.Tests.WhitePawnTests.WhitePawnCanMoveOneVerticalPositionUpTheBoard(3,3,4,3)" methodname="WhitePawnCanMoveOneVerticalPositionUpTheBoard" classname="ChessWithTDD.Tests.WhitePawnTests" runstate="Runnable" seed="1872852129" result="Passed" start-time="2017-05-21 16:24:38Z" end-time="2017-05-21 16:24:38Z" duration="0.001080" asserts="1" />
          </test-suite>
          <test-suite type="ParameterizedMethod" id="0-1505" name="WhitePawnCanMoveTwoVerticalSpacesUpTheBoardIfItHasNotMovedBefore" fullname="ChessWithTDD.Tests.WhitePawnTests.WhitePawnCanMoveTwoVerticalSpacesUpTheBoardIfItHasNotMovedBefore" classname="ChessWithTDD.Tests.WhitePawnTests" runstate="Runnable" testcasecount="2" result="Passed" start-time="2017-05-21 16:24:38Z" end-time="2017-05-21 16:24:38Z" duration="0.030140" total="2" passed="2" failed="0" warnings="0" inconclusive="0" skipped="0" asserts="2">
            <test-case id="0-1503" name="WhitePawnCanMoveTwoVerticalSpacesUpTheBoardIfItHasNotMovedBefore(4,4,6,4)" fullname="ChessWithTDD.Tests.WhitePawnTests.WhitePawnCanMoveTwoVerticalSpacesUpTheBoardIfItHasNotMovedBefore(4,4,6,4)" methodname="WhitePawnCanMoveTwoVerticalSpacesUpTheBoardIfItHasNotMovedBefore" classname="ChessWithTDD.Tests.WhitePawnTests" runstate="Runnable" seed="1372432225" result="Passed" start-time="2017-05-21 16:24:38Z" end-time="2017-05-21 16:24:38Z" duration="0.005139" asserts="1" />
            <test-case id="0-1504" name="WhitePawnCanMoveTwoVerticalSpacesUpTheBoardIfItHasNotMovedBefore(2,1,4,1)" fullname="ChessWithTDD.Tests.WhitePawnTests.WhitePawnCanMoveTwoVerticalSpacesUpTheBoardIfItHasNotMovedBefore(2,1,4,1)" methodname="WhitePawnCanMoveTwoVerticalSpacesUpTheBoardIfItHasNotMovedBefore" classname="ChessWithTDD.Tests.WhitePawnTests" runstate="Runnable" seed="1480785379" result="Passed" start-time="2017-05-21 16:24:38Z" end-time="2017-05-21 16:24:38Z" duration="0.005088" asserts="1" />
          </test-suite>
          <test-suite type="ParameterizedMethod" id="0-1496" name="WhitePawnCannotMoveDiagonallyUpTheBoardIfNoPieceThere" fullname="ChessWithTDD.Tests.WhitePawnTests.WhitePawnCannotMoveDiagonallyUpTheBoardIfNoPieceThere" classname="ChessWithTDD.Tests.WhitePawnTests" runstate="Runnable" testcasecount="2" result="Passed" start-time="2017-05-21 16:24:38Z" end-time="2017-05-21 16:24:38Z" duration="0.017476" total="2" passed="2" failed="0" warnings="0" inconclusive="0" skipped="0" asserts="2">
            <test-case id="0-1494" name="WhitePawnCannotMoveDiagonallyUpTheBoardIfNoPieceThere(4,4,5,5)" fullname="ChessWithTDD.Tests.WhitePawnTests.WhitePawnCannotMoveDiagonallyUpTheBoardIfNoPieceThere(4,4,5,5)" methodname="WhitePawnCannotMoveDiagonallyUpTheBoardIfNoPieceThere" classname="ChessWithTDD.Tests.WhitePawnTests" runstate="Runnable" seed="1820811139" result="Passed" start-time="2017-05-21 16:24:38Z" end-time="2017-05-21 16:24:38Z" duration="0.005419" asserts="1" />
            <test-case id="0-1495" name="WhitePawnCannotMoveDiagonallyUpTheBoardIfNoPieceThere(4,4,5,3)" fullname="ChessWithTDD.Tests.WhitePawnTests.WhitePawnCannotMoveDiagonallyUpTheBoardIfNoPieceThere(4,4,5,3)" methodname="WhitePawnCannotMoveDiagonallyUpTheBoardIfNoPieceThere" classname="ChessWithTDD.Tests.WhitePawnTests" runstate="Runnable" seed="1390582170" result="Passed" start-time="2017-05-21 16:24:38Z" end-time="2017-05-21 16:24:38Z" duration="0.003659" asserts="1" />
          </test-suite>
          <test-suite type="ParameterizedMethod" id="0-1502" name="WhitePawnCannotMoveDiagonallyUpwardsToEmptySquareIfToSquareHasNoEnPassantMark" fullname="ChessWithTDD.Tests.WhitePawnTests.WhitePawnCannotMoveDiagonallyUpwardsToEmptySquareIfToSquareHasNoEnPassantMark" classname="ChessWithTDD.Tests.WhitePawnTests" runstate="Runnable" testcasecount="2" result="Passed" start-time="2017-05-21 16:24:38Z" end-time="2017-05-21 16:24:38Z" duration="0.049580" total="2" passed="2" failed="0" warnings="0" inconclusive="0" skipped="0" asserts="2">
            <test-case id="0-1500" name="WhitePawnCannotMoveDiagonallyUpwardsToEmptySquareIfToSquareHasNoEnPassantMark(4,4,5,5)" fullname="ChessWithTDD.Tests.WhitePawnTests.WhitePawnCannotMoveDiagonallyUpwardsToEmptySquareIfToSquareHasNoEnPassantMark(4,4,5,5)" methodname="WhitePawnCannotMoveDiagonallyUpwardsToEmptySquareIfToSquareHasNoEnPassantMark" classname="ChessWithTDD.Tests.WhitePawnTests" runstate="Runnable" seed="1001188426" result="Passed" start-time="2017-05-21 16:24:38Z" end-time="2017-05-21 16:24:38Z" duration="0.004282" asserts="1" />
            <test-case id="0-1501" name="WhitePawnCannotMoveDiagonallyUpwardsToEmptySquareIfToSquareHasNoEnPassantMark(4,4,5,3)" fullname="ChessWithTDD.Tests.WhitePawnTests.WhitePawnCannotMoveDiagonallyUpwardsToEmptySquareIfToSquareHasNoEnPassantMark(4,4,5,3)" methodname="WhitePawnCannotMoveDiagonallyUpwardsToEmptySquareIfToSquareHasNoEnPassantMark" classname="ChessWithTDD.Tests.WhitePawnTests" runstate="Runnable" seed="578755884" result="Passed" start-time="2017-05-21 16:24:38Z" end-time="2017-05-21 16:24:38Z" duration="0.001804" asserts="1" />
          </test-suite>
          <test-suite type="ParameterizedMethod" id="0-1514" name="WhitePawnCannotMoveOneHorizontalPositionAcrossTheBoard" fullname="ChessWithTDD.Tests.WhitePawnTests.WhitePawnCannotMoveOneHorizontalPositionAcrossTheBoard" classname="ChessWithTDD.Tests.WhitePawnTests" runstate="Runnable" testcasecount="2" result="Passed" start-time="2017-05-21 16:24:38Z" end-time="2017-05-21 16:24:38Z" duration="0.060754" total="2" passed="2" failed="0" warnings="0" inconclusive="0" skipped="0" asserts="2">
            <test-case id="0-1512" name="WhitePawnCannotMoveOneHorizontalPositionAcrossTheBoard(5,2,5,3)" fullname="ChessWithTDD.Tests.WhitePawnTests.WhitePawnCannotMoveOneHorizontalPositionAcrossTheBoard(5,2,5,3)" methodname="WhitePawnCannotMoveOneHorizontalPositionAcrossTheBoard" classname="ChessWithTDD.Tests.WhitePawnTests" runstate="Runnable" seed="511834263" result="Passed" start-time="2017-05-21 16:24:38Z" end-time="2017-05-21 16:24:38Z" duration="0.002002" asserts="1" />
            <test-case id="0-1513" name="WhitePawnCannotMoveOneHorizontalPositionAcrossTheBoard(3,3,3,2)" fullname="ChessWithTDD.Tests.WhitePawnTests.WhitePawnCannotMoveOneHorizontalPositionAcrossTheBoard(3,3,3,2)" methodname="WhitePawnCannotMoveOneHorizontalPositionAcrossTheBoard" classname="ChessWithTDD.Tests.WhitePawnTests" runstate="Runnable" seed="771693497" result="Passed" start-time="2017-05-21 16:24:38Z" end-time="2017-05-21 16:24:38Z" duration="0.001422" asserts="1" />
          </test-suite>
          <test-suite type="ParameterizedMethod" id="0-1516" name="WhitePawnCannotMoveOneVerticalPositionDownTheBoard" fullname="ChessWithTDD.Tests.WhitePawnTests.WhitePawnCannotMoveOneVerticalPositionDownTheBoard" classname="ChessWithTDD.Tests.WhitePawnTests" runstate="Runnable" testcasecount="1" result="Passed" start-time="2017-05-21 16:24:38Z" end-time="2017-05-21 16:24:38Z" duration="0.018055" total="1" passed="1" failed="0" warnings="0" inconclusive="0" skipped="0" asserts="1">
            <test-case id="0-1515" name="WhitePawnCannotMoveOneVerticalPositionDownTheBoard(1,1,0,1)" fullname="ChessWithTDD.Tests.WhitePawnTests.WhitePawnCannotMoveOneVerticalPositionDownTheBoard(1,1,0,1)" methodname="WhitePawnCannotMoveOneVerticalPositionDownTheBoard" classname="ChessWithTDD.Tests.WhitePawnTests" runstate="Runnable" seed="283660091" result="Passed" start-time="2017-05-21 16:24:38Z" end-time="2017-05-21 16:24:38Z" duration="0.001968" asserts="1" />
          </test-suite>
          <test-suite type="ParameterizedMethod" id="0-1490" name="WhitePawnCannotMoveOneVerticalPositionUpTheBoardIfBlackPieceThere" fullname="ChessWithTDD.Tests.WhitePawnTests.WhitePawnCannotMoveOneVerticalPositionUpTheBoardIfBlackPieceThere" classname="ChessWithTDD.Tests.WhitePawnTests" runstate="Runnable" testcasecount="2" result="Passed" start-time="2017-05-21 16:24:38Z" end-time="2017-05-21 16:24:38Z" duration="0.061988" total="2" passed="2" failed="0" warnings="0" inconclusive="0" skipped="0" asserts="2">
            <test-case id="0-1488" name="WhitePawnCannotMoveOneVerticalPositionUpTheBoardIfBlackPieceThere(5,2,6,2)" fullname="ChessWithTDD.Tests.WhitePawnTests.WhitePawnCannotMoveOneVerticalPositionUpTheBoardIfBlackPieceThere(5,2,6,2)" methodname="WhitePawnCannotMoveOneVerticalPositionUpTheBoardIfBlackPieceThere" classname="ChessWithTDD.Tests.WhitePawnTests" runstate="Runnable" seed="231259867" result="Passed" start-time="2017-05-21 16:24:38Z" end-time="2017-05-21 16:24:38Z" duration="0.002211" asserts="1" />
            <test-case id="0-1489" name="WhitePawnCannotMoveOneVerticalPositionUpTheBoardIfBlackPieceThere(3,3,4,3)" fullname="ChessWithTDD.Tests.WhitePawnTests.WhitePawnCannotMoveOneVerticalPositionUpTheBoardIfBlackPieceThere(3,3,4,3)" methodname="WhitePawnCannotMoveOneVerticalPositionUpTheBoardIfBlackPieceThere" classname="ChessWithTDD.Tests.WhitePawnTests" runstate="Runnable" seed="556440048" result="Passed" start-time="2017-05-21 16:24:38Z" end-time="2017-05-21 16:24:38Z" duration="0.001573" asserts="1" />
          </test-suite>
          <test-suite type="ParameterizedMethod" id="0-1508" name="WhitePawnCannotMoveTwoVerticalSpacesUpTheBoardIfItHasMovedBefore" fullname="ChessWithTDD.Tests.WhitePawnTests.WhitePawnCannotMoveTwoVerticalSpacesUpTheBoardIfItHasMovedBefore" classname="ChessWithTDD.Tests.WhitePawnTests" runstate="Runnable" testcasecount="2" result="Passed" start-time="2017-05-21 16:24:38Z" end-time="2017-05-21 16:24:38Z" duration="0.034539" total="2" passed="2" failed="0" warnings="0" inconclusive="0" skipped="0" asserts="2">
            <test-case id="0-1506" name="WhitePawnCannotMoveTwoVerticalSpacesUpTheBoardIfItHasMovedBefore(4,4,6,4)" fullname="ChessWithTDD.Tests.WhitePawnTests.WhitePawnCannotMoveTwoVerticalSpacesUpTheBoardIfItHasMovedBefore(4,4,6,4)" methodname="WhitePawnCannotMoveTwoVerticalSpacesUpTheBoardIfItHasMovedBefore" classname="ChessWithTDD.Tests.WhitePawnTests" runstate="Runnable" seed="180243023" result="Passed" start-time="2017-05-21 16:24:38Z" end-time="2017-05-21 16:24:38Z" duration="0.003253" asserts="1" />
            <test-case id="0-1507" name="WhitePawnCannotMoveTwoVerticalSpacesUpTheBoardIfItHasMovedBefore(2,1,4,1)" fullname="ChessWithTDD.Tests.WhitePawnTests.WhitePawnCannotMoveTwoVerticalSpacesUpTheBoardIfItHasMovedBefore(2,1,4,1)" methodname="WhitePawnCannotMoveTwoVerticalSpacesUpTheBoardIfItHasMovedBefore" classname="ChessWithTDD.Tests.WhitePawnTests" runstate="Runnable" seed="1872810097" result="Passed" start-time="2017-05-21 16:24:38Z" end-time="2017-05-21 16:24:38Z" duration="0.002413" asserts="1" />
          </test-suite>
          <test-suite type="ParameterizedMethod" id="0-1511" name="WhitePawnCannotMoveTwoVerticalSpacesUpTheBoardIfItHasNotMovedButToSquareContainsAPiece" fullname="ChessWithTDD.Tests.WhitePawnTests.WhitePawnCannotMoveTwoVerticalSpacesUpTheBoardIfItHasNotMovedButToSquareContainsAPiece" classname="ChessWithTDD.Tests.WhitePawnTests" runstate="Runnable" testcasecount="2" result="Passed" start-time="2017-05-21 16:24:38Z" end-time="2017-05-21 16:24:38Z" duration="0.009526" total="2" passed="2" failed="0" warnings="0" inconclusive="0" skipped="0" asserts="2">
            <test-case id="0-1509" name="WhitePawnCannotMoveTwoVerticalSpacesUpTheBoardIfItHasNotMovedButToSquareContainsAPiece(4,4,6,4)" fullname="ChessWithTDD.Tests.WhitePawnTests.WhitePawnCannotMoveTwoVerticalSpacesUpTheBoardIfItHasNotMovedButToSquareContainsAPiece(4,4,6,4)" methodname="WhitePawnCannotMoveTwoVerticalSpacesUpTheBoardIfItHasNotMovedButToSquareContainsAPiece" classname="ChessWithTDD.Tests.WhitePawnTests" runstate="Runnable" seed="598672423" result="Passed" start-time="2017-05-21 16:24:38Z" end-time="2017-05-21 16:24:38Z" duration="0.002396" asserts="1" />
            <test-case id="0-1510" name="WhitePawnCannotMoveTwoVerticalSpacesUpTheBoardIfItHasNotMovedButToSquareContainsAPiece(2,1,4,1)" fullname="ChessWithTDD.Tests.WhitePawnTests.WhitePawnCannotMoveTwoVerticalSpacesUpTheBoardIfItHasNotMovedButToSquareContainsAPiece(2,1,4,1)" methodname="WhitePawnCannotMoveTwoVerticalSpacesUpTheBoardIfItHasNotMovedButToSquareContainsAPiece" classname="ChessWithTDD.Tests.WhitePawnTests" runstate="Runnable" seed="317889976" result="Passed" start-time="2017-05-21 16:24:38Z" end-time="2017-05-21 16:24:38Z" duration="0.001649" asserts="1" />
          </test-suite>
        </test-suite>
      </test-suite>
    </test-suite>
  </test-suite>
</test-run>