<?xml version="1.0" encoding="utf-8" standalone="no"?>
<test-run id="2" testcasecount="720" result="Passed" total="720" passed="720" failed="0" inconclusive="0" skipped="0" asserts="862" engine-version="3.6.1.0" clr-version="4.0.30319.42000" start-time="2017-07-31 22:42:31Z" end-time="2017-07-31 22:42:38Z" duration="7.241535">
  <command-line><![CDATA["C:\Programming\GithubRepos\chess-with-tdd\ChessWithTDD\UnitTestingMetrics\..\..\packages\NUnit.ConsoleRunner.3.6.1\tools\nunit3-console.exe" C:\Programming\GithubRepos\chess-with-tdd\ChessWithTDD\UnitTestingMetrics\..\bin\Debug\ChessWithTDD.dll --work=C:\Programming\GithubRepos\chess-with-tdd\ChessWithTDD\UnitTestingMetrics\.\NUnitResults]]></command-line>
  <test-suite type="Assembly" id="0-1902" name="ChessWithTDD.dll" fullname="C:\Programming\GithubRepos\chess-with-tdd\ChessWithTDD\bin\Debug\ChessWithTDD.dll" runstate="Runnable" testcasecount="720" result="Passed" start-time="2017-07-31 22:42:33Z" end-time="2017-07-31 22:42:38Z" duration="4.748219" total="720" passed="720" failed="0" warnings="0" inconclusive="0" skipped="0" asserts="862">
    <environment framework-version="3.6.0.0" clr-version="4.0.30319.42000" os-version="Microsoft Windows NT 10.0.14393.0" platform="Win32NT" cwd="C:\Programming\GithubRepos\chess-with-tdd\ChessWithTDD\UnitTestingMetrics" machine-name="DESKTOP-KCJFP9V" user="dantb" user-domain="DESKTOP-KCJFP9V" culture="en-GB" uiculture="en-GB" os-architecture="x64" />
    <settings>
      <setting name="DisposeRunners" value="True" />
      <setting name="WorkDirectory" value="C:\Programming\GithubRepos\chess-with-tdd\ChessWithTDD\UnitTestingMetrics\.\NUnitResults" />
      <setting name="ImageRuntimeVersion" value="4.0.30319" />
      <setting name="ImageTargetFrameworkName" value=".NETFramework,Version=v4.5.2" />
      <setting name="ImageRequiresX86" value="False" />
      <setting name="ImageRequiresDefaultAppDomainAssemblyResolver" value="False" />
      <setting name="NumberOfTestWorkers" value="8" />
    </settings>
    <properties>
      <property name="_PID" value="23076" />
      <property name="_APPDOMAIN" value="domain-" />
    </properties>
    <test-suite type="TestSuite" id="0-1903" name="ChessWithTDD" fullname="ChessWithTDD" runstate="Runnable" testcasecount="720" result="Passed" start-time="2017-07-31 22:42:33Z" end-time="2017-07-31 22:42:38Z" duration="4.732386" total="720" passed="720" failed="0" warnings="0" inconclusive="0" skipped="0" asserts="862">
      <test-suite type="TestSuite" id="0-1904" name="Tests" fullname="ChessWithTDD.Tests" runstate="Runnable" testcasecount="720" result="Passed" start-time="2017-07-31 22:42:33Z" end-time="2017-07-31 22:42:38Z" duration="4.729391" total="720" passed="720" failed="0" warnings="0" inconclusive="0" skipped="0" asserts="862">
        <test-suite type="TestFixture" id="0-1213" name="AlgebraicNotationGeneratorTests" fullname="ChessWithTDD.Tests.AlgebraicNotationGeneratorTests" classname="ChessWithTDD.Tests.AlgebraicNotationGeneratorTests" runstate="Runnable" testcasecount="112" result="Passed" start-time="2017-07-31 22:42:33Z" end-time="2017-07-31 22:42:34Z" duration="0.433464" total="112" passed="112" failed="0" warnings="0" inconclusive="0" skipped="0" asserts="112">
          <test-suite type="ParameterizedMethod" id="0-1314" name="NonPawnMoveTestCaptureAndSquaresForConstantCheckAndMateAsFalse" fullname="ChessWithTDD.Tests.AlgebraicNotationGeneratorTests.NonPawnMoveTestCaptureAndSquaresForConstantCheckAndMateAsFalse" classname="ChessWithTDD.Tests.AlgebraicNotationGeneratorTests" runstate="Runnable" testcasecount="40" result="Passed" start-time="2017-07-31 22:42:33Z" end-time="2017-07-31 22:42:33Z" duration="0.174187" total="40" passed="40" failed="0" warnings="0" inconclusive="0" skipped="0" asserts="40">
            <test-case id="0-1274" name="NonPawnMoveTestCaptureAndSquaresForConstantCheckAndMateAsFalse(&quot;Ka2-a4&quot;,ChessWithTDD.Move,False,ChessWithTDD.King)" fullname="ChessWithTDD.Tests.AlgebraicNotationGeneratorTests.NonPawnMoveTestCaptureAndSquaresForConstantCheckAndMateAsFalse(&quot;Ka2-a4&quot;,ChessWithTDD.Move,False,ChessWithTDD.King)" methodname="NonPawnMoveTestCaptureAndSquaresForConstantCheckAndMateAsFalse" classname="ChessWithTDD.Tests.AlgebraicNotationGeneratorTests" runstate="Runnable" seed="1678223203" result="Passed" start-time="2017-07-31 22:42:33Z" end-time="2017-07-31 22:42:33Z" duration="0.035383" asserts="1" />
            <test-case id="0-1275" name="NonPawnMoveTestCaptureAndSquaresForConstantCheckAndMateAsFalse(&quot;Kb2-b4&quot;,ChessWithTDD.Move,False,ChessWithTDD.King)" fullname="ChessWithTDD.Tests.AlgebraicNotationGeneratorTests.NonPawnMoveTestCaptureAndSquaresForConstantCheckAndMateAsFalse(&quot;Kb2-b4&quot;,ChessWithTDD.Move,False,ChessWithTDD.King)" methodname="NonPawnMoveTestCaptureAndSquaresForConstantCheckAndMateAsFalse" classname="ChessWithTDD.Tests.AlgebraicNotationGeneratorTests" runstate="Runnable" seed="1319372512" result="Passed" start-time="2017-07-31 22:42:33Z" end-time="2017-07-31 22:42:33Z" duration="0.000212" asserts="1" />
            <test-case id="0-1276" name="NonPawnMoveTestCaptureAndSquaresForConstantCheckAndMateAsFalse(&quot;Kc2-c4&quot;,ChessWithTDD.Move,False,ChessWithTDD.King)" fullname="ChessWithTDD.Tests.AlgebraicNotationGeneratorTests.NonPawnMoveTestCaptureAndSquaresForConstantCheckAndMateAsFalse(&quot;Kc2-c4&quot;,ChessWithTDD.Move,False,ChessWithTDD.King)" methodname="NonPawnMoveTestCaptureAndSquaresForConstantCheckAndMateAsFalse" classname="ChessWithTDD.Tests.AlgebraicNotationGeneratorTests" runstate="Runnable" seed="841499623" result="Passed" start-time="2017-07-31 22:42:33Z" end-time="2017-07-31 22:42:33Z" duration="0.000086" asserts="1" />
            <test-case id="0-1277" name="NonPawnMoveTestCaptureAndSquaresForConstantCheckAndMateAsFalse(&quot;Kd2-d4&quot;,ChessWithTDD.Move,False,ChessWithTDD.King)" fullname="ChessWithTDD.Tests.AlgebraicNotationGeneratorTests.NonPawnMoveTestCaptureAndSquaresForConstantCheckAndMateAsFalse(&quot;Kd2-d4&quot;,ChessWithTDD.Move,False,ChessWithTDD.King)" methodname="NonPawnMoveTestCaptureAndSquaresForConstantCheckAndMateAsFalse" classname="ChessWithTDD.Tests.AlgebraicNotationGeneratorTests" runstate="Runnable" seed="450342248" result="Passed" start-time="2017-07-31 22:42:33Z" end-time="2017-07-31 22:42:33Z" duration="0.000108" asserts="1" />
            <test-case id="0-1278" name="NonPawnMoveTestCaptureAndSquaresForConstantCheckAndMateAsFalse(&quot;Ke2xe4&quot;,ChessWithTDD.Move,True,ChessWithTDD.King)" fullname="ChessWithTDD.Tests.AlgebraicNotationGeneratorTests.NonPawnMoveTestCaptureAndSquaresForConstantCheckAndMateAsFalse(&quot;Ke2xe4&quot;,ChessWithTDD.Move,True,ChessWithTDD.King)" methodname="NonPawnMoveTestCaptureAndSquaresForConstantCheckAndMateAsFalse" classname="ChessWithTDD.Tests.AlgebraicNotationGeneratorTests" runstate="Runnable" seed="1603136789" result="Passed" start-time="2017-07-31 22:42:33Z" end-time="2017-07-31 22:42:33Z" duration="0.000154" asserts="1" />
            <test-case id="0-1279" name="NonPawnMoveTestCaptureAndSquaresForConstantCheckAndMateAsFalse(&quot;Kf2xf4&quot;,ChessWithTDD.Move,True,ChessWithTDD.King)" fullname="ChessWithTDD.Tests.AlgebraicNotationGeneratorTests.NonPawnMoveTestCaptureAndSquaresForConstantCheckAndMateAsFalse(&quot;Kf2xf4&quot;,ChessWithTDD.Move,True,ChessWithTDD.King)" methodname="NonPawnMoveTestCaptureAndSquaresForConstantCheckAndMateAsFalse" classname="ChessWithTDD.Tests.AlgebraicNotationGeneratorTests" runstate="Runnable" seed="1970127320" result="Passed" start-time="2017-07-31 22:42:33Z" end-time="2017-07-31 22:42:33Z" duration="0.000088" asserts="1" />
            <test-case id="0-1280" name="NonPawnMoveTestCaptureAndSquaresForConstantCheckAndMateAsFalse(&quot;Kg2xg4&quot;,ChessWithTDD.Move,True,ChessWithTDD.King)" fullname="ChessWithTDD.Tests.AlgebraicNotationGeneratorTests.NonPawnMoveTestCaptureAndSquaresForConstantCheckAndMateAsFalse(&quot;Kg2xg4&quot;,ChessWithTDD.Move,True,ChessWithTDD.King)" methodname="NonPawnMoveTestCaptureAndSquaresForConstantCheckAndMateAsFalse" classname="ChessWithTDD.Tests.AlgebraicNotationGeneratorTests" runstate="Runnable" seed="166325389" result="Passed" start-time="2017-07-31 22:42:33Z" end-time="2017-07-31 22:42:33Z" duration="0.000110" asserts="1" />
            <test-case id="0-1281" name="NonPawnMoveTestCaptureAndSquaresForConstantCheckAndMateAsFalse(&quot;Kh2xh4&quot;,ChessWithTDD.Move,True,ChessWithTDD.King)" fullname="ChessWithTDD.Tests.AlgebraicNotationGeneratorTests.NonPawnMoveTestCaptureAndSquaresForConstantCheckAndMateAsFalse(&quot;Kh2xh4&quot;,ChessWithTDD.Move,True,ChessWithTDD.King)" methodname="NonPawnMoveTestCaptureAndSquaresForConstantCheckAndMateAsFalse" classname="ChessWithTDD.Tests.AlgebraicNotationGeneratorTests" runstate="Runnable" seed="508281186" result="Passed" start-time="2017-07-31 22:42:33Z" end-time="2017-07-31 22:42:33Z" duration="0.000116" asserts="1" />
            <test-case id="0-1282" name="NonPawnMoveTestCaptureAndSquaresForConstantCheckAndMateAsFalse(&quot;Qa7-a5&quot;,ChessWithTDD.Move,False,ChessWithTDD.Queen)" fullname="ChessWithTDD.Tests.AlgebraicNotationGeneratorTests.NonPawnMoveTestCaptureAndSquaresForConstantCheckAndMateAsFalse(&quot;Qa7-a5&quot;,ChessWithTDD.Move,False,ChessWithTDD.Queen)" methodname="NonPawnMoveTestCaptureAndSquaresForConstantCheckAndMateAsFalse" classname="ChessWithTDD.Tests.AlgebraicNotationGeneratorTests" runstate="Runnable" seed="596436924" result="Passed" start-time="2017-07-31 22:42:33Z" end-time="2017-07-31 22:42:33Z" duration="0.000112" asserts="1" />
            <test-case id="0-1283" name="NonPawnMoveTestCaptureAndSquaresForConstantCheckAndMateAsFalse(&quot;Qb7-b5&quot;,ChessWithTDD.Move,False,ChessWithTDD.Queen)" fullname="ChessWithTDD.Tests.AlgebraicNotationGeneratorTests.NonPawnMoveTestCaptureAndSquaresForConstantCheckAndMateAsFalse(&quot;Qb7-b5&quot;,ChessWithTDD.Move,False,ChessWithTDD.Queen)" methodname="NonPawnMoveTestCaptureAndSquaresForConstantCheckAndMateAsFalse" classname="ChessWithTDD.Tests.AlgebraicNotationGeneratorTests" runstate="Runnable" seed="472404329" result="Passed" start-time="2017-07-31 22:42:33Z" end-time="2017-07-31 22:42:33Z" duration="0.000085" asserts="1" />
            <test-case id="0-1284" name="NonPawnMoveTestCaptureAndSquaresForConstantCheckAndMateAsFalse(&quot;Qc7-c5&quot;,ChessWithTDD.Move,False,ChessWithTDD.Queen)" fullname="ChessWithTDD.Tests.AlgebraicNotationGeneratorTests.NonPawnMoveTestCaptureAndSquaresForConstantCheckAndMateAsFalse(&quot;Qc7-c5&quot;,ChessWithTDD.Move,False,ChessWithTDD.Queen)" methodname="NonPawnMoveTestCaptureAndSquaresForConstantCheckAndMateAsFalse" classname="ChessWithTDD.Tests.AlgebraicNotationGeneratorTests" runstate="Runnable" seed="244761071" result="Passed" start-time="2017-07-31 22:42:33Z" end-time="2017-07-31 22:42:33Z" duration="0.000105" asserts="1" />
            <test-case id="0-1285" name="NonPawnMoveTestCaptureAndSquaresForConstantCheckAndMateAsFalse(&quot;Qd7-d5&quot;,ChessWithTDD.Move,False,ChessWithTDD.Queen)" fullname="ChessWithTDD.Tests.AlgebraicNotationGeneratorTests.NonPawnMoveTestCaptureAndSquaresForConstantCheckAndMateAsFalse(&quot;Qd7-d5&quot;,ChessWithTDD.Move,False,ChessWithTDD.Queen)" methodname="NonPawnMoveTestCaptureAndSquaresForConstantCheckAndMateAsFalse" classname="ChessWithTDD.Tests.AlgebraicNotationGeneratorTests" runstate="Runnable" seed="92504664" result="Passed" start-time="2017-07-31 22:42:33Z" end-time="2017-07-31 22:42:33Z" duration="0.000087" asserts="1" />
            <test-case id="0-1286" name="NonPawnMoveTestCaptureAndSquaresForConstantCheckAndMateAsFalse(&quot;Qe7xe5&quot;,ChessWithTDD.Move,True,ChessWithTDD.Queen)" fullname="ChessWithTDD.Tests.AlgebraicNotationGeneratorTests.NonPawnMoveTestCaptureAndSquaresForConstantCheckAndMateAsFalse(&quot;Qe7xe5&quot;,ChessWithTDD.Move,True,ChessWithTDD.Queen)" methodname="NonPawnMoveTestCaptureAndSquaresForConstantCheckAndMateAsFalse" classname="ChessWithTDD.Tests.AlgebraicNotationGeneratorTests" runstate="Runnable" seed="1103289130" result="Passed" start-time="2017-07-31 22:42:33Z" end-time="2017-07-31 22:42:33Z" duration="0.000144" asserts="1" />
            <test-case id="0-1287" name="NonPawnMoveTestCaptureAndSquaresForConstantCheckAndMateAsFalse(&quot;Qf7xf5&quot;,ChessWithTDD.Move,True,ChessWithTDD.Queen)" fullname="ChessWithTDD.Tests.AlgebraicNotationGeneratorTests.NonPawnMoveTestCaptureAndSquaresForConstantCheckAndMateAsFalse(&quot;Qf7xf5&quot;,ChessWithTDD.Move,True,ChessWithTDD.Queen)" methodname="NonPawnMoveTestCaptureAndSquaresForConstantCheckAndMateAsFalse" classname="ChessWithTDD.Tests.AlgebraicNotationGeneratorTests" runstate="Runnable" seed="824801847" result="Passed" start-time="2017-07-31 22:42:33Z" end-time="2017-07-31 22:42:33Z" duration="0.000115" asserts="1" />
            <test-case id="0-1288" name="NonPawnMoveTestCaptureAndSquaresForConstantCheckAndMateAsFalse(&quot;Qg7xg5&quot;,ChessWithTDD.Move,True,ChessWithTDD.Queen)" fullname="ChessWithTDD.Tests.AlgebraicNotationGeneratorTests.NonPawnMoveTestCaptureAndSquaresForConstantCheckAndMateAsFalse(&quot;Qg7xg5&quot;,ChessWithTDD.Move,True,ChessWithTDD.Queen)" methodname="NonPawnMoveTestCaptureAndSquaresForConstantCheckAndMateAsFalse" classname="ChessWithTDD.Tests.AlgebraicNotationGeneratorTests" runstate="Runnable" seed="383859283" result="Passed" start-time="2017-07-31 22:42:33Z" end-time="2017-07-31 22:42:33Z" duration="0.000130" asserts="1" />
            <test-case id="0-1289" name="NonPawnMoveTestCaptureAndSquaresForConstantCheckAndMateAsFalse(&quot;Qh7xh5&quot;,ChessWithTDD.Move,True,ChessWithTDD.Queen)" fullname="ChessWithTDD.Tests.AlgebraicNotationGeneratorTests.NonPawnMoveTestCaptureAndSquaresForConstantCheckAndMateAsFalse(&quot;Qh7xh5&quot;,ChessWithTDD.Move,True,ChessWithTDD.Queen)" methodname="NonPawnMoveTestCaptureAndSquaresForConstantCheckAndMateAsFalse" classname="ChessWithTDD.Tests.AlgebraicNotationGeneratorTests" runstate="Runnable" seed="1503896235" result="Passed" start-time="2017-07-31 22:42:33Z" end-time="2017-07-31 22:42:33Z" duration="0.000089" asserts="1" />
            <test-case id="0-1290" name="NonPawnMoveTestCaptureAndSquaresForConstantCheckAndMateAsFalse(&quot;Ra2-a3&quot;,ChessWithTDD.Move,False,ChessWithTDD.Rook)" fullname="ChessWithTDD.Tests.AlgebraicNotationGeneratorTests.NonPawnMoveTestCaptureAndSquaresForConstantCheckAndMateAsFalse(&quot;Ra2-a3&quot;,ChessWithTDD.Move,False,ChessWithTDD.Rook)" methodname="NonPawnMoveTestCaptureAndSquaresForConstantCheckAndMateAsFalse" classname="ChessWithTDD.Tests.AlgebraicNotationGeneratorTests" runstate="Runnable" seed="232828650" result="Passed" start-time="2017-07-31 22:42:33Z" end-time="2017-07-31 22:42:33Z" duration="0.000092" asserts="1" />
            <test-case id="0-1291" name="NonPawnMoveTestCaptureAndSquaresForConstantCheckAndMateAsFalse(&quot;Rb2-b3&quot;,ChessWithTDD.Move,False,ChessWithTDD.Rook)" fullname="ChessWithTDD.Tests.AlgebraicNotationGeneratorTests.NonPawnMoveTestCaptureAndSquaresForConstantCheckAndMateAsFalse(&quot;Rb2-b3&quot;,ChessWithTDD.Move,False,ChessWithTDD.Rook)" methodname="NonPawnMoveTestCaptureAndSquaresForConstantCheckAndMateAsFalse" classname="ChessWithTDD.Tests.AlgebraicNotationGeneratorTests" runstate="Runnable" seed="232243068" result="Passed" start-time="2017-07-31 22:42:33Z" end-time="2017-07-31 22:42:33Z" duration="0.000084" asserts="1" />
            <test-case id="0-1292" name="NonPawnMoveTestCaptureAndSquaresForConstantCheckAndMateAsFalse(&quot;Rc2-c3&quot;,ChessWithTDD.Move,False,ChessWithTDD.Rook)" fullname="ChessWithTDD.Tests.AlgebraicNotationGeneratorTests.NonPawnMoveTestCaptureAndSquaresForConstantCheckAndMateAsFalse(&quot;Rc2-c3&quot;,ChessWithTDD.Move,False,ChessWithTDD.Rook)" methodname="NonPawnMoveTestCaptureAndSquaresForConstantCheckAndMateAsFalse" classname="ChessWithTDD.Tests.AlgebraicNotationGeneratorTests" runstate="Runnable" seed="131021096" result="Passed" start-time="2017-07-31 22:42:33Z" end-time="2017-07-31 22:42:33Z" duration="0.000096" asserts="1" />
            <test-case id="0-1293" name="NonPawnMoveTestCaptureAndSquaresForConstantCheckAndMateAsFalse(&quot;Rd2-d3&quot;,ChessWithTDD.Move,False,ChessWithTDD.Rook)" fullname="ChessWithTDD.Tests.AlgebraicNotationGeneratorTests.NonPawnMoveTestCaptureAndSquaresForConstantCheckAndMateAsFalse(&quot;Rd2-d3&quot;,ChessWithTDD.Move,False,ChessWithTDD.Rook)" methodname="NonPawnMoveTestCaptureAndSquaresForConstantCheckAndMateAsFalse" classname="ChessWithTDD.Tests.AlgebraicNotationGeneratorTests" runstate="Runnable" seed="721376870" result="Passed" start-time="2017-07-31 22:42:33Z" end-time="2017-07-31 22:42:33Z" duration="0.000108" asserts="1" />
            <test-case id="0-1294" name="NonPawnMoveTestCaptureAndSquaresForConstantCheckAndMateAsFalse(&quot;Re2xe3&quot;,ChessWithTDD.Move,True,ChessWithTDD.Rook)" fullname="ChessWithTDD.Tests.AlgebraicNotationGeneratorTests.NonPawnMoveTestCaptureAndSquaresForConstantCheckAndMateAsFalse(&quot;Re2xe3&quot;,ChessWithTDD.Move,True,ChessWithTDD.Rook)" methodname="NonPawnMoveTestCaptureAndSquaresForConstantCheckAndMateAsFalse" classname="ChessWithTDD.Tests.AlgebraicNotationGeneratorTests" runstate="Runnable" seed="577702654" result="Passed" start-time="2017-07-31 22:42:33Z" end-time="2017-07-31 22:42:33Z" duration="0.000112" asserts="1" />
            <test-case id="0-1295" name="NonPawnMoveTestCaptureAndSquaresForConstantCheckAndMateAsFalse(&quot;Rf2xf3&quot;,ChessWithTDD.Move,True,ChessWithTDD.Rook)" fullname="ChessWithTDD.Tests.AlgebraicNotationGeneratorTests.NonPawnMoveTestCaptureAndSquaresForConstantCheckAndMateAsFalse(&quot;Rf2xf3&quot;,ChessWithTDD.Move,True,ChessWithTDD.Rook)" methodname="NonPawnMoveTestCaptureAndSquaresForConstantCheckAndMateAsFalse" classname="ChessWithTDD.Tests.AlgebraicNotationGeneratorTests" runstate="Runnable" seed="583913048" result="Passed" start-time="2017-07-31 22:42:33Z" end-time="2017-07-31 22:42:33Z" duration="0.000143" asserts="1" />
            <test-case id="0-1296" name="NonPawnMoveTestCaptureAndSquaresForConstantCheckAndMateAsFalse(&quot;Rg2xg3&quot;,ChessWithTDD.Move,True,ChessWithTDD.Rook)" fullname="ChessWithTDD.Tests.AlgebraicNotationGeneratorTests.NonPawnMoveTestCaptureAndSquaresForConstantCheckAndMateAsFalse(&quot;Rg2xg3&quot;,ChessWithTDD.Move,True,ChessWithTDD.Rook)" methodname="NonPawnMoveTestCaptureAndSquaresForConstantCheckAndMateAsFalse" classname="ChessWithTDD.Tests.AlgebraicNotationGeneratorTests" runstate="Runnable" seed="1876136831" result="Passed" start-time="2017-07-31 22:42:33Z" end-time="2017-07-31 22:42:33Z" duration="0.000089" asserts="1" />
            <test-case id="0-1297" name="NonPawnMoveTestCaptureAndSquaresForConstantCheckAndMateAsFalse(&quot;Rh2xh3&quot;,ChessWithTDD.Move,True,ChessWithTDD.Rook)" fullname="ChessWithTDD.Tests.AlgebraicNotationGeneratorTests.NonPawnMoveTestCaptureAndSquaresForConstantCheckAndMateAsFalse(&quot;Rh2xh3&quot;,ChessWithTDD.Move,True,ChessWithTDD.Rook)" methodname="NonPawnMoveTestCaptureAndSquaresForConstantCheckAndMateAsFalse" classname="ChessWithTDD.Tests.AlgebraicNotationGeneratorTests" runstate="Runnable" seed="1209469972" result="Passed" start-time="2017-07-31 22:42:33Z" end-time="2017-07-31 22:42:33Z" duration="0.000092" asserts="1" />
            <test-case id="0-1298" name="NonPawnMoveTestCaptureAndSquaresForConstantCheckAndMateAsFalse(&quot;Ba7-a6&quot;,ChessWithTDD.Move,False,ChessWithTDD.Bishop)" fullname="ChessWithTDD.Tests.AlgebraicNotationGeneratorTests.NonPawnMoveTestCaptureAndSquaresForConstantCheckAndMateAsFalse(&quot;Ba7-a6&quot;,ChessWithTDD.Move,False,ChessWithTDD.Bishop)" methodname="NonPawnMoveTestCaptureAndSquaresForConstantCheckAndMateAsFalse" classname="ChessWithTDD.Tests.AlgebraicNotationGeneratorTests" runstate="Runnable" seed="1268214832" result="Passed" start-time="2017-07-31 22:42:33Z" end-time="2017-07-31 22:42:33Z" duration="0.000083" asserts="1" />
            <test-case id="0-1299" name="NonPawnMoveTestCaptureAndSquaresForConstantCheckAndMateAsFalse(&quot;Bb7-b6&quot;,ChessWithTDD.Move,False,ChessWithTDD.Bishop)" fullname="ChessWithTDD.Tests.AlgebraicNotationGeneratorTests.NonPawnMoveTestCaptureAndSquaresForConstantCheckAndMateAsFalse(&quot;Bb7-b6&quot;,ChessWithTDD.Move,False,ChessWithTDD.Bishop)" methodname="NonPawnMoveTestCaptureAndSquaresForConstantCheckAndMateAsFalse" classname="ChessWithTDD.Tests.AlgebraicNotationGeneratorTests" runstate="Runnable" seed="11122405" result="Passed" start-time="2017-07-31 22:42:33Z" end-time="2017-07-31 22:42:33Z" duration="0.000082" asserts="1" />
            <test-case id="0-1300" name="NonPawnMoveTestCaptureAndSquaresForConstantCheckAndMateAsFalse(&quot;Bc7-c6&quot;,ChessWithTDD.Move,False,ChessWithTDD.Bishop)" fullname="ChessWithTDD.Tests.AlgebraicNotationGeneratorTests.NonPawnMoveTestCaptureAndSquaresForConstantCheckAndMateAsFalse(&quot;Bc7-c6&quot;,ChessWithTDD.Move,False,ChessWithTDD.Bishop)" methodname="NonPawnMoveTestCaptureAndSquaresForConstantCheckAndMateAsFalse" classname="ChessWithTDD.Tests.AlgebraicNotationGeneratorTests" runstate="Runnable" seed="279541198" result="Passed" start-time="2017-07-31 22:42:33Z" end-time="2017-07-31 22:42:33Z" duration="0.000097" asserts="1" />
            <test-case id="0-1301" name="NonPawnMoveTestCaptureAndSquaresForConstantCheckAndMateAsFalse(&quot;Bd7-d6&quot;,ChessWithTDD.Move,False,ChessWithTDD.Bishop)" fullname="ChessWithTDD.Tests.AlgebraicNotationGeneratorTests.NonPawnMoveTestCaptureAndSquaresForConstantCheckAndMateAsFalse(&quot;Bd7-d6&quot;,ChessWithTDD.Move,False,ChessWithTDD.Bishop)" methodname="NonPawnMoveTestCaptureAndSquaresForConstantCheckAndMateAsFalse" classname="ChessWithTDD.Tests.AlgebraicNotationGeneratorTests" runstate="Runnable" seed="676077283" result="Passed" start-time="2017-07-31 22:42:33Z" end-time="2017-07-31 22:42:33Z" duration="0.000102" asserts="1" />
            <test-case id="0-1302" name="NonPawnMoveTestCaptureAndSquaresForConstantCheckAndMateAsFalse(&quot;Be7xe6&quot;,ChessWithTDD.Move,True,ChessWithTDD.Bishop)" fullname="ChessWithTDD.Tests.AlgebraicNotationGeneratorTests.NonPawnMoveTestCaptureAndSquaresForConstantCheckAndMateAsFalse(&quot;Be7xe6&quot;,ChessWithTDD.Move,True,ChessWithTDD.Bishop)" methodname="NonPawnMoveTestCaptureAndSquaresForConstantCheckAndMateAsFalse" classname="ChessWithTDD.Tests.AlgebraicNotationGeneratorTests" runstate="Runnable" seed="1956219962" result="Passed" start-time="2017-07-31 22:42:33Z" end-time="2017-07-31 22:42:33Z" duration="0.000084" asserts="1" />
            <test-case id="0-1303" name="NonPawnMoveTestCaptureAndSquaresForConstantCheckAndMateAsFalse(&quot;Bf7xf6&quot;,ChessWithTDD.Move,True,ChessWithTDD.Bishop)" fullname="ChessWithTDD.Tests.AlgebraicNotationGeneratorTests.NonPawnMoveTestCaptureAndSquaresForConstantCheckAndMateAsFalse(&quot;Bf7xf6&quot;,ChessWithTDD.Move,True,ChessWithTDD.Bishop)" methodname="NonPawnMoveTestCaptureAndSquaresForConstantCheckAndMateAsFalse" classname="ChessWithTDD.Tests.AlgebraicNotationGeneratorTests" runstate="Runnable" seed="1434137206" result="Passed" start-time="2017-07-31 22:42:33Z" end-time="2017-07-31 22:42:33Z" duration="0.000153" asserts="1" />
            <test-case id="0-1304" name="NonPawnMoveTestCaptureAndSquaresForConstantCheckAndMateAsFalse(&quot;Bg7xg6&quot;,ChessWithTDD.Move,True,ChessWithTDD.Bishop)" fullname="ChessWithTDD.Tests.AlgebraicNotationGeneratorTests.NonPawnMoveTestCaptureAndSquaresForConstantCheckAndMateAsFalse(&quot;Bg7xg6&quot;,ChessWithTDD.Move,True,ChessWithTDD.Bishop)" methodname="NonPawnMoveTestCaptureAndSquaresForConstantCheckAndMateAsFalse" classname="ChessWithTDD.Tests.AlgebraicNotationGeneratorTests" runstate="Runnable" seed="1704739166" result="Passed" start-time="2017-07-31 22:42:33Z" end-time="2017-07-31 22:42:33Z" duration="0.000117" asserts="1" />
            <test-case id="0-1305" name="NonPawnMoveTestCaptureAndSquaresForConstantCheckAndMateAsFalse(&quot;Bh7xh6&quot;,ChessWithTDD.Move,True,ChessWithTDD.Bishop)" fullname="ChessWithTDD.Tests.AlgebraicNotationGeneratorTests.NonPawnMoveTestCaptureAndSquaresForConstantCheckAndMateAsFalse(&quot;Bh7xh6&quot;,ChessWithTDD.Move,True,ChessWithTDD.Bishop)" methodname="NonPawnMoveTestCaptureAndSquaresForConstantCheckAndMateAsFalse" classname="ChessWithTDD.Tests.AlgebraicNotationGeneratorTests" runstate="Runnable" seed="2066268071" result="Passed" start-time="2017-07-31 22:42:33Z" end-time="2017-07-31 22:42:33Z" duration="0.000100" asserts="1" />
            <test-case id="0-1306" name="NonPawnMoveTestCaptureAndSquaresForConstantCheckAndMateAsFalse(&quot;Na2-b3&quot;,ChessWithTDD.Move,False,ChessWithTDD.Knight)" fullname="ChessWithTDD.Tests.AlgebraicNotationGeneratorTests.NonPawnMoveTestCaptureAndSquaresForConstantCheckAndMateAsFalse(&quot;Na2-b3&quot;,ChessWithTDD.Move,False,ChessWithTDD.Knight)" methodname="NonPawnMoveTestCaptureAndSquaresForConstantCheckAndMateAsFalse" classname="ChessWithTDD.Tests.AlgebraicNotationGeneratorTests" runstate="Runnable" seed="575257730" result="Passed" start-time="2017-07-31 22:42:33Z" end-time="2017-07-31 22:42:33Z" duration="0.000085" asserts="1" />
            <test-case id="0-1307" name="NonPawnMoveTestCaptureAndSquaresForConstantCheckAndMateAsFalse(&quot;Nb2-c3&quot;,ChessWithTDD.Move,False,ChessWithTDD.Knight)" fullname="ChessWithTDD.Tests.AlgebraicNotationGeneratorTests.NonPawnMoveTestCaptureAndSquaresForConstantCheckAndMateAsFalse(&quot;Nb2-c3&quot;,ChessWithTDD.Move,False,ChessWithTDD.Knight)" methodname="NonPawnMoveTestCaptureAndSquaresForConstantCheckAndMateAsFalse" classname="ChessWithTDD.Tests.AlgebraicNotationGeneratorTests" runstate="Runnable" seed="1634269275" result="Passed" start-time="2017-07-31 22:42:33Z" end-time="2017-07-31 22:42:33Z" duration="0.000124" asserts="1" />
            <test-case id="0-1308" name="NonPawnMoveTestCaptureAndSquaresForConstantCheckAndMateAsFalse(&quot;Nc2-d3&quot;,ChessWithTDD.Move,False,ChessWithTDD.Knight)" fullname="ChessWithTDD.Tests.AlgebraicNotationGeneratorTests.NonPawnMoveTestCaptureAndSquaresForConstantCheckAndMateAsFalse(&quot;Nc2-d3&quot;,ChessWithTDD.Move,False,ChessWithTDD.Knight)" methodname="NonPawnMoveTestCaptureAndSquaresForConstantCheckAndMateAsFalse" classname="ChessWithTDD.Tests.AlgebraicNotationGeneratorTests" runstate="Runnable" seed="656498784" result="Passed" start-time="2017-07-31 22:42:33Z" end-time="2017-07-31 22:42:33Z" duration="0.000087" asserts="1" />
            <test-case id="0-1309" name="NonPawnMoveTestCaptureAndSquaresForConstantCheckAndMateAsFalse(&quot;Nd2-e3&quot;,ChessWithTDD.Move,False,ChessWithTDD.Knight)" fullname="ChessWithTDD.Tests.AlgebraicNotationGeneratorTests.NonPawnMoveTestCaptureAndSquaresForConstantCheckAndMateAsFalse(&quot;Nd2-e3&quot;,ChessWithTDD.Move,False,ChessWithTDD.Knight)" methodname="NonPawnMoveTestCaptureAndSquaresForConstantCheckAndMateAsFalse" classname="ChessWithTDD.Tests.AlgebraicNotationGeneratorTests" runstate="Runnable" seed="1888890611" result="Passed" start-time="2017-07-31 22:42:33Z" end-time="2017-07-31 22:42:33Z" duration="0.000084" asserts="1" />
            <test-case id="0-1310" name="NonPawnMoveTestCaptureAndSquaresForConstantCheckAndMateAsFalse(&quot;Ne2xf3&quot;,ChessWithTDD.Move,True,ChessWithTDD.Knight)" fullname="ChessWithTDD.Tests.AlgebraicNotationGeneratorTests.NonPawnMoveTestCaptureAndSquaresForConstantCheckAndMateAsFalse(&quot;Ne2xf3&quot;,ChessWithTDD.Move,True,ChessWithTDD.Knight)" methodname="NonPawnMoveTestCaptureAndSquaresForConstantCheckAndMateAsFalse" classname="ChessWithTDD.Tests.AlgebraicNotationGeneratorTests" runstate="Runnable" seed="2038139313" result="Passed" start-time="2017-07-31 22:42:33Z" end-time="2017-07-31 22:42:33Z" duration="0.000103" asserts="1" />
            <test-case id="0-1311" name="NonPawnMoveTestCaptureAndSquaresForConstantCheckAndMateAsFalse(&quot;Nf2xg3&quot;,ChessWithTDD.Move,True,ChessWithTDD.Knight)" fullname="ChessWithTDD.Tests.AlgebraicNotationGeneratorTests.NonPawnMoveTestCaptureAndSquaresForConstantCheckAndMateAsFalse(&quot;Nf2xg3&quot;,ChessWithTDD.Move,True,ChessWithTDD.Knight)" methodname="NonPawnMoveTestCaptureAndSquaresForConstantCheckAndMateAsFalse" classname="ChessWithTDD.Tests.AlgebraicNotationGeneratorTests" runstate="Runnable" seed="1789172607" result="Passed" start-time="2017-07-31 22:42:33Z" end-time="2017-07-31 22:42:33Z" duration="0.000111" asserts="1" />
            <test-case id="0-1312" name="NonPawnMoveTestCaptureAndSquaresForConstantCheckAndMateAsFalse(&quot;Ng2xh3&quot;,ChessWithTDD.Move,True,ChessWithTDD.Knight)" fullname="ChessWithTDD.Tests.AlgebraicNotationGeneratorTests.NonPawnMoveTestCaptureAndSquaresForConstantCheckAndMateAsFalse(&quot;Ng2xh3&quot;,ChessWithTDD.Move,True,ChessWithTDD.Knight)" methodname="NonPawnMoveTestCaptureAndSquaresForConstantCheckAndMateAsFalse" classname="ChessWithTDD.Tests.AlgebraicNotationGeneratorTests" runstate="Runnable" seed="482985591" result="Passed" start-time="2017-07-31 22:42:33Z" end-time="2017-07-31 22:42:33Z" duration="0.000119" asserts="1" />
            <test-case id="0-1313" name="NonPawnMoveTestCaptureAndSquaresForConstantCheckAndMateAsFalse(&quot;Nh2xg3&quot;,ChessWithTDD.Move,True,ChessWithTDD.Knight)" fullname="ChessWithTDD.Tests.AlgebraicNotationGeneratorTests.NonPawnMoveTestCaptureAndSquaresForConstantCheckAndMateAsFalse(&quot;Nh2xg3&quot;,ChessWithTDD.Move,True,ChessWithTDD.Knight)" methodname="NonPawnMoveTestCaptureAndSquaresForConstantCheckAndMateAsFalse" classname="ChessWithTDD.Tests.AlgebraicNotationGeneratorTests" runstate="Runnable" seed="1015683315" result="Passed" start-time="2017-07-31 22:42:33Z" end-time="2017-07-31 22:42:33Z" duration="0.000098" asserts="1" />
          </test-suite>
          <test-suite type="ParameterizedMethod" id="0-1330" name="NonPawnMoveTestCheckAndMateForConstantCaptureAsFalse" fullname="ChessWithTDD.Tests.AlgebraicNotationGeneratorTests.NonPawnMoveTestCheckAndMateForConstantCaptureAsFalse" classname="ChessWithTDD.Tests.AlgebraicNotationGeneratorTests" runstate="Runnable" testcasecount="6" result="Passed" start-time="2017-07-31 22:42:33Z" end-time="2017-07-31 22:42:33Z" duration="0.020079" total="6" passed="6" failed="0" warnings="0" inconclusive="0" skipped="0" asserts="6">
            <test-case id="0-1324" name="NonPawnMoveTestCheckAndMateForConstantCaptureAsFalse(&quot;Ka2-b3&quot;,ChessWithTDD.Move,False,False,ChessWithTDD.King)" fullname="ChessWithTDD.Tests.AlgebraicNotationGeneratorTests.NonPawnMoveTestCheckAndMateForConstantCaptureAsFalse(&quot;Ka2-b3&quot;,ChessWithTDD.Move,False,False,ChessWithTDD.King)" methodname="NonPawnMoveTestCheckAndMateForConstantCaptureAsFalse" classname="ChessWithTDD.Tests.AlgebraicNotationGeneratorTests" runstate="Runnable" seed="2126856655" result="Passed" start-time="2017-07-31 22:42:33Z" end-time="2017-07-31 22:42:33Z" duration="0.000636" asserts="1" />
            <test-case id="0-1325" name="NonPawnMoveTestCheckAndMateForConstantCaptureAsFalse(&quot;Qb2-c3&quot;,ChessWithTDD.Move,False,False,ChessWithTDD.Queen)" fullname="ChessWithTDD.Tests.AlgebraicNotationGeneratorTests.NonPawnMoveTestCheckAndMateForConstantCaptureAsFalse(&quot;Qb2-c3&quot;,ChessWithTDD.Move,False,False,ChessWithTDD.Queen)" methodname="NonPawnMoveTestCheckAndMateForConstantCaptureAsFalse" classname="ChessWithTDD.Tests.AlgebraicNotationGeneratorTests" runstate="Runnable" seed="497040033" result="Passed" start-time="2017-07-31 22:42:33Z" end-time="2017-07-31 22:42:33Z" duration="0.000217" asserts="1" />
            <test-case id="0-1326" name="NonPawnMoveTestCheckAndMateForConstantCaptureAsFalse(&quot;Rc2-d3+&quot;,ChessWithTDD.Move,True,False,ChessWithTDD.Rook)" fullname="ChessWithTDD.Tests.AlgebraicNotationGeneratorTests.NonPawnMoveTestCheckAndMateForConstantCaptureAsFalse(&quot;Rc2-d3+&quot;,ChessWithTDD.Move,True,False,ChessWithTDD.Rook)" methodname="NonPawnMoveTestCheckAndMateForConstantCaptureAsFalse" classname="ChessWithTDD.Tests.AlgebraicNotationGeneratorTests" runstate="Runnable" seed="1288140386" result="Passed" start-time="2017-07-31 22:42:33Z" end-time="2017-07-31 22:42:33Z" duration="0.000202" asserts="1" />
            <test-case id="0-1327" name="NonPawnMoveTestCheckAndMateForConstantCaptureAsFalse(&quot;Nd2-e3+&quot;,ChessWithTDD.Move,True,False,ChessWithTDD.Knight)" fullname="ChessWithTDD.Tests.AlgebraicNotationGeneratorTests.NonPawnMoveTestCheckAndMateForConstantCaptureAsFalse(&quot;Nd2-e3+&quot;,ChessWithTDD.Move,True,False,ChessWithTDD.Knight)" methodname="NonPawnMoveTestCheckAndMateForConstantCaptureAsFalse" classname="ChessWithTDD.Tests.AlgebraicNotationGeneratorTests" runstate="Runnable" seed="258952098" result="Passed" start-time="2017-07-31 22:42:33Z" end-time="2017-07-31 22:42:33Z" duration="0.000198" asserts="1" />
            <test-case id="0-1328" name="NonPawnMoveTestCheckAndMateForConstantCaptureAsFalse(&quot;Be2-f3#&quot;,ChessWithTDD.Move,True,True,ChessWithTDD.Bishop)" fullname="ChessWithTDD.Tests.AlgebraicNotationGeneratorTests.NonPawnMoveTestCheckAndMateForConstantCaptureAsFalse(&quot;Be2-f3#&quot;,ChessWithTDD.Move,True,True,ChessWithTDD.Bishop)" methodname="NonPawnMoveTestCheckAndMateForConstantCaptureAsFalse" classname="ChessWithTDD.Tests.AlgebraicNotationGeneratorTests" runstate="Runnable" seed="1473525359" result="Passed" start-time="2017-07-31 22:42:33Z" end-time="2017-07-31 22:42:33Z" duration="0.000203" asserts="1" />
            <test-case id="0-1329" name="NonPawnMoveTestCheckAndMateForConstantCaptureAsFalse(&quot;Kf2-g3#&quot;,ChessWithTDD.Move,True,True,ChessWithTDD.King)" fullname="ChessWithTDD.Tests.AlgebraicNotationGeneratorTests.NonPawnMoveTestCheckAndMateForConstantCaptureAsFalse(&quot;Kf2-g3#&quot;,ChessWithTDD.Move,True,True,ChessWithTDD.King)" methodname="NonPawnMoveTestCheckAndMateForConstantCaptureAsFalse" classname="ChessWithTDD.Tests.AlgebraicNotationGeneratorTests" runstate="Runnable" seed="545916806" result="Passed" start-time="2017-07-31 22:42:33Z" end-time="2017-07-31 22:42:33Z" duration="0.000200" asserts="1" />
          </test-suite>
          <test-suite type="ParameterizedMethod" id="0-1333" name="NonPawnMoveTestInvalidCheckAndMate" fullname="ChessWithTDD.Tests.AlgebraicNotationGeneratorTests.NonPawnMoveTestInvalidCheckAndMate" classname="ChessWithTDD.Tests.AlgebraicNotationGeneratorTests" runstate="Runnable" testcasecount="2" result="Passed" start-time="2017-07-31 22:42:33Z" end-time="2017-07-31 22:42:33Z" duration="0.006530" total="2" passed="2" failed="0" warnings="0" inconclusive="0" skipped="0" asserts="2">
            <test-case id="0-1331" name="NonPawnMoveTestInvalidCheckAndMate(&quot;&quot;,ChessWithTDD.Move,False,True,ChessWithTDD.Queen)" fullname="ChessWithTDD.Tests.AlgebraicNotationGeneratorTests.NonPawnMoveTestInvalidCheckAndMate(&quot;&quot;,ChessWithTDD.Move,False,True,ChessWithTDD.Queen)" methodname="NonPawnMoveTestInvalidCheckAndMate" classname="ChessWithTDD.Tests.AlgebraicNotationGeneratorTests" runstate="Runnable" seed="1162065086" result="Passed" start-time="2017-07-31 22:42:33Z" end-time="2017-07-31 22:42:33Z" duration="0.000657" asserts="1" />
            <test-case id="0-1332" name="NonPawnMoveTestInvalidCheckAndMate(&quot;&quot;,ChessWithTDD.Move,False,True,ChessWithTDD.Queen)" fullname="ChessWithTDD.Tests.AlgebraicNotationGeneratorTests.NonPawnMoveTestInvalidCheckAndMate(&quot;&quot;,ChessWithTDD.Move,False,True,ChessWithTDD.Queen)" methodname="NonPawnMoveTestInvalidCheckAndMate" classname="ChessWithTDD.Tests.AlgebraicNotationGeneratorTests" runstate="Runnable" seed="665721552" result="Passed" start-time="2017-07-31 22:42:33Z" end-time="2017-07-31 22:42:33Z" duration="0.000177" asserts="1" />
          </test-suite>
          <test-suite type="ParameterizedMethod" id="0-1323" name="NonPawnMoveTestInvalidMove" fullname="ChessWithTDD.Tests.AlgebraicNotationGeneratorTests.NonPawnMoveTestInvalidMove" classname="ChessWithTDD.Tests.AlgebraicNotationGeneratorTests" runstate="Runnable" testcasecount="8" result="Passed" start-time="2017-07-31 22:42:33Z" end-time="2017-07-31 22:42:33Z" duration="0.025521" total="8" passed="8" failed="0" warnings="0" inconclusive="0" skipped="0" asserts="8">
            <test-case id="0-1315" name="NonPawnMoveTestInvalidMove(&quot;&quot;,ChessWithTDD.Move,False,ChessWithTDD.King)" fullname="ChessWithTDD.Tests.AlgebraicNotationGeneratorTests.NonPawnMoveTestInvalidMove(&quot;&quot;,ChessWithTDD.Move,False,ChessWithTDD.King)" methodname="NonPawnMoveTestInvalidMove" classname="ChessWithTDD.Tests.AlgebraicNotationGeneratorTests" runstate="Runnable" seed="720427462" result="Passed" start-time="2017-07-31 22:42:33Z" end-time="2017-07-31 22:42:33Z" duration="0.000344" asserts="1" />
            <test-case id="0-1316" name="NonPawnMoveTestInvalidMove(&quot;&quot;,ChessWithTDD.Move,True,ChessWithTDD.King)" fullname="ChessWithTDD.Tests.AlgebraicNotationGeneratorTests.NonPawnMoveTestInvalidMove(&quot;&quot;,ChessWithTDD.Move,True,ChessWithTDD.King)" methodname="NonPawnMoveTestInvalidMove" classname="ChessWithTDD.Tests.AlgebraicNotationGeneratorTests" runstate="Runnable" seed="1079367658" result="Passed" start-time="2017-07-31 22:42:33Z" end-time="2017-07-31 22:42:33Z" duration="0.000095" asserts="1" />
            <test-case id="0-1317" name="NonPawnMoveTestInvalidMove(&quot;&quot;,ChessWithTDD.Move,False,ChessWithTDD.King)" fullname="ChessWithTDD.Tests.AlgebraicNotationGeneratorTests.NonPawnMoveTestInvalidMove(&quot;&quot;,ChessWithTDD.Move,False,ChessWithTDD.King)" methodname="NonPawnMoveTestInvalidMove" classname="ChessWithTDD.Tests.AlgebraicNotationGeneratorTests" runstate="Runnable" seed="422323677" result="Passed" start-time="2017-07-31 22:42:33Z" end-time="2017-07-31 22:42:33Z" duration="0.000096" asserts="1" />
            <test-case id="0-1318" name="NonPawnMoveTestInvalidMove(&quot;&quot;,ChessWithTDD.Move,True,ChessWithTDD.King)" fullname="ChessWithTDD.Tests.AlgebraicNotationGeneratorTests.NonPawnMoveTestInvalidMove(&quot;&quot;,ChessWithTDD.Move,True,ChessWithTDD.King)" methodname="NonPawnMoveTestInvalidMove" classname="ChessWithTDD.Tests.AlgebraicNotationGeneratorTests" runstate="Runnable" seed="1640564196" result="Passed" start-time="2017-07-31 22:42:33Z" end-time="2017-07-31 22:42:33Z" duration="0.000081" asserts="1" />
            <test-case id="0-1319" name="NonPawnMoveTestInvalidMove(&quot;&quot;,ChessWithTDD.Move,False,ChessWithTDD.King)" fullname="ChessWithTDD.Tests.AlgebraicNotationGeneratorTests.NonPawnMoveTestInvalidMove(&quot;&quot;,ChessWithTDD.Move,False,ChessWithTDD.King)" methodname="NonPawnMoveTestInvalidMove" classname="ChessWithTDD.Tests.AlgebraicNotationGeneratorTests" runstate="Runnable" seed="1430148369" result="Passed" start-time="2017-07-31 22:42:33Z" end-time="2017-07-31 22:42:33Z" duration="0.000082" asserts="1" />
            <test-case id="0-1320" name="NonPawnMoveTestInvalidMove(&quot;&quot;,ChessWithTDD.Move,True,ChessWithTDD.King)" fullname="ChessWithTDD.Tests.AlgebraicNotationGeneratorTests.NonPawnMoveTestInvalidMove(&quot;&quot;,ChessWithTDD.Move,True,ChessWithTDD.King)" methodname="NonPawnMoveTestInvalidMove" classname="ChessWithTDD.Tests.AlgebraicNotationGeneratorTests" runstate="Runnable" seed="1769676759" result="Passed" start-time="2017-07-31 22:42:33Z" end-time="2017-07-31 22:42:33Z" duration="0.000084" asserts="1" />
            <test-case id="0-1321" name="NonPawnMoveTestInvalidMove(&quot;&quot;,ChessWithTDD.Move,False,ChessWithTDD.King)" fullname="ChessWithTDD.Tests.AlgebraicNotationGeneratorTests.NonPawnMoveTestInvalidMove(&quot;&quot;,ChessWithTDD.Move,False,ChessWithTDD.King)" methodname="NonPawnMoveTestInvalidMove" classname="ChessWithTDD.Tests.AlgebraicNotationGeneratorTests" runstate="Runnable" seed="425641302" result="Passed" start-time="2017-07-31 22:42:33Z" end-time="2017-07-31 22:42:33Z" duration="0.000082" asserts="1" />
            <test-case id="0-1322" name="NonPawnMoveTestInvalidMove(&quot;&quot;,ChessWithTDD.Move,True,ChessWithTDD.King)" fullname="ChessWithTDD.Tests.AlgebraicNotationGeneratorTests.NonPawnMoveTestInvalidMove(&quot;&quot;,ChessWithTDD.Move,True,ChessWithTDD.King)" methodname="NonPawnMoveTestInvalidMove" classname="ChessWithTDD.Tests.AlgebraicNotationGeneratorTests" runstate="Runnable" seed="1647086620" result="Passed" start-time="2017-07-31 22:42:33Z" end-time="2017-07-31 22:42:33Z" duration="0.000088" asserts="1" />
          </test-suite>
          <test-suite type="ParameterizedMethod" id="0-1254" name="PawnMoveTestCaptureAndSquaresForConstantCheckAndMateAsFalse" fullname="ChessWithTDD.Tests.AlgebraicNotationGeneratorTests.PawnMoveTestCaptureAndSquaresForConstantCheckAndMateAsFalse" classname="ChessWithTDD.Tests.AlgebraicNotationGeneratorTests" runstate="Runnable" testcasecount="40" result="Passed" start-time="2017-07-31 22:42:33Z" end-time="2017-07-31 22:42:34Z" duration="0.130304" total="40" passed="40" failed="0" warnings="0" inconclusive="0" skipped="0" asserts="40">
            <test-case id="0-1214" name="PawnMoveTestCaptureAndSquaresForConstantCheckAndMateAsFalse(&quot;a2-a4&quot;,ChessWithTDD.Move,False)" fullname="ChessWithTDD.Tests.AlgebraicNotationGeneratorTests.PawnMoveTestCaptureAndSquaresForConstantCheckAndMateAsFalse(&quot;a2-a4&quot;,ChessWithTDD.Move,False)" methodname="PawnMoveTestCaptureAndSquaresForConstantCheckAndMateAsFalse" classname="ChessWithTDD.Tests.AlgebraicNotationGeneratorTests" runstate="Runnable" seed="519740378" result="Passed" start-time="2017-07-31 22:42:33Z" end-time="2017-07-31 22:42:33Z" duration="0.000972" asserts="1" />
            <test-case id="0-1215" name="PawnMoveTestCaptureAndSquaresForConstantCheckAndMateAsFalse(&quot;b2-b4&quot;,ChessWithTDD.Move,False)" fullname="ChessWithTDD.Tests.AlgebraicNotationGeneratorTests.PawnMoveTestCaptureAndSquaresForConstantCheckAndMateAsFalse(&quot;b2-b4&quot;,ChessWithTDD.Move,False)" methodname="PawnMoveTestCaptureAndSquaresForConstantCheckAndMateAsFalse" classname="ChessWithTDD.Tests.AlgebraicNotationGeneratorTests" runstate="Runnable" seed="479720931" result="Passed" start-time="2017-07-31 22:42:33Z" end-time="2017-07-31 22:42:33Z" duration="0.000089" asserts="1" />
            <test-case id="0-1216" name="PawnMoveTestCaptureAndSquaresForConstantCheckAndMateAsFalse(&quot;c2-c4&quot;,ChessWithTDD.Move,False)" fullname="ChessWithTDD.Tests.AlgebraicNotationGeneratorTests.PawnMoveTestCaptureAndSquaresForConstantCheckAndMateAsFalse(&quot;c2-c4&quot;,ChessWithTDD.Move,False)" methodname="PawnMoveTestCaptureAndSquaresForConstantCheckAndMateAsFalse" classname="ChessWithTDD.Tests.AlgebraicNotationGeneratorTests" runstate="Runnable" seed="6091535" result="Passed" start-time="2017-07-31 22:42:33Z" end-time="2017-07-31 22:42:33Z" duration="0.000081" asserts="1" />
            <test-case id="0-1217" name="PawnMoveTestCaptureAndSquaresForConstantCheckAndMateAsFalse(&quot;d2-d4&quot;,ChessWithTDD.Move,False)" fullname="ChessWithTDD.Tests.AlgebraicNotationGeneratorTests.PawnMoveTestCaptureAndSquaresForConstantCheckAndMateAsFalse(&quot;d2-d4&quot;,ChessWithTDD.Move,False)" methodname="PawnMoveTestCaptureAndSquaresForConstantCheckAndMateAsFalse" classname="ChessWithTDD.Tests.AlgebraicNotationGeneratorTests" runstate="Runnable" seed="1982974010" result="Passed" start-time="2017-07-31 22:42:33Z" end-time="2017-07-31 22:42:33Z" duration="0.000184" asserts="1" />
            <test-case id="0-1218" name="PawnMoveTestCaptureAndSquaresForConstantCheckAndMateAsFalse(&quot;e2-e4&quot;,ChessWithTDD.Move,False)" fullname="ChessWithTDD.Tests.AlgebraicNotationGeneratorTests.PawnMoveTestCaptureAndSquaresForConstantCheckAndMateAsFalse(&quot;e2-e4&quot;,ChessWithTDD.Move,False)" methodname="PawnMoveTestCaptureAndSquaresForConstantCheckAndMateAsFalse" classname="ChessWithTDD.Tests.AlgebraicNotationGeneratorTests" runstate="Runnable" seed="1239844967" result="Passed" start-time="2017-07-31 22:42:33Z" end-time="2017-07-31 22:42:33Z" duration="0.000133" asserts="1" />
            <test-case id="0-1219" name="PawnMoveTestCaptureAndSquaresForConstantCheckAndMateAsFalse(&quot;f2-f4&quot;,ChessWithTDD.Move,False)" fullname="ChessWithTDD.Tests.AlgebraicNotationGeneratorTests.PawnMoveTestCaptureAndSquaresForConstantCheckAndMateAsFalse(&quot;f2-f4&quot;,ChessWithTDD.Move,False)" methodname="PawnMoveTestCaptureAndSquaresForConstantCheckAndMateAsFalse" classname="ChessWithTDD.Tests.AlgebraicNotationGeneratorTests" runstate="Runnable" seed="977025388" result="Passed" start-time="2017-07-31 22:42:33Z" end-time="2017-07-31 22:42:33Z" duration="0.000116" asserts="1" />
            <test-case id="0-1220" name="PawnMoveTestCaptureAndSquaresForConstantCheckAndMateAsFalse(&quot;g2-g4&quot;,ChessWithTDD.Move,False)" fullname="ChessWithTDD.Tests.AlgebraicNotationGeneratorTests.PawnMoveTestCaptureAndSquaresForConstantCheckAndMateAsFalse(&quot;g2-g4&quot;,ChessWithTDD.Move,False)" methodname="PawnMoveTestCaptureAndSquaresForConstantCheckAndMateAsFalse" classname="ChessWithTDD.Tests.AlgebraicNotationGeneratorTests" runstate="Runnable" seed="970476763" result="Passed" start-time="2017-07-31 22:42:33Z" end-time="2017-07-31 22:42:33Z" duration="0.000096" asserts="1" />
            <test-case id="0-1221" name="PawnMoveTestCaptureAndSquaresForConstantCheckAndMateAsFalse(&quot;h2-h4&quot;,ChessWithTDD.Move,False)" fullname="ChessWithTDD.Tests.AlgebraicNotationGeneratorTests.PawnMoveTestCaptureAndSquaresForConstantCheckAndMateAsFalse(&quot;h2-h4&quot;,ChessWithTDD.Move,False)" methodname="PawnMoveTestCaptureAndSquaresForConstantCheckAndMateAsFalse" classname="ChessWithTDD.Tests.AlgebraicNotationGeneratorTests" runstate="Runnable" seed="1837731557" result="Passed" start-time="2017-07-31 22:42:33Z" end-time="2017-07-31 22:42:33Z" duration="0.000087" asserts="1" />
            <test-case id="0-1222" name="PawnMoveTestCaptureAndSquaresForConstantCheckAndMateAsFalse(&quot;a7-a5&quot;,ChessWithTDD.Move,False)" fullname="ChessWithTDD.Tests.AlgebraicNotationGeneratorTests.PawnMoveTestCaptureAndSquaresForConstantCheckAndMateAsFalse(&quot;a7-a5&quot;,ChessWithTDD.Move,False)" methodname="PawnMoveTestCaptureAndSquaresForConstantCheckAndMateAsFalse" classname="ChessWithTDD.Tests.AlgebraicNotationGeneratorTests" runstate="Runnable" seed="771303210" result="Passed" start-time="2017-07-31 22:42:33Z" end-time="2017-07-31 22:42:33Z" duration="0.000087" asserts="1" />
            <test-case id="0-1223" name="PawnMoveTestCaptureAndSquaresForConstantCheckAndMateAsFalse(&quot;b7-b5&quot;,ChessWithTDD.Move,False)" fullname="ChessWithTDD.Tests.AlgebraicNotationGeneratorTests.PawnMoveTestCaptureAndSquaresForConstantCheckAndMateAsFalse(&quot;b7-b5&quot;,ChessWithTDD.Move,False)" methodname="PawnMoveTestCaptureAndSquaresForConstantCheckAndMateAsFalse" classname="ChessWithTDD.Tests.AlgebraicNotationGeneratorTests" runstate="Runnable" seed="67449275" result="Passed" start-time="2017-07-31 22:42:33Z" end-time="2017-07-31 22:42:33Z" duration="0.000083" asserts="1" />
            <test-case id="0-1224" name="PawnMoveTestCaptureAndSquaresForConstantCheckAndMateAsFalse(&quot;c7-c5&quot;,ChessWithTDD.Move,False)" fullname="ChessWithTDD.Tests.AlgebraicNotationGeneratorTests.PawnMoveTestCaptureAndSquaresForConstantCheckAndMateAsFalse(&quot;c7-c5&quot;,ChessWithTDD.Move,False)" methodname="PawnMoveTestCaptureAndSquaresForConstantCheckAndMateAsFalse" classname="ChessWithTDD.Tests.AlgebraicNotationGeneratorTests" runstate="Runnable" seed="281241774" result="Passed" start-time="2017-07-31 22:42:33Z" end-time="2017-07-31 22:42:33Z" duration="0.000112" asserts="1" />
            <test-case id="0-1225" name="PawnMoveTestCaptureAndSquaresForConstantCheckAndMateAsFalse(&quot;d7-d5&quot;,ChessWithTDD.Move,False)" fullname="ChessWithTDD.Tests.AlgebraicNotationGeneratorTests.PawnMoveTestCaptureAndSquaresForConstantCheckAndMateAsFalse(&quot;d7-d5&quot;,ChessWithTDD.Move,False)" methodname="PawnMoveTestCaptureAndSquaresForConstantCheckAndMateAsFalse" classname="ChessWithTDD.Tests.AlgebraicNotationGeneratorTests" runstate="Runnable" seed="1358337142" result="Passed" start-time="2017-07-31 22:42:34Z" end-time="2017-07-31 22:42:34Z" duration="0.000156" asserts="1" />
            <test-case id="0-1226" name="PawnMoveTestCaptureAndSquaresForConstantCheckAndMateAsFalse(&quot;e7-e5&quot;,ChessWithTDD.Move,False)" fullname="ChessWithTDD.Tests.AlgebraicNotationGeneratorTests.PawnMoveTestCaptureAndSquaresForConstantCheckAndMateAsFalse(&quot;e7-e5&quot;,ChessWithTDD.Move,False)" methodname="PawnMoveTestCaptureAndSquaresForConstantCheckAndMateAsFalse" classname="ChessWithTDD.Tests.AlgebraicNotationGeneratorTests" runstate="Runnable" seed="1744250263" result="Passed" start-time="2017-07-31 22:42:34Z" end-time="2017-07-31 22:42:34Z" duration="0.000084" asserts="1" />
            <test-case id="0-1227" name="PawnMoveTestCaptureAndSquaresForConstantCheckAndMateAsFalse(&quot;f7-f5&quot;,ChessWithTDD.Move,False)" fullname="ChessWithTDD.Tests.AlgebraicNotationGeneratorTests.PawnMoveTestCaptureAndSquaresForConstantCheckAndMateAsFalse(&quot;f7-f5&quot;,ChessWithTDD.Move,False)" methodname="PawnMoveTestCaptureAndSquaresForConstantCheckAndMateAsFalse" classname="ChessWithTDD.Tests.AlgebraicNotationGeneratorTests" runstate="Runnable" seed="268831351" result="Passed" start-time="2017-07-31 22:42:34Z" end-time="2017-07-31 22:42:34Z" duration="0.000084" asserts="1" />
            <test-case id="0-1228" name="PawnMoveTestCaptureAndSquaresForConstantCheckAndMateAsFalse(&quot;g7-g5&quot;,ChessWithTDD.Move,False)" fullname="ChessWithTDD.Tests.AlgebraicNotationGeneratorTests.PawnMoveTestCaptureAndSquaresForConstantCheckAndMateAsFalse(&quot;g7-g5&quot;,ChessWithTDD.Move,False)" methodname="PawnMoveTestCaptureAndSquaresForConstantCheckAndMateAsFalse" classname="ChessWithTDD.Tests.AlgebraicNotationGeneratorTests" runstate="Runnable" seed="420744210" result="Passed" start-time="2017-07-31 22:42:34Z" end-time="2017-07-31 22:42:34Z" duration="0.000162" asserts="1" />
            <test-case id="0-1229" name="PawnMoveTestCaptureAndSquaresForConstantCheckAndMateAsFalse(&quot;h7-h5&quot;,ChessWithTDD.Move,False)" fullname="ChessWithTDD.Tests.AlgebraicNotationGeneratorTests.PawnMoveTestCaptureAndSquaresForConstantCheckAndMateAsFalse(&quot;h7-h5&quot;,ChessWithTDD.Move,False)" methodname="PawnMoveTestCaptureAndSquaresForConstantCheckAndMateAsFalse" classname="ChessWithTDD.Tests.AlgebraicNotationGeneratorTests" runstate="Runnable" seed="1169735534" result="Passed" start-time="2017-07-31 22:42:34Z" end-time="2017-07-31 22:42:34Z" duration="0.000085" asserts="1" />
            <test-case id="0-1230" name="PawnMoveTestCaptureAndSquaresForConstantCheckAndMateAsFalse(&quot;a2-a3&quot;,ChessWithTDD.Move,False)" fullname="ChessWithTDD.Tests.AlgebraicNotationGeneratorTests.PawnMoveTestCaptureAndSquaresForConstantCheckAndMateAsFalse(&quot;a2-a3&quot;,ChessWithTDD.Move,False)" methodname="PawnMoveTestCaptureAndSquaresForConstantCheckAndMateAsFalse" classname="ChessWithTDD.Tests.AlgebraicNotationGeneratorTests" runstate="Runnable" seed="359897278" result="Passed" start-time="2017-07-31 22:42:34Z" end-time="2017-07-31 22:42:34Z" duration="0.000108" asserts="1" />
            <test-case id="0-1231" name="PawnMoveTestCaptureAndSquaresForConstantCheckAndMateAsFalse(&quot;b2-b3&quot;,ChessWithTDD.Move,False)" fullname="ChessWithTDD.Tests.AlgebraicNotationGeneratorTests.PawnMoveTestCaptureAndSquaresForConstantCheckAndMateAsFalse(&quot;b2-b3&quot;,ChessWithTDD.Move,False)" methodname="PawnMoveTestCaptureAndSquaresForConstantCheckAndMateAsFalse" classname="ChessWithTDD.Tests.AlgebraicNotationGeneratorTests" runstate="Runnable" seed="2126298542" result="Passed" start-time="2017-07-31 22:42:34Z" end-time="2017-07-31 22:42:34Z" duration="0.000082" asserts="1" />
            <test-case id="0-1232" name="PawnMoveTestCaptureAndSquaresForConstantCheckAndMateAsFalse(&quot;c2-c3&quot;,ChessWithTDD.Move,False)" fullname="ChessWithTDD.Tests.AlgebraicNotationGeneratorTests.PawnMoveTestCaptureAndSquaresForConstantCheckAndMateAsFalse(&quot;c2-c3&quot;,ChessWithTDD.Move,False)" methodname="PawnMoveTestCaptureAndSquaresForConstantCheckAndMateAsFalse" classname="ChessWithTDD.Tests.AlgebraicNotationGeneratorTests" runstate="Runnable" seed="1022793634" result="Passed" start-time="2017-07-31 22:42:34Z" end-time="2017-07-31 22:42:34Z" duration="0.000201" asserts="1" />
            <test-case id="0-1233" name="PawnMoveTestCaptureAndSquaresForConstantCheckAndMateAsFalse(&quot;d2-d3&quot;,ChessWithTDD.Move,False)" fullname="ChessWithTDD.Tests.AlgebraicNotationGeneratorTests.PawnMoveTestCaptureAndSquaresForConstantCheckAndMateAsFalse(&quot;d2-d3&quot;,ChessWithTDD.Move,False)" methodname="PawnMoveTestCaptureAndSquaresForConstantCheckAndMateAsFalse" classname="ChessWithTDD.Tests.AlgebraicNotationGeneratorTests" runstate="Runnable" seed="2088893027" result="Passed" start-time="2017-07-31 22:42:34Z" end-time="2017-07-31 22:42:34Z" duration="0.000198" asserts="1" />
            <test-case id="0-1234" name="PawnMoveTestCaptureAndSquaresForConstantCheckAndMateAsFalse(&quot;e2-e3&quot;,ChessWithTDD.Move,False)" fullname="ChessWithTDD.Tests.AlgebraicNotationGeneratorTests.PawnMoveTestCaptureAndSquaresForConstantCheckAndMateAsFalse(&quot;e2-e3&quot;,ChessWithTDD.Move,False)" methodname="PawnMoveTestCaptureAndSquaresForConstantCheckAndMateAsFalse" classname="ChessWithTDD.Tests.AlgebraicNotationGeneratorTests" runstate="Runnable" seed="1979252695" result="Passed" start-time="2017-07-31 22:42:34Z" end-time="2017-07-31 22:42:34Z" duration="0.000200" asserts="1" />
            <test-case id="0-1235" name="PawnMoveTestCaptureAndSquaresForConstantCheckAndMateAsFalse(&quot;f2-f3&quot;,ChessWithTDD.Move,False)" fullname="ChessWithTDD.Tests.AlgebraicNotationGeneratorTests.PawnMoveTestCaptureAndSquaresForConstantCheckAndMateAsFalse(&quot;f2-f3&quot;,ChessWithTDD.Move,False)" methodname="PawnMoveTestCaptureAndSquaresForConstantCheckAndMateAsFalse" classname="ChessWithTDD.Tests.AlgebraicNotationGeneratorTests" runstate="Runnable" seed="1973460761" result="Passed" start-time="2017-07-31 22:42:34Z" end-time="2017-07-31 22:42:34Z" duration="0.000210" asserts="1" />
            <test-case id="0-1236" name="PawnMoveTestCaptureAndSquaresForConstantCheckAndMateAsFalse(&quot;g2-g3&quot;,ChessWithTDD.Move,False)" fullname="ChessWithTDD.Tests.AlgebraicNotationGeneratorTests.PawnMoveTestCaptureAndSquaresForConstantCheckAndMateAsFalse(&quot;g2-g3&quot;,ChessWithTDD.Move,False)" methodname="PawnMoveTestCaptureAndSquaresForConstantCheckAndMateAsFalse" classname="ChessWithTDD.Tests.AlgebraicNotationGeneratorTests" runstate="Runnable" seed="173833643" result="Passed" start-time="2017-07-31 22:42:34Z" end-time="2017-07-31 22:42:34Z" duration="0.000217" asserts="1" />
            <test-case id="0-1237" name="PawnMoveTestCaptureAndSquaresForConstantCheckAndMateAsFalse(&quot;h2-h3&quot;,ChessWithTDD.Move,False)" fullname="ChessWithTDD.Tests.AlgebraicNotationGeneratorTests.PawnMoveTestCaptureAndSquaresForConstantCheckAndMateAsFalse(&quot;h2-h3&quot;,ChessWithTDD.Move,False)" methodname="PawnMoveTestCaptureAndSquaresForConstantCheckAndMateAsFalse" classname="ChessWithTDD.Tests.AlgebraicNotationGeneratorTests" runstate="Runnable" seed="542555495" result="Passed" start-time="2017-07-31 22:42:34Z" end-time="2017-07-31 22:42:34Z" duration="0.000206" asserts="1" />
            <test-case id="0-1238" name="PawnMoveTestCaptureAndSquaresForConstantCheckAndMateAsFalse(&quot;a7-a6&quot;,ChessWithTDD.Move,False)" fullname="ChessWithTDD.Tests.AlgebraicNotationGeneratorTests.PawnMoveTestCaptureAndSquaresForConstantCheckAndMateAsFalse(&quot;a7-a6&quot;,ChessWithTDD.Move,False)" methodname="PawnMoveTestCaptureAndSquaresForConstantCheckAndMateAsFalse" classname="ChessWithTDD.Tests.AlgebraicNotationGeneratorTests" runstate="Runnable" seed="1567391273" result="Passed" start-time="2017-07-31 22:42:34Z" end-time="2017-07-31 22:42:34Z" duration="0.000193" asserts="1" />
            <test-case id="0-1239" name="PawnMoveTestCaptureAndSquaresForConstantCheckAndMateAsFalse(&quot;b7-b6&quot;,ChessWithTDD.Move,False)" fullname="ChessWithTDD.Tests.AlgebraicNotationGeneratorTests.PawnMoveTestCaptureAndSquaresForConstantCheckAndMateAsFalse(&quot;b7-b6&quot;,ChessWithTDD.Move,False)" methodname="PawnMoveTestCaptureAndSquaresForConstantCheckAndMateAsFalse" classname="ChessWithTDD.Tests.AlgebraicNotationGeneratorTests" runstate="Runnable" seed="90573936" result="Passed" start-time="2017-07-31 22:42:34Z" end-time="2017-07-31 22:42:34Z" duration="0.000200" asserts="1" />
            <test-case id="0-1240" name="PawnMoveTestCaptureAndSquaresForConstantCheckAndMateAsFalse(&quot;c7-c6&quot;,ChessWithTDD.Move,False)" fullname="ChessWithTDD.Tests.AlgebraicNotationGeneratorTests.PawnMoveTestCaptureAndSquaresForConstantCheckAndMateAsFalse(&quot;c7-c6&quot;,ChessWithTDD.Move,False)" methodname="PawnMoveTestCaptureAndSquaresForConstantCheckAndMateAsFalse" classname="ChessWithTDD.Tests.AlgebraicNotationGeneratorTests" runstate="Runnable" seed="1710328751" result="Passed" start-time="2017-07-31 22:42:34Z" end-time="2017-07-31 22:42:34Z" duration="0.000195" asserts="1" />
            <test-case id="0-1241" name="PawnMoveTestCaptureAndSquaresForConstantCheckAndMateAsFalse(&quot;d7-d6&quot;,ChessWithTDD.Move,False)" fullname="ChessWithTDD.Tests.AlgebraicNotationGeneratorTests.PawnMoveTestCaptureAndSquaresForConstantCheckAndMateAsFalse(&quot;d7-d6&quot;,ChessWithTDD.Move,False)" methodname="PawnMoveTestCaptureAndSquaresForConstantCheckAndMateAsFalse" classname="ChessWithTDD.Tests.AlgebraicNotationGeneratorTests" runstate="Runnable" seed="259494266" result="Passed" start-time="2017-07-31 22:42:34Z" end-time="2017-07-31 22:42:34Z" duration="0.000196" asserts="1" />
            <test-case id="0-1242" name="PawnMoveTestCaptureAndSquaresForConstantCheckAndMateAsFalse(&quot;e7-e6&quot;,ChessWithTDD.Move,False)" fullname="ChessWithTDD.Tests.AlgebraicNotationGeneratorTests.PawnMoveTestCaptureAndSquaresForConstantCheckAndMateAsFalse(&quot;e7-e6&quot;,ChessWithTDD.Move,False)" methodname="PawnMoveTestCaptureAndSquaresForConstantCheckAndMateAsFalse" classname="ChessWithTDD.Tests.AlgebraicNotationGeneratorTests" runstate="Runnable" seed="338965189" result="Passed" start-time="2017-07-31 22:42:34Z" end-time="2017-07-31 22:42:34Z" duration="0.000200" asserts="1" />
            <test-case id="0-1243" name="PawnMoveTestCaptureAndSquaresForConstantCheckAndMateAsFalse(&quot;f7-f6&quot;,ChessWithTDD.Move,False)" fullname="ChessWithTDD.Tests.AlgebraicNotationGeneratorTests.PawnMoveTestCaptureAndSquaresForConstantCheckAndMateAsFalse(&quot;f7-f6&quot;,ChessWithTDD.Move,False)" methodname="PawnMoveTestCaptureAndSquaresForConstantCheckAndMateAsFalse" classname="ChessWithTDD.Tests.AlgebraicNotationGeneratorTests" runstate="Runnable" seed="1679805078" result="Passed" start-time="2017-07-31 22:42:34Z" end-time="2017-07-31 22:42:34Z" duration="0.000214" asserts="1" />
            <test-case id="0-1244" name="PawnMoveTestCaptureAndSquaresForConstantCheckAndMateAsFalse(&quot;g7-g6&quot;,ChessWithTDD.Move,False)" fullname="ChessWithTDD.Tests.AlgebraicNotationGeneratorTests.PawnMoveTestCaptureAndSquaresForConstantCheckAndMateAsFalse(&quot;g7-g6&quot;,ChessWithTDD.Move,False)" methodname="PawnMoveTestCaptureAndSquaresForConstantCheckAndMateAsFalse" classname="ChessWithTDD.Tests.AlgebraicNotationGeneratorTests" runstate="Runnable" seed="757344990" result="Passed" start-time="2017-07-31 22:42:34Z" end-time="2017-07-31 22:42:34Z" duration="0.000203" asserts="1" />
            <test-case id="0-1245" name="PawnMoveTestCaptureAndSquaresForConstantCheckAndMateAsFalse(&quot;h7-h6&quot;,ChessWithTDD.Move,False)" fullname="ChessWithTDD.Tests.AlgebraicNotationGeneratorTests.PawnMoveTestCaptureAndSquaresForConstantCheckAndMateAsFalse(&quot;h7-h6&quot;,ChessWithTDD.Move,False)" methodname="PawnMoveTestCaptureAndSquaresForConstantCheckAndMateAsFalse" classname="ChessWithTDD.Tests.AlgebraicNotationGeneratorTests" runstate="Runnable" seed="332137678" result="Passed" start-time="2017-07-31 22:42:34Z" end-time="2017-07-31 22:42:34Z" duration="0.000201" asserts="1" />
            <test-case id="0-1246" name="PawnMoveTestCaptureAndSquaresForConstantCheckAndMateAsFalse(&quot;a2xb3&quot;,ChessWithTDD.Move,True)" fullname="ChessWithTDD.Tests.AlgebraicNotationGeneratorTests.PawnMoveTestCaptureAndSquaresForConstantCheckAndMateAsFalse(&quot;a2xb3&quot;,ChessWithTDD.Move,True)" methodname="PawnMoveTestCaptureAndSquaresForConstantCheckAndMateAsFalse" classname="ChessWithTDD.Tests.AlgebraicNotationGeneratorTests" runstate="Runnable" seed="1115323245" result="Passed" start-time="2017-07-31 22:42:34Z" end-time="2017-07-31 22:42:34Z" duration="0.000193" asserts="1" />
            <test-case id="0-1247" name="PawnMoveTestCaptureAndSquaresForConstantCheckAndMateAsFalse(&quot;b2xc3&quot;,ChessWithTDD.Move,True)" fullname="ChessWithTDD.Tests.AlgebraicNotationGeneratorTests.PawnMoveTestCaptureAndSquaresForConstantCheckAndMateAsFalse(&quot;b2xc3&quot;,ChessWithTDD.Move,True)" methodname="PawnMoveTestCaptureAndSquaresForConstantCheckAndMateAsFalse" classname="ChessWithTDD.Tests.AlgebraicNotationGeneratorTests" runstate="Runnable" seed="941213690" result="Passed" start-time="2017-07-31 22:42:34Z" end-time="2017-07-31 22:42:34Z" duration="0.000193" asserts="1" />
            <test-case id="0-1248" name="PawnMoveTestCaptureAndSquaresForConstantCheckAndMateAsFalse(&quot;c2xd3&quot;,ChessWithTDD.Move,True)" fullname="ChessWithTDD.Tests.AlgebraicNotationGeneratorTests.PawnMoveTestCaptureAndSquaresForConstantCheckAndMateAsFalse(&quot;c2xd3&quot;,ChessWithTDD.Move,True)" methodname="PawnMoveTestCaptureAndSquaresForConstantCheckAndMateAsFalse" classname="ChessWithTDD.Tests.AlgebraicNotationGeneratorTests" runstate="Runnable" seed="1754510278" result="Passed" start-time="2017-07-31 22:42:34Z" end-time="2017-07-31 22:42:34Z" duration="0.000199" asserts="1" />
            <test-case id="0-1249" name="PawnMoveTestCaptureAndSquaresForConstantCheckAndMateAsFalse(&quot;d2xe3&quot;,ChessWithTDD.Move,True)" fullname="ChessWithTDD.Tests.AlgebraicNotationGeneratorTests.PawnMoveTestCaptureAndSquaresForConstantCheckAndMateAsFalse(&quot;d2xe3&quot;,ChessWithTDD.Move,True)" methodname="PawnMoveTestCaptureAndSquaresForConstantCheckAndMateAsFalse" classname="ChessWithTDD.Tests.AlgebraicNotationGeneratorTests" runstate="Runnable" seed="1420732870" result="Passed" start-time="2017-07-31 22:42:34Z" end-time="2017-07-31 22:42:34Z" duration="0.000199" asserts="1" />
            <test-case id="0-1250" name="PawnMoveTestCaptureAndSquaresForConstantCheckAndMateAsFalse(&quot;e2xf3&quot;,ChessWithTDD.Move,True)" fullname="ChessWithTDD.Tests.AlgebraicNotationGeneratorTests.PawnMoveTestCaptureAndSquaresForConstantCheckAndMateAsFalse(&quot;e2xf3&quot;,ChessWithTDD.Move,True)" methodname="PawnMoveTestCaptureAndSquaresForConstantCheckAndMateAsFalse" classname="ChessWithTDD.Tests.AlgebraicNotationGeneratorTests" runstate="Runnable" seed="497908215" result="Passed" start-time="2017-07-31 22:42:34Z" end-time="2017-07-31 22:42:34Z" duration="0.000200" asserts="1" />
            <test-case id="0-1251" name="PawnMoveTestCaptureAndSquaresForConstantCheckAndMateAsFalse(&quot;f2xg3&quot;,ChessWithTDD.Move,True)" fullname="ChessWithTDD.Tests.AlgebraicNotationGeneratorTests.PawnMoveTestCaptureAndSquaresForConstantCheckAndMateAsFalse(&quot;f2xg3&quot;,ChessWithTDD.Move,True)" methodname="PawnMoveTestCaptureAndSquaresForConstantCheckAndMateAsFalse" classname="ChessWithTDD.Tests.AlgebraicNotationGeneratorTests" runstate="Runnable" seed="190046724" result="Passed" start-time="2017-07-31 22:42:34Z" end-time="2017-07-31 22:42:34Z" duration="0.000093" asserts="1" />
            <test-case id="0-1252" name="PawnMoveTestCaptureAndSquaresForConstantCheckAndMateAsFalse(&quot;g2xh3&quot;,ChessWithTDD.Move,True)" fullname="ChessWithTDD.Tests.AlgebraicNotationGeneratorTests.PawnMoveTestCaptureAndSquaresForConstantCheckAndMateAsFalse(&quot;g2xh3&quot;,ChessWithTDD.Move,True)" methodname="PawnMoveTestCaptureAndSquaresForConstantCheckAndMateAsFalse" classname="ChessWithTDD.Tests.AlgebraicNotationGeneratorTests" runstate="Runnable" seed="323967450" result="Passed" start-time="2017-07-31 22:42:34Z" end-time="2017-07-31 22:42:34Z" duration="0.000099" asserts="1" />
            <test-case id="0-1253" name="PawnMoveTestCaptureAndSquaresForConstantCheckAndMateAsFalse(&quot;h2xg3&quot;,ChessWithTDD.Move,True)" fullname="ChessWithTDD.Tests.AlgebraicNotationGeneratorTests.PawnMoveTestCaptureAndSquaresForConstantCheckAndMateAsFalse(&quot;h2xg3&quot;,ChessWithTDD.Move,True)" methodname="PawnMoveTestCaptureAndSquaresForConstantCheckAndMateAsFalse" classname="ChessWithTDD.Tests.AlgebraicNotationGeneratorTests" runstate="Runnable" seed="797348067" result="Passed" start-time="2017-07-31 22:42:34Z" end-time="2017-07-31 22:42:34Z" duration="0.000084" asserts="1" />
          </test-suite>
          <test-suite type="ParameterizedMethod" id="0-1270" name="PawnMoveTestCheckAndMateForConstantCaptureAsFalse" fullname="ChessWithTDD.Tests.AlgebraicNotationGeneratorTests.PawnMoveTestCheckAndMateForConstantCaptureAsFalse" classname="ChessWithTDD.Tests.AlgebraicNotationGeneratorTests" runstate="Runnable" testcasecount="6" result="Passed" start-time="2017-07-31 22:42:34Z" end-time="2017-07-31 22:42:34Z" duration="0.019477" total="6" passed="6" failed="0" warnings="0" inconclusive="0" skipped="0" asserts="6">
            <test-case id="0-1264" name="PawnMoveTestCheckAndMateForConstantCaptureAsFalse(&quot;a2-b3&quot;,ChessWithTDD.Move,False,False)" fullname="ChessWithTDD.Tests.AlgebraicNotationGeneratorTests.PawnMoveTestCheckAndMateForConstantCaptureAsFalse(&quot;a2-b3&quot;,ChessWithTDD.Move,False,False)" methodname="PawnMoveTestCheckAndMateForConstantCaptureAsFalse" classname="ChessWithTDD.Tests.AlgebraicNotationGeneratorTests" runstate="Runnable" seed="310324819" result="Passed" start-time="2017-07-31 22:42:34Z" end-time="2017-07-31 22:42:34Z" duration="0.000710" asserts="1" />
            <test-case id="0-1265" name="PawnMoveTestCheckAndMateForConstantCaptureAsFalse(&quot;b2-c3&quot;,ChessWithTDD.Move,False,False)" fullname="ChessWithTDD.Tests.AlgebraicNotationGeneratorTests.PawnMoveTestCheckAndMateForConstantCaptureAsFalse(&quot;b2-c3&quot;,ChessWithTDD.Move,False,False)" methodname="PawnMoveTestCheckAndMateForConstantCaptureAsFalse" classname="ChessWithTDD.Tests.AlgebraicNotationGeneratorTests" runstate="Runnable" seed="1695725418" result="Passed" start-time="2017-07-31 22:42:34Z" end-time="2017-07-31 22:42:34Z" duration="0.000083" asserts="1" />
            <test-case id="0-1266" name="PawnMoveTestCheckAndMateForConstantCaptureAsFalse(&quot;c2-d3+&quot;,ChessWithTDD.Move,True,False)" fullname="ChessWithTDD.Tests.AlgebraicNotationGeneratorTests.PawnMoveTestCheckAndMateForConstantCaptureAsFalse(&quot;c2-d3+&quot;,ChessWithTDD.Move,True,False)" methodname="PawnMoveTestCheckAndMateForConstantCaptureAsFalse" classname="ChessWithTDD.Tests.AlgebraicNotationGeneratorTests" runstate="Runnable" seed="1300572495" result="Passed" start-time="2017-07-31 22:42:34Z" end-time="2017-07-31 22:42:34Z" duration="0.000097" asserts="1" />
            <test-case id="0-1267" name="PawnMoveTestCheckAndMateForConstantCaptureAsFalse(&quot;d2-e3+&quot;,ChessWithTDD.Move,True,False)" fullname="ChessWithTDD.Tests.AlgebraicNotationGeneratorTests.PawnMoveTestCheckAndMateForConstantCaptureAsFalse(&quot;d2-e3+&quot;,ChessWithTDD.Move,True,False)" methodname="PawnMoveTestCheckAndMateForConstantCaptureAsFalse" classname="ChessWithTDD.Tests.AlgebraicNotationGeneratorTests" runstate="Runnable" seed="175097751" result="Passed" start-time="2017-07-31 22:42:34Z" end-time="2017-07-31 22:42:34Z" duration="0.000099" asserts="1" />
            <test-case id="0-1268" name="PawnMoveTestCheckAndMateForConstantCaptureAsFalse(&quot;e2-f3#&quot;,ChessWithTDD.Move,True,True)" fullname="ChessWithTDD.Tests.AlgebraicNotationGeneratorTests.PawnMoveTestCheckAndMateForConstantCaptureAsFalse(&quot;e2-f3#&quot;,ChessWithTDD.Move,True,True)" methodname="PawnMoveTestCheckAndMateForConstantCaptureAsFalse" classname="ChessWithTDD.Tests.AlgebraicNotationGeneratorTests" runstate="Runnable" seed="1030637906" result="Passed" start-time="2017-07-31 22:42:34Z" end-time="2017-07-31 22:42:34Z" duration="0.000125" asserts="1" />
            <test-case id="0-1269" name="PawnMoveTestCheckAndMateForConstantCaptureAsFalse(&quot;f2-g3#&quot;,ChessWithTDD.Move,True,True)" fullname="ChessWithTDD.Tests.AlgebraicNotationGeneratorTests.PawnMoveTestCheckAndMateForConstantCaptureAsFalse(&quot;f2-g3#&quot;,ChessWithTDD.Move,True,True)" methodname="PawnMoveTestCheckAndMateForConstantCaptureAsFalse" classname="ChessWithTDD.Tests.AlgebraicNotationGeneratorTests" runstate="Runnable" seed="1922264778" result="Passed" start-time="2017-07-31 22:42:34Z" end-time="2017-07-31 22:42:34Z" duration="0.000128" asserts="1" />
          </test-suite>
          <test-suite type="ParameterizedMethod" id="0-1273" name="PawnMoveTestInvalidCheckAndMate" fullname="ChessWithTDD.Tests.AlgebraicNotationGeneratorTests.PawnMoveTestInvalidCheckAndMate" classname="ChessWithTDD.Tests.AlgebraicNotationGeneratorTests" runstate="Runnable" testcasecount="2" result="Passed" start-time="2017-07-31 22:42:34Z" end-time="2017-07-31 22:42:34Z" duration="0.006517" total="2" passed="2" failed="0" warnings="0" inconclusive="0" skipped="0" asserts="2">
            <test-case id="0-1271" name="PawnMoveTestInvalidCheckAndMate(&quot;&quot;,ChessWithTDD.Move,False,True)" fullname="ChessWithTDD.Tests.AlgebraicNotationGeneratorTests.PawnMoveTestInvalidCheckAndMate(&quot;&quot;,ChessWithTDD.Move,False,True)" methodname="PawnMoveTestInvalidCheckAndMate" classname="ChessWithTDD.Tests.AlgebraicNotationGeneratorTests" runstate="Runnable" seed="86194573" result="Passed" start-time="2017-07-31 22:42:34Z" end-time="2017-07-31 22:42:34Z" duration="0.000447" asserts="1" />
            <test-case id="0-1272" name="PawnMoveTestInvalidCheckAndMate(&quot;&quot;,ChessWithTDD.Move,False,True)" fullname="ChessWithTDD.Tests.AlgebraicNotationGeneratorTests.PawnMoveTestInvalidCheckAndMate(&quot;&quot;,ChessWithTDD.Move,False,True)" methodname="PawnMoveTestInvalidCheckAndMate" classname="ChessWithTDD.Tests.AlgebraicNotationGeneratorTests" runstate="Runnable" seed="697887071" result="Passed" start-time="2017-07-31 22:42:34Z" end-time="2017-07-31 22:42:34Z" duration="0.000123" asserts="1" />
          </test-suite>
          <test-suite type="ParameterizedMethod" id="0-1263" name="PawnMoveTestInvalidMove" fullname="ChessWithTDD.Tests.AlgebraicNotationGeneratorTests.PawnMoveTestInvalidMove" classname="ChessWithTDD.Tests.AlgebraicNotationGeneratorTests" runstate="Runnable" testcasecount="8" result="Passed" start-time="2017-07-31 22:42:34Z" end-time="2017-07-31 22:42:34Z" duration="0.024971" total="8" passed="8" failed="0" warnings="0" inconclusive="0" skipped="0" asserts="8">
            <test-case id="0-1255" name="PawnMoveTestInvalidMove(&quot;&quot;,ChessWithTDD.Move,False)" fullname="ChessWithTDD.Tests.AlgebraicNotationGeneratorTests.PawnMoveTestInvalidMove(&quot;&quot;,ChessWithTDD.Move,False)" methodname="PawnMoveTestInvalidMove" classname="ChessWithTDD.Tests.AlgebraicNotationGeneratorTests" runstate="Runnable" seed="1000026131" result="Passed" start-time="2017-07-31 22:42:34Z" end-time="2017-07-31 22:42:34Z" duration="0.000457" asserts="1" />
            <test-case id="0-1256" name="PawnMoveTestInvalidMove(&quot;&quot;,ChessWithTDD.Move,True)" fullname="ChessWithTDD.Tests.AlgebraicNotationGeneratorTests.PawnMoveTestInvalidMove(&quot;&quot;,ChessWithTDD.Move,True)" methodname="PawnMoveTestInvalidMove" classname="ChessWithTDD.Tests.AlgebraicNotationGeneratorTests" runstate="Runnable" seed="535900264" result="Passed" start-time="2017-07-31 22:42:34Z" end-time="2017-07-31 22:42:34Z" duration="0.000112" asserts="1" />
            <test-case id="0-1257" name="PawnMoveTestInvalidMove(&quot;&quot;,ChessWithTDD.Move,False)" fullname="ChessWithTDD.Tests.AlgebraicNotationGeneratorTests.PawnMoveTestInvalidMove(&quot;&quot;,ChessWithTDD.Move,False)" methodname="PawnMoveTestInvalidMove" classname="ChessWithTDD.Tests.AlgebraicNotationGeneratorTests" runstate="Runnable" seed="892326374" result="Passed" start-time="2017-07-31 22:42:34Z" end-time="2017-07-31 22:42:34Z" duration="0.000145" asserts="1" />
            <test-case id="0-1258" name="PawnMoveTestInvalidMove(&quot;&quot;,ChessWithTDD.Move,True)" fullname="ChessWithTDD.Tests.AlgebraicNotationGeneratorTests.PawnMoveTestInvalidMove(&quot;&quot;,ChessWithTDD.Move,True)" methodname="PawnMoveTestInvalidMove" classname="ChessWithTDD.Tests.AlgebraicNotationGeneratorTests" runstate="Runnable" seed="1929834783" result="Passed" start-time="2017-07-31 22:42:34Z" end-time="2017-07-31 22:42:34Z" duration="0.000140" asserts="1" />
            <test-case id="0-1259" name="PawnMoveTestInvalidMove(&quot;&quot;,ChessWithTDD.Move,False)" fullname="ChessWithTDD.Tests.AlgebraicNotationGeneratorTests.PawnMoveTestInvalidMove(&quot;&quot;,ChessWithTDD.Move,False)" methodname="PawnMoveTestInvalidMove" classname="ChessWithTDD.Tests.AlgebraicNotationGeneratorTests" runstate="Runnable" seed="1249839141" result="Passed" start-time="2017-07-31 22:42:34Z" end-time="2017-07-31 22:42:34Z" duration="0.000105" asserts="1" />
            <test-case id="0-1260" name="PawnMoveTestInvalidMove(&quot;&quot;,ChessWithTDD.Move,True)" fullname="ChessWithTDD.Tests.AlgebraicNotationGeneratorTests.PawnMoveTestInvalidMove(&quot;&quot;,ChessWithTDD.Move,True)" methodname="PawnMoveTestInvalidMove" classname="ChessWithTDD.Tests.AlgebraicNotationGeneratorTests" runstate="Runnable" seed="121734079" result="Passed" start-time="2017-07-31 22:42:34Z" end-time="2017-07-31 22:42:34Z" duration="0.000083" asserts="1" />
            <test-case id="0-1261" name="PawnMoveTestInvalidMove(&quot;&quot;,ChessWithTDD.Move,False)" fullname="ChessWithTDD.Tests.AlgebraicNotationGeneratorTests.PawnMoveTestInvalidMove(&quot;&quot;,ChessWithTDD.Move,False)" methodname="PawnMoveTestInvalidMove" classname="ChessWithTDD.Tests.AlgebraicNotationGeneratorTests" runstate="Runnable" seed="776887341" result="Passed" start-time="2017-07-31 22:42:34Z" end-time="2017-07-31 22:42:34Z" duration="0.000080" asserts="1" />
            <test-case id="0-1262" name="PawnMoveTestInvalidMove(&quot;&quot;,ChessWithTDD.Move,True)" fullname="ChessWithTDD.Tests.AlgebraicNotationGeneratorTests.PawnMoveTestInvalidMove(&quot;&quot;,ChessWithTDD.Move,True)" methodname="PawnMoveTestInvalidMove" classname="ChessWithTDD.Tests.AlgebraicNotationGeneratorTests" runstate="Runnable" seed="51611439" result="Passed" start-time="2017-07-31 22:42:34Z" end-time="2017-07-31 22:42:34Z" duration="0.000087" asserts="1" />
          </test-suite>
        </test-suite>
        <test-suite type="TestFixture" id="0-1334" name="AlgebraicNotationParserTests" fullname="ChessWithTDD.Tests.AlgebraicNotationParserTests" classname="ChessWithTDD.Tests.AlgebraicNotationParserTests" runstate="Runnable" testcasecount="144" result="Passed" start-time="2017-07-31 22:42:34Z" end-time="2017-07-31 22:42:34Z" duration="0.505729" total="144" passed="144" failed="0" warnings="0" inconclusive="0" skipped="0" asserts="168">
          <test-suite type="ParameterizedMethod" id="0-1483" name="NonPawnMoveCheckAndMateFalse" fullname="ChessWithTDD.Tests.AlgebraicNotationParserTests.NonPawnMoveCheckAndMateFalse" classname="ChessWithTDD.Tests.AlgebraicNotationParserTests" runstate="Runnable" testcasecount="4" result="Passed" start-time="2017-07-31 22:42:34Z" end-time="2017-07-31 22:42:34Z" duration="0.026484" total="4" passed="4" failed="0" warnings="0" inconclusive="0" skipped="0" asserts="8">
            <test-case id="0-1479" name="NonPawnMoveCheckAndMateFalse(&quot;Ka2-a4&quot;)" fullname="ChessWithTDD.Tests.AlgebraicNotationParserTests.NonPawnMoveCheckAndMateFalse(&quot;Ka2-a4&quot;)" methodname="NonPawnMoveCheckAndMateFalse" classname="ChessWithTDD.Tests.AlgebraicNotationParserTests" runstate="Runnable" seed="1405243570" result="Passed" start-time="2017-07-31 22:42:34Z" end-time="2017-07-31 22:42:34Z" duration="0.013215" asserts="2" />
            <test-case id="0-1480" name="NonPawnMoveCheckAndMateFalse(&quot;Bd7-d5&quot;)" fullname="ChessWithTDD.Tests.AlgebraicNotationParserTests.NonPawnMoveCheckAndMateFalse(&quot;Bd7-d5&quot;)" methodname="NonPawnMoveCheckAndMateFalse" classname="ChessWithTDD.Tests.AlgebraicNotationParserTests" runstate="Runnable" seed="769775242" result="Passed" start-time="2017-07-31 22:42:34Z" end-time="2017-07-31 22:42:34Z" duration="0.000128" asserts="2" />
            <test-case id="0-1481" name="NonPawnMoveCheckAndMateFalse(&quot;Rc2-c3&quot;)" fullname="ChessWithTDD.Tests.AlgebraicNotationParserTests.NonPawnMoveCheckAndMateFalse(&quot;Rc2-c3&quot;)" methodname="NonPawnMoveCheckAndMateFalse" classname="ChessWithTDD.Tests.AlgebraicNotationParserTests" runstate="Runnable" seed="688708444" result="Passed" start-time="2017-07-31 22:42:34Z" end-time="2017-07-31 22:42:34Z" duration="0.000098" asserts="2" />
            <test-case id="0-1482" name="NonPawnMoveCheckAndMateFalse(&quot;Qf2xg3&quot;)" fullname="ChessWithTDD.Tests.AlgebraicNotationParserTests.NonPawnMoveCheckAndMateFalse(&quot;Qf2xg3&quot;)" methodname="NonPawnMoveCheckAndMateFalse" classname="ChessWithTDD.Tests.AlgebraicNotationParserTests" runstate="Runnable" seed="319286657" result="Passed" start-time="2017-07-31 22:42:34Z" end-time="2017-07-31 22:42:34Z" duration="0.000099" asserts="2" />
          </test-suite>
          <test-suite type="ParameterizedMethod" id="0-1488" name="NonPawnMoveCheckAndMateTrue" fullname="ChessWithTDD.Tests.AlgebraicNotationParserTests.NonPawnMoveCheckAndMateTrue" classname="ChessWithTDD.Tests.AlgebraicNotationParserTests" runstate="Runnable" testcasecount="4" result="Passed" start-time="2017-07-31 22:42:34Z" end-time="2017-07-31 22:42:34Z" duration="0.011985" total="4" passed="4" failed="0" warnings="0" inconclusive="0" skipped="0" asserts="8">
            <test-case id="0-1484" name="NonPawnMoveCheckAndMateTrue(&quot;Ka2-a4#&quot;)" fullname="ChessWithTDD.Tests.AlgebraicNotationParserTests.NonPawnMoveCheckAndMateTrue(&quot;Ka2-a4#&quot;)" methodname="NonPawnMoveCheckAndMateTrue" classname="ChessWithTDD.Tests.AlgebraicNotationParserTests" runstate="Runnable" seed="131608442" result="Passed" start-time="2017-07-31 22:42:34Z" end-time="2017-07-31 22:42:34Z" duration="0.000463" asserts="2" />
            <test-case id="0-1485" name="NonPawnMoveCheckAndMateTrue(&quot;Bd7-d5#&quot;)" fullname="ChessWithTDD.Tests.AlgebraicNotationParserTests.NonPawnMoveCheckAndMateTrue(&quot;Bd7-d5#&quot;)" methodname="NonPawnMoveCheckAndMateTrue" classname="ChessWithTDD.Tests.AlgebraicNotationParserTests" runstate="Runnable" seed="872069248" result="Passed" start-time="2017-07-31 22:42:34Z" end-time="2017-07-31 22:42:34Z" duration="0.000101" asserts="2" />
            <test-case id="0-1486" name="NonPawnMoveCheckAndMateTrue(&quot;Rc2-c3#&quot;)" fullname="ChessWithTDD.Tests.AlgebraicNotationParserTests.NonPawnMoveCheckAndMateTrue(&quot;Rc2-c3#&quot;)" methodname="NonPawnMoveCheckAndMateTrue" classname="ChessWithTDD.Tests.AlgebraicNotationParserTests" runstate="Runnable" seed="185386605" result="Passed" start-time="2017-07-31 22:42:34Z" end-time="2017-07-31 22:42:34Z" duration="0.000108" asserts="2" />
            <test-case id="0-1487" name="NonPawnMoveCheckAndMateTrue(&quot;Qf2xg3#&quot;)" fullname="ChessWithTDD.Tests.AlgebraicNotationParserTests.NonPawnMoveCheckAndMateTrue(&quot;Qf2xg3#&quot;)" methodname="NonPawnMoveCheckAndMateTrue" classname="ChessWithTDD.Tests.AlgebraicNotationParserTests" runstate="Runnable" seed="1032608768" result="Passed" start-time="2017-07-31 22:42:34Z" end-time="2017-07-31 22:42:34Z" duration="0.000130" asserts="2" />
          </test-suite>
          <test-suite type="ParameterizedMethod" id="0-1478" name="NonPawnMoveCheckTrueMateFalse" fullname="ChessWithTDD.Tests.AlgebraicNotationParserTests.NonPawnMoveCheckTrueMateFalse" classname="ChessWithTDD.Tests.AlgebraicNotationParserTests" runstate="Runnable" testcasecount="4" result="Passed" start-time="2017-07-31 22:42:34Z" end-time="2017-07-31 22:42:34Z" duration="0.012449" total="4" passed="4" failed="0" warnings="0" inconclusive="0" skipped="0" asserts="8">
            <test-case id="0-1474" name="NonPawnMoveCheckTrueMateFalse(&quot;Ka2-a4+&quot;)" fullname="ChessWithTDD.Tests.AlgebraicNotationParserTests.NonPawnMoveCheckTrueMateFalse(&quot;Ka2-a4+&quot;)" methodname="NonPawnMoveCheckTrueMateFalse" classname="ChessWithTDD.Tests.AlgebraicNotationParserTests" runstate="Runnable" seed="171091732" result="Passed" start-time="2017-07-31 22:42:34Z" end-time="2017-07-31 22:42:34Z" duration="0.000464" asserts="2" />
            <test-case id="0-1475" name="NonPawnMoveCheckTrueMateFalse(&quot;Bd7-d5+&quot;)" fullname="ChessWithTDD.Tests.AlgebraicNotationParserTests.NonPawnMoveCheckTrueMateFalse(&quot;Bd7-d5+&quot;)" methodname="NonPawnMoveCheckTrueMateFalse" classname="ChessWithTDD.Tests.AlgebraicNotationParserTests" runstate="Runnable" seed="1192936512" result="Passed" start-time="2017-07-31 22:42:34Z" end-time="2017-07-31 22:42:34Z" duration="0.000109" asserts="2" />
            <test-case id="0-1476" name="NonPawnMoveCheckTrueMateFalse(&quot;Rc2-c3+&quot;)" fullname="ChessWithTDD.Tests.AlgebraicNotationParserTests.NonPawnMoveCheckTrueMateFalse(&quot;Rc2-c3+&quot;)" methodname="NonPawnMoveCheckTrueMateFalse" classname="ChessWithTDD.Tests.AlgebraicNotationParserTests" runstate="Runnable" seed="1228360903" result="Passed" start-time="2017-07-31 22:42:34Z" end-time="2017-07-31 22:42:34Z" duration="0.000102" asserts="2" />
            <test-case id="0-1477" name="NonPawnMoveCheckTrueMateFalse(&quot;Qf2xg3+&quot;)" fullname="ChessWithTDD.Tests.AlgebraicNotationParserTests.NonPawnMoveCheckTrueMateFalse(&quot;Qf2xg3+&quot;)" methodname="NonPawnMoveCheckTrueMateFalse" classname="ChessWithTDD.Tests.AlgebraicNotationParserTests" runstate="Runnable" seed="2030922809" result="Passed" start-time="2017-07-31 22:42:34Z" end-time="2017-07-31 22:42:34Z" duration="0.000101" asserts="2" />
          </test-suite>
          <test-suite type="ParameterizedMethod" id="0-1441" name="NonPawnMoveParse" fullname="ChessWithTDD.Tests.AlgebraicNotationParserTests.NonPawnMoveParse" classname="ChessWithTDD.Tests.AlgebraicNotationParserTests" runstate="Runnable" testcasecount="44" result="Passed" start-time="2017-07-31 22:42:34Z" end-time="2017-07-31 22:42:34Z" duration="0.143221" total="44" passed="44" failed="0" warnings="0" inconclusive="0" skipped="0" asserts="44">
            <test-case id="0-1397" name="NonPawnMoveParse(&quot;Ka2-a4&quot;,ChessWithTDD.Move)" fullname="ChessWithTDD.Tests.AlgebraicNotationParserTests.NonPawnMoveParse(&quot;Ka2-a4&quot;,ChessWithTDD.Move)" methodname="NonPawnMoveParse" classname="ChessWithTDD.Tests.AlgebraicNotationParserTests" runstate="Runnable" seed="1894593740" result="Passed" start-time="2017-07-31 22:42:34Z" end-time="2017-07-31 22:42:34Z" duration="0.001028" asserts="1" />
            <test-case id="0-1398" name="NonPawnMoveParse(&quot;Kb2-b4&quot;,ChessWithTDD.Move)" fullname="ChessWithTDD.Tests.AlgebraicNotationParserTests.NonPawnMoveParse(&quot;Kb2-b4&quot;,ChessWithTDD.Move)" methodname="NonPawnMoveParse" classname="ChessWithTDD.Tests.AlgebraicNotationParserTests" runstate="Runnable" seed="2079478556" result="Passed" start-time="2017-07-31 22:42:34Z" end-time="2017-07-31 22:42:34Z" duration="0.000115" asserts="1" />
            <test-case id="0-1399" name="NonPawnMoveParse(&quot;Kc2-c4&quot;,ChessWithTDD.Move)" fullname="ChessWithTDD.Tests.AlgebraicNotationParserTests.NonPawnMoveParse(&quot;Kc2-c4&quot;,ChessWithTDD.Move)" methodname="NonPawnMoveParse" classname="ChessWithTDD.Tests.AlgebraicNotationParserTests" runstate="Runnable" seed="1535626697" result="Passed" start-time="2017-07-31 22:42:34Z" end-time="2017-07-31 22:42:34Z" duration="0.000098" asserts="1" />
            <test-case id="0-1400" name="NonPawnMoveParse(&quot;Kd2-d4&quot;,ChessWithTDD.Move)" fullname="ChessWithTDD.Tests.AlgebraicNotationParserTests.NonPawnMoveParse(&quot;Kd2-d4&quot;,ChessWithTDD.Move)" methodname="NonPawnMoveParse" classname="ChessWithTDD.Tests.AlgebraicNotationParserTests" runstate="Runnable" seed="590430007" result="Passed" start-time="2017-07-31 22:42:34Z" end-time="2017-07-31 22:42:34Z" duration="0.000099" asserts="1" />
            <test-case id="0-1401" name="NonPawnMoveParse(&quot;Ke2-e4&quot;,ChessWithTDD.Move)" fullname="ChessWithTDD.Tests.AlgebraicNotationParserTests.NonPawnMoveParse(&quot;Ke2-e4&quot;,ChessWithTDD.Move)" methodname="NonPawnMoveParse" classname="ChessWithTDD.Tests.AlgebraicNotationParserTests" runstate="Runnable" seed="471010085" result="Passed" start-time="2017-07-31 22:42:34Z" end-time="2017-07-31 22:42:34Z" duration="0.000131" asserts="1" />
            <test-case id="0-1402" name="NonPawnMoveParse(&quot;Kf2-f4&quot;,ChessWithTDD.Move)" fullname="ChessWithTDD.Tests.AlgebraicNotationParserTests.NonPawnMoveParse(&quot;Kf2-f4&quot;,ChessWithTDD.Move)" methodname="NonPawnMoveParse" classname="ChessWithTDD.Tests.AlgebraicNotationParserTests" runstate="Runnable" seed="1631945849" result="Passed" start-time="2017-07-31 22:42:34Z" end-time="2017-07-31 22:42:34Z" duration="0.000110" asserts="1" />
            <test-case id="0-1403" name="NonPawnMoveParse(&quot;Kg2-g4&quot;,ChessWithTDD.Move)" fullname="ChessWithTDD.Tests.AlgebraicNotationParserTests.NonPawnMoveParse(&quot;Kg2-g4&quot;,ChessWithTDD.Move)" methodname="NonPawnMoveParse" classname="ChessWithTDD.Tests.AlgebraicNotationParserTests" runstate="Runnable" seed="1155170164" result="Passed" start-time="2017-07-31 22:42:34Z" end-time="2017-07-31 22:42:34Z" duration="0.000108" asserts="1" />
            <test-case id="0-1404" name="NonPawnMoveParse(&quot;Kh2-h4&quot;,ChessWithTDD.Move)" fullname="ChessWithTDD.Tests.AlgebraicNotationParserTests.NonPawnMoveParse(&quot;Kh2-h4&quot;,ChessWithTDD.Move)" methodname="NonPawnMoveParse" classname="ChessWithTDD.Tests.AlgebraicNotationParserTests" runstate="Runnable" seed="525353350" result="Passed" start-time="2017-07-31 22:42:34Z" end-time="2017-07-31 22:42:34Z" duration="0.000110" asserts="1" />
            <test-case id="0-1405" name="NonPawnMoveParse(&quot;Qa7-a5&quot;,ChessWithTDD.Move)" fullname="ChessWithTDD.Tests.AlgebraicNotationParserTests.NonPawnMoveParse(&quot;Qa7-a5&quot;,ChessWithTDD.Move)" methodname="NonPawnMoveParse" classname="ChessWithTDD.Tests.AlgebraicNotationParserTests" runstate="Runnable" seed="1045406014" result="Passed" start-time="2017-07-31 22:42:34Z" end-time="2017-07-31 22:42:34Z" duration="0.000104" asserts="1" />
            <test-case id="0-1406" name="NonPawnMoveParse(&quot;Qb7-b5&quot;,ChessWithTDD.Move)" fullname="ChessWithTDD.Tests.AlgebraicNotationParserTests.NonPawnMoveParse(&quot;Qb7-b5&quot;,ChessWithTDD.Move)" methodname="NonPawnMoveParse" classname="ChessWithTDD.Tests.AlgebraicNotationParserTests" runstate="Runnable" seed="94886398" result="Passed" start-time="2017-07-31 22:42:34Z" end-time="2017-07-31 22:42:34Z" duration="0.000113" asserts="1" />
            <test-case id="0-1407" name="NonPawnMoveParse(&quot;Qc7-c5&quot;,ChessWithTDD.Move)" fullname="ChessWithTDD.Tests.AlgebraicNotationParserTests.NonPawnMoveParse(&quot;Qc7-c5&quot;,ChessWithTDD.Move)" methodname="NonPawnMoveParse" classname="ChessWithTDD.Tests.AlgebraicNotationParserTests" runstate="Runnable" seed="1183804501" result="Passed" start-time="2017-07-31 22:42:34Z" end-time="2017-07-31 22:42:34Z" duration="0.000117" asserts="1" />
            <test-case id="0-1408" name="NonPawnMoveParse(&quot;Qd7-d5&quot;,ChessWithTDD.Move)" fullname="ChessWithTDD.Tests.AlgebraicNotationParserTests.NonPawnMoveParse(&quot;Qd7-d5&quot;,ChessWithTDD.Move)" methodname="NonPawnMoveParse" classname="ChessWithTDD.Tests.AlgebraicNotationParserTests" runstate="Runnable" seed="32282754" result="Passed" start-time="2017-07-31 22:42:34Z" end-time="2017-07-31 22:42:34Z" duration="0.000108" asserts="1" />
            <test-case id="0-1409" name="NonPawnMoveParse(&quot;Qe7-e5&quot;,ChessWithTDD.Move)" fullname="ChessWithTDD.Tests.AlgebraicNotationParserTests.NonPawnMoveParse(&quot;Qe7-e5&quot;,ChessWithTDD.Move)" methodname="NonPawnMoveParse" classname="ChessWithTDD.Tests.AlgebraicNotationParserTests" runstate="Runnable" seed="543969679" result="Passed" start-time="2017-07-31 22:42:34Z" end-time="2017-07-31 22:42:34Z" duration="0.000106" asserts="1" />
            <test-case id="0-1410" name="NonPawnMoveParse(&quot;Qf7-f5&quot;,ChessWithTDD.Move)" fullname="ChessWithTDD.Tests.AlgebraicNotationParserTests.NonPawnMoveParse(&quot;Qf7-f5&quot;,ChessWithTDD.Move)" methodname="NonPawnMoveParse" classname="ChessWithTDD.Tests.AlgebraicNotationParserTests" runstate="Runnable" seed="1375108027" result="Passed" start-time="2017-07-31 22:42:34Z" end-time="2017-07-31 22:42:34Z" duration="0.000106" asserts="1" />
            <test-case id="0-1411" name="NonPawnMoveParse(&quot;Qg7-g5&quot;,ChessWithTDD.Move)" fullname="ChessWithTDD.Tests.AlgebraicNotationParserTests.NonPawnMoveParse(&quot;Qg7-g5&quot;,ChessWithTDD.Move)" methodname="NonPawnMoveParse" classname="ChessWithTDD.Tests.AlgebraicNotationParserTests" runstate="Runnable" seed="1112216524" result="Passed" start-time="2017-07-31 22:42:34Z" end-time="2017-07-31 22:42:34Z" duration="0.000110" asserts="1" />
            <test-case id="0-1412" name="NonPawnMoveParse(&quot;Qh7-h5&quot;,ChessWithTDD.Move)" fullname="ChessWithTDD.Tests.AlgebraicNotationParserTests.NonPawnMoveParse(&quot;Qh7-h5&quot;,ChessWithTDD.Move)" methodname="NonPawnMoveParse" classname="ChessWithTDD.Tests.AlgebraicNotationParserTests" runstate="Runnable" seed="2113004789" result="Passed" start-time="2017-07-31 22:42:34Z" end-time="2017-07-31 22:42:34Z" duration="0.000105" asserts="1" />
            <test-case id="0-1413" name="NonPawnMoveParse(&quot;Ra2-a3&quot;,ChessWithTDD.Move)" fullname="ChessWithTDD.Tests.AlgebraicNotationParserTests.NonPawnMoveParse(&quot;Ra2-a3&quot;,ChessWithTDD.Move)" methodname="NonPawnMoveParse" classname="ChessWithTDD.Tests.AlgebraicNotationParserTests" runstate="Runnable" seed="270186708" result="Passed" start-time="2017-07-31 22:42:34Z" end-time="2017-07-31 22:42:34Z" duration="0.000157" asserts="1" />
            <test-case id="0-1414" name="NonPawnMoveParse(&quot;Rb2-b3&quot;,ChessWithTDD.Move)" fullname="ChessWithTDD.Tests.AlgebraicNotationParserTests.NonPawnMoveParse(&quot;Rb2-b3&quot;,ChessWithTDD.Move)" methodname="NonPawnMoveParse" classname="ChessWithTDD.Tests.AlgebraicNotationParserTests" runstate="Runnable" seed="389422330" result="Passed" start-time="2017-07-31 22:42:34Z" end-time="2017-07-31 22:42:34Z" duration="0.000112" asserts="1" />
            <test-case id="0-1415" name="NonPawnMoveParse(&quot;Rc2-c3&quot;,ChessWithTDD.Move)" fullname="ChessWithTDD.Tests.AlgebraicNotationParserTests.NonPawnMoveParse(&quot;Rc2-c3&quot;,ChessWithTDD.Move)" methodname="NonPawnMoveParse" classname="ChessWithTDD.Tests.AlgebraicNotationParserTests" runstate="Runnable" seed="1090878240" result="Passed" start-time="2017-07-31 22:42:34Z" end-time="2017-07-31 22:42:34Z" duration="0.000104" asserts="1" />
            <test-case id="0-1416" name="NonPawnMoveParse(&quot;Rd2-d3&quot;,ChessWithTDD.Move)" fullname="ChessWithTDD.Tests.AlgebraicNotationParserTests.NonPawnMoveParse(&quot;Rd2-d3&quot;,ChessWithTDD.Move)" methodname="NonPawnMoveParse" classname="ChessWithTDD.Tests.AlgebraicNotationParserTests" runstate="Runnable" seed="736922026" result="Passed" start-time="2017-07-31 22:42:34Z" end-time="2017-07-31 22:42:34Z" duration="0.000105" asserts="1" />
            <test-case id="0-1417" name="NonPawnMoveParse(&quot;Re2-e3&quot;,ChessWithTDD.Move)" fullname="ChessWithTDD.Tests.AlgebraicNotationParserTests.NonPawnMoveParse(&quot;Re2-e3&quot;,ChessWithTDD.Move)" methodname="NonPawnMoveParse" classname="ChessWithTDD.Tests.AlgebraicNotationParserTests" runstate="Runnable" seed="1691225858" result="Passed" start-time="2017-07-31 22:42:34Z" end-time="2017-07-31 22:42:34Z" duration="0.000106" asserts="1" />
            <test-case id="0-1418" name="NonPawnMoveParse(&quot;Rf2-f3&quot;,ChessWithTDD.Move)" fullname="ChessWithTDD.Tests.AlgebraicNotationParserTests.NonPawnMoveParse(&quot;Rf2-f3&quot;,ChessWithTDD.Move)" methodname="NonPawnMoveParse" classname="ChessWithTDD.Tests.AlgebraicNotationParserTests" runstate="Runnable" seed="2087685669" result="Passed" start-time="2017-07-31 22:42:34Z" end-time="2017-07-31 22:42:34Z" duration="0.000106" asserts="1" />
            <test-case id="0-1419" name="NonPawnMoveParse(&quot;Rg2-g3&quot;,ChessWithTDD.Move)" fullname="ChessWithTDD.Tests.AlgebraicNotationParserTests.NonPawnMoveParse(&quot;Rg2-g3&quot;,ChessWithTDD.Move)" methodname="NonPawnMoveParse" classname="ChessWithTDD.Tests.AlgebraicNotationParserTests" runstate="Runnable" seed="1385217593" result="Passed" start-time="2017-07-31 22:42:34Z" end-time="2017-07-31 22:42:34Z" duration="0.000117" asserts="1" />
            <test-case id="0-1420" name="NonPawnMoveParse(&quot;Rh2-h3&quot;,ChessWithTDD.Move)" fullname="ChessWithTDD.Tests.AlgebraicNotationParserTests.NonPawnMoveParse(&quot;Rh2-h3&quot;,ChessWithTDD.Move)" methodname="NonPawnMoveParse" classname="ChessWithTDD.Tests.AlgebraicNotationParserTests" runstate="Runnable" seed="1173783234" result="Passed" start-time="2017-07-31 22:42:34Z" end-time="2017-07-31 22:42:34Z" duration="0.000094" asserts="1" />
            <test-case id="0-1421" name="NonPawnMoveParse(&quot;Ba7-a6&quot;,ChessWithTDD.Move)" fullname="ChessWithTDD.Tests.AlgebraicNotationParserTests.NonPawnMoveParse(&quot;Ba7-a6&quot;,ChessWithTDD.Move)" methodname="NonPawnMoveParse" classname="ChessWithTDD.Tests.AlgebraicNotationParserTests" runstate="Runnable" seed="1127199343" result="Passed" start-time="2017-07-31 22:42:34Z" end-time="2017-07-31 22:42:34Z" duration="0.000094" asserts="1" />
            <test-case id="0-1422" name="NonPawnMoveParse(&quot;Bb7-b6&quot;,ChessWithTDD.Move)" fullname="ChessWithTDD.Tests.AlgebraicNotationParserTests.NonPawnMoveParse(&quot;Bb7-b6&quot;,ChessWithTDD.Move)" methodname="NonPawnMoveParse" classname="ChessWithTDD.Tests.AlgebraicNotationParserTests" runstate="Runnable" seed="944963362" result="Passed" start-time="2017-07-31 22:42:34Z" end-time="2017-07-31 22:42:34Z" duration="0.000094" asserts="1" />
            <test-case id="0-1423" name="NonPawnMoveParse(&quot;Bc7-c6&quot;,ChessWithTDD.Move)" fullname="ChessWithTDD.Tests.AlgebraicNotationParserTests.NonPawnMoveParse(&quot;Bc7-c6&quot;,ChessWithTDD.Move)" methodname="NonPawnMoveParse" classname="ChessWithTDD.Tests.AlgebraicNotationParserTests" runstate="Runnable" seed="1823823522" result="Passed" start-time="2017-07-31 22:42:34Z" end-time="2017-07-31 22:42:34Z" duration="0.000109" asserts="1" />
            <test-case id="0-1424" name="NonPawnMoveParse(&quot;Bd7-d6&quot;,ChessWithTDD.Move)" fullname="ChessWithTDD.Tests.AlgebraicNotationParserTests.NonPawnMoveParse(&quot;Bd7-d6&quot;,ChessWithTDD.Move)" methodname="NonPawnMoveParse" classname="ChessWithTDD.Tests.AlgebraicNotationParserTests" runstate="Runnable" seed="643155647" result="Passed" start-time="2017-07-31 22:42:34Z" end-time="2017-07-31 22:42:34Z" duration="0.000093" asserts="1" />
            <test-case id="0-1425" name="NonPawnMoveParse(&quot;Be7-e6&quot;,ChessWithTDD.Move)" fullname="ChessWithTDD.Tests.AlgebraicNotationParserTests.NonPawnMoveParse(&quot;Be7-e6&quot;,ChessWithTDD.Move)" methodname="NonPawnMoveParse" classname="ChessWithTDD.Tests.AlgebraicNotationParserTests" runstate="Runnable" seed="1388378989" result="Passed" start-time="2017-07-31 22:42:34Z" end-time="2017-07-31 22:42:34Z" duration="0.000093" asserts="1" />
            <test-case id="0-1426" name="NonPawnMoveParse(&quot;Bf7-f6&quot;,ChessWithTDD.Move)" fullname="ChessWithTDD.Tests.AlgebraicNotationParserTests.NonPawnMoveParse(&quot;Bf7-f6&quot;,ChessWithTDD.Move)" methodname="NonPawnMoveParse" classname="ChessWithTDD.Tests.AlgebraicNotationParserTests" runstate="Runnable" seed="311591889" result="Passed" start-time="2017-07-31 22:42:34Z" end-time="2017-07-31 22:42:34Z" duration="0.000108" asserts="1" />
            <test-case id="0-1427" name="NonPawnMoveParse(&quot;Bg7-g6&quot;,ChessWithTDD.Move)" fullname="ChessWithTDD.Tests.AlgebraicNotationParserTests.NonPawnMoveParse(&quot;Bg7-g6&quot;,ChessWithTDD.Move)" methodname="NonPawnMoveParse" classname="ChessWithTDD.Tests.AlgebraicNotationParserTests" runstate="Runnable" seed="405916503" result="Passed" start-time="2017-07-31 22:42:34Z" end-time="2017-07-31 22:42:34Z" duration="0.000130" asserts="1" />
            <test-case id="0-1428" name="NonPawnMoveParse(&quot;Bh7-h6&quot;,ChessWithTDD.Move)" fullname="ChessWithTDD.Tests.AlgebraicNotationParserTests.NonPawnMoveParse(&quot;Bh7-h6&quot;,ChessWithTDD.Move)" methodname="NonPawnMoveParse" classname="ChessWithTDD.Tests.AlgebraicNotationParserTests" runstate="Runnable" seed="1331846635" result="Passed" start-time="2017-07-31 22:42:34Z" end-time="2017-07-31 22:42:34Z" duration="0.000202" asserts="1" />
            <test-case id="0-1429" name="NonPawnMoveParse(&quot;Na2xb3&quot;,ChessWithTDD.Move)" fullname="ChessWithTDD.Tests.AlgebraicNotationParserTests.NonPawnMoveParse(&quot;Na2xb3&quot;,ChessWithTDD.Move)" methodname="NonPawnMoveParse" classname="ChessWithTDD.Tests.AlgebraicNotationParserTests" runstate="Runnable" seed="560192927" result="Passed" start-time="2017-07-31 22:42:34Z" end-time="2017-07-31 22:42:34Z" duration="0.000218" asserts="1" />
            <test-case id="0-1430" name="NonPawnMoveParse(&quot;Nb2xc3&quot;,ChessWithTDD.Move)" fullname="ChessWithTDD.Tests.AlgebraicNotationParserTests.NonPawnMoveParse(&quot;Nb2xc3&quot;,ChessWithTDD.Move)" methodname="NonPawnMoveParse" classname="ChessWithTDD.Tests.AlgebraicNotationParserTests" runstate="Runnable" seed="1231174945" result="Passed" start-time="2017-07-31 22:42:34Z" end-time="2017-07-31 22:42:34Z" duration="0.000200" asserts="1" />
            <test-case id="0-1431" name="NonPawnMoveParse(&quot;Nc2xd3&quot;,ChessWithTDD.Move)" fullname="ChessWithTDD.Tests.AlgebraicNotationParserTests.NonPawnMoveParse(&quot;Nc2xd3&quot;,ChessWithTDD.Move)" methodname="NonPawnMoveParse" classname="ChessWithTDD.Tests.AlgebraicNotationParserTests" runstate="Runnable" seed="214622134" result="Passed" start-time="2017-07-31 22:42:34Z" end-time="2017-07-31 22:42:34Z" duration="0.000200" asserts="1" />
            <test-case id="0-1432" name="NonPawnMoveParse(&quot;Nd2xe3&quot;,ChessWithTDD.Move)" fullname="ChessWithTDD.Tests.AlgebraicNotationParserTests.NonPawnMoveParse(&quot;Nd2xe3&quot;,ChessWithTDD.Move)" methodname="NonPawnMoveParse" classname="ChessWithTDD.Tests.AlgebraicNotationParserTests" runstate="Runnable" seed="744474468" result="Passed" start-time="2017-07-31 22:42:34Z" end-time="2017-07-31 22:42:34Z" duration="0.000198" asserts="1" />
            <test-case id="0-1433" name="NonPawnMoveParse(&quot;Ne2xf3&quot;,ChessWithTDD.Move)" fullname="ChessWithTDD.Tests.AlgebraicNotationParserTests.NonPawnMoveParse(&quot;Ne2xf3&quot;,ChessWithTDD.Move)" methodname="NonPawnMoveParse" classname="ChessWithTDD.Tests.AlgebraicNotationParserTests" runstate="Runnable" seed="1807092866" result="Passed" start-time="2017-07-31 22:42:34Z" end-time="2017-07-31 22:42:34Z" duration="0.000203" asserts="1" />
            <test-case id="0-1434" name="NonPawnMoveParse(&quot;Nf2xg3&quot;,ChessWithTDD.Move)" fullname="ChessWithTDD.Tests.AlgebraicNotationParserTests.NonPawnMoveParse(&quot;Nf2xg3&quot;,ChessWithTDD.Move)" methodname="NonPawnMoveParse" classname="ChessWithTDD.Tests.AlgebraicNotationParserTests" runstate="Runnable" seed="1293293945" result="Passed" start-time="2017-07-31 22:42:34Z" end-time="2017-07-31 22:42:34Z" duration="0.000200" asserts="1" />
            <test-case id="0-1435" name="NonPawnMoveParse(&quot;Ng2xh3&quot;,ChessWithTDD.Move)" fullname="ChessWithTDD.Tests.AlgebraicNotationParserTests.NonPawnMoveParse(&quot;Ng2xh3&quot;,ChessWithTDD.Move)" methodname="NonPawnMoveParse" classname="ChessWithTDD.Tests.AlgebraicNotationParserTests" runstate="Runnable" seed="533055369" result="Passed" start-time="2017-07-31 22:42:34Z" end-time="2017-07-31 22:42:34Z" duration="0.000207" asserts="1" />
            <test-case id="0-1436" name="NonPawnMoveParse(&quot;Nh2xg3&quot;,ChessWithTDD.Move)" fullname="ChessWithTDD.Tests.AlgebraicNotationParserTests.NonPawnMoveParse(&quot;Nh2xg3&quot;,ChessWithTDD.Move)" methodname="NonPawnMoveParse" classname="ChessWithTDD.Tests.AlgebraicNotationParserTests" runstate="Runnable" seed="920111030" result="Passed" start-time="2017-07-31 22:42:34Z" end-time="2017-07-31 22:42:34Z" duration="0.000204" asserts="1" />
            <test-case id="0-1437" name="NonPawnMoveParse(&quot;Qa2xb3+&quot;,ChessWithTDD.Move)" fullname="ChessWithTDD.Tests.AlgebraicNotationParserTests.NonPawnMoveParse(&quot;Qa2xb3+&quot;,ChessWithTDD.Move)" methodname="NonPawnMoveParse" classname="ChessWithTDD.Tests.AlgebraicNotationParserTests" runstate="Runnable" seed="895643490" result="Passed" start-time="2017-07-31 22:42:34Z" end-time="2017-07-31 22:42:34Z" duration="0.000096" asserts="1" />
            <test-case id="0-1438" name="NonPawnMoveParse(&quot;Kb2xc3#&quot;,ChessWithTDD.Move)" fullname="ChessWithTDD.Tests.AlgebraicNotationParserTests.NonPawnMoveParse(&quot;Kb2xc3#&quot;,ChessWithTDD.Move)" methodname="NonPawnMoveParse" classname="ChessWithTDD.Tests.AlgebraicNotationParserTests" runstate="Runnable" seed="914831458" result="Passed" start-time="2017-07-31 22:42:34Z" end-time="2017-07-31 22:42:34Z" duration="0.000128" asserts="1" />
            <test-case id="0-1439" name="NonPawnMoveParse(&quot;Ng7-g6+&quot;,ChessWithTDD.Move)" fullname="ChessWithTDD.Tests.AlgebraicNotationParserTests.NonPawnMoveParse(&quot;Ng7-g6+&quot;,ChessWithTDD.Move)" methodname="NonPawnMoveParse" classname="ChessWithTDD.Tests.AlgebraicNotationParserTests" runstate="Runnable" seed="922868476" result="Passed" start-time="2017-07-31 22:42:34Z" end-time="2017-07-31 22:42:34Z" duration="0.000104" asserts="1" />
            <test-case id="0-1440" name="NonPawnMoveParse(&quot;Bh7-h6#&quot;,ChessWithTDD.Move)" fullname="ChessWithTDD.Tests.AlgebraicNotationParserTests.NonPawnMoveParse(&quot;Bh7-h6#&quot;,ChessWithTDD.Move)" methodname="NonPawnMoveParse" classname="ChessWithTDD.Tests.AlgebraicNotationParserTests" runstate="Runnable" seed="1702784200" result="Passed" start-time="2017-07-31 22:42:34Z" end-time="2017-07-31 22:42:34Z" duration="0.000136" asserts="1" />
          </test-suite>
          <test-suite type="ParameterizedMethod" id="0-1458" name="NonPawnMoveParseFails" fullname="ChessWithTDD.Tests.AlgebraicNotationParserTests.NonPawnMoveParseFails" classname="ChessWithTDD.Tests.AlgebraicNotationParserTests" runstate="Runnable" testcasecount="16" result="Passed" start-time="2017-07-31 22:42:34Z" end-time="2017-07-31 22:42:34Z" duration="0.049916" total="16" passed="16" failed="0" warnings="0" inconclusive="0" skipped="0" asserts="16">
            <test-case id="0-1442" name="NonPawnMoveParseFails(&quot;Ka2ga4&quot;)" fullname="ChessWithTDD.Tests.AlgebraicNotationParserTests.NonPawnMoveParseFails(&quot;Ka2ga4&quot;)" methodname="NonPawnMoveParseFails" classname="ChessWithTDD.Tests.AlgebraicNotationParserTests" runstate="Runnable" seed="1914651737" result="Passed" start-time="2017-07-31 22:42:34Z" end-time="2017-07-31 22:42:34Z" duration="0.000328" asserts="1" />
            <test-case id="0-1443" name="NonPawnMoveParseFails(&quot;Bb25b4&quot;)" fullname="ChessWithTDD.Tests.AlgebraicNotationParserTests.NonPawnMoveParseFails(&quot;Bb25b4&quot;)" methodname="NonPawnMoveParseFails" classname="ChessWithTDD.Tests.AlgebraicNotationParserTests" runstate="Runnable" seed="8008727" result="Passed" start-time="2017-07-31 22:42:34Z" end-time="2017-07-31 22:42:34Z" duration="0.000072" asserts="1" />
            <test-case id="0-1444" name="NonPawnMoveParseFails(&quot;Qc26c4&quot;)" fullname="ChessWithTDD.Tests.AlgebraicNotationParserTests.NonPawnMoveParseFails(&quot;Qc26c4&quot;)" methodname="NonPawnMoveParseFails" classname="ChessWithTDD.Tests.AlgebraicNotationParserTests" runstate="Runnable" seed="960402433" result="Passed" start-time="2017-07-31 22:42:34Z" end-time="2017-07-31 22:42:34Z" duration="0.000086" asserts="1" />
            <test-case id="0-1445" name="NonPawnMoveParseFails(&quot;Nd2ld4&quot;)" fullname="ChessWithTDD.Tests.AlgebraicNotationParserTests.NonPawnMoveParseFails(&quot;Nd2ld4&quot;)" methodname="NonPawnMoveParseFails" classname="ChessWithTDD.Tests.AlgebraicNotationParserTests" runstate="Runnable" seed="1309101439" result="Passed" start-time="2017-07-31 22:42:34Z" end-time="2017-07-31 22:42:34Z" duration="0.000078" asserts="1" />
            <test-case id="0-1446" name="NonPawnMoveParseFails(&quot;Re2;e4&quot;)" fullname="ChessWithTDD.Tests.AlgebraicNotationParserTests.NonPawnMoveParseFails(&quot;Re2;e4&quot;)" methodname="NonPawnMoveParseFails" classname="ChessWithTDD.Tests.AlgebraicNotationParserTests" runstate="Runnable" seed="217112644" result="Passed" start-time="2017-07-31 22:42:34Z" end-time="2017-07-31 22:42:34Z" duration="0.000084" asserts="1" />
            <test-case id="0-1447" name="NonPawnMoveParseFails(&quot;Kf2+f4&quot;)" fullname="ChessWithTDD.Tests.AlgebraicNotationParserTests.NonPawnMoveParseFails(&quot;Kf2+f4&quot;)" methodname="NonPawnMoveParseFails" classname="ChessWithTDD.Tests.AlgebraicNotationParserTests" runstate="Runnable" seed="481988094" result="Passed" start-time="2017-07-31 22:42:34Z" end-time="2017-07-31 22:42:34Z" duration="0.000075" asserts="1" />
            <test-case id="0-1448" name="NonPawnMoveParseFails(&quot;Bg2--g4&quot;)" fullname="ChessWithTDD.Tests.AlgebraicNotationParserTests.NonPawnMoveParseFails(&quot;Bg2--g4&quot;)" methodname="NonPawnMoveParseFails" classname="ChessWithTDD.Tests.AlgebraicNotationParserTests" runstate="Runnable" seed="1080440125" result="Passed" start-time="2017-07-31 22:42:34Z" end-time="2017-07-31 22:42:34Z" duration="0.000126" asserts="1" />
            <test-case id="0-1449" name="NonPawnMoveParseFails(&quot;Qh2=h4&quot;)" fullname="ChessWithTDD.Tests.AlgebraicNotationParserTests.NonPawnMoveParseFails(&quot;Qh2=h4&quot;)" methodname="NonPawnMoveParseFails" classname="ChessWithTDD.Tests.AlgebraicNotationParserTests" runstate="Runnable" seed="925409941" result="Passed" start-time="2017-07-31 22:42:34Z" end-time="2017-07-31 22:42:34Z" duration="0.000067" asserts="1" />
            <test-case id="0-1450" name="NonPawnMoveParseFails(&quot;Nz2-a4&quot;)" fullname="ChessWithTDD.Tests.AlgebraicNotationParserTests.NonPawnMoveParseFails(&quot;Nz2-a4&quot;)" methodname="NonPawnMoveParseFails" classname="ChessWithTDD.Tests.AlgebraicNotationParserTests" runstate="Runnable" seed="265802364" result="Passed" start-time="2017-07-31 22:42:34Z" end-time="2017-07-31 22:42:34Z" duration="0.000083" asserts="1" />
            <test-case id="0-1451" name="NonPawnMoveParseFails(&quot;Ra2-z4&quot;)" fullname="ChessWithTDD.Tests.AlgebraicNotationParserTests.NonPawnMoveParseFails(&quot;Ra2-z4&quot;)" methodname="NonPawnMoveParseFails" classname="ChessWithTDD.Tests.AlgebraicNotationParserTests" runstate="Runnable" seed="676041049" result="Passed" start-time="2017-07-31 22:42:34Z" end-time="2017-07-31 22:42:34Z" duration="0.000078" asserts="1" />
            <test-case id="0-1452" name="NonPawnMoveParseFails(&quot;Kb9-b4&quot;)" fullname="ChessWithTDD.Tests.AlgebraicNotationParserTests.NonPawnMoveParseFails(&quot;Kb9-b4&quot;)" methodname="NonPawnMoveParseFails" classname="ChessWithTDD.Tests.AlgebraicNotationParserTests" runstate="Runnable" seed="879692562" result="Passed" start-time="2017-07-31 22:42:34Z" end-time="2017-07-31 22:42:34Z" duration="0.000116" asserts="1" />
            <test-case id="0-1453" name="NonPawnMoveParseFails(&quot;Bc2-c9&quot;)" fullname="ChessWithTDD.Tests.AlgebraicNotationParserTests.NonPawnMoveParseFails(&quot;Bc2-c9&quot;)" methodname="NonPawnMoveParseFails" classname="ChessWithTDD.Tests.AlgebraicNotationParserTests" runstate="Runnable" seed="777049666" result="Passed" start-time="2017-07-31 22:42:34Z" end-time="2017-07-31 22:42:34Z" duration="0.000081" asserts="1" />
            <test-case id="0-1454" name="NonPawnMoveParseFails(&quot;Qc29-c9&quot;)" fullname="ChessWithTDD.Tests.AlgebraicNotationParserTests.NonPawnMoveParseFails(&quot;Qc29-c9&quot;)" methodname="NonPawnMoveParseFails" classname="ChessWithTDD.Tests.AlgebraicNotationParserTests" runstate="Runnable" seed="1525111806" result="Passed" start-time="2017-07-31 22:42:34Z" end-time="2017-07-31 22:42:34Z" duration="0.000066" asserts="1" />
            <test-case id="0-1455" name="NonPawnMoveParseFails(&quot;Nc2-c7x&quot;)" fullname="ChessWithTDD.Tests.AlgebraicNotationParserTests.NonPawnMoveParseFails(&quot;Nc2-c7x&quot;)" methodname="NonPawnMoveParseFails" classname="ChessWithTDD.Tests.AlgebraicNotationParserTests" runstate="Runnable" seed="11485555" result="Passed" start-time="2017-07-31 22:42:34Z" end-time="2017-07-31 22:42:34Z" duration="0.000093" asserts="1" />
            <test-case id="0-1456" name="NonPawnMoveParseFails(&quot;Re0-e4&quot;)" fullname="ChessWithTDD.Tests.AlgebraicNotationParserTests.NonPawnMoveParseFails(&quot;Re0-e4&quot;)" methodname="NonPawnMoveParseFails" classname="ChessWithTDD.Tests.AlgebraicNotationParserTests" runstate="Runnable" seed="203657663" result="Passed" start-time="2017-07-31 22:42:34Z" end-time="2017-07-31 22:42:34Z" duration="0.000078" asserts="1" />
            <test-case id="0-1457" name="NonPawnMoveParseFails(&quot;Ke4-e0&quot;)" fullname="ChessWithTDD.Tests.AlgebraicNotationParserTests.NonPawnMoveParseFails(&quot;Ke4-e0&quot;)" methodname="NonPawnMoveParseFails" classname="ChessWithTDD.Tests.AlgebraicNotationParserTests" runstate="Runnable" seed="1639703383" result="Passed" start-time="2017-07-31 22:42:34Z" end-time="2017-07-31 22:42:34Z" duration="0.000090" asserts="1" />
          </test-suite>
          <test-suite type="ParameterizedMethod" id="0-1468" name="PawnMoveCheckAndMateFalse" fullname="ChessWithTDD.Tests.AlgebraicNotationParserTests.PawnMoveCheckAndMateFalse" classname="ChessWithTDD.Tests.AlgebraicNotationParserTests" runstate="Runnable" testcasecount="4" result="Passed" start-time="2017-07-31 22:42:34Z" end-time="2017-07-31 22:42:34Z" duration="0.014992" total="4" passed="4" failed="0" warnings="0" inconclusive="0" skipped="0" asserts="8">
            <test-case id="0-1464" name="PawnMoveCheckAndMateFalse(&quot;a2-a4&quot;)" fullname="ChessWithTDD.Tests.AlgebraicNotationParserTests.PawnMoveCheckAndMateFalse(&quot;a2-a4&quot;)" methodname="PawnMoveCheckAndMateFalse" classname="ChessWithTDD.Tests.AlgebraicNotationParserTests" runstate="Runnable" seed="1306475496" result="Passed" start-time="2017-07-31 22:42:34Z" end-time="2017-07-31 22:42:34Z" duration="0.001829" asserts="2" />
            <test-case id="0-1465" name="PawnMoveCheckAndMateFalse(&quot;d7-d5&quot;)" fullname="ChessWithTDD.Tests.AlgebraicNotationParserTests.PawnMoveCheckAndMateFalse(&quot;d7-d5&quot;)" methodname="PawnMoveCheckAndMateFalse" classname="ChessWithTDD.Tests.AlgebraicNotationParserTests" runstate="Runnable" seed="1947992713" result="Passed" start-time="2017-07-31 22:42:34Z" end-time="2017-07-31 22:42:34Z" duration="0.000113" asserts="2" />
            <test-case id="0-1466" name="PawnMoveCheckAndMateFalse(&quot;c2-c3&quot;)" fullname="ChessWithTDD.Tests.AlgebraicNotationParserTests.PawnMoveCheckAndMateFalse(&quot;c2-c3&quot;)" methodname="PawnMoveCheckAndMateFalse" classname="ChessWithTDD.Tests.AlgebraicNotationParserTests" runstate="Runnable" seed="1216664864" result="Passed" start-time="2017-07-31 22:42:34Z" end-time="2017-07-31 22:42:34Z" duration="0.000135" asserts="2" />
            <test-case id="0-1467" name="PawnMoveCheckAndMateFalse(&quot;f2xg3&quot;)" fullname="ChessWithTDD.Tests.AlgebraicNotationParserTests.PawnMoveCheckAndMateFalse(&quot;f2xg3&quot;)" methodname="PawnMoveCheckAndMateFalse" classname="ChessWithTDD.Tests.AlgebraicNotationParserTests" runstate="Runnable" seed="170394883" result="Passed" start-time="2017-07-31 22:42:34Z" end-time="2017-07-31 22:42:34Z" duration="0.000103" asserts="2" />
          </test-suite>
          <test-suite type="ParameterizedMethod" id="0-1473" name="PawnMoveCheckAndMateTrue" fullname="ChessWithTDD.Tests.AlgebraicNotationParserTests.PawnMoveCheckAndMateTrue" classname="ChessWithTDD.Tests.AlgebraicNotationParserTests" runstate="Runnable" testcasecount="4" result="Passed" start-time="2017-07-31 22:42:34Z" end-time="2017-07-31 22:42:34Z" duration="0.012520" total="4" passed="4" failed="0" warnings="0" inconclusive="0" skipped="0" asserts="8">
            <test-case id="0-1469" name="PawnMoveCheckAndMateTrue(&quot;a2-a4#&quot;)" fullname="ChessWithTDD.Tests.AlgebraicNotationParserTests.PawnMoveCheckAndMateTrue(&quot;a2-a4#&quot;)" methodname="PawnMoveCheckAndMateTrue" classname="ChessWithTDD.Tests.AlgebraicNotationParserTests" runstate="Runnable" seed="1550933502" result="Passed" start-time="2017-07-31 22:42:34Z" end-time="2017-07-31 22:42:34Z" duration="0.000510" asserts="2" />
            <test-case id="0-1470" name="PawnMoveCheckAndMateTrue(&quot;d7-d5#&quot;)" fullname="ChessWithTDD.Tests.AlgebraicNotationParserTests.PawnMoveCheckAndMateTrue(&quot;d7-d5#&quot;)" methodname="PawnMoveCheckAndMateTrue" classname="ChessWithTDD.Tests.AlgebraicNotationParserTests" runstate="Runnable" seed="672468899" result="Passed" start-time="2017-07-31 22:42:34Z" end-time="2017-07-31 22:42:34Z" duration="0.000106" asserts="2" />
            <test-case id="0-1471" name="PawnMoveCheckAndMateTrue(&quot;c2-c3#&quot;)" fullname="ChessWithTDD.Tests.AlgebraicNotationParserTests.PawnMoveCheckAndMateTrue(&quot;c2-c3#&quot;)" methodname="PawnMoveCheckAndMateTrue" classname="ChessWithTDD.Tests.AlgebraicNotationParserTests" runstate="Runnable" seed="891556787" result="Passed" start-time="2017-07-31 22:42:34Z" end-time="2017-07-31 22:42:34Z" duration="0.000113" asserts="2" />
            <test-case id="0-1472" name="PawnMoveCheckAndMateTrue(&quot;f2xg3#&quot;)" fullname="ChessWithTDD.Tests.AlgebraicNotationParserTests.PawnMoveCheckAndMateTrue(&quot;f2xg3#&quot;)" methodname="PawnMoveCheckAndMateTrue" classname="ChessWithTDD.Tests.AlgebraicNotationParserTests" runstate="Runnable" seed="1013369203" result="Passed" start-time="2017-07-31 22:42:34Z" end-time="2017-07-31 22:42:34Z" duration="0.000117" asserts="2" />
          </test-suite>
          <test-suite type="ParameterizedMethod" id="0-1463" name="PawnMoveCheckTrueMateFalse" fullname="ChessWithTDD.Tests.AlgebraicNotationParserTests.PawnMoveCheckTrueMateFalse" classname="ChessWithTDD.Tests.AlgebraicNotationParserTests" runstate="Runnable" testcasecount="4" result="Passed" start-time="2017-07-31 22:42:34Z" end-time="2017-07-31 22:42:34Z" duration="0.013010" total="4" passed="4" failed="0" warnings="0" inconclusive="0" skipped="0" asserts="8">
            <test-case id="0-1459" name="PawnMoveCheckTrueMateFalse(&quot;a2-a4+&quot;)" fullname="ChessWithTDD.Tests.AlgebraicNotationParserTests.PawnMoveCheckTrueMateFalse(&quot;a2-a4+&quot;)" methodname="PawnMoveCheckTrueMateFalse" classname="ChessWithTDD.Tests.AlgebraicNotationParserTests" runstate="Runnable" seed="1060570129" result="Passed" start-time="2017-07-31 22:42:34Z" end-time="2017-07-31 22:42:34Z" duration="0.000469" asserts="2" />
            <test-case id="0-1460" name="PawnMoveCheckTrueMateFalse(&quot;d7-d5+&quot;)" fullname="ChessWithTDD.Tests.AlgebraicNotationParserTests.PawnMoveCheckTrueMateFalse(&quot;d7-d5+&quot;)" methodname="PawnMoveCheckTrueMateFalse" classname="ChessWithTDD.Tests.AlgebraicNotationParserTests" runstate="Runnable" seed="1807649894" result="Passed" start-time="2017-07-31 22:42:34Z" end-time="2017-07-31 22:42:34Z" duration="0.000139" asserts="2" />
            <test-case id="0-1461" name="PawnMoveCheckTrueMateFalse(&quot;c2-c3+&quot;)" fullname="ChessWithTDD.Tests.AlgebraicNotationParserTests.PawnMoveCheckTrueMateFalse(&quot;c2-c3+&quot;)" methodname="PawnMoveCheckTrueMateFalse" classname="ChessWithTDD.Tests.AlgebraicNotationParserTests" runstate="Runnable" seed="1604053623" result="Passed" start-time="2017-07-31 22:42:34Z" end-time="2017-07-31 22:42:34Z" duration="0.000115" asserts="2" />
            <test-case id="0-1462" name="PawnMoveCheckTrueMateFalse(&quot;f2xg3+&quot;)" fullname="ChessWithTDD.Tests.AlgebraicNotationParserTests.PawnMoveCheckTrueMateFalse(&quot;f2xg3+&quot;)" methodname="PawnMoveCheckTrueMateFalse" classname="ChessWithTDD.Tests.AlgebraicNotationParserTests" runstate="Runnable" seed="559971172" result="Passed" start-time="2017-07-31 22:42:34Z" end-time="2017-07-31 22:42:34Z" duration="0.000100" asserts="2" />
          </test-suite>
          <test-suite type="ParameterizedMethod" id="0-1379" name="PawnMoveParse" fullname="ChessWithTDD.Tests.AlgebraicNotationParserTests.PawnMoveParse" classname="ChessWithTDD.Tests.AlgebraicNotationParserTests" runstate="Runnable" testcasecount="44" result="Passed" start-time="2017-07-31 22:42:34Z" end-time="2017-07-31 22:42:34Z" duration="0.141076" total="44" passed="44" failed="0" warnings="0" inconclusive="0" skipped="0" asserts="44">
            <test-case id="0-1335" name="PawnMoveParse(&quot;a2-a4&quot;,ChessWithTDD.Move)" fullname="ChessWithTDD.Tests.AlgebraicNotationParserTests.PawnMoveParse(&quot;a2-a4&quot;,ChessWithTDD.Move)" methodname="PawnMoveParse" classname="ChessWithTDD.Tests.AlgebraicNotationParserTests" runstate="Runnable" seed="935885896" result="Passed" start-time="2017-07-31 22:42:34Z" end-time="2017-07-31 22:42:34Z" duration="0.000356" asserts="1" />
            <test-case id="0-1336" name="PawnMoveParse(&quot;b2-b4&quot;,ChessWithTDD.Move)" fullname="ChessWithTDD.Tests.AlgebraicNotationParserTests.PawnMoveParse(&quot;b2-b4&quot;,ChessWithTDD.Move)" methodname="PawnMoveParse" classname="ChessWithTDD.Tests.AlgebraicNotationParserTests" runstate="Runnable" seed="1624005684" result="Passed" start-time="2017-07-31 22:42:34Z" end-time="2017-07-31 22:42:34Z" duration="0.000184" asserts="1" />
            <test-case id="0-1337" name="PawnMoveParse(&quot;c2-c4&quot;,ChessWithTDD.Move)" fullname="ChessWithTDD.Tests.AlgebraicNotationParserTests.PawnMoveParse(&quot;c2-c4&quot;,ChessWithTDD.Move)" methodname="PawnMoveParse" classname="ChessWithTDD.Tests.AlgebraicNotationParserTests" runstate="Runnable" seed="2086424294" result="Passed" start-time="2017-07-31 22:42:34Z" end-time="2017-07-31 22:42:34Z" duration="0.000108" asserts="1" />
            <test-case id="0-1338" name="PawnMoveParse(&quot;d2-d4&quot;,ChessWithTDD.Move)" fullname="ChessWithTDD.Tests.AlgebraicNotationParserTests.PawnMoveParse(&quot;d2-d4&quot;,ChessWithTDD.Move)" methodname="PawnMoveParse" classname="ChessWithTDD.Tests.AlgebraicNotationParserTests" runstate="Runnable" seed="2046473161" result="Passed" start-time="2017-07-31 22:42:34Z" end-time="2017-07-31 22:42:34Z" duration="0.000135" asserts="1" />
            <test-case id="0-1339" name="PawnMoveParse(&quot;e2-e4&quot;,ChessWithTDD.Move)" fullname="ChessWithTDD.Tests.AlgebraicNotationParserTests.PawnMoveParse(&quot;e2-e4&quot;,ChessWithTDD.Move)" methodname="PawnMoveParse" classname="ChessWithTDD.Tests.AlgebraicNotationParserTests" runstate="Runnable" seed="1535479177" result="Passed" start-time="2017-07-31 22:42:34Z" end-time="2017-07-31 22:42:34Z" duration="0.000093" asserts="1" />
            <test-case id="0-1340" name="PawnMoveParse(&quot;f2-f4&quot;,ChessWithTDD.Move)" fullname="ChessWithTDD.Tests.AlgebraicNotationParserTests.PawnMoveParse(&quot;f2-f4&quot;,ChessWithTDD.Move)" methodname="PawnMoveParse" classname="ChessWithTDD.Tests.AlgebraicNotationParserTests" runstate="Runnable" seed="604162986" result="Passed" start-time="2017-07-31 22:42:34Z" end-time="2017-07-31 22:42:34Z" duration="0.000094" asserts="1" />
            <test-case id="0-1341" name="PawnMoveParse(&quot;g2-g4&quot;,ChessWithTDD.Move)" fullname="ChessWithTDD.Tests.AlgebraicNotationParserTests.PawnMoveParse(&quot;g2-g4&quot;,ChessWithTDD.Move)" methodname="PawnMoveParse" classname="ChessWithTDD.Tests.AlgebraicNotationParserTests" runstate="Runnable" seed="792095071" result="Passed" start-time="2017-07-31 22:42:34Z" end-time="2017-07-31 22:42:34Z" duration="0.000099" asserts="1" />
            <test-case id="0-1342" name="PawnMoveParse(&quot;h2-h4&quot;,ChessWithTDD.Move)" fullname="ChessWithTDD.Tests.AlgebraicNotationParserTests.PawnMoveParse(&quot;h2-h4&quot;,ChessWithTDD.Move)" methodname="PawnMoveParse" classname="ChessWithTDD.Tests.AlgebraicNotationParserTests" runstate="Runnable" seed="1944165570" result="Passed" start-time="2017-07-31 22:42:34Z" end-time="2017-07-31 22:42:34Z" duration="0.000105" asserts="1" />
            <test-case id="0-1343" name="PawnMoveParse(&quot;a7-a5&quot;,ChessWithTDD.Move)" fullname="ChessWithTDD.Tests.AlgebraicNotationParserTests.PawnMoveParse(&quot;a7-a5&quot;,ChessWithTDD.Move)" methodname="PawnMoveParse" classname="ChessWithTDD.Tests.AlgebraicNotationParserTests" runstate="Runnable" seed="267448614" result="Passed" start-time="2017-07-31 22:42:34Z" end-time="2017-07-31 22:42:34Z" duration="0.000108" asserts="1" />
            <test-case id="0-1344" name="PawnMoveParse(&quot;b7-b5&quot;,ChessWithTDD.Move)" fullname="ChessWithTDD.Tests.AlgebraicNotationParserTests.PawnMoveParse(&quot;b7-b5&quot;,ChessWithTDD.Move)" methodname="PawnMoveParse" classname="ChessWithTDD.Tests.AlgebraicNotationParserTests" runstate="Runnable" seed="859923693" result="Passed" start-time="2017-07-31 22:42:34Z" end-time="2017-07-31 22:42:34Z" duration="0.000133" asserts="1" />
            <test-case id="0-1345" name="PawnMoveParse(&quot;c7-c5&quot;,ChessWithTDD.Move)" fullname="ChessWithTDD.Tests.AlgebraicNotationParserTests.PawnMoveParse(&quot;c7-c5&quot;,ChessWithTDD.Move)" methodname="PawnMoveParse" classname="ChessWithTDD.Tests.AlgebraicNotationParserTests" runstate="Runnable" seed="1553468684" result="Passed" start-time="2017-07-31 22:42:34Z" end-time="2017-07-31 22:42:34Z" duration="0.000091" asserts="1" />
            <test-case id="0-1346" name="PawnMoveParse(&quot;d7-d5&quot;,ChessWithTDD.Move)" fullname="ChessWithTDD.Tests.AlgebraicNotationParserTests.PawnMoveParse(&quot;d7-d5&quot;,ChessWithTDD.Move)" methodname="PawnMoveParse" classname="ChessWithTDD.Tests.AlgebraicNotationParserTests" runstate="Runnable" seed="1489156745" result="Passed" start-time="2017-07-31 22:42:34Z" end-time="2017-07-31 22:42:34Z" duration="0.000095" asserts="1" />
            <test-case id="0-1347" name="PawnMoveParse(&quot;e7-e5&quot;,ChessWithTDD.Move)" fullname="ChessWithTDD.Tests.AlgebraicNotationParserTests.PawnMoveParse(&quot;e7-e5&quot;,ChessWithTDD.Move)" methodname="PawnMoveParse" classname="ChessWithTDD.Tests.AlgebraicNotationParserTests" runstate="Runnable" seed="1444778820" result="Passed" start-time="2017-07-31 22:42:34Z" end-time="2017-07-31 22:42:34Z" duration="0.000112" asserts="1" />
            <test-case id="0-1348" name="PawnMoveParse(&quot;f7-f5&quot;,ChessWithTDD.Move)" fullname="ChessWithTDD.Tests.AlgebraicNotationParserTests.PawnMoveParse(&quot;f7-f5&quot;,ChessWithTDD.Move)" methodname="PawnMoveParse" classname="ChessWithTDD.Tests.AlgebraicNotationParserTests" runstate="Runnable" seed="2006572802" result="Passed" start-time="2017-07-31 22:42:34Z" end-time="2017-07-31 22:42:34Z" duration="0.000124" asserts="1" />
            <test-case id="0-1349" name="PawnMoveParse(&quot;g7-g5&quot;,ChessWithTDD.Move)" fullname="ChessWithTDD.Tests.AlgebraicNotationParserTests.PawnMoveParse(&quot;g7-g5&quot;,ChessWithTDD.Move)" methodname="PawnMoveParse" classname="ChessWithTDD.Tests.AlgebraicNotationParserTests" runstate="Runnable" seed="785821465" result="Passed" start-time="2017-07-31 22:42:34Z" end-time="2017-07-31 22:42:34Z" duration="0.000105" asserts="1" />
            <test-case id="0-1350" name="PawnMoveParse(&quot;h7-h5&quot;,ChessWithTDD.Move)" fullname="ChessWithTDD.Tests.AlgebraicNotationParserTests.PawnMoveParse(&quot;h7-h5&quot;,ChessWithTDD.Move)" methodname="PawnMoveParse" classname="ChessWithTDD.Tests.AlgebraicNotationParserTests" runstate="Runnable" seed="1453758863" result="Passed" start-time="2017-07-31 22:42:34Z" end-time="2017-07-31 22:42:34Z" duration="0.000106" asserts="1" />
            <test-case id="0-1351" name="PawnMoveParse(&quot;a2-a3&quot;,ChessWithTDD.Move)" fullname="ChessWithTDD.Tests.AlgebraicNotationParserTests.PawnMoveParse(&quot;a2-a3&quot;,ChessWithTDD.Move)" methodname="PawnMoveParse" classname="ChessWithTDD.Tests.AlgebraicNotationParserTests" runstate="Runnable" seed="541553214" result="Passed" start-time="2017-07-31 22:42:34Z" end-time="2017-07-31 22:42:34Z" duration="0.000097" asserts="1" />
            <test-case id="0-1352" name="PawnMoveParse(&quot;b2-b3&quot;,ChessWithTDD.Move)" fullname="ChessWithTDD.Tests.AlgebraicNotationParserTests.PawnMoveParse(&quot;b2-b3&quot;,ChessWithTDD.Move)" methodname="PawnMoveParse" classname="ChessWithTDD.Tests.AlgebraicNotationParserTests" runstate="Runnable" seed="1826254479" result="Passed" start-time="2017-07-31 22:42:34Z" end-time="2017-07-31 22:42:34Z" duration="0.000094" asserts="1" />
            <test-case id="0-1353" name="PawnMoveParse(&quot;c2-c3&quot;,ChessWithTDD.Move)" fullname="ChessWithTDD.Tests.AlgebraicNotationParserTests.PawnMoveParse(&quot;c2-c3&quot;,ChessWithTDD.Move)" methodname="PawnMoveParse" classname="ChessWithTDD.Tests.AlgebraicNotationParserTests" runstate="Runnable" seed="1738968436" result="Passed" start-time="2017-07-31 22:42:34Z" end-time="2017-07-31 22:42:34Z" duration="0.000130" asserts="1" />
            <test-case id="0-1354" name="PawnMoveParse(&quot;d2-d3&quot;,ChessWithTDD.Move)" fullname="ChessWithTDD.Tests.AlgebraicNotationParserTests.PawnMoveParse(&quot;d2-d3&quot;,ChessWithTDD.Move)" methodname="PawnMoveParse" classname="ChessWithTDD.Tests.AlgebraicNotationParserTests" runstate="Runnable" seed="1334909211" result="Passed" start-time="2017-07-31 22:42:34Z" end-time="2017-07-31 22:42:34Z" duration="0.000105" asserts="1" />
            <test-case id="0-1355" name="PawnMoveParse(&quot;e2-e3&quot;,ChessWithTDD.Move)" fullname="ChessWithTDD.Tests.AlgebraicNotationParserTests.PawnMoveParse(&quot;e2-e3&quot;,ChessWithTDD.Move)" methodname="PawnMoveParse" classname="ChessWithTDD.Tests.AlgebraicNotationParserTests" runstate="Runnable" seed="2106664375" result="Passed" start-time="2017-07-31 22:42:34Z" end-time="2017-07-31 22:42:34Z" duration="0.000105" asserts="1" />
            <test-case id="0-1356" name="PawnMoveParse(&quot;f2-f3&quot;,ChessWithTDD.Move)" fullname="ChessWithTDD.Tests.AlgebraicNotationParserTests.PawnMoveParse(&quot;f2-f3&quot;,ChessWithTDD.Move)" methodname="PawnMoveParse" classname="ChessWithTDD.Tests.AlgebraicNotationParserTests" runstate="Runnable" seed="1661780717" result="Passed" start-time="2017-07-31 22:42:34Z" end-time="2017-07-31 22:42:34Z" duration="0.000710" asserts="1" />
            <test-case id="0-1357" name="PawnMoveParse(&quot;g2-g3&quot;,ChessWithTDD.Move)" fullname="ChessWithTDD.Tests.AlgebraicNotationParserTests.PawnMoveParse(&quot;g2-g3&quot;,ChessWithTDD.Move)" methodname="PawnMoveParse" classname="ChessWithTDD.Tests.AlgebraicNotationParserTests" runstate="Runnable" seed="1502669566" result="Passed" start-time="2017-07-31 22:42:34Z" end-time="2017-07-31 22:42:34Z" duration="0.000181" asserts="1" />
            <test-case id="0-1358" name="PawnMoveParse(&quot;h2-h3&quot;,ChessWithTDD.Move)" fullname="ChessWithTDD.Tests.AlgebraicNotationParserTests.PawnMoveParse(&quot;h2-h3&quot;,ChessWithTDD.Move)" methodname="PawnMoveParse" classname="ChessWithTDD.Tests.AlgebraicNotationParserTests" runstate="Runnable" seed="1927667687" result="Passed" start-time="2017-07-31 22:42:34Z" end-time="2017-07-31 22:42:34Z" duration="0.000094" asserts="1" />
            <test-case id="0-1359" name="PawnMoveParse(&quot;a7-a6&quot;,ChessWithTDD.Move)" fullname="ChessWithTDD.Tests.AlgebraicNotationParserTests.PawnMoveParse(&quot;a7-a6&quot;,ChessWithTDD.Move)" methodname="PawnMoveParse" classname="ChessWithTDD.Tests.AlgebraicNotationParserTests" runstate="Runnable" seed="487048969" result="Passed" start-time="2017-07-31 22:42:34Z" end-time="2017-07-31 22:42:34Z" duration="0.000095" asserts="1" />
            <test-case id="0-1360" name="PawnMoveParse(&quot;b7-b6&quot;,ChessWithTDD.Move)" fullname="ChessWithTDD.Tests.AlgebraicNotationParserTests.PawnMoveParse(&quot;b7-b6&quot;,ChessWithTDD.Move)" methodname="PawnMoveParse" classname="ChessWithTDD.Tests.AlgebraicNotationParserTests" runstate="Runnable" seed="664694858" result="Passed" start-time="2017-07-31 22:42:34Z" end-time="2017-07-31 22:42:34Z" duration="0.000092" asserts="1" />
            <test-case id="0-1361" name="PawnMoveParse(&quot;c7-c6&quot;,ChessWithTDD.Move)" fullname="ChessWithTDD.Tests.AlgebraicNotationParserTests.PawnMoveParse(&quot;c7-c6&quot;,ChessWithTDD.Move)" methodname="PawnMoveParse" classname="ChessWithTDD.Tests.AlgebraicNotationParserTests" runstate="Runnable" seed="1343494208" result="Passed" start-time="2017-07-31 22:42:34Z" end-time="2017-07-31 22:42:34Z" duration="0.000106" asserts="1" />
            <test-case id="0-1362" name="PawnMoveParse(&quot;d7-d6&quot;,ChessWithTDD.Move)" fullname="ChessWithTDD.Tests.AlgebraicNotationParserTests.PawnMoveParse(&quot;d7-d6&quot;,ChessWithTDD.Move)" methodname="PawnMoveParse" classname="ChessWithTDD.Tests.AlgebraicNotationParserTests" runstate="Runnable" seed="1620190245" result="Passed" start-time="2017-07-31 22:42:34Z" end-time="2017-07-31 22:42:34Z" duration="0.000093" asserts="1" />
            <test-case id="0-1363" name="PawnMoveParse(&quot;e7-e6&quot;,ChessWithTDD.Move)" fullname="ChessWithTDD.Tests.AlgebraicNotationParserTests.PawnMoveParse(&quot;e7-e6&quot;,ChessWithTDD.Move)" methodname="PawnMoveParse" classname="ChessWithTDD.Tests.AlgebraicNotationParserTests" runstate="Runnable" seed="1908116038" result="Passed" start-time="2017-07-31 22:42:34Z" end-time="2017-07-31 22:42:34Z" duration="0.000176" asserts="1" />
            <test-case id="0-1364" name="PawnMoveParse(&quot;f7-f6&quot;,ChessWithTDD.Move)" fullname="ChessWithTDD.Tests.AlgebraicNotationParserTests.PawnMoveParse(&quot;f7-f6&quot;,ChessWithTDD.Move)" methodname="PawnMoveParse" classname="ChessWithTDD.Tests.AlgebraicNotationParserTests" runstate="Runnable" seed="980271780" result="Passed" start-time="2017-07-31 22:42:34Z" end-time="2017-07-31 22:42:34Z" duration="0.000095" asserts="1" />
            <test-case id="0-1365" name="PawnMoveParse(&quot;g7-g6&quot;,ChessWithTDD.Move)" fullname="ChessWithTDD.Tests.AlgebraicNotationParserTests.PawnMoveParse(&quot;g7-g6&quot;,ChessWithTDD.Move)" methodname="PawnMoveParse" classname="ChessWithTDD.Tests.AlgebraicNotationParserTests" runstate="Runnable" seed="838227693" result="Passed" start-time="2017-07-31 22:42:34Z" end-time="2017-07-31 22:42:34Z" duration="0.000120" asserts="1" />
            <test-case id="0-1366" name="PawnMoveParse(&quot;h7-h6&quot;,ChessWithTDD.Move)" fullname="ChessWithTDD.Tests.AlgebraicNotationParserTests.PawnMoveParse(&quot;h7-h6&quot;,ChessWithTDD.Move)" methodname="PawnMoveParse" classname="ChessWithTDD.Tests.AlgebraicNotationParserTests" runstate="Runnable" seed="135880068" result="Passed" start-time="2017-07-31 22:42:34Z" end-time="2017-07-31 22:42:34Z" duration="0.000093" asserts="1" />
            <test-case id="0-1367" name="PawnMoveParse(&quot;a2xb3&quot;,ChessWithTDD.Move)" fullname="ChessWithTDD.Tests.AlgebraicNotationParserTests.PawnMoveParse(&quot;a2xb3&quot;,ChessWithTDD.Move)" methodname="PawnMoveParse" classname="ChessWithTDD.Tests.AlgebraicNotationParserTests" runstate="Runnable" seed="1260031488" result="Passed" start-time="2017-07-31 22:42:34Z" end-time="2017-07-31 22:42:34Z" duration="0.000119" asserts="1" />
            <test-case id="0-1368" name="PawnMoveParse(&quot;b2xc3&quot;,ChessWithTDD.Move)" fullname="ChessWithTDD.Tests.AlgebraicNotationParserTests.PawnMoveParse(&quot;b2xc3&quot;,ChessWithTDD.Move)" methodname="PawnMoveParse" classname="ChessWithTDD.Tests.AlgebraicNotationParserTests" runstate="Runnable" seed="1336904995" result="Passed" start-time="2017-07-31 22:42:34Z" end-time="2017-07-31 22:42:34Z" duration="0.000123" asserts="1" />
            <test-case id="0-1369" name="PawnMoveParse(&quot;c2xd3&quot;,ChessWithTDD.Move)" fullname="ChessWithTDD.Tests.AlgebraicNotationParserTests.PawnMoveParse(&quot;c2xd3&quot;,ChessWithTDD.Move)" methodname="PawnMoveParse" classname="ChessWithTDD.Tests.AlgebraicNotationParserTests" runstate="Runnable" seed="1045105242" result="Passed" start-time="2017-07-31 22:42:34Z" end-time="2017-07-31 22:42:34Z" duration="0.000105" asserts="1" />
            <test-case id="0-1370" name="PawnMoveParse(&quot;d2xe3&quot;,ChessWithTDD.Move)" fullname="ChessWithTDD.Tests.AlgebraicNotationParserTests.PawnMoveParse(&quot;d2xe3&quot;,ChessWithTDD.Move)" methodname="PawnMoveParse" classname="ChessWithTDD.Tests.AlgebraicNotationParserTests" runstate="Runnable" seed="1132851034" result="Passed" start-time="2017-07-31 22:42:34Z" end-time="2017-07-31 22:42:34Z" duration="0.000104" asserts="1" />
            <test-case id="0-1371" name="PawnMoveParse(&quot;e2xf3&quot;,ChessWithTDD.Move)" fullname="ChessWithTDD.Tests.AlgebraicNotationParserTests.PawnMoveParse(&quot;e2xf3&quot;,ChessWithTDD.Move)" methodname="PawnMoveParse" classname="ChessWithTDD.Tests.AlgebraicNotationParserTests" runstate="Runnable" seed="2086128270" result="Passed" start-time="2017-07-31 22:42:34Z" end-time="2017-07-31 22:42:34Z" duration="0.000108" asserts="1" />
            <test-case id="0-1372" name="PawnMoveParse(&quot;f2xg3&quot;,ChessWithTDD.Move)" fullname="ChessWithTDD.Tests.AlgebraicNotationParserTests.PawnMoveParse(&quot;f2xg3&quot;,ChessWithTDD.Move)" methodname="PawnMoveParse" classname="ChessWithTDD.Tests.AlgebraicNotationParserTests" runstate="Runnable" seed="617641028" result="Passed" start-time="2017-07-31 22:42:34Z" end-time="2017-07-31 22:42:34Z" duration="0.000111" asserts="1" />
            <test-case id="0-1373" name="PawnMoveParse(&quot;g2xh3&quot;,ChessWithTDD.Move)" fullname="ChessWithTDD.Tests.AlgebraicNotationParserTests.PawnMoveParse(&quot;g2xh3&quot;,ChessWithTDD.Move)" methodname="PawnMoveParse" classname="ChessWithTDD.Tests.AlgebraicNotationParserTests" runstate="Runnable" seed="1318816716" result="Passed" start-time="2017-07-31 22:42:34Z" end-time="2017-07-31 22:42:34Z" duration="0.000114" asserts="1" />
            <test-case id="0-1374" name="PawnMoveParse(&quot;h2xg3&quot;,ChessWithTDD.Move)" fullname="ChessWithTDD.Tests.AlgebraicNotationParserTests.PawnMoveParse(&quot;h2xg3&quot;,ChessWithTDD.Move)" methodname="PawnMoveParse" classname="ChessWithTDD.Tests.AlgebraicNotationParserTests" runstate="Runnable" seed="64934927" result="Passed" start-time="2017-07-31 22:42:34Z" end-time="2017-07-31 22:42:34Z" duration="0.000114" asserts="1" />
            <test-case id="0-1375" name="PawnMoveParse(&quot;a2xb3+&quot;,ChessWithTDD.Move)" fullname="ChessWithTDD.Tests.AlgebraicNotationParserTests.PawnMoveParse(&quot;a2xb3+&quot;,ChessWithTDD.Move)" methodname="PawnMoveParse" classname="ChessWithTDD.Tests.AlgebraicNotationParserTests" runstate="Runnable" seed="324118283" result="Passed" start-time="2017-07-31 22:42:34Z" end-time="2017-07-31 22:42:34Z" duration="0.000126" asserts="1" />
            <test-case id="0-1376" name="PawnMoveParse(&quot;b2xc3#&quot;,ChessWithTDD.Move)" fullname="ChessWithTDD.Tests.AlgebraicNotationParserTests.PawnMoveParse(&quot;b2xc3#&quot;,ChessWithTDD.Move)" methodname="PawnMoveParse" classname="ChessWithTDD.Tests.AlgebraicNotationParserTests" runstate="Runnable" seed="1568989590" result="Passed" start-time="2017-07-31 22:42:34Z" end-time="2017-07-31 22:42:34Z" duration="0.000092" asserts="1" />
            <test-case id="0-1377" name="PawnMoveParse(&quot;g7-g6+&quot;,ChessWithTDD.Move)" fullname="ChessWithTDD.Tests.AlgebraicNotationParserTests.PawnMoveParse(&quot;g7-g6+&quot;,ChessWithTDD.Move)" methodname="PawnMoveParse" classname="ChessWithTDD.Tests.AlgebraicNotationParserTests" runstate="Runnable" seed="1266966781" result="Passed" start-time="2017-07-31 22:42:34Z" end-time="2017-07-31 22:42:34Z" duration="0.000093" asserts="1" />
            <test-case id="0-1378" name="PawnMoveParse(&quot;h7-h6#&quot;,ChessWithTDD.Move)" fullname="ChessWithTDD.Tests.AlgebraicNotationParserTests.PawnMoveParse(&quot;h7-h6#&quot;,ChessWithTDD.Move)" methodname="PawnMoveParse" classname="ChessWithTDD.Tests.AlgebraicNotationParserTests" runstate="Runnable" seed="1139023329" result="Passed" start-time="2017-07-31 22:42:34Z" end-time="2017-07-31 22:42:34Z" duration="0.000099" asserts="1" />
          </test-suite>
          <test-suite type="ParameterizedMethod" id="0-1396" name="PawnMoveParseFails" fullname="ChessWithTDD.Tests.AlgebraicNotationParserTests.PawnMoveParseFails" classname="ChessWithTDD.Tests.AlgebraicNotationParserTests" runstate="Runnable" testcasecount="16" result="Passed" start-time="2017-07-31 22:42:34Z" end-time="2017-07-31 22:42:34Z" duration="0.049469" total="16" passed="16" failed="0" warnings="0" inconclusive="0" skipped="0" asserts="16">
            <test-case id="0-1380" name="PawnMoveParseFails(&quot;a2ga4&quot;)" fullname="ChessWithTDD.Tests.AlgebraicNotationParserTests.PawnMoveParseFails(&quot;a2ga4&quot;)" methodname="PawnMoveParseFails" classname="ChessWithTDD.Tests.AlgebraicNotationParserTests" runstate="Runnable" seed="218712738" result="Passed" start-time="2017-07-31 22:42:34Z" end-time="2017-07-31 22:42:34Z" duration="0.000310" asserts="1" />
            <test-case id="0-1381" name="PawnMoveParseFails(&quot;b25b4&quot;)" fullname="ChessWithTDD.Tests.AlgebraicNotationParserTests.PawnMoveParseFails(&quot;b25b4&quot;)" methodname="PawnMoveParseFails" classname="ChessWithTDD.Tests.AlgebraicNotationParserTests" runstate="Runnable" seed="1702029046" result="Passed" start-time="2017-07-31 22:42:34Z" end-time="2017-07-31 22:42:34Z" duration="0.000069" asserts="1" />
            <test-case id="0-1382" name="PawnMoveParseFails(&quot;c26c4&quot;)" fullname="ChessWithTDD.Tests.AlgebraicNotationParserTests.PawnMoveParseFails(&quot;c26c4&quot;)" methodname="PawnMoveParseFails" classname="ChessWithTDD.Tests.AlgebraicNotationParserTests" runstate="Runnable" seed="1532375511" result="Passed" start-time="2017-07-31 22:42:34Z" end-time="2017-07-31 22:42:34Z" duration="0.000067" asserts="1" />
            <test-case id="0-1383" name="PawnMoveParseFails(&quot;d2ld4&quot;)" fullname="ChessWithTDD.Tests.AlgebraicNotationParserTests.PawnMoveParseFails(&quot;d2ld4&quot;)" methodname="PawnMoveParseFails" classname="ChessWithTDD.Tests.AlgebraicNotationParserTests" runstate="Runnable" seed="838952439" result="Passed" start-time="2017-07-31 22:42:34Z" end-time="2017-07-31 22:42:34Z" duration="0.000068" asserts="1" />
            <test-case id="0-1384" name="PawnMoveParseFails(&quot;e2;e4&quot;)" fullname="ChessWithTDD.Tests.AlgebraicNotationParserTests.PawnMoveParseFails(&quot;e2;e4&quot;)" methodname="PawnMoveParseFails" classname="ChessWithTDD.Tests.AlgebraicNotationParserTests" runstate="Runnable" seed="1824637878" result="Passed" start-time="2017-07-31 22:42:34Z" end-time="2017-07-31 22:42:34Z" duration="0.000075" asserts="1" />
            <test-case id="0-1385" name="PawnMoveParseFails(&quot;f2+f4&quot;)" fullname="ChessWithTDD.Tests.AlgebraicNotationParserTests.PawnMoveParseFails(&quot;f2+f4&quot;)" methodname="PawnMoveParseFails" classname="ChessWithTDD.Tests.AlgebraicNotationParserTests" runstate="Runnable" seed="1632134992" result="Passed" start-time="2017-07-31 22:42:34Z" end-time="2017-07-31 22:42:34Z" duration="0.000066" asserts="1" />
            <test-case id="0-1386" name="PawnMoveParseFails(&quot;g2--g4&quot;)" fullname="ChessWithTDD.Tests.AlgebraicNotationParserTests.PawnMoveParseFails(&quot;g2--g4&quot;)" methodname="PawnMoveParseFails" classname="ChessWithTDD.Tests.AlgebraicNotationParserTests" runstate="Runnable" seed="1181190633" result="Passed" start-time="2017-07-31 22:42:34Z" end-time="2017-07-31 22:42:34Z" duration="0.000070" asserts="1" />
            <test-case id="0-1387" name="PawnMoveParseFails(&quot;h2=h4&quot;)" fullname="ChessWithTDD.Tests.AlgebraicNotationParserTests.PawnMoveParseFails(&quot;h2=h4&quot;)" methodname="PawnMoveParseFails" classname="ChessWithTDD.Tests.AlgebraicNotationParserTests" runstate="Runnable" seed="473485663" result="Passed" start-time="2017-07-31 22:42:34Z" end-time="2017-07-31 22:42:34Z" duration="0.000080" asserts="1" />
            <test-case id="0-1388" name="PawnMoveParseFails(&quot;z2-a4&quot;)" fullname="ChessWithTDD.Tests.AlgebraicNotationParserTests.PawnMoveParseFails(&quot;z2-a4&quot;)" methodname="PawnMoveParseFails" classname="ChessWithTDD.Tests.AlgebraicNotationParserTests" runstate="Runnable" seed="661631665" result="Passed" start-time="2017-07-31 22:42:34Z" end-time="2017-07-31 22:42:34Z" duration="0.000075" asserts="1" />
            <test-case id="0-1389" name="PawnMoveParseFails(&quot;a2-z4&quot;)" fullname="ChessWithTDD.Tests.AlgebraicNotationParserTests.PawnMoveParseFails(&quot;a2-z4&quot;)" methodname="PawnMoveParseFails" classname="ChessWithTDD.Tests.AlgebraicNotationParserTests" runstate="Runnable" seed="2033509961" result="Passed" start-time="2017-07-31 22:42:34Z" end-time="2017-07-31 22:42:34Z" duration="0.000075" asserts="1" />
            <test-case id="0-1390" name="PawnMoveParseFails(&quot;b9-b4&quot;)" fullname="ChessWithTDD.Tests.AlgebraicNotationParserTests.PawnMoveParseFails(&quot;b9-b4&quot;)" methodname="PawnMoveParseFails" classname="ChessWithTDD.Tests.AlgebraicNotationParserTests" runstate="Runnable" seed="2048554643" result="Passed" start-time="2017-07-31 22:42:34Z" end-time="2017-07-31 22:42:34Z" duration="0.000078" asserts="1" />
            <test-case id="0-1391" name="PawnMoveParseFails(&quot;c2-c9&quot;)" fullname="ChessWithTDD.Tests.AlgebraicNotationParserTests.PawnMoveParseFails(&quot;c2-c9&quot;)" methodname="PawnMoveParseFails" classname="ChessWithTDD.Tests.AlgebraicNotationParserTests" runstate="Runnable" seed="522372781" result="Passed" start-time="2017-07-31 22:42:34Z" end-time="2017-07-31 22:42:34Z" duration="0.000082" asserts="1" />
            <test-case id="0-1392" name="PawnMoveParseFails(&quot;c29-c9&quot;)" fullname="ChessWithTDD.Tests.AlgebraicNotationParserTests.PawnMoveParseFails(&quot;c29-c9&quot;)" methodname="PawnMoveParseFails" classname="ChessWithTDD.Tests.AlgebraicNotationParserTests" runstate="Runnable" seed="1364440376" result="Passed" start-time="2017-07-31 22:42:34Z" end-time="2017-07-31 22:42:34Z" duration="0.000065" asserts="1" />
            <test-case id="0-1393" name="PawnMoveParseFails(&quot;c2-c7x&quot;)" fullname="ChessWithTDD.Tests.AlgebraicNotationParserTests.PawnMoveParseFails(&quot;c2-c7x&quot;)" methodname="PawnMoveParseFails" classname="ChessWithTDD.Tests.AlgebraicNotationParserTests" runstate="Runnable" seed="298315736" result="Passed" start-time="2017-07-31 22:42:34Z" end-time="2017-07-31 22:42:34Z" duration="0.000089" asserts="1" />
            <test-case id="0-1394" name="PawnMoveParseFails(&quot;e0-e4&quot;)" fullname="ChessWithTDD.Tests.AlgebraicNotationParserTests.PawnMoveParseFails(&quot;e0-e4&quot;)" methodname="PawnMoveParseFails" classname="ChessWithTDD.Tests.AlgebraicNotationParserTests" runstate="Runnable" seed="1786504972" result="Passed" start-time="2017-07-31 22:42:34Z" end-time="2017-07-31 22:42:34Z" duration="0.000119" asserts="1" />
            <test-case id="0-1395" name="PawnMoveParseFails(&quot;e4-e0&quot;)" fullname="ChessWithTDD.Tests.AlgebraicNotationParserTests.PawnMoveParseFails(&quot;e4-e0&quot;)" methodname="PawnMoveParseFails" classname="ChessWithTDD.Tests.AlgebraicNotationParserTests" runstate="Runnable" seed="1261306869" result="Passed" start-time="2017-07-31 22:42:34Z" end-time="2017-07-31 22:42:34Z" duration="0.000078" asserts="1" />
          </test-suite>
        </test-suite>
        <test-suite type="TestFixture" id="0-1511" name="BishopTests" fullname="ChessWithTDD.Tests.BishopTests" classname="ChessWithTDD.Tests.BishopTests" runstate="Runnable" testcasecount="12" result="Passed" start-time="2017-07-31 22:42:34Z" end-time="2017-07-31 22:42:34Z" duration="0.293602" total="12" passed="12" failed="0" warnings="0" inconclusive="0" skipped="0" asserts="12">
          <test-suite type="ParameterizedMethod" id="0-1517" name="BishopCanMoveDiagonally" fullname="ChessWithTDD.Tests.BishopTests.BishopCanMoveDiagonally" classname="ChessWithTDD.Tests.BishopTests" runstate="Runnable" testcasecount="5" result="Passed" start-time="2017-07-31 22:42:34Z" end-time="2017-07-31 22:42:34Z" duration="0.249068" total="5" passed="5" failed="0" warnings="0" inconclusive="0" skipped="0" asserts="5">
            <test-case id="0-1512" name="BishopCanMoveDiagonally(2,5,5,2)" fullname="ChessWithTDD.Tests.BishopTests.BishopCanMoveDiagonally(2,5,5,2)" methodname="BishopCanMoveDiagonally" classname="ChessWithTDD.Tests.BishopTests" runstate="Runnable" seed="1392112191" result="Passed" start-time="2017-07-31 22:42:34Z" end-time="2017-07-31 22:42:34Z" duration="0.231796" asserts="1" />
            <test-case id="0-1513" name="BishopCanMoveDiagonally(2,3,5,6)" fullname="ChessWithTDD.Tests.BishopTests.BishopCanMoveDiagonally(2,3,5,6)" methodname="BishopCanMoveDiagonally" classname="ChessWithTDD.Tests.BishopTests" runstate="Runnable" seed="1917898203" result="Passed" start-time="2017-07-31 22:42:34Z" end-time="2017-07-31 22:42:34Z" duration="0.000829" asserts="1" />
            <test-case id="0-1514" name="BishopCanMoveDiagonally(5,5,2,2)" fullname="ChessWithTDD.Tests.BishopTests.BishopCanMoveDiagonally(5,5,2,2)" methodname="BishopCanMoveDiagonally" classname="ChessWithTDD.Tests.BishopTests" runstate="Runnable" seed="432145889" result="Passed" start-time="2017-07-31 22:42:34Z" end-time="2017-07-31 22:42:34Z" duration="0.000781" asserts="1" />
            <test-case id="0-1515" name="BishopCanMoveDiagonally(5,2,2,5)" fullname="ChessWithTDD.Tests.BishopTests.BishopCanMoveDiagonally(5,2,2,5)" methodname="BishopCanMoveDiagonally" classname="ChessWithTDD.Tests.BishopTests" runstate="Runnable" seed="621487357" result="Passed" start-time="2017-07-31 22:42:34Z" end-time="2017-07-31 22:42:34Z" duration="0.000866" asserts="1" />
            <test-case id="0-1516" name="BishopCanMoveDiagonally(3,3,4,4)" fullname="ChessWithTDD.Tests.BishopTests.BishopCanMoveDiagonally(3,3,4,4)" methodname="BishopCanMoveDiagonally" classname="ChessWithTDD.Tests.BishopTests" runstate="Runnable" seed="1297526071" result="Passed" start-time="2017-07-31 22:42:34Z" end-time="2017-07-31 22:42:34Z" duration="0.000765" asserts="1" />
          </test-suite>
          <test-suite type="ParameterizedMethod" id="0-1523" name="BishopCannotMoveHorizontally" fullname="ChessWithTDD.Tests.BishopTests.BishopCannotMoveHorizontally" classname="ChessWithTDD.Tests.BishopTests" runstate="Runnable" testcasecount="2" result="Passed" start-time="2017-07-31 22:42:34Z" end-time="2017-07-31 22:42:34Z" duration="0.010506" total="2" passed="2" failed="0" warnings="0" inconclusive="0" skipped="0" asserts="2">
            <test-case id="0-1521" name="BishopCannotMoveHorizontally(2,6,2,0)" fullname="ChessWithTDD.Tests.BishopTests.BishopCannotMoveHorizontally(2,6,2,0)" methodname="BishopCannotMoveHorizontally" classname="ChessWithTDD.Tests.BishopTests" runstate="Runnable" seed="339050985" result="Passed" start-time="2017-07-31 22:42:34Z" end-time="2017-07-31 22:42:34Z" duration="0.002459" asserts="1" />
            <test-case id="0-1522" name="BishopCannotMoveHorizontally(2,2,2,7)" fullname="ChessWithTDD.Tests.BishopTests.BishopCannotMoveHorizontally(2,2,2,7)" methodname="BishopCannotMoveHorizontally" classname="ChessWithTDD.Tests.BishopTests" runstate="Runnable" seed="599332507" result="Passed" start-time="2017-07-31 22:42:34Z" end-time="2017-07-31 22:42:34Z" duration="0.001501" asserts="1" />
          </test-suite>
          <test-suite type="ParameterizedMethod" id="0-1527" name="BishopCannotMoveRandomlyIfNotDiagonal" fullname="ChessWithTDD.Tests.BishopTests.BishopCannotMoveRandomlyIfNotDiagonal" classname="ChessWithTDD.Tests.BishopTests" runstate="Runnable" testcasecount="3" result="Passed" start-time="2017-07-31 22:42:34Z" end-time="2017-07-31 22:42:34Z" duration="0.013525" total="3" passed="3" failed="0" warnings="0" inconclusive="0" skipped="0" asserts="3">
            <test-case id="0-1524" name="BishopCannotMoveRandomlyIfNotDiagonal(2,6,3,3)" fullname="ChessWithTDD.Tests.BishopTests.BishopCannotMoveRandomlyIfNotDiagonal(2,6,3,3)" methodname="BishopCannotMoveRandomlyIfNotDiagonal" classname="ChessWithTDD.Tests.BishopTests" runstate="Runnable" seed="575601559" result="Passed" start-time="2017-07-31 22:42:34Z" end-time="2017-07-31 22:42:34Z" duration="0.001887" asserts="1" />
            <test-case id="0-1525" name="BishopCannotMoveRandomlyIfNotDiagonal(3,1,4,5)" fullname="ChessWithTDD.Tests.BishopTests.BishopCannotMoveRandomlyIfNotDiagonal(3,1,4,5)" methodname="BishopCannotMoveRandomlyIfNotDiagonal" classname="ChessWithTDD.Tests.BishopTests" runstate="Runnable" seed="1427196531" result="Passed" start-time="2017-07-31 22:42:34Z" end-time="2017-07-31 22:42:34Z" duration="0.001550" asserts="1" />
            <test-case id="0-1526" name="BishopCannotMoveRandomlyIfNotDiagonal(6,6,2,7)" fullname="ChessWithTDD.Tests.BishopTests.BishopCannotMoveRandomlyIfNotDiagonal(6,6,2,7)" methodname="BishopCannotMoveRandomlyIfNotDiagonal" classname="ChessWithTDD.Tests.BishopTests" runstate="Runnable" seed="1521027863" result="Passed" start-time="2017-07-31 22:42:34Z" end-time="2017-07-31 22:42:34Z" duration="0.001568" asserts="1" />
          </test-suite>
          <test-suite type="ParameterizedMethod" id="0-1520" name="BishopCannotMoveVertically" fullname="ChessWithTDD.Tests.BishopTests.BishopCannotMoveVertically" classname="ChessWithTDD.Tests.BishopTests" runstate="Runnable" testcasecount="2" result="Passed" start-time="2017-07-31 22:42:34Z" end-time="2017-07-31 22:42:34Z" duration="0.008021" total="2" passed="2" failed="0" warnings="0" inconclusive="0" skipped="0" asserts="2">
            <test-case id="0-1518" name="BishopCannotMoveVertically(5,2,2,2)" fullname="ChessWithTDD.Tests.BishopTests.BishopCannotMoveVertically(5,2,2,2)" methodname="BishopCannotMoveVertically" classname="ChessWithTDD.Tests.BishopTests" runstate="Runnable" seed="1345654727" result="Passed" start-time="2017-07-31 22:42:34Z" end-time="2017-07-31 22:42:34Z" duration="0.001132" asserts="1" />
            <test-case id="0-1519" name="BishopCannotMoveVertically(2,2,5,2)" fullname="ChessWithTDD.Tests.BishopTests.BishopCannotMoveVertically(2,2,5,2)" methodname="BishopCannotMoveVertically" classname="ChessWithTDD.Tests.BishopTests" runstate="Runnable" seed="96695232" result="Passed" start-time="2017-07-31 22:42:34Z" end-time="2017-07-31 22:42:34Z" duration="0.000839" asserts="1" />
          </test-suite>
        </test-suite>
        <test-suite type="TestFixture" id="0-1528" name="BlackPawnTests" fullname="ChessWithTDD.Tests.BlackPawnTests" classname="ChessWithTDD.Tests.BlackPawnTests" runstate="Runnable" testcasecount="21" result="Passed" start-time="2017-07-31 22:42:34Z" end-time="2017-07-31 22:42:35Z" duration="0.125667" total="21" passed="21" failed="0" warnings="0" inconclusive="0" skipped="0" asserts="21">
          <test-suite type="ParameterizedMethod" id="0-1537" name="BlackPawnCanMoveDiagonallyDownTheBoardIfWhitePieceThere" fullname="ChessWithTDD.Tests.BlackPawnTests.BlackPawnCanMoveDiagonallyDownTheBoardIfWhitePieceThere" classname="ChessWithTDD.Tests.BlackPawnTests" runstate="Runnable" testcasecount="2" result="Passed" start-time="2017-07-31 22:42:34Z" end-time="2017-07-31 22:42:34Z" duration="0.012336" total="2" passed="2" failed="0" warnings="0" inconclusive="0" skipped="0" asserts="2">
            <test-case id="0-1535" name="BlackPawnCanMoveDiagonallyDownTheBoardIfWhitePieceThere(6,6,5,7)" fullname="ChessWithTDD.Tests.BlackPawnTests.BlackPawnCanMoveDiagonallyDownTheBoardIfWhitePieceThere(6,6,5,7)" methodname="BlackPawnCanMoveDiagonallyDownTheBoardIfWhitePieceThere" classname="ChessWithTDD.Tests.BlackPawnTests" runstate="Runnable" seed="1809829903" result="Passed" start-time="2017-07-31 22:42:34Z" end-time="2017-07-31 22:42:34Z" duration="0.005457" asserts="1" />
            <test-case id="0-1536" name="BlackPawnCanMoveDiagonallyDownTheBoardIfWhitePieceThere(6,6,5,5)" fullname="ChessWithTDD.Tests.BlackPawnTests.BlackPawnCanMoveDiagonallyDownTheBoardIfWhitePieceThere(6,6,5,5)" methodname="BlackPawnCanMoveDiagonallyDownTheBoardIfWhitePieceThere" classname="ChessWithTDD.Tests.BlackPawnTests" runstate="Runnable" seed="1296732688" result="Passed" start-time="2017-07-31 22:42:34Z" end-time="2017-07-31 22:42:34Z" duration="0.001918" asserts="1" />
          </test-suite>
          <test-suite type="ParameterizedMethod" id="0-1543" name="BlackPawnCanMoveDiagonallyDownwardsToEmptySquareIfToSquareHasEnPassantMark" fullname="ChessWithTDD.Tests.BlackPawnTests.BlackPawnCanMoveDiagonallyDownwardsToEmptySquareIfToSquareHasEnPassantMark" classname="ChessWithTDD.Tests.BlackPawnTests" runstate="Runnable" testcasecount="2" result="Passed" start-time="2017-07-31 22:42:34Z" end-time="2017-07-31 22:42:34Z" duration="0.009030" total="2" passed="2" failed="0" warnings="0" inconclusive="0" skipped="0" asserts="2">
            <test-case id="0-1541" name="BlackPawnCanMoveDiagonallyDownwardsToEmptySquareIfToSquareHasEnPassantMark(6,6,5,7)" fullname="ChessWithTDD.Tests.BlackPawnTests.BlackPawnCanMoveDiagonallyDownwardsToEmptySquareIfToSquareHasEnPassantMark(6,6,5,7)" methodname="BlackPawnCanMoveDiagonallyDownwardsToEmptySquareIfToSquareHasEnPassantMark" classname="ChessWithTDD.Tests.BlackPawnTests" runstate="Runnable" seed="56088460" result="Passed" start-time="2017-07-31 22:42:34Z" end-time="2017-07-31 22:42:34Z" duration="0.002804" asserts="1" />
            <test-case id="0-1542" name="BlackPawnCanMoveDiagonallyDownwardsToEmptySquareIfToSquareHasEnPassantMark(6,6,5,5)" fullname="ChessWithTDD.Tests.BlackPawnTests.BlackPawnCanMoveDiagonallyDownwardsToEmptySquareIfToSquareHasEnPassantMark(6,6,5,5)" methodname="BlackPawnCanMoveDiagonallyDownwardsToEmptySquareIfToSquareHasEnPassantMark" classname="ChessWithTDD.Tests.BlackPawnTests" runstate="Runnable" seed="920103494" result="Passed" start-time="2017-07-31 22:42:34Z" end-time="2017-07-31 22:42:34Z" duration="0.000894" asserts="1" />
          </test-suite>
          <test-suite type="ParameterizedMethod" id="0-1531" name="BlackPawnCanMoveOneVerticalPositionDownTheBoard" fullname="ChessWithTDD.Tests.BlackPawnTests.BlackPawnCanMoveOneVerticalPositionDownTheBoard" classname="ChessWithTDD.Tests.BlackPawnTests" runstate="Runnable" testcasecount="2" result="Passed" start-time="2017-07-31 22:42:34Z" end-time="2017-07-31 22:42:34Z" duration="0.008030" total="2" passed="2" failed="0" warnings="0" inconclusive="0" skipped="0" asserts="2">
            <test-case id="0-1529" name="BlackPawnCanMoveOneVerticalPositionDownTheBoard(5,2,4,2)" fullname="ChessWithTDD.Tests.BlackPawnTests.BlackPawnCanMoveOneVerticalPositionDownTheBoard(5,2,4,2)" methodname="BlackPawnCanMoveOneVerticalPositionDownTheBoard" classname="ChessWithTDD.Tests.BlackPawnTests" runstate="Runnable" seed="246789727" result="Passed" start-time="2017-07-31 22:42:34Z" end-time="2017-07-31 22:42:34Z" duration="0.001507" asserts="1" />
            <test-case id="0-1530" name="BlackPawnCanMoveOneVerticalPositionDownTheBoard(3,3,2,3)" fullname="ChessWithTDD.Tests.BlackPawnTests.BlackPawnCanMoveOneVerticalPositionDownTheBoard(3,3,2,3)" methodname="BlackPawnCanMoveOneVerticalPositionDownTheBoard" classname="ChessWithTDD.Tests.BlackPawnTests" runstate="Runnable" seed="835676223" result="Passed" start-time="2017-07-31 22:42:34Z" end-time="2017-07-31 22:42:34Z" duration="0.000796" asserts="1" />
          </test-suite>
          <test-suite type="ParameterizedMethod" id="0-1549" name="BlackPawnCanMoveTwoVerticalSpacesDownTheBoardIfItHasNotMovedBefore" fullname="ChessWithTDD.Tests.BlackPawnTests.BlackPawnCanMoveTwoVerticalSpacesDownTheBoardIfItHasNotMovedBefore" classname="ChessWithTDD.Tests.BlackPawnTests" runstate="Runnable" testcasecount="2" result="Passed" start-time="2017-07-31 22:42:35Z" end-time="2017-07-31 22:42:35Z" duration="0.009041" total="2" passed="2" failed="0" warnings="0" inconclusive="0" skipped="0" asserts="2">
            <test-case id="0-1547" name="BlackPawnCanMoveTwoVerticalSpacesDownTheBoardIfItHasNotMovedBefore(4,4,2,4)" fullname="ChessWithTDD.Tests.BlackPawnTests.BlackPawnCanMoveTwoVerticalSpacesDownTheBoardIfItHasNotMovedBefore(4,4,2,4)" methodname="BlackPawnCanMoveTwoVerticalSpacesDownTheBoardIfItHasNotMovedBefore" classname="ChessWithTDD.Tests.BlackPawnTests" runstate="Runnable" seed="67928073" result="Passed" start-time="2017-07-31 22:42:35Z" end-time="2017-07-31 22:42:35Z" duration="0.002341" asserts="1" />
            <test-case id="0-1548" name="BlackPawnCanMoveTwoVerticalSpacesDownTheBoardIfItHasNotMovedBefore(6,1,4,1)" fullname="ChessWithTDD.Tests.BlackPawnTests.BlackPawnCanMoveTwoVerticalSpacesDownTheBoardIfItHasNotMovedBefore(6,1,4,1)" methodname="BlackPawnCanMoveTwoVerticalSpacesDownTheBoardIfItHasNotMovedBefore" classname="ChessWithTDD.Tests.BlackPawnTests" runstate="Runnable" seed="576254958" result="Passed" start-time="2017-07-31 22:42:35Z" end-time="2017-07-31 22:42:35Z" duration="0.000809" asserts="1" />
          </test-suite>
          <test-suite type="ParameterizedMethod" id="0-1540" name="BlackPawnCannotMoveDiagonallyBelowIfNoPieceThere" fullname="ChessWithTDD.Tests.BlackPawnTests.BlackPawnCannotMoveDiagonallyBelowIfNoPieceThere" classname="ChessWithTDD.Tests.BlackPawnTests" runstate="Runnable" testcasecount="2" result="Passed" start-time="2017-07-31 22:42:35Z" end-time="2017-07-31 22:42:35Z" duration="0.007546" total="2" passed="2" failed="0" warnings="0" inconclusive="0" skipped="0" asserts="2">
            <test-case id="0-1538" name="BlackPawnCannotMoveDiagonallyBelowIfNoPieceThere(6,6,5,7)" fullname="ChessWithTDD.Tests.BlackPawnTests.BlackPawnCannotMoveDiagonallyBelowIfNoPieceThere(6,6,5,7)" methodname="BlackPawnCannotMoveDiagonallyBelowIfNoPieceThere" classname="ChessWithTDD.Tests.BlackPawnTests" runstate="Runnable" seed="1755892240" result="Passed" start-time="2017-07-31 22:42:35Z" end-time="2017-07-31 22:42:35Z" duration="0.001180" asserts="1" />
            <test-case id="0-1539" name="BlackPawnCannotMoveDiagonallyBelowIfNoPieceThere(6,6,5,5)" fullname="ChessWithTDD.Tests.BlackPawnTests.BlackPawnCannotMoveDiagonallyBelowIfNoPieceThere(6,6,5,5)" methodname="BlackPawnCannotMoveDiagonallyBelowIfNoPieceThere" classname="ChessWithTDD.Tests.BlackPawnTests" runstate="Runnable" seed="1384607341" result="Passed" start-time="2017-07-31 22:42:35Z" end-time="2017-07-31 22:42:35Z" duration="0.000830" asserts="1" />
          </test-suite>
          <test-suite type="ParameterizedMethod" id="0-1546" name="BlackPawnCannotMoveDiagonallyDownwardsToEmptySquareIfToSquareHasNoEnPassantMark" fullname="ChessWithTDD.Tests.BlackPawnTests.BlackPawnCannotMoveDiagonallyDownwardsToEmptySquareIfToSquareHasNoEnPassantMark" classname="ChessWithTDD.Tests.BlackPawnTests" runstate="Runnable" testcasecount="2" result="Passed" start-time="2017-07-31 22:42:35Z" end-time="2017-07-31 22:42:35Z" duration="0.007529" total="2" passed="2" failed="0" warnings="0" inconclusive="0" skipped="0" asserts="2">
            <test-case id="0-1544" name="BlackPawnCannotMoveDiagonallyDownwardsToEmptySquareIfToSquareHasNoEnPassantMark(6,6,5,7)" fullname="ChessWithTDD.Tests.BlackPawnTests.BlackPawnCannotMoveDiagonallyDownwardsToEmptySquareIfToSquareHasNoEnPassantMark(6,6,5,7)" methodname="BlackPawnCannotMoveDiagonallyDownwardsToEmptySquareIfToSquareHasNoEnPassantMark" classname="ChessWithTDD.Tests.BlackPawnTests" runstate="Runnable" seed="1665653456" result="Passed" start-time="2017-07-31 22:42:35Z" end-time="2017-07-31 22:42:35Z" duration="0.001263" asserts="1" />
            <test-case id="0-1545" name="BlackPawnCannotMoveDiagonallyDownwardsToEmptySquareIfToSquareHasNoEnPassantMark(6,6,5,5)" fullname="ChessWithTDD.Tests.BlackPawnTests.BlackPawnCannotMoveDiagonallyDownwardsToEmptySquareIfToSquareHasNoEnPassantMark(6,6,5,5)" methodname="BlackPawnCannotMoveDiagonallyDownwardsToEmptySquareIfToSquareHasNoEnPassantMark" classname="ChessWithTDD.Tests.BlackPawnTests" runstate="Runnable" seed="2076970058" result="Passed" start-time="2017-07-31 22:42:35Z" end-time="2017-07-31 22:42:35Z" duration="0.000886" asserts="1" />
          </test-suite>
          <test-suite type="ParameterizedMethod" id="0-1560" name="BlackPawnCannotMoveOneHorizontalPositionAcrossTheBoard" fullname="ChessWithTDD.Tests.BlackPawnTests.BlackPawnCannotMoveOneHorizontalPositionAcrossTheBoard" classname="ChessWithTDD.Tests.BlackPawnTests" runstate="Runnable" testcasecount="2" result="Passed" start-time="2017-07-31 22:42:35Z" end-time="2017-07-31 22:42:35Z" duration="0.008018" total="2" passed="2" failed="0" warnings="0" inconclusive="0" skipped="0" asserts="2">
            <test-case id="0-1558" name="BlackPawnCannotMoveOneHorizontalPositionAcrossTheBoard(5,2,5,3)" fullname="ChessWithTDD.Tests.BlackPawnTests.BlackPawnCannotMoveOneHorizontalPositionAcrossTheBoard(5,2,5,3)" methodname="BlackPawnCannotMoveOneHorizontalPositionAcrossTheBoard" classname="ChessWithTDD.Tests.BlackPawnTests" runstate="Runnable" seed="1324731169" result="Passed" start-time="2017-07-31 22:42:35Z" end-time="2017-07-31 22:42:35Z" duration="0.001060" asserts="1" />
            <test-case id="0-1559" name="BlackPawnCannotMoveOneHorizontalPositionAcrossTheBoard(3,3,3,2)" fullname="ChessWithTDD.Tests.BlackPawnTests.BlackPawnCannotMoveOneHorizontalPositionAcrossTheBoard(3,3,3,2)" methodname="BlackPawnCannotMoveOneHorizontalPositionAcrossTheBoard" classname="ChessWithTDD.Tests.BlackPawnTests" runstate="Runnable" seed="1982377588" result="Passed" start-time="2017-07-31 22:42:35Z" end-time="2017-07-31 22:42:35Z" duration="0.000833" asserts="1" />
          </test-suite>
          <test-suite type="ParameterizedMethod" id="0-1534" name="BlackPawnCannotMoveOneVerticalPositionDownTheBoardIfWhitePieceThere" fullname="ChessWithTDD.Tests.BlackPawnTests.BlackPawnCannotMoveOneVerticalPositionDownTheBoardIfWhitePieceThere" classname="ChessWithTDD.Tests.BlackPawnTests" runstate="Runnable" testcasecount="2" result="Passed" start-time="2017-07-31 22:42:35Z" end-time="2017-07-31 22:42:35Z" duration="0.009058" total="2" passed="2" failed="0" warnings="0" inconclusive="0" skipped="0" asserts="2">
            <test-case id="0-1532" name="BlackPawnCannotMoveOneVerticalPositionDownTheBoardIfWhitePieceThere(5,2,4,2)" fullname="ChessWithTDD.Tests.BlackPawnTests.BlackPawnCannotMoveOneVerticalPositionDownTheBoardIfWhitePieceThere(5,2,4,2)" methodname="BlackPawnCannotMoveOneVerticalPositionDownTheBoardIfWhitePieceThere" classname="ChessWithTDD.Tests.BlackPawnTests" runstate="Runnable" seed="2113263228" result="Passed" start-time="2017-07-31 22:42:35Z" end-time="2017-07-31 22:42:35Z" duration="0.001532" asserts="1" />
            <test-case id="0-1533" name="BlackPawnCannotMoveOneVerticalPositionDownTheBoardIfWhitePieceThere(3,3,2,3)" fullname="ChessWithTDD.Tests.BlackPawnTests.BlackPawnCannotMoveOneVerticalPositionDownTheBoardIfWhitePieceThere(3,3,2,3)" methodname="BlackPawnCannotMoveOneVerticalPositionDownTheBoardIfWhitePieceThere" classname="ChessWithTDD.Tests.BlackPawnTests" runstate="Runnable" seed="261900985" result="Passed" start-time="2017-07-31 22:42:35Z" end-time="2017-07-31 22:42:35Z" duration="0.001027" asserts="1" />
          </test-suite>
          <test-suite type="ParameterizedMethod" id="0-1557" name="BlackPawnCannotMoveOneVerticalPositionUpTheBoard" fullname="ChessWithTDD.Tests.BlackPawnTests.BlackPawnCannotMoveOneVerticalPositionUpTheBoard" classname="ChessWithTDD.Tests.BlackPawnTests" runstate="Runnable" testcasecount="1" result="Passed" start-time="2017-07-31 22:42:35Z" end-time="2017-07-31 22:42:35Z" duration="0.003981" total="1" passed="1" failed="0" warnings="0" inconclusive="0" skipped="0" asserts="1">
            <test-case id="0-1556" name="BlackPawnCannotMoveOneVerticalPositionUpTheBoard(0,1,1,1)" fullname="ChessWithTDD.Tests.BlackPawnTests.BlackPawnCannotMoveOneVerticalPositionUpTheBoard(0,1,1,1)" methodname="BlackPawnCannotMoveOneVerticalPositionUpTheBoard" classname="ChessWithTDD.Tests.BlackPawnTests" runstate="Runnable" seed="862195365" result="Passed" start-time="2017-07-31 22:42:35Z" end-time="2017-07-31 22:42:35Z" duration="0.001088" asserts="1" />
          </test-suite>
          <test-suite type="ParameterizedMethod" id="0-1552" name="BlackPawnCannotMoveTwoVerticalSpacesDownTheBoardIfItHasMovedBefore" fullname="ChessWithTDD.Tests.BlackPawnTests.BlackPawnCannotMoveTwoVerticalSpacesDownTheBoardIfItHasMovedBefore" classname="ChessWithTDD.Tests.BlackPawnTests" runstate="Runnable" testcasecount="2" result="Passed" start-time="2017-07-31 22:42:35Z" end-time="2017-07-31 22:42:35Z" duration="0.008524" total="2" passed="2" failed="0" warnings="0" inconclusive="0" skipped="0" asserts="2">
            <test-case id="0-1550" name="BlackPawnCannotMoveTwoVerticalSpacesDownTheBoardIfItHasMovedBefore(4,4,2,4)" fullname="ChessWithTDD.Tests.BlackPawnTests.BlackPawnCannotMoveTwoVerticalSpacesDownTheBoardIfItHasMovedBefore(4,4,2,4)" methodname="BlackPawnCannotMoveTwoVerticalSpacesDownTheBoardIfItHasMovedBefore" classname="ChessWithTDD.Tests.BlackPawnTests" runstate="Runnable" seed="1597604411" result="Passed" start-time="2017-07-31 22:42:35Z" end-time="2017-07-31 22:42:35Z" duration="0.001093" asserts="1" />
            <test-case id="0-1551" name="BlackPawnCannotMoveTwoVerticalSpacesDownTheBoardIfItHasMovedBefore(6,1,4,1)" fullname="ChessWithTDD.Tests.BlackPawnTests.BlackPawnCannotMoveTwoVerticalSpacesDownTheBoardIfItHasMovedBefore(6,1,4,1)" methodname="BlackPawnCannotMoveTwoVerticalSpacesDownTheBoardIfItHasMovedBefore" classname="ChessWithTDD.Tests.BlackPawnTests" runstate="Runnable" seed="794171815" result="Passed" start-time="2017-07-31 22:42:35Z" end-time="2017-07-31 22:42:35Z" duration="0.000967" asserts="1" />
          </test-suite>
          <test-suite type="ParameterizedMethod" id="0-1555" name="BlackPawnCannotMoveTwoVerticalSpacesDownTheBoardIfItHasNotMovedButToSquareContainsAPiece" fullname="ChessWithTDD.Tests.BlackPawnTests.BlackPawnCannotMoveTwoVerticalSpacesDownTheBoardIfItHasNotMovedButToSquareContainsAPiece" classname="ChessWithTDD.Tests.BlackPawnTests" runstate="Runnable" testcasecount="2" result="Passed" start-time="2017-07-31 22:42:35Z" end-time="2017-07-31 22:42:35Z" duration="0.007973" total="2" passed="2" failed="0" warnings="0" inconclusive="0" skipped="0" asserts="2">
            <test-case id="0-1553" name="BlackPawnCannotMoveTwoVerticalSpacesDownTheBoardIfItHasNotMovedButToSquareContainsAPiece(4,4,2,4)" fullname="ChessWithTDD.Tests.BlackPawnTests.BlackPawnCannotMoveTwoVerticalSpacesDownTheBoardIfItHasNotMovedButToSquareContainsAPiece(4,4,2,4)" methodname="BlackPawnCannotMoveTwoVerticalSpacesDownTheBoardIfItHasNotMovedButToSquareContainsAPiece" classname="ChessWithTDD.Tests.BlackPawnTests" runstate="Runnable" seed="447736985" result="Passed" start-time="2017-07-31 22:42:35Z" end-time="2017-07-31 22:42:35Z" duration="0.001353" asserts="1" />
            <test-case id="0-1554" name="BlackPawnCannotMoveTwoVerticalSpacesDownTheBoardIfItHasNotMovedButToSquareContainsAPiece(6,1,4,1)" fullname="ChessWithTDD.Tests.BlackPawnTests.BlackPawnCannotMoveTwoVerticalSpacesDownTheBoardIfItHasNotMovedButToSquareContainsAPiece(6,1,4,1)" methodname="BlackPawnCannotMoveTwoVerticalSpacesDownTheBoardIfItHasNotMovedButToSquareContainsAPiece" classname="ChessWithTDD.Tests.BlackPawnTests" runstate="Runnable" seed="994013612" result="Passed" start-time="2017-07-31 22:42:35Z" end-time="2017-07-31 22:42:35Z" duration="0.000955" asserts="1" />
          </test-suite>
        </test-suite>
        <test-suite type="TestFixture" id="0-1000" name="BoardCacheTests" fullname="ChessWithTDD.Tests.BoardCacheTests" classname="ChessWithTDD.Tests.BoardCacheTests" runstate="Runnable" testcasecount="13" result="Passed" start-time="2017-07-31 22:42:35Z" end-time="2017-07-31 22:42:35Z" duration="0.273146" total="13" passed="13" failed="0" warnings="0" inconclusive="0" skipped="0" asserts="48">
          <test-case id="0-1001" name="BlackKingIsSavedToBlackKingSquareIfInPendingUpdatesOfBoardAndUpdatesCleared" fullname="ChessWithTDD.Tests.BoardCacheTests.BlackKingIsSavedToBlackKingSquareIfInPendingUpdatesOfBoardAndUpdatesCleared" methodname="BlackKingIsSavedToBlackKingSquareIfInPendingUpdatesOfBoardAndUpdatesCleared" classname="ChessWithTDD.Tests.BoardCacheTests" runstate="Runnable" seed="897078032" result="Passed" start-time="2017-07-31 22:42:35Z" end-time="2017-07-31 22:42:35Z" duration="0.083878" asserts="3" />
          <test-case id="0-1013" name="BoardCacheInitialisedWithBlackBackRowCorrectly" fullname="ChessWithTDD.Tests.BoardCacheTests.BoardCacheInitialisedWithBlackBackRowCorrectly" methodname="BoardCacheInitialisedWithBlackBackRowCorrectly" classname="ChessWithTDD.Tests.BoardCacheTests" runstate="Runnable" seed="1259194541" result="Passed" start-time="2017-07-31 22:42:35Z" end-time="2017-07-31 22:42:35Z" duration="0.104233" asserts="7" />
          <test-case id="0-1009" name="BoardCacheInitialisedWithBlackKingCorrectly" fullname="ChessWithTDD.Tests.BoardCacheTests.BoardCacheInitialisedWithBlackKingCorrectly" methodname="BoardCacheInitialisedWithBlackKingCorrectly" classname="ChessWithTDD.Tests.BoardCacheTests" runstate="Runnable" seed="1676921276" result="Passed" start-time="2017-07-31 22:42:35Z" end-time="2017-07-31 22:42:35Z" duration="0.001729" asserts="1" />
          <test-case id="0-1011" name="BoardCacheInitialisedWithBlackPawnsCorrectly" fullname="ChessWithTDD.Tests.BoardCacheTests.BoardCacheInitialisedWithBlackPawnsCorrectly" methodname="BoardCacheInitialisedWithBlackPawnsCorrectly" classname="ChessWithTDD.Tests.BoardCacheTests" runstate="Runnable" seed="438827899" result="Passed" start-time="2017-07-31 22:42:35Z" end-time="2017-07-31 22:42:35Z" duration="0.002124" asserts="8" />
          <test-case id="0-1007" name="BoardCacheInitialisedWithCorrectBoard" fullname="ChessWithTDD.Tests.BoardCacheTests.BoardCacheInitialisedWithCorrectBoard" methodname="BoardCacheInitialisedWithCorrectBoard" classname="ChessWithTDD.Tests.BoardCacheTests" runstate="Runnable" seed="653163130" result="Passed" start-time="2017-07-31 22:42:35Z" end-time="2017-07-31 22:42:35Z" duration="0.001059" asserts="1" />
          <test-case id="0-1012" name="BoardCacheInitialisedWithWhiteBackRowCorrectly" fullname="ChessWithTDD.Tests.BoardCacheTests.BoardCacheInitialisedWithWhiteBackRowCorrectly" methodname="BoardCacheInitialisedWithWhiteBackRowCorrectly" classname="ChessWithTDD.Tests.BoardCacheTests" runstate="Runnable" seed="1258680849" result="Passed" start-time="2017-07-31 22:42:35Z" end-time="2017-07-31 22:42:35Z" duration="0.002412" asserts="7" />
          <test-case id="0-1008" name="BoardCacheInitialisedWithWhiteKingCorrectly" fullname="ChessWithTDD.Tests.BoardCacheTests.BoardCacheInitialisedWithWhiteKingCorrectly" methodname="BoardCacheInitialisedWithWhiteKingCorrectly" classname="ChessWithTDD.Tests.BoardCacheTests" runstate="Runnable" seed="952977729" result="Passed" start-time="2017-07-31 22:42:35Z" end-time="2017-07-31 22:42:35Z" duration="0.001988" asserts="1" />
          <test-case id="0-1010" name="BoardCacheInitialisedWithWhitePawnsCorrectly" fullname="ChessWithTDD.Tests.BoardCacheTests.BoardCacheInitialisedWithWhitePawnsCorrectly" methodname="BoardCacheInitialisedWithWhitePawnsCorrectly" classname="ChessWithTDD.Tests.BoardCacheTests" runstate="Runnable" seed="1619022405" result="Passed" start-time="2017-07-31 22:42:35Z" end-time="2017-07-31 22:42:35Z" duration="0.004785" asserts="8" />
          <test-case id="0-1003" name="NothingIsSavedForSquaresWithNoPieceButItIsRemoved" fullname="ChessWithTDD.Tests.BoardCacheTests.NothingIsSavedForSquaresWithNoPieceButItIsRemoved" methodname="NothingIsSavedForSquaresWithNoPieceButItIsRemoved" classname="ChessWithTDD.Tests.BoardCacheTests" runstate="Runnable" seed="805876410" result="Passed" start-time="2017-07-31 22:42:35Z" end-time="2017-07-31 22:42:35Z" duration="0.005899" asserts="3" />
          <test-case id="0-1006" name="SquareInPendingUpdatesWithBlackPieceIsAddedToBlackPieceCacheAndRemovedFromPendingUpdates" fullname="ChessWithTDD.Tests.BoardCacheTests.SquareInPendingUpdatesWithBlackPieceIsAddedToBlackPieceCacheAndRemovedFromPendingUpdates" methodname="SquareInPendingUpdatesWithBlackPieceIsAddedToBlackPieceCacheAndRemovedFromPendingUpdates" classname="ChessWithTDD.Tests.BoardCacheTests" runstate="Runnable" seed="952922003" result="Passed" start-time="2017-07-31 22:42:35Z" end-time="2017-07-31 22:42:35Z" duration="0.007560" asserts="2" />
          <test-case id="0-1004" name="SquareInPendingUpdatesWithNoPieceIsRemovedFromBoardCacheAndPendingUpdates" fullname="ChessWithTDD.Tests.BoardCacheTests.SquareInPendingUpdatesWithNoPieceIsRemovedFromBoardCacheAndPendingUpdates" methodname="SquareInPendingUpdatesWithNoPieceIsRemovedFromBoardCacheAndPendingUpdates" classname="ChessWithTDD.Tests.BoardCacheTests" runstate="Runnable" seed="453158245" result="Passed" start-time="2017-07-31 22:42:35Z" end-time="2017-07-31 22:42:35Z" duration="0.008422" asserts="2" />
          <test-case id="0-1005" name="SquareInPendingUpdatesWithWhitePieceIsAddedToWhitePieceCacheAndRemovedFromPendingUpdates" fullname="ChessWithTDD.Tests.BoardCacheTests.SquareInPendingUpdatesWithWhitePieceIsAddedToWhitePieceCacheAndRemovedFromPendingUpdates" methodname="SquareInPendingUpdatesWithWhitePieceIsAddedToWhitePieceCacheAndRemovedFromPendingUpdates" classname="ChessWithTDD.Tests.BoardCacheTests" runstate="Runnable" seed="1830959644" result="Passed" start-time="2017-07-31 22:42:35Z" end-time="2017-07-31 22:42:35Z" duration="0.004901" asserts="2" />
          <test-case id="0-1002" name="WhiteKingIsSavedToWhiteKingSquareAndWhitePiecesIfInPendingUpdatesOfBoardAndUpdatesCleared" fullname="ChessWithTDD.Tests.BoardCacheTests.WhiteKingIsSavedToWhiteKingSquareAndWhitePiecesIfInPendingUpdatesOfBoardAndUpdatesCleared" methodname="WhiteKingIsSavedToWhiteKingSquareAndWhitePiecesIfInPendingUpdatesOfBoardAndUpdatesCleared" classname="ChessWithTDD.Tests.BoardCacheTests" runstate="Runnable" seed="1030332367" result="Passed" start-time="2017-07-31 22:42:35Z" end-time="2017-07-31 22:42:35Z" duration="0.005258" asserts="3" />
        </test-suite>
        <test-suite type="TestFixture" id="0-1014" name="BoardInitialiserTests" fullname="ChessWithTDD.Tests.BoardInitialiserTests" classname="ChessWithTDD.Tests.BoardInitialiserTests" runstate="Runnable" testcasecount="11" result="Passed" start-time="2017-07-31 22:42:35Z" end-time="2017-07-31 22:42:35Z" duration="0.550006" total="11" passed="11" failed="0" warnings="0" inconclusive="0" skipped="0" asserts="1">
          <test-case id="0-1022" name="BoardBlackBishopsSetupCorrectly" fullname="ChessWithTDD.Tests.BoardInitialiserTests.BoardBlackBishopsSetupCorrectly" methodname="BoardBlackBishopsSetupCorrectly" classname="ChessWithTDD.Tests.BoardInitialiserTests" runstate="Runnable" seed="1996269907" result="Passed" start-time="2017-07-31 22:42:35Z" end-time="2017-07-31 22:42:35Z" duration="0.109579" asserts="0" />
          <test-case id="0-1020" name="BoardBlackKnightsSetupCorrectly" fullname="ChessWithTDD.Tests.BoardInitialiserTests.BoardBlackKnightsSetupCorrectly" methodname="BoardBlackKnightsSetupCorrectly" classname="ChessWithTDD.Tests.BoardInitialiserTests" runstate="Runnable" seed="835860898" result="Passed" start-time="2017-07-31 22:42:35Z" end-time="2017-07-31 22:42:35Z" duration="0.019590" asserts="0" />
          <test-case id="0-1016" name="BoardBlackPawnRowSetupCorrectly" fullname="ChessWithTDD.Tests.BoardInitialiserTests.BoardBlackPawnRowSetupCorrectly" methodname="BoardBlackPawnRowSetupCorrectly" classname="ChessWithTDD.Tests.BoardInitialiserTests" runstate="Runnable" seed="1149867751" result="Passed" start-time="2017-07-31 22:42:35Z" end-time="2017-07-31 22:42:35Z" duration="0.112920" asserts="0" />
          <test-case id="0-1018" name="BoardBlackRooksSetupCorrectly" fullname="ChessWithTDD.Tests.BoardInitialiserTests.BoardBlackRooksSetupCorrectly" methodname="BoardBlackRooksSetupCorrectly" classname="ChessWithTDD.Tests.BoardInitialiserTests" runstate="Runnable" seed="1573182314" result="Passed" start-time="2017-07-31 22:42:35Z" end-time="2017-07-31 22:42:35Z" duration="0.020043" asserts="0" />
          <test-case id="0-1024" name="BoardKingsSetupCorrectly" fullname="ChessWithTDD.Tests.BoardInitialiserTests.BoardKingsSetupCorrectly" methodname="BoardKingsSetupCorrectly" classname="ChessWithTDD.Tests.BoardInitialiserTests" runstate="Runnable" seed="1027681216" result="Passed" start-time="2017-07-31 22:42:35Z" end-time="2017-07-31 22:42:35Z" duration="0.018773" asserts="0" />
          <test-case id="0-1023" name="BoardQueensSetupCorrectly" fullname="ChessWithTDD.Tests.BoardInitialiserTests.BoardQueensSetupCorrectly" methodname="BoardQueensSetupCorrectly" classname="ChessWithTDD.Tests.BoardInitialiserTests" runstate="Runnable" seed="752394661" result="Passed" start-time="2017-07-31 22:42:35Z" end-time="2017-07-31 22:42:35Z" duration="0.040833" asserts="0" />
          <test-case id="0-1025" name="BoardSetSquareCalledCorrectNumberOfTimesDuringInitialisation" fullname="ChessWithTDD.Tests.BoardInitialiserTests.BoardSetSquareCalledCorrectNumberOfTimesDuringInitialisation" methodname="BoardSetSquareCalledCorrectNumberOfTimesDuringInitialisation" classname="ChessWithTDD.Tests.BoardInitialiserTests" runstate="Runnable" seed="856032551" result="Passed" start-time="2017-07-31 22:42:35Z" end-time="2017-07-31 22:42:35Z" duration="0.007535" asserts="1" />
          <test-case id="0-1021" name="BoardWhiteBishopsSetupCorrectly" fullname="ChessWithTDD.Tests.BoardInitialiserTests.BoardWhiteBishopsSetupCorrectly" methodname="BoardWhiteBishopsSetupCorrectly" classname="ChessWithTDD.Tests.BoardInitialiserTests" runstate="Runnable" seed="1577857194" result="Passed" start-time="2017-07-31 22:42:35Z" end-time="2017-07-31 22:42:35Z" duration="0.043579" asserts="0" />
          <test-case id="0-1019" name="BoardWhiteKnightsSetupCorrectly" fullname="ChessWithTDD.Tests.BoardInitialiserTests.BoardWhiteKnightsSetupCorrectly" methodname="BoardWhiteKnightsSetupCorrectly" classname="ChessWithTDD.Tests.BoardInitialiserTests" runstate="Runnable" seed="469655296" result="Passed" start-time="2017-07-31 22:42:35Z" end-time="2017-07-31 22:42:35Z" duration="0.019612" asserts="0" />
          <test-case id="0-1015" name="BoardWhitePawnRowSetupCorrectly" fullname="ChessWithTDD.Tests.BoardInitialiserTests.BoardWhitePawnRowSetupCorrectly" methodname="BoardWhitePawnRowSetupCorrectly" classname="ChessWithTDD.Tests.BoardInitialiserTests" runstate="Runnable" seed="238191775" result="Passed" start-time="2017-07-31 22:42:35Z" end-time="2017-07-31 22:42:35Z" duration="0.103609" asserts="0" />
          <test-case id="0-1017" name="BoardWhiteRooksSetupCorrectly" fullname="ChessWithTDD.Tests.BoardInitialiserTests.BoardWhiteRooksSetupCorrectly" methodname="BoardWhiteRooksSetupCorrectly" classname="ChessWithTDD.Tests.BoardInitialiserTests" runstate="Runnable" seed="589412579" result="Passed" start-time="2017-07-31 22:42:35Z" end-time="2017-07-31 22:42:35Z" duration="0.019089" asserts="0" />
        </test-suite>
        <test-suite type="TestFixture" id="0-1561" name="BoardTests" fullname="ChessWithTDD.Tests.BoardTests" classname="ChessWithTDD.Tests.BoardTests" runstate="Runnable" testcasecount="62" result="Passed" start-time="2017-07-31 22:42:35Z" end-time="2017-07-31 22:42:36Z" duration="0.431795" total="62" passed="62" failed="0" warnings="0" inconclusive="0" skipped="0" asserts="115">
          <test-suite type="ParameterizedMethod" id="0-1583" name="ApplyingMoveAddsMoveDataToMoveListAtTheEnd" fullname="ChessWithTDD.Tests.BoardTests.ApplyingMoveAddsMoveDataToMoveListAtTheEnd" classname="ChessWithTDD.Tests.BoardTests" runstate="Runnable" testcasecount="2" result="Passed" start-time="2017-07-31 22:42:35Z" end-time="2017-07-31 22:42:35Z" duration="0.018441" total="2" passed="2" failed="0" warnings="0" inconclusive="0" skipped="0" asserts="4">
            <test-case id="0-1581" name="ApplyingMoveAddsMoveDataToMoveListAtTheEnd(1,2,3,4,True,False,False)" fullname="ChessWithTDD.Tests.BoardTests.ApplyingMoveAddsMoveDataToMoveListAtTheEnd(1,2,3,4,True,False,False)" methodname="ApplyingMoveAddsMoveDataToMoveListAtTheEnd" classname="ChessWithTDD.Tests.BoardTests" runstate="Runnable" seed="1284875885" result="Passed" start-time="2017-07-31 22:42:35Z" end-time="2017-07-31 22:42:35Z" duration="0.010891" asserts="2" />
            <test-case id="0-1582" name="ApplyingMoveAddsMoveDataToMoveListAtTheEnd(1,2,3,4,True,True,False)" fullname="ChessWithTDD.Tests.BoardTests.ApplyingMoveAddsMoveDataToMoveListAtTheEnd(1,2,3,4,True,True,False)" methodname="ApplyingMoveAddsMoveDataToMoveListAtTheEnd" classname="ChessWithTDD.Tests.BoardTests" runstate="Runnable" seed="24049359" result="Passed" start-time="2017-07-31 22:42:35Z" end-time="2017-07-31 22:42:35Z" duration="0.002145" asserts="2" />
          </test-suite>
          <test-case id="0-1572" name="ApplyingMoveCallsMoveExecutorWithCorrectArguments" fullname="ChessWithTDD.Tests.BoardTests.ApplyingMoveCallsMoveExecutorWithCorrectArguments" methodname="ApplyingMoveCallsMoveExecutorWithCorrectArguments" classname="ChessWithTDD.Tests.BoardTests" runstate="Runnable" seed="1316514590" result="Passed" start-time="2017-07-31 22:42:35Z" end-time="2017-07-31 22:42:35Z" duration="0.008066" asserts="0" />
          <test-suite type="ParameterizedMethod" id="0-1580" name="ApplyingMoveFiresMoveAppliedEvent" fullname="ChessWithTDD.Tests.BoardTests.ApplyingMoveFiresMoveAppliedEvent" classname="ChessWithTDD.Tests.BoardTests" runstate="Runnable" testcasecount="6" result="Passed" start-time="2017-07-31 22:42:35Z" end-time="2017-07-31 22:42:36Z" duration="0.046695" total="6" passed="6" failed="0" warnings="0" inconclusive="0" skipped="0" asserts="30">
            <test-case id="0-1574" name="ApplyingMoveFiresMoveAppliedEvent(1,2,3,4,False,False,False)" fullname="ChessWithTDD.Tests.BoardTests.ApplyingMoveFiresMoveAppliedEvent(1,2,3,4,False,False,False)" methodname="ApplyingMoveFiresMoveAppliedEvent" classname="ChessWithTDD.Tests.BoardTests" runstate="Runnable" seed="703717155" result="Passed" start-time="2017-07-31 22:42:35Z" end-time="2017-07-31 22:42:35Z" duration="0.005921" asserts="5" />
            <test-case id="0-1575" name="ApplyingMoveFiresMoveAppliedEvent(1,2,3,4,False,True,False)" fullname="ChessWithTDD.Tests.BoardTests.ApplyingMoveFiresMoveAppliedEvent(1,2,3,4,False,True,False)" methodname="ApplyingMoveFiresMoveAppliedEvent" classname="ChessWithTDD.Tests.BoardTests" runstate="Runnable" seed="26218158" result="Passed" start-time="2017-07-31 22:42:35Z" end-time="2017-07-31 22:42:35Z" duration="0.004065" asserts="5" />
            <test-case id="0-1576" name="ApplyingMoveFiresMoveAppliedEvent(1,2,3,4,False,True,True)" fullname="ChessWithTDD.Tests.BoardTests.ApplyingMoveFiresMoveAppliedEvent(1,2,3,4,False,True,True)" methodname="ApplyingMoveFiresMoveAppliedEvent" classname="ChessWithTDD.Tests.BoardTests" runstate="Runnable" seed="369161965" result="Passed" start-time="2017-07-31 22:42:35Z" end-time="2017-07-31 22:42:35Z" duration="0.004010" asserts="5" />
            <test-case id="0-1577" name="ApplyingMoveFiresMoveAppliedEvent(1,2,3,4,True,False,False)" fullname="ChessWithTDD.Tests.BoardTests.ApplyingMoveFiresMoveAppliedEvent(1,2,3,4,True,False,False)" methodname="ApplyingMoveFiresMoveAppliedEvent" classname="ChessWithTDD.Tests.BoardTests" runstate="Runnable" seed="1925092442" result="Passed" start-time="2017-07-31 22:42:35Z" end-time="2017-07-31 22:42:35Z" duration="0.005892" asserts="5" />
            <test-case id="0-1578" name="ApplyingMoveFiresMoveAppliedEvent(1,2,3,4,True,True,False)" fullname="ChessWithTDD.Tests.BoardTests.ApplyingMoveFiresMoveAppliedEvent(1,2,3,4,True,True,False)" methodname="ApplyingMoveFiresMoveAppliedEvent" classname="ChessWithTDD.Tests.BoardTests" runstate="Runnable" seed="330261175" result="Passed" start-time="2017-07-31 22:42:35Z" end-time="2017-07-31 22:42:35Z" duration="0.004090" asserts="5" />
            <test-case id="0-1579" name="ApplyingMoveFiresMoveAppliedEvent(1,2,3,4,True,True,True)" fullname="ChessWithTDD.Tests.BoardTests.ApplyingMoveFiresMoveAppliedEvent(1,2,3,4,True,True,True)" methodname="ApplyingMoveFiresMoveAppliedEvent" classname="ChessWithTDD.Tests.BoardTests" runstate="Runnable" seed="2039247714" result="Passed" start-time="2017-07-31 22:42:35Z" end-time="2017-07-31 22:42:36Z" duration="0.003531" asserts="5" />
          </test-suite>
          <test-case id="0-1573" name="ApplyingMoveIncrementsTurnCounter" fullname="ChessWithTDD.Tests.BoardTests.ApplyingMoveIncrementsTurnCounter" methodname="ApplyingMoveIncrementsTurnCounter" classname="ChessWithTDD.Tests.BoardTests" runstate="Runnable" seed="587143974" result="Passed" start-time="2017-07-31 22:42:36Z" end-time="2017-07-31 22:42:36Z" duration="0.001922" asserts="1" />
          <test-suite type="ParameterizedMethod" id="0-1595" name="ApplyingWithoutCheckAndMateAddsMoveDataToMoveListAtTheEnd" fullname="ChessWithTDD.Tests.BoardTests.ApplyingWithoutCheckAndMateAddsMoveDataToMoveListAtTheEnd" classname="ChessWithTDD.Tests.BoardTests" runstate="Runnable" testcasecount="2" result="Passed" start-time="2017-07-31 22:42:36Z" end-time="2017-07-31 22:42:36Z" duration="0.011495" total="2" passed="2" failed="0" warnings="0" inconclusive="0" skipped="0" asserts="4">
            <test-case id="0-1593" name="ApplyingWithoutCheckAndMateAddsMoveDataToMoveListAtTheEnd(1,2,3,4,True,False,False)" fullname="ChessWithTDD.Tests.BoardTests.ApplyingWithoutCheckAndMateAddsMoveDataToMoveListAtTheEnd(1,2,3,4,True,False,False)" methodname="ApplyingWithoutCheckAndMateAddsMoveDataToMoveListAtTheEnd" classname="ChessWithTDD.Tests.BoardTests" runstate="Runnable" seed="102640529" result="Passed" start-time="2017-07-31 22:42:36Z" end-time="2017-07-31 22:42:36Z" duration="0.003492" asserts="2" />
            <test-case id="0-1594" name="ApplyingWithoutCheckAndMateAddsMoveDataToMoveListAtTheEnd(1,2,3,4,True,True,False)" fullname="ChessWithTDD.Tests.BoardTests.ApplyingWithoutCheckAndMateAddsMoveDataToMoveListAtTheEnd(1,2,3,4,True,True,False)" methodname="ApplyingWithoutCheckAndMateAddsMoveDataToMoveListAtTheEnd" classname="ChessWithTDD.Tests.BoardTests" runstate="Runnable" seed="420614456" result="Passed" start-time="2017-07-31 22:42:36Z" end-time="2017-07-31 22:42:36Z" duration="0.001852" asserts="2" />
          </test-suite>
          <test-case id="0-1584" name="ApplyingWithoutCheckAndMateCallsMoveExecutorWithCorrectArguments" fullname="ChessWithTDD.Tests.BoardTests.ApplyingWithoutCheckAndMateCallsMoveExecutorWithCorrectArguments" methodname="ApplyingWithoutCheckAndMateCallsMoveExecutorWithCorrectArguments" classname="ChessWithTDD.Tests.BoardTests" runstate="Runnable" seed="1802505024" result="Passed" start-time="2017-07-31 22:42:36Z" end-time="2017-07-31 22:42:36Z" duration="0.002781" asserts="0" />
          <test-suite type="ParameterizedMethod" id="0-1592" name="ApplyingWithoutCheckAndMateFiresMoveAppliedEvent" fullname="ChessWithTDD.Tests.BoardTests.ApplyingWithoutCheckAndMateFiresMoveAppliedEvent" classname="ChessWithTDD.Tests.BoardTests" runstate="Runnable" testcasecount="6" result="Passed" start-time="2017-07-31 22:42:36Z" end-time="2017-07-31 22:42:36Z" duration="0.029033" total="6" passed="6" failed="0" warnings="0" inconclusive="0" skipped="0" asserts="30">
            <test-case id="0-1586" name="ApplyingWithoutCheckAndMateFiresMoveAppliedEvent(1,2,3,4,False,False,False)" fullname="ChessWithTDD.Tests.BoardTests.ApplyingWithoutCheckAndMateFiresMoveAppliedEvent(1,2,3,4,False,False,False)" methodname="ApplyingWithoutCheckAndMateFiresMoveAppliedEvent" classname="ChessWithTDD.Tests.BoardTests" runstate="Runnable" seed="115787978" result="Passed" start-time="2017-07-31 22:42:36Z" end-time="2017-07-31 22:42:36Z" duration="0.002720" asserts="5" />
            <test-case id="0-1587" name="ApplyingWithoutCheckAndMateFiresMoveAppliedEvent(1,2,3,4,False,True,False)" fullname="ChessWithTDD.Tests.BoardTests.ApplyingWithoutCheckAndMateFiresMoveAppliedEvent(1,2,3,4,False,True,False)" methodname="ApplyingWithoutCheckAndMateFiresMoveAppliedEvent" classname="ChessWithTDD.Tests.BoardTests" runstate="Runnable" seed="1188021562" result="Passed" start-time="2017-07-31 22:42:36Z" end-time="2017-07-31 22:42:36Z" duration="0.001840" asserts="5" />
            <test-case id="0-1588" name="ApplyingWithoutCheckAndMateFiresMoveAppliedEvent(1,2,3,4,False,True,True)" fullname="ChessWithTDD.Tests.BoardTests.ApplyingWithoutCheckAndMateFiresMoveAppliedEvent(1,2,3,4,False,True,True)" methodname="ApplyingWithoutCheckAndMateFiresMoveAppliedEvent" classname="ChessWithTDD.Tests.BoardTests" runstate="Runnable" seed="659425955" result="Passed" start-time="2017-07-31 22:42:36Z" end-time="2017-07-31 22:42:36Z" duration="0.001740" asserts="5" />
            <test-case id="0-1589" name="ApplyingWithoutCheckAndMateFiresMoveAppliedEvent(1,2,3,4,True,False,False)" fullname="ChessWithTDD.Tests.BoardTests.ApplyingWithoutCheckAndMateFiresMoveAppliedEvent(1,2,3,4,True,False,False)" methodname="ApplyingWithoutCheckAndMateFiresMoveAppliedEvent" classname="ChessWithTDD.Tests.BoardTests" runstate="Runnable" seed="1176996760" result="Passed" start-time="2017-07-31 22:42:36Z" end-time="2017-07-31 22:42:36Z" duration="0.001733" asserts="5" />
            <test-case id="0-1590" name="ApplyingWithoutCheckAndMateFiresMoveAppliedEvent(1,2,3,4,True,True,False)" fullname="ChessWithTDD.Tests.BoardTests.ApplyingWithoutCheckAndMateFiresMoveAppliedEvent(1,2,3,4,True,True,False)" methodname="ApplyingWithoutCheckAndMateFiresMoveAppliedEvent" classname="ChessWithTDD.Tests.BoardTests" runstate="Runnable" seed="1212626008" result="Passed" start-time="2017-07-31 22:42:36Z" end-time="2017-07-31 22:42:36Z" duration="0.001922" asserts="5" />
            <test-case id="0-1591" name="ApplyingWithoutCheckAndMateFiresMoveAppliedEvent(1,2,3,4,True,True,True)" fullname="ChessWithTDD.Tests.BoardTests.ApplyingWithoutCheckAndMateFiresMoveAppliedEvent(1,2,3,4,True,True,True)" methodname="ApplyingWithoutCheckAndMateFiresMoveAppliedEvent" classname="ChessWithTDD.Tests.BoardTests" runstate="Runnable" seed="1339840151" result="Passed" start-time="2017-07-31 22:42:36Z" end-time="2017-07-31 22:42:36Z" duration="0.001796" asserts="5" />
          </test-suite>
          <test-case id="0-1585" name="ApplyingWithoutCheckAndMateIncrementsTurnCounter" fullname="ChessWithTDD.Tests.BoardTests.ApplyingWithoutCheckAndMateIncrementsTurnCounter" methodname="ApplyingWithoutCheckAndMateIncrementsTurnCounter" classname="ChessWithTDD.Tests.BoardTests" runstate="Runnable" seed="691320067" result="Passed" start-time="2017-07-31 22:42:36Z" end-time="2017-07-31 22:42:36Z" duration="0.001794" asserts="1" />
          <test-case id="0-1562" name="BoardIsInitialisedWithCorrectDimensions" fullname="ChessWithTDD.Tests.BoardTests.BoardIsInitialisedWithCorrectDimensions" methodname="BoardIsInitialisedWithCorrectDimensions" classname="ChessWithTDD.Tests.BoardTests" runstate="Runnable" seed="649544327" result="Passed" start-time="2017-07-31 22:42:36Z" end-time="2017-07-31 22:42:36Z" duration="0.001881" asserts="1" />
          <test-case id="0-1565" name="InitialiseBoardCacheIsCalledWhenCreatingABoardInstance" fullname="ChessWithTDD.Tests.BoardTests.InitialiseBoardCacheIsCalledWhenCreatingABoardInstance" methodname="InitialiseBoardCacheIsCalledWhenCreatingABoardInstance" classname="ChessWithTDD.Tests.BoardTests" runstate="Runnable" seed="1386233224" result="Passed" start-time="2017-07-31 22:42:36Z" end-time="2017-07-31 22:42:36Z" duration="0.003442" asserts="0" />
          <test-case id="0-1564" name="InitialiseBoardIsCalledWhenCreatingABoardInstance" fullname="ChessWithTDD.Tests.BoardTests.InitialiseBoardIsCalledWhenCreatingABoardInstance" methodname="InitialiseBoardIsCalledWhenCreatingABoardInstance" classname="ChessWithTDD.Tests.BoardTests" runstate="Runnable" seed="1119911140" result="Passed" start-time="2017-07-31 22:42:36Z" end-time="2017-07-31 22:42:36Z" duration="0.002999" asserts="0" />
          <test-case id="0-1569" name="MoveIsNotValidIfMoveValidatorAndPiecePassButMoveIntoCheckValidatorFails" fullname="ChessWithTDD.Tests.BoardTests.MoveIsNotValidIfMoveValidatorAndPiecePassButMoveIntoCheckValidatorFails" methodname="MoveIsNotValidIfMoveValidatorAndPiecePassButMoveIntoCheckValidatorFails" classname="ChessWithTDD.Tests.BoardTests" runstate="Runnable" seed="1236315320" result="Passed" start-time="2017-07-31 22:42:36Z" end-time="2017-07-31 22:42:36Z" duration="0.017425" asserts="1" />
          <test-case id="0-1567" name="MoveIsNotValidIfMoveValidatorReturnsFalse" fullname="ChessWithTDD.Tests.BoardTests.MoveIsNotValidIfMoveValidatorReturnsFalse" methodname="MoveIsNotValidIfMoveValidatorReturnsFalse" classname="ChessWithTDD.Tests.BoardTests" runstate="Runnable" seed="2085131946" result="Passed" start-time="2017-07-31 22:42:36Z" end-time="2017-07-31 22:42:36Z" duration="0.002402" asserts="1" />
          <test-case id="0-1568" name="MoveIsNotValidIfMoveValidatorReturnsTrueButFromSquarePieceCannotMove" fullname="ChessWithTDD.Tests.BoardTests.MoveIsNotValidIfMoveValidatorReturnsTrueButFromSquarePieceCannotMove" methodname="MoveIsNotValidIfMoveValidatorReturnsTrueButFromSquarePieceCannotMove" classname="ChessWithTDD.Tests.BoardTests" runstate="Runnable" seed="1755608312" result="Passed" start-time="2017-07-31 22:42:36Z" end-time="2017-07-31 22:42:36Z" duration="0.002377" asserts="1" />
          <test-case id="0-1570" name="MoveIsValidIfAllValidationPasses" fullname="ChessWithTDD.Tests.BoardTests.MoveIsValidIfAllValidationPasses" methodname="MoveIsValidIfAllValidationPasses" classname="ChessWithTDD.Tests.BoardTests" runstate="Runnable" seed="557501798" result="Passed" start-time="2017-07-31 22:42:36Z" end-time="2017-07-31 22:42:36Z" duration="0.003123" asserts="1" />
          <test-case id="0-1566" name="MoveValidatorIsCalledWhenMoveIsValidIsCalled" fullname="ChessWithTDD.Tests.BoardTests.MoveValidatorIsCalledWhenMoveIsValidIsCalled" methodname="MoveValidatorIsCalledWhenMoveIsValidIsCalled" classname="ChessWithTDD.Tests.BoardTests" runstate="Runnable" seed="1368271329" result="Passed" start-time="2017-07-31 22:42:36Z" end-time="2017-07-31 22:42:36Z" duration="0.003544" asserts="0" />
          <test-suite type="ParameterizedMethod" id="0-1603" name="MovingTeamKingSquareIsBlackKingOfBoardCacheForOddTurnCounters" fullname="ChessWithTDD.Tests.BoardTests.MovingTeamKingSquareIsBlackKingOfBoardCacheForOddTurnCounters" classname="ChessWithTDD.Tests.BoardTests" runstate="Runnable" testcasecount="3" result="Passed" start-time="2017-07-31 22:42:36Z" end-time="2017-07-31 22:42:36Z" duration="0.014504" total="3" passed="3" failed="0" warnings="0" inconclusive="0" skipped="0" asserts="3">
            <test-case id="0-1600" name="MovingTeamKingSquareIsBlackKingOfBoardCacheForOddTurnCounters(1)" fullname="ChessWithTDD.Tests.BoardTests.MovingTeamKingSquareIsBlackKingOfBoardCacheForOddTurnCounters(1)" methodname="MovingTeamKingSquareIsBlackKingOfBoardCacheForOddTurnCounters" classname="ChessWithTDD.Tests.BoardTests" runstate="Runnable" seed="90297226" result="Passed" start-time="2017-07-31 22:42:36Z" end-time="2017-07-31 22:42:36Z" duration="0.003285" asserts="1" />
            <test-case id="0-1601" name="MovingTeamKingSquareIsBlackKingOfBoardCacheForOddTurnCounters(3)" fullname="ChessWithTDD.Tests.BoardTests.MovingTeamKingSquareIsBlackKingOfBoardCacheForOddTurnCounters(3)" methodname="MovingTeamKingSquareIsBlackKingOfBoardCacheForOddTurnCounters" classname="ChessWithTDD.Tests.BoardTests" runstate="Runnable" seed="2026822922" result="Passed" start-time="2017-07-31 22:42:36Z" end-time="2017-07-31 22:42:36Z" duration="0.001413" asserts="1" />
            <test-case id="0-1602" name="MovingTeamKingSquareIsBlackKingOfBoardCacheForOddTurnCounters(19)" fullname="ChessWithTDD.Tests.BoardTests.MovingTeamKingSquareIsBlackKingOfBoardCacheForOddTurnCounters(19)" methodname="MovingTeamKingSquareIsBlackKingOfBoardCacheForOddTurnCounters" classname="ChessWithTDD.Tests.BoardTests" runstate="Runnable" seed="458529913" result="Passed" start-time="2017-07-31 22:42:36Z" end-time="2017-07-31 22:42:36Z" duration="0.001349" asserts="1" />
          </test-suite>
          <test-suite type="ParameterizedMethod" id="0-1607" name="MovingTeamKingSquareIsWhiteKingOfBoardCacheForEvenTurnCounters" fullname="ChessWithTDD.Tests.BoardTests.MovingTeamKingSquareIsWhiteKingOfBoardCacheForEvenTurnCounters" classname="ChessWithTDD.Tests.BoardTests" runstate="Runnable" testcasecount="3" result="Passed" start-time="2017-07-31 22:42:36Z" end-time="2017-07-31 22:42:36Z" duration="0.014503" total="3" passed="3" failed="0" warnings="0" inconclusive="0" skipped="0" asserts="3">
            <test-case id="0-1604" name="MovingTeamKingSquareIsWhiteKingOfBoardCacheForEvenTurnCounters(0)" fullname="ChessWithTDD.Tests.BoardTests.MovingTeamKingSquareIsWhiteKingOfBoardCacheForEvenTurnCounters(0)" methodname="MovingTeamKingSquareIsWhiteKingOfBoardCacheForEvenTurnCounters" classname="ChessWithTDD.Tests.BoardTests" runstate="Runnable" seed="1575321211" result="Passed" start-time="2017-07-31 22:42:36Z" end-time="2017-07-31 22:42:36Z" duration="0.002307" asserts="1" />
            <test-case id="0-1605" name="MovingTeamKingSquareIsWhiteKingOfBoardCacheForEvenTurnCounters(2)" fullname="ChessWithTDD.Tests.BoardTests.MovingTeamKingSquareIsWhiteKingOfBoardCacheForEvenTurnCounters(2)" methodname="MovingTeamKingSquareIsWhiteKingOfBoardCacheForEvenTurnCounters" classname="ChessWithTDD.Tests.BoardTests" runstate="Runnable" seed="888610270" result="Passed" start-time="2017-07-31 22:42:36Z" end-time="2017-07-31 22:42:36Z" duration="0.001532" asserts="1" />
            <test-case id="0-1606" name="MovingTeamKingSquareIsWhiteKingOfBoardCacheForEvenTurnCounters(22)" fullname="ChessWithTDD.Tests.BoardTests.MovingTeamKingSquareIsWhiteKingOfBoardCacheForEvenTurnCounters(22)" methodname="MovingTeamKingSquareIsWhiteKingOfBoardCacheForEvenTurnCounters" classname="ChessWithTDD.Tests.BoardTests" runstate="Runnable" seed="710686884" result="Passed" start-time="2017-07-31 22:42:36Z" end-time="2017-07-31 22:42:36Z" duration="0.001301" asserts="1" />
          </test-suite>
          <test-suite type="ParameterizedMethod" id="0-1619" name="MovingTeamPieceSquaresIsBlackTeamOfBoardCacheForOddTurnCounters" fullname="ChessWithTDD.Tests.BoardTests.MovingTeamPieceSquaresIsBlackTeamOfBoardCacheForOddTurnCounters" classname="ChessWithTDD.Tests.BoardTests" runstate="Runnable" testcasecount="3" result="Passed" start-time="2017-07-31 22:42:36Z" end-time="2017-07-31 22:42:36Z" duration="0.034053" total="3" passed="3" failed="0" warnings="0" inconclusive="0" skipped="0" asserts="3">
            <test-case id="0-1616" name="MovingTeamPieceSquaresIsBlackTeamOfBoardCacheForOddTurnCounters(1)" fullname="ChessWithTDD.Tests.BoardTests.MovingTeamPieceSquaresIsBlackTeamOfBoardCacheForOddTurnCounters(1)" methodname="MovingTeamPieceSquaresIsBlackTeamOfBoardCacheForOddTurnCounters" classname="ChessWithTDD.Tests.BoardTests" runstate="Runnable" seed="349448233" result="Passed" start-time="2017-07-31 22:42:36Z" end-time="2017-07-31 22:42:36Z" duration="0.022660" asserts="1" />
            <test-case id="0-1617" name="MovingTeamPieceSquaresIsBlackTeamOfBoardCacheForOddTurnCounters(3)" fullname="ChessWithTDD.Tests.BoardTests.MovingTeamPieceSquaresIsBlackTeamOfBoardCacheForOddTurnCounters(3)" methodname="MovingTeamPieceSquaresIsBlackTeamOfBoardCacheForOddTurnCounters" classname="ChessWithTDD.Tests.BoardTests" runstate="Runnable" seed="1632187602" result="Passed" start-time="2017-07-31 22:42:36Z" end-time="2017-07-31 22:42:36Z" duration="0.001466" asserts="1" />
            <test-case id="0-1618" name="MovingTeamPieceSquaresIsBlackTeamOfBoardCacheForOddTurnCounters(19)" fullname="ChessWithTDD.Tests.BoardTests.MovingTeamPieceSquaresIsBlackTeamOfBoardCacheForOddTurnCounters(19)" methodname="MovingTeamPieceSquaresIsBlackTeamOfBoardCacheForOddTurnCounters" classname="ChessWithTDD.Tests.BoardTests" runstate="Runnable" seed="528048809" result="Passed" start-time="2017-07-31 22:42:36Z" end-time="2017-07-31 22:42:36Z" duration="0.001340" asserts="1" />
          </test-suite>
          <test-suite type="ParameterizedMethod" id="0-1623" name="MovingTeamPieceSquaresIsWhiteTeamOfBoardCacheForEvenTurnCounters" fullname="ChessWithTDD.Tests.BoardTests.MovingTeamPieceSquaresIsWhiteTeamOfBoardCacheForEvenTurnCounters" classname="ChessWithTDD.Tests.BoardTests" runstate="Runnable" testcasecount="3" result="Passed" start-time="2017-07-31 22:42:36Z" end-time="2017-07-31 22:42:36Z" duration="0.015498" total="3" passed="3" failed="0" warnings="0" inconclusive="0" skipped="0" asserts="3">
            <test-case id="0-1620" name="MovingTeamPieceSquaresIsWhiteTeamOfBoardCacheForEvenTurnCounters(0)" fullname="ChessWithTDD.Tests.BoardTests.MovingTeamPieceSquaresIsWhiteTeamOfBoardCacheForEvenTurnCounters(0)" methodname="MovingTeamPieceSquaresIsWhiteTeamOfBoardCacheForEvenTurnCounters" classname="ChessWithTDD.Tests.BoardTests" runstate="Runnable" seed="436902690" result="Passed" start-time="2017-07-31 22:42:36Z" end-time="2017-07-31 22:42:36Z" duration="0.002360" asserts="1" />
            <test-case id="0-1621" name="MovingTeamPieceSquaresIsWhiteTeamOfBoardCacheForEvenTurnCounters(2)" fullname="ChessWithTDD.Tests.BoardTests.MovingTeamPieceSquaresIsWhiteTeamOfBoardCacheForEvenTurnCounters(2)" methodname="MovingTeamPieceSquaresIsWhiteTeamOfBoardCacheForEvenTurnCounters" classname="ChessWithTDD.Tests.BoardTests" runstate="Runnable" seed="1918474736" result="Passed" start-time="2017-07-31 22:42:36Z" end-time="2017-07-31 22:42:36Z" duration="0.001308" asserts="1" />
            <test-case id="0-1622" name="MovingTeamPieceSquaresIsWhiteTeamOfBoardCacheForEvenTurnCounters(22)" fullname="ChessWithTDD.Tests.BoardTests.MovingTeamPieceSquaresIsWhiteTeamOfBoardCacheForEvenTurnCounters(22)" methodname="MovingTeamPieceSquaresIsWhiteTeamOfBoardCacheForEvenTurnCounters" classname="ChessWithTDD.Tests.BoardTests" runstate="Runnable" seed="1548836120" result="Passed" start-time="2017-07-31 22:42:36Z" end-time="2017-07-31 22:42:36Z" duration="0.002601" asserts="1" />
          </test-suite>
          <test-suite type="ParameterizedMethod" id="0-1611" name="OtherTeamKingSquareIsBlackKingOfBoardCacheForEvenTurnCounters" fullname="ChessWithTDD.Tests.BoardTests.OtherTeamKingSquareIsBlackKingOfBoardCacheForEvenTurnCounters" classname="ChessWithTDD.Tests.BoardTests" runstate="Runnable" testcasecount="3" result="Passed" start-time="2017-07-31 22:42:36Z" end-time="2017-07-31 22:42:36Z" duration="0.014528" total="3" passed="3" failed="0" warnings="0" inconclusive="0" skipped="0" asserts="3">
            <test-case id="0-1608" name="OtherTeamKingSquareIsBlackKingOfBoardCacheForEvenTurnCounters(0)" fullname="ChessWithTDD.Tests.BoardTests.OtherTeamKingSquareIsBlackKingOfBoardCacheForEvenTurnCounters(0)" methodname="OtherTeamKingSquareIsBlackKingOfBoardCacheForEvenTurnCounters" classname="ChessWithTDD.Tests.BoardTests" runstate="Runnable" seed="1317107661" result="Passed" start-time="2017-07-31 22:42:36Z" end-time="2017-07-31 22:42:36Z" duration="0.002595" asserts="1" />
            <test-case id="0-1609" name="OtherTeamKingSquareIsBlackKingOfBoardCacheForEvenTurnCounters(2)" fullname="ChessWithTDD.Tests.BoardTests.OtherTeamKingSquareIsBlackKingOfBoardCacheForEvenTurnCounters(2)" methodname="OtherTeamKingSquareIsBlackKingOfBoardCacheForEvenTurnCounters" classname="ChessWithTDD.Tests.BoardTests" runstate="Runnable" seed="1295648095" result="Passed" start-time="2017-07-31 22:42:36Z" end-time="2017-07-31 22:42:36Z" duration="0.001397" asserts="1" />
            <test-case id="0-1610" name="OtherTeamKingSquareIsBlackKingOfBoardCacheForEvenTurnCounters(22)" fullname="ChessWithTDD.Tests.BoardTests.OtherTeamKingSquareIsBlackKingOfBoardCacheForEvenTurnCounters(22)" methodname="OtherTeamKingSquareIsBlackKingOfBoardCacheForEvenTurnCounters" classname="ChessWithTDD.Tests.BoardTests" runstate="Runnable" seed="2028886671" result="Passed" start-time="2017-07-31 22:42:36Z" end-time="2017-07-31 22:42:36Z" duration="0.001464" asserts="1" />
          </test-suite>
          <test-suite type="ParameterizedMethod" id="0-1615" name="OtherTeamKingSquareIsWhiteKingOfBoardCacheForOddTurnCounters" fullname="ChessWithTDD.Tests.BoardTests.OtherTeamKingSquareIsWhiteKingOfBoardCacheForOddTurnCounters" classname="ChessWithTDD.Tests.BoardTests" runstate="Runnable" testcasecount="3" result="Passed" start-time="2017-07-31 22:42:36Z" end-time="2017-07-31 22:42:36Z" duration="0.016027" total="3" passed="3" failed="0" warnings="0" inconclusive="0" skipped="0" asserts="3">
            <test-case id="0-1612" name="OtherTeamKingSquareIsWhiteKingOfBoardCacheForOddTurnCounters(1)" fullname="ChessWithTDD.Tests.BoardTests.OtherTeamKingSquareIsWhiteKingOfBoardCacheForOddTurnCounters(1)" methodname="OtherTeamKingSquareIsWhiteKingOfBoardCacheForOddTurnCounters" classname="ChessWithTDD.Tests.BoardTests" runstate="Runnable" seed="1038779993" result="Passed" start-time="2017-07-31 22:42:36Z" end-time="2017-07-31 22:42:36Z" duration="0.002595" asserts="1" />
            <test-case id="0-1613" name="OtherTeamKingSquareIsWhiteKingOfBoardCacheForOddTurnCounters(3)" fullname="ChessWithTDD.Tests.BoardTests.OtherTeamKingSquareIsWhiteKingOfBoardCacheForOddTurnCounters(3)" methodname="OtherTeamKingSquareIsWhiteKingOfBoardCacheForOddTurnCounters" classname="ChessWithTDD.Tests.BoardTests" runstate="Runnable" seed="377532189" result="Passed" start-time="2017-07-31 22:42:36Z" end-time="2017-07-31 22:42:36Z" duration="0.001327" asserts="1" />
            <test-case id="0-1614" name="OtherTeamKingSquareIsWhiteKingOfBoardCacheForOddTurnCounters(19)" fullname="ChessWithTDD.Tests.BoardTests.OtherTeamKingSquareIsWhiteKingOfBoardCacheForOddTurnCounters(19)" methodname="OtherTeamKingSquareIsWhiteKingOfBoardCacheForOddTurnCounters" classname="ChessWithTDD.Tests.BoardTests" runstate="Runnable" seed="2009594615" result="Passed" start-time="2017-07-31 22:42:36Z" end-time="2017-07-31 22:42:36Z" duration="0.001380" asserts="1" />
          </test-suite>
          <test-suite type="ParameterizedMethod" id="0-1627" name="OtherTeamPieceSquaresIsBlackTeamOfBoardCacheForEvenTurnCounters" fullname="ChessWithTDD.Tests.BoardTests.OtherTeamPieceSquaresIsBlackTeamOfBoardCacheForEvenTurnCounters" classname="ChessWithTDD.Tests.BoardTests" runstate="Runnable" testcasecount="3" result="Passed" start-time="2017-07-31 22:42:36Z" end-time="2017-07-31 22:42:36Z" duration="0.014031" total="3" passed="3" failed="0" warnings="0" inconclusive="0" skipped="0" asserts="3">
            <test-case id="0-1624" name="OtherTeamPieceSquaresIsBlackTeamOfBoardCacheForEvenTurnCounters(0)" fullname="ChessWithTDD.Tests.BoardTests.OtherTeamPieceSquaresIsBlackTeamOfBoardCacheForEvenTurnCounters(0)" methodname="OtherTeamPieceSquaresIsBlackTeamOfBoardCacheForEvenTurnCounters" classname="ChessWithTDD.Tests.BoardTests" runstate="Runnable" seed="1100784576" result="Passed" start-time="2017-07-31 22:42:36Z" end-time="2017-07-31 22:42:36Z" duration="0.002752" asserts="1" />
            <test-case id="0-1625" name="OtherTeamPieceSquaresIsBlackTeamOfBoardCacheForEvenTurnCounters(2)" fullname="ChessWithTDD.Tests.BoardTests.OtherTeamPieceSquaresIsBlackTeamOfBoardCacheForEvenTurnCounters(2)" methodname="OtherTeamPieceSquaresIsBlackTeamOfBoardCacheForEvenTurnCounters" classname="ChessWithTDD.Tests.BoardTests" runstate="Runnable" seed="1291875139" result="Passed" start-time="2017-07-31 22:42:36Z" end-time="2017-07-31 22:42:36Z" duration="0.001313" asserts="1" />
            <test-case id="0-1626" name="OtherTeamPieceSquaresIsBlackTeamOfBoardCacheForEvenTurnCounters(22)" fullname="ChessWithTDD.Tests.BoardTests.OtherTeamPieceSquaresIsBlackTeamOfBoardCacheForEvenTurnCounters(22)" methodname="OtherTeamPieceSquaresIsBlackTeamOfBoardCacheForEvenTurnCounters" classname="ChessWithTDD.Tests.BoardTests" runstate="Runnable" seed="468602680" result="Passed" start-time="2017-07-31 22:42:36Z" end-time="2017-07-31 22:42:36Z" duration="0.001264" asserts="1" />
          </test-suite>
          <test-suite type="ParameterizedMethod" id="0-1631" name="OtherTeamPieceSquaresIsWhiteTeamOfBoardCacheForOddTurnCounters" fullname="ChessWithTDD.Tests.BoardTests.OtherTeamPieceSquaresIsWhiteTeamOfBoardCacheForOddTurnCounters" classname="ChessWithTDD.Tests.BoardTests" runstate="Runnable" testcasecount="3" result="Passed" start-time="2017-07-31 22:42:36Z" end-time="2017-07-31 22:42:36Z" duration="0.013541" total="3" passed="3" failed="0" warnings="0" inconclusive="0" skipped="0" asserts="3">
            <test-case id="0-1628" name="OtherTeamPieceSquaresIsWhiteTeamOfBoardCacheForOddTurnCounters(1)" fullname="ChessWithTDD.Tests.BoardTests.OtherTeamPieceSquaresIsWhiteTeamOfBoardCacheForOddTurnCounters(1)" methodname="OtherTeamPieceSquaresIsWhiteTeamOfBoardCacheForOddTurnCounters" classname="ChessWithTDD.Tests.BoardTests" runstate="Runnable" seed="98711305" result="Passed" start-time="2017-07-31 22:42:36Z" end-time="2017-07-31 22:42:36Z" duration="0.002108" asserts="1" />
            <test-case id="0-1629" name="OtherTeamPieceSquaresIsWhiteTeamOfBoardCacheForOddTurnCounters(3)" fullname="ChessWithTDD.Tests.BoardTests.OtherTeamPieceSquaresIsWhiteTeamOfBoardCacheForOddTurnCounters(3)" methodname="OtherTeamPieceSquaresIsWhiteTeamOfBoardCacheForOddTurnCounters" classname="ChessWithTDD.Tests.BoardTests" runstate="Runnable" seed="1229684344" result="Passed" start-time="2017-07-31 22:42:36Z" end-time="2017-07-31 22:42:36Z" duration="0.001255" asserts="1" />
            <test-case id="0-1630" name="OtherTeamPieceSquaresIsWhiteTeamOfBoardCacheForOddTurnCounters(19)" fullname="ChessWithTDD.Tests.BoardTests.OtherTeamPieceSquaresIsWhiteTeamOfBoardCacheForOddTurnCounters(19)" methodname="OtherTeamPieceSquaresIsWhiteTeamOfBoardCacheForOddTurnCounters" classname="ChessWithTDD.Tests.BoardTests" runstate="Runnable" seed="1150575800" result="Passed" start-time="2017-07-31 22:42:36Z" end-time="2017-07-31 22:42:36Z" duration="0.001232" asserts="1" />
          </test-suite>
          <test-case id="0-1563" name="SquareAtPositionFiveSixOnBoardHasRowFiveAndColSix" fullname="ChessWithTDD.Tests.BoardTests.SquareAtPositionFiveSixOnBoardHasRowFiveAndColSix" methodname="SquareAtPositionFiveSixOnBoardHasRowFiveAndColSix" classname="ChessWithTDD.Tests.BoardTests" runstate="Runnable" seed="553152907" result="Passed" start-time="2017-07-31 22:42:36Z" end-time="2017-07-31 22:42:36Z" duration="0.001635" asserts="1" />
          <test-suite type="ParameterizedMethod" id="0-1639" name="TeamWithTurnIsBlackForOddTurnCounters" fullname="ChessWithTDD.Tests.BoardTests.TeamWithTurnIsBlackForOddTurnCounters" classname="ChessWithTDD.Tests.BoardTests" runstate="Runnable" testcasecount="3" result="Passed" start-time="2017-07-31 22:42:36Z" end-time="2017-07-31 22:42:36Z" duration="0.012513" total="3" passed="3" failed="0" warnings="0" inconclusive="0" skipped="0" asserts="3">
            <test-case id="0-1636" name="TeamWithTurnIsBlackForOddTurnCounters(1)" fullname="ChessWithTDD.Tests.BoardTests.TeamWithTurnIsBlackForOddTurnCounters(1)" methodname="TeamWithTurnIsBlackForOddTurnCounters" classname="ChessWithTDD.Tests.BoardTests" runstate="Runnable" seed="92361646" result="Passed" start-time="2017-07-31 22:42:36Z" end-time="2017-07-31 22:42:36Z" duration="0.001252" asserts="1" />
            <test-case id="0-1637" name="TeamWithTurnIsBlackForOddTurnCounters(3)" fullname="ChessWithTDD.Tests.BoardTests.TeamWithTurnIsBlackForOddTurnCounters(3)" methodname="TeamWithTurnIsBlackForOddTurnCounters" classname="ChessWithTDD.Tests.BoardTests" runstate="Runnable" seed="544843133" result="Passed" start-time="2017-07-31 22:42:36Z" end-time="2017-07-31 22:42:36Z" duration="0.001047" asserts="1" />
            <test-case id="0-1638" name="TeamWithTurnIsBlackForOddTurnCounters(19)" fullname="ChessWithTDD.Tests.BoardTests.TeamWithTurnIsBlackForOddTurnCounters(19)" methodname="TeamWithTurnIsBlackForOddTurnCounters" classname="ChessWithTDD.Tests.BoardTests" runstate="Runnable" seed="1221352212" result="Passed" start-time="2017-07-31 22:42:36Z" end-time="2017-07-31 22:42:36Z" duration="0.001010" asserts="1" />
          </test-suite>
          <test-suite type="ParameterizedMethod" id="0-1635" name="TeamWithTurnIsWhiteForEvenTurnCounters" fullname="ChessWithTDD.Tests.BoardTests.TeamWithTurnIsWhiteForEvenTurnCounters" classname="ChessWithTDD.Tests.BoardTests" runstate="Runnable" testcasecount="3" result="Passed" start-time="2017-07-31 22:42:36Z" end-time="2017-07-31 22:42:36Z" duration="0.012491" total="3" passed="3" failed="0" warnings="0" inconclusive="0" skipped="0" asserts="3">
            <test-case id="0-1632" name="TeamWithTurnIsWhiteForEvenTurnCounters(0)" fullname="ChessWithTDD.Tests.BoardTests.TeamWithTurnIsWhiteForEvenTurnCounters(0)" methodname="TeamWithTurnIsWhiteForEvenTurnCounters" classname="ChessWithTDD.Tests.BoardTests" runstate="Runnable" seed="795097931" result="Passed" start-time="2017-07-31 22:42:36Z" end-time="2017-07-31 22:42:36Z" duration="0.001396" asserts="1" />
            <test-case id="0-1633" name="TeamWithTurnIsWhiteForEvenTurnCounters(2)" fullname="ChessWithTDD.Tests.BoardTests.TeamWithTurnIsWhiteForEvenTurnCounters(2)" methodname="TeamWithTurnIsWhiteForEvenTurnCounters" classname="ChessWithTDD.Tests.BoardTests" runstate="Runnable" seed="143704332" result="Passed" start-time="2017-07-31 22:42:36Z" end-time="2017-07-31 22:42:36Z" duration="0.001093" asserts="1" />
            <test-case id="0-1634" name="TeamWithTurnIsWhiteForEvenTurnCounters(22)" fullname="ChessWithTDD.Tests.BoardTests.TeamWithTurnIsWhiteForEvenTurnCounters(22)" methodname="TeamWithTurnIsWhiteForEvenTurnCounters" classname="ChessWithTDD.Tests.BoardTests" runstate="Runnable" seed="461506446" result="Passed" start-time="2017-07-31 22:42:36Z" end-time="2017-07-31 22:42:36Z" duration="0.001441" asserts="1" />
          </test-suite>
          <test-suite type="ParameterizedMethod" id="0-1597" name="TestOrderingOfCallsInApplyMethod" fullname="ChessWithTDD.Tests.BoardTests.TestOrderingOfCallsInApplyMethod" classname="ChessWithTDD.Tests.BoardTests" runstate="Runnable" testcasecount="1" result="Passed" start-time="2017-07-31 22:42:36Z" end-time="2017-07-31 22:42:36Z" duration="0.009506" total="1" passed="1" failed="0" warnings="0" inconclusive="0" skipped="0" asserts="3">
            <test-case id="0-1596" name="TestOrderingOfCallsInApplyMethod(1,2,3,4,True,True,True)" fullname="ChessWithTDD.Tests.BoardTests.TestOrderingOfCallsInApplyMethod(1,2,3,4,True,True,True)" methodname="TestOrderingOfCallsInApplyMethod" classname="ChessWithTDD.Tests.BoardTests" runstate="Runnable" seed="403271608" result="Passed" start-time="2017-07-31 22:42:36Z" end-time="2017-07-31 22:42:36Z" duration="0.006859" asserts="3" />
          </test-suite>
          <test-suite type="ParameterizedMethod" id="0-1599" name="TestOrderingOfCallsInApplyWithoutCheckAndMateMethod" fullname="ChessWithTDD.Tests.BoardTests.TestOrderingOfCallsInApplyWithoutCheckAndMateMethod" classname="ChessWithTDD.Tests.BoardTests" runstate="Runnable" testcasecount="1" result="Passed" start-time="2017-07-31 22:42:36Z" end-time="2017-07-31 22:42:36Z" duration="0.007016" total="1" passed="1" failed="0" warnings="0" inconclusive="0" skipped="0" asserts="3">
            <test-case id="0-1598" name="TestOrderingOfCallsInApplyWithoutCheckAndMateMethod(1,2,3,4,True,True,True)" fullname="ChessWithTDD.Tests.BoardTests.TestOrderingOfCallsInApplyWithoutCheckAndMateMethod(1,2,3,4,True,True,True)" methodname="TestOrderingOfCallsInApplyWithoutCheckAndMateMethod" classname="ChessWithTDD.Tests.BoardTests" runstate="Runnable" seed="1545547497" result="Passed" start-time="2017-07-31 22:42:36Z" end-time="2017-07-31 22:42:36Z" duration="0.004166" asserts="3" />
          </test-suite>
          <test-case id="0-1571" name="TestOrderingOfCallsInMoveIsValidMethod" fullname="ChessWithTDD.Tests.BoardTests.TestOrderingOfCallsInMoveIsValidMethod" methodname="TestOrderingOfCallsInMoveIsValidMethod" classname="ChessWithTDD.Tests.BoardTests" runstate="Runnable" seed="1578352082" result="Passed" start-time="2017-07-31 22:42:36Z" end-time="2017-07-31 22:42:36Z" duration="0.004299" asserts="3" />
        </test-suite>
        <test-suite type="TestFixture" id="0-1026" name="CheckManagerTests" fullname="ChessWithTDD.Tests.CheckManagerTests" classname="ChessWithTDD.Tests.CheckManagerTests" runstate="Runnable" testcasecount="8" result="Passed" start-time="2017-07-31 22:42:36Z" end-time="2017-07-31 22:42:36Z" duration="0.071489" total="8" passed="8" failed="0" warnings="0" inconclusive="0" skipped="0" asserts="0">
          <test-case id="0-1031" name="IfBlackPieceMovedToCheckTheWhiteKingThenBoardAndWhiteKingPutInCheckState" fullname="ChessWithTDD.Tests.CheckManagerTests.IfBlackPieceMovedToCheckTheWhiteKingThenBoardAndWhiteKingPutInCheckState" methodname="IfBlackPieceMovedToCheckTheWhiteKingThenBoardAndWhiteKingPutInCheckState" classname="ChessWithTDD.Tests.CheckManagerTests" runstate="Runnable" seed="582352451" result="Passed" start-time="2017-07-31 22:42:36Z" end-time="2017-07-31 22:42:36Z" duration="0.017899" asserts="0" />
          <test-suite type="ParameterizedMethod" id="0-1034" name="IfBlackPieceMovedToCheckTheWhiteKingThenCheckMateManagerCalledAndBoardCheckMateStateSetToValue" fullname="ChessWithTDD.Tests.CheckManagerTests.IfBlackPieceMovedToCheckTheWhiteKingThenCheckMateManagerCalledAndBoardCheckMateStateSetToValue" classname="ChessWithTDD.Tests.CheckManagerTests" runstate="Runnable" testcasecount="2" result="Passed" start-time="2017-07-31 22:42:36Z" end-time="2017-07-31 22:42:36Z" duration="0.011028" total="2" passed="2" failed="0" warnings="0" inconclusive="0" skipped="0" asserts="0">
            <test-case id="0-1032" name="IfBlackPieceMovedToCheckTheWhiteKingThenCheckMateManagerCalledAndBoardCheckMateStateSetToValue(True)" fullname="ChessWithTDD.Tests.CheckManagerTests.IfBlackPieceMovedToCheckTheWhiteKingThenCheckMateManagerCalledAndBoardCheckMateStateSetToValue(True)" methodname="IfBlackPieceMovedToCheckTheWhiteKingThenCheckMateManagerCalledAndBoardCheckMateStateSetToValue" classname="ChessWithTDD.Tests.CheckManagerTests" runstate="Runnable" seed="1354777687" result="Passed" start-time="2017-07-31 22:42:36Z" end-time="2017-07-31 22:42:36Z" duration="0.003709" asserts="0" />
            <test-case id="0-1033" name="IfBlackPieceMovedToCheckTheWhiteKingThenCheckMateManagerCalledAndBoardCheckMateStateSetToValue(False)" fullname="ChessWithTDD.Tests.CheckManagerTests.IfBlackPieceMovedToCheckTheWhiteKingThenCheckMateManagerCalledAndBoardCheckMateStateSetToValue(False)" methodname="IfBlackPieceMovedToCheckTheWhiteKingThenCheckMateManagerCalledAndBoardCheckMateStateSetToValue" classname="ChessWithTDD.Tests.CheckManagerTests" runstate="Runnable" seed="1602450181" result="Passed" start-time="2017-07-31 22:42:36Z" end-time="2017-07-31 22:42:36Z" duration="0.001445" asserts="0" />
          </test-suite>
          <test-case id="0-1036" name="IfBoardAndBlackKingInCheckStateRemoveCheckStates" fullname="ChessWithTDD.Tests.CheckManagerTests.IfBoardAndBlackKingInCheckStateRemoveCheckStates" methodname="IfBoardAndBlackKingInCheckStateRemoveCheckStates" classname="ChessWithTDD.Tests.CheckManagerTests" runstate="Runnable" seed="1190397090" result="Passed" start-time="2017-07-31 22:42:36Z" end-time="2017-07-31 22:42:36Z" duration="0.005162" asserts="0" />
          <test-case id="0-1035" name="IfBoardAndWhiteKingInCheckStateRemoveCheckStates" fullname="ChessWithTDD.Tests.CheckManagerTests.IfBoardAndWhiteKingInCheckStateRemoveCheckStates" methodname="IfBoardAndWhiteKingInCheckStateRemoveCheckStates" classname="ChessWithTDD.Tests.CheckManagerTests" runstate="Runnable" seed="779510531" result="Passed" start-time="2017-07-31 22:42:36Z" end-time="2017-07-31 22:42:36Z" duration="0.003056" asserts="0" />
          <test-case id="0-1027" name="IfWhitePieceMovedToCheckTheBlackKingThenBoardAndBlackKingPutInCheckState" fullname="ChessWithTDD.Tests.CheckManagerTests.IfWhitePieceMovedToCheckTheBlackKingThenBoardAndBlackKingPutInCheckState" methodname="IfWhitePieceMovedToCheckTheBlackKingThenBoardAndBlackKingPutInCheckState" classname="ChessWithTDD.Tests.CheckManagerTests" runstate="Runnable" seed="226011389" result="Passed" start-time="2017-07-31 22:42:36Z" end-time="2017-07-31 22:42:36Z" duration="0.004301" asserts="0" />
          <test-suite type="ParameterizedMethod" id="0-1030" name="IfWhitePieceMovedToCheckTheBlackKingThenCheckMateManagerCalledAndBoardCheckMateStateSetToValue" fullname="ChessWithTDD.Tests.CheckManagerTests.IfWhitePieceMovedToCheckTheBlackKingThenCheckMateManagerCalledAndBoardCheckMateStateSetToValue" classname="ChessWithTDD.Tests.CheckManagerTests" runstate="Runnable" testcasecount="2" result="Passed" start-time="2017-07-31 22:42:36Z" end-time="2017-07-31 22:42:36Z" duration="0.010539" total="2" passed="2" failed="0" warnings="0" inconclusive="0" skipped="0" asserts="0">
            <test-case id="0-1028" name="IfWhitePieceMovedToCheckTheBlackKingThenCheckMateManagerCalledAndBoardCheckMateStateSetToValue(True)" fullname="ChessWithTDD.Tests.CheckManagerTests.IfWhitePieceMovedToCheckTheBlackKingThenCheckMateManagerCalledAndBoardCheckMateStateSetToValue(True)" methodname="IfWhitePieceMovedToCheckTheBlackKingThenCheckMateManagerCalledAndBoardCheckMateStateSetToValue" classname="ChessWithTDD.Tests.CheckManagerTests" runstate="Runnable" seed="237741390" result="Passed" start-time="2017-07-31 22:42:36Z" end-time="2017-07-31 22:42:36Z" duration="0.003172" asserts="0" />
            <test-case id="0-1029" name="IfWhitePieceMovedToCheckTheBlackKingThenCheckMateManagerCalledAndBoardCheckMateStateSetToValue(False)" fullname="ChessWithTDD.Tests.CheckManagerTests.IfWhitePieceMovedToCheckTheBlackKingThenCheckMateManagerCalledAndBoardCheckMateStateSetToValue(False)" methodname="IfWhitePieceMovedToCheckTheBlackKingThenCheckMateManagerCalledAndBoardCheckMateStateSetToValue" classname="ChessWithTDD.Tests.CheckManagerTests" runstate="Runnable" seed="737592771" result="Passed" start-time="2017-07-31 22:42:36Z" end-time="2017-07-31 22:42:36Z" duration="0.001414" asserts="0" />
          </test-suite>
        </test-suite>
        <test-suite type="TestFixture" id="0-1037" name="CheckMateEscapeManagerTests" fullname="ChessWithTDD.Tests.CheckMateEscapeManagerTests" classname="ChessWithTDD.Tests.CheckMateEscapeManagerTests" runstate="Runnable" testcasecount="39" result="Passed" start-time="2017-07-31 22:42:36Z" end-time="2017-07-31 22:42:36Z" duration="0.215513" total="39" passed="39" failed="0" warnings="0" inconclusive="0" skipped="0" asserts="39">
          <test-case id="0-1048" name="IfAFriendlySquareCanTakeTheThreateningPieceReturnTrue" fullname="ChessWithTDD.Tests.CheckMateEscapeManagerTests.IfAFriendlySquareCanTakeTheThreateningPieceReturnTrue" methodname="IfAFriendlySquareCanTakeTheThreateningPieceReturnTrue" classname="ChessWithTDD.Tests.CheckMateEscapeManagerTests" runstate="Runnable" seed="307559044" result="Passed" start-time="2017-07-31 22:42:36Z" end-time="2017-07-31 22:42:36Z" duration="0.002166" asserts="1" />
          <test-suite type="ParameterizedMethod" id="0-1073" name="IfFriendlyPieceCanInterceptThreateningPieceThenReturnTrue" fullname="ChessWithTDD.Tests.CheckMateEscapeManagerTests.IfFriendlyPieceCanInterceptThreateningPieceThenReturnTrue" classname="ChessWithTDD.Tests.CheckMateEscapeManagerTests" runstate="Runnable" testcasecount="8" result="Passed" start-time="2017-07-31 22:42:36Z" end-time="2017-07-31 22:42:36Z" duration="0.050984" total="8" passed="8" failed="0" warnings="0" inconclusive="0" skipped="0" asserts="8">
            <test-case id="0-1065" name="IfFriendlyPieceCanInterceptThreateningPieceThenReturnTrue(3,2,3,7,3,5)" fullname="ChessWithTDD.Tests.CheckMateEscapeManagerTests.IfFriendlyPieceCanInterceptThreateningPieceThenReturnTrue(3,2,3,7,3,5)" methodname="IfFriendlyPieceCanInterceptThreateningPieceThenReturnTrue" classname="ChessWithTDD.Tests.CheckMateEscapeManagerTests" runstate="Runnable" seed="1926080462" result="Passed" start-time="2017-07-31 22:42:36Z" end-time="2017-07-31 22:42:36Z" duration="0.004862" asserts="1" />
            <test-case id="0-1066" name="IfFriendlyPieceCanInterceptThreateningPieceThenReturnTrue(3,6,3,0,3,2)" fullname="ChessWithTDD.Tests.CheckMateEscapeManagerTests.IfFriendlyPieceCanInterceptThreateningPieceThenReturnTrue(3,6,3,0,3,2)" methodname="IfFriendlyPieceCanInterceptThreateningPieceThenReturnTrue" classname="ChessWithTDD.Tests.CheckMateEscapeManagerTests" runstate="Runnable" seed="530533678" result="Passed" start-time="2017-07-31 22:42:36Z" end-time="2017-07-31 22:42:36Z" duration="0.004348" asserts="1" />
            <test-case id="0-1067" name="IfFriendlyPieceCanInterceptThreateningPieceThenReturnTrue(2,2,6,2,4,2)" fullname="ChessWithTDD.Tests.CheckMateEscapeManagerTests.IfFriendlyPieceCanInterceptThreateningPieceThenReturnTrue(2,2,6,2,4,2)" methodname="IfFriendlyPieceCanInterceptThreateningPieceThenReturnTrue" classname="ChessWithTDD.Tests.CheckMateEscapeManagerTests" runstate="Runnable" seed="130849679" result="Passed" start-time="2017-07-31 22:42:36Z" end-time="2017-07-31 22:42:36Z" duration="0.003186" asserts="1" />
            <test-case id="0-1068" name="IfFriendlyPieceCanInterceptThreateningPieceThenReturnTrue(5,2,2,2,3,2)" fullname="ChessWithTDD.Tests.CheckMateEscapeManagerTests.IfFriendlyPieceCanInterceptThreateningPieceThenReturnTrue(5,2,2,2,3,2)" methodname="IfFriendlyPieceCanInterceptThreateningPieceThenReturnTrue" classname="ChessWithTDD.Tests.CheckMateEscapeManagerTests" runstate="Runnable" seed="802347753" result="Passed" start-time="2017-07-31 22:42:36Z" end-time="2017-07-31 22:42:36Z" duration="0.003109" asserts="1" />
            <test-case id="0-1069" name="IfFriendlyPieceCanInterceptThreateningPieceThenReturnTrue(2,5,5,2,4,3)" fullname="ChessWithTDD.Tests.CheckMateEscapeManagerTests.IfFriendlyPieceCanInterceptThreateningPieceThenReturnTrue(2,5,5,2,4,3)" methodname="IfFriendlyPieceCanInterceptThreateningPieceThenReturnTrue" classname="ChessWithTDD.Tests.CheckMateEscapeManagerTests" runstate="Runnable" seed="312702420" result="Passed" start-time="2017-07-31 22:42:36Z" end-time="2017-07-31 22:42:36Z" duration="0.002961" asserts="1" />
            <test-case id="0-1070" name="IfFriendlyPieceCanInterceptThreateningPieceThenReturnTrue(2,3,5,6,4,5)" fullname="ChessWithTDD.Tests.CheckMateEscapeManagerTests.IfFriendlyPieceCanInterceptThreateningPieceThenReturnTrue(2,3,5,6,4,5)" methodname="IfFriendlyPieceCanInterceptThreateningPieceThenReturnTrue" classname="ChessWithTDD.Tests.CheckMateEscapeManagerTests" runstate="Runnable" seed="464267947" result="Passed" start-time="2017-07-31 22:42:36Z" end-time="2017-07-31 22:42:36Z" duration="0.003156" asserts="1" />
            <test-case id="0-1071" name="IfFriendlyPieceCanInterceptThreateningPieceThenReturnTrue(5,5,2,2,3,3)" fullname="ChessWithTDD.Tests.CheckMateEscapeManagerTests.IfFriendlyPieceCanInterceptThreateningPieceThenReturnTrue(5,5,2,2,3,3)" methodname="IfFriendlyPieceCanInterceptThreateningPieceThenReturnTrue" classname="ChessWithTDD.Tests.CheckMateEscapeManagerTests" runstate="Runnable" seed="682070696" result="Passed" start-time="2017-07-31 22:42:36Z" end-time="2017-07-31 22:42:36Z" duration="0.003070" asserts="1" />
            <test-case id="0-1072" name="IfFriendlyPieceCanInterceptThreateningPieceThenReturnTrue(5,2,2,5,3,4)" fullname="ChessWithTDD.Tests.CheckMateEscapeManagerTests.IfFriendlyPieceCanInterceptThreateningPieceThenReturnTrue(5,2,2,5,3,4)" methodname="IfFriendlyPieceCanInterceptThreateningPieceThenReturnTrue" classname="ChessWithTDD.Tests.CheckMateEscapeManagerTests" runstate="Runnable" seed="400493800" result="Passed" start-time="2017-07-31 22:42:36Z" end-time="2017-07-31 22:42:36Z" duration="0.003285" asserts="1" />
          </test-suite>
          <test-suite type="ParameterizedMethod" id="0-1082" name="IfNoFriendlyPieceCanInterceptThreateningPieceThenReturnFalse" fullname="ChessWithTDD.Tests.CheckMateEscapeManagerTests.IfNoFriendlyPieceCanInterceptThreateningPieceThenReturnFalse" classname="ChessWithTDD.Tests.CheckMateEscapeManagerTests" runstate="Runnable" testcasecount="8" result="Passed" start-time="2017-07-31 22:42:36Z" end-time="2017-07-31 22:42:36Z" duration="0.039029" total="8" passed="8" failed="0" warnings="0" inconclusive="0" skipped="0" asserts="8">
            <test-case id="0-1074" name="IfNoFriendlyPieceCanInterceptThreateningPieceThenReturnFalse(3,2,3,7,3,5)" fullname="ChessWithTDD.Tests.CheckMateEscapeManagerTests.IfNoFriendlyPieceCanInterceptThreateningPieceThenReturnFalse(3,2,3,7,3,5)" methodname="IfNoFriendlyPieceCanInterceptThreateningPieceThenReturnFalse" classname="ChessWithTDD.Tests.CheckMateEscapeManagerTests" runstate="Runnable" seed="930719988" result="Passed" start-time="2017-07-31 22:42:36Z" end-time="2017-07-31 22:42:36Z" duration="0.002795" asserts="1" />
            <test-case id="0-1075" name="IfNoFriendlyPieceCanInterceptThreateningPieceThenReturnFalse(3,6,3,0,3,2)" fullname="ChessWithTDD.Tests.CheckMateEscapeManagerTests.IfNoFriendlyPieceCanInterceptThreateningPieceThenReturnFalse(3,6,3,0,3,2)" methodname="IfNoFriendlyPieceCanInterceptThreateningPieceThenReturnFalse" classname="ChessWithTDD.Tests.CheckMateEscapeManagerTests" runstate="Runnable" seed="1047981001" result="Passed" start-time="2017-07-31 22:42:36Z" end-time="2017-07-31 22:42:36Z" duration="0.001875" asserts="1" />
            <test-case id="0-1076" name="IfNoFriendlyPieceCanInterceptThreateningPieceThenReturnFalse(2,2,6,2,4,2)" fullname="ChessWithTDD.Tests.CheckMateEscapeManagerTests.IfNoFriendlyPieceCanInterceptThreateningPieceThenReturnFalse(2,2,6,2,4,2)" methodname="IfNoFriendlyPieceCanInterceptThreateningPieceThenReturnFalse" classname="ChessWithTDD.Tests.CheckMateEscapeManagerTests" runstate="Runnable" seed="1795859638" result="Passed" start-time="2017-07-31 22:42:36Z" end-time="2017-07-31 22:42:36Z" duration="0.001801" asserts="1" />
            <test-case id="0-1077" name="IfNoFriendlyPieceCanInterceptThreateningPieceThenReturnFalse(5,2,2,2,3,2)" fullname="ChessWithTDD.Tests.CheckMateEscapeManagerTests.IfNoFriendlyPieceCanInterceptThreateningPieceThenReturnFalse(5,2,2,2,3,2)" methodname="IfNoFriendlyPieceCanInterceptThreateningPieceThenReturnFalse" classname="ChessWithTDD.Tests.CheckMateEscapeManagerTests" runstate="Runnable" seed="419815545" result="Passed" start-time="2017-07-31 22:42:36Z" end-time="2017-07-31 22:42:36Z" duration="0.001821" asserts="1" />
            <test-case id="0-1078" name="IfNoFriendlyPieceCanInterceptThreateningPieceThenReturnFalse(2,5,5,2,4,3)" fullname="ChessWithTDD.Tests.CheckMateEscapeManagerTests.IfNoFriendlyPieceCanInterceptThreateningPieceThenReturnFalse(2,5,5,2,4,3)" methodname="IfNoFriendlyPieceCanInterceptThreateningPieceThenReturnFalse" classname="ChessWithTDD.Tests.CheckMateEscapeManagerTests" runstate="Runnable" seed="1385346541" result="Passed" start-time="2017-07-31 22:42:36Z" end-time="2017-07-31 22:42:36Z" duration="0.001806" asserts="1" />
            <test-case id="0-1079" name="IfNoFriendlyPieceCanInterceptThreateningPieceThenReturnFalse(2,3,5,6,4,5)" fullname="ChessWithTDD.Tests.CheckMateEscapeManagerTests.IfNoFriendlyPieceCanInterceptThreateningPieceThenReturnFalse(2,3,5,6,4,5)" methodname="IfNoFriendlyPieceCanInterceptThreateningPieceThenReturnFalse" classname="ChessWithTDD.Tests.CheckMateEscapeManagerTests" runstate="Runnable" seed="1171804899" result="Passed" start-time="2017-07-31 22:42:36Z" end-time="2017-07-31 22:42:36Z" duration="0.001877" asserts="1" />
            <test-case id="0-1080" name="IfNoFriendlyPieceCanInterceptThreateningPieceThenReturnFalse(5,5,2,2,3,3)" fullname="ChessWithTDD.Tests.CheckMateEscapeManagerTests.IfNoFriendlyPieceCanInterceptThreateningPieceThenReturnFalse(5,5,2,2,3,3)" methodname="IfNoFriendlyPieceCanInterceptThreateningPieceThenReturnFalse" classname="ChessWithTDD.Tests.CheckMateEscapeManagerTests" runstate="Runnable" seed="973873861" result="Passed" start-time="2017-07-31 22:42:36Z" end-time="2017-07-31 22:42:36Z" duration="0.001905" asserts="1" />
            <test-case id="0-1081" name="IfNoFriendlyPieceCanInterceptThreateningPieceThenReturnFalse(5,2,2,5,3,4)" fullname="ChessWithTDD.Tests.CheckMateEscapeManagerTests.IfNoFriendlyPieceCanInterceptThreateningPieceThenReturnFalse(5,2,2,5,3,4)" methodname="IfNoFriendlyPieceCanInterceptThreateningPieceThenReturnFalse" classname="ChessWithTDD.Tests.CheckMateEscapeManagerTests" runstate="Runnable" seed="1875016576" result="Passed" start-time="2017-07-31 22:42:36Z" end-time="2017-07-31 22:42:36Z" duration="0.002035" asserts="1" />
          </test-suite>
          <test-case id="0-1049" name="IfNoFriendlySquareCanTakeTheThreateningPieceReturnFalse" fullname="ChessWithTDD.Tests.CheckMateEscapeManagerTests.IfNoFriendlySquareCanTakeTheThreateningPieceReturnFalse" methodname="IfNoFriendlySquareCanTakeTheThreateningPieceReturnFalse" classname="ChessWithTDD.Tests.CheckMateEscapeManagerTests" runstate="Runnable" seed="397472788" result="Passed" start-time="2017-07-31 22:42:36Z" end-time="2017-07-31 22:42:36Z" duration="0.001266" asserts="1" />
          <test-case id="0-1047" name="IfNoMoveIsValidForKingThenReturnFalse" fullname="ChessWithTDD.Tests.CheckMateEscapeManagerTests.IfNoMoveIsValidForKingThenReturnFalse" methodname="IfNoMoveIsValidForKingThenReturnFalse" classname="ChessWithTDD.Tests.CheckMateEscapeManagerTests" runstate="Runnable" seed="1932212476" result="Passed" start-time="2017-07-31 22:42:36Z" end-time="2017-07-31 22:42:36Z" duration="0.002388" asserts="1" />
          <test-suite type="ParameterizedMethod" id="0-1046" name="IfThereIsAValidMoveForKingThenReturnTrue" fullname="ChessWithTDD.Tests.CheckMateEscapeManagerTests.IfThereIsAValidMoveForKingThenReturnTrue" classname="ChessWithTDD.Tests.CheckMateEscapeManagerTests" runstate="Runnable" testcasecount="8" result="Passed" start-time="2017-07-31 22:42:36Z" end-time="2017-07-31 22:42:36Z" duration="0.036010" total="8" passed="8" failed="0" warnings="0" inconclusive="0" skipped="0" asserts="8">
            <test-case id="0-1038" name="IfThereIsAValidMoveForKingThenReturnTrue(3,3,3,4)" fullname="ChessWithTDD.Tests.CheckMateEscapeManagerTests.IfThereIsAValidMoveForKingThenReturnTrue(3,3,3,4)" methodname="IfThereIsAValidMoveForKingThenReturnTrue" classname="ChessWithTDD.Tests.CheckMateEscapeManagerTests" runstate="Runnable" seed="298842043" result="Passed" start-time="2017-07-31 22:42:36Z" end-time="2017-07-31 22:42:36Z" duration="0.002274" asserts="1" />
            <test-case id="0-1039" name="IfThereIsAValidMoveForKingThenReturnTrue(3,3,3,2)" fullname="ChessWithTDD.Tests.CheckMateEscapeManagerTests.IfThereIsAValidMoveForKingThenReturnTrue(3,3,3,2)" methodname="IfThereIsAValidMoveForKingThenReturnTrue" classname="ChessWithTDD.Tests.CheckMateEscapeManagerTests" runstate="Runnable" seed="1366019550" result="Passed" start-time="2017-07-31 22:42:36Z" end-time="2017-07-31 22:42:36Z" duration="0.001622" asserts="1" />
            <test-case id="0-1040" name="IfThereIsAValidMoveForKingThenReturnTrue(3,3,4,3)" fullname="ChessWithTDD.Tests.CheckMateEscapeManagerTests.IfThereIsAValidMoveForKingThenReturnTrue(3,3,4,3)" methodname="IfThereIsAValidMoveForKingThenReturnTrue" classname="ChessWithTDD.Tests.CheckMateEscapeManagerTests" runstate="Runnable" seed="1915997665" result="Passed" start-time="2017-07-31 22:42:36Z" end-time="2017-07-31 22:42:36Z" duration="0.001457" asserts="1" />
            <test-case id="0-1041" name="IfThereIsAValidMoveForKingThenReturnTrue(3,3,2,3)" fullname="ChessWithTDD.Tests.CheckMateEscapeManagerTests.IfThereIsAValidMoveForKingThenReturnTrue(3,3,2,3)" methodname="IfThereIsAValidMoveForKingThenReturnTrue" classname="ChessWithTDD.Tests.CheckMateEscapeManagerTests" runstate="Runnable" seed="1669187075" result="Passed" start-time="2017-07-31 22:42:36Z" end-time="2017-07-31 22:42:36Z" duration="0.001211" asserts="1" />
            <test-case id="0-1042" name="IfThereIsAValidMoveForKingThenReturnTrue(3,3,4,4)" fullname="ChessWithTDD.Tests.CheckMateEscapeManagerTests.IfThereIsAValidMoveForKingThenReturnTrue(3,3,4,4)" methodname="IfThereIsAValidMoveForKingThenReturnTrue" classname="ChessWithTDD.Tests.CheckMateEscapeManagerTests" runstate="Runnable" seed="720166252" result="Passed" start-time="2017-07-31 22:42:36Z" end-time="2017-07-31 22:42:36Z" duration="0.001474" asserts="1" />
            <test-case id="0-1043" name="IfThereIsAValidMoveForKingThenReturnTrue(3,3,2,2)" fullname="ChessWithTDD.Tests.CheckMateEscapeManagerTests.IfThereIsAValidMoveForKingThenReturnTrue(3,3,2,2)" methodname="IfThereIsAValidMoveForKingThenReturnTrue" classname="ChessWithTDD.Tests.CheckMateEscapeManagerTests" runstate="Runnable" seed="227017112" result="Passed" start-time="2017-07-31 22:42:36Z" end-time="2017-07-31 22:42:36Z" duration="0.001287" asserts="1" />
            <test-case id="0-1044" name="IfThereIsAValidMoveForKingThenReturnTrue(3,3,4,2)" fullname="ChessWithTDD.Tests.CheckMateEscapeManagerTests.IfThereIsAValidMoveForKingThenReturnTrue(3,3,4,2)" methodname="IfThereIsAValidMoveForKingThenReturnTrue" classname="ChessWithTDD.Tests.CheckMateEscapeManagerTests" runstate="Runnable" seed="2101892156" result="Passed" start-time="2017-07-31 22:42:36Z" end-time="2017-07-31 22:42:36Z" duration="0.001619" asserts="1" />
            <test-case id="0-1045" name="IfThereIsAValidMoveForKingThenReturnTrue(3,3,2,4)" fullname="ChessWithTDD.Tests.CheckMateEscapeManagerTests.IfThereIsAValidMoveForKingThenReturnTrue(3,3,2,4)" methodname="IfThereIsAValidMoveForKingThenReturnTrue" classname="ChessWithTDD.Tests.CheckMateEscapeManagerTests" runstate="Runnable" seed="1018567947" result="Passed" start-time="2017-07-31 22:42:36Z" end-time="2017-07-31 22:42:36Z" duration="0.001442" asserts="1" />
          </test-suite>
          <test-suite type="ParameterizedMethod" id="0-1052" name="IfTheThreateningPieceIsAKnightButNotAdjacentItIsUnblockable" fullname="ChessWithTDD.Tests.CheckMateEscapeManagerTests.IfTheThreateningPieceIsAKnightButNotAdjacentItIsUnblockable" classname="ChessWithTDD.Tests.CheckMateEscapeManagerTests" runstate="Runnable" testcasecount="2" result="Passed" start-time="2017-07-31 22:42:36Z" end-time="2017-07-31 22:42:36Z" duration="0.018524" total="2" passed="2" failed="0" warnings="0" inconclusive="0" skipped="0" asserts="2">
            <test-case id="0-1050" name="IfTheThreateningPieceIsAKnightButNotAdjacentItIsUnblockable(3,3,5,5)" fullname="ChessWithTDD.Tests.CheckMateEscapeManagerTests.IfTheThreateningPieceIsAKnightButNotAdjacentItIsUnblockable(3,3,5,5)" methodname="IfTheThreateningPieceIsAKnightButNotAdjacentItIsUnblockable" classname="ChessWithTDD.Tests.CheckMateEscapeManagerTests" runstate="Runnable" seed="451902636" result="Passed" start-time="2017-07-31 22:42:36Z" end-time="2017-07-31 22:42:36Z" duration="0.012427" asserts="1" />
            <test-case id="0-1051" name="IfTheThreateningPieceIsAKnightButNotAdjacentItIsUnblockable(4,4,2,3)" fullname="ChessWithTDD.Tests.CheckMateEscapeManagerTests.IfTheThreateningPieceIsAKnightButNotAdjacentItIsUnblockable(4,4,2,3)" methodname="IfTheThreateningPieceIsAKnightButNotAdjacentItIsUnblockable" classname="ChessWithTDD.Tests.CheckMateEscapeManagerTests" runstate="Runnable" seed="2095659911" result="Passed" start-time="2017-07-31 22:42:36Z" end-time="2017-07-31 22:42:36Z" duration="0.000770" asserts="1" />
          </test-suite>
          <test-suite type="ParameterizedMethod" id="0-1064" name="IfTheThreateningPieceNotAKnightAndNotAdjacentItIsNotUnblockable" fullname="ChessWithTDD.Tests.CheckMateEscapeManagerTests.IfTheThreateningPieceNotAKnightAndNotAdjacentItIsNotUnblockable" classname="ChessWithTDD.Tests.CheckMateEscapeManagerTests" runstate="Runnable" testcasecount="2" result="Passed" start-time="2017-07-31 22:42:36Z" end-time="2017-07-31 22:42:36Z" duration="0.008027" total="2" passed="2" failed="0" warnings="0" inconclusive="0" skipped="0" asserts="2">
            <test-case id="0-1062" name="IfTheThreateningPieceNotAKnightAndNotAdjacentItIsNotUnblockable(3,3,5,5)" fullname="ChessWithTDD.Tests.CheckMateEscapeManagerTests.IfTheThreateningPieceNotAKnightAndNotAdjacentItIsNotUnblockable(3,3,5,5)" methodname="IfTheThreateningPieceNotAKnightAndNotAdjacentItIsNotUnblockable" classname="ChessWithTDD.Tests.CheckMateEscapeManagerTests" runstate="Runnable" seed="1054359355" result="Passed" start-time="2017-07-31 22:42:36Z" end-time="2017-07-31 22:42:36Z" duration="0.001829" asserts="1" />
            <test-case id="0-1063" name="IfTheThreateningPieceNotAKnightAndNotAdjacentItIsNotUnblockable(4,4,2,3)" fullname="ChessWithTDD.Tests.CheckMateEscapeManagerTests.IfTheThreateningPieceNotAKnightAndNotAdjacentItIsNotUnblockable(4,4,2,3)" methodname="IfTheThreateningPieceNotAKnightAndNotAdjacentItIsNotUnblockable" classname="ChessWithTDD.Tests.CheckMateEscapeManagerTests" runstate="Runnable" seed="881246465" result="Passed" start-time="2017-07-31 22:42:36Z" end-time="2017-07-31 22:42:36Z" duration="0.000897" asserts="1" />
          </test-suite>
          <test-suite type="ParameterizedMethod" id="0-1061" name="IfTheThreateningPieceNotAKnightButIsAdjacentItIsUnblockable" fullname="ChessWithTDD.Tests.CheckMateEscapeManagerTests.IfTheThreateningPieceNotAKnightButIsAdjacentItIsUnblockable" classname="ChessWithTDD.Tests.CheckMateEscapeManagerTests" runstate="Runnable" testcasecount="8" result="Passed" start-time="2017-07-31 22:42:36Z" end-time="2017-07-31 22:42:36Z" duration="0.030015" total="8" passed="8" failed="0" warnings="0" inconclusive="0" skipped="0" asserts="8">
            <test-case id="0-1053" name="IfTheThreateningPieceNotAKnightButIsAdjacentItIsUnblockable(3,3,3,4)" fullname="ChessWithTDD.Tests.CheckMateEscapeManagerTests.IfTheThreateningPieceNotAKnightButIsAdjacentItIsUnblockable(3,3,3,4)" methodname="IfTheThreateningPieceNotAKnightButIsAdjacentItIsUnblockable" classname="ChessWithTDD.Tests.CheckMateEscapeManagerTests" runstate="Runnable" seed="775928447" result="Passed" start-time="2017-07-31 22:42:36Z" end-time="2017-07-31 22:42:36Z" duration="0.001118" asserts="1" />
            <test-case id="0-1054" name="IfTheThreateningPieceNotAKnightButIsAdjacentItIsUnblockable(3,3,4,3)" fullname="ChessWithTDD.Tests.CheckMateEscapeManagerTests.IfTheThreateningPieceNotAKnightButIsAdjacentItIsUnblockable(3,3,4,3)" methodname="IfTheThreateningPieceNotAKnightButIsAdjacentItIsUnblockable" classname="ChessWithTDD.Tests.CheckMateEscapeManagerTests" runstate="Runnable" seed="480457923" result="Passed" start-time="2017-07-31 22:42:36Z" end-time="2017-07-31 22:42:36Z" duration="0.000804" asserts="1" />
            <test-case id="0-1055" name="IfTheThreateningPieceNotAKnightButIsAdjacentItIsUnblockable(3,3,3,2)" fullname="ChessWithTDD.Tests.CheckMateEscapeManagerTests.IfTheThreateningPieceNotAKnightButIsAdjacentItIsUnblockable(3,3,3,2)" methodname="IfTheThreateningPieceNotAKnightButIsAdjacentItIsUnblockable" classname="ChessWithTDD.Tests.CheckMateEscapeManagerTests" runstate="Runnable" seed="1245186158" result="Passed" start-time="2017-07-31 22:42:36Z" end-time="2017-07-31 22:42:36Z" duration="0.000835" asserts="1" />
            <test-case id="0-1056" name="IfTheThreateningPieceNotAKnightButIsAdjacentItIsUnblockable(3,3,2,3)" fullname="ChessWithTDD.Tests.CheckMateEscapeManagerTests.IfTheThreateningPieceNotAKnightButIsAdjacentItIsUnblockable(3,3,2,3)" methodname="IfTheThreateningPieceNotAKnightButIsAdjacentItIsUnblockable" classname="ChessWithTDD.Tests.CheckMateEscapeManagerTests" runstate="Runnable" seed="294395828" result="Passed" start-time="2017-07-31 22:42:36Z" end-time="2017-07-31 22:42:36Z" duration="0.000802" asserts="1" />
            <test-case id="0-1057" name="IfTheThreateningPieceNotAKnightButIsAdjacentItIsUnblockable(3,3,4,4)" fullname="ChessWithTDD.Tests.CheckMateEscapeManagerTests.IfTheThreateningPieceNotAKnightButIsAdjacentItIsUnblockable(3,3,4,4)" methodname="IfTheThreateningPieceNotAKnightButIsAdjacentItIsUnblockable" classname="ChessWithTDD.Tests.CheckMateEscapeManagerTests" runstate="Runnable" seed="317546555" result="Passed" start-time="2017-07-31 22:42:36Z" end-time="2017-07-31 22:42:36Z" duration="0.000806" asserts="1" />
            <test-case id="0-1058" name="IfTheThreateningPieceNotAKnightButIsAdjacentItIsUnblockable(3,3,2,2)" fullname="ChessWithTDD.Tests.CheckMateEscapeManagerTests.IfTheThreateningPieceNotAKnightButIsAdjacentItIsUnblockable(3,3,2,2)" methodname="IfTheThreateningPieceNotAKnightButIsAdjacentItIsUnblockable" classname="ChessWithTDD.Tests.CheckMateEscapeManagerTests" runstate="Runnable" seed="237213921" result="Passed" start-time="2017-07-31 22:42:36Z" end-time="2017-07-31 22:42:36Z" duration="0.000937" asserts="1" />
            <test-case id="0-1059" name="IfTheThreateningPieceNotAKnightButIsAdjacentItIsUnblockable(3,3,4,2)" fullname="ChessWithTDD.Tests.CheckMateEscapeManagerTests.IfTheThreateningPieceNotAKnightButIsAdjacentItIsUnblockable(3,3,4,2)" methodname="IfTheThreateningPieceNotAKnightButIsAdjacentItIsUnblockable" classname="ChessWithTDD.Tests.CheckMateEscapeManagerTests" runstate="Runnable" seed="1554726567" result="Passed" start-time="2017-07-31 22:42:36Z" end-time="2017-07-31 22:42:36Z" duration="0.000817" asserts="1" />
            <test-case id="0-1060" name="IfTheThreateningPieceNotAKnightButIsAdjacentItIsUnblockable(3,3,2,4)" fullname="ChessWithTDD.Tests.CheckMateEscapeManagerTests.IfTheThreateningPieceNotAKnightButIsAdjacentItIsUnblockable(3,3,2,4)" methodname="IfTheThreateningPieceNotAKnightButIsAdjacentItIsUnblockable" classname="ChessWithTDD.Tests.CheckMateEscapeManagerTests" runstate="Runnable" seed="1419787174" result="Passed" start-time="2017-07-31 22:42:36Z" end-time="2017-07-31 22:42:36Z" duration="0.000864" asserts="1" />
          </test-suite>
        </test-suite>
        <test-suite type="TestFixture" id="0-1083" name="CheckMateManagerTests" fullname="ChessWithTDD.Tests.CheckMateManagerTests" classname="ChessWithTDD.Tests.CheckMateManagerTests" runstate="Runnable" testcasecount="7" result="Passed" start-time="2017-07-31 22:42:36Z" end-time="2017-07-31 22:42:36Z" duration="0.057514" total="7" passed="7" failed="0" warnings="0" inconclusive="0" skipped="0" asserts="10">
          <test-case id="0-1084" name="IfBoardNotInCheckThenNoCheckMate" fullname="ChessWithTDD.Tests.CheckMateManagerTests.IfBoardNotInCheckThenNoCheckMate" methodname="IfBoardNotInCheckThenNoCheckMate" classname="ChessWithTDD.Tests.CheckMateManagerTests" runstate="Runnable" seed="2001720396" result="Passed" start-time="2017-07-31 22:42:36Z" end-time="2017-07-31 22:42:36Z" duration="0.013640" asserts="1" />
          <test-case id="0-1089" name="IfWhiteKingAndBoardInCheckAndAllEscapeManagerMethodsReturnFalseThenCheckMate" fullname="ChessWithTDD.Tests.CheckMateManagerTests.IfWhiteKingAndBoardInCheckAndAllEscapeManagerMethodsReturnFalseThenCheckMate" methodname="IfWhiteKingAndBoardInCheckAndAllEscapeManagerMethodsReturnFalseThenCheckMate" classname="ChessWithTDD.Tests.CheckMateManagerTests" runstate="Runnable" seed="789410081" result="Passed" start-time="2017-07-31 22:42:36Z" end-time="2017-07-31 22:42:36Z" duration="0.004764" asserts="1" />
          <test-case id="0-1088" name="IfWhiteKingAndBoardInCheckAndAttackingMoveCanBeBlockedThenNoCheckMate" fullname="ChessWithTDD.Tests.CheckMateManagerTests.IfWhiteKingAndBoardInCheckAndAttackingMoveCanBeBlockedThenNoCheckMate" methodname="IfWhiteKingAndBoardInCheckAndAttackingMoveCanBeBlockedThenNoCheckMate" classname="ChessWithTDD.Tests.CheckMateManagerTests" runstate="Runnable" seed="79178991" result="Passed" start-time="2017-07-31 22:42:36Z" end-time="2017-07-31 22:42:36Z" duration="0.003498" asserts="1" />
          <test-case id="0-1085" name="IfWhiteKingAndBoardInCheckAndKingCanEscapeThenNoCheckMate" fullname="ChessWithTDD.Tests.CheckMateManagerTests.IfWhiteKingAndBoardInCheckAndKingCanEscapeThenNoCheckMate" methodname="IfWhiteKingAndBoardInCheckAndKingCanEscapeThenNoCheckMate" classname="ChessWithTDD.Tests.CheckMateManagerTests" runstate="Runnable" seed="949374120" result="Passed" start-time="2017-07-31 22:42:36Z" end-time="2017-07-31 22:42:36Z" duration="0.002270" asserts="1" />
          <test-case id="0-1086" name="IfWhiteKingAndBoardInCheckAndThreateningPieceCanBeTakenThenNoCheckMate" fullname="ChessWithTDD.Tests.CheckMateManagerTests.IfWhiteKingAndBoardInCheckAndThreateningPieceCanBeTakenThenNoCheckMate" methodname="IfWhiteKingAndBoardInCheckAndThreateningPieceCanBeTakenThenNoCheckMate" classname="ChessWithTDD.Tests.CheckMateManagerTests" runstate="Runnable" seed="1063108533" result="Passed" start-time="2017-07-31 22:42:36Z" end-time="2017-07-31 22:42:36Z" duration="0.002652" asserts="1" />
          <test-case id="0-1087" name="IfWhiteKingAndBoardInCheckAndThreateningPieceIsUnblockableThenCheckMate" fullname="ChessWithTDD.Tests.CheckMateManagerTests.IfWhiteKingAndBoardInCheckAndThreateningPieceIsUnblockableThenCheckMate" methodname="IfWhiteKingAndBoardInCheckAndThreateningPieceIsUnblockableThenCheckMate" classname="ChessWithTDD.Tests.CheckMateManagerTests" runstate="Runnable" seed="140725691" result="Passed" start-time="2017-07-31 22:42:36Z" end-time="2017-07-31 22:42:36Z" duration="0.002606" asserts="1" />
          <test-case id="0-1090" name="TestOrderingOfCheckMateManagerCallsForBlackKing" fullname="ChessWithTDD.Tests.CheckMateManagerTests.TestOrderingOfCheckMateManagerCallsForBlackKing" methodname="TestOrderingOfCheckMateManagerCallsForBlackKing" classname="ChessWithTDD.Tests.CheckMateManagerTests" runstate="Runnable" seed="381727382" result="Passed" start-time="2017-07-31 22:42:36Z" end-time="2017-07-31 22:42:36Z" duration="0.007568" asserts="4" />
        </test-suite>
        <test-suite type="TestFixture" id="0-1167" name="EnPassantManagerTests" fullname="ChessWithTDD.Tests.EnPassantManagerTests" classname="ChessWithTDD.Tests.EnPassantManagerTests" runstate="Runnable" testcasecount="26" result="Passed" start-time="2017-07-31 22:42:36Z" end-time="2017-07-31 22:42:36Z" duration="0.191582" total="26" passed="26" failed="0" warnings="0" inconclusive="0" skipped="0" asserts="4">
          <test-suite type="ParameterizedMethod" id="0-1179" name="DoNotMarkPassedSquareWithEnPassantMarkIfMovingOneSquareDown" fullname="ChessWithTDD.Tests.EnPassantManagerTests.DoNotMarkPassedSquareWithEnPassantMarkIfMovingOneSquareDown" classname="ChessWithTDD.Tests.EnPassantManagerTests" runstate="Runnable" testcasecount="2" result="Passed" start-time="2017-07-31 22:42:36Z" end-time="2017-07-31 22:42:36Z" duration="0.023027" total="2" passed="2" failed="0" warnings="0" inconclusive="0" skipped="0" asserts="0">
            <test-case id="0-1177" name="DoNotMarkPassedSquareWithEnPassantMarkIfMovingOneSquareDown(6,4,5,4)" fullname="ChessWithTDD.Tests.EnPassantManagerTests.DoNotMarkPassedSquareWithEnPassantMarkIfMovingOneSquareDown(6,4,5,4)" methodname="DoNotMarkPassedSquareWithEnPassantMarkIfMovingOneSquareDown" classname="ChessWithTDD.Tests.EnPassantManagerTests" runstate="Runnable" seed="746510202" result="Passed" start-time="2017-07-31 22:42:36Z" end-time="2017-07-31 22:42:36Z" duration="0.016620" asserts="0" />
            <test-case id="0-1178" name="DoNotMarkPassedSquareWithEnPassantMarkIfMovingOneSquareDown(5,3,4,3)" fullname="ChessWithTDD.Tests.EnPassantManagerTests.DoNotMarkPassedSquareWithEnPassantMarkIfMovingOneSquareDown(5,3,4,3)" methodname="DoNotMarkPassedSquareWithEnPassantMarkIfMovingOneSquareDown" classname="ChessWithTDD.Tests.EnPassantManagerTests" runstate="Runnable" seed="572005921" result="Passed" start-time="2017-07-31 22:42:36Z" end-time="2017-07-31 22:42:36Z" duration="0.000995" asserts="0" />
          </test-suite>
          <test-suite type="ParameterizedMethod" id="0-1176" name="DoNotMarkPassedSquareWithEnPassantMarkIfMovingOneSquareUp" fullname="ChessWithTDD.Tests.EnPassantManagerTests.DoNotMarkPassedSquareWithEnPassantMarkIfMovingOneSquareUp" classname="ChessWithTDD.Tests.EnPassantManagerTests" runstate="Runnable" testcasecount="2" result="Passed" start-time="2017-07-31 22:42:36Z" end-time="2017-07-31 22:42:36Z" duration="0.009028" total="2" passed="2" failed="0" warnings="0" inconclusive="0" skipped="0" asserts="0">
            <test-case id="0-1174" name="DoNotMarkPassedSquareWithEnPassantMarkIfMovingOneSquareUp(2,4,3,4)" fullname="ChessWithTDD.Tests.EnPassantManagerTests.DoNotMarkPassedSquareWithEnPassantMarkIfMovingOneSquareUp(2,4,3,4)" methodname="DoNotMarkPassedSquareWithEnPassantMarkIfMovingOneSquareUp" classname="ChessWithTDD.Tests.EnPassantManagerTests" runstate="Runnable" seed="1983867785" result="Passed" start-time="2017-07-31 22:42:36Z" end-time="2017-07-31 22:42:36Z" duration="0.002080" asserts="0" />
            <test-case id="0-1175" name="DoNotMarkPassedSquareWithEnPassantMarkIfMovingOneSquareUp(1,3,2,3)" fullname="ChessWithTDD.Tests.EnPassantManagerTests.DoNotMarkPassedSquareWithEnPassantMarkIfMovingOneSquareUp(1,3,2,3)" methodname="DoNotMarkPassedSquareWithEnPassantMarkIfMovingOneSquareUp" classname="ChessWithTDD.Tests.EnPassantManagerTests" runstate="Runnable" seed="1406156669" result="Passed" start-time="2017-07-31 22:42:36Z" end-time="2017-07-31 22:42:36Z" duration="0.001152" asserts="0" />
          </test-suite>
          <test-suite type="ParameterizedMethod" id="0-1185" name="IfBoardIsMarkedTwoTurnsAgoTheMarkIsRemovedForPawnMovingDown" fullname="ChessWithTDD.Tests.EnPassantManagerTests.IfBoardIsMarkedTwoTurnsAgoTheMarkIsRemovedForPawnMovingDown" classname="ChessWithTDD.Tests.EnPassantManagerTests" runstate="Runnable" testcasecount="2" result="Passed" start-time="2017-07-31 22:42:36Z" end-time="2017-07-31 22:42:36Z" duration="0.012516" total="2" passed="2" failed="0" warnings="0" inconclusive="0" skipped="0" asserts="0">
            <test-case id="0-1183" name="IfBoardIsMarkedTwoTurnsAgoTheMarkIsRemovedForPawnMovingDown(6,4,4,4,2)" fullname="ChessWithTDD.Tests.EnPassantManagerTests.IfBoardIsMarkedTwoTurnsAgoTheMarkIsRemovedForPawnMovingDown(6,4,4,4,2)" methodname="IfBoardIsMarkedTwoTurnsAgoTheMarkIsRemovedForPawnMovingDown" classname="ChessWithTDD.Tests.EnPassantManagerTests" runstate="Runnable" seed="1618374716" result="Passed" start-time="2017-07-31 22:42:36Z" end-time="2017-07-31 22:42:36Z" duration="0.005505" asserts="0" />
            <test-case id="0-1184" name="IfBoardIsMarkedTwoTurnsAgoTheMarkIsRemovedForPawnMovingDown(5,3,3,3,5)" fullname="ChessWithTDD.Tests.EnPassantManagerTests.IfBoardIsMarkedTwoTurnsAgoTheMarkIsRemovedForPawnMovingDown(5,3,3,3,5)" methodname="IfBoardIsMarkedTwoTurnsAgoTheMarkIsRemovedForPawnMovingDown" classname="ChessWithTDD.Tests.EnPassantManagerTests" runstate="Runnable" seed="511073480" result="Passed" start-time="2017-07-31 22:42:36Z" end-time="2017-07-31 22:42:36Z" duration="0.001255" asserts="0" />
          </test-suite>
          <test-suite type="ParameterizedMethod" id="0-1182" name="IfBoardIsMarkedTwoTurnsAgoTheMarkIsRemovedForPawnMovingUp" fullname="ChessWithTDD.Tests.EnPassantManagerTests.IfBoardIsMarkedTwoTurnsAgoTheMarkIsRemovedForPawnMovingUp" classname="ChessWithTDD.Tests.EnPassantManagerTests" runstate="Runnable" testcasecount="2" result="Passed" start-time="2017-07-31 22:42:36Z" end-time="2017-07-31 22:42:36Z" duration="0.009014" total="2" passed="2" failed="0" warnings="0" inconclusive="0" skipped="0" asserts="0">
            <test-case id="0-1180" name="IfBoardIsMarkedTwoTurnsAgoTheMarkIsRemovedForPawnMovingUp(2,4,4,4,2)" fullname="ChessWithTDD.Tests.EnPassantManagerTests.IfBoardIsMarkedTwoTurnsAgoTheMarkIsRemovedForPawnMovingUp(2,4,4,4,2)" methodname="IfBoardIsMarkedTwoTurnsAgoTheMarkIsRemovedForPawnMovingUp" classname="ChessWithTDD.Tests.EnPassantManagerTests" runstate="Runnable" seed="1813610167" result="Passed" start-time="2017-07-31 22:42:36Z" end-time="2017-07-31 22:42:36Z" duration="0.002265" asserts="0" />
            <test-case id="0-1181" name="IfBoardIsMarkedTwoTurnsAgoTheMarkIsRemovedForPawnMovingUp(1,3,3,3,5)" fullname="ChessWithTDD.Tests.EnPassantManagerTests.IfBoardIsMarkedTwoTurnsAgoTheMarkIsRemovedForPawnMovingUp(1,3,3,3,5)" methodname="IfBoardIsMarkedTwoTurnsAgoTheMarkIsRemovedForPawnMovingUp" classname="ChessWithTDD.Tests.EnPassantManagerTests" runstate="Runnable" seed="767190180" result="Passed" start-time="2017-07-31 22:42:36Z" end-time="2017-07-31 22:42:36Z" duration="0.001063" asserts="0" />
          </test-suite>
          <test-suite type="ParameterizedMethod" id="0-1188" name="IfBoardMarkedOneTurnAgoTheMarkIsNotRemoved" fullname="ChessWithTDD.Tests.EnPassantManagerTests.IfBoardMarkedOneTurnAgoTheMarkIsNotRemoved" classname="ChessWithTDD.Tests.EnPassantManagerTests" runstate="Runnable" testcasecount="2" result="Passed" start-time="2017-07-31 22:42:36Z" end-time="2017-07-31 22:42:36Z" duration="0.009039" total="2" passed="2" failed="0" warnings="0" inconclusive="0" skipped="0" asserts="0">
            <test-case id="0-1186" name="IfBoardMarkedOneTurnAgoTheMarkIsNotRemoved(6,4,4,4,2)" fullname="ChessWithTDD.Tests.EnPassantManagerTests.IfBoardMarkedOneTurnAgoTheMarkIsNotRemoved(6,4,4,4,2)" methodname="IfBoardMarkedOneTurnAgoTheMarkIsNotRemoved" classname="ChessWithTDD.Tests.EnPassantManagerTests" runstate="Runnable" seed="875090895" result="Passed" start-time="2017-07-31 22:42:36Z" end-time="2017-07-31 22:42:36Z" duration="0.002296" asserts="0" />
            <test-case id="0-1187" name="IfBoardMarkedOneTurnAgoTheMarkIsNotRemoved(5,3,3,3,5)" fullname="ChessWithTDD.Tests.EnPassantManagerTests.IfBoardMarkedOneTurnAgoTheMarkIsNotRemoved(5,3,3,3,5)" methodname="IfBoardMarkedOneTurnAgoTheMarkIsNotRemoved" classname="ChessWithTDD.Tests.EnPassantManagerTests" runstate="Runnable" seed="307831764" result="Passed" start-time="2017-07-31 22:42:36Z" end-time="2017-07-31 22:42:36Z" duration="0.001141" asserts="0" />
          </test-suite>
          <test-suite type="ParameterizedMethod" id="0-1206" name="IfToSquareDoesNotHaveEnPassantMarkAndTheMoveIsDiagonallyDownThenNothingHappens" fullname="ChessWithTDD.Tests.EnPassantManagerTests.IfToSquareDoesNotHaveEnPassantMarkAndTheMoveIsDiagonallyDownThenNothingHappens" classname="ChessWithTDD.Tests.EnPassantManagerTests" runstate="Runnable" testcasecount="2" result="Passed" start-time="2017-07-31 22:42:36Z" end-time="2017-07-31 22:42:36Z" duration="0.011953" total="2" passed="2" failed="0" warnings="0" inconclusive="0" skipped="0" asserts="0">
            <test-case id="0-1204" name="IfToSquareDoesNotHaveEnPassantMarkAndTheMoveIsDiagonallyDownThenNothingHappens(6,4,5,3)" fullname="ChessWithTDD.Tests.EnPassantManagerTests.IfToSquareDoesNotHaveEnPassantMarkAndTheMoveIsDiagonallyDownThenNothingHappens(6,4,5,3)" methodname="IfToSquareDoesNotHaveEnPassantMarkAndTheMoveIsDiagonallyDownThenNothingHappens" classname="ChessWithTDD.Tests.EnPassantManagerTests" runstate="Runnable" seed="1620310479" result="Passed" start-time="2017-07-31 22:42:36Z" end-time="2017-07-31 22:42:36Z" duration="0.004955" asserts="0" />
            <test-case id="0-1205" name="IfToSquareDoesNotHaveEnPassantMarkAndTheMoveIsDiagonallyDownThenNothingHappens(5,3,4,4)" fullname="ChessWithTDD.Tests.EnPassantManagerTests.IfToSquareDoesNotHaveEnPassantMarkAndTheMoveIsDiagonallyDownThenNothingHappens(5,3,4,4)" methodname="IfToSquareDoesNotHaveEnPassantMarkAndTheMoveIsDiagonallyDownThenNothingHappens" classname="ChessWithTDD.Tests.EnPassantManagerTests" runstate="Runnable" seed="480119157" result="Passed" start-time="2017-07-31 22:42:36Z" end-time="2017-07-31 22:42:36Z" duration="0.001562" asserts="0" />
          </test-suite>
          <test-suite type="ParameterizedMethod" id="0-1197" name="IfToSquareDoesNotHaveEnPassantMarkAndTheMoveIsDiagonallyUpThenNothingHappens" fullname="ChessWithTDD.Tests.EnPassantManagerTests.IfToSquareDoesNotHaveEnPassantMarkAndTheMoveIsDiagonallyUpThenNothingHappens" classname="ChessWithTDD.Tests.EnPassantManagerTests" runstate="Runnable" testcasecount="2" result="Passed" start-time="2017-07-31 22:42:36Z" end-time="2017-07-31 22:42:36Z" duration="0.011479" total="2" passed="2" failed="0" warnings="0" inconclusive="0" skipped="0" asserts="0">
            <test-case id="0-1195" name="IfToSquareDoesNotHaveEnPassantMarkAndTheMoveIsDiagonallyUpThenNothingHappens(2,4,3,5)" fullname="ChessWithTDD.Tests.EnPassantManagerTests.IfToSquareDoesNotHaveEnPassantMarkAndTheMoveIsDiagonallyUpThenNothingHappens(2,4,3,5)" methodname="IfToSquareDoesNotHaveEnPassantMarkAndTheMoveIsDiagonallyUpThenNothingHappens" classname="ChessWithTDD.Tests.EnPassantManagerTests" runstate="Runnable" seed="559169576" result="Passed" start-time="2017-07-31 22:42:36Z" end-time="2017-07-31 22:42:36Z" duration="0.003482" asserts="0" />
            <test-case id="0-1196" name="IfToSquareDoesNotHaveEnPassantMarkAndTheMoveIsDiagonallyUpThenNothingHappens(1,3,2,2)" fullname="ChessWithTDD.Tests.EnPassantManagerTests.IfToSquareDoesNotHaveEnPassantMarkAndTheMoveIsDiagonallyUpThenNothingHappens(1,3,2,2)" methodname="IfToSquareDoesNotHaveEnPassantMarkAndTheMoveIsDiagonallyUpThenNothingHappens" classname="ChessWithTDD.Tests.EnPassantManagerTests" runstate="Runnable" seed="1838578095" result="Passed" start-time="2017-07-31 22:42:36Z" end-time="2017-07-31 22:42:36Z" duration="0.001573" asserts="0" />
          </test-suite>
          <test-suite type="ParameterizedMethod" id="0-1200" name="IfToSquareHasEnPassantMarkAndTheMoveIsDiagonallyDownThenSquareUnmarkedAndPieceAboveTakenAndSquareAddedToPendingUpdates" fullname="ChessWithTDD.Tests.EnPassantManagerTests.IfToSquareHasEnPassantMarkAndTheMoveIsDiagonallyDownThenSquareUnmarkedAndPieceAboveTakenAndSquareAddedToPendingUpdates" classname="ChessWithTDD.Tests.EnPassantManagerTests" runstate="Runnable" testcasecount="2" result="Passed" start-time="2017-07-31 22:42:36Z" end-time="2017-07-31 22:42:36Z" duration="0.013027" total="2" passed="2" failed="0" warnings="0" inconclusive="0" skipped="0" asserts="2">
            <test-case id="0-1198" name="IfToSquareHasEnPassantMarkAndTheMoveIsDiagonallyDownThenSquareUnmarkedAndPieceAboveTakenAndSquareAddedToPendingUpdates(6,4,5,3)" fullname="ChessWithTDD.Tests.EnPassantManagerTests.IfToSquareHasEnPassantMarkAndTheMoveIsDiagonallyDownThenSquareUnmarkedAndPieceAboveTakenAndSquareAddedToPendingUpdates(6,4,5,3)" methodname="IfToSquareHasEnPassantMarkAndTheMoveIsDiagonallyDownThenSquareUnmarkedAndPieceAboveTakenAndSquareAddedToPendingUpdates" classname="ChessWithTDD.Tests.EnPassantManagerTests" runstate="Runnable" seed="524404059" result="Passed" start-time="2017-07-31 22:42:36Z" end-time="2017-07-31 22:42:36Z" duration="0.005376" asserts="1" />
            <test-case id="0-1199" name="IfToSquareHasEnPassantMarkAndTheMoveIsDiagonallyDownThenSquareUnmarkedAndPieceAboveTakenAndSquareAddedToPendingUpdates(5,3,4,4)" fullname="ChessWithTDD.Tests.EnPassantManagerTests.IfToSquareHasEnPassantMarkAndTheMoveIsDiagonallyDownThenSquareUnmarkedAndPieceAboveTakenAndSquareAddedToPendingUpdates(5,3,4,4)" methodname="IfToSquareHasEnPassantMarkAndTheMoveIsDiagonallyDownThenSquareUnmarkedAndPieceAboveTakenAndSquareAddedToPendingUpdates" classname="ChessWithTDD.Tests.EnPassantManagerTests" runstate="Runnable" seed="2110045567" result="Passed" start-time="2017-07-31 22:42:36Z" end-time="2017-07-31 22:42:36Z" duration="0.002011" asserts="1" />
          </test-suite>
          <test-suite type="ParameterizedMethod" id="0-1191" name="IfToSquareHasEnPassantMarkAndTheMoveIsDiagonallyUpThenSquareUnmarkedAndPieceBelowTakenAndSquareAddedToPendingUpdates" fullname="ChessWithTDD.Tests.EnPassantManagerTests.IfToSquareHasEnPassantMarkAndTheMoveIsDiagonallyUpThenSquareUnmarkedAndPieceBelowTakenAndSquareAddedToPendingUpdates" classname="ChessWithTDD.Tests.EnPassantManagerTests" runstate="Runnable" testcasecount="2" result="Passed" start-time="2017-07-31 22:42:36Z" end-time="2017-07-31 22:42:36Z" duration="0.012022" total="2" passed="2" failed="0" warnings="0" inconclusive="0" skipped="0" asserts="2">
            <test-case id="0-1189" name="IfToSquareHasEnPassantMarkAndTheMoveIsDiagonallyUpThenSquareUnmarkedAndPieceBelowTakenAndSquareAddedToPendingUpdates(2,4,3,5)" fullname="ChessWithTDD.Tests.EnPassantManagerTests.IfToSquareHasEnPassantMarkAndTheMoveIsDiagonallyUpThenSquareUnmarkedAndPieceBelowTakenAndSquareAddedToPendingUpdates(2,4,3,5)" methodname="IfToSquareHasEnPassantMarkAndTheMoveIsDiagonallyUpThenSquareUnmarkedAndPieceBelowTakenAndSquareAddedToPendingUpdates" classname="ChessWithTDD.Tests.EnPassantManagerTests" runstate="Runnable" seed="1393010582" result="Passed" start-time="2017-07-31 22:42:36Z" end-time="2017-07-31 22:42:36Z" duration="0.004472" asserts="1" />
            <test-case id="0-1190" name="IfToSquareHasEnPassantMarkAndTheMoveIsDiagonallyUpThenSquareUnmarkedAndPieceBelowTakenAndSquareAddedToPendingUpdates(1,3,2,2)" fullname="ChessWithTDD.Tests.EnPassantManagerTests.IfToSquareHasEnPassantMarkAndTheMoveIsDiagonallyUpThenSquareUnmarkedAndPieceBelowTakenAndSquareAddedToPendingUpdates(1,3,2,2)" methodname="IfToSquareHasEnPassantMarkAndTheMoveIsDiagonallyUpThenSquareUnmarkedAndPieceBelowTakenAndSquareAddedToPendingUpdates" classname="ChessWithTDD.Tests.EnPassantManagerTests" runstate="Runnable" seed="1380690007" result="Passed" start-time="2017-07-31 22:42:36Z" end-time="2017-07-31 22:42:36Z" duration="0.001902" asserts="1" />
          </test-suite>
          <test-suite type="ParameterizedMethod" id="0-1203" name="IfToSquareHasEnPassantMarkButMoveNotDiagonallyDownThenNothingHappens" fullname="ChessWithTDD.Tests.EnPassantManagerTests.IfToSquareHasEnPassantMarkButMoveNotDiagonallyDownThenNothingHappens" classname="ChessWithTDD.Tests.EnPassantManagerTests" runstate="Runnable" testcasecount="2" result="Passed" start-time="2017-07-31 22:42:36Z" end-time="2017-07-31 22:42:36Z" duration="0.010513" total="2" passed="2" failed="0" warnings="0" inconclusive="0" skipped="0" asserts="0">
            <test-case id="0-1201" name="IfToSquareHasEnPassantMarkButMoveNotDiagonallyDownThenNothingHappens(6,4,3,3)" fullname="ChessWithTDD.Tests.EnPassantManagerTests.IfToSquareHasEnPassantMarkButMoveNotDiagonallyDownThenNothingHappens(6,4,3,3)" methodname="IfToSquareHasEnPassantMarkButMoveNotDiagonallyDownThenNothingHappens" classname="ChessWithTDD.Tests.EnPassantManagerTests" runstate="Runnable" seed="1876342639" result="Passed" start-time="2017-07-31 22:42:36Z" end-time="2017-07-31 22:42:36Z" duration="0.003451" asserts="0" />
            <test-case id="0-1202" name="IfToSquareHasEnPassantMarkButMoveNotDiagonallyDownThenNothingHappens(5,3,2,4)" fullname="ChessWithTDD.Tests.EnPassantManagerTests.IfToSquareHasEnPassantMarkButMoveNotDiagonallyDownThenNothingHappens(5,3,2,4)" methodname="IfToSquareHasEnPassantMarkButMoveNotDiagonallyDownThenNothingHappens" classname="ChessWithTDD.Tests.EnPassantManagerTests" runstate="Runnable" seed="1174377936" result="Passed" start-time="2017-07-31 22:42:36Z" end-time="2017-07-31 22:42:36Z" duration="0.001609" asserts="0" />
          </test-suite>
          <test-suite type="ParameterizedMethod" id="0-1194" name="IfToSquareHasEnPassantMarkButMoveNotDiagonallyUpThenNothingHappens" fullname="ChessWithTDD.Tests.EnPassantManagerTests.IfToSquareHasEnPassantMarkButMoveNotDiagonallyUpThenNothingHappens" classname="ChessWithTDD.Tests.EnPassantManagerTests" runstate="Runnable" testcasecount="2" result="Passed" start-time="2017-07-31 22:42:36Z" end-time="2017-07-31 22:42:36Z" duration="0.011513" total="2" passed="2" failed="0" warnings="0" inconclusive="0" skipped="0" asserts="0">
            <test-case id="0-1192" name="IfToSquareHasEnPassantMarkButMoveNotDiagonallyUpThenNothingHappens(2,4,4,5)" fullname="ChessWithTDD.Tests.EnPassantManagerTests.IfToSquareHasEnPassantMarkButMoveNotDiagonallyUpThenNothingHappens(2,4,4,5)" methodname="IfToSquareHasEnPassantMarkButMoveNotDiagonallyUpThenNothingHappens" classname="ChessWithTDD.Tests.EnPassantManagerTests" runstate="Runnable" seed="249657251" result="Passed" start-time="2017-07-31 22:42:36Z" end-time="2017-07-31 22:42:36Z" duration="0.003658" asserts="0" />
            <test-case id="0-1193" name="IfToSquareHasEnPassantMarkButMoveNotDiagonallyUpThenNothingHappens(1,3,5,2)" fullname="ChessWithTDD.Tests.EnPassantManagerTests.IfToSquareHasEnPassantMarkButMoveNotDiagonallyUpThenNothingHappens(1,3,5,2)" methodname="IfToSquareHasEnPassantMarkButMoveNotDiagonallyUpThenNothingHappens" classname="ChessWithTDD.Tests.EnPassantManagerTests" runstate="Runnable" seed="527143889" result="Passed" start-time="2017-07-31 22:42:36Z" end-time="2017-07-31 22:42:36Z" duration="0.001689" asserts="0" />
          </test-suite>
          <test-suite type="ParameterizedMethod" id="0-1173" name="MarkPassedSquareWithEnPassantMarkIfMovingTwoSquaresDown" fullname="ChessWithTDD.Tests.EnPassantManagerTests.MarkPassedSquareWithEnPassantMarkIfMovingTwoSquaresDown" classname="ChessWithTDD.Tests.EnPassantManagerTests" runstate="Runnable" testcasecount="2" result="Passed" start-time="2017-07-31 22:42:36Z" end-time="2017-07-31 22:42:36Z" duration="0.010043" total="2" passed="2" failed="0" warnings="0" inconclusive="0" skipped="0" asserts="0">
            <test-case id="0-1171" name="MarkPassedSquareWithEnPassantMarkIfMovingTwoSquaresDown(6,4,4,4)" fullname="ChessWithTDD.Tests.EnPassantManagerTests.MarkPassedSquareWithEnPassantMarkIfMovingTwoSquaresDown(6,4,4,4)" methodname="MarkPassedSquareWithEnPassantMarkIfMovingTwoSquaresDown" classname="ChessWithTDD.Tests.EnPassantManagerTests" runstate="Runnable" seed="126917465" result="Passed" start-time="2017-07-31 22:42:36Z" end-time="2017-07-31 22:42:36Z" duration="0.002462" asserts="0" />
            <test-case id="0-1172" name="MarkPassedSquareWithEnPassantMarkIfMovingTwoSquaresDown(5,3,3,3)" fullname="ChessWithTDD.Tests.EnPassantManagerTests.MarkPassedSquareWithEnPassantMarkIfMovingTwoSquaresDown(5,3,3,3)" methodname="MarkPassedSquareWithEnPassantMarkIfMovingTwoSquaresDown" classname="ChessWithTDD.Tests.EnPassantManagerTests" runstate="Runnable" seed="1024627480" result="Passed" start-time="2017-07-31 22:42:36Z" end-time="2017-07-31 22:42:36Z" duration="0.001174" asserts="0" />
          </test-suite>
          <test-suite type="ParameterizedMethod" id="0-1170" name="MarkPassedSquareWithEnPassantMarkIfMovingTwoSquaresUp" fullname="ChessWithTDD.Tests.EnPassantManagerTests.MarkPassedSquareWithEnPassantMarkIfMovingTwoSquaresUp" classname="ChessWithTDD.Tests.EnPassantManagerTests" runstate="Runnable" testcasecount="2" result="Passed" start-time="2017-07-31 22:42:36Z" end-time="2017-07-31 22:42:36Z" duration="0.009057" total="2" passed="2" failed="0" warnings="0" inconclusive="0" skipped="0" asserts="0">
            <test-case id="0-1168" name="MarkPassedSquareWithEnPassantMarkIfMovingTwoSquaresUp(2,4,4,4)" fullname="ChessWithTDD.Tests.EnPassantManagerTests.MarkPassedSquareWithEnPassantMarkIfMovingTwoSquaresUp(2,4,4,4)" methodname="MarkPassedSquareWithEnPassantMarkIfMovingTwoSquaresUp" classname="ChessWithTDD.Tests.EnPassantManagerTests" runstate="Runnable" seed="115067199" result="Passed" start-time="2017-07-31 22:42:36Z" end-time="2017-07-31 22:42:36Z" duration="0.002035" asserts="0" />
            <test-case id="0-1169" name="MarkPassedSquareWithEnPassantMarkIfMovingTwoSquaresUp(1,3,3,3)" fullname="ChessWithTDD.Tests.EnPassantManagerTests.MarkPassedSquareWithEnPassantMarkIfMovingTwoSquaresUp(1,3,3,3)" methodname="MarkPassedSquareWithEnPassantMarkIfMovingTwoSquaresUp" classname="ChessWithTDD.Tests.EnPassantManagerTests" runstate="Runnable" seed="254529997" result="Passed" start-time="2017-07-31 22:42:36Z" end-time="2017-07-31 22:42:36Z" duration="0.001004" asserts="0" />
          </test-suite>
        </test-suite>
        <test-suite type="TestFixture" id="0-1108" name="GenericMoveValidatorTests" fullname="ChessWithTDD.Tests.GenericMoveValidatorTests" classname="ChessWithTDD.Tests.GenericMoveValidatorTests" runstate="Runnable" testcasecount="19" result="Passed" start-time="2017-07-31 22:42:36Z" end-time="2017-07-31 22:42:36Z" duration="0.096510" total="19" passed="19" failed="0" warnings="0" inconclusive="0" skipped="0" asserts="19">
          <test-suite type="ParameterizedMethod" id="0-1123" name="MoveWhereFromSquareDoesNotContainPieceIsNotValid" fullname="ChessWithTDD.Tests.GenericMoveValidatorTests.MoveWhereFromSquareDoesNotContainPieceIsNotValid" classname="ChessWithTDD.Tests.GenericMoveValidatorTests" runstate="Runnable" testcasecount="2" result="Passed" start-time="2017-07-31 22:42:36Z" end-time="2017-07-31 22:42:36Z" duration="0.009573" total="2" passed="2" failed="0" warnings="0" inconclusive="0" skipped="0" asserts="2">
            <test-case id="0-1121" name="MoveWhereFromSquareDoesNotContainPieceIsNotValid(1,1,2,2)" fullname="ChessWithTDD.Tests.GenericMoveValidatorTests.MoveWhereFromSquareDoesNotContainPieceIsNotValid(1,1,2,2)" methodname="MoveWhereFromSquareDoesNotContainPieceIsNotValid" classname="ChessWithTDD.Tests.GenericMoveValidatorTests" runstate="Runnable" seed="772080157" result="Passed" start-time="2017-07-31 22:42:36Z" end-time="2017-07-31 22:42:36Z" duration="0.002366" asserts="1" />
            <test-case id="0-1122" name="MoveWhereFromSquareDoesNotContainPieceIsNotValid(5,3,7,7)" fullname="ChessWithTDD.Tests.GenericMoveValidatorTests.MoveWhereFromSquareDoesNotContainPieceIsNotValid(5,3,7,7)" methodname="MoveWhereFromSquareDoesNotContainPieceIsNotValid" classname="ChessWithTDD.Tests.GenericMoveValidatorTests" runstate="Runnable" seed="87840957" result="Passed" start-time="2017-07-31 22:42:36Z" end-time="2017-07-31 22:42:36Z" duration="0.001510" asserts="1" />
          </test-suite>
          <test-suite type="ParameterizedMethod" id="0-1133" name="MoveWhereFromSquareHasAPieceOfDifferentValidColourToToSquareIsValid" fullname="ChessWithTDD.Tests.GenericMoveValidatorTests.MoveWhereFromSquareHasAPieceOfDifferentValidColourToToSquareIsValid" classname="ChessWithTDD.Tests.GenericMoveValidatorTests" runstate="Runnable" testcasecount="2" result="Passed" start-time="2017-07-31 22:42:36Z" end-time="2017-07-31 22:42:36Z" duration="0.008542" total="2" passed="2" failed="0" warnings="0" inconclusive="0" skipped="0" asserts="2">
            <test-case id="0-1131" name="MoveWhereFromSquareHasAPieceOfDifferentValidColourToToSquareIsValid(2,2,2,3)" fullname="ChessWithTDD.Tests.GenericMoveValidatorTests.MoveWhereFromSquareHasAPieceOfDifferentValidColourToToSquareIsValid(2,2,2,3)" methodname="MoveWhereFromSquareHasAPieceOfDifferentValidColourToToSquareIsValid" classname="ChessWithTDD.Tests.GenericMoveValidatorTests" runstate="Runnable" seed="137250899" result="Passed" start-time="2017-07-31 22:42:36Z" end-time="2017-07-31 22:42:36Z" duration="0.001367" asserts="1" />
            <test-case id="0-1132" name="MoveWhereFromSquareHasAPieceOfDifferentValidColourToToSquareIsValid(5,3,6,3)" fullname="ChessWithTDD.Tests.GenericMoveValidatorTests.MoveWhereFromSquareHasAPieceOfDifferentValidColourToToSquareIsValid(5,3,6,3)" methodname="MoveWhereFromSquareHasAPieceOfDifferentValidColourToToSquareIsValid" classname="ChessWithTDD.Tests.GenericMoveValidatorTests" runstate="Runnable" seed="965680587" result="Passed" start-time="2017-07-31 22:42:36Z" end-time="2017-07-31 22:42:36Z" duration="0.001158" asserts="1" />
          </test-suite>
          <test-suite type="ParameterizedMethod" id="0-1126" name="MoveWhereFromSquareIsSamePositionAsToSquareIsNotValid" fullname="ChessWithTDD.Tests.GenericMoveValidatorTests.MoveWhereFromSquareIsSamePositionAsToSquareIsNotValid" classname="ChessWithTDD.Tests.GenericMoveValidatorTests" runstate="Runnable" testcasecount="2" result="Passed" start-time="2017-07-31 22:42:36Z" end-time="2017-07-31 22:42:36Z" duration="0.008015" total="2" passed="2" failed="0" warnings="0" inconclusive="0" skipped="0" asserts="2">
            <test-case id="0-1124" name="MoveWhereFromSquareIsSamePositionAsToSquareIsNotValid(1,2,1,2)" fullname="ChessWithTDD.Tests.GenericMoveValidatorTests.MoveWhereFromSquareIsSamePositionAsToSquareIsNotValid(1,2,1,2)" methodname="MoveWhereFromSquareIsSamePositionAsToSquareIsNotValid" classname="ChessWithTDD.Tests.GenericMoveValidatorTests" runstate="Runnable" seed="899817685" result="Passed" start-time="2017-07-31 22:42:36Z" end-time="2017-07-31 22:42:36Z" duration="0.001269" asserts="1" />
            <test-case id="0-1125" name="MoveWhereFromSquareIsSamePositionAsToSquareIsNotValid(5,3,5,3)" fullname="ChessWithTDD.Tests.GenericMoveValidatorTests.MoveWhereFromSquareIsSamePositionAsToSquareIsNotValid(5,3,5,3)" methodname="MoveWhereFromSquareIsSamePositionAsToSquareIsNotValid" classname="ChessWithTDD.Tests.GenericMoveValidatorTests" runstate="Runnable" seed="346032895" result="Passed" start-time="2017-07-31 22:42:36Z" end-time="2017-07-31 22:42:36Z" duration="0.001100" asserts="1" />
          </test-suite>
          <test-suite type="ParameterizedMethod" id="0-1120" name="MoveWhereFromSquareOrToSquareIsOffTheBoardIsNotValid" fullname="ChessWithTDD.Tests.GenericMoveValidatorTests.MoveWhereFromSquareOrToSquareIsOffTheBoardIsNotValid" classname="ChessWithTDD.Tests.GenericMoveValidatorTests" runstate="Runnable" testcasecount="8" result="Passed" start-time="2017-07-31 22:42:36Z" end-time="2017-07-31 22:42:36Z" duration="0.030036" total="8" passed="8" failed="0" warnings="0" inconclusive="0" skipped="0" asserts="8">
            <test-case id="0-1112" name="MoveWhereFromSquareOrToSquareIsOffTheBoardIsNotValid(1,1,9,5)" fullname="ChessWithTDD.Tests.GenericMoveValidatorTests.MoveWhereFromSquareOrToSquareIsOffTheBoardIsNotValid(1,1,9,5)" methodname="MoveWhereFromSquareOrToSquareIsOffTheBoardIsNotValid" classname="ChessWithTDD.Tests.GenericMoveValidatorTests" runstate="Runnable" seed="1952499219" result="Passed" start-time="2017-07-31 22:42:36Z" end-time="2017-07-31 22:42:36Z" duration="0.001766" asserts="1" />
            <test-case id="0-1113" name="MoveWhereFromSquareOrToSquareIsOffTheBoardIsNotValid(5,3,6,8)" fullname="ChessWithTDD.Tests.GenericMoveValidatorTests.MoveWhereFromSquareOrToSquareIsOffTheBoardIsNotValid(5,3,6,8)" methodname="MoveWhereFromSquareOrToSquareIsOffTheBoardIsNotValid" classname="ChessWithTDD.Tests.GenericMoveValidatorTests" runstate="Runnable" seed="1981913680" result="Passed" start-time="2017-07-31 22:42:36Z" end-time="2017-07-31 22:42:36Z" duration="0.000887" asserts="1" />
            <test-case id="0-1114" name="MoveWhereFromSquareOrToSquareIsOffTheBoardIsNotValid(7,8,2,2)" fullname="ChessWithTDD.Tests.GenericMoveValidatorTests.MoveWhereFromSquareOrToSquareIsOffTheBoardIsNotValid(7,8,2,2)" methodname="MoveWhereFromSquareOrToSquareIsOffTheBoardIsNotValid" classname="ChessWithTDD.Tests.GenericMoveValidatorTests" runstate="Runnable" seed="1000639031" result="Passed" start-time="2017-07-31 22:42:36Z" end-time="2017-07-31 22:42:36Z" duration="0.000841" asserts="1" />
            <test-case id="0-1115" name="MoveWhereFromSquareOrToSquareIsOffTheBoardIsNotValid(9,1,2,2)" fullname="ChessWithTDD.Tests.GenericMoveValidatorTests.MoveWhereFromSquareOrToSquareIsOffTheBoardIsNotValid(9,1,2,2)" methodname="MoveWhereFromSquareOrToSquareIsOffTheBoardIsNotValid" classname="ChessWithTDD.Tests.GenericMoveValidatorTests" runstate="Runnable" seed="1066006114" result="Passed" start-time="2017-07-31 22:42:36Z" end-time="2017-07-31 22:42:36Z" duration="0.000842" asserts="1" />
            <test-case id="0-1116" name="MoveWhereFromSquareOrToSquareIsOffTheBoardIsNotValid(1,1,-1,5)" fullname="ChessWithTDD.Tests.GenericMoveValidatorTests.MoveWhereFromSquareOrToSquareIsOffTheBoardIsNotValid(1,1,-1,5)" methodname="MoveWhereFromSquareOrToSquareIsOffTheBoardIsNotValid" classname="ChessWithTDD.Tests.GenericMoveValidatorTests" runstate="Runnable" seed="1505384810" result="Passed" start-time="2017-07-31 22:42:36Z" end-time="2017-07-31 22:42:36Z" duration="0.000875" asserts="1" />
            <test-case id="0-1117" name="MoveWhereFromSquareOrToSquareIsOffTheBoardIsNotValid(5,3,6,-1)" fullname="ChessWithTDD.Tests.GenericMoveValidatorTests.MoveWhereFromSquareOrToSquareIsOffTheBoardIsNotValid(5,3,6,-1)" methodname="MoveWhereFromSquareOrToSquareIsOffTheBoardIsNotValid" classname="ChessWithTDD.Tests.GenericMoveValidatorTests" runstate="Runnable" seed="1059059041" result="Passed" start-time="2017-07-31 22:42:36Z" end-time="2017-07-31 22:42:36Z" duration="0.000916" asserts="1" />
            <test-case id="0-1118" name="MoveWhereFromSquareOrToSquareIsOffTheBoardIsNotValid(7,-1,2,2)" fullname="ChessWithTDD.Tests.GenericMoveValidatorTests.MoveWhereFromSquareOrToSquareIsOffTheBoardIsNotValid(7,-1,2,2)" methodname="MoveWhereFromSquareOrToSquareIsOffTheBoardIsNotValid" classname="ChessWithTDD.Tests.GenericMoveValidatorTests" runstate="Runnable" seed="208236678" result="Passed" start-time="2017-07-31 22:42:36Z" end-time="2017-07-31 22:42:36Z" duration="0.000873" asserts="1" />
            <test-case id="0-1119" name="MoveWhereFromSquareOrToSquareIsOffTheBoardIsNotValid(-1,1,2,2)" fullname="ChessWithTDD.Tests.GenericMoveValidatorTests.MoveWhereFromSquareOrToSquareIsOffTheBoardIsNotValid(-1,1,2,2)" methodname="MoveWhereFromSquareOrToSquareIsOffTheBoardIsNotValid" classname="ChessWithTDD.Tests.GenericMoveValidatorTests" runstate="Runnable" seed="156327611" result="Passed" start-time="2017-07-31 22:42:36Z" end-time="2017-07-31 22:42:36Z" duration="0.000851" asserts="1" />
          </test-suite>
          <test-suite type="ParameterizedMethod" id="0-1111" name="MoveWhereFromSquarePieceDoesNotHaveAValidColourIsNotValid" fullname="ChessWithTDD.Tests.GenericMoveValidatorTests.MoveWhereFromSquarePieceDoesNotHaveAValidColourIsNotValid" classname="ChessWithTDD.Tests.GenericMoveValidatorTests" runstate="Runnable" testcasecount="2" result="Passed" start-time="2017-07-31 22:42:36Z" end-time="2017-07-31 22:42:36Z" duration="0.009029" total="2" passed="2" failed="0" warnings="0" inconclusive="0" skipped="0" asserts="2">
            <test-case id="0-1109" name="MoveWhereFromSquarePieceDoesNotHaveAValidColourIsNotValid(1,1,2,2)" fullname="ChessWithTDD.Tests.GenericMoveValidatorTests.MoveWhereFromSquarePieceDoesNotHaveAValidColourIsNotValid(1,1,2,2)" methodname="MoveWhereFromSquarePieceDoesNotHaveAValidColourIsNotValid" classname="ChessWithTDD.Tests.GenericMoveValidatorTests" runstate="Runnable" seed="1189508916" result="Passed" start-time="2017-07-31 22:42:36Z" end-time="2017-07-31 22:42:36Z" duration="0.001478" asserts="1" />
            <test-case id="0-1110" name="MoveWhereFromSquarePieceDoesNotHaveAValidColourIsNotValid(5,3,7,7)" fullname="ChessWithTDD.Tests.GenericMoveValidatorTests.MoveWhereFromSquarePieceDoesNotHaveAValidColourIsNotValid(5,3,7,7)" methodname="MoveWhereFromSquarePieceDoesNotHaveAValidColourIsNotValid" classname="ChessWithTDD.Tests.GenericMoveValidatorTests" runstate="Runnable" seed="204146786" result="Passed" start-time="2017-07-31 22:42:36Z" end-time="2017-07-31 22:42:36Z" duration="0.000983" asserts="1" />
          </test-suite>
          <test-suite type="ParameterizedMethod" id="0-1130" name="MoveWherePieceInToSquareIsOfSameColourAsMovingPieceIsInvalid" fullname="ChessWithTDD.Tests.GenericMoveValidatorTests.MoveWherePieceInToSquareIsOfSameColourAsMovingPieceIsInvalid" classname="ChessWithTDD.Tests.GenericMoveValidatorTests" runstate="Runnable" testcasecount="3" result="Passed" start-time="2017-07-31 22:42:36Z" end-time="2017-07-31 22:42:36Z" duration="0.012546" total="3" passed="3" failed="0" warnings="0" inconclusive="0" skipped="0" asserts="3">
            <test-case id="0-1127" name="MoveWherePieceInToSquareIsOfSameColourAsMovingPieceIsInvalid(2,2,3,2,White)" fullname="ChessWithTDD.Tests.GenericMoveValidatorTests.MoveWherePieceInToSquareIsOfSameColourAsMovingPieceIsInvalid(2,2,3,2,White)" methodname="MoveWherePieceInToSquareIsOfSameColourAsMovingPieceIsInvalid" classname="ChessWithTDD.Tests.GenericMoveValidatorTests" runstate="Runnable" seed="481708785" result="Passed" start-time="2017-07-31 22:42:36Z" end-time="2017-07-31 22:42:36Z" duration="0.001507" asserts="1" />
            <test-case id="0-1128" name="MoveWherePieceInToSquareIsOfSameColourAsMovingPieceIsInvalid(5,3,4,3,Black)" fullname="ChessWithTDD.Tests.GenericMoveValidatorTests.MoveWherePieceInToSquareIsOfSameColourAsMovingPieceIsInvalid(5,3,4,3,Black)" methodname="MoveWherePieceInToSquareIsOfSameColourAsMovingPieceIsInvalid" classname="ChessWithTDD.Tests.GenericMoveValidatorTests" runstate="Runnable" seed="649552964" result="Passed" start-time="2017-07-31 22:42:36Z" end-time="2017-07-31 22:42:36Z" duration="0.001289" asserts="1" />
            <test-case id="0-1129" name="MoveWherePieceInToSquareIsOfSameColourAsMovingPieceIsInvalid(5,3,4,3,Invalid)" fullname="ChessWithTDD.Tests.GenericMoveValidatorTests.MoveWherePieceInToSquareIsOfSameColourAsMovingPieceIsInvalid(5,3,4,3,Invalid)" methodname="MoveWherePieceInToSquareIsOfSameColourAsMovingPieceIsInvalid" classname="ChessWithTDD.Tests.GenericMoveValidatorTests" runstate="Runnable" seed="628947249" result="Passed" start-time="2017-07-31 22:42:36Z" end-time="2017-07-31 22:42:36Z" duration="0.001114" asserts="1" />
          </test-suite>
        </test-suite>
        <test-suite type="TestFixture" id="0-1640" name="KingTests" fullname="ChessWithTDD.Tests.KingTests" classname="ChessWithTDD.Tests.KingTests" runstate="Runnable" testcasecount="16" result="Passed" start-time="2017-07-31 22:42:37Z" end-time="2017-07-31 22:42:37Z" duration="0.072459" total="16" passed="16" failed="0" warnings="0" inconclusive="0" skipped="0" asserts="16">
          <test-suite type="ParameterizedMethod" id="0-1649" name="KingCanMoveToAdjacentSquares" fullname="ChessWithTDD.Tests.KingTests.KingCanMoveToAdjacentSquares" classname="ChessWithTDD.Tests.KingTests" runstate="Runnable" testcasecount="8" result="Passed" start-time="2017-07-31 22:42:37Z" end-time="2017-07-31 22:42:37Z" duration="0.030012" total="8" passed="8" failed="0" warnings="0" inconclusive="0" skipped="0" asserts="8">
            <test-case id="0-1641" name="KingCanMoveToAdjacentSquares(3,3,3,4)" fullname="ChessWithTDD.Tests.KingTests.KingCanMoveToAdjacentSquares(3,3,3,4)" methodname="KingCanMoveToAdjacentSquares" classname="ChessWithTDD.Tests.KingTests" runstate="Runnable" seed="508359083" result="Passed" start-time="2017-07-31 22:42:37Z" end-time="2017-07-31 22:42:37Z" duration="0.001464" asserts="1" />
            <test-case id="0-1642" name="KingCanMoveToAdjacentSquares(3,3,4,3)" fullname="ChessWithTDD.Tests.KingTests.KingCanMoveToAdjacentSquares(3,3,4,3)" methodname="KingCanMoveToAdjacentSquares" classname="ChessWithTDD.Tests.KingTests" runstate="Runnable" seed="1393261507" result="Passed" start-time="2017-07-31 22:42:37Z" end-time="2017-07-31 22:42:37Z" duration="0.000754" asserts="1" />
            <test-case id="0-1643" name="KingCanMoveToAdjacentSquares(3,3,3,2)" fullname="ChessWithTDD.Tests.KingTests.KingCanMoveToAdjacentSquares(3,3,3,2)" methodname="KingCanMoveToAdjacentSquares" classname="ChessWithTDD.Tests.KingTests" runstate="Runnable" seed="1971366481" result="Passed" start-time="2017-07-31 22:42:37Z" end-time="2017-07-31 22:42:37Z" duration="0.000832" asserts="1" />
            <test-case id="0-1644" name="KingCanMoveToAdjacentSquares(3,3,2,3)" fullname="ChessWithTDD.Tests.KingTests.KingCanMoveToAdjacentSquares(3,3,2,3)" methodname="KingCanMoveToAdjacentSquares" classname="ChessWithTDD.Tests.KingTests" runstate="Runnable" seed="1965950261" result="Passed" start-time="2017-07-31 22:42:37Z" end-time="2017-07-31 22:42:37Z" duration="0.000767" asserts="1" />
            <test-case id="0-1645" name="KingCanMoveToAdjacentSquares(3,3,4,4)" fullname="ChessWithTDD.Tests.KingTests.KingCanMoveToAdjacentSquares(3,3,4,4)" methodname="KingCanMoveToAdjacentSquares" classname="ChessWithTDD.Tests.KingTests" runstate="Runnable" seed="743421528" result="Passed" start-time="2017-07-31 22:42:37Z" end-time="2017-07-31 22:42:37Z" duration="0.000788" asserts="1" />
            <test-case id="0-1646" name="KingCanMoveToAdjacentSquares(3,3,2,2)" fullname="ChessWithTDD.Tests.KingTests.KingCanMoveToAdjacentSquares(3,3,2,2)" methodname="KingCanMoveToAdjacentSquares" classname="ChessWithTDD.Tests.KingTests" runstate="Runnable" seed="957875491" result="Passed" start-time="2017-07-31 22:42:37Z" end-time="2017-07-31 22:42:37Z" duration="0.000880" asserts="1" />
            <test-case id="0-1647" name="KingCanMoveToAdjacentSquares(3,3,4,2)" fullname="ChessWithTDD.Tests.KingTests.KingCanMoveToAdjacentSquares(3,3,4,2)" methodname="KingCanMoveToAdjacentSquares" classname="ChessWithTDD.Tests.KingTests" runstate="Runnable" seed="744445305" result="Passed" start-time="2017-07-31 22:42:37Z" end-time="2017-07-31 22:42:37Z" duration="0.000736" asserts="1" />
            <test-case id="0-1648" name="KingCanMoveToAdjacentSquares(3,3,2,4)" fullname="ChessWithTDD.Tests.KingTests.KingCanMoveToAdjacentSquares(3,3,2,4)" methodname="KingCanMoveToAdjacentSquares" classname="ChessWithTDD.Tests.KingTests" runstate="Runnable" seed="1382716883" result="Passed" start-time="2017-07-31 22:42:37Z" end-time="2017-07-31 22:42:37Z" duration="0.000853" asserts="1" />
          </test-suite>
          <test-suite type="ParameterizedMethod" id="0-1660" name="KingCannotMoveDiagonallyMoreThanOneSquare" fullname="ChessWithTDD.Tests.KingTests.KingCannotMoveDiagonallyMoreThanOneSquare" classname="ChessWithTDD.Tests.KingTests" runstate="Runnable" testcasecount="4" result="Passed" start-time="2017-07-31 22:42:37Z" end-time="2017-07-31 22:42:37Z" duration="0.014983" total="4" passed="4" failed="0" warnings="0" inconclusive="0" skipped="0" asserts="4">
            <test-case id="0-1656" name="KingCannotMoveDiagonallyMoreThanOneSquare(2,5,5,2)" fullname="ChessWithTDD.Tests.KingTests.KingCannotMoveDiagonallyMoreThanOneSquare(2,5,5,2)" methodname="KingCannotMoveDiagonallyMoreThanOneSquare" classname="ChessWithTDD.Tests.KingTests" runstate="Runnable" seed="2045309094" result="Passed" start-time="2017-07-31 22:42:37Z" end-time="2017-07-31 22:42:37Z" duration="0.001134" asserts="1" />
            <test-case id="0-1657" name="KingCannotMoveDiagonallyMoreThanOneSquare(2,3,5,6)" fullname="ChessWithTDD.Tests.KingTests.KingCannotMoveDiagonallyMoreThanOneSquare(2,3,5,6)" methodname="KingCannotMoveDiagonallyMoreThanOneSquare" classname="ChessWithTDD.Tests.KingTests" runstate="Runnable" seed="1320510770" result="Passed" start-time="2017-07-31 22:42:37Z" end-time="2017-07-31 22:42:37Z" duration="0.000841" asserts="1" />
            <test-case id="0-1658" name="KingCannotMoveDiagonallyMoreThanOneSquare(5,5,2,2)" fullname="ChessWithTDD.Tests.KingTests.KingCannotMoveDiagonallyMoreThanOneSquare(5,5,2,2)" methodname="KingCannotMoveDiagonallyMoreThanOneSquare" classname="ChessWithTDD.Tests.KingTests" runstate="Runnable" seed="1487666720" result="Passed" start-time="2017-07-31 22:42:37Z" end-time="2017-07-31 22:42:37Z" duration="0.000783" asserts="1" />
            <test-case id="0-1659" name="KingCannotMoveDiagonallyMoreThanOneSquare(5,2,2,5)" fullname="ChessWithTDD.Tests.KingTests.KingCannotMoveDiagonallyMoreThanOneSquare(5,2,2,5)" methodname="KingCannotMoveDiagonallyMoreThanOneSquare" classname="ChessWithTDD.Tests.KingTests" runstate="Runnable" seed="379374105" result="Passed" start-time="2017-07-31 22:42:37Z" end-time="2017-07-31 22:42:37Z" duration="0.000746" asserts="1" />
          </test-suite>
          <test-suite type="ParameterizedMethod" id="0-1655" name="KingCannotMoveHorizontallyMoreThanOneSquare" fullname="ChessWithTDD.Tests.KingTests.KingCannotMoveHorizontallyMoreThanOneSquare" classname="ChessWithTDD.Tests.KingTests" runstate="Runnable" testcasecount="2" result="Passed" start-time="2017-07-31 22:42:37Z" end-time="2017-07-31 22:42:37Z" duration="0.008530" total="2" passed="2" failed="0" warnings="0" inconclusive="0" skipped="0" asserts="2">
            <test-case id="0-1653" name="KingCannotMoveHorizontallyMoreThanOneSquare(2,6,2,0)" fullname="ChessWithTDD.Tests.KingTests.KingCannotMoveHorizontallyMoreThanOneSquare(2,6,2,0)" methodname="KingCannotMoveHorizontallyMoreThanOneSquare" classname="ChessWithTDD.Tests.KingTests" runstate="Runnable" seed="724788558" result="Passed" start-time="2017-07-31 22:42:37Z" end-time="2017-07-31 22:42:37Z" duration="0.001053" asserts="1" />
            <test-case id="0-1654" name="KingCannotMoveHorizontallyMoreThanOneSquare(2,2,2,7)" fullname="ChessWithTDD.Tests.KingTests.KingCannotMoveHorizontallyMoreThanOneSquare(2,2,2,7)" methodname="KingCannotMoveHorizontallyMoreThanOneSquare" classname="ChessWithTDD.Tests.KingTests" runstate="Runnable" seed="201017041" result="Passed" start-time="2017-07-31 22:42:37Z" end-time="2017-07-31 22:42:37Z" duration="0.000800" asserts="1" />
          </test-suite>
          <test-suite type="ParameterizedMethod" id="0-1652" name="KingCannotMoveVerticallyMoreThanOneSquare" fullname="ChessWithTDD.Tests.KingTests.KingCannotMoveVerticallyMoreThanOneSquare" classname="ChessWithTDD.Tests.KingTests" runstate="Runnable" testcasecount="2" result="Passed" start-time="2017-07-31 22:42:37Z" end-time="2017-07-31 22:42:37Z" duration="0.007041" total="2" passed="2" failed="0" warnings="0" inconclusive="0" skipped="0" asserts="2">
            <test-case id="0-1650" name="KingCannotMoveVerticallyMoreThanOneSquare(5,2,2,2)" fullname="ChessWithTDD.Tests.KingTests.KingCannotMoveVerticallyMoreThanOneSquare(5,2,2,2)" methodname="KingCannotMoveVerticallyMoreThanOneSquare" classname="ChessWithTDD.Tests.KingTests" runstate="Runnable" seed="379925048" result="Passed" start-time="2017-07-31 22:42:37Z" end-time="2017-07-31 22:42:37Z" duration="0.000992" asserts="1" />
            <test-case id="0-1651" name="KingCannotMoveVerticallyMoreThanOneSquare(2,2,5,2)" fullname="ChessWithTDD.Tests.KingTests.KingCannotMoveVerticallyMoreThanOneSquare(2,2,5,2)" methodname="KingCannotMoveVerticallyMoreThanOneSquare" classname="ChessWithTDD.Tests.KingTests" runstate="Runnable" seed="2021774303" result="Passed" start-time="2017-07-31 22:42:37Z" end-time="2017-07-31 22:42:37Z" duration="0.000856" asserts="1" />
          </test-suite>
        </test-suite>
        <test-suite type="TestFixture" id="0-1661" name="KnightTests" fullname="ChessWithTDD.Tests.KnightTests" classname="ChessWithTDD.Tests.KnightTests" runstate="Runnable" testcasecount="16" result="Passed" start-time="2017-07-31 22:42:37Z" end-time="2017-07-31 22:42:37Z" duration="0.070046" total="16" passed="16" failed="0" warnings="0" inconclusive="0" skipped="0" asserts="16">
          <test-suite type="ParameterizedMethod" id="0-1671" name="KnightCanMoveOneHorizontalAndTwoVerticalPositions" fullname="ChessWithTDD.Tests.KnightTests.KnightCanMoveOneHorizontalAndTwoVerticalPositions" classname="ChessWithTDD.Tests.KnightTests" runstate="Runnable" testcasecount="4" result="Passed" start-time="2017-07-31 22:42:37Z" end-time="2017-07-31 22:42:37Z" duration="0.015528" total="4" passed="4" failed="0" warnings="0" inconclusive="0" skipped="0" asserts="4">
            <test-case id="0-1667" name="KnightCanMoveOneHorizontalAndTwoVerticalPositions(1,2,3,3)" fullname="ChessWithTDD.Tests.KnightTests.KnightCanMoveOneHorizontalAndTwoVerticalPositions(1,2,3,3)" methodname="KnightCanMoveOneHorizontalAndTwoVerticalPositions" classname="ChessWithTDD.Tests.KnightTests" runstate="Runnable" seed="2098974441" result="Passed" start-time="2017-07-31 22:42:37Z" end-time="2017-07-31 22:42:37Z" duration="0.001870" asserts="1" />
            <test-case id="0-1668" name="KnightCanMoveOneHorizontalAndTwoVerticalPositions(1,2,3,1)" fullname="ChessWithTDD.Tests.KnightTests.KnightCanMoveOneHorizontalAndTwoVerticalPositions(1,2,3,1)" methodname="KnightCanMoveOneHorizontalAndTwoVerticalPositions" classname="ChessWithTDD.Tests.KnightTests" runstate="Runnable" seed="1611271949" result="Passed" start-time="2017-07-31 22:42:37Z" end-time="2017-07-31 22:42:37Z" duration="0.000759" asserts="1" />
            <test-case id="0-1669" name="KnightCanMoveOneHorizontalAndTwoVerticalPositions(2,3,0,4)" fullname="ChessWithTDD.Tests.KnightTests.KnightCanMoveOneHorizontalAndTwoVerticalPositions(2,3,0,4)" methodname="KnightCanMoveOneHorizontalAndTwoVerticalPositions" classname="ChessWithTDD.Tests.KnightTests" runstate="Runnable" seed="958854573" result="Passed" start-time="2017-07-31 22:42:37Z" end-time="2017-07-31 22:42:37Z" duration="0.000740" asserts="1" />
            <test-case id="0-1670" name="KnightCanMoveOneHorizontalAndTwoVerticalPositions(2,3,0,2)" fullname="ChessWithTDD.Tests.KnightTests.KnightCanMoveOneHorizontalAndTwoVerticalPositions(2,3,0,2)" methodname="KnightCanMoveOneHorizontalAndTwoVerticalPositions" classname="ChessWithTDD.Tests.KnightTests" runstate="Runnable" seed="1046463861" result="Passed" start-time="2017-07-31 22:42:37Z" end-time="2017-07-31 22:42:37Z" duration="0.000823" asserts="1" />
          </test-suite>
          <test-suite type="ParameterizedMethod" id="0-1666" name="KnightCanMoveOneVerticalAndTwoHorizontalPositions" fullname="ChessWithTDD.Tests.KnightTests.KnightCanMoveOneVerticalAndTwoHorizontalPositions" classname="ChessWithTDD.Tests.KnightTests" runstate="Runnable" testcasecount="4" result="Passed" start-time="2017-07-31 22:42:37Z" end-time="2017-07-31 22:42:37Z" duration="0.014514" total="4" passed="4" failed="0" warnings="0" inconclusive="0" skipped="0" asserts="4">
            <test-case id="0-1662" name="KnightCanMoveOneVerticalAndTwoHorizontalPositions(1,2,2,4)" fullname="ChessWithTDD.Tests.KnightTests.KnightCanMoveOneVerticalAndTwoHorizontalPositions(1,2,2,4)" methodname="KnightCanMoveOneVerticalAndTwoHorizontalPositions" classname="ChessWithTDD.Tests.KnightTests" runstate="Runnable" seed="1112435527" result="Passed" start-time="2017-07-31 22:42:37Z" end-time="2017-07-31 22:42:37Z" duration="0.001078" asserts="1" />
            <test-case id="0-1663" name="KnightCanMoveOneVerticalAndTwoHorizontalPositions(1,2,0,4)" fullname="ChessWithTDD.Tests.KnightTests.KnightCanMoveOneVerticalAndTwoHorizontalPositions(1,2,0,4)" methodname="KnightCanMoveOneVerticalAndTwoHorizontalPositions" classname="ChessWithTDD.Tests.KnightTests" runstate="Runnable" seed="42178528" result="Passed" start-time="2017-07-31 22:42:37Z" end-time="2017-07-31 22:42:37Z" duration="0.000824" asserts="1" />
            <test-case id="0-1664" name="KnightCanMoveOneVerticalAndTwoHorizontalPositions(2,3,3,1)" fullname="ChessWithTDD.Tests.KnightTests.KnightCanMoveOneVerticalAndTwoHorizontalPositions(2,3,3,1)" methodname="KnightCanMoveOneVerticalAndTwoHorizontalPositions" classname="ChessWithTDD.Tests.KnightTests" runstate="Runnable" seed="1783110413" result="Passed" start-time="2017-07-31 22:42:37Z" end-time="2017-07-31 22:42:37Z" duration="0.000789" asserts="1" />
            <test-case id="0-1665" name="KnightCanMoveOneVerticalAndTwoHorizontalPositions(2,3,1,1)" fullname="ChessWithTDD.Tests.KnightTests.KnightCanMoveOneVerticalAndTwoHorizontalPositions(2,3,1,1)" methodname="KnightCanMoveOneVerticalAndTwoHorizontalPositions" classname="ChessWithTDD.Tests.KnightTests" runstate="Runnable" seed="262679857" result="Passed" start-time="2017-07-31 22:42:37Z" end-time="2017-07-31 22:42:37Z" duration="0.000756" asserts="1" />
          </test-suite>
          <test-suite type="ParameterizedMethod" id="0-1680" name="KnightCannotMoveIfNotLShaped" fullname="ChessWithTDD.Tests.KnightTests.KnightCannotMoveIfNotLShaped" classname="ChessWithTDD.Tests.KnightTests" runstate="Runnable" testcasecount="8" result="Passed" start-time="2017-07-31 22:42:37Z" end-time="2017-07-31 22:42:37Z" duration="0.031013" total="8" passed="8" failed="0" warnings="0" inconclusive="0" skipped="0" asserts="8">
            <test-case id="0-1672" name="KnightCannotMoveIfNotLShaped(1,1,2,2)" fullname="ChessWithTDD.Tests.KnightTests.KnightCannotMoveIfNotLShaped(1,1,2,2)" methodname="KnightCannotMoveIfNotLShaped" classname="ChessWithTDD.Tests.KnightTests" runstate="Runnable" seed="927168634" result="Passed" start-time="2017-07-31 22:42:37Z" end-time="2017-07-31 22:42:37Z" duration="0.001058" asserts="1" />
            <test-case id="0-1673" name="KnightCannotMoveIfNotLShaped(1,1,3,3)" fullname="ChessWithTDD.Tests.KnightTests.KnightCannotMoveIfNotLShaped(1,1,3,3)" methodname="KnightCannotMoveIfNotLShaped" classname="ChessWithTDD.Tests.KnightTests" runstate="Runnable" seed="1500761307" result="Passed" start-time="2017-07-31 22:42:37Z" end-time="2017-07-31 22:42:37Z" duration="0.000926" asserts="1" />
            <test-case id="0-1674" name="KnightCannotMoveIfNotLShaped(1,1,4,4)" fullname="ChessWithTDD.Tests.KnightTests.KnightCannotMoveIfNotLShaped(1,1,4,4)" methodname="KnightCannotMoveIfNotLShaped" classname="ChessWithTDD.Tests.KnightTests" runstate="Runnable" seed="739564379" result="Passed" start-time="2017-07-31 22:42:37Z" end-time="2017-07-31 22:42:37Z" duration="0.000744" asserts="1" />
            <test-case id="0-1675" name="KnightCannotMoveIfNotLShaped(4,4,0,0)" fullname="ChessWithTDD.Tests.KnightTests.KnightCannotMoveIfNotLShaped(4,4,0,0)" methodname="KnightCannotMoveIfNotLShaped" classname="ChessWithTDD.Tests.KnightTests" runstate="Runnable" seed="268827619" result="Passed" start-time="2017-07-31 22:42:37Z" end-time="2017-07-31 22:42:37Z" duration="0.000739" asserts="1" />
            <test-case id="0-1676" name="KnightCannotMoveIfNotLShaped(1,2,3,4)" fullname="ChessWithTDD.Tests.KnightTests.KnightCannotMoveIfNotLShaped(1,2,3,4)" methodname="KnightCannotMoveIfNotLShaped" classname="ChessWithTDD.Tests.KnightTests" runstate="Runnable" seed="2049066266" result="Passed" start-time="2017-07-31 22:42:37Z" end-time="2017-07-31 22:42:37Z" duration="0.000919" asserts="1" />
            <test-case id="0-1677" name="KnightCannotMoveIfNotLShaped(1,2,6,7)" fullname="ChessWithTDD.Tests.KnightTests.KnightCannotMoveIfNotLShaped(1,2,6,7)" methodname="KnightCannotMoveIfNotLShaped" classname="ChessWithTDD.Tests.KnightTests" runstate="Runnable" seed="1985291980" result="Passed" start-time="2017-07-31 22:42:37Z" end-time="2017-07-31 22:42:37Z" duration="0.000757" asserts="1" />
            <test-case id="0-1678" name="KnightCannotMoveIfNotLShaped(4,8,2,6)" fullname="ChessWithTDD.Tests.KnightTests.KnightCannotMoveIfNotLShaped(4,8,2,6)" methodname="KnightCannotMoveIfNotLShaped" classname="ChessWithTDD.Tests.KnightTests" runstate="Runnable" seed="1360211423" result="Passed" start-time="2017-07-31 22:42:37Z" end-time="2017-07-31 22:42:37Z" duration="0.000780" asserts="1" />
            <test-case id="0-1679" name="KnightCannotMoveIfNotLShaped(5,1,3,4)" fullname="ChessWithTDD.Tests.KnightTests.KnightCannotMoveIfNotLShaped(5,1,3,4)" methodname="KnightCannotMoveIfNotLShaped" classname="ChessWithTDD.Tests.KnightTests" runstate="Runnable" seed="1405035510" result="Passed" start-time="2017-07-31 22:42:37Z" end-time="2017-07-31 22:42:37Z" duration="0.000809" asserts="1" />
          </test-suite>
        </test-suite>
        <test-suite type="TestFixture" id="0-1489" name="MoveConversionDataTests" fullname="ChessWithTDD.Tests.MoveConversionDataTests" classname="ChessWithTDD.Tests.MoveConversionDataTests" runstate="Runnable" testcasecount="8" result="Passed" start-time="2017-07-31 22:42:37Z" end-time="2017-07-31 22:42:37Z" duration="0.036013" total="8" passed="8" failed="0" warnings="0" inconclusive="0" skipped="0" asserts="32">
          <test-suite type="ParameterizedMethod" id="0-1494" name="NonTrivialConstructorTest" fullname="ChessWithTDD.Tests.MoveConversionDataTests.NonTrivialConstructorTest" classname="ChessWithTDD.Tests.MoveConversionDataTests" runstate="Runnable" testcasecount="4" result="Passed" start-time="2017-07-31 22:42:37Z" end-time="2017-07-31 22:42:37Z" duration="0.016529" total="4" passed="4" failed="0" warnings="0" inconclusive="0" skipped="0" asserts="16">
            <test-case id="0-1490" name="NonTrivialConstructorTest(1,2,3,4,False,False)" fullname="ChessWithTDD.Tests.MoveConversionDataTests.NonTrivialConstructorTest(1,2,3,4,False,False)" methodname="NonTrivialConstructorTest" classname="ChessWithTDD.Tests.MoveConversionDataTests" runstate="Runnable" seed="881826411" result="Passed" start-time="2017-07-31 22:42:37Z" end-time="2017-07-31 22:42:37Z" duration="0.002366" asserts="4" />
            <test-case id="0-1491" name="NonTrivialConstructorTest(5,6,7,8,False,True)" fullname="ChessWithTDD.Tests.MoveConversionDataTests.NonTrivialConstructorTest(5,6,7,8,False,True)" methodname="NonTrivialConstructorTest" classname="ChessWithTDD.Tests.MoveConversionDataTests" runstate="Runnable" seed="1532812637" result="Passed" start-time="2017-07-31 22:42:37Z" end-time="2017-07-31 22:42:37Z" duration="0.000695" asserts="4" />
            <test-case id="0-1492" name="NonTrivialConstructorTest(2,3,4,5,True,False)" fullname="ChessWithTDD.Tests.MoveConversionDataTests.NonTrivialConstructorTest(2,3,4,5,True,False)" methodname="NonTrivialConstructorTest" classname="ChessWithTDD.Tests.MoveConversionDataTests" runstate="Runnable" seed="46653937" result="Passed" start-time="2017-07-31 22:42:37Z" end-time="2017-07-31 22:42:37Z" duration="0.000946" asserts="4" />
            <test-case id="0-1493" name="NonTrivialConstructorTest(0,0,0,0,True,True)" fullname="ChessWithTDD.Tests.MoveConversionDataTests.NonTrivialConstructorTest(0,0,0,0,True,True)" methodname="NonTrivialConstructorTest" classname="ChessWithTDD.Tests.MoveConversionDataTests" runstate="Runnable" seed="1005197115" result="Passed" start-time="2017-07-31 22:42:37Z" end-time="2017-07-31 22:42:37Z" duration="0.000672" asserts="4" />
          </test-suite>
          <test-suite type="ParameterizedMethod" id="0-1499" name="SimpleConstructorTest" fullname="ChessWithTDD.Tests.MoveConversionDataTests.SimpleConstructorTest" classname="ChessWithTDD.Tests.MoveConversionDataTests" runstate="Runnable" testcasecount="4" result="Passed" start-time="2017-07-31 22:42:37Z" end-time="2017-07-31 22:42:37Z" duration="0.012996" total="4" passed="4" failed="0" warnings="0" inconclusive="0" skipped="0" asserts="16">
            <test-case id="0-1495" name="SimpleConstructorTest(1,2,3,4,False,False)" fullname="ChessWithTDD.Tests.MoveConversionDataTests.SimpleConstructorTest(1,2,3,4,False,False)" methodname="SimpleConstructorTest" classname="ChessWithTDD.Tests.MoveConversionDataTests" runstate="Runnable" seed="1259058099" result="Passed" start-time="2017-07-31 22:42:37Z" end-time="2017-07-31 22:42:37Z" duration="0.000561" asserts="4" />
            <test-case id="0-1496" name="SimpleConstructorTest(5,6,7,8,False,True)" fullname="ChessWithTDD.Tests.MoveConversionDataTests.SimpleConstructorTest(5,6,7,8,False,True)" methodname="SimpleConstructorTest" classname="ChessWithTDD.Tests.MoveConversionDataTests" runstate="Runnable" seed="1134138723" result="Passed" start-time="2017-07-31 22:42:37Z" end-time="2017-07-31 22:42:37Z" duration="0.000084" asserts="4" />
            <test-case id="0-1497" name="SimpleConstructorTest(2,3,4,5,True,False)" fullname="ChessWithTDD.Tests.MoveConversionDataTests.SimpleConstructorTest(2,3,4,5,True,False)" methodname="SimpleConstructorTest" classname="ChessWithTDD.Tests.MoveConversionDataTests" runstate="Runnable" seed="399327424" result="Passed" start-time="2017-07-31 22:42:37Z" end-time="2017-07-31 22:42:37Z" duration="0.000097" asserts="4" />
            <test-case id="0-1498" name="SimpleConstructorTest(0,0,0,0,True,True)" fullname="ChessWithTDD.Tests.MoveConversionDataTests.SimpleConstructorTest(0,0,0,0,True,True)" methodname="SimpleConstructorTest" classname="ChessWithTDD.Tests.MoveConversionDataTests" runstate="Runnable" seed="600058856" result="Passed" start-time="2017-07-31 22:42:37Z" end-time="2017-07-31 22:42:37Z" duration="0.000122" asserts="4" />
          </test-suite>
        </test-suite>
        <test-suite type="TestFixture" id="0-1091" name="MoveExecutorTests" fullname="ChessWithTDD.Tests.MoveExecutorTests" classname="ChessWithTDD.Tests.MoveExecutorTests" runstate="Runnable" testcasecount="14" result="Passed" start-time="2017-07-31 22:42:37Z" end-time="2017-07-31 22:42:37Z" duration="0.093435" total="14" passed="14" failed="0" warnings="0" inconclusive="0" skipped="0" asserts="21">
          <test-suite type="ParameterizedMethod" id="0-1106" name="ApplyMoveAddsToAndFromSquaresToPendingUpdatesForBoard" fullname="ChessWithTDD.Tests.MoveExecutorTests.ApplyMoveAddsToAndFromSquaresToPendingUpdatesForBoard" classname="ChessWithTDD.Tests.MoveExecutorTests" runstate="Runnable" testcasecount="3" result="Passed" start-time="2017-07-31 22:42:37Z" end-time="2017-07-31 22:42:37Z" duration="0.020030" total="3" passed="3" failed="0" warnings="0" inconclusive="0" skipped="0" asserts="6">
            <test-case id="0-1103" name="ApplyMoveAddsToAndFromSquaresToPendingUpdatesForBoard(2,4,6,7)" fullname="ChessWithTDD.Tests.MoveExecutorTests.ApplyMoveAddsToAndFromSquaresToPendingUpdatesForBoard(2,4,6,7)" methodname="ApplyMoveAddsToAndFromSquaresToPendingUpdatesForBoard" classname="ChessWithTDD.Tests.MoveExecutorTests" runstate="Runnable" seed="1033063940" result="Passed" start-time="2017-07-31 22:42:37Z" end-time="2017-07-31 22:42:37Z" duration="0.006733" asserts="2" />
            <test-case id="0-1104" name="ApplyMoveAddsToAndFromSquaresToPendingUpdatesForBoard(3,3,1,1)" fullname="ChessWithTDD.Tests.MoveExecutorTests.ApplyMoveAddsToAndFromSquaresToPendingUpdatesForBoard(3,3,1,1)" methodname="ApplyMoveAddsToAndFromSquaresToPendingUpdatesForBoard" classname="ChessWithTDD.Tests.MoveExecutorTests" runstate="Runnable" seed="1725778031" result="Passed" start-time="2017-07-31 22:42:37Z" end-time="2017-07-31 22:42:37Z" duration="0.002236" asserts="2" />
            <test-case id="0-1105" name="ApplyMoveAddsToAndFromSquaresToPendingUpdatesForBoard(1,3,1,5)" fullname="ChessWithTDD.Tests.MoveExecutorTests.ApplyMoveAddsToAndFromSquaresToPendingUpdatesForBoard(1,3,1,5)" methodname="ApplyMoveAddsToAndFromSquaresToPendingUpdatesForBoard" classname="ChessWithTDD.Tests.MoveExecutorTests" runstate="Runnable" seed="472091155" result="Passed" start-time="2017-07-31 22:42:37Z" end-time="2017-07-31 22:42:37Z" duration="0.002331" asserts="2" />
          </test-suite>
          <test-suite type="ParameterizedMethod" id="0-1102" name="ApplyMoveToBoardChangesBoardStateCorrectly" fullname="ChessWithTDD.Tests.MoveExecutorTests.ApplyMoveToBoardChangesBoardStateCorrectly" classname="ChessWithTDD.Tests.MoveExecutorTests" runstate="Runnable" testcasecount="3" result="Passed" start-time="2017-07-31 22:42:37Z" end-time="2017-07-31 22:42:37Z" duration="0.019544" total="3" passed="3" failed="0" warnings="0" inconclusive="0" skipped="0" asserts="9">
            <test-case id="0-1099" name="ApplyMoveToBoardChangesBoardStateCorrectly(2,4,6,7)" fullname="ChessWithTDD.Tests.MoveExecutorTests.ApplyMoveToBoardChangesBoardStateCorrectly(2,4,6,7)" methodname="ApplyMoveToBoardChangesBoardStateCorrectly" classname="ChessWithTDD.Tests.MoveExecutorTests" runstate="Runnable" seed="903644081" result="Passed" start-time="2017-07-31 22:42:37Z" end-time="2017-07-31 22:42:37Z" duration="0.006912" asserts="3" />
            <test-case id="0-1100" name="ApplyMoveToBoardChangesBoardStateCorrectly(3,3,1,1)" fullname="ChessWithTDD.Tests.MoveExecutorTests.ApplyMoveToBoardChangesBoardStateCorrectly(3,3,1,1)" methodname="ApplyMoveToBoardChangesBoardStateCorrectly" classname="ChessWithTDD.Tests.MoveExecutorTests" runstate="Runnable" seed="1273743672" result="Passed" start-time="2017-07-31 22:42:37Z" end-time="2017-07-31 22:42:37Z" duration="0.002191" asserts="3" />
            <test-case id="0-1101" name="ApplyMoveToBoardChangesBoardStateCorrectly(1,3,1,5)" fullname="ChessWithTDD.Tests.MoveExecutorTests.ApplyMoveToBoardChangesBoardStateCorrectly(1,3,1,5)" methodname="ApplyMoveToBoardChangesBoardStateCorrectly" classname="ChessWithTDD.Tests.MoveExecutorTests" runstate="Runnable" seed="1670402195" result="Passed" start-time="2017-07-31 22:42:37Z" end-time="2017-07-31 22:42:37Z" duration="0.002135" asserts="3" />
          </test-suite>
          <test-case id="0-1107" name="TestOrderingOfCallsInApplyMethod" fullname="ChessWithTDD.Tests.MoveExecutorTests.TestOrderingOfCallsInApplyMethod" methodname="TestOrderingOfCallsInApplyMethod" classname="ChessWithTDD.Tests.MoveExecutorTests" runstate="Runnable" seed="1877878375" result="Passed" start-time="2017-07-31 22:42:37Z" end-time="2017-07-31 22:42:37Z" duration="0.007452" asserts="4" />
          <test-case id="0-1093" name="WhenApplyMoveIsCalledAndFromSquareContainsAnyPieceDoNotCallPawnManager" fullname="ChessWithTDD.Tests.MoveExecutorTests.WhenApplyMoveIsCalledAndFromSquareContainsAnyPieceDoNotCallPawnManager" methodname="WhenApplyMoveIsCalledAndFromSquareContainsAnyPieceDoNotCallPawnManager" classname="ChessWithTDD.Tests.MoveExecutorTests" runstate="Runnable" seed="2122026853" result="Passed" start-time="2017-07-31 22:42:37Z" end-time="2017-07-31 22:42:37Z" duration="0.002862" asserts="0" />
          <test-case id="0-1092" name="WhenApplyMoveIsCalledAndFromSquareContainsAPawnCallPawnManager" fullname="ChessWithTDD.Tests.MoveExecutorTests.WhenApplyMoveIsCalledAndFromSquareContainsAPawnCallPawnManager" methodname="WhenApplyMoveIsCalledAndFromSquareContainsAPawnCallPawnManager" classname="ChessWithTDD.Tests.MoveExecutorTests" runstate="Runnable" seed="1600853157" result="Passed" start-time="2017-07-31 22:42:37Z" end-time="2017-07-31 22:42:37Z" duration="0.001904" asserts="0" />
          <test-case id="0-1097" name="WhenApplyMoveIsCalledBoardCacheUpdatesBlackKingSquareIfBlackKingInFromSquareIsCalled" fullname="ChessWithTDD.Tests.MoveExecutorTests.WhenApplyMoveIsCalledBoardCacheUpdatesBlackKingSquareIfBlackKingInFromSquareIsCalled" methodname="WhenApplyMoveIsCalledBoardCacheUpdatesBlackKingSquareIfBlackKingInFromSquareIsCalled" classname="ChessWithTDD.Tests.MoveExecutorTests" runstate="Runnable" seed="1087323077" result="Passed" start-time="2017-07-31 22:42:37Z" end-time="2017-07-31 22:42:37Z" duration="0.002781" asserts="1" />
          <test-case id="0-1098" name="WhenApplyMoveIsCalledBoardCacheUpdatesWhiteKingSquareIfWhiteKingInFromSquareIsCalled" fullname="ChessWithTDD.Tests.MoveExecutorTests.WhenApplyMoveIsCalledBoardCacheUpdatesWhiteKingSquareIfWhiteKingInFromSquareIsCalled" methodname="WhenApplyMoveIsCalledBoardCacheUpdatesWhiteKingSquareIfWhiteKingInFromSquareIsCalled" classname="ChessWithTDD.Tests.MoveExecutorTests" runstate="Runnable" seed="1725057418" result="Passed" start-time="2017-07-31 22:42:37Z" end-time="2017-07-31 22:42:37Z" duration="0.002188" asserts="1" />
          <test-case id="0-1094" name="WhenApplyMoveIsCalledUnmarkEnPassantSquaresIsCalledWithTurnCounter" fullname="ChessWithTDD.Tests.MoveExecutorTests.WhenApplyMoveIsCalledUnmarkEnPassantSquaresIsCalledWithTurnCounter" methodname="WhenApplyMoveIsCalledUnmarkEnPassantSquaresIsCalledWithTurnCounter" classname="ChessWithTDD.Tests.MoveExecutorTests" runstate="Runnable" seed="263404013" result="Passed" start-time="2017-07-31 22:42:37Z" end-time="2017-07-31 22:42:37Z" duration="0.002171" asserts="0" />
          <test-case id="0-1095" name="WhenApplyMoveIsCalledUpdateBoardCacheIsCalled" fullname="ChessWithTDD.Tests.MoveExecutorTests.WhenApplyMoveIsCalledUpdateBoardCacheIsCalled" methodname="WhenApplyMoveIsCalledUpdateBoardCacheIsCalled" classname="ChessWithTDD.Tests.MoveExecutorTests" runstate="Runnable" seed="71633884" result="Passed" start-time="2017-07-31 22:42:37Z" end-time="2017-07-31 22:42:37Z" duration="0.001621" asserts="0" />
          <test-case id="0-1096" name="WhenApplyMoveIsCalledUpdateCheckStatesIsCalled" fullname="ChessWithTDD.Tests.MoveExecutorTests.WhenApplyMoveIsCalledUpdateCheckStatesIsCalled" methodname="WhenApplyMoveIsCalledUpdateCheckStatesIsCalled" classname="ChessWithTDD.Tests.MoveExecutorTests" runstate="Runnable" seed="705670177" result="Passed" start-time="2017-07-31 22:42:37Z" end-time="2017-07-31 22:42:37Z" duration="0.002590" asserts="0" />
        </test-suite>
        <test-suite type="TestFixture" id="0-1500" name="MoveGenerationDataTests" fullname="ChessWithTDD.Tests.MoveGenerationDataTests" classname="ChessWithTDD.Tests.MoveGenerationDataTests" runstate="Runnable" testcasecount="8" result="Passed" start-time="2017-07-31 22:42:37Z" end-time="2017-07-31 22:42:37Z" duration="0.036515" total="8" passed="8" failed="0" warnings="0" inconclusive="0" skipped="0" asserts="48">
          <test-suite type="ParameterizedMethod" id="0-1505" name="NonTrivialConstructorTest" fullname="ChessWithTDD.Tests.MoveGenerationDataTests.NonTrivialConstructorTest" classname="ChessWithTDD.Tests.MoveGenerationDataTests" runstate="Runnable" testcasecount="4" result="Passed" start-time="2017-07-31 22:42:37Z" end-time="2017-07-31 22:42:37Z" duration="0.016540" total="4" passed="4" failed="0" warnings="0" inconclusive="0" skipped="0" asserts="24">
            <test-case id="0-1501" name="NonTrivialConstructorTest(1,2,3,4,False,False,False)" fullname="ChessWithTDD.Tests.MoveGenerationDataTests.NonTrivialConstructorTest(1,2,3,4,False,False,False)" methodname="NonTrivialConstructorTest" classname="ChessWithTDD.Tests.MoveGenerationDataTests" runstate="Runnable" seed="1014225426" result="Passed" start-time="2017-07-31 22:42:37Z" end-time="2017-07-31 22:42:37Z" duration="0.002005" asserts="6" />
            <test-case id="0-1502" name="NonTrivialConstructorTest(5,6,7,8,False,True,True)" fullname="ChessWithTDD.Tests.MoveGenerationDataTests.NonTrivialConstructorTest(5,6,7,8,False,True,True)" methodname="NonTrivialConstructorTest" classname="ChessWithTDD.Tests.MoveGenerationDataTests" runstate="Runnable" seed="1312509444" result="Passed" start-time="2017-07-31 22:42:37Z" end-time="2017-07-31 22:42:37Z" duration="0.000864" asserts="6" />
            <test-case id="0-1503" name="NonTrivialConstructorTest(2,3,4,5,True,False,False)" fullname="ChessWithTDD.Tests.MoveGenerationDataTests.NonTrivialConstructorTest(2,3,4,5,True,False,False)" methodname="NonTrivialConstructorTest" classname="ChessWithTDD.Tests.MoveGenerationDataTests" runstate="Runnable" seed="1359459756" result="Passed" start-time="2017-07-31 22:42:37Z" end-time="2017-07-31 22:42:37Z" duration="0.000851" asserts="6" />
            <test-case id="0-1504" name="NonTrivialConstructorTest(0,0,0,0,True,True,True)" fullname="ChessWithTDD.Tests.MoveGenerationDataTests.NonTrivialConstructorTest(0,0,0,0,True,True,True)" methodname="NonTrivialConstructorTest" classname="ChessWithTDD.Tests.MoveGenerationDataTests" runstate="Runnable" seed="1729116438" result="Passed" start-time="2017-07-31 22:42:37Z" end-time="2017-07-31 22:42:37Z" duration="0.000826" asserts="6" />
          </test-suite>
          <test-suite type="ParameterizedMethod" id="0-1510" name="SimpleConstructorTest" fullname="ChessWithTDD.Tests.MoveGenerationDataTests.SimpleConstructorTest" classname="ChessWithTDD.Tests.MoveGenerationDataTests" runstate="Runnable" testcasecount="4" result="Passed" start-time="2017-07-31 22:42:37Z" end-time="2017-07-31 22:42:37Z" duration="0.013016" total="4" passed="4" failed="0" warnings="0" inconclusive="0" skipped="0" asserts="24">
            <test-case id="0-1506" name="SimpleConstructorTest(1,2,3,4,False,False,False)" fullname="ChessWithTDD.Tests.MoveGenerationDataTests.SimpleConstructorTest(1,2,3,4,False,False,False)" methodname="SimpleConstructorTest" classname="ChessWithTDD.Tests.MoveGenerationDataTests" runstate="Runnable" seed="705390417" result="Passed" start-time="2017-07-31 22:42:37Z" end-time="2017-07-31 22:42:37Z" duration="0.000705" asserts="6" />
            <test-case id="0-1507" name="SimpleConstructorTest(5,6,7,8,False,True,True)" fullname="ChessWithTDD.Tests.MoveGenerationDataTests.SimpleConstructorTest(5,6,7,8,False,True,True)" methodname="SimpleConstructorTest" classname="ChessWithTDD.Tests.MoveGenerationDataTests" runstate="Runnable" seed="284349637" result="Passed" start-time="2017-07-31 22:42:37Z" end-time="2017-07-31 22:42:37Z" duration="0.000142" asserts="6" />
            <test-case id="0-1508" name="SimpleConstructorTest(2,3,4,5,True,False,False)" fullname="ChessWithTDD.Tests.MoveGenerationDataTests.SimpleConstructorTest(2,3,4,5,True,False,False)" methodname="SimpleConstructorTest" classname="ChessWithTDD.Tests.MoveGenerationDataTests" runstate="Runnable" seed="47686309" result="Passed" start-time="2017-07-31 22:42:37Z" end-time="2017-07-31 22:42:37Z" duration="0.000169" asserts="6" />
            <test-case id="0-1509" name="SimpleConstructorTest(0,0,0,0,True,True,True)" fullname="ChessWithTDD.Tests.MoveGenerationDataTests.SimpleConstructorTest(0,0,0,0,True,True,True)" methodname="SimpleConstructorTest" classname="ChessWithTDD.Tests.MoveGenerationDataTests" runstate="Runnable" seed="349824499" result="Passed" start-time="2017-07-31 22:42:37Z" end-time="2017-07-31 22:42:37Z" duration="0.000171" asserts="6" />
          </test-suite>
        </test-suite>
        <test-suite type="TestFixture" id="0-1134" name="MoveIntoCheckValidatorTests" fullname="ChessWithTDD.Tests.MoveIntoCheckValidatorTests" classname="ChessWithTDD.Tests.MoveIntoCheckValidatorTests" runstate="Runnable" testcasecount="0" result="Passed" start-time="2017-07-31 22:42:37Z" end-time="2017-07-31 22:42:37Z" duration="0.000084" total="0" passed="0" failed="0" warnings="0" inconclusive="0" skipped="0" asserts="0" />
        <test-suite type="TestFixture" id="0-1844" name="MoveTests" fullname="ChessWithTDD.Tests.MoveTests" classname="ChessWithTDD.Tests.MoveTests" runstate="Runnable" testcasecount="15" result="Passed" start-time="2017-07-31 22:42:37Z" end-time="2017-07-31 22:42:37Z" duration="0.065035" total="15" passed="15" failed="0" warnings="0" inconclusive="0" skipped="0" asserts="15">
          <test-suite type="ParameterizedMethod" id="0-1846" name="MoveIntialisesWithFromSquareAndToSquareCorrectly" fullname="ChessWithTDD.Tests.MoveTests.MoveIntialisesWithFromSquareAndToSquareCorrectly" classname="ChessWithTDD.Tests.MoveTests" runstate="Runnable" testcasecount="1" result="Passed" start-time="2017-07-31 22:42:37Z" end-time="2017-07-31 22:42:37Z" duration="0.002999" total="1" passed="1" failed="0" warnings="0" inconclusive="0" skipped="0" asserts="1">
            <test-case id="0-1845" name="MoveIntialisesWithFromSquareAndToSquareCorrectly(1,2,3,4)" fullname="ChessWithTDD.Tests.MoveTests.MoveIntialisesWithFromSquareAndToSquareCorrectly(1,2,3,4)" methodname="MoveIntialisesWithFromSquareAndToSquareCorrectly" classname="ChessWithTDD.Tests.MoveTests" runstate="Runnable" seed="509892754" result="Passed" start-time="2017-07-31 22:42:37Z" end-time="2017-07-31 22:42:37Z" duration="0.000319" asserts="1" />
          </test-suite>
          <test-suite type="ParameterizedMethod" id="0-1854" name="MoveObjectEqualsOverrideReturnsFalse" fullname="ChessWithTDD.Tests.MoveTests.MoveObjectEqualsOverrideReturnsFalse" classname="ChessWithTDD.Tests.MoveTests" runstate="Runnable" testcasecount="4" result="Passed" start-time="2017-07-31 22:42:37Z" end-time="2017-07-31 22:42:37Z" duration="0.012981" total="4" passed="4" failed="0" warnings="0" inconclusive="0" skipped="0" asserts="4">
            <test-case id="0-1850" name="MoveObjectEqualsOverrideReturnsFalse(1,2,3,5)" fullname="ChessWithTDD.Tests.MoveTests.MoveObjectEqualsOverrideReturnsFalse(1,2,3,5)" methodname="MoveObjectEqualsOverrideReturnsFalse" classname="ChessWithTDD.Tests.MoveTests" runstate="Runnable" seed="945974598" result="Passed" start-time="2017-07-31 22:42:37Z" end-time="2017-07-31 22:42:37Z" duration="0.000456" asserts="1" />
            <test-case id="0-1851" name="MoveObjectEqualsOverrideReturnsFalse(1,2,4,4)" fullname="ChessWithTDD.Tests.MoveTests.MoveObjectEqualsOverrideReturnsFalse(1,2,4,4)" methodname="MoveObjectEqualsOverrideReturnsFalse" classname="ChessWithTDD.Tests.MoveTests" runstate="Runnable" seed="1231188144" result="Passed" start-time="2017-07-31 22:42:37Z" end-time="2017-07-31 22:42:37Z" duration="0.000077" asserts="1" />
            <test-case id="0-1852" name="MoveObjectEqualsOverrideReturnsFalse(1,3,3,4)" fullname="ChessWithTDD.Tests.MoveTests.MoveObjectEqualsOverrideReturnsFalse(1,3,3,4)" methodname="MoveObjectEqualsOverrideReturnsFalse" classname="ChessWithTDD.Tests.MoveTests" runstate="Runnable" seed="423186528" result="Passed" start-time="2017-07-31 22:42:37Z" end-time="2017-07-31 22:42:37Z" duration="0.000071" asserts="1" />
            <test-case id="0-1853" name="MoveObjectEqualsOverrideReturnsFalse(2,2,3,4)" fullname="ChessWithTDD.Tests.MoveTests.MoveObjectEqualsOverrideReturnsFalse(2,2,3,4)" methodname="MoveObjectEqualsOverrideReturnsFalse" classname="ChessWithTDD.Tests.MoveTests" runstate="Runnable" seed="975904956" result="Passed" start-time="2017-07-31 22:42:37Z" end-time="2017-07-31 22:42:37Z" duration="0.000103" asserts="1" />
          </test-suite>
          <test-case id="0-1855" name="MoveObjectEqualsOverrideReturnsFalseForOtherObject" fullname="ChessWithTDD.Tests.MoveTests.MoveObjectEqualsOverrideReturnsFalseForOtherObject" methodname="MoveObjectEqualsOverrideReturnsFalseForOtherObject" classname="ChessWithTDD.Tests.MoveTests" runstate="Runnable" seed="37127142" result="Passed" start-time="2017-07-31 22:42:37Z" end-time="2017-07-31 22:42:37Z" duration="0.000337" asserts="1" />
          <test-suite type="ParameterizedMethod" id="0-1849" name="MoveObjectEqualsOverrideReturnsTrue" fullname="ChessWithTDD.Tests.MoveTests.MoveObjectEqualsOverrideReturnsTrue" classname="ChessWithTDD.Tests.MoveTests" runstate="Runnable" testcasecount="2" result="Passed" start-time="2017-07-31 22:42:37Z" end-time="2017-07-31 22:42:37Z" duration="0.006549" total="2" passed="2" failed="0" warnings="0" inconclusive="0" skipped="0" asserts="2">
            <test-case id="0-1847" name="MoveObjectEqualsOverrideReturnsTrue(1,2,3,4)" fullname="ChessWithTDD.Tests.MoveTests.MoveObjectEqualsOverrideReturnsTrue(1,2,3,4)" methodname="MoveObjectEqualsOverrideReturnsTrue" classname="ChessWithTDD.Tests.MoveTests" runstate="Runnable" seed="2112039234" result="Passed" start-time="2017-07-31 22:42:37Z" end-time="2017-07-31 22:42:37Z" duration="0.000334" asserts="1" />
            <test-case id="0-1848" name="MoveObjectEqualsOverrideReturnsTrue(5,5,-5,5)" fullname="ChessWithTDD.Tests.MoveTests.MoveObjectEqualsOverrideReturnsTrue(5,5,-5,5)" methodname="MoveObjectEqualsOverrideReturnsTrue" classname="ChessWithTDD.Tests.MoveTests" runstate="Runnable" seed="1131109044" result="Passed" start-time="2017-07-31 22:42:37Z" end-time="2017-07-31 22:42:37Z" duration="0.000065" asserts="1" />
          </test-suite>
          <test-suite type="ParameterizedMethod" id="0-1863" name="MoveObjectGetHashCodeOverrideReturnsFalse" fullname="ChessWithTDD.Tests.MoveTests.MoveObjectGetHashCodeOverrideReturnsFalse" classname="ChessWithTDD.Tests.MoveTests" runstate="Runnable" testcasecount="4" result="Passed" start-time="2017-07-31 22:42:37Z" end-time="2017-07-31 22:42:37Z" duration="0.013450" total="4" passed="4" failed="0" warnings="0" inconclusive="0" skipped="0" asserts="4">
            <test-case id="0-1859" name="MoveObjectGetHashCodeOverrideReturnsFalse(1,2,3,5)" fullname="ChessWithTDD.Tests.MoveTests.MoveObjectGetHashCodeOverrideReturnsFalse(1,2,3,5)" methodname="MoveObjectGetHashCodeOverrideReturnsFalse" classname="ChessWithTDD.Tests.MoveTests" runstate="Runnable" seed="2035055721" result="Passed" start-time="2017-07-31 22:42:37Z" end-time="2017-07-31 22:42:37Z" duration="0.001116" asserts="1" />
            <test-case id="0-1860" name="MoveObjectGetHashCodeOverrideReturnsFalse(1,2,4,4)" fullname="ChessWithTDD.Tests.MoveTests.MoveObjectGetHashCodeOverrideReturnsFalse(1,2,4,4)" methodname="MoveObjectGetHashCodeOverrideReturnsFalse" classname="ChessWithTDD.Tests.MoveTests" runstate="Runnable" seed="144919879" result="Passed" start-time="2017-07-31 22:42:37Z" end-time="2017-07-31 22:42:37Z" duration="0.000099" asserts="1" />
            <test-case id="0-1861" name="MoveObjectGetHashCodeOverrideReturnsFalse(1,3,3,4)" fullname="ChessWithTDD.Tests.MoveTests.MoveObjectGetHashCodeOverrideReturnsFalse(1,3,3,4)" methodname="MoveObjectGetHashCodeOverrideReturnsFalse" classname="ChessWithTDD.Tests.MoveTests" runstate="Runnable" seed="561105602" result="Passed" start-time="2017-07-31 22:42:37Z" end-time="2017-07-31 22:42:37Z" duration="0.000094" asserts="1" />
            <test-case id="0-1862" name="MoveObjectGetHashCodeOverrideReturnsFalse(2,2,3,4)" fullname="ChessWithTDD.Tests.MoveTests.MoveObjectGetHashCodeOverrideReturnsFalse(2,2,3,4)" methodname="MoveObjectGetHashCodeOverrideReturnsFalse" classname="ChessWithTDD.Tests.MoveTests" runstate="Runnable" seed="2113845523" result="Passed" start-time="2017-07-31 22:42:37Z" end-time="2017-07-31 22:42:37Z" duration="0.000108" asserts="1" />
          </test-suite>
          <test-case id="0-1864" name="MoveObjectGetHashCodeOverrideReturnsFalseForOtherObject" fullname="ChessWithTDD.Tests.MoveTests.MoveObjectGetHashCodeOverrideReturnsFalseForOtherObject" methodname="MoveObjectGetHashCodeOverrideReturnsFalseForOtherObject" classname="ChessWithTDD.Tests.MoveTests" runstate="Runnable" seed="1802825013" result="Passed" start-time="2017-07-31 22:42:37Z" end-time="2017-07-31 22:42:37Z" duration="0.000402" asserts="1" />
          <test-suite type="ParameterizedMethod" id="0-1858" name="MoveObjectGetHashCodeOverrideReturnsTrue" fullname="ChessWithTDD.Tests.MoveTests.MoveObjectGetHashCodeOverrideReturnsTrue" classname="ChessWithTDD.Tests.MoveTests" runstate="Runnable" testcasecount="2" result="Passed" start-time="2017-07-31 22:42:37Z" end-time="2017-07-31 22:42:37Z" duration="0.006991" total="2" passed="2" failed="0" warnings="0" inconclusive="0" skipped="0" asserts="2">
            <test-case id="0-1856" name="MoveObjectGetHashCodeOverrideReturnsTrue(1,2,3,4)" fullname="ChessWithTDD.Tests.MoveTests.MoveObjectGetHashCodeOverrideReturnsTrue(1,2,3,4)" methodname="MoveObjectGetHashCodeOverrideReturnsTrue" classname="ChessWithTDD.Tests.MoveTests" runstate="Runnable" seed="102526640" result="Passed" start-time="2017-07-31 22:42:37Z" end-time="2017-07-31 22:42:37Z" duration="0.000404" asserts="1" />
            <test-case id="0-1857" name="MoveObjectGetHashCodeOverrideReturnsTrue(5,5,-5,5)" fullname="ChessWithTDD.Tests.MoveTests.MoveObjectGetHashCodeOverrideReturnsTrue(5,5,-5,5)" methodname="MoveObjectGetHashCodeOverrideReturnsTrue" classname="ChessWithTDD.Tests.MoveTests" runstate="Runnable" seed="1136146845" result="Passed" start-time="2017-07-31 22:42:37Z" end-time="2017-07-31 22:42:37Z" duration="0.000086" asserts="1" />
          </test-suite>
        </test-suite>
        <test-suite type="TestFixture" id="0-1135" name="MoveValidatorTests" fullname="ChessWithTDD.Tests.MoveValidatorTests" classname="ChessWithTDD.Tests.MoveValidatorTests" runstate="Runnable" testcasecount="3" result="Passed" start-time="2017-07-31 22:42:37Z" end-time="2017-07-31 22:42:37Z" duration="0.036994" total="3" passed="3" failed="0" warnings="0" inconclusive="0" skipped="0" asserts="3">
          <test-case id="0-1137" name="MoveIsValidReturnsFalseIfJustGenericMoveValidationFails" fullname="ChessWithTDD.Tests.MoveValidatorTests.MoveIsValidReturnsFalseIfJustGenericMoveValidationFails" methodname="MoveIsValidReturnsFalseIfJustGenericMoveValidationFails" classname="ChessWithTDD.Tests.MoveValidatorTests" runstate="Runnable" seed="35652508" result="Passed" start-time="2017-07-31 22:42:37Z" end-time="2017-07-31 22:42:37Z" duration="0.025813" asserts="1" />
          <test-case id="0-1138" name="MoveIsValidReturnsFalseIfJustMultiSquareValidationFails" fullname="ChessWithTDD.Tests.MoveValidatorTests.MoveIsValidReturnsFalseIfJustMultiSquareValidationFails" methodname="MoveIsValidReturnsFalseIfJustMultiSquareValidationFails" classname="ChessWithTDD.Tests.MoveValidatorTests" runstate="Runnable" seed="574343363" result="Passed" start-time="2017-07-31 22:42:37Z" end-time="2017-07-31 22:42:37Z" duration="0.001614" asserts="1" />
          <test-case id="0-1136" name="MoveIsValidReturnsTrueIfAllValidationPasses" fullname="ChessWithTDD.Tests.MoveValidatorTests.MoveIsValidReturnsTrueIfAllValidationPasses" methodname="MoveIsValidReturnsTrueIfAllValidationPasses" classname="ChessWithTDD.Tests.MoveValidatorTests" runstate="Runnable" seed="1481246964" result="Passed" start-time="2017-07-31 22:42:37Z" end-time="2017-07-31 22:42:37Z" duration="0.001235" asserts="1" />
        </test-suite>
        <test-suite type="TestFixture" id="0-1139" name="MultiSquareMoveValidatorTests" fullname="ChessWithTDD.Tests.MultiSquareMoveValidatorTests" classname="ChessWithTDD.Tests.MultiSquareMoveValidatorTests" runstate="Runnable" testcasecount="16" result="Passed" start-time="2017-07-31 22:42:37Z" end-time="2017-07-31 22:42:37Z" duration="0.240543" total="16" passed="16" failed="0" warnings="0" inconclusive="0" skipped="0" asserts="16">
          <test-suite type="ParameterizedMethod" id="0-1166" name="MoveMultipleSquaresDiagonallyIsValidIfThereAreNoObstructionsAndCanMoveOfPieceIsTrue" fullname="ChessWithTDD.Tests.MultiSquareMoveValidatorTests.MoveMultipleSquaresDiagonallyIsValidIfThereAreNoObstructionsAndCanMoveOfPieceIsTrue" classname="ChessWithTDD.Tests.MultiSquareMoveValidatorTests" runstate="Runnable" testcasecount="4" result="Passed" start-time="2017-07-31 22:42:37Z" end-time="2017-07-31 22:42:37Z" duration="0.066159" total="4" passed="4" failed="0" warnings="0" inconclusive="0" skipped="0" asserts="4">
            <test-case id="0-1162" name="MoveMultipleSquaresDiagonallyIsValidIfThereAreNoObstructionsAndCanMoveOfPieceIsTrue(2,5,5,2)" fullname="ChessWithTDD.Tests.MultiSquareMoveValidatorTests.MoveMultipleSquaresDiagonallyIsValidIfThereAreNoObstructionsAndCanMoveOfPieceIsTrue(2,5,5,2)" methodname="MoveMultipleSquaresDiagonallyIsValidIfThereAreNoObstructionsAndCanMoveOfPieceIsTrue" classname="ChessWithTDD.Tests.MultiSquareMoveValidatorTests" runstate="Runnable" seed="974771460" result="Passed" start-time="2017-07-31 22:42:37Z" end-time="2017-07-31 22:42:37Z" duration="0.012748" asserts="1" />
            <test-case id="0-1163" name="MoveMultipleSquaresDiagonallyIsValidIfThereAreNoObstructionsAndCanMoveOfPieceIsTrue(2,3,5,6)" fullname="ChessWithTDD.Tests.MultiSquareMoveValidatorTests.MoveMultipleSquaresDiagonallyIsValidIfThereAreNoObstructionsAndCanMoveOfPieceIsTrue(2,3,5,6)" methodname="MoveMultipleSquaresDiagonallyIsValidIfThereAreNoObstructionsAndCanMoveOfPieceIsTrue" classname="ChessWithTDD.Tests.MultiSquareMoveValidatorTests" runstate="Runnable" seed="61168114" result="Passed" start-time="2017-07-31 22:42:37Z" end-time="2017-07-31 22:42:37Z" duration="0.013352" asserts="1" />
            <test-case id="0-1164" name="MoveMultipleSquaresDiagonallyIsValidIfThereAreNoObstructionsAndCanMoveOfPieceIsTrue(5,5,2,2)" fullname="ChessWithTDD.Tests.MultiSquareMoveValidatorTests.MoveMultipleSquaresDiagonallyIsValidIfThereAreNoObstructionsAndCanMoveOfPieceIsTrue(5,5,2,2)" methodname="MoveMultipleSquaresDiagonallyIsValidIfThereAreNoObstructionsAndCanMoveOfPieceIsTrue" classname="ChessWithTDD.Tests.MultiSquareMoveValidatorTests" runstate="Runnable" seed="96218374" result="Passed" start-time="2017-07-31 22:42:37Z" end-time="2017-07-31 22:42:37Z" duration="0.015682" asserts="1" />
            <test-case id="0-1165" name="MoveMultipleSquaresDiagonallyIsValidIfThereAreNoObstructionsAndCanMoveOfPieceIsTrue(5,2,2,5)" fullname="ChessWithTDD.Tests.MultiSquareMoveValidatorTests.MoveMultipleSquaresDiagonallyIsValidIfThereAreNoObstructionsAndCanMoveOfPieceIsTrue(5,2,2,5)" methodname="MoveMultipleSquaresDiagonallyIsValidIfThereAreNoObstructionsAndCanMoveOfPieceIsTrue" classname="ChessWithTDD.Tests.MultiSquareMoveValidatorTests" runstate="Runnable" seed="1082886616" result="Passed" start-time="2017-07-31 22:42:37Z" end-time="2017-07-31 22:42:37Z" duration="0.012570" asserts="1" />
          </test-suite>
          <test-suite type="ParameterizedMethod" id="0-1146" name="MoveMultipleSquaresHorizontallyIsValidIfThereAreNoObstructions" fullname="ChessWithTDD.Tests.MultiSquareMoveValidatorTests.MoveMultipleSquaresHorizontallyIsValidIfThereAreNoObstructions" classname="ChessWithTDD.Tests.MultiSquareMoveValidatorTests" runstate="Runnable" testcasecount="2" result="Passed" start-time="2017-07-31 22:42:37Z" end-time="2017-07-31 22:42:37Z" duration="0.025169" total="2" passed="2" failed="0" warnings="0" inconclusive="0" skipped="0" asserts="2">
            <test-case id="0-1144" name="MoveMultipleSquaresHorizontallyIsValidIfThereAreNoObstructions(2,6,2,0)" fullname="ChessWithTDD.Tests.MultiSquareMoveValidatorTests.MoveMultipleSquaresHorizontallyIsValidIfThereAreNoObstructions(2,6,2,0)" methodname="MoveMultipleSquaresHorizontallyIsValidIfThereAreNoObstructions" classname="ChessWithTDD.Tests.MultiSquareMoveValidatorTests" runstate="Runnable" seed="35316347" result="Passed" start-time="2017-07-31 22:42:37Z" end-time="2017-07-31 22:42:37Z" duration="0.009585" asserts="1" />
            <test-case id="0-1145" name="MoveMultipleSquaresHorizontallyIsValidIfThereAreNoObstructions(2,2,2,7)" fullname="ChessWithTDD.Tests.MultiSquareMoveValidatorTests.MoveMultipleSquaresHorizontallyIsValidIfThereAreNoObstructions(2,2,2,7)" methodname="MoveMultipleSquaresHorizontallyIsValidIfThereAreNoObstructions" classname="ChessWithTDD.Tests.MultiSquareMoveValidatorTests" runstate="Runnable" seed="1849421463" result="Passed" start-time="2017-07-31 22:42:37Z" end-time="2017-07-31 22:42:37Z" duration="0.008603" asserts="1" />
          </test-suite>
          <test-suite type="ParameterizedMethod" id="0-1143" name="MoveMultipleSquaresHorizontallyLeftIsNotValidIfThereAreObstructions" fullname="ChessWithTDD.Tests.MultiSquareMoveValidatorTests.MoveMultipleSquaresHorizontallyLeftIsNotValidIfThereAreObstructions" classname="ChessWithTDD.Tests.MultiSquareMoveValidatorTests" runstate="Runnable" testcasecount="1" result="Passed" start-time="2017-07-31 22:42:37Z" end-time="2017-07-31 22:42:37Z" duration="0.012004" total="1" passed="1" failed="0" warnings="0" inconclusive="0" skipped="0" asserts="1">
            <test-case id="0-1142" name="MoveMultipleSquaresHorizontallyLeftIsNotValidIfThereAreObstructions(3,6,3,0)" fullname="ChessWithTDD.Tests.MultiSquareMoveValidatorTests.MoveMultipleSquaresHorizontallyLeftIsNotValidIfThereAreObstructions(3,6,3,0)" methodname="MoveMultipleSquaresHorizontallyLeftIsNotValidIfThereAreObstructions" classname="ChessWithTDD.Tests.MultiSquareMoveValidatorTests" runstate="Runnable" seed="275939165" result="Passed" start-time="2017-07-31 22:42:37Z" end-time="2017-07-31 22:42:37Z" duration="0.009174" asserts="1" />
          </test-suite>
          <test-suite type="ParameterizedMethod" id="0-1141" name="MoveMultipleSquaresHorizontallyRightIsNotValidIfThereAreObstructions" fullname="ChessWithTDD.Tests.MultiSquareMoveValidatorTests.MoveMultipleSquaresHorizontallyRightIsNotValidIfThereAreObstructions" classname="ChessWithTDD.Tests.MultiSquareMoveValidatorTests" runstate="Runnable" testcasecount="1" result="Passed" start-time="2017-07-31 22:42:37Z" end-time="2017-07-31 22:42:37Z" duration="0.012016" total="1" passed="1" failed="0" warnings="0" inconclusive="0" skipped="0" asserts="1">
            <test-case id="0-1140" name="MoveMultipleSquaresHorizontallyRightIsNotValidIfThereAreObstructions(3,2,3,7)" fullname="ChessWithTDD.Tests.MultiSquareMoveValidatorTests.MoveMultipleSquaresHorizontallyRightIsNotValidIfThereAreObstructions(3,2,3,7)" methodname="MoveMultipleSquaresHorizontallyRightIsNotValidIfThereAreObstructions" classname="ChessWithTDD.Tests.MultiSquareMoveValidatorTests" runstate="Runnable" seed="597027406" result="Passed" start-time="2017-07-31 22:42:37Z" end-time="2017-07-31 22:42:37Z" duration="0.009055" asserts="1" />
          </test-suite>
          <test-suite type="ParameterizedMethod" id="0-1157" name="MoveMultipleSquaresNorthEastIsNotValidIfThereAreObstructions" fullname="ChessWithTDD.Tests.MultiSquareMoveValidatorTests.MoveMultipleSquaresNorthEastIsNotValidIfThereAreObstructions" classname="ChessWithTDD.Tests.MultiSquareMoveValidatorTests" runstate="Runnable" testcasecount="1" result="Passed" start-time="2017-07-31 22:42:37Z" end-time="2017-07-31 22:42:37Z" duration="0.011016" total="1" passed="1" failed="0" warnings="0" inconclusive="0" skipped="0" asserts="1">
            <test-case id="0-1156" name="MoveMultipleSquaresNorthEastIsNotValidIfThereAreObstructions(2,3,5,6)" fullname="ChessWithTDD.Tests.MultiSquareMoveValidatorTests.MoveMultipleSquaresNorthEastIsNotValidIfThereAreObstructions(2,3,5,6)" methodname="MoveMultipleSquaresNorthEastIsNotValidIfThereAreObstructions" classname="ChessWithTDD.Tests.MultiSquareMoveValidatorTests" runstate="Runnable" seed="709688764" result="Passed" start-time="2017-07-31 22:42:37Z" end-time="2017-07-31 22:42:37Z" duration="0.008356" asserts="1" />
          </test-suite>
          <test-suite type="ParameterizedMethod" id="0-1155" name="MoveMultipleSquaresNorthWestIsNotValidIfThereAreObstructions" fullname="ChessWithTDD.Tests.MultiSquareMoveValidatorTests.MoveMultipleSquaresNorthWestIsNotValidIfThereAreObstructions" classname="ChessWithTDD.Tests.MultiSquareMoveValidatorTests" runstate="Runnable" testcasecount="1" result="Passed" start-time="2017-07-31 22:42:37Z" end-time="2017-07-31 22:42:37Z" duration="0.011516" total="1" passed="1" failed="0" warnings="0" inconclusive="0" skipped="0" asserts="1">
            <test-case id="0-1154" name="MoveMultipleSquaresNorthWestIsNotValidIfThereAreObstructions(2,5,5,2)" fullname="ChessWithTDD.Tests.MultiSquareMoveValidatorTests.MoveMultipleSquaresNorthWestIsNotValidIfThereAreObstructions(2,5,5,2)" methodname="MoveMultipleSquaresNorthWestIsNotValidIfThereAreObstructions" classname="ChessWithTDD.Tests.MultiSquareMoveValidatorTests" runstate="Runnable" seed="1004123745" result="Passed" start-time="2017-07-31 22:42:37Z" end-time="2017-07-31 22:42:37Z" duration="0.008785" asserts="1" />
          </test-suite>
          <test-suite type="ParameterizedMethod" id="0-1161" name="MoveMultipleSquaresSouthEastIsNotValidIfThereAreObstructions" fullname="ChessWithTDD.Tests.MultiSquareMoveValidatorTests.MoveMultipleSquaresSouthEastIsNotValidIfThereAreObstructions" classname="ChessWithTDD.Tests.MultiSquareMoveValidatorTests" runstate="Runnable" testcasecount="1" result="Passed" start-time="2017-07-31 22:42:37Z" end-time="2017-07-31 22:42:37Z" duration="0.010996" total="1" passed="1" failed="0" warnings="0" inconclusive="0" skipped="0" asserts="1">
            <test-case id="0-1160" name="MoveMultipleSquaresSouthEastIsNotValidIfThereAreObstructions(5,2,2,5)" fullname="ChessWithTDD.Tests.MultiSquareMoveValidatorTests.MoveMultipleSquaresSouthEastIsNotValidIfThereAreObstructions(5,2,2,5)" methodname="MoveMultipleSquaresSouthEastIsNotValidIfThereAreObstructions" classname="ChessWithTDD.Tests.MultiSquareMoveValidatorTests" runstate="Runnable" seed="1234215579" result="Passed" start-time="2017-07-31 22:42:37Z" end-time="2017-07-31 22:42:37Z" duration="0.007795" asserts="1" />
          </test-suite>
          <test-suite type="ParameterizedMethod" id="0-1159" name="MoveMultipleSquaresSouthhWestIsNotValidIfThereAreObstructions" fullname="ChessWithTDD.Tests.MultiSquareMoveValidatorTests.MoveMultipleSquaresSouthhWestIsNotValidIfThereAreObstructions" classname="ChessWithTDD.Tests.MultiSquareMoveValidatorTests" runstate="Runnable" testcasecount="1" result="Passed" start-time="2017-07-31 22:42:37Z" end-time="2017-07-31 22:42:37Z" duration="0.011533" total="1" passed="1" failed="0" warnings="0" inconclusive="0" skipped="0" asserts="1">
            <test-case id="0-1158" name="MoveMultipleSquaresSouthhWestIsNotValidIfThereAreObstructions(5,5,2,2)" fullname="ChessWithTDD.Tests.MultiSquareMoveValidatorTests.MoveMultipleSquaresSouthhWestIsNotValidIfThereAreObstructions(5,5,2,2)" methodname="MoveMultipleSquaresSouthhWestIsNotValidIfThereAreObstructions" classname="ChessWithTDD.Tests.MultiSquareMoveValidatorTests" runstate="Runnable" seed="1717508993" result="Passed" start-time="2017-07-31 22:42:37Z" end-time="2017-07-31 22:42:37Z" duration="0.008017" asserts="1" />
          </test-suite>
          <test-suite type="ParameterizedMethod" id="0-1150" name="MoveMultipleSquaresVerticallyDownIsNotValidIfThereAreObstructions" fullname="ChessWithTDD.Tests.MultiSquareMoveValidatorTests.MoveMultipleSquaresVerticallyDownIsNotValidIfThereAreObstructions" classname="ChessWithTDD.Tests.MultiSquareMoveValidatorTests" runstate="Runnable" testcasecount="1" result="Passed" start-time="2017-07-31 22:42:37Z" end-time="2017-07-31 22:42:37Z" duration="0.012463" total="1" passed="1" failed="0" warnings="0" inconclusive="0" skipped="0" asserts="1">
            <test-case id="0-1149" name="MoveMultipleSquaresVerticallyDownIsNotValidIfThereAreObstructions(5,2,2,2)" fullname="ChessWithTDD.Tests.MultiSquareMoveValidatorTests.MoveMultipleSquaresVerticallyDownIsNotValidIfThereAreObstructions(5,2,2,2)" methodname="MoveMultipleSquaresVerticallyDownIsNotValidIfThereAreObstructions" classname="ChessWithTDD.Tests.MultiSquareMoveValidatorTests" runstate="Runnable" seed="1503111884" result="Passed" start-time="2017-07-31 22:42:37Z" end-time="2017-07-31 22:42:37Z" duration="0.009792" asserts="1" />
          </test-suite>
          <test-suite type="ParameterizedMethod" id="0-1153" name="MoveMultipleSquaresVerticallyIsValidIfThereAreNoObstructions" fullname="ChessWithTDD.Tests.MultiSquareMoveValidatorTests.MoveMultipleSquaresVerticallyIsValidIfThereAreNoObstructions" classname="ChessWithTDD.Tests.MultiSquareMoveValidatorTests" runstate="Runnable" testcasecount="2" result="Passed" start-time="2017-07-31 22:42:37Z" end-time="2017-07-31 22:42:37Z" duration="0.022012" total="2" passed="2" failed="0" warnings="0" inconclusive="0" skipped="0" asserts="2">
            <test-case id="0-1151" name="MoveMultipleSquaresVerticallyIsValidIfThereAreNoObstructions(5,2,2,2)" fullname="ChessWithTDD.Tests.MultiSquareMoveValidatorTests.MoveMultipleSquaresVerticallyIsValidIfThereAreNoObstructions(5,2,2,2)" methodname="MoveMultipleSquaresVerticallyIsValidIfThereAreNoObstructions" classname="ChessWithTDD.Tests.MultiSquareMoveValidatorTests" runstate="Runnable" seed="164736110" result="Passed" start-time="2017-07-31 22:42:37Z" end-time="2017-07-31 22:42:37Z" duration="0.007747" asserts="1" />
            <test-case id="0-1152" name="MoveMultipleSquaresVerticallyIsValidIfThereAreNoObstructions(2,2,5,2)" fullname="ChessWithTDD.Tests.MultiSquareMoveValidatorTests.MoveMultipleSquaresVerticallyIsValidIfThereAreNoObstructions(2,2,5,2)" methodname="MoveMultipleSquaresVerticallyIsValidIfThereAreNoObstructions" classname="ChessWithTDD.Tests.MultiSquareMoveValidatorTests" runstate="Runnable" seed="1260769493" result="Passed" start-time="2017-07-31 22:42:37Z" end-time="2017-07-31 22:42:37Z" duration="0.008873" asserts="1" />
          </test-suite>
          <test-suite type="ParameterizedMethod" id="0-1148" name="MoveMultipleSquaresVerticallyUpIsNotValidIfThereAreObstructions" fullname="ChessWithTDD.Tests.MultiSquareMoveValidatorTests.MoveMultipleSquaresVerticallyUpIsNotValidIfThereAreObstructions" classname="ChessWithTDD.Tests.MultiSquareMoveValidatorTests" runstate="Runnable" testcasecount="1" result="Passed" start-time="2017-07-31 22:42:37Z" end-time="2017-07-31 22:42:37Z" duration="0.010550" total="1" passed="1" failed="0" warnings="0" inconclusive="0" skipped="0" asserts="1">
            <test-case id="0-1147" name="MoveMultipleSquaresVerticallyUpIsNotValidIfThereAreObstructions(2,2,6,2)" fullname="ChessWithTDD.Tests.MultiSquareMoveValidatorTests.MoveMultipleSquaresVerticallyUpIsNotValidIfThereAreObstructions(2,2,6,2)" methodname="MoveMultipleSquaresVerticallyUpIsNotValidIfThereAreObstructions" classname="ChessWithTDD.Tests.MultiSquareMoveValidatorTests" runstate="Runnable" seed="948843177" result="Passed" start-time="2017-07-31 22:42:37Z" end-time="2017-07-31 22:42:37Z" duration="0.007563" asserts="1" />
          </test-suite>
        </test-suite>
        <test-suite type="TestFixture" id="0-1207" name="PawnManagerTests" fullname="ChessWithTDD.Tests.PawnManagerTests" classname="ChessWithTDD.Tests.PawnManagerTests" runstate="Runnable" testcasecount="5" result="Passed" start-time="2017-07-31 22:42:37Z" end-time="2017-07-31 22:42:37Z" duration="0.039033" total="5" passed="5" failed="0" warnings="0" inconclusive="0" skipped="0" asserts="0">
          <test-case id="0-1211" name="MakePawnAmendmentsCallsEnPassantManagerToCapturePiecesThroughEnPassant" fullname="ChessWithTDD.Tests.PawnManagerTests.MakePawnAmendmentsCallsEnPassantManagerToCapturePiecesThroughEnPassant" methodname="MakePawnAmendmentsCallsEnPassantManagerToCapturePiecesThroughEnPassant" classname="ChessWithTDD.Tests.PawnManagerTests" runstate="Runnable" seed="1170734026" result="Passed" start-time="2017-07-31 22:42:37Z" end-time="2017-07-31 22:42:37Z" duration="0.018175" asserts="0" />
          <test-case id="0-1210" name="MakePawnAmendmentsCallsEnPassantManagerToMarkSquares" fullname="ChessWithTDD.Tests.PawnManagerTests.MakePawnAmendmentsCallsEnPassantManagerToMarkSquares" methodname="MakePawnAmendmentsCallsEnPassantManagerToMarkSquares" classname="ChessWithTDD.Tests.PawnManagerTests" runstate="Runnable" seed="340279921" result="Passed" start-time="2017-07-31 22:42:37Z" end-time="2017-07-31 22:42:37Z" duration="0.001277" asserts="0" />
          <test-case id="0-1208" name="MakePawnAmendmentsWhereHasMovedIsFalseSetsHasMovedToTrue" fullname="ChessWithTDD.Tests.PawnManagerTests.MakePawnAmendmentsWhereHasMovedIsFalseSetsHasMovedToTrue" methodname="MakePawnAmendmentsWhereHasMovedIsFalseSetsHasMovedToTrue" classname="ChessWithTDD.Tests.PawnManagerTests" runstate="Runnable" seed="1634675868" result="Passed" start-time="2017-07-31 22:42:37Z" end-time="2017-07-31 22:42:37Z" duration="0.002663" asserts="0" />
          <test-case id="0-1209" name="MakePawnAmendmentsWhereHasMovedIsTrueDoesNothing" fullname="ChessWithTDD.Tests.PawnManagerTests.MakePawnAmendmentsWhereHasMovedIsTrueDoesNothing" methodname="MakePawnAmendmentsWhereHasMovedIsTrueDoesNothing" classname="ChessWithTDD.Tests.PawnManagerTests" runstate="Runnable" seed="1020905832" result="Passed" start-time="2017-07-31 22:42:37Z" end-time="2017-07-31 22:42:37Z" duration="0.001110" asserts="0" />
          <test-case id="0-1212" name="UnmarkEnPassantCallsEnPassantManagerToUnmark" fullname="ChessWithTDD.Tests.PawnManagerTests.UnmarkEnPassantCallsEnPassantManagerToUnmark" methodname="UnmarkEnPassantCallsEnPassantManagerToUnmark" classname="ChessWithTDD.Tests.PawnManagerTests" runstate="Runnable" seed="1697375354" result="Passed" start-time="2017-07-31 22:42:37Z" end-time="2017-07-31 22:42:37Z" duration="0.001237" asserts="0" />
        </test-suite>
        <test-suite type="TestFixture" id="0-1681" name="QueenTests" fullname="ChessWithTDD.Tests.QueenTests" classname="ChessWithTDD.Tests.QueenTests" runstate="Runnable" testcasecount="14" result="Passed" start-time="2017-07-31 22:42:37Z" end-time="2017-07-31 22:42:37Z" duration="0.068053" total="14" passed="14" failed="0" warnings="0" inconclusive="0" skipped="0" asserts="14">
          <test-suite type="ParameterizedMethod" id="0-1687" name="QueenCanMoveDiagonally" fullname="ChessWithTDD.Tests.QueenTests.QueenCanMoveDiagonally" classname="ChessWithTDD.Tests.QueenTests" runstate="Runnable" testcasecount="5" result="Passed" start-time="2017-07-31 22:42:37Z" end-time="2017-07-31 22:42:37Z" duration="0.019557" total="5" passed="5" failed="0" warnings="0" inconclusive="0" skipped="0" asserts="5">
            <test-case id="0-1682" name="QueenCanMoveDiagonally(2,5,5,2)" fullname="ChessWithTDD.Tests.QueenTests.QueenCanMoveDiagonally(2,5,5,2)" methodname="QueenCanMoveDiagonally" classname="ChessWithTDD.Tests.QueenTests" runstate="Runnable" seed="1192244799" result="Passed" start-time="2017-07-31 22:42:37Z" end-time="2017-07-31 22:42:37Z" duration="0.001514" asserts="1" />
            <test-case id="0-1683" name="QueenCanMoveDiagonally(2,3,5,6)" fullname="ChessWithTDD.Tests.QueenTests.QueenCanMoveDiagonally(2,3,5,6)" methodname="QueenCanMoveDiagonally" classname="ChessWithTDD.Tests.QueenTests" runstate="Runnable" seed="1669910150" result="Passed" start-time="2017-07-31 22:42:37Z" end-time="2017-07-31 22:42:37Z" duration="0.000779" asserts="1" />
            <test-case id="0-1684" name="QueenCanMoveDiagonally(5,5,2,2)" fullname="ChessWithTDD.Tests.QueenTests.QueenCanMoveDiagonally(5,5,2,2)" methodname="QueenCanMoveDiagonally" classname="ChessWithTDD.Tests.QueenTests" runstate="Runnable" seed="395915255" result="Passed" start-time="2017-07-31 22:42:37Z" end-time="2017-07-31 22:42:37Z" duration="0.000806" asserts="1" />
            <test-case id="0-1685" name="QueenCanMoveDiagonally(5,2,2,5)" fullname="ChessWithTDD.Tests.QueenTests.QueenCanMoveDiagonally(5,2,2,5)" methodname="QueenCanMoveDiagonally" classname="ChessWithTDD.Tests.QueenTests" runstate="Runnable" seed="1706283971" result="Passed" start-time="2017-07-31 22:42:37Z" end-time="2017-07-31 22:42:37Z" duration="0.000803" asserts="1" />
            <test-case id="0-1686" name="QueenCanMoveDiagonally(3,3,4,4)" fullname="ChessWithTDD.Tests.QueenTests.QueenCanMoveDiagonally(3,3,4,4)" methodname="QueenCanMoveDiagonally" classname="ChessWithTDD.Tests.QueenTests" runstate="Runnable" seed="604118015" result="Passed" start-time="2017-07-31 22:42:37Z" end-time="2017-07-31 22:42:37Z" duration="0.000806" asserts="1" />
          </test-suite>
          <test-suite type="ParameterizedMethod" id="0-1691" name="QueenCanMoveHorizontally" fullname="ChessWithTDD.Tests.QueenTests.QueenCanMoveHorizontally" classname="ChessWithTDD.Tests.QueenTests" runstate="Runnable" testcasecount="3" result="Passed" start-time="2017-07-31 22:42:37Z" end-time="2017-07-31 22:42:37Z" duration="0.012944" total="3" passed="3" failed="0" warnings="0" inconclusive="0" skipped="0" asserts="3">
            <test-case id="0-1688" name="QueenCanMoveHorizontally(2,6,2,0)" fullname="ChessWithTDD.Tests.QueenTests.QueenCanMoveHorizontally(2,6,2,0)" methodname="QueenCanMoveHorizontally" classname="ChessWithTDD.Tests.QueenTests" runstate="Runnable" seed="423163090" result="Passed" start-time="2017-07-31 22:42:37Z" end-time="2017-07-31 22:42:37Z" duration="0.001577" asserts="1" />
            <test-case id="0-1689" name="QueenCanMoveHorizontally(2,2,2,7)" fullname="ChessWithTDD.Tests.QueenTests.QueenCanMoveHorizontally(2,2,2,7)" methodname="QueenCanMoveHorizontally" classname="ChessWithTDD.Tests.QueenTests" runstate="Runnable" seed="1051144422" result="Passed" start-time="2017-07-31 22:42:37Z" end-time="2017-07-31 22:42:37Z" duration="0.001133" asserts="1" />
            <test-case id="0-1690" name="QueenCanMoveHorizontally(3,3,3,4)" fullname="ChessWithTDD.Tests.QueenTests.QueenCanMoveHorizontally(3,3,3,4)" methodname="QueenCanMoveHorizontally" classname="ChessWithTDD.Tests.QueenTests" runstate="Runnable" seed="1741617140" result="Passed" start-time="2017-07-31 22:42:37Z" end-time="2017-07-31 22:42:37Z" duration="0.000762" asserts="1" />
          </test-suite>
          <test-suite type="ParameterizedMethod" id="0-1695" name="QueenCanMoveVertically" fullname="ChessWithTDD.Tests.QueenTests.QueenCanMoveVertically" classname="ChessWithTDD.Tests.QueenTests" runstate="Runnable" testcasecount="3" result="Passed" start-time="2017-07-31 22:42:37Z" end-time="2017-07-31 22:42:37Z" duration="0.011518" total="3" passed="3" failed="0" warnings="0" inconclusive="0" skipped="0" asserts="3">
            <test-case id="0-1692" name="QueenCanMoveVertically(5,2,2,2)" fullname="ChessWithTDD.Tests.QueenTests.QueenCanMoveVertically(5,2,2,2)" methodname="QueenCanMoveVertically" classname="ChessWithTDD.Tests.QueenTests" runstate="Runnable" seed="1852192544" result="Passed" start-time="2017-07-31 22:42:37Z" end-time="2017-07-31 22:42:37Z" duration="0.001588" asserts="1" />
            <test-case id="0-1693" name="QueenCanMoveVertically(2,2,5,2)" fullname="ChessWithTDD.Tests.QueenTests.QueenCanMoveVertically(2,2,5,2)" methodname="QueenCanMoveVertically" classname="ChessWithTDD.Tests.QueenTests" runstate="Runnable" seed="397689869" result="Passed" start-time="2017-07-31 22:42:37Z" end-time="2017-07-31 22:42:37Z" duration="0.000852" asserts="1" />
            <test-case id="0-1694" name="QueenCanMoveVertically(3,3,4,3)" fullname="ChessWithTDD.Tests.QueenTests.QueenCanMoveVertically(3,3,4,3)" methodname="QueenCanMoveVertically" classname="ChessWithTDD.Tests.QueenTests" runstate="Runnable" seed="1495464329" result="Passed" start-time="2017-07-31 22:42:37Z" end-time="2017-07-31 22:42:37Z" duration="0.000816" asserts="1" />
          </test-suite>
          <test-suite type="ParameterizedMethod" id="0-1699" name="QueenCannotMoveRandomly" fullname="ChessWithTDD.Tests.QueenTests.QueenCannotMoveRandomly" classname="ChessWithTDD.Tests.QueenTests" runstate="Runnable" testcasecount="3" result="Passed" start-time="2017-07-31 22:42:37Z" end-time="2017-07-31 22:42:37Z" duration="0.011533" total="3" passed="3" failed="0" warnings="0" inconclusive="0" skipped="0" asserts="3">
            <test-case id="0-1696" name="QueenCannotMoveRandomly(2,6,3,3)" fullname="ChessWithTDD.Tests.QueenTests.QueenCannotMoveRandomly(2,6,3,3)" methodname="QueenCannotMoveRandomly" classname="ChessWithTDD.Tests.QueenTests" runstate="Runnable" seed="1371230191" result="Passed" start-time="2017-07-31 22:42:37Z" end-time="2017-07-31 22:42:37Z" duration="0.001131" asserts="1" />
            <test-case id="0-1697" name="QueenCannotMoveRandomly(3,1,4,5)" fullname="ChessWithTDD.Tests.QueenTests.QueenCannotMoveRandomly(3,1,4,5)" methodname="QueenCannotMoveRandomly" classname="ChessWithTDD.Tests.QueenTests" runstate="Runnable" seed="1398998129" result="Passed" start-time="2017-07-31 22:42:37Z" end-time="2017-07-31 22:42:37Z" duration="0.000808" asserts="1" />
            <test-case id="0-1698" name="QueenCannotMoveRandomly(6,6,2,7)" fullname="ChessWithTDD.Tests.QueenTests.QueenCannotMoveRandomly(6,6,2,7)" methodname="QueenCannotMoveRandomly" classname="ChessWithTDD.Tests.QueenTests" runstate="Runnable" seed="2072827285" result="Passed" start-time="2017-07-31 22:42:37Z" end-time="2017-07-31 22:42:37Z" duration="0.000868" asserts="1" />
          </test-suite>
        </test-suite>
        <test-suite type="TestFixture" id="0-1700" name="RookTests" fullname="ChessWithTDD.Tests.RookTests" classname="ChessWithTDD.Tests.RookTests" runstate="Runnable" testcasecount="14" result="Passed" start-time="2017-07-31 22:42:37Z" end-time="2017-07-31 22:42:37Z" duration="0.066012" total="14" passed="14" failed="0" warnings="0" inconclusive="0" skipped="0" asserts="14">
          <test-suite type="ParameterizedMethod" id="0-1704" name="RookCanMoveHorizontally" fullname="ChessWithTDD.Tests.RookTests.RookCanMoveHorizontally" classname="ChessWithTDD.Tests.RookTests" runstate="Runnable" testcasecount="3" result="Passed" start-time="2017-07-31 22:42:37Z" end-time="2017-07-31 22:42:37Z" duration="0.011494" total="3" passed="3" failed="0" warnings="0" inconclusive="0" skipped="0" asserts="3">
            <test-case id="0-1701" name="RookCanMoveHorizontally(2,6,2,0)" fullname="ChessWithTDD.Tests.RookTests.RookCanMoveHorizontally(2,6,2,0)" methodname="RookCanMoveHorizontally" classname="ChessWithTDD.Tests.RookTests" runstate="Runnable" seed="1229716311" result="Passed" start-time="2017-07-31 22:42:37Z" end-time="2017-07-31 22:42:37Z" duration="0.001538" asserts="1" />
            <test-case id="0-1702" name="RookCanMoveHorizontally(2,2,2,7)" fullname="ChessWithTDD.Tests.RookTests.RookCanMoveHorizontally(2,2,2,7)" methodname="RookCanMoveHorizontally" classname="ChessWithTDD.Tests.RookTests" runstate="Runnable" seed="1190119635" result="Passed" start-time="2017-07-31 22:42:37Z" end-time="2017-07-31 22:42:37Z" duration="0.000699" asserts="1" />
            <test-case id="0-1703" name="RookCanMoveHorizontally(3,3,3,4)" fullname="ChessWithTDD.Tests.RookTests.RookCanMoveHorizontally(3,3,3,4)" methodname="RookCanMoveHorizontally" classname="ChessWithTDD.Tests.RookTests" runstate="Runnable" seed="61411479" result="Passed" start-time="2017-07-31 22:42:37Z" end-time="2017-07-31 22:42:37Z" duration="0.000736" asserts="1" />
          </test-suite>
          <test-suite type="ParameterizedMethod" id="0-1708" name="RookCanMoveVertically" fullname="ChessWithTDD.Tests.RookTests.RookCanMoveVertically" classname="ChessWithTDD.Tests.RookTests" runstate="Runnable" testcasecount="3" result="Passed" start-time="2017-07-31 22:42:37Z" end-time="2017-07-31 22:42:37Z" duration="0.011525" total="3" passed="3" failed="0" warnings="0" inconclusive="0" skipped="0" asserts="3">
            <test-case id="0-1705" name="RookCanMoveVertically(5,2,2,2)" fullname="ChessWithTDD.Tests.RookTests.RookCanMoveVertically(5,2,2,2)" methodname="RookCanMoveVertically" classname="ChessWithTDD.Tests.RookTests" runstate="Runnable" seed="1762422782" result="Passed" start-time="2017-07-31 22:42:37Z" end-time="2017-07-31 22:42:37Z" duration="0.001050" asserts="1" />
            <test-case id="0-1706" name="RookCanMoveVertically(2,2,5,2)" fullname="ChessWithTDD.Tests.RookTests.RookCanMoveVertically(2,2,5,2)" methodname="RookCanMoveVertically" classname="ChessWithTDD.Tests.RookTests" runstate="Runnable" seed="2127652779" result="Passed" start-time="2017-07-31 22:42:37Z" end-time="2017-07-31 22:42:37Z" duration="0.000747" asserts="1" />
            <test-case id="0-1707" name="RookCanMoveVertically(3,3,4,3)" fullname="ChessWithTDD.Tests.RookTests.RookCanMoveVertically(3,3,4,3)" methodname="RookCanMoveVertically" classname="ChessWithTDD.Tests.RookTests" runstate="Runnable" seed="159975092" result="Passed" start-time="2017-07-31 22:42:37Z" end-time="2017-07-31 22:42:37Z" duration="0.000821" asserts="1" />
          </test-suite>
          <test-suite type="ParameterizedMethod" id="0-1714" name="RookCannotMoveDiagonally" fullname="ChessWithTDD.Tests.RookTests.RookCannotMoveDiagonally" classname="ChessWithTDD.Tests.RookTests" runstate="Runnable" testcasecount="5" result="Passed" start-time="2017-07-31 22:42:37Z" end-time="2017-07-31 22:42:37Z" duration="0.019072" total="5" passed="5" failed="0" warnings="0" inconclusive="0" skipped="0" asserts="5">
            <test-case id="0-1709" name="RookCannotMoveDiagonally(2,5,5,2)" fullname="ChessWithTDD.Tests.RookTests.RookCannotMoveDiagonally(2,5,5,2)" methodname="RookCannotMoveDiagonally" classname="ChessWithTDD.Tests.RookTests" runstate="Runnable" seed="2069716712" result="Passed" start-time="2017-07-31 22:42:37Z" end-time="2017-07-31 22:42:37Z" duration="0.001046" asserts="1" />
            <test-case id="0-1710" name="RookCannotMoveDiagonally(2,3,5,6)" fullname="ChessWithTDD.Tests.RookTests.RookCannotMoveDiagonally(2,3,5,6)" methodname="RookCannotMoveDiagonally" classname="ChessWithTDD.Tests.RookTests" runstate="Runnable" seed="208186633" result="Passed" start-time="2017-07-31 22:42:37Z" end-time="2017-07-31 22:42:37Z" duration="0.000793" asserts="1" />
            <test-case id="0-1711" name="RookCannotMoveDiagonally(5,5,2,2)" fullname="ChessWithTDD.Tests.RookTests.RookCannotMoveDiagonally(5,5,2,2)" methodname="RookCannotMoveDiagonally" classname="ChessWithTDD.Tests.RookTests" runstate="Runnable" seed="1613691189" result="Passed" start-time="2017-07-31 22:42:37Z" end-time="2017-07-31 22:42:37Z" duration="0.000768" asserts="1" />
            <test-case id="0-1712" name="RookCannotMoveDiagonally(5,2,2,5)" fullname="ChessWithTDD.Tests.RookTests.RookCannotMoveDiagonally(5,2,2,5)" methodname="RookCannotMoveDiagonally" classname="ChessWithTDD.Tests.RookTests" runstate="Runnable" seed="728431889" result="Passed" start-time="2017-07-31 22:42:37Z" end-time="2017-07-31 22:42:37Z" duration="0.000842" asserts="1" />
            <test-case id="0-1713" name="RookCannotMoveDiagonally(3,3,4,4)" fullname="ChessWithTDD.Tests.RookTests.RookCannotMoveDiagonally(3,3,4,4)" methodname="RookCannotMoveDiagonally" classname="ChessWithTDD.Tests.RookTests" runstate="Runnable" seed="1593584031" result="Passed" start-time="2017-07-31 22:42:37Z" end-time="2017-07-31 22:42:37Z" duration="0.000746" asserts="1" />
          </test-suite>
          <test-suite type="ParameterizedMethod" id="0-1718" name="RookCannotMoveRandomly" fullname="ChessWithTDD.Tests.RookTests.RookCannotMoveRandomly" classname="ChessWithTDD.Tests.RookTests" runstate="Runnable" testcasecount="3" result="Passed" start-time="2017-07-31 22:42:37Z" end-time="2017-07-31 22:42:37Z" duration="0.011513" total="3" passed="3" failed="0" warnings="0" inconclusive="0" skipped="0" asserts="3">
            <test-case id="0-1715" name="RookCannotMoveRandomly(2,6,3,3)" fullname="ChessWithTDD.Tests.RookTests.RookCannotMoveRandomly(2,6,3,3)" methodname="RookCannotMoveRandomly" classname="ChessWithTDD.Tests.RookTests" runstate="Runnable" seed="1219431015" result="Passed" start-time="2017-07-31 22:42:37Z" end-time="2017-07-31 22:42:37Z" duration="0.001017" asserts="1" />
            <test-case id="0-1716" name="RookCannotMoveRandomly(3,1,4,5)" fullname="ChessWithTDD.Tests.RookTests.RookCannotMoveRandomly(3,1,4,5)" methodname="RookCannotMoveRandomly" classname="ChessWithTDD.Tests.RookTests" runstate="Runnable" seed="556512672" result="Passed" start-time="2017-07-31 22:42:37Z" end-time="2017-07-31 22:42:37Z" duration="0.000904" asserts="1" />
            <test-case id="0-1717" name="RookCannotMoveRandomly(6,6,2,7)" fullname="ChessWithTDD.Tests.RookTests.RookCannotMoveRandomly(6,6,2,7)" methodname="RookCannotMoveRandomly" classname="ChessWithTDD.Tests.RookTests" runstate="Runnable" seed="1030255092" result="Passed" start-time="2017-07-31 22:42:37Z" end-time="2017-07-31 22:42:37Z" duration="0.000796" asserts="1" />
          </test-suite>
        </test-suite>
        <test-suite type="TestFixture" id="0-1727" name="SquareExtensionsTests" fullname="ChessWithTDD.Tests.SquareExtensionsTests" classname="ChessWithTDD.Tests.SquareExtensionsTests" runstate="Runnable" testcasecount="86" result="Passed" start-time="2017-07-31 22:42:37Z" end-time="2017-07-31 22:42:38Z" duration="0.415048" total="86" passed="86" failed="0" warnings="0" inconclusive="0" skipped="0" asserts="86">
          <test-suite type="ParameterizedMethod" id="0-1809" name="IsAdjacentTo_ReturnsFalse" fullname="ChessWithTDD.Tests.SquareExtensionsTests.IsAdjacentTo_ReturnsFalse" classname="ChessWithTDD.Tests.SquareExtensionsTests" runstate="Runnable" testcasecount="8" result="Passed" start-time="2017-07-31 22:42:37Z" end-time="2017-07-31 22:42:37Z" duration="0.031000" total="8" passed="8" failed="0" warnings="0" inconclusive="0" skipped="0" asserts="8">
            <test-case id="0-1801" name="IsAdjacentTo_ReturnsFalse(4,3,2,3)" fullname="ChessWithTDD.Tests.SquareExtensionsTests.IsAdjacentTo_ReturnsFalse(4,3,2,3)" methodname="IsAdjacentTo_ReturnsFalse" classname="ChessWithTDD.Tests.SquareExtensionsTests" runstate="Runnable" seed="507077641" result="Passed" start-time="2017-07-31 22:42:37Z" end-time="2017-07-31 22:42:37Z" duration="0.000686" asserts="1" />
            <test-case id="0-1802" name="IsAdjacentTo_ReturnsFalse(4,4,2,2)" fullname="ChessWithTDD.Tests.SquareExtensionsTests.IsAdjacentTo_ReturnsFalse(4,4,2,2)" methodname="IsAdjacentTo_ReturnsFalse" classname="ChessWithTDD.Tests.SquareExtensionsTests" runstate="Runnable" seed="218534076" result="Passed" start-time="2017-07-31 22:42:37Z" end-time="2017-07-31 22:42:37Z" duration="0.000538" asserts="1" />
            <test-case id="0-1803" name="IsAdjacentTo_ReturnsFalse(4,0,2,2)" fullname="ChessWithTDD.Tests.SquareExtensionsTests.IsAdjacentTo_ReturnsFalse(4,0,2,2)" methodname="IsAdjacentTo_ReturnsFalse" classname="ChessWithTDD.Tests.SquareExtensionsTests" runstate="Runnable" seed="624906690" result="Passed" start-time="2017-07-31 22:42:37Z" end-time="2017-07-31 22:42:37Z" duration="0.000480" asserts="1" />
            <test-case id="0-1804" name="IsAdjacentTo_ReturnsFalse(3,4,3,2)" fullname="ChessWithTDD.Tests.SquareExtensionsTests.IsAdjacentTo_ReturnsFalse(3,4,3,2)" methodname="IsAdjacentTo_ReturnsFalse" classname="ChessWithTDD.Tests.SquareExtensionsTests" runstate="Runnable" seed="994336816" result="Passed" start-time="2017-07-31 22:42:37Z" end-time="2017-07-31 22:42:37Z" duration="0.000474" asserts="1" />
            <test-case id="0-1805" name="IsAdjacentTo_ReturnsFalse(3,2,3,4)" fullname="ChessWithTDD.Tests.SquareExtensionsTests.IsAdjacentTo_ReturnsFalse(3,2,3,4)" methodname="IsAdjacentTo_ReturnsFalse" classname="ChessWithTDD.Tests.SquareExtensionsTests" runstate="Runnable" seed="1477314430" result="Passed" start-time="2017-07-31 22:42:37Z" end-time="2017-07-31 22:42:37Z" duration="0.000584" asserts="1" />
            <test-case id="0-1806" name="IsAdjacentTo_ReturnsFalse(0,4,2,2)" fullname="ChessWithTDD.Tests.SquareExtensionsTests.IsAdjacentTo_ReturnsFalse(0,4,2,2)" methodname="IsAdjacentTo_ReturnsFalse" classname="ChessWithTDD.Tests.SquareExtensionsTests" runstate="Runnable" seed="777757364" result="Passed" start-time="2017-07-31 22:42:37Z" end-time="2017-07-31 22:42:37Z" duration="0.000481" asserts="1" />
            <test-case id="0-1807" name="IsAdjacentTo_ReturnsFalse(0,0,2,2)" fullname="ChessWithTDD.Tests.SquareExtensionsTests.IsAdjacentTo_ReturnsFalse(0,0,2,2)" methodname="IsAdjacentTo_ReturnsFalse" classname="ChessWithTDD.Tests.SquareExtensionsTests" runstate="Runnable" seed="2118842385" result="Passed" start-time="2017-07-31 22:42:37Z" end-time="2017-07-31 22:42:37Z" duration="0.000479" asserts="1" />
            <test-case id="0-1808" name="IsAdjacentTo_ReturnsFalse(0,2,2,2)" fullname="ChessWithTDD.Tests.SquareExtensionsTests.IsAdjacentTo_ReturnsFalse(0,2,2,2)" methodname="IsAdjacentTo_ReturnsFalse" classname="ChessWithTDD.Tests.SquareExtensionsTests" runstate="Runnable" seed="1641261371" result="Passed" start-time="2017-07-31 22:42:37Z" end-time="2017-07-31 22:42:37Z" duration="0.000541" asserts="1" />
          </test-suite>
          <test-suite type="ParameterizedMethod" id="0-1800" name="IsAdjacentTo_ReturnsTrue" fullname="ChessWithTDD.Tests.SquareExtensionsTests.IsAdjacentTo_ReturnsTrue" classname="ChessWithTDD.Tests.SquareExtensionsTests" runstate="Runnable" testcasecount="8" result="Passed" start-time="2017-07-31 22:42:37Z" end-time="2017-07-31 22:42:37Z" duration="0.029536" total="8" passed="8" failed="0" warnings="0" inconclusive="0" skipped="0" asserts="8">
            <test-case id="0-1792" name="IsAdjacentTo_ReturnsTrue(3,3,2,3)" fullname="ChessWithTDD.Tests.SquareExtensionsTests.IsAdjacentTo_ReturnsTrue(3,3,2,3)" methodname="IsAdjacentTo_ReturnsTrue" classname="ChessWithTDD.Tests.SquareExtensionsTests" runstate="Runnable" seed="1931188374" result="Passed" start-time="2017-07-31 22:42:37Z" end-time="2017-07-31 22:42:37Z" duration="0.000737" asserts="1" />
            <test-case id="0-1793" name="IsAdjacentTo_ReturnsTrue(3,3,2,2)" fullname="ChessWithTDD.Tests.SquareExtensionsTests.IsAdjacentTo_ReturnsTrue(3,3,2,2)" methodname="IsAdjacentTo_ReturnsTrue" classname="ChessWithTDD.Tests.SquareExtensionsTests" runstate="Runnable" seed="795138286" result="Passed" start-time="2017-07-31 22:42:37Z" end-time="2017-07-31 22:42:37Z" duration="0.000505" asserts="1" />
            <test-case id="0-1794" name="IsAdjacentTo_ReturnsTrue(3,1,2,2)" fullname="ChessWithTDD.Tests.SquareExtensionsTests.IsAdjacentTo_ReturnsTrue(3,1,2,2)" methodname="IsAdjacentTo_ReturnsTrue" classname="ChessWithTDD.Tests.SquareExtensionsTests" runstate="Runnable" seed="1450385915" result="Passed" start-time="2017-07-31 22:42:37Z" end-time="2017-07-31 22:42:37Z" duration="0.000464" asserts="1" />
            <test-case id="0-1795" name="IsAdjacentTo_ReturnsTrue(3,3,3,2)" fullname="ChessWithTDD.Tests.SquareExtensionsTests.IsAdjacentTo_ReturnsTrue(3,3,3,2)" methodname="IsAdjacentTo_ReturnsTrue" classname="ChessWithTDD.Tests.SquareExtensionsTests" runstate="Runnable" seed="1959735122" result="Passed" start-time="2017-07-31 22:42:37Z" end-time="2017-07-31 22:42:37Z" duration="0.000468" asserts="1" />
            <test-case id="0-1796" name="IsAdjacentTo_ReturnsTrue(3,3,3,4)" fullname="ChessWithTDD.Tests.SquareExtensionsTests.IsAdjacentTo_ReturnsTrue(3,3,3,4)" methodname="IsAdjacentTo_ReturnsTrue" classname="ChessWithTDD.Tests.SquareExtensionsTests" runstate="Runnable" seed="1713147527" result="Passed" start-time="2017-07-31 22:42:37Z" end-time="2017-07-31 22:42:37Z" duration="0.000459" asserts="1" />
            <test-case id="0-1797" name="IsAdjacentTo_ReturnsTrue(1,3,2,2)" fullname="ChessWithTDD.Tests.SquareExtensionsTests.IsAdjacentTo_ReturnsTrue(1,3,2,2)" methodname="IsAdjacentTo_ReturnsTrue" classname="ChessWithTDD.Tests.SquareExtensionsTests" runstate="Runnable" seed="1783411548" result="Passed" start-time="2017-07-31 22:42:37Z" end-time="2017-07-31 22:42:37Z" duration="0.000582" asserts="1" />
            <test-case id="0-1798" name="IsAdjacentTo_ReturnsTrue(1,1,2,2)" fullname="ChessWithTDD.Tests.SquareExtensionsTests.IsAdjacentTo_ReturnsTrue(1,1,2,2)" methodname="IsAdjacentTo_ReturnsTrue" classname="ChessWithTDD.Tests.SquareExtensionsTests" runstate="Runnable" seed="1060039718" result="Passed" start-time="2017-07-31 22:42:37Z" end-time="2017-07-31 22:42:37Z" duration="0.000470" asserts="1" />
            <test-case id="0-1799" name="IsAdjacentTo_ReturnsTrue(1,2,2,2)" fullname="ChessWithTDD.Tests.SquareExtensionsTests.IsAdjacentTo_ReturnsTrue(1,2,2,2)" methodname="IsAdjacentTo_ReturnsTrue" classname="ChessWithTDD.Tests.SquareExtensionsTests" runstate="Runnable" seed="1136653441" result="Passed" start-time="2017-07-31 22:42:37Z" end-time="2017-07-31 22:42:37Z" duration="0.000472" asserts="1" />
          </test-suite>
          <test-suite type="ParameterizedMethod" id="0-1843" name="IsAnLShapeAwayFrom_ReturnsFalse" fullname="ChessWithTDD.Tests.SquareExtensionsTests.IsAnLShapeAwayFrom_ReturnsFalse" classname="ChessWithTDD.Tests.SquareExtensionsTests" runstate="Runnable" testcasecount="6" result="Passed" start-time="2017-07-31 22:42:37Z" end-time="2017-07-31 22:42:37Z" duration="0.022501" total="6" passed="6" failed="0" warnings="0" inconclusive="0" skipped="0" asserts="6">
            <test-case id="0-1837" name="IsAnLShapeAwayFrom_ReturnsFalse(3,3,4,4)" fullname="ChessWithTDD.Tests.SquareExtensionsTests.IsAnLShapeAwayFrom_ReturnsFalse(3,3,4,4)" methodname="IsAnLShapeAwayFrom_ReturnsFalse" classname="ChessWithTDD.Tests.SquareExtensionsTests" runstate="Runnable" seed="271229825" result="Passed" start-time="2017-07-31 22:42:37Z" end-time="2017-07-31 22:42:37Z" duration="0.000769" asserts="1" />
            <test-case id="0-1838" name="IsAnLShapeAwayFrom_ReturnsFalse(3,3,4,3)" fullname="ChessWithTDD.Tests.SquareExtensionsTests.IsAnLShapeAwayFrom_ReturnsFalse(3,3,4,3)" methodname="IsAnLShapeAwayFrom_ReturnsFalse" classname="ChessWithTDD.Tests.SquareExtensionsTests" runstate="Runnable" seed="653779700" result="Passed" start-time="2017-07-31 22:42:37Z" end-time="2017-07-31 22:42:37Z" duration="0.000532" asserts="1" />
            <test-case id="0-1839" name="IsAnLShapeAwayFrom_ReturnsFalse(3,3,3,4)" fullname="ChessWithTDD.Tests.SquareExtensionsTests.IsAnLShapeAwayFrom_ReturnsFalse(3,3,3,4)" methodname="IsAnLShapeAwayFrom_ReturnsFalse" classname="ChessWithTDD.Tests.SquareExtensionsTests" runstate="Runnable" seed="1761284817" result="Passed" start-time="2017-07-31 22:42:37Z" end-time="2017-07-31 22:42:37Z" duration="0.000475" asserts="1" />
            <test-case id="0-1840" name="IsAnLShapeAwayFrom_ReturnsFalse(3,3,0,0)" fullname="ChessWithTDD.Tests.SquareExtensionsTests.IsAnLShapeAwayFrom_ReturnsFalse(3,3,0,0)" methodname="IsAnLShapeAwayFrom_ReturnsFalse" classname="ChessWithTDD.Tests.SquareExtensionsTests" runstate="Runnable" seed="1740428926" result="Passed" start-time="2017-07-31 22:42:37Z" end-time="2017-07-31 22:42:37Z" duration="0.000476" asserts="1" />
            <test-case id="0-1841" name="IsAnLShapeAwayFrom_ReturnsFalse(4,1,1,4)" fullname="ChessWithTDD.Tests.SquareExtensionsTests.IsAnLShapeAwayFrom_ReturnsFalse(4,1,1,4)" methodname="IsAnLShapeAwayFrom_ReturnsFalse" classname="ChessWithTDD.Tests.SquareExtensionsTests" runstate="Runnable" seed="1307479544" result="Passed" start-time="2017-07-31 22:42:37Z" end-time="2017-07-31 22:42:37Z" duration="0.000469" asserts="1" />
            <test-case id="0-1842" name="IsAnLShapeAwayFrom_ReturnsFalse(1,4,5,6)" fullname="ChessWithTDD.Tests.SquareExtensionsTests.IsAnLShapeAwayFrom_ReturnsFalse(1,4,5,6)" methodname="IsAnLShapeAwayFrom_ReturnsFalse" classname="ChessWithTDD.Tests.SquareExtensionsTests" runstate="Runnable" seed="1514367975" result="Passed" start-time="2017-07-31 22:42:37Z" end-time="2017-07-31 22:42:37Z" duration="0.000603" asserts="1" />
          </test-suite>
          <test-suite type="ParameterizedMethod" id="0-1836" name="IsAnLShapeAwayFrom_ReturnsTrue" fullname="ChessWithTDD.Tests.SquareExtensionsTests.IsAnLShapeAwayFrom_ReturnsTrue" classname="ChessWithTDD.Tests.SquareExtensionsTests" runstate="Runnable" testcasecount="4" result="Passed" start-time="2017-07-31 22:42:37Z" end-time="2017-07-31 22:42:37Z" duration="0.016020" total="4" passed="4" failed="0" warnings="0" inconclusive="0" skipped="0" asserts="4">
            <test-case id="0-1832" name="IsAnLShapeAwayFrom_ReturnsTrue(3,3,5,4)" fullname="ChessWithTDD.Tests.SquareExtensionsTests.IsAnLShapeAwayFrom_ReturnsTrue(3,3,5,4)" methodname="IsAnLShapeAwayFrom_ReturnsTrue" classname="ChessWithTDD.Tests.SquareExtensionsTests" runstate="Runnable" seed="1036255793" result="Passed" start-time="2017-07-31 22:42:37Z" end-time="2017-07-31 22:42:37Z" duration="0.000938" asserts="1" />
            <test-case id="0-1833" name="IsAnLShapeAwayFrom_ReturnsTrue(3,3,4,5)" fullname="ChessWithTDD.Tests.SquareExtensionsTests.IsAnLShapeAwayFrom_ReturnsTrue(3,3,4,5)" methodname="IsAnLShapeAwayFrom_ReturnsTrue" classname="ChessWithTDD.Tests.SquareExtensionsTests" runstate="Runnable" seed="1759157388" result="Passed" start-time="2017-07-31 22:42:37Z" end-time="2017-07-31 22:42:37Z" duration="0.000540" asserts="1" />
            <test-case id="0-1834" name="IsAnLShapeAwayFrom_ReturnsTrue(4,5,3,3)" fullname="ChessWithTDD.Tests.SquareExtensionsTests.IsAnLShapeAwayFrom_ReturnsTrue(4,5,3,3)" methodname="IsAnLShapeAwayFrom_ReturnsTrue" classname="ChessWithTDD.Tests.SquareExtensionsTests" runstate="Runnable" seed="1644858646" result="Passed" start-time="2017-07-31 22:42:37Z" end-time="2017-07-31 22:42:37Z" duration="0.000540" asserts="1" />
            <test-case id="0-1835" name="IsAnLShapeAwayFrom_ReturnsTrue(5,4,3,3)" fullname="ChessWithTDD.Tests.SquareExtensionsTests.IsAnLShapeAwayFrom_ReturnsTrue(5,4,3,3)" methodname="IsAnLShapeAwayFrom_ReturnsTrue" classname="ChessWithTDD.Tests.SquareExtensionsTests" runstate="Runnable" seed="620042665" result="Passed" start-time="2017-07-31 22:42:37Z" end-time="2017-07-31 22:42:37Z" duration="0.000562" asserts="1" />
          </test-suite>
          <test-suite type="ParameterizedMethod" id="0-1827" name="IsDiagonalTo_ReturnsFalse" fullname="ChessWithTDD.Tests.SquareExtensionsTests.IsDiagonalTo_ReturnsFalse" classname="ChessWithTDD.Tests.SquareExtensionsTests" runstate="Runnable" testcasecount="8" result="Passed" start-time="2017-07-31 22:42:37Z" end-time="2017-07-31 22:42:38Z" duration="0.029026" total="8" passed="8" failed="0" warnings="0" inconclusive="0" skipped="0" asserts="8">
            <test-case id="0-1819" name="IsDiagonalTo_ReturnsFalse(3,3,3,2)" fullname="ChessWithTDD.Tests.SquareExtensionsTests.IsDiagonalTo_ReturnsFalse(3,3,3,2)" methodname="IsDiagonalTo_ReturnsFalse" classname="ChessWithTDD.Tests.SquareExtensionsTests" runstate="Runnable" seed="1407005179" result="Passed" start-time="2017-07-31 22:42:37Z" end-time="2017-07-31 22:42:37Z" duration="0.000783" asserts="1" />
            <test-case id="0-1820" name="IsDiagonalTo_ReturnsFalse(3,2,2,2)" fullname="ChessWithTDD.Tests.SquareExtensionsTests.IsDiagonalTo_ReturnsFalse(3,2,2,2)" methodname="IsDiagonalTo_ReturnsFalse" classname="ChessWithTDD.Tests.SquareExtensionsTests" runstate="Runnable" seed="352507634" result="Passed" start-time="2017-07-31 22:42:37Z" end-time="2017-07-31 22:42:37Z" duration="0.000594" asserts="1" />
            <test-case id="0-1821" name="IsDiagonalTo_ReturnsFalse(1,3,3,2)" fullname="ChessWithTDD.Tests.SquareExtensionsTests.IsDiagonalTo_ReturnsFalse(1,3,3,2)" methodname="IsDiagonalTo_ReturnsFalse" classname="ChessWithTDD.Tests.SquareExtensionsTests" runstate="Runnable" seed="1981995034" result="Passed" start-time="2017-07-31 22:42:37Z" end-time="2017-07-31 22:42:37Z" duration="0.000493" asserts="1" />
            <test-case id="0-1822" name="IsDiagonalTo_ReturnsFalse(1,1,2,3)" fullname="ChessWithTDD.Tests.SquareExtensionsTests.IsDiagonalTo_ReturnsFalse(1,1,2,3)" methodname="IsDiagonalTo_ReturnsFalse" classname="ChessWithTDD.Tests.SquareExtensionsTests" runstate="Runnable" seed="865043244" result="Passed" start-time="2017-07-31 22:42:37Z" end-time="2017-07-31 22:42:37Z" duration="0.000474" asserts="1" />
            <test-case id="0-1823" name="IsDiagonalTo_ReturnsFalse(6,2,2,2)" fullname="ChessWithTDD.Tests.SquareExtensionsTests.IsDiagonalTo_ReturnsFalse(6,2,2,2)" methodname="IsDiagonalTo_ReturnsFalse" classname="ChessWithTDD.Tests.SquareExtensionsTests" runstate="Runnable" seed="593465129" result="Passed" start-time="2017-07-31 22:42:37Z" end-time="2017-07-31 22:42:37Z" duration="0.000480" asserts="1" />
            <test-case id="0-1824" name="IsDiagonalTo_ReturnsFalse(4,0,4,2)" fullname="ChessWithTDD.Tests.SquareExtensionsTests.IsDiagonalTo_ReturnsFalse(4,0,4,2)" methodname="IsDiagonalTo_ReturnsFalse" classname="ChessWithTDD.Tests.SquareExtensionsTests" runstate="Runnable" seed="1263481198" result="Passed" start-time="2017-07-31 22:42:37Z" end-time="2017-07-31 22:42:37Z" duration="0.000474" asserts="1" />
            <test-case id="0-1825" name="IsDiagonalTo_ReturnsFalse(1,4,2,2)" fullname="ChessWithTDD.Tests.SquareExtensionsTests.IsDiagonalTo_ReturnsFalse(1,4,2,2)" methodname="IsDiagonalTo_ReturnsFalse" classname="ChessWithTDD.Tests.SquareExtensionsTests" runstate="Runnable" seed="1625523845" result="Passed" start-time="2017-07-31 22:42:38Z" end-time="2017-07-31 22:42:38Z" duration="0.000473" asserts="1" />
            <test-case id="0-1826" name="IsDiagonalTo_ReturnsFalse(1,1,5,7)" fullname="ChessWithTDD.Tests.SquareExtensionsTests.IsDiagonalTo_ReturnsFalse(1,1,5,7)" methodname="IsDiagonalTo_ReturnsFalse" classname="ChessWithTDD.Tests.SquareExtensionsTests" runstate="Runnable" seed="524346963" result="Passed" start-time="2017-07-31 22:42:38Z" end-time="2017-07-31 22:42:38Z" duration="0.000552" asserts="1" />
          </test-suite>
          <test-suite type="ParameterizedMethod" id="0-1818" name="IsDiagonalTo_ReturnsTrue" fullname="ChessWithTDD.Tests.SquareExtensionsTests.IsDiagonalTo_ReturnsTrue" classname="ChessWithTDD.Tests.SquareExtensionsTests" runstate="Runnable" testcasecount="8" result="Passed" start-time="2017-07-31 22:42:38Z" end-time="2017-07-31 22:42:38Z" duration="0.031028" total="8" passed="8" failed="0" warnings="0" inconclusive="0" skipped="0" asserts="8">
            <test-case id="0-1810" name="IsDiagonalTo_ReturnsTrue(3,3,2,2)" fullname="ChessWithTDD.Tests.SquareExtensionsTests.IsDiagonalTo_ReturnsTrue(3,3,2,2)" methodname="IsDiagonalTo_ReturnsTrue" classname="ChessWithTDD.Tests.SquareExtensionsTests" runstate="Runnable" seed="125308508" result="Passed" start-time="2017-07-31 22:42:38Z" end-time="2017-07-31 22:42:38Z" duration="0.000848" asserts="1" />
            <test-case id="0-1811" name="IsDiagonalTo_ReturnsTrue(3,1,2,2)" fullname="ChessWithTDD.Tests.SquareExtensionsTests.IsDiagonalTo_ReturnsTrue(3,1,2,2)" methodname="IsDiagonalTo_ReturnsTrue" classname="ChessWithTDD.Tests.SquareExtensionsTests" runstate="Runnable" seed="22259892" result="Passed" start-time="2017-07-31 22:42:38Z" end-time="2017-07-31 22:42:38Z" duration="0.000477" asserts="1" />
            <test-case id="0-1812" name="IsDiagonalTo_ReturnsTrue(1,3,2,2)" fullname="ChessWithTDD.Tests.SquareExtensionsTests.IsDiagonalTo_ReturnsTrue(1,3,2,2)" methodname="IsDiagonalTo_ReturnsTrue" classname="ChessWithTDD.Tests.SquareExtensionsTests" runstate="Runnable" seed="324680078" result="Passed" start-time="2017-07-31 22:42:38Z" end-time="2017-07-31 22:42:38Z" duration="0.000474" asserts="1" />
            <test-case id="0-1813" name="IsDiagonalTo_ReturnsTrue(1,1,2,2)" fullname="ChessWithTDD.Tests.SquareExtensionsTests.IsDiagonalTo_ReturnsTrue(1,1,2,2)" methodname="IsDiagonalTo_ReturnsTrue" classname="ChessWithTDD.Tests.SquareExtensionsTests" runstate="Runnable" seed="264750603" result="Passed" start-time="2017-07-31 22:42:38Z" end-time="2017-07-31 22:42:38Z" duration="0.000578" asserts="1" />
            <test-case id="0-1814" name="IsDiagonalTo_ReturnsTrue(6,6,2,2)" fullname="ChessWithTDD.Tests.SquareExtensionsTests.IsDiagonalTo_ReturnsTrue(6,6,2,2)" methodname="IsDiagonalTo_ReturnsTrue" classname="ChessWithTDD.Tests.SquareExtensionsTests" runstate="Runnable" seed="1232113097" result="Passed" start-time="2017-07-31 22:42:38Z" end-time="2017-07-31 22:42:38Z" duration="0.000474" asserts="1" />
            <test-case id="0-1815" name="IsDiagonalTo_ReturnsTrue(4,0,2,2)" fullname="ChessWithTDD.Tests.SquareExtensionsTests.IsDiagonalTo_ReturnsTrue(4,0,2,2)" methodname="IsDiagonalTo_ReturnsTrue" classname="ChessWithTDD.Tests.SquareExtensionsTests" runstate="Runnable" seed="1393590139" result="Passed" start-time="2017-07-31 22:42:38Z" end-time="2017-07-31 22:42:38Z" duration="0.000474" asserts="1" />
            <test-case id="0-1816" name="IsDiagonalTo_ReturnsTrue(0,4,2,2)" fullname="ChessWithTDD.Tests.SquareExtensionsTests.IsDiagonalTo_ReturnsTrue(0,4,2,2)" methodname="IsDiagonalTo_ReturnsTrue" classname="ChessWithTDD.Tests.SquareExtensionsTests" runstate="Runnable" seed="632777120" result="Passed" start-time="2017-07-31 22:42:38Z" end-time="2017-07-31 22:42:38Z" duration="0.000487" asserts="1" />
            <test-case id="0-1817" name="IsDiagonalTo_ReturnsTrue(1,1,7,7)" fullname="ChessWithTDD.Tests.SquareExtensionsTests.IsDiagonalTo_ReturnsTrue(1,1,7,7)" methodname="IsDiagonalTo_ReturnsTrue" classname="ChessWithTDD.Tests.SquareExtensionsTests" runstate="Runnable" seed="762244099" result="Passed" start-time="2017-07-31 22:42:38Z" end-time="2017-07-31 22:42:38Z" duration="0.000530" asserts="1" />
          </test-suite>
          <test-suite type="ParameterizedMethod" id="0-1831" name="IsInSameColumnAs_ReturnsFalse" fullname="ChessWithTDD.Tests.SquareExtensionsTests.IsInSameColumnAs_ReturnsFalse" classname="ChessWithTDD.Tests.SquareExtensionsTests" runstate="Runnable" testcasecount="0" result="Passed" start-time="2017-07-31 22:42:38Z" end-time="2017-07-31 22:42:38Z" duration="0.000035" total="0" passed="0" failed="0" warnings="0" inconclusive="0" skipped="0" asserts="0" />
          <test-suite type="ParameterizedMethod" id="0-1830" name="IsInSameColumnAs_ReturnsTrue" fullname="ChessWithTDD.Tests.SquareExtensionsTests.IsInSameColumnAs_ReturnsTrue" classname="ChessWithTDD.Tests.SquareExtensionsTests" runstate="Runnable" testcasecount="0" result="Passed" start-time="2017-07-31 22:42:38Z" end-time="2017-07-31 22:42:38Z" duration="0.000020" total="0" passed="0" failed="0" warnings="0" inconclusive="0" skipped="0" asserts="0" />
          <test-suite type="ParameterizedMethod" id="0-1829" name="IsInSameRowAs_ReturnsFalse" fullname="ChessWithTDD.Tests.SquareExtensionsTests.IsInSameRowAs_ReturnsFalse" classname="ChessWithTDD.Tests.SquareExtensionsTests" runstate="Runnable" testcasecount="0" result="Passed" start-time="2017-07-31 22:42:38Z" end-time="2017-07-31 22:42:38Z" duration="0.000020" total="0" passed="0" failed="0" warnings="0" inconclusive="0" skipped="0" asserts="0" />
          <test-suite type="ParameterizedMethod" id="0-1828" name="IsInSameRowAs_ReturnsTrue" fullname="ChessWithTDD.Tests.SquareExtensionsTests.IsInSameRowAs_ReturnsTrue" classname="ChessWithTDD.Tests.SquareExtensionsTests" runstate="Runnable" testcasecount="0" result="Passed" start-time="2017-07-31 22:42:38Z" end-time="2017-07-31 22:42:38Z" duration="0.000036" total="0" passed="0" failed="0" warnings="0" inconclusive="0" skipped="0" asserts="0" />
          <test-suite type="ParameterizedMethod" id="0-1757" name="IsMultipleSquaresEastEastOf_ReturnsFalse" fullname="ChessWithTDD.Tests.SquareExtensionsTests.IsMultipleSquaresEastEastOf_ReturnsFalse" classname="ChessWithTDD.Tests.SquareExtensionsTests" runstate="Runnable" testcasecount="2" result="Passed" start-time="2017-07-31 22:42:38Z" end-time="2017-07-31 22:42:38Z" duration="0.006973" total="2" passed="2" failed="0" warnings="0" inconclusive="0" skipped="0" asserts="2">
            <test-case id="0-1755" name="IsMultipleSquaresEastEastOf_ReturnsFalse(4,4,4,3)" fullname="ChessWithTDD.Tests.SquareExtensionsTests.IsMultipleSquaresEastEastOf_ReturnsFalse(4,4,4,3)" methodname="IsMultipleSquaresEastEastOf_ReturnsFalse" classname="ChessWithTDD.Tests.SquareExtensionsTests" runstate="Runnable" seed="1699345001" result="Passed" start-time="2017-07-31 22:42:38Z" end-time="2017-07-31 22:42:38Z" duration="0.000762" asserts="1" />
            <test-case id="0-1756" name="IsMultipleSquaresEastEastOf_ReturnsFalse(6,5,7,1)" fullname="ChessWithTDD.Tests.SquareExtensionsTests.IsMultipleSquaresEastEastOf_ReturnsFalse(6,5,7,1)" methodname="IsMultipleSquaresEastEastOf_ReturnsFalse" classname="ChessWithTDD.Tests.SquareExtensionsTests" runstate="Runnable" seed="1449160583" result="Passed" start-time="2017-07-31 22:42:38Z" end-time="2017-07-31 22:42:38Z" duration="0.000519" asserts="1" />
          </test-suite>
          <test-suite type="ParameterizedMethod" id="0-1754" name="IsMultipleSquaresEastEastOf_ReturnsTrue" fullname="ChessWithTDD.Tests.SquareExtensionsTests.IsMultipleSquaresEastEastOf_ReturnsTrue" classname="ChessWithTDD.Tests.SquareExtensionsTests" runstate="Runnable" testcasecount="2" result="Passed" start-time="2017-07-31 22:42:38Z" end-time="2017-07-31 22:42:38Z" duration="0.007072" total="2" passed="2" failed="0" warnings="0" inconclusive="0" skipped="0" asserts="2">
            <test-case id="0-1752" name="IsMultipleSquaresEastEastOf_ReturnsTrue(4,6,4,3)" fullname="ChessWithTDD.Tests.SquareExtensionsTests.IsMultipleSquaresEastEastOf_ReturnsTrue(4,6,4,3)" methodname="IsMultipleSquaresEastEastOf_ReturnsTrue" classname="ChessWithTDD.Tests.SquareExtensionsTests" runstate="Runnable" seed="758165761" result="Passed" start-time="2017-07-31 22:42:38Z" end-time="2017-07-31 22:42:38Z" duration="0.000742" asserts="1" />
            <test-case id="0-1753" name="IsMultipleSquaresEastEastOf_ReturnsTrue(6,5,6,1)" fullname="ChessWithTDD.Tests.SquareExtensionsTests.IsMultipleSquaresEastEastOf_ReturnsTrue(6,5,6,1)" methodname="IsMultipleSquaresEastEastOf_ReturnsTrue" classname="ChessWithTDD.Tests.SquareExtensionsTests" runstate="Runnable" seed="1757534590" result="Passed" start-time="2017-07-31 22:42:38Z" end-time="2017-07-31 22:42:38Z" duration="0.000528" asserts="1" />
          </test-suite>
          <test-suite type="ParameterizedMethod" id="0-1745" name="IsMultipleSquaresNorthEastOf_ReturnsFalse" fullname="ChessWithTDD.Tests.SquareExtensionsTests.IsMultipleSquaresNorthEastOf_ReturnsFalse" classname="ChessWithTDD.Tests.SquareExtensionsTests" runstate="Runnable" testcasecount="2" result="Passed" start-time="2017-07-31 22:42:38Z" end-time="2017-07-31 22:42:38Z" duration="0.007005" total="2" passed="2" failed="0" warnings="0" inconclusive="0" skipped="0" asserts="2">
            <test-case id="0-1743" name="IsMultipleSquaresNorthEastOf_ReturnsFalse(3,3,2,2)" fullname="ChessWithTDD.Tests.SquareExtensionsTests.IsMultipleSquaresNorthEastOf_ReturnsFalse(3,3,2,2)" methodname="IsMultipleSquaresNorthEastOf_ReturnsFalse" classname="ChessWithTDD.Tests.SquareExtensionsTests" runstate="Runnable" seed="2063041735" result="Passed" start-time="2017-07-31 22:42:38Z" end-time="2017-07-31 22:42:38Z" duration="0.000681" asserts="1" />
            <test-case id="0-1744" name="IsMultipleSquaresNorthEastOf_ReturnsFalse(5,7,2,3)" fullname="ChessWithTDD.Tests.SquareExtensionsTests.IsMultipleSquaresNorthEastOf_ReturnsFalse(5,7,2,3)" methodname="IsMultipleSquaresNorthEastOf_ReturnsFalse" classname="ChessWithTDD.Tests.SquareExtensionsTests" runstate="Runnable" seed="2024904954" result="Passed" start-time="2017-07-31 22:42:38Z" end-time="2017-07-31 22:42:38Z" duration="0.000516" asserts="1" />
          </test-suite>
          <test-suite type="ParameterizedMethod" id="0-1742" name="IsMultipleSquaresNorthEastOf_ReturnsTrue" fullname="ChessWithTDD.Tests.SquareExtensionsTests.IsMultipleSquaresNorthEastOf_ReturnsTrue" classname="ChessWithTDD.Tests.SquareExtensionsTests" runstate="Runnable" testcasecount="2" result="Passed" start-time="2017-07-31 22:42:38Z" end-time="2017-07-31 22:42:38Z" duration="0.007045" total="2" passed="2" failed="0" warnings="0" inconclusive="0" skipped="0" asserts="2">
            <test-case id="0-1740" name="IsMultipleSquaresNorthEastOf_ReturnsTrue(4,4,2,2)" fullname="ChessWithTDD.Tests.SquareExtensionsTests.IsMultipleSquaresNorthEastOf_ReturnsTrue(4,4,2,2)" methodname="IsMultipleSquaresNorthEastOf_ReturnsTrue" classname="ChessWithTDD.Tests.SquareExtensionsTests" runstate="Runnable" seed="1847687552" result="Passed" start-time="2017-07-31 22:42:38Z" end-time="2017-07-31 22:42:38Z" duration="0.000776" asserts="1" />
            <test-case id="0-1741" name="IsMultipleSquaresNorthEastOf_ReturnsTrue(6,7,2,3)" fullname="ChessWithTDD.Tests.SquareExtensionsTests.IsMultipleSquaresNorthEastOf_ReturnsTrue(6,7,2,3)" methodname="IsMultipleSquaresNorthEastOf_ReturnsTrue" classname="ChessWithTDD.Tests.SquareExtensionsTests" runstate="Runnable" seed="255936955" result="Passed" start-time="2017-07-31 22:42:38Z" end-time="2017-07-31 22:42:38Z" duration="0.000529" asserts="1" />
          </test-suite>
          <test-suite type="ParameterizedMethod" id="0-1733" name="IsMultipleSquaresNorthNorthOf_ReturnsFalse" fullname="ChessWithTDD.Tests.SquareExtensionsTests.IsMultipleSquaresNorthNorthOf_ReturnsFalse" classname="ChessWithTDD.Tests.SquareExtensionsTests" runstate="Runnable" testcasecount="2" result="Passed" start-time="2017-07-31 22:42:38Z" end-time="2017-07-31 22:42:38Z" duration="0.007520" total="2" passed="2" failed="0" warnings="0" inconclusive="0" skipped="0" asserts="2">
            <test-case id="0-1731" name="IsMultipleSquaresNorthNorthOf_ReturnsFalse(3,2,2,2)" fullname="ChessWithTDD.Tests.SquareExtensionsTests.IsMultipleSquaresNorthNorthOf_ReturnsFalse(3,2,2,2)" methodname="IsMultipleSquaresNorthNorthOf_ReturnsFalse" classname="ChessWithTDD.Tests.SquareExtensionsTests" runstate="Runnable" seed="186839011" result="Passed" start-time="2017-07-31 22:42:38Z" end-time="2017-07-31 22:42:38Z" duration="0.000810" asserts="1" />
            <test-case id="0-1732" name="IsMultipleSquaresNorthNorthOf_ReturnsFalse(7,3,5,4)" fullname="ChessWithTDD.Tests.SquareExtensionsTests.IsMultipleSquaresNorthNorthOf_ReturnsFalse(7,3,5,4)" methodname="IsMultipleSquaresNorthNorthOf_ReturnsFalse" classname="ChessWithTDD.Tests.SquareExtensionsTests" runstate="Runnable" seed="637590630" result="Passed" start-time="2017-07-31 22:42:38Z" end-time="2017-07-31 22:42:38Z" duration="0.000501" asserts="1" />
          </test-suite>
          <test-suite type="ParameterizedMethod" id="0-1730" name="IsMultipleSquaresNorthNorthOf_ReturnsTrue" fullname="ChessWithTDD.Tests.SquareExtensionsTests.IsMultipleSquaresNorthNorthOf_ReturnsTrue" classname="ChessWithTDD.Tests.SquareExtensionsTests" runstate="Runnable" testcasecount="2" result="Passed" start-time="2017-07-31 22:42:38Z" end-time="2017-07-31 22:42:38Z" duration="0.007019" total="2" passed="2" failed="0" warnings="0" inconclusive="0" skipped="0" asserts="2">
            <test-case id="0-1728" name="IsMultipleSquaresNorthNorthOf_ReturnsTrue(5,2,2,2)" fullname="ChessWithTDD.Tests.SquareExtensionsTests.IsMultipleSquaresNorthNorthOf_ReturnsTrue(5,2,2,2)" methodname="IsMultipleSquaresNorthNorthOf_ReturnsTrue" classname="ChessWithTDD.Tests.SquareExtensionsTests" runstate="Runnable" seed="346712446" result="Passed" start-time="2017-07-31 22:42:38Z" end-time="2017-07-31 22:42:38Z" duration="0.000711" asserts="1" />
            <test-case id="0-1729" name="IsMultipleSquaresNorthNorthOf_ReturnsTrue(7,3,5,3)" fullname="ChessWithTDD.Tests.SquareExtensionsTests.IsMultipleSquaresNorthNorthOf_ReturnsTrue(7,3,5,3)" methodname="IsMultipleSquaresNorthNorthOf_ReturnsTrue" classname="ChessWithTDD.Tests.SquareExtensionsTests" runstate="Runnable" seed="1952150575" result="Passed" start-time="2017-07-31 22:42:38Z" end-time="2017-07-31 22:42:38Z" duration="0.000471" asserts="1" />
          </test-suite>
          <test-suite type="ParameterizedMethod" id="0-1739" name="IsMultipleSquaresNorthWestOf_ReturnsFalse" fullname="ChessWithTDD.Tests.SquareExtensionsTests.IsMultipleSquaresNorthWestOf_ReturnsFalse" classname="ChessWithTDD.Tests.SquareExtensionsTests" runstate="Runnable" testcasecount="2" result="Passed" start-time="2017-07-31 22:42:38Z" end-time="2017-07-31 22:42:38Z" duration="0.007526" total="2" passed="2" failed="0" warnings="0" inconclusive="0" skipped="0" asserts="2">
            <test-case id="0-1737" name="IsMultipleSquaresNorthWestOf_ReturnsFalse(3,1,2,2)" fullname="ChessWithTDD.Tests.SquareExtensionsTests.IsMultipleSquaresNorthWestOf_ReturnsFalse(3,1,2,2)" methodname="IsMultipleSquaresNorthWestOf_ReturnsFalse" classname="ChessWithTDD.Tests.SquareExtensionsTests" runstate="Runnable" seed="1475895227" result="Passed" start-time="2017-07-31 22:42:38Z" end-time="2017-07-31 22:42:38Z" duration="0.000703" asserts="1" />
            <test-case id="0-1738" name="IsMultipleSquaresNorthWestOf_ReturnsFalse(7,3,4,5)" fullname="ChessWithTDD.Tests.SquareExtensionsTests.IsMultipleSquaresNorthWestOf_ReturnsFalse(7,3,4,5)" methodname="IsMultipleSquaresNorthWestOf_ReturnsFalse" classname="ChessWithTDD.Tests.SquareExtensionsTests" runstate="Runnable" seed="1076099331" result="Passed" start-time="2017-07-31 22:42:38Z" end-time="2017-07-31 22:42:38Z" duration="0.000648" asserts="1" />
          </test-suite>
          <test-suite type="ParameterizedMethod" id="0-1736" name="IsMultipleSquaresNorthWestOf_ReturnsTrue" fullname="ChessWithTDD.Tests.SquareExtensionsTests.IsMultipleSquaresNorthWestOf_ReturnsTrue" classname="ChessWithTDD.Tests.SquareExtensionsTests" runstate="Runnable" testcasecount="2" result="Passed" start-time="2017-07-31 22:42:38Z" end-time="2017-07-31 22:42:38Z" duration="0.007529" total="2" passed="2" failed="0" warnings="0" inconclusive="0" skipped="0" asserts="2">
            <test-case id="0-1734" name="IsMultipleSquaresNorthWestOf_ReturnsTrue(4,0,2,2)" fullname="ChessWithTDD.Tests.SquareExtensionsTests.IsMultipleSquaresNorthWestOf_ReturnsTrue(4,0,2,2)" methodname="IsMultipleSquaresNorthWestOf_ReturnsTrue" classname="ChessWithTDD.Tests.SquareExtensionsTests" runstate="Runnable" seed="1811637743" result="Passed" start-time="2017-07-31 22:42:38Z" end-time="2017-07-31 22:42:38Z" duration="0.000801" asserts="1" />
            <test-case id="0-1735" name="IsMultipleSquaresNorthWestOf_ReturnsTrue(7,2,4,5)" fullname="ChessWithTDD.Tests.SquareExtensionsTests.IsMultipleSquaresNorthWestOf_ReturnsTrue(7,2,4,5)" methodname="IsMultipleSquaresNorthWestOf_ReturnsTrue" classname="ChessWithTDD.Tests.SquareExtensionsTests" runstate="Runnable" seed="1696289077" result="Passed" start-time="2017-07-31 22:42:38Z" end-time="2017-07-31 22:42:38Z" duration="0.000624" asserts="1" />
          </test-suite>
          <test-suite type="ParameterizedMethod" id="0-1775" name="IsMultipleSquaresSouthEastOf_ReturnsFalse" fullname="ChessWithTDD.Tests.SquareExtensionsTests.IsMultipleSquaresSouthEastOf_ReturnsFalse" classname="ChessWithTDD.Tests.SquareExtensionsTests" runstate="Runnable" testcasecount="2" result="Passed" start-time="2017-07-31 22:42:38Z" end-time="2017-07-31 22:42:38Z" duration="0.007012" total="2" passed="2" failed="0" warnings="0" inconclusive="0" skipped="0" asserts="2">
            <test-case id="0-1773" name="IsMultipleSquaresSouthEastOf_ReturnsFalse(4,6,5,5)" fullname="ChessWithTDD.Tests.SquareExtensionsTests.IsMultipleSquaresSouthEastOf_ReturnsFalse(4,6,5,5)" methodname="IsMultipleSquaresSouthEastOf_ReturnsFalse" classname="ChessWithTDD.Tests.SquareExtensionsTests" runstate="Runnable" seed="1159864667" result="Passed" start-time="2017-07-31 22:42:38Z" end-time="2017-07-31 22:42:38Z" duration="0.000692" asserts="1" />
            <test-case id="0-1774" name="IsMultipleSquaresSouthEastOf_ReturnsFalse(1,6,3,3)" fullname="ChessWithTDD.Tests.SquareExtensionsTests.IsMultipleSquaresSouthEastOf_ReturnsFalse(1,6,3,3)" methodname="IsMultipleSquaresSouthEastOf_ReturnsFalse" classname="ChessWithTDD.Tests.SquareExtensionsTests" runstate="Runnable" seed="2039060509" result="Passed" start-time="2017-07-31 22:42:38Z" end-time="2017-07-31 22:42:38Z" duration="0.000542" asserts="1" />
          </test-suite>
          <test-suite type="ParameterizedMethod" id="0-1772" name="IsMultipleSquaresSouthEastOf_ReturnsTrue" fullname="ChessWithTDD.Tests.SquareExtensionsTests.IsMultipleSquaresSouthEastOf_ReturnsTrue" classname="ChessWithTDD.Tests.SquareExtensionsTests" runstate="Runnable" testcasecount="2" result="Passed" start-time="2017-07-31 22:42:38Z" end-time="2017-07-31 22:42:38Z" duration="0.007526" total="2" passed="2" failed="0" warnings="0" inconclusive="0" skipped="0" asserts="2">
            <test-case id="0-1770" name="IsMultipleSquaresSouthEastOf_ReturnsTrue(3,7,5,5)" fullname="ChessWithTDD.Tests.SquareExtensionsTests.IsMultipleSquaresSouthEastOf_ReturnsTrue(3,7,5,5)" methodname="IsMultipleSquaresSouthEastOf_ReturnsTrue" classname="ChessWithTDD.Tests.SquareExtensionsTests" runstate="Runnable" seed="260334059" result="Passed" start-time="2017-07-31 22:42:38Z" end-time="2017-07-31 22:42:38Z" duration="0.000791" asserts="1" />
            <test-case id="0-1771" name="IsMultipleSquaresSouthEastOf_ReturnsTrue(0,6,3,3)" fullname="ChessWithTDD.Tests.SquareExtensionsTests.IsMultipleSquaresSouthEastOf_ReturnsTrue(0,6,3,3)" methodname="IsMultipleSquaresSouthEastOf_ReturnsTrue" classname="ChessWithTDD.Tests.SquareExtensionsTests" runstate="Runnable" seed="302555252" result="Passed" start-time="2017-07-31 22:42:38Z" end-time="2017-07-31 22:42:38Z" duration="0.000554" asserts="1" />
          </test-suite>
          <test-suite type="ParameterizedMethod" id="0-1763" name="IsMultipleSquaresSouthSouthOf_ReturnsFalse" fullname="ChessWithTDD.Tests.SquareExtensionsTests.IsMultipleSquaresSouthSouthOf_ReturnsFalse" classname="ChessWithTDD.Tests.SquareExtensionsTests" runstate="Runnable" testcasecount="2" result="Passed" start-time="2017-07-31 22:42:38Z" end-time="2017-07-31 22:42:38Z" duration="0.009010" total="2" passed="2" failed="0" warnings="0" inconclusive="0" skipped="0" asserts="2">
            <test-case id="0-1761" name="IsMultipleSquaresSouthSouthOf_ReturnsFalse(4,6,5,6)" fullname="ChessWithTDD.Tests.SquareExtensionsTests.IsMultipleSquaresSouthSouthOf_ReturnsFalse(4,6,5,6)" methodname="IsMultipleSquaresSouthSouthOf_ReturnsFalse" classname="ChessWithTDD.Tests.SquareExtensionsTests" runstate="Runnable" seed="610473928" result="Passed" start-time="2017-07-31 22:42:38Z" end-time="2017-07-31 22:42:38Z" duration="0.000934" asserts="1" />
            <test-case id="0-1762" name="IsMultipleSquaresSouthSouthOf_ReturnsFalse(0,0,5,1)" fullname="ChessWithTDD.Tests.SquareExtensionsTests.IsMultipleSquaresSouthSouthOf_ReturnsFalse(0,0,5,1)" methodname="IsMultipleSquaresSouthSouthOf_ReturnsFalse" classname="ChessWithTDD.Tests.SquareExtensionsTests" runstate="Runnable" seed="955660096" result="Passed" start-time="2017-07-31 22:42:38Z" end-time="2017-07-31 22:42:38Z" duration="0.000486" asserts="1" />
          </test-suite>
          <test-suite type="ParameterizedMethod" id="0-1760" name="IsMultipleSquaresSouthSouthOf_ReturnsTrue" fullname="ChessWithTDD.Tests.SquareExtensionsTests.IsMultipleSquaresSouthSouthOf_ReturnsTrue" classname="ChessWithTDD.Tests.SquareExtensionsTests" runstate="Runnable" testcasecount="2" result="Passed" start-time="2017-07-31 22:42:38Z" end-time="2017-07-31 22:42:38Z" duration="0.007022" total="2" passed="2" failed="0" warnings="0" inconclusive="0" skipped="0" asserts="2">
            <test-case id="0-1758" name="IsMultipleSquaresSouthSouthOf_ReturnsTrue(4,6,6,6)" fullname="ChessWithTDD.Tests.SquareExtensionsTests.IsMultipleSquaresSouthSouthOf_ReturnsTrue(4,6,6,6)" methodname="IsMultipleSquaresSouthSouthOf_ReturnsTrue" classname="ChessWithTDD.Tests.SquareExtensionsTests" runstate="Runnable" seed="1200331367" result="Passed" start-time="2017-07-31 22:42:38Z" end-time="2017-07-31 22:42:38Z" duration="0.000731" asserts="1" />
            <test-case id="0-1759" name="IsMultipleSquaresSouthSouthOf_ReturnsTrue(0,1,5,1)" fullname="ChessWithTDD.Tests.SquareExtensionsTests.IsMultipleSquaresSouthSouthOf_ReturnsTrue(0,1,5,1)" methodname="IsMultipleSquaresSouthSouthOf_ReturnsTrue" classname="ChessWithTDD.Tests.SquareExtensionsTests" runstate="Runnable" seed="84626049" result="Passed" start-time="2017-07-31 22:42:38Z" end-time="2017-07-31 22:42:38Z" duration="0.000468" asserts="1" />
          </test-suite>
          <test-suite type="ParameterizedMethod" id="0-1769" name="IsMultipleSquaresSouthWestOf_ReturnsFalse" fullname="ChessWithTDD.Tests.SquareExtensionsTests.IsMultipleSquaresSouthWestOf_ReturnsFalse" classname="ChessWithTDD.Tests.SquareExtensionsTests" runstate="Runnable" testcasecount="2" result="Passed" start-time="2017-07-31 22:42:38Z" end-time="2017-07-31 22:42:38Z" duration="0.007012" total="2" passed="2" failed="0" warnings="0" inconclusive="0" skipped="0" asserts="2">
            <test-case id="0-1767" name="IsMultipleSquaresSouthWestOf_ReturnsFalse(5,5,6,6)" fullname="ChessWithTDD.Tests.SquareExtensionsTests.IsMultipleSquaresSouthWestOf_ReturnsFalse(5,5,6,6)" methodname="IsMultipleSquaresSouthWestOf_ReturnsFalse" classname="ChessWithTDD.Tests.SquareExtensionsTests" runstate="Runnable" seed="870393267" result="Passed" start-time="2017-07-31 22:42:38Z" end-time="2017-07-31 22:42:38Z" duration="0.000701" asserts="1" />
            <test-case id="0-1768" name="IsMultipleSquaresSouthWestOf_ReturnsFalse(2,0,5,2)" fullname="ChessWithTDD.Tests.SquareExtensionsTests.IsMultipleSquaresSouthWestOf_ReturnsFalse(2,0,5,2)" methodname="IsMultipleSquaresSouthWestOf_ReturnsFalse" classname="ChessWithTDD.Tests.SquareExtensionsTests" runstate="Runnable" seed="364115614" result="Passed" start-time="2017-07-31 22:42:38Z" end-time="2017-07-31 22:42:38Z" duration="0.000558" asserts="1" />
          </test-suite>
          <test-suite type="ParameterizedMethod" id="0-1766" name="IsMultipleSquaresSouthWestOf_ReturnsTrue" fullname="ChessWithTDD.Tests.SquareExtensionsTests.IsMultipleSquaresSouthWestOf_ReturnsTrue" classname="ChessWithTDD.Tests.SquareExtensionsTests" runstate="Runnable" testcasecount="2" result="Passed" start-time="2017-07-31 22:42:38Z" end-time="2017-07-31 22:42:38Z" duration="0.007532" total="2" passed="2" failed="0" warnings="0" inconclusive="0" skipped="0" asserts="2">
            <test-case id="0-1764" name="IsMultipleSquaresSouthWestOf_ReturnsTrue(4,4,6,6)" fullname="ChessWithTDD.Tests.SquareExtensionsTests.IsMultipleSquaresSouthWestOf_ReturnsTrue(4,4,6,6)" methodname="IsMultipleSquaresSouthWestOf_ReturnsTrue" classname="ChessWithTDD.Tests.SquareExtensionsTests" runstate="Runnable" seed="1032890455" result="Passed" start-time="2017-07-31 22:42:38Z" end-time="2017-07-31 22:42:38Z" duration="0.000771" asserts="1" />
            <test-case id="0-1765" name="IsMultipleSquaresSouthWestOf_ReturnsTrue(2,0,5,3)" fullname="ChessWithTDD.Tests.SquareExtensionsTests.IsMultipleSquaresSouthWestOf_ReturnsTrue(2,0,5,3)" methodname="IsMultipleSquaresSouthWestOf_ReturnsTrue" classname="ChessWithTDD.Tests.SquareExtensionsTests" runstate="Runnable" seed="1037235671" result="Passed" start-time="2017-07-31 22:42:38Z" end-time="2017-07-31 22:42:38Z" duration="0.000606" asserts="1" />
          </test-suite>
          <test-suite type="ParameterizedMethod" id="0-1751" name="IsMultipleSquaresWestWestOf_ReturnsFalse" fullname="ChessWithTDD.Tests.SquareExtensionsTests.IsMultipleSquaresWestWestOf_ReturnsFalse" classname="ChessWithTDD.Tests.SquareExtensionsTests" runstate="Runnable" testcasecount="2" result="Passed" start-time="2017-07-31 22:42:38Z" end-time="2017-07-31 22:42:38Z" duration="0.007547" total="2" passed="2" failed="0" warnings="0" inconclusive="0" skipped="0" asserts="2">
            <test-case id="0-1749" name="IsMultipleSquaresWestWestOf_ReturnsFalse(4,4,4,5)" fullname="ChessWithTDD.Tests.SquareExtensionsTests.IsMultipleSquaresWestWestOf_ReturnsFalse(4,4,4,5)" methodname="IsMultipleSquaresWestWestOf_ReturnsFalse" classname="ChessWithTDD.Tests.SquareExtensionsTests" runstate="Runnable" seed="735045219" result="Passed" start-time="2017-07-31 22:42:38Z" end-time="2017-07-31 22:42:38Z" duration="0.001093" asserts="1" />
            <test-case id="0-1750" name="IsMultipleSquaresWestWestOf_ReturnsFalse(6,0,7,6)" fullname="ChessWithTDD.Tests.SquareExtensionsTests.IsMultipleSquaresWestWestOf_ReturnsFalse(6,0,7,6)" methodname="IsMultipleSquaresWestWestOf_ReturnsFalse" classname="ChessWithTDD.Tests.SquareExtensionsTests" runstate="Runnable" seed="713680543" result="Passed" start-time="2017-07-31 22:42:38Z" end-time="2017-07-31 22:42:38Z" duration="0.000468" asserts="1" />
          </test-suite>
          <test-suite type="ParameterizedMethod" id="0-1748" name="IsMultipleSquaresWestWestOf_ReturnsTrue" fullname="ChessWithTDD.Tests.SquareExtensionsTests.IsMultipleSquaresWestWestOf_ReturnsTrue" classname="ChessWithTDD.Tests.SquareExtensionsTests" runstate="Runnable" testcasecount="2" result="Passed" start-time="2017-07-31 22:42:38Z" end-time="2017-07-31 22:42:38Z" duration="0.007529" total="2" passed="2" failed="0" warnings="0" inconclusive="0" skipped="0" asserts="2">
            <test-case id="0-1746" name="IsMultipleSquaresWestWestOf_ReturnsTrue(4,2,4,5)" fullname="ChessWithTDD.Tests.SquareExtensionsTests.IsMultipleSquaresWestWestOf_ReturnsTrue(4,2,4,5)" methodname="IsMultipleSquaresWestWestOf_ReturnsTrue" classname="ChessWithTDD.Tests.SquareExtensionsTests" runstate="Runnable" seed="893453173" result="Passed" start-time="2017-07-31 22:42:38Z" end-time="2017-07-31 22:42:38Z" duration="0.000771" asserts="1" />
            <test-case id="0-1747" name="IsMultipleSquaresWestWestOf_ReturnsTrue(6,0,6,6)" fullname="ChessWithTDD.Tests.SquareExtensionsTests.IsMultipleSquaresWestWestOf_ReturnsTrue(6,0,6,6)" methodname="IsMultipleSquaresWestWestOf_ReturnsTrue" classname="ChessWithTDD.Tests.SquareExtensionsTests" runstate="Runnable" seed="608103689" result="Passed" start-time="2017-07-31 22:42:38Z" end-time="2017-07-31 22:42:38Z" duration="0.000498" asserts="1" />
          </test-suite>
          <test-suite type="ParameterizedMethod" id="0-1783" name="IsOneSquareDiagonallyAbove_ReturnsFalse" fullname="ChessWithTDD.Tests.SquareExtensionsTests.IsOneSquareDiagonallyAbove_ReturnsFalse" classname="ChessWithTDD.Tests.SquareExtensionsTests" runstate="Runnable" testcasecount="3" result="Passed" start-time="2017-07-31 22:42:38Z" end-time="2017-07-31 22:42:38Z" duration="0.010535" total="3" passed="3" failed="0" warnings="0" inconclusive="0" skipped="0" asserts="3">
            <test-case id="0-1780" name="IsOneSquareDiagonallyAbove_ReturnsFalse(4,4,2,2)" fullname="ChessWithTDD.Tests.SquareExtensionsTests.IsOneSquareDiagonallyAbove_ReturnsFalse(4,4,2,2)" methodname="IsOneSquareDiagonallyAbove_ReturnsFalse" classname="ChessWithTDD.Tests.SquareExtensionsTests" runstate="Runnable" seed="1661064137" result="Passed" start-time="2017-07-31 22:42:38Z" end-time="2017-07-31 22:42:38Z" duration="0.000719" asserts="1" />
            <test-case id="0-1781" name="IsOneSquareDiagonallyAbove_ReturnsFalse(3,2,2,2)" fullname="ChessWithTDD.Tests.SquareExtensionsTests.IsOneSquareDiagonallyAbove_ReturnsFalse(3,2,2,2)" methodname="IsOneSquareDiagonallyAbove_ReturnsFalse" classname="ChessWithTDD.Tests.SquareExtensionsTests" runstate="Runnable" seed="1756289337" result="Passed" start-time="2017-07-31 22:42:38Z" end-time="2017-07-31 22:42:38Z" duration="0.000573" asserts="1" />
            <test-case id="0-1782" name="IsOneSquareDiagonallyAbove_ReturnsFalse(4,5,4,6)" fullname="ChessWithTDD.Tests.SquareExtensionsTests.IsOneSquareDiagonallyAbove_ReturnsFalse(4,5,4,6)" methodname="IsOneSquareDiagonallyAbove_ReturnsFalse" classname="ChessWithTDD.Tests.SquareExtensionsTests" runstate="Runnable" seed="1569397844" result="Passed" start-time="2017-07-31 22:42:38Z" end-time="2017-07-31 22:42:38Z" duration="0.000485" asserts="1" />
          </test-suite>
          <test-suite type="ParameterizedMethod" id="0-1779" name="IsOneSquareDiagonallyAbove_ReturnsTrue" fullname="ChessWithTDD.Tests.SquareExtensionsTests.IsOneSquareDiagonallyAbove_ReturnsTrue" classname="ChessWithTDD.Tests.SquareExtensionsTests" runstate="Runnable" testcasecount="3" result="Passed" start-time="2017-07-31 22:42:38Z" end-time="2017-07-31 22:42:38Z" duration="0.010523" total="3" passed="3" failed="0" warnings="0" inconclusive="0" skipped="0" asserts="3">
            <test-case id="0-1776" name="IsOneSquareDiagonallyAbove_ReturnsTrue(3,3,2,2)" fullname="ChessWithTDD.Tests.SquareExtensionsTests.IsOneSquareDiagonallyAbove_ReturnsTrue(3,3,2,2)" methodname="IsOneSquareDiagonallyAbove_ReturnsTrue" classname="ChessWithTDD.Tests.SquareExtensionsTests" runstate="Runnable" seed="1151960827" result="Passed" start-time="2017-07-31 22:42:38Z" end-time="2017-07-31 22:42:38Z" duration="0.000851" asserts="1" />
            <test-case id="0-1777" name="IsOneSquareDiagonallyAbove_ReturnsTrue(3,1,2,2)" fullname="ChessWithTDD.Tests.SquareExtensionsTests.IsOneSquareDiagonallyAbove_ReturnsTrue(3,1,2,2)" methodname="IsOneSquareDiagonallyAbove_ReturnsTrue" classname="ChessWithTDD.Tests.SquareExtensionsTests" runstate="Runnable" seed="275041420" result="Passed" start-time="2017-07-31 22:42:38Z" end-time="2017-07-31 22:42:38Z" duration="0.000519" asserts="1" />
            <test-case id="0-1778" name="IsOneSquareDiagonallyAbove_ReturnsTrue(4,5,3,4)" fullname="ChessWithTDD.Tests.SquareExtensionsTests.IsOneSquareDiagonallyAbove_ReturnsTrue(4,5,3,4)" methodname="IsOneSquareDiagonallyAbove_ReturnsTrue" classname="ChessWithTDD.Tests.SquareExtensionsTests" runstate="Runnable" seed="306986235" result="Passed" start-time="2017-07-31 22:42:38Z" end-time="2017-07-31 22:42:38Z" duration="0.000537" asserts="1" />
          </test-suite>
          <test-suite type="ParameterizedMethod" id="0-1791" name="IsOneSquareDiagonallyBelow_ReturnsFalse" fullname="ChessWithTDD.Tests.SquareExtensionsTests.IsOneSquareDiagonallyBelow_ReturnsFalse" classname="ChessWithTDD.Tests.SquareExtensionsTests" runstate="Runnable" testcasecount="3" result="Passed" start-time="2017-07-31 22:42:38Z" end-time="2017-07-31 22:42:38Z" duration="0.010495" total="3" passed="3" failed="0" warnings="0" inconclusive="0" skipped="0" asserts="3">
            <test-case id="0-1788" name="IsOneSquareDiagonallyBelow_ReturnsFalse(0,0,2,2)" fullname="ChessWithTDD.Tests.SquareExtensionsTests.IsOneSquareDiagonallyBelow_ReturnsFalse(0,0,2,2)" methodname="IsOneSquareDiagonallyBelow_ReturnsFalse" classname="ChessWithTDD.Tests.SquareExtensionsTests" runstate="Runnable" seed="1432621334" result="Passed" start-time="2017-07-31 22:42:38Z" end-time="2017-07-31 22:42:38Z" duration="0.000892" asserts="1" />
            <test-case id="0-1789" name="IsOneSquareDiagonallyBelow_ReturnsFalse(1,3,2,3)" fullname="ChessWithTDD.Tests.SquareExtensionsTests.IsOneSquareDiagonallyBelow_ReturnsFalse(1,3,2,3)" methodname="IsOneSquareDiagonallyBelow_ReturnsFalse" classname="ChessWithTDD.Tests.SquareExtensionsTests" runstate="Runnable" seed="753368006" result="Passed" start-time="2017-07-31 22:42:38Z" end-time="2017-07-31 22:42:38Z" duration="0.000591" asserts="1" />
            <test-case id="0-1790" name="IsOneSquareDiagonallyBelow_ReturnsFalse(2,5,2,4)" fullname="ChessWithTDD.Tests.SquareExtensionsTests.IsOneSquareDiagonallyBelow_ReturnsFalse(2,5,2,4)" methodname="IsOneSquareDiagonallyBelow_ReturnsFalse" classname="ChessWithTDD.Tests.SquareExtensionsTests" runstate="Runnable" seed="793401523" result="Passed" start-time="2017-07-31 22:42:38Z" end-time="2017-07-31 22:42:38Z" duration="0.000546" asserts="1" />
          </test-suite>
          <test-suite type="ParameterizedMethod" id="0-1787" name="IsOneSquareDiagonallyBelow_ReturnsTrue" fullname="ChessWithTDD.Tests.SquareExtensionsTests.IsOneSquareDiagonallyBelow_ReturnsTrue" classname="ChessWithTDD.Tests.SquareExtensionsTests" runstate="Runnable" testcasecount="3" result="Passed" start-time="2017-07-31 22:42:38Z" end-time="2017-07-31 22:42:38Z" duration="0.010998" total="3" passed="3" failed="0" warnings="0" inconclusive="0" skipped="0" asserts="3">
            <test-case id="0-1784" name="IsOneSquareDiagonallyBelow_ReturnsTrue(1,1,2,2)" fullname="ChessWithTDD.Tests.SquareExtensionsTests.IsOneSquareDiagonallyBelow_ReturnsTrue(1,1,2,2)" methodname="IsOneSquareDiagonallyBelow_ReturnsTrue" classname="ChessWithTDD.Tests.SquareExtensionsTests" runstate="Runnable" seed="1849257984" result="Passed" start-time="2017-07-31 22:42:38Z" end-time="2017-07-31 22:42:38Z" duration="0.000770" asserts="1" />
            <test-case id="0-1785" name="IsOneSquareDiagonallyBelow_ReturnsTrue(1,3,2,2)" fullname="ChessWithTDD.Tests.SquareExtensionsTests.IsOneSquareDiagonallyBelow_ReturnsTrue(1,3,2,2)" methodname="IsOneSquareDiagonallyBelow_ReturnsTrue" classname="ChessWithTDD.Tests.SquareExtensionsTests" runstate="Runnable" seed="1793468679" result="Passed" start-time="2017-07-31 22:42:38Z" end-time="2017-07-31 22:42:38Z" duration="0.000522" asserts="1" />
            <test-case id="0-1786" name="IsOneSquareDiagonallyBelow_ReturnsTrue(2,5,3,4)" fullname="ChessWithTDD.Tests.SquareExtensionsTests.IsOneSquareDiagonallyBelow_ReturnsTrue(2,5,3,4)" methodname="IsOneSquareDiagonallyBelow_ReturnsTrue" classname="ChessWithTDD.Tests.SquareExtensionsTests" runstate="Runnable" seed="824114749" result="Passed" start-time="2017-07-31 22:42:38Z" end-time="2017-07-31 22:42:38Z" duration="0.000522" asserts="1" />
          </test-suite>
        </test-suite>
        <test-suite type="TestFixture" id="0-1865" name="SquareTests" fullname="ChessWithTDD.Tests.SquareTests" classname="ChessWithTDD.Tests.SquareTests" runstate="Runnable" testcasecount="3" result="Passed" start-time="2017-07-31 22:42:38Z" end-time="2017-07-31 22:42:38Z" duration="0.009967" total="3" passed="3" failed="0" warnings="0" inconclusive="0" skipped="0" asserts="4">
          <test-case id="0-1867" name="SquareContainsPieceAfterCallingAddPiece" fullname="ChessWithTDD.Tests.SquareTests.SquareContainsPieceAfterCallingAddPiece" methodname="SquareContainsPieceAfterCallingAddPiece" classname="ChessWithTDD.Tests.SquareTests" runstate="Runnable" seed="1250221419" result="Passed" start-time="2017-07-31 22:42:38Z" end-time="2017-07-31 22:42:38Z" duration="0.000437" asserts="1" />
          <test-case id="0-1866" name="SquareInitialisedHasNoPieceInIt" fullname="ChessWithTDD.Tests.SquareTests.SquareInitialisedHasNoPieceInIt" methodname="SquareInitialisedHasNoPieceInIt" classname="ChessWithTDD.Tests.SquareTests" runstate="Runnable" seed="408695286" result="Passed" start-time="2017-07-31 22:42:38Z" end-time="2017-07-31 22:42:38Z" duration="0.000282" asserts="1" />
          <test-case id="0-1868" name="SquareInitialisedWithRowAndColCorrectly" fullname="ChessWithTDD.Tests.SquareTests.SquareInitialisedWithRowAndColCorrectly" methodname="SquareInitialisedWithRowAndColCorrectly" classname="ChessWithTDD.Tests.SquareTests" runstate="Runnable" seed="1689990224" result="Passed" start-time="2017-07-31 22:42:38Z" end-time="2017-07-31 22:42:38Z" duration="0.000326" asserts="2" />
        </test-suite>
        <test-suite type="TestFixture" id="0-1719" name="StrictServiceLocatorTests" fullname="ChessWithTDD.Tests.StrictServiceLocatorTests" classname="ChessWithTDD.Tests.StrictServiceLocatorTests" runstate="Runnable" testcasecount="7" result="Passed" start-time="2017-07-31 22:42:38Z" end-time="2017-07-31 22:42:38Z" duration="0.027736" total="7" passed="7" failed="0" warnings="0" inconclusive="0" skipped="0" asserts="7">
          <test-case id="0-1720" name="BoardCacheServiceIsImplemented" fullname="ChessWithTDD.Tests.StrictServiceLocatorTests.BoardCacheServiceIsImplemented" methodname="BoardCacheServiceIsImplemented" classname="ChessWithTDD.Tests.StrictServiceLocatorTests" runstate="Runnable" seed="1254243084" result="Passed" start-time="2017-07-31 22:42:38Z" end-time="2017-07-31 22:42:38Z" duration="0.000515" asserts="1" />
          <test-case id="0-1721" name="BoardInitialiserServiceIsImplemented" fullname="ChessWithTDD.Tests.StrictServiceLocatorTests.BoardInitialiserServiceIsImplemented" methodname="BoardInitialiserServiceIsImplemented" classname="ChessWithTDD.Tests.StrictServiceLocatorTests" runstate="Runnable" seed="1973870714" result="Passed" start-time="2017-07-31 22:42:38Z" end-time="2017-07-31 22:42:38Z" duration="0.000514" asserts="1" />
          <test-case id="0-1722" name="CheckManagerServiceIsImplemented" fullname="ChessWithTDD.Tests.StrictServiceLocatorTests.CheckManagerServiceIsImplemented" methodname="CheckManagerServiceIsImplemented" classname="ChessWithTDD.Tests.StrictServiceLocatorTests" runstate="Runnable" seed="1341541834" result="Passed" start-time="2017-07-31 22:42:38Z" end-time="2017-07-31 22:42:38Z" duration="0.000555" asserts="1" />
          <test-case id="0-1725" name="MoveExecutorServiceIsImplemented" fullname="ChessWithTDD.Tests.StrictServiceLocatorTests.MoveExecutorServiceIsImplemented" methodname="MoveExecutorServiceIsImplemented" classname="ChessWithTDD.Tests.StrictServiceLocatorTests" runstate="Runnable" seed="182773994" result="Passed" start-time="2017-07-31 22:42:38Z" end-time="2017-07-31 22:42:38Z" duration="0.000507" asserts="1" />
          <test-case id="0-1726" name="MoveIntoCheckValidatorServiceIsImplemented" fullname="ChessWithTDD.Tests.StrictServiceLocatorTests.MoveIntoCheckValidatorServiceIsImplemented" methodname="MoveIntoCheckValidatorServiceIsImplemented" classname="ChessWithTDD.Tests.StrictServiceLocatorTests" runstate="Runnable" seed="905234535" result="Passed" start-time="2017-07-31 22:42:38Z" end-time="2017-07-31 22:42:38Z" duration="0.000466" asserts="1" />
          <test-case id="0-1723" name="MoveValidatorServiceIsImplemented" fullname="ChessWithTDD.Tests.StrictServiceLocatorTests.MoveValidatorServiceIsImplemented" methodname="MoveValidatorServiceIsImplemented" classname="ChessWithTDD.Tests.StrictServiceLocatorTests" runstate="Runnable" seed="167242486" result="Passed" start-time="2017-07-31 22:42:38Z" end-time="2017-07-31 22:42:38Z" duration="0.000480" asserts="1" />
          <test-case id="0-1724" name="PawnManagerServiceIsImplemented" fullname="ChessWithTDD.Tests.StrictServiceLocatorTests.PawnManagerServiceIsImplemented" methodname="PawnManagerServiceIsImplemented" classname="ChessWithTDD.Tests.StrictServiceLocatorTests" runstate="Runnable" seed="950325208" result="Passed" start-time="2017-07-31 22:42:38Z" end-time="2017-07-31 22:42:38Z" duration="0.000544" asserts="1" />
        </test-suite>
        <test-suite type="TestFixture" id="0-1869" name="WhitePawnTests" fullname="ChessWithTDD.Tests.WhitePawnTests" classname="ChessWithTDD.Tests.WhitePawnTests" runstate="Runnable" testcasecount="21" result="Passed" start-time="2017-07-31 22:42:38Z" end-time="2017-07-31 22:42:38Z" duration="0.118479" total="21" passed="21" failed="0" warnings="0" inconclusive="0" skipped="0" asserts="21">
          <test-suite type="ParameterizedMethod" id="0-1878" name="WhitePawnCanMoveDiagonallyUpTheBoardIfBlackPieceThere" fullname="ChessWithTDD.Tests.WhitePawnTests.WhitePawnCanMoveDiagonallyUpTheBoardIfBlackPieceThere" classname="ChessWithTDD.Tests.WhitePawnTests" runstate="Runnable" testcasecount="2" result="Passed" start-time="2017-07-31 22:42:38Z" end-time="2017-07-31 22:42:38Z" duration="0.010503" total="2" passed="2" failed="0" warnings="0" inconclusive="0" skipped="0" asserts="2">
            <test-case id="0-1876" name="WhitePawnCanMoveDiagonallyUpTheBoardIfBlackPieceThere(4,4,5,5)" fullname="ChessWithTDD.Tests.WhitePawnTests.WhitePawnCanMoveDiagonallyUpTheBoardIfBlackPieceThere(4,4,5,5)" methodname="WhitePawnCanMoveDiagonallyUpTheBoardIfBlackPieceThere" classname="ChessWithTDD.Tests.WhitePawnTests" runstate="Runnable" seed="440234362" result="Passed" start-time="2017-07-31 22:42:38Z" end-time="2017-07-31 22:42:38Z" duration="0.002013" asserts="1" />
            <test-case id="0-1877" name="WhitePawnCanMoveDiagonallyUpTheBoardIfBlackPieceThere(4,4,5,3)" fullname="ChessWithTDD.Tests.WhitePawnTests.WhitePawnCanMoveDiagonallyUpTheBoardIfBlackPieceThere(4,4,5,3)" methodname="WhitePawnCanMoveDiagonallyUpTheBoardIfBlackPieceThere" classname="ChessWithTDD.Tests.WhitePawnTests" runstate="Runnable" seed="493268623" result="Passed" start-time="2017-07-31 22:42:38Z" end-time="2017-07-31 22:42:38Z" duration="0.001055" asserts="1" />
          </test-suite>
          <test-suite type="ParameterizedMethod" id="0-1884" name="WhitePawnCanMoveDiagonallyUpwardsToEmptySquareIfToSquareHasEnPassantMark" fullname="ChessWithTDD.Tests.WhitePawnTests.WhitePawnCanMoveDiagonallyUpwardsToEmptySquareIfToSquareHasEnPassantMark" classname="ChessWithTDD.Tests.WhitePawnTests" runstate="Runnable" testcasecount="2" result="Passed" start-time="2017-07-31 22:42:38Z" end-time="2017-07-31 22:42:38Z" duration="0.007560" total="2" passed="2" failed="0" warnings="0" inconclusive="0" skipped="0" asserts="2">
            <test-case id="0-1882" name="WhitePawnCanMoveDiagonallyUpwardsToEmptySquareIfToSquareHasEnPassantMark(4,4,5,5)" fullname="ChessWithTDD.Tests.WhitePawnTests.WhitePawnCanMoveDiagonallyUpwardsToEmptySquareIfToSquareHasEnPassantMark(4,4,5,5)" methodname="WhitePawnCanMoveDiagonallyUpwardsToEmptySquareIfToSquareHasEnPassantMark" classname="ChessWithTDD.Tests.WhitePawnTests" runstate="Runnable" seed="1072113557" result="Passed" start-time="2017-07-31 22:42:38Z" end-time="2017-07-31 22:42:38Z" duration="0.001412" asserts="1" />
            <test-case id="0-1883" name="WhitePawnCanMoveDiagonallyUpwardsToEmptySquareIfToSquareHasEnPassantMark(4,4,5,3)" fullname="ChessWithTDD.Tests.WhitePawnTests.WhitePawnCanMoveDiagonallyUpwardsToEmptySquareIfToSquareHasEnPassantMark(4,4,5,3)" methodname="WhitePawnCanMoveDiagonallyUpwardsToEmptySquareIfToSquareHasEnPassantMark" classname="ChessWithTDD.Tests.WhitePawnTests" runstate="Runnable" seed="976216128" result="Passed" start-time="2017-07-31 22:42:38Z" end-time="2017-07-31 22:42:38Z" duration="0.000913" asserts="1" />
          </test-suite>
          <test-suite type="ParameterizedMethod" id="0-1872" name="WhitePawnCanMoveOneVerticalPositionUpTheBoard" fullname="ChessWithTDD.Tests.WhitePawnTests.WhitePawnCanMoveOneVerticalPositionUpTheBoard" classname="ChessWithTDD.Tests.WhitePawnTests" runstate="Runnable" testcasecount="2" result="Passed" start-time="2017-07-31 22:42:38Z" end-time="2017-07-31 22:42:38Z" duration="0.007515" total="2" passed="2" failed="0" warnings="0" inconclusive="0" skipped="0" asserts="2">
            <test-case id="0-1870" name="WhitePawnCanMoveOneVerticalPositionUpTheBoard(5,2,6,2)" fullname="ChessWithTDD.Tests.WhitePawnTests.WhitePawnCanMoveOneVerticalPositionUpTheBoard(5,2,6,2)" methodname="WhitePawnCanMoveOneVerticalPositionUpTheBoard" classname="ChessWithTDD.Tests.WhitePawnTests" runstate="Runnable" seed="2087399247" result="Passed" start-time="2017-07-31 22:42:38Z" end-time="2017-07-31 22:42:38Z" duration="0.001199" asserts="1" />
            <test-case id="0-1871" name="WhitePawnCanMoveOneVerticalPositionUpTheBoard(3,3,4,3)" fullname="ChessWithTDD.Tests.WhitePawnTests.WhitePawnCanMoveOneVerticalPositionUpTheBoard(3,3,4,3)" methodname="WhitePawnCanMoveOneVerticalPositionUpTheBoard" classname="ChessWithTDD.Tests.WhitePawnTests" runstate="Runnable" seed="735759024" result="Passed" start-time="2017-07-31 22:42:38Z" end-time="2017-07-31 22:42:38Z" duration="0.000777" asserts="1" />
          </test-suite>
          <test-suite type="ParameterizedMethod" id="0-1890" name="WhitePawnCanMoveTwoVerticalSpacesUpTheBoardIfItHasNotMovedBefore" fullname="ChessWithTDD.Tests.WhitePawnTests.WhitePawnCanMoveTwoVerticalSpacesUpTheBoardIfItHasNotMovedBefore" classname="ChessWithTDD.Tests.WhitePawnTests" runstate="Runnable" testcasecount="2" result="Passed" start-time="2017-07-31 22:42:38Z" end-time="2017-07-31 22:42:38Z" duration="0.008293" total="2" passed="2" failed="0" warnings="0" inconclusive="0" skipped="0" asserts="2">
            <test-case id="0-1888" name="WhitePawnCanMoveTwoVerticalSpacesUpTheBoardIfItHasNotMovedBefore(4,4,6,4)" fullname="ChessWithTDD.Tests.WhitePawnTests.WhitePawnCanMoveTwoVerticalSpacesUpTheBoardIfItHasNotMovedBefore(4,4,6,4)" methodname="WhitePawnCanMoveTwoVerticalSpacesUpTheBoardIfItHasNotMovedBefore" classname="ChessWithTDD.Tests.WhitePawnTests" runstate="Runnable" seed="1625242207" result="Passed" start-time="2017-07-31 22:42:38Z" end-time="2017-07-31 22:42:38Z" duration="0.001783" asserts="1" />
            <test-case id="0-1889" name="WhitePawnCanMoveTwoVerticalSpacesUpTheBoardIfItHasNotMovedBefore(2,1,4,1)" fullname="ChessWithTDD.Tests.WhitePawnTests.WhitePawnCanMoveTwoVerticalSpacesUpTheBoardIfItHasNotMovedBefore(2,1,4,1)" methodname="WhitePawnCanMoveTwoVerticalSpacesUpTheBoardIfItHasNotMovedBefore" classname="ChessWithTDD.Tests.WhitePawnTests" runstate="Runnable" seed="1882478078" result="Passed" start-time="2017-07-31 22:42:38Z" end-time="2017-07-31 22:42:38Z" duration="0.000931" asserts="1" />
          </test-suite>
          <test-suite type="ParameterizedMethod" id="0-1881" name="WhitePawnCannotMoveDiagonallyUpTheBoardIfNoPieceThere" fullname="ChessWithTDD.Tests.WhitePawnTests.WhitePawnCannotMoveDiagonallyUpTheBoardIfNoPieceThere" classname="ChessWithTDD.Tests.WhitePawnTests" runstate="Runnable" testcasecount="2" result="Passed" start-time="2017-07-31 22:42:38Z" end-time="2017-07-31 22:42:38Z" duration="0.007552" total="2" passed="2" failed="0" warnings="0" inconclusive="0" skipped="0" asserts="2">
            <test-case id="0-1879" name="WhitePawnCannotMoveDiagonallyUpTheBoardIfNoPieceThere(4,4,5,5)" fullname="ChessWithTDD.Tests.WhitePawnTests.WhitePawnCannotMoveDiagonallyUpTheBoardIfNoPieceThere(4,4,5,5)" methodname="WhitePawnCannotMoveDiagonallyUpTheBoardIfNoPieceThere" classname="ChessWithTDD.Tests.WhitePawnTests" runstate="Runnable" seed="658046423" result="Passed" start-time="2017-07-31 22:42:38Z" end-time="2017-07-31 22:42:38Z" duration="0.001196" asserts="1" />
            <test-case id="0-1880" name="WhitePawnCannotMoveDiagonallyUpTheBoardIfNoPieceThere(4,4,5,3)" fullname="ChessWithTDD.Tests.WhitePawnTests.WhitePawnCannotMoveDiagonallyUpTheBoardIfNoPieceThere(4,4,5,3)" methodname="WhitePawnCannotMoveDiagonallyUpTheBoardIfNoPieceThere" classname="ChessWithTDD.Tests.WhitePawnTests" runstate="Runnable" seed="149755075" result="Passed" start-time="2017-07-31 22:42:38Z" end-time="2017-07-31 22:42:38Z" duration="0.000852" asserts="1" />
          </test-suite>
          <test-suite type="ParameterizedMethod" id="0-1887" name="WhitePawnCannotMoveDiagonallyUpwardsToEmptySquareIfToSquareHasNoEnPassantMark" fullname="ChessWithTDD.Tests.WhitePawnTests.WhitePawnCannotMoveDiagonallyUpwardsToEmptySquareIfToSquareHasNoEnPassantMark" classname="ChessWithTDD.Tests.WhitePawnTests" runstate="Runnable" testcasecount="2" result="Passed" start-time="2017-07-31 22:42:38Z" end-time="2017-07-31 22:42:38Z" duration="0.007479" total="2" passed="2" failed="0" warnings="0" inconclusive="0" skipped="0" asserts="2">
            <test-case id="0-1885" name="WhitePawnCannotMoveDiagonallyUpwardsToEmptySquareIfToSquareHasNoEnPassantMark(4,4,5,5)" fullname="ChessWithTDD.Tests.WhitePawnTests.WhitePawnCannotMoveDiagonallyUpwardsToEmptySquareIfToSquareHasNoEnPassantMark(4,4,5,5)" methodname="WhitePawnCannotMoveDiagonallyUpwardsToEmptySquareIfToSquareHasNoEnPassantMark" classname="ChessWithTDD.Tests.WhitePawnTests" runstate="Runnable" seed="1527458644" result="Passed" start-time="2017-07-31 22:42:38Z" end-time="2017-07-31 22:42:38Z" duration="0.001226" asserts="1" />
            <test-case id="0-1886" name="WhitePawnCannotMoveDiagonallyUpwardsToEmptySquareIfToSquareHasNoEnPassantMark(4,4,5,3)" fullname="ChessWithTDD.Tests.WhitePawnTests.WhitePawnCannotMoveDiagonallyUpwardsToEmptySquareIfToSquareHasNoEnPassantMark(4,4,5,3)" methodname="WhitePawnCannotMoveDiagonallyUpwardsToEmptySquareIfToSquareHasNoEnPassantMark" classname="ChessWithTDD.Tests.WhitePawnTests" runstate="Runnable" seed="1467261871" result="Passed" start-time="2017-07-31 22:42:38Z" end-time="2017-07-31 22:42:38Z" duration="0.000910" asserts="1" />
          </test-suite>
          <test-suite type="ParameterizedMethod" id="0-1899" name="WhitePawnCannotMoveOneHorizontalPositionAcrossTheBoard" fullname="ChessWithTDD.Tests.WhitePawnTests.WhitePawnCannotMoveOneHorizontalPositionAcrossTheBoard" classname="ChessWithTDD.Tests.WhitePawnTests" runstate="Runnable" testcasecount="2" result="Passed" start-time="2017-07-31 22:42:38Z" end-time="2017-07-31 22:42:38Z" duration="0.007591" total="2" passed="2" failed="0" warnings="0" inconclusive="0" skipped="0" asserts="2">
            <test-case id="0-1897" name="WhitePawnCannotMoveOneHorizontalPositionAcrossTheBoard(5,2,5,3)" fullname="ChessWithTDD.Tests.WhitePawnTests.WhitePawnCannotMoveOneHorizontalPositionAcrossTheBoard(5,2,5,3)" methodname="WhitePawnCannotMoveOneHorizontalPositionAcrossTheBoard" classname="ChessWithTDD.Tests.WhitePawnTests" runstate="Runnable" seed="986035899" result="Passed" start-time="2017-07-31 22:42:38Z" end-time="2017-07-31 22:42:38Z" duration="0.001155" asserts="1" />
            <test-case id="0-1898" name="WhitePawnCannotMoveOneHorizontalPositionAcrossTheBoard(3,3,3,2)" fullname="ChessWithTDD.Tests.WhitePawnTests.WhitePawnCannotMoveOneHorizontalPositionAcrossTheBoard(3,3,3,2)" methodname="WhitePawnCannotMoveOneHorizontalPositionAcrossTheBoard" classname="ChessWithTDD.Tests.WhitePawnTests" runstate="Runnable" seed="1964934255" result="Passed" start-time="2017-07-31 22:42:38Z" end-time="2017-07-31 22:42:38Z" duration="0.000827" asserts="1" />
          </test-suite>
          <test-suite type="ParameterizedMethod" id="0-1901" name="WhitePawnCannotMoveOneVerticalPositionDownTheBoard" fullname="ChessWithTDD.Tests.WhitePawnTests.WhitePawnCannotMoveOneVerticalPositionDownTheBoard" classname="ChessWithTDD.Tests.WhitePawnTests" runstate="Runnable" testcasecount="1" result="Passed" start-time="2017-07-31 22:42:38Z" end-time="2017-07-31 22:42:38Z" duration="0.004013" total="1" passed="1" failed="0" warnings="0" inconclusive="0" skipped="0" asserts="1">
            <test-case id="0-1900" name="WhitePawnCannotMoveOneVerticalPositionDownTheBoard(1,1,0,1)" fullname="ChessWithTDD.Tests.WhitePawnTests.WhitePawnCannotMoveOneVerticalPositionDownTheBoard(1,1,0,1)" methodname="WhitePawnCannotMoveOneVerticalPositionDownTheBoard" classname="ChessWithTDD.Tests.WhitePawnTests" runstate="Runnable" seed="1754465244" result="Passed" start-time="2017-07-31 22:42:38Z" end-time="2017-07-31 22:42:38Z" duration="0.001093" asserts="1" />
          </test-suite>
          <test-suite type="ParameterizedMethod" id="0-1875" name="WhitePawnCannotMoveOneVerticalPositionUpTheBoardIfBlackPieceThere" fullname="ChessWithTDD.Tests.WhitePawnTests.WhitePawnCannotMoveOneVerticalPositionUpTheBoardIfBlackPieceThere" classname="ChessWithTDD.Tests.WhitePawnTests" runstate="Runnable" testcasecount="2" result="Passed" start-time="2017-07-31 22:42:38Z" end-time="2017-07-31 22:42:38Z" duration="0.008004" total="2" passed="2" failed="0" warnings="0" inconclusive="0" skipped="0" asserts="2">
            <test-case id="0-1873" name="WhitePawnCannotMoveOneVerticalPositionUpTheBoardIfBlackPieceThere(5,2,6,2)" fullname="ChessWithTDD.Tests.WhitePawnTests.WhitePawnCannotMoveOneVerticalPositionUpTheBoardIfBlackPieceThere(5,2,6,2)" methodname="WhitePawnCannotMoveOneVerticalPositionUpTheBoardIfBlackPieceThere" classname="ChessWithTDD.Tests.WhitePawnTests" runstate="Runnable" seed="1977100015" result="Passed" start-time="2017-07-31 22:42:38Z" end-time="2017-07-31 22:42:38Z" duration="0.001568" asserts="1" />
            <test-case id="0-1874" name="WhitePawnCannotMoveOneVerticalPositionUpTheBoardIfBlackPieceThere(3,3,4,3)" fullname="ChessWithTDD.Tests.WhitePawnTests.WhitePawnCannotMoveOneVerticalPositionUpTheBoardIfBlackPieceThere(3,3,4,3)" methodname="WhitePawnCannotMoveOneVerticalPositionUpTheBoardIfBlackPieceThere" classname="ChessWithTDD.Tests.WhitePawnTests" runstate="Runnable" seed="477111440" result="Passed" start-time="2017-07-31 22:42:38Z" end-time="2017-07-31 22:42:38Z" duration="0.000892" asserts="1" />
          </test-suite>
          <test-suite type="ParameterizedMethod" id="0-1893" name="WhitePawnCannotMoveTwoVerticalSpacesUpTheBoardIfItHasMovedBefore" fullname="ChessWithTDD.Tests.WhitePawnTests.WhitePawnCannotMoveTwoVerticalSpacesUpTheBoardIfItHasMovedBefore" classname="ChessWithTDD.Tests.WhitePawnTests" runstate="Runnable" testcasecount="2" result="Passed" start-time="2017-07-31 22:42:38Z" end-time="2017-07-31 22:42:38Z" duration="0.007564" total="2" passed="2" failed="0" warnings="0" inconclusive="0" skipped="0" asserts="2">
            <test-case id="0-1891" name="WhitePawnCannotMoveTwoVerticalSpacesUpTheBoardIfItHasMovedBefore(4,4,6,4)" fullname="ChessWithTDD.Tests.WhitePawnTests.WhitePawnCannotMoveTwoVerticalSpacesUpTheBoardIfItHasMovedBefore(4,4,6,4)" methodname="WhitePawnCannotMoveTwoVerticalSpacesUpTheBoardIfItHasMovedBefore" classname="ChessWithTDD.Tests.WhitePawnTests" runstate="Runnable" seed="968148987" result="Passed" start-time="2017-07-31 22:42:38Z" end-time="2017-07-31 22:42:38Z" duration="0.001212" asserts="1" />
            <test-case id="0-1892" name="WhitePawnCannotMoveTwoVerticalSpacesUpTheBoardIfItHasMovedBefore(2,1,4,1)" fullname="ChessWithTDD.Tests.WhitePawnTests.WhitePawnCannotMoveTwoVerticalSpacesUpTheBoardIfItHasMovedBefore(2,1,4,1)" methodname="WhitePawnCannotMoveTwoVerticalSpacesUpTheBoardIfItHasMovedBefore" classname="ChessWithTDD.Tests.WhitePawnTests" runstate="Runnable" seed="742167959" result="Passed" start-time="2017-07-31 22:42:38Z" end-time="2017-07-31 22:42:38Z" duration="0.000941" asserts="1" />
          </test-suite>
          <test-suite type="ParameterizedMethod" id="0-1896" name="WhitePawnCannotMoveTwoVerticalSpacesUpTheBoardIfItHasNotMovedButToSquareContainsAPiece" fullname="ChessWithTDD.Tests.WhitePawnTests.WhitePawnCannotMoveTwoVerticalSpacesUpTheBoardIfItHasNotMovedButToSquareContainsAPiece" classname="ChessWithTDD.Tests.WhitePawnTests" runstate="Runnable" testcasecount="2" result="Passed" start-time="2017-07-31 22:42:38Z" end-time="2017-07-31 22:42:38Z" duration="0.007524" total="2" passed="2" failed="0" warnings="0" inconclusive="0" skipped="0" asserts="2">
            <test-case id="0-1894" name="WhitePawnCannotMoveTwoVerticalSpacesUpTheBoardIfItHasNotMovedButToSquareContainsAPiece(4,4,6,4)" fullname="ChessWithTDD.Tests.WhitePawnTests.WhitePawnCannotMoveTwoVerticalSpacesUpTheBoardIfItHasNotMovedButToSquareContainsAPiece(4,4,6,4)" methodname="WhitePawnCannotMoveTwoVerticalSpacesUpTheBoardIfItHasNotMovedButToSquareContainsAPiece" classname="ChessWithTDD.Tests.WhitePawnTests" runstate="Runnable" seed="1491179392" result="Passed" start-time="2017-07-31 22:42:38Z" end-time="2017-07-31 22:42:38Z" duration="0.001307" asserts="1" />
            <test-case id="0-1895" name="WhitePawnCannotMoveTwoVerticalSpacesUpTheBoardIfItHasNotMovedButToSquareContainsAPiece(2,1,4,1)" fullname="ChessWithTDD.Tests.WhitePawnTests.WhitePawnCannotMoveTwoVerticalSpacesUpTheBoardIfItHasNotMovedButToSquareContainsAPiece(2,1,4,1)" methodname="WhitePawnCannotMoveTwoVerticalSpacesUpTheBoardIfItHasNotMovedButToSquareContainsAPiece" classname="ChessWithTDD.Tests.WhitePawnTests" runstate="Runnable" seed="9798782" result="Passed" start-time="2017-07-31 22:42:38Z" end-time="2017-07-31 22:42:38Z" duration="0.000860" asserts="1" />
          </test-suite>
        </test-suite>
      </test-suite>
    </test-suite>
  </test-suite>
</test-run>