<?xml version="1.0" encoding="utf-8" standalone="no"?>
<test-run id="2" testcasecount="540" result="Passed" total="540" passed="540" failed="0" inconclusive="0" skipped="0" asserts="538" engine-version="3.6.1.0" clr-version="4.0.30319.42000" start-time="2017-07-06 22:55:08Z" end-time="2017-07-06 22:55:14Z" duration="6.283302">
  <command-line><![CDATA["C:\Programming\GithubRepos\chess-with-tdd\ChessWithTDD\UnitTestingMetrics\..\..\packages\NUnit.ConsoleRunner.3.6.1\tools\nunit3-console.exe" C:\Programming\GithubRepos\chess-with-tdd\ChessWithTDD\UnitTestingMetrics\..\bin\Debug\ChessWithTDD.dll --work=C:\Programming\GithubRepos\chess-with-tdd\ChessWithTDD\UnitTestingMetrics\.\NUnitResults]]></command-line>
  <test-suite type="Assembly" id="0-1693" name="ChessWithTDD.dll" fullname="C:\Programming\GithubRepos\chess-with-tdd\ChessWithTDD\bin\Debug\ChessWithTDD.dll" runstate="Runnable" testcasecount="540" result="Passed" start-time="2017-07-06 22:55:10Z" end-time="2017-07-06 22:55:14Z" duration="3.948358" total="540" passed="540" failed="0" warnings="0" inconclusive="0" skipped="0" asserts="538">
    <environment framework-version="3.6.0.0" clr-version="4.0.30319.42000" os-version="Microsoft Windows NT 10.0.14393.0" platform="Win32NT" cwd="C:\Programming\GithubRepos\chess-with-tdd\ChessWithTDD\UnitTestingMetrics" machine-name="DESKTOP-KCJFP9V" user="dantb" user-domain="DESKTOP-KCJFP9V" culture="en-GB" uiculture="en-GB" os-architecture="x64" />
    <settings>
      <setting name="DisposeRunners" value="True" />
      <setting name="WorkDirectory" value="C:\Programming\GithubRepos\chess-with-tdd\ChessWithTDD\UnitTestingMetrics\.\NUnitResults" />
      <setting name="ImageRuntimeVersion" value="4.0.30319" />
      <setting name="ImageTargetFrameworkName" value=".NETFramework,Version=v4.5.2" />
      <setting name="ImageRequiresX86" value="False" />
      <setting name="ImageRequiresDefaultAppDomainAssemblyResolver" value="False" />
      <setting name="NumberOfTestWorkers" value="8" />
    </settings>
    <properties>
      <property name="_PID" value="18496" />
      <property name="_APPDOMAIN" value="domain-" />
    </properties>
    <test-suite type="TestSuite" id="0-1694" name="ChessWithTDD" fullname="ChessWithTDD" runstate="Runnable" testcasecount="540" result="Passed" start-time="2017-07-06 22:55:10Z" end-time="2017-07-06 22:55:14Z" duration="3.932515" total="540" passed="540" failed="0" warnings="0" inconclusive="0" skipped="0" asserts="538">
      <test-suite type="TestSuite" id="0-1695" name="Tests" fullname="ChessWithTDD.Tests" runstate="Runnable" testcasecount="540" result="Passed" start-time="2017-07-06 22:55:10Z" end-time="2017-07-06 22:55:14Z" duration="3.929502" total="540" passed="540" failed="0" warnings="0" inconclusive="0" skipped="0" asserts="538">
        <test-suite type="TestFixture" id="0-1215" name="AlgebraicNotationParserTests" fullname="ChessWithTDD.Tests.AlgebraicNotationParserTests" classname="ChessWithTDD.Tests.AlgebraicNotationParserTests" runstate="Runnable" testcasecount="120" result="Passed" start-time="2017-07-06 22:55:10Z" end-time="2017-07-06 22:55:11Z" duration="0.455600" total="120" passed="120" failed="0" warnings="0" inconclusive="0" skipped="0" asserts="120">
          <test-suite type="ParameterizedMethod" id="0-1322" name="NonPawnMoveParse" fullname="ChessWithTDD.Tests.AlgebraicNotationParserTests.NonPawnMoveParse" classname="ChessWithTDD.Tests.AlgebraicNotationParserTests" runstate="Runnable" testcasecount="44" result="Passed" start-time="2017-07-06 22:55:10Z" end-time="2017-07-06 22:55:10Z" duration="0.189460" total="44" passed="44" failed="0" warnings="0" inconclusive="0" skipped="0" asserts="44">
            <test-case id="0-1278" name="NonPawnMoveParse(&quot;Ka2-a4&quot;,ChessWithTDD.Move)" fullname="ChessWithTDD.Tests.AlgebraicNotationParserTests.NonPawnMoveParse(&quot;Ka2-a4&quot;,ChessWithTDD.Move)" methodname="NonPawnMoveParse" classname="ChessWithTDD.Tests.AlgebraicNotationParserTests" runstate="Runnable" seed="1992220986" result="Passed" start-time="2017-07-06 22:55:10Z" end-time="2017-07-06 22:55:10Z" duration="0.033760" asserts="1" />
            <test-case id="0-1279" name="NonPawnMoveParse(&quot;Kb2-b4&quot;,ChessWithTDD.Move)" fullname="ChessWithTDD.Tests.AlgebraicNotationParserTests.NonPawnMoveParse(&quot;Kb2-b4&quot;,ChessWithTDD.Move)" methodname="NonPawnMoveParse" classname="ChessWithTDD.Tests.AlgebraicNotationParserTests" runstate="Runnable" seed="235516211" result="Passed" start-time="2017-07-06 22:55:10Z" end-time="2017-07-06 22:55:10Z" duration="0.000157" asserts="1" />
            <test-case id="0-1280" name="NonPawnMoveParse(&quot;Kc2-c4&quot;,ChessWithTDD.Move)" fullname="ChessWithTDD.Tests.AlgebraicNotationParserTests.NonPawnMoveParse(&quot;Kc2-c4&quot;,ChessWithTDD.Move)" methodname="NonPawnMoveParse" classname="ChessWithTDD.Tests.AlgebraicNotationParserTests" runstate="Runnable" seed="1441314245" result="Passed" start-time="2017-07-06 22:55:10Z" end-time="2017-07-06 22:55:10Z" duration="0.000087" asserts="1" />
            <test-case id="0-1281" name="NonPawnMoveParse(&quot;Kd2-d4&quot;,ChessWithTDD.Move)" fullname="ChessWithTDD.Tests.AlgebraicNotationParserTests.NonPawnMoveParse(&quot;Kd2-d4&quot;,ChessWithTDD.Move)" methodname="NonPawnMoveParse" classname="ChessWithTDD.Tests.AlgebraicNotationParserTests" runstate="Runnable" seed="513344197" result="Passed" start-time="2017-07-06 22:55:10Z" end-time="2017-07-06 22:55:10Z" duration="0.000085" asserts="1" />
            <test-case id="0-1282" name="NonPawnMoveParse(&quot;Ke2-e4&quot;,ChessWithTDD.Move)" fullname="ChessWithTDD.Tests.AlgebraicNotationParserTests.NonPawnMoveParse(&quot;Ke2-e4&quot;,ChessWithTDD.Move)" methodname="NonPawnMoveParse" classname="ChessWithTDD.Tests.AlgebraicNotationParserTests" runstate="Runnable" seed="197944541" result="Passed" start-time="2017-07-06 22:55:10Z" end-time="2017-07-06 22:55:10Z" duration="0.000106" asserts="1" />
            <test-case id="0-1283" name="NonPawnMoveParse(&quot;Kf2-f4&quot;,ChessWithTDD.Move)" fullname="ChessWithTDD.Tests.AlgebraicNotationParserTests.NonPawnMoveParse(&quot;Kf2-f4&quot;,ChessWithTDD.Move)" methodname="NonPawnMoveParse" classname="ChessWithTDD.Tests.AlgebraicNotationParserTests" runstate="Runnable" seed="1206912879" result="Passed" start-time="2017-07-06 22:55:10Z" end-time="2017-07-06 22:55:10Z" duration="0.000145" asserts="1" />
            <test-case id="0-1284" name="NonPawnMoveParse(&quot;Kg2-g4&quot;,ChessWithTDD.Move)" fullname="ChessWithTDD.Tests.AlgebraicNotationParserTests.NonPawnMoveParse(&quot;Kg2-g4&quot;,ChessWithTDD.Move)" methodname="NonPawnMoveParse" classname="ChessWithTDD.Tests.AlgebraicNotationParserTests" runstate="Runnable" seed="785484683" result="Passed" start-time="2017-07-06 22:55:10Z" end-time="2017-07-06 22:55:10Z" duration="0.000084" asserts="1" />
            <test-case id="0-1285" name="NonPawnMoveParse(&quot;Kh2-h4&quot;,ChessWithTDD.Move)" fullname="ChessWithTDD.Tests.AlgebraicNotationParserTests.NonPawnMoveParse(&quot;Kh2-h4&quot;,ChessWithTDD.Move)" methodname="NonPawnMoveParse" classname="ChessWithTDD.Tests.AlgebraicNotationParserTests" runstate="Runnable" seed="1631585994" result="Passed" start-time="2017-07-06 22:55:10Z" end-time="2017-07-06 22:55:10Z" duration="0.000081" asserts="1" />
            <test-case id="0-1286" name="NonPawnMoveParse(&quot;Qa7-a5&quot;,ChessWithTDD.Move)" fullname="ChessWithTDD.Tests.AlgebraicNotationParserTests.NonPawnMoveParse(&quot;Qa7-a5&quot;,ChessWithTDD.Move)" methodname="NonPawnMoveParse" classname="ChessWithTDD.Tests.AlgebraicNotationParserTests" runstate="Runnable" seed="117623550" result="Passed" start-time="2017-07-06 22:55:10Z" end-time="2017-07-06 22:55:10Z" duration="0.000099" asserts="1" />
            <test-case id="0-1287" name="NonPawnMoveParse(&quot;Qb7-b5&quot;,ChessWithTDD.Move)" fullname="ChessWithTDD.Tests.AlgebraicNotationParserTests.NonPawnMoveParse(&quot;Qb7-b5&quot;,ChessWithTDD.Move)" methodname="NonPawnMoveParse" classname="ChessWithTDD.Tests.AlgebraicNotationParserTests" runstate="Runnable" seed="504859711" result="Passed" start-time="2017-07-06 22:55:10Z" end-time="2017-07-06 22:55:10Z" duration="0.000079" asserts="1" />
            <test-case id="0-1288" name="NonPawnMoveParse(&quot;Qc7-c5&quot;,ChessWithTDD.Move)" fullname="ChessWithTDD.Tests.AlgebraicNotationParserTests.NonPawnMoveParse(&quot;Qc7-c5&quot;,ChessWithTDD.Move)" methodname="NonPawnMoveParse" classname="ChessWithTDD.Tests.AlgebraicNotationParserTests" runstate="Runnable" seed="1308139570" result="Passed" start-time="2017-07-06 22:55:10Z" end-time="2017-07-06 22:55:10Z" duration="0.000150" asserts="1" />
            <test-case id="0-1289" name="NonPawnMoveParse(&quot;Qd7-d5&quot;,ChessWithTDD.Move)" fullname="ChessWithTDD.Tests.AlgebraicNotationParserTests.NonPawnMoveParse(&quot;Qd7-d5&quot;,ChessWithTDD.Move)" methodname="NonPawnMoveParse" classname="ChessWithTDD.Tests.AlgebraicNotationParserTests" runstate="Runnable" seed="1434632524" result="Passed" start-time="2017-07-06 22:55:10Z" end-time="2017-07-06 22:55:10Z" duration="0.000111" asserts="1" />
            <test-case id="0-1290" name="NonPawnMoveParse(&quot;Qe7-e5&quot;,ChessWithTDD.Move)" fullname="ChessWithTDD.Tests.AlgebraicNotationParserTests.NonPawnMoveParse(&quot;Qe7-e5&quot;,ChessWithTDD.Move)" methodname="NonPawnMoveParse" classname="ChessWithTDD.Tests.AlgebraicNotationParserTests" runstate="Runnable" seed="309761113" result="Passed" start-time="2017-07-06 22:55:10Z" end-time="2017-07-06 22:55:10Z" duration="0.000143" asserts="1" />
            <test-case id="0-1291" name="NonPawnMoveParse(&quot;Qf7-f5&quot;,ChessWithTDD.Move)" fullname="ChessWithTDD.Tests.AlgebraicNotationParserTests.NonPawnMoveParse(&quot;Qf7-f5&quot;,ChessWithTDD.Move)" methodname="NonPawnMoveParse" classname="ChessWithTDD.Tests.AlgebraicNotationParserTests" runstate="Runnable" seed="905014754" result="Passed" start-time="2017-07-06 22:55:10Z" end-time="2017-07-06 22:55:10Z" duration="0.003491" asserts="1" />
            <test-case id="0-1292" name="NonPawnMoveParse(&quot;Qg7-g5&quot;,ChessWithTDD.Move)" fullname="ChessWithTDD.Tests.AlgebraicNotationParserTests.NonPawnMoveParse(&quot;Qg7-g5&quot;,ChessWithTDD.Move)" methodname="NonPawnMoveParse" classname="ChessWithTDD.Tests.AlgebraicNotationParserTests" runstate="Runnable" seed="1842671397" result="Passed" start-time="2017-07-06 22:55:10Z" end-time="2017-07-06 22:55:10Z" duration="0.000114" asserts="1" />
            <test-case id="0-1293" name="NonPawnMoveParse(&quot;Qh7-h5&quot;,ChessWithTDD.Move)" fullname="ChessWithTDD.Tests.AlgebraicNotationParserTests.NonPawnMoveParse(&quot;Qh7-h5&quot;,ChessWithTDD.Move)" methodname="NonPawnMoveParse" classname="ChessWithTDD.Tests.AlgebraicNotationParserTests" runstate="Runnable" seed="182797459" result="Passed" start-time="2017-07-06 22:55:10Z" end-time="2017-07-06 22:55:10Z" duration="0.000200" asserts="1" />
            <test-case id="0-1294" name="NonPawnMoveParse(&quot;Ra2-a3&quot;,ChessWithTDD.Move)" fullname="ChessWithTDD.Tests.AlgebraicNotationParserTests.NonPawnMoveParse(&quot;Ra2-a3&quot;,ChessWithTDD.Move)" methodname="NonPawnMoveParse" classname="ChessWithTDD.Tests.AlgebraicNotationParserTests" runstate="Runnable" seed="194147925" result="Passed" start-time="2017-07-06 22:55:10Z" end-time="2017-07-06 22:55:10Z" duration="0.000200" asserts="1" />
            <test-case id="0-1295" name="NonPawnMoveParse(&quot;Rb2-b3&quot;,ChessWithTDD.Move)" fullname="ChessWithTDD.Tests.AlgebraicNotationParserTests.NonPawnMoveParse(&quot;Rb2-b3&quot;,ChessWithTDD.Move)" methodname="NonPawnMoveParse" classname="ChessWithTDD.Tests.AlgebraicNotationParserTests" runstate="Runnable" seed="1516449564" result="Passed" start-time="2017-07-06 22:55:10Z" end-time="2017-07-06 22:55:10Z" duration="0.000224" asserts="1" />
            <test-case id="0-1296" name="NonPawnMoveParse(&quot;Rc2-c3&quot;,ChessWithTDD.Move)" fullname="ChessWithTDD.Tests.AlgebraicNotationParserTests.NonPawnMoveParse(&quot;Rc2-c3&quot;,ChessWithTDD.Move)" methodname="NonPawnMoveParse" classname="ChessWithTDD.Tests.AlgebraicNotationParserTests" runstate="Runnable" seed="1319442073" result="Passed" start-time="2017-07-06 22:55:10Z" end-time="2017-07-06 22:55:10Z" duration="0.000206" asserts="1" />
            <test-case id="0-1297" name="NonPawnMoveParse(&quot;Rd2-d3&quot;,ChessWithTDD.Move)" fullname="ChessWithTDD.Tests.AlgebraicNotationParserTests.NonPawnMoveParse(&quot;Rd2-d3&quot;,ChessWithTDD.Move)" methodname="NonPawnMoveParse" classname="ChessWithTDD.Tests.AlgebraicNotationParserTests" runstate="Runnable" seed="1304030898" result="Passed" start-time="2017-07-06 22:55:10Z" end-time="2017-07-06 22:55:10Z" duration="0.000199" asserts="1" />
            <test-case id="0-1298" name="NonPawnMoveParse(&quot;Re2-e3&quot;,ChessWithTDD.Move)" fullname="ChessWithTDD.Tests.AlgebraicNotationParserTests.NonPawnMoveParse(&quot;Re2-e3&quot;,ChessWithTDD.Move)" methodname="NonPawnMoveParse" classname="ChessWithTDD.Tests.AlgebraicNotationParserTests" runstate="Runnable" seed="1492350215" result="Passed" start-time="2017-07-06 22:55:10Z" end-time="2017-07-06 22:55:10Z" duration="0.000213" asserts="1" />
            <test-case id="0-1299" name="NonPawnMoveParse(&quot;Rf2-f3&quot;,ChessWithTDD.Move)" fullname="ChessWithTDD.Tests.AlgebraicNotationParserTests.NonPawnMoveParse(&quot;Rf2-f3&quot;,ChessWithTDD.Move)" methodname="NonPawnMoveParse" classname="ChessWithTDD.Tests.AlgebraicNotationParserTests" runstate="Runnable" seed="940193881" result="Passed" start-time="2017-07-06 22:55:10Z" end-time="2017-07-06 22:55:10Z" duration="0.000204" asserts="1" />
            <test-case id="0-1300" name="NonPawnMoveParse(&quot;Rg2-g3&quot;,ChessWithTDD.Move)" fullname="ChessWithTDD.Tests.AlgebraicNotationParserTests.NonPawnMoveParse(&quot;Rg2-g3&quot;,ChessWithTDD.Move)" methodname="NonPawnMoveParse" classname="ChessWithTDD.Tests.AlgebraicNotationParserTests" runstate="Runnable" seed="1681209710" result="Passed" start-time="2017-07-06 22:55:10Z" end-time="2017-07-06 22:55:10Z" duration="0.000200" asserts="1" />
            <test-case id="0-1301" name="NonPawnMoveParse(&quot;Rh2-h3&quot;,ChessWithTDD.Move)" fullname="ChessWithTDD.Tests.AlgebraicNotationParserTests.NonPawnMoveParse(&quot;Rh2-h3&quot;,ChessWithTDD.Move)" methodname="NonPawnMoveParse" classname="ChessWithTDD.Tests.AlgebraicNotationParserTests" runstate="Runnable" seed="915357665" result="Passed" start-time="2017-07-06 22:55:10Z" end-time="2017-07-06 22:55:10Z" duration="0.000198" asserts="1" />
            <test-case id="0-1302" name="NonPawnMoveParse(&quot;Ba7-a6&quot;,ChessWithTDD.Move)" fullname="ChessWithTDD.Tests.AlgebraicNotationParserTests.NonPawnMoveParse(&quot;Ba7-a6&quot;,ChessWithTDD.Move)" methodname="NonPawnMoveParse" classname="ChessWithTDD.Tests.AlgebraicNotationParserTests" runstate="Runnable" seed="363224156" result="Passed" start-time="2017-07-06 22:55:10Z" end-time="2017-07-06 22:55:10Z" duration="0.000096" asserts="1" />
            <test-case id="0-1303" name="NonPawnMoveParse(&quot;Bb7-b6&quot;,ChessWithTDD.Move)" fullname="ChessWithTDD.Tests.AlgebraicNotationParserTests.NonPawnMoveParse(&quot;Bb7-b6&quot;,ChessWithTDD.Move)" methodname="NonPawnMoveParse" classname="ChessWithTDD.Tests.AlgebraicNotationParserTests" runstate="Runnable" seed="1854369193" result="Passed" start-time="2017-07-06 22:55:10Z" end-time="2017-07-06 22:55:10Z" duration="0.000084" asserts="1" />
            <test-case id="0-1304" name="NonPawnMoveParse(&quot;Bc7-c6&quot;,ChessWithTDD.Move)" fullname="ChessWithTDD.Tests.AlgebraicNotationParserTests.NonPawnMoveParse(&quot;Bc7-c6&quot;,ChessWithTDD.Move)" methodname="NonPawnMoveParse" classname="ChessWithTDD.Tests.AlgebraicNotationParserTests" runstate="Runnable" seed="137047120" result="Passed" start-time="2017-07-06 22:55:10Z" end-time="2017-07-06 22:55:10Z" duration="0.000087" asserts="1" />
            <test-case id="0-1305" name="NonPawnMoveParse(&quot;Bd7-d6&quot;,ChessWithTDD.Move)" fullname="ChessWithTDD.Tests.AlgebraicNotationParserTests.NonPawnMoveParse(&quot;Bd7-d6&quot;,ChessWithTDD.Move)" methodname="NonPawnMoveParse" classname="ChessWithTDD.Tests.AlgebraicNotationParserTests" runstate="Runnable" seed="1099772670" result="Passed" start-time="2017-07-06 22:55:10Z" end-time="2017-07-06 22:55:10Z" duration="0.000153" asserts="1" />
            <test-case id="0-1306" name="NonPawnMoveParse(&quot;Be7-e6&quot;,ChessWithTDD.Move)" fullname="ChessWithTDD.Tests.AlgebraicNotationParserTests.NonPawnMoveParse(&quot;Be7-e6&quot;,ChessWithTDD.Move)" methodname="NonPawnMoveParse" classname="ChessWithTDD.Tests.AlgebraicNotationParserTests" runstate="Runnable" seed="1952380880" result="Passed" start-time="2017-07-06 22:55:10Z" end-time="2017-07-06 22:55:10Z" duration="0.000130" asserts="1" />
            <test-case id="0-1307" name="NonPawnMoveParse(&quot;Bf7-f6&quot;,ChessWithTDD.Move)" fullname="ChessWithTDD.Tests.AlgebraicNotationParserTests.NonPawnMoveParse(&quot;Bf7-f6&quot;,ChessWithTDD.Move)" methodname="NonPawnMoveParse" classname="ChessWithTDD.Tests.AlgebraicNotationParserTests" runstate="Runnable" seed="1102575430" result="Passed" start-time="2017-07-06 22:55:10Z" end-time="2017-07-06 22:55:10Z" duration="0.000120" asserts="1" />
            <test-case id="0-1308" name="NonPawnMoveParse(&quot;Bg7-g6&quot;,ChessWithTDD.Move)" fullname="ChessWithTDD.Tests.AlgebraicNotationParserTests.NonPawnMoveParse(&quot;Bg7-g6&quot;,ChessWithTDD.Move)" methodname="NonPawnMoveParse" classname="ChessWithTDD.Tests.AlgebraicNotationParserTests" runstate="Runnable" seed="756478869" result="Passed" start-time="2017-07-06 22:55:10Z" end-time="2017-07-06 22:55:10Z" duration="0.000120" asserts="1" />
            <test-case id="0-1309" name="NonPawnMoveParse(&quot;Bh7-h6&quot;,ChessWithTDD.Move)" fullname="ChessWithTDD.Tests.AlgebraicNotationParserTests.NonPawnMoveParse(&quot;Bh7-h6&quot;,ChessWithTDD.Move)" methodname="NonPawnMoveParse" classname="ChessWithTDD.Tests.AlgebraicNotationParserTests" runstate="Runnable" seed="1377964924" result="Passed" start-time="2017-07-06 22:55:10Z" end-time="2017-07-06 22:55:10Z" duration="0.000136" asserts="1" />
            <test-case id="0-1310" name="NonPawnMoveParse(&quot;Na2xb3&quot;,ChessWithTDD.Move)" fullname="ChessWithTDD.Tests.AlgebraicNotationParserTests.NonPawnMoveParse(&quot;Na2xb3&quot;,ChessWithTDD.Move)" methodname="NonPawnMoveParse" classname="ChessWithTDD.Tests.AlgebraicNotationParserTests" runstate="Runnable" seed="294757377" result="Passed" start-time="2017-07-06 22:55:10Z" end-time="2017-07-06 22:55:10Z" duration="0.000135" asserts="1" />
            <test-case id="0-1311" name="NonPawnMoveParse(&quot;Nb2xc3&quot;,ChessWithTDD.Move)" fullname="ChessWithTDD.Tests.AlgebraicNotationParserTests.NonPawnMoveParse(&quot;Nb2xc3&quot;,ChessWithTDD.Move)" methodname="NonPawnMoveParse" classname="ChessWithTDD.Tests.AlgebraicNotationParserTests" runstate="Runnable" seed="433599484" result="Passed" start-time="2017-07-06 22:55:10Z" end-time="2017-07-06 22:55:10Z" duration="0.000141" asserts="1" />
            <test-case id="0-1312" name="NonPawnMoveParse(&quot;Nc2xd3&quot;,ChessWithTDD.Move)" fullname="ChessWithTDD.Tests.AlgebraicNotationParserTests.NonPawnMoveParse(&quot;Nc2xd3&quot;,ChessWithTDD.Move)" methodname="NonPawnMoveParse" classname="ChessWithTDD.Tests.AlgebraicNotationParserTests" runstate="Runnable" seed="655378629" result="Passed" start-time="2017-07-06 22:55:10Z" end-time="2017-07-06 22:55:10Z" duration="0.000097" asserts="1" />
            <test-case id="0-1313" name="NonPawnMoveParse(&quot;Nd2xe3&quot;,ChessWithTDD.Move)" fullname="ChessWithTDD.Tests.AlgebraicNotationParserTests.NonPawnMoveParse(&quot;Nd2xe3&quot;,ChessWithTDD.Move)" methodname="NonPawnMoveParse" classname="ChessWithTDD.Tests.AlgebraicNotationParserTests" runstate="Runnable" seed="1403210733" result="Passed" start-time="2017-07-06 22:55:10Z" end-time="2017-07-06 22:55:10Z" duration="0.000126" asserts="1" />
            <test-case id="0-1314" name="NonPawnMoveParse(&quot;Ne2xf3&quot;,ChessWithTDD.Move)" fullname="ChessWithTDD.Tests.AlgebraicNotationParserTests.NonPawnMoveParse(&quot;Ne2xf3&quot;,ChessWithTDD.Move)" methodname="NonPawnMoveParse" classname="ChessWithTDD.Tests.AlgebraicNotationParserTests" runstate="Runnable" seed="1941521879" result="Passed" start-time="2017-07-06 22:55:10Z" end-time="2017-07-06 22:55:10Z" duration="0.000127" asserts="1" />
            <test-case id="0-1315" name="NonPawnMoveParse(&quot;Nf2xg3&quot;,ChessWithTDD.Move)" fullname="ChessWithTDD.Tests.AlgebraicNotationParserTests.NonPawnMoveParse(&quot;Nf2xg3&quot;,ChessWithTDD.Move)" methodname="NonPawnMoveParse" classname="ChessWithTDD.Tests.AlgebraicNotationParserTests" runstate="Runnable" seed="563443446" result="Passed" start-time="2017-07-06 22:55:10Z" end-time="2017-07-06 22:55:10Z" duration="0.000112" asserts="1" />
            <test-case id="0-1316" name="NonPawnMoveParse(&quot;Ng2xh3&quot;,ChessWithTDD.Move)" fullname="ChessWithTDD.Tests.AlgebraicNotationParserTests.NonPawnMoveParse(&quot;Ng2xh3&quot;,ChessWithTDD.Move)" methodname="NonPawnMoveParse" classname="ChessWithTDD.Tests.AlgebraicNotationParserTests" runstate="Runnable" seed="1704579791" result="Passed" start-time="2017-07-06 22:55:10Z" end-time="2017-07-06 22:55:10Z" duration="0.000097" asserts="1" />
            <test-case id="0-1317" name="NonPawnMoveParse(&quot;Nh2xg3&quot;,ChessWithTDD.Move)" fullname="ChessWithTDD.Tests.AlgebraicNotationParserTests.NonPawnMoveParse(&quot;Nh2xg3&quot;,ChessWithTDD.Move)" methodname="NonPawnMoveParse" classname="ChessWithTDD.Tests.AlgebraicNotationParserTests" runstate="Runnable" seed="1789265603" result="Passed" start-time="2017-07-06 22:55:10Z" end-time="2017-07-06 22:55:10Z" duration="0.000117" asserts="1" />
            <test-case id="0-1318" name="NonPawnMoveParse(&quot;Qa2xb3+&quot;,ChessWithTDD.Move)" fullname="ChessWithTDD.Tests.AlgebraicNotationParserTests.NonPawnMoveParse(&quot;Qa2xb3+&quot;,ChessWithTDD.Move)" methodname="NonPawnMoveParse" classname="ChessWithTDD.Tests.AlgebraicNotationParserTests" runstate="Runnable" seed="280527988" result="Passed" start-time="2017-07-06 22:55:10Z" end-time="2017-07-06 22:55:10Z" duration="0.000087" asserts="1" />
            <test-case id="0-1319" name="NonPawnMoveParse(&quot;Kb2xc3#&quot;,ChessWithTDD.Move)" fullname="ChessWithTDD.Tests.AlgebraicNotationParserTests.NonPawnMoveParse(&quot;Kb2xc3#&quot;,ChessWithTDD.Move)" methodname="NonPawnMoveParse" classname="ChessWithTDD.Tests.AlgebraicNotationParserTests" runstate="Runnable" seed="1098006133" result="Passed" start-time="2017-07-06 22:55:10Z" end-time="2017-07-06 22:55:10Z" duration="0.000083" asserts="1" />
            <test-case id="0-1320" name="NonPawnMoveParse(&quot;Ng7-g6+&quot;,ChessWithTDD.Move)" fullname="ChessWithTDD.Tests.AlgebraicNotationParserTests.NonPawnMoveParse(&quot;Ng7-g6+&quot;,ChessWithTDD.Move)" methodname="NonPawnMoveParse" classname="ChessWithTDD.Tests.AlgebraicNotationParserTests" runstate="Runnable" seed="1924579391" result="Passed" start-time="2017-07-06 22:55:10Z" end-time="2017-07-06 22:55:10Z" duration="0.000083" asserts="1" />
            <test-case id="0-1321" name="NonPawnMoveParse(&quot;Bh7-h6#&quot;,ChessWithTDD.Move)" fullname="ChessWithTDD.Tests.AlgebraicNotationParserTests.NonPawnMoveParse(&quot;Bh7-h6#&quot;,ChessWithTDD.Move)" methodname="NonPawnMoveParse" classname="ChessWithTDD.Tests.AlgebraicNotationParserTests" runstate="Runnable" seed="388900000" result="Passed" start-time="2017-07-06 22:55:10Z" end-time="2017-07-06 22:55:10Z" duration="0.000087" asserts="1" />
          </test-suite>
          <test-suite type="ParameterizedMethod" id="0-1339" name="NonPawnMoveParseFails" fullname="ChessWithTDD.Tests.AlgebraicNotationParserTests.NonPawnMoveParseFails" classname="ChessWithTDD.Tests.AlgebraicNotationParserTests" runstate="Runnable" testcasecount="16" result="Passed" start-time="2017-07-06 22:55:10Z" end-time="2017-07-06 22:55:10Z" duration="0.051047" total="16" passed="16" failed="0" warnings="0" inconclusive="0" skipped="0" asserts="16">
            <test-case id="0-1323" name="NonPawnMoveParseFails(&quot;Ka2ga4&quot;)" fullname="ChessWithTDD.Tests.AlgebraicNotationParserTests.NonPawnMoveParseFails(&quot;Ka2ga4&quot;)" methodname="NonPawnMoveParseFails" classname="ChessWithTDD.Tests.AlgebraicNotationParserTests" runstate="Runnable" seed="1484041466" result="Passed" start-time="2017-07-06 22:55:10Z" end-time="2017-07-06 22:55:10Z" duration="0.000337" asserts="1" />
            <test-case id="0-1324" name="NonPawnMoveParseFails(&quot;Bb25b4&quot;)" fullname="ChessWithTDD.Tests.AlgebraicNotationParserTests.NonPawnMoveParseFails(&quot;Bb25b4&quot;)" methodname="NonPawnMoveParseFails" classname="ChessWithTDD.Tests.AlgebraicNotationParserTests" runstate="Runnable" seed="331587786" result="Passed" start-time="2017-07-06 22:55:10Z" end-time="2017-07-06 22:55:10Z" duration="0.000064" asserts="1" />
            <test-case id="0-1325" name="NonPawnMoveParseFails(&quot;Qc26c4&quot;)" fullname="ChessWithTDD.Tests.AlgebraicNotationParserTests.NonPawnMoveParseFails(&quot;Qc26c4&quot;)" methodname="NonPawnMoveParseFails" classname="ChessWithTDD.Tests.AlgebraicNotationParserTests" runstate="Runnable" seed="1293940786" result="Passed" start-time="2017-07-06 22:55:10Z" end-time="2017-07-06 22:55:10Z" duration="0.000093" asserts="1" />
            <test-case id="0-1326" name="NonPawnMoveParseFails(&quot;Nd2ld4&quot;)" fullname="ChessWithTDD.Tests.AlgebraicNotationParserTests.NonPawnMoveParseFails(&quot;Nd2ld4&quot;)" methodname="NonPawnMoveParseFails" classname="ChessWithTDD.Tests.AlgebraicNotationParserTests" runstate="Runnable" seed="464690207" result="Passed" start-time="2017-07-06 22:55:10Z" end-time="2017-07-06 22:55:10Z" duration="0.000077" asserts="1" />
            <test-case id="0-1327" name="NonPawnMoveParseFails(&quot;Re2;e4&quot;)" fullname="ChessWithTDD.Tests.AlgebraicNotationParserTests.NonPawnMoveParseFails(&quot;Re2;e4&quot;)" methodname="NonPawnMoveParseFails" classname="ChessWithTDD.Tests.AlgebraicNotationParserTests" runstate="Runnable" seed="1244610433" result="Passed" start-time="2017-07-06 22:55:10Z" end-time="2017-07-06 22:55:10Z" duration="0.000120" asserts="1" />
            <test-case id="0-1328" name="NonPawnMoveParseFails(&quot;Kf2+f4&quot;)" fullname="ChessWithTDD.Tests.AlgebraicNotationParserTests.NonPawnMoveParseFails(&quot;Kf2+f4&quot;)" methodname="NonPawnMoveParseFails" classname="ChessWithTDD.Tests.AlgebraicNotationParserTests" runstate="Runnable" seed="854968404" result="Passed" start-time="2017-07-06 22:55:10Z" end-time="2017-07-06 22:55:10Z" duration="0.000132" asserts="1" />
            <test-case id="0-1329" name="NonPawnMoveParseFails(&quot;Bg2--g4&quot;)" fullname="ChessWithTDD.Tests.AlgebraicNotationParserTests.NonPawnMoveParseFails(&quot;Bg2--g4&quot;)" methodname="NonPawnMoveParseFails" classname="ChessWithTDD.Tests.AlgebraicNotationParserTests" runstate="Runnable" seed="1432541503" result="Passed" start-time="2017-07-06 22:55:10Z" end-time="2017-07-06 22:55:10Z" duration="0.000069" asserts="1" />
            <test-case id="0-1330" name="NonPawnMoveParseFails(&quot;Qh2=h4&quot;)" fullname="ChessWithTDD.Tests.AlgebraicNotationParserTests.NonPawnMoveParseFails(&quot;Qh2=h4&quot;)" methodname="NonPawnMoveParseFails" classname="ChessWithTDD.Tests.AlgebraicNotationParserTests" runstate="Runnable" seed="1243870333" result="Passed" start-time="2017-07-06 22:55:10Z" end-time="2017-07-06 22:55:10Z" duration="0.000128" asserts="1" />
            <test-case id="0-1331" name="NonPawnMoveParseFails(&quot;Nz2-a4&quot;)" fullname="ChessWithTDD.Tests.AlgebraicNotationParserTests.NonPawnMoveParseFails(&quot;Nz2-a4&quot;)" methodname="NonPawnMoveParseFails" classname="ChessWithTDD.Tests.AlgebraicNotationParserTests" runstate="Runnable" seed="518184340" result="Passed" start-time="2017-07-06 22:55:10Z" end-time="2017-07-06 22:55:10Z" duration="0.000110" asserts="1" />
            <test-case id="0-1332" name="NonPawnMoveParseFails(&quot;Ra2-z4&quot;)" fullname="ChessWithTDD.Tests.AlgebraicNotationParserTests.NonPawnMoveParseFails(&quot;Ra2-z4&quot;)" methodname="NonPawnMoveParseFails" classname="ChessWithTDD.Tests.AlgebraicNotationParserTests" runstate="Runnable" seed="435185425" result="Passed" start-time="2017-07-06 22:55:10Z" end-time="2017-07-06 22:55:10Z" duration="0.000096" asserts="1" />
            <test-case id="0-1333" name="NonPawnMoveParseFails(&quot;Kb9-b4&quot;)" fullname="ChessWithTDD.Tests.AlgebraicNotationParserTests.NonPawnMoveParseFails(&quot;Kb9-b4&quot;)" methodname="NonPawnMoveParseFails" classname="ChessWithTDD.Tests.AlgebraicNotationParserTests" runstate="Runnable" seed="1223337634" result="Passed" start-time="2017-07-06 22:55:10Z" end-time="2017-07-06 22:55:10Z" duration="0.000099" asserts="1" />
            <test-case id="0-1334" name="NonPawnMoveParseFails(&quot;Bc2-c9&quot;)" fullname="ChessWithTDD.Tests.AlgebraicNotationParserTests.NonPawnMoveParseFails(&quot;Bc2-c9&quot;)" methodname="NonPawnMoveParseFails" classname="ChessWithTDD.Tests.AlgebraicNotationParserTests" runstate="Runnable" seed="1885924417" result="Passed" start-time="2017-07-06 22:55:10Z" end-time="2017-07-06 22:55:10Z" duration="0.000114" asserts="1" />
            <test-case id="0-1335" name="NonPawnMoveParseFails(&quot;Qc29-c9&quot;)" fullname="ChessWithTDD.Tests.AlgebraicNotationParserTests.NonPawnMoveParseFails(&quot;Qc29-c9&quot;)" methodname="NonPawnMoveParseFails" classname="ChessWithTDD.Tests.AlgebraicNotationParserTests" runstate="Runnable" seed="860357922" result="Passed" start-time="2017-07-06 22:55:10Z" end-time="2017-07-06 22:55:10Z" duration="0.000076" asserts="1" />
            <test-case id="0-1336" name="NonPawnMoveParseFails(&quot;Nc2-c7x&quot;)" fullname="ChessWithTDD.Tests.AlgebraicNotationParserTests.NonPawnMoveParseFails(&quot;Nc2-c7x&quot;)" methodname="NonPawnMoveParseFails" classname="ChessWithTDD.Tests.AlgebraicNotationParserTests" runstate="Runnable" seed="1304067691" result="Passed" start-time="2017-07-06 22:55:10Z" end-time="2017-07-06 22:55:10Z" duration="0.000138" asserts="1" />
            <test-case id="0-1337" name="NonPawnMoveParseFails(&quot;Re0-e4&quot;)" fullname="ChessWithTDD.Tests.AlgebraicNotationParserTests.NonPawnMoveParseFails(&quot;Re0-e4&quot;)" methodname="NonPawnMoveParseFails" classname="ChessWithTDD.Tests.AlgebraicNotationParserTests" runstate="Runnable" seed="509625002" result="Passed" start-time="2017-07-06 22:55:10Z" end-time="2017-07-06 22:55:10Z" duration="0.000101" asserts="1" />
            <test-case id="0-1338" name="NonPawnMoveParseFails(&quot;Ke4-e0&quot;)" fullname="ChessWithTDD.Tests.AlgebraicNotationParserTests.NonPawnMoveParseFails(&quot;Ke4-e0&quot;)" methodname="NonPawnMoveParseFails" classname="ChessWithTDD.Tests.AlgebraicNotationParserTests" runstate="Runnable" seed="600850005" result="Passed" start-time="2017-07-06 22:55:10Z" end-time="2017-07-06 22:55:10Z" duration="0.000136" asserts="1" />
          </test-suite>
          <test-suite type="ParameterizedMethod" id="0-1260" name="PawnMoveParse" fullname="ChessWithTDD.Tests.AlgebraicNotationParserTests.PawnMoveParse" classname="ChessWithTDD.Tests.AlgebraicNotationParserTests" runstate="Runnable" testcasecount="44" result="Passed" start-time="2017-07-06 22:55:10Z" end-time="2017-07-06 22:55:11Z" duration="0.146521" total="44" passed="44" failed="0" warnings="0" inconclusive="0" skipped="0" asserts="44">
            <test-case id="0-1216" name="PawnMoveParse(&quot;a2-a4&quot;,ChessWithTDD.Move)" fullname="ChessWithTDD.Tests.AlgebraicNotationParserTests.PawnMoveParse(&quot;a2-a4&quot;,ChessWithTDD.Move)" methodname="PawnMoveParse" classname="ChessWithTDD.Tests.AlgebraicNotationParserTests" runstate="Runnable" seed="758049764" result="Passed" start-time="2017-07-06 22:55:10Z" end-time="2017-07-06 22:55:10Z" duration="0.001814" asserts="1" />
            <test-case id="0-1217" name="PawnMoveParse(&quot;b2-b4&quot;,ChessWithTDD.Move)" fullname="ChessWithTDD.Tests.AlgebraicNotationParserTests.PawnMoveParse(&quot;b2-b4&quot;,ChessWithTDD.Move)" methodname="PawnMoveParse" classname="ChessWithTDD.Tests.AlgebraicNotationParserTests" runstate="Runnable" seed="911765094" result="Passed" start-time="2017-07-06 22:55:10Z" end-time="2017-07-06 22:55:10Z" duration="0.000142" asserts="1" />
            <test-case id="0-1218" name="PawnMoveParse(&quot;c2-c4&quot;,ChessWithTDD.Move)" fullname="ChessWithTDD.Tests.AlgebraicNotationParserTests.PawnMoveParse(&quot;c2-c4&quot;,ChessWithTDD.Move)" methodname="PawnMoveParse" classname="ChessWithTDD.Tests.AlgebraicNotationParserTests" runstate="Runnable" seed="550481024" result="Passed" start-time="2017-07-06 22:55:10Z" end-time="2017-07-06 22:55:10Z" duration="0.000097" asserts="1" />
            <test-case id="0-1219" name="PawnMoveParse(&quot;d2-d4&quot;,ChessWithTDD.Move)" fullname="ChessWithTDD.Tests.AlgebraicNotationParserTests.PawnMoveParse(&quot;d2-d4&quot;,ChessWithTDD.Move)" methodname="PawnMoveParse" classname="ChessWithTDD.Tests.AlgebraicNotationParserTests" runstate="Runnable" seed="535949768" result="Passed" start-time="2017-07-06 22:55:10Z" end-time="2017-07-06 22:55:10Z" duration="0.000138" asserts="1" />
            <test-case id="0-1220" name="PawnMoveParse(&quot;e2-e4&quot;,ChessWithTDD.Move)" fullname="ChessWithTDD.Tests.AlgebraicNotationParserTests.PawnMoveParse(&quot;e2-e4&quot;,ChessWithTDD.Move)" methodname="PawnMoveParse" classname="ChessWithTDD.Tests.AlgebraicNotationParserTests" runstate="Runnable" seed="1579854849" result="Passed" start-time="2017-07-06 22:55:10Z" end-time="2017-07-06 22:55:10Z" duration="0.000097" asserts="1" />
            <test-case id="0-1221" name="PawnMoveParse(&quot;f2-f4&quot;,ChessWithTDD.Move)" fullname="ChessWithTDD.Tests.AlgebraicNotationParserTests.PawnMoveParse(&quot;f2-f4&quot;,ChessWithTDD.Move)" methodname="PawnMoveParse" classname="ChessWithTDD.Tests.AlgebraicNotationParserTests" runstate="Runnable" seed="69118500" result="Passed" start-time="2017-07-06 22:55:10Z" end-time="2017-07-06 22:55:10Z" duration="0.000081" asserts="1" />
            <test-case id="0-1222" name="PawnMoveParse(&quot;g2-g4&quot;,ChessWithTDD.Move)" fullname="ChessWithTDD.Tests.AlgebraicNotationParserTests.PawnMoveParse(&quot;g2-g4&quot;,ChessWithTDD.Move)" methodname="PawnMoveParse" classname="ChessWithTDD.Tests.AlgebraicNotationParserTests" runstate="Runnable" seed="1567159841" result="Passed" start-time="2017-07-06 22:55:10Z" end-time="2017-07-06 22:55:10Z" duration="0.000086" asserts="1" />
            <test-case id="0-1223" name="PawnMoveParse(&quot;h2-h4&quot;,ChessWithTDD.Move)" fullname="ChessWithTDD.Tests.AlgebraicNotationParserTests.PawnMoveParse(&quot;h2-h4&quot;,ChessWithTDD.Move)" methodname="PawnMoveParse" classname="ChessWithTDD.Tests.AlgebraicNotationParserTests" runstate="Runnable" seed="2146438447" result="Passed" start-time="2017-07-06 22:55:10Z" end-time="2017-07-06 22:55:10Z" duration="0.000084" asserts="1" />
            <test-case id="0-1224" name="PawnMoveParse(&quot;a7-a5&quot;,ChessWithTDD.Move)" fullname="ChessWithTDD.Tests.AlgebraicNotationParserTests.PawnMoveParse(&quot;a7-a5&quot;,ChessWithTDD.Move)" methodname="PawnMoveParse" classname="ChessWithTDD.Tests.AlgebraicNotationParserTests" runstate="Runnable" seed="1313025070" result="Passed" start-time="2017-07-06 22:55:10Z" end-time="2017-07-06 22:55:10Z" duration="0.000109" asserts="1" />
            <test-case id="0-1225" name="PawnMoveParse(&quot;b7-b5&quot;,ChessWithTDD.Move)" fullname="ChessWithTDD.Tests.AlgebraicNotationParserTests.PawnMoveParse(&quot;b7-b5&quot;,ChessWithTDD.Move)" methodname="PawnMoveParse" classname="ChessWithTDD.Tests.AlgebraicNotationParserTests" runstate="Runnable" seed="748865587" result="Passed" start-time="2017-07-06 22:55:10Z" end-time="2017-07-06 22:55:10Z" duration="0.000115" asserts="1" />
            <test-case id="0-1226" name="PawnMoveParse(&quot;c7-c5&quot;,ChessWithTDD.Move)" fullname="ChessWithTDD.Tests.AlgebraicNotationParserTests.PawnMoveParse(&quot;c7-c5&quot;,ChessWithTDD.Move)" methodname="PawnMoveParse" classname="ChessWithTDD.Tests.AlgebraicNotationParserTests" runstate="Runnable" seed="543652312" result="Passed" start-time="2017-07-06 22:55:10Z" end-time="2017-07-06 22:55:10Z" duration="0.000099" asserts="1" />
            <test-case id="0-1227" name="PawnMoveParse(&quot;d7-d5&quot;,ChessWithTDD.Move)" fullname="ChessWithTDD.Tests.AlgebraicNotationParserTests.PawnMoveParse(&quot;d7-d5&quot;,ChessWithTDD.Move)" methodname="PawnMoveParse" classname="ChessWithTDD.Tests.AlgebraicNotationParserTests" runstate="Runnable" seed="2049155181" result="Passed" start-time="2017-07-06 22:55:10Z" end-time="2017-07-06 22:55:10Z" duration="0.000109" asserts="1" />
            <test-case id="0-1228" name="PawnMoveParse(&quot;e7-e5&quot;,ChessWithTDD.Move)" fullname="ChessWithTDD.Tests.AlgebraicNotationParserTests.PawnMoveParse(&quot;e7-e5&quot;,ChessWithTDD.Move)" methodname="PawnMoveParse" classname="ChessWithTDD.Tests.AlgebraicNotationParserTests" runstate="Runnable" seed="714091943" result="Passed" start-time="2017-07-06 22:55:10Z" end-time="2017-07-06 22:55:10Z" duration="0.000106" asserts="1" />
            <test-case id="0-1229" name="PawnMoveParse(&quot;f7-f5&quot;,ChessWithTDD.Move)" fullname="ChessWithTDD.Tests.AlgebraicNotationParserTests.PawnMoveParse(&quot;f7-f5&quot;,ChessWithTDD.Move)" methodname="PawnMoveParse" classname="ChessWithTDD.Tests.AlgebraicNotationParserTests" runstate="Runnable" seed="863867865" result="Passed" start-time="2017-07-06 22:55:10Z" end-time="2017-07-06 22:55:10Z" duration="0.000112" asserts="1" />
            <test-case id="0-1230" name="PawnMoveParse(&quot;g7-g5&quot;,ChessWithTDD.Move)" fullname="ChessWithTDD.Tests.AlgebraicNotationParserTests.PawnMoveParse(&quot;g7-g5&quot;,ChessWithTDD.Move)" methodname="PawnMoveParse" classname="ChessWithTDD.Tests.AlgebraicNotationParserTests" runstate="Runnable" seed="1710851443" result="Passed" start-time="2017-07-06 22:55:10Z" end-time="2017-07-06 22:55:10Z" duration="0.000096" asserts="1" />
            <test-case id="0-1231" name="PawnMoveParse(&quot;h7-h5&quot;,ChessWithTDD.Move)" fullname="ChessWithTDD.Tests.AlgebraicNotationParserTests.PawnMoveParse(&quot;h7-h5&quot;,ChessWithTDD.Move)" methodname="PawnMoveParse" classname="ChessWithTDD.Tests.AlgebraicNotationParserTests" runstate="Runnable" seed="980835431" result="Passed" start-time="2017-07-06 22:55:10Z" end-time="2017-07-06 22:55:10Z" duration="0.000136" asserts="1" />
            <test-case id="0-1232" name="PawnMoveParse(&quot;a2-a3&quot;,ChessWithTDD.Move)" fullname="ChessWithTDD.Tests.AlgebraicNotationParserTests.PawnMoveParse(&quot;a2-a3&quot;,ChessWithTDD.Move)" methodname="PawnMoveParse" classname="ChessWithTDD.Tests.AlgebraicNotationParserTests" runstate="Runnable" seed="1639345536" result="Passed" start-time="2017-07-06 22:55:10Z" end-time="2017-07-06 22:55:10Z" duration="0.000152" asserts="1" />
            <test-case id="0-1233" name="PawnMoveParse(&quot;b2-b3&quot;,ChessWithTDD.Move)" fullname="ChessWithTDD.Tests.AlgebraicNotationParserTests.PawnMoveParse(&quot;b2-b3&quot;,ChessWithTDD.Move)" methodname="PawnMoveParse" classname="ChessWithTDD.Tests.AlgebraicNotationParserTests" runstate="Runnable" seed="1805448364" result="Passed" start-time="2017-07-06 22:55:10Z" end-time="2017-07-06 22:55:10Z" duration="0.000148" asserts="1" />
            <test-case id="0-1234" name="PawnMoveParse(&quot;c2-c3&quot;,ChessWithTDD.Move)" fullname="ChessWithTDD.Tests.AlgebraicNotationParserTests.PawnMoveParse(&quot;c2-c3&quot;,ChessWithTDD.Move)" methodname="PawnMoveParse" classname="ChessWithTDD.Tests.AlgebraicNotationParserTests" runstate="Runnable" seed="2061180809" result="Passed" start-time="2017-07-06 22:55:10Z" end-time="2017-07-06 22:55:10Z" duration="0.000148" asserts="1" />
            <test-case id="0-1235" name="PawnMoveParse(&quot;d2-d3&quot;,ChessWithTDD.Move)" fullname="ChessWithTDD.Tests.AlgebraicNotationParserTests.PawnMoveParse(&quot;d2-d3&quot;,ChessWithTDD.Move)" methodname="PawnMoveParse" classname="ChessWithTDD.Tests.AlgebraicNotationParserTests" runstate="Runnable" seed="742754261" result="Passed" start-time="2017-07-06 22:55:10Z" end-time="2017-07-06 22:55:10Z" duration="0.000113" asserts="1" />
            <test-case id="0-1236" name="PawnMoveParse(&quot;e2-e3&quot;,ChessWithTDD.Move)" fullname="ChessWithTDD.Tests.AlgebraicNotationParserTests.PawnMoveParse(&quot;e2-e3&quot;,ChessWithTDD.Move)" methodname="PawnMoveParse" classname="ChessWithTDD.Tests.AlgebraicNotationParserTests" runstate="Runnable" seed="1571759982" result="Passed" start-time="2017-07-06 22:55:10Z" end-time="2017-07-06 22:55:10Z" duration="0.000110" asserts="1" />
            <test-case id="0-1237" name="PawnMoveParse(&quot;f2-f3&quot;,ChessWithTDD.Move)" fullname="ChessWithTDD.Tests.AlgebraicNotationParserTests.PawnMoveParse(&quot;f2-f3&quot;,ChessWithTDD.Move)" methodname="PawnMoveParse" classname="ChessWithTDD.Tests.AlgebraicNotationParserTests" runstate="Runnable" seed="1085958625" result="Passed" start-time="2017-07-06 22:55:10Z" end-time="2017-07-06 22:55:10Z" duration="0.000099" asserts="1" />
            <test-case id="0-1238" name="PawnMoveParse(&quot;g2-g3&quot;,ChessWithTDD.Move)" fullname="ChessWithTDD.Tests.AlgebraicNotationParserTests.PawnMoveParse(&quot;g2-g3&quot;,ChessWithTDD.Move)" methodname="PawnMoveParse" classname="ChessWithTDD.Tests.AlgebraicNotationParserTests" runstate="Runnable" seed="610355498" result="Passed" start-time="2017-07-06 22:55:10Z" end-time="2017-07-06 22:55:10Z" duration="0.000138" asserts="1" />
            <test-case id="0-1239" name="PawnMoveParse(&quot;h2-h3&quot;,ChessWithTDD.Move)" fullname="ChessWithTDD.Tests.AlgebraicNotationParserTests.PawnMoveParse(&quot;h2-h3&quot;,ChessWithTDD.Move)" methodname="PawnMoveParse" classname="ChessWithTDD.Tests.AlgebraicNotationParserTests" runstate="Runnable" seed="333542216" result="Passed" start-time="2017-07-06 22:55:10Z" end-time="2017-07-06 22:55:10Z" duration="0.000135" asserts="1" />
            <test-case id="0-1240" name="PawnMoveParse(&quot;a7-a6&quot;,ChessWithTDD.Move)" fullname="ChessWithTDD.Tests.AlgebraicNotationParserTests.PawnMoveParse(&quot;a7-a6&quot;,ChessWithTDD.Move)" methodname="PawnMoveParse" classname="ChessWithTDD.Tests.AlgebraicNotationParserTests" runstate="Runnable" seed="1597012459" result="Passed" start-time="2017-07-06 22:55:10Z" end-time="2017-07-06 22:55:10Z" duration="0.000161" asserts="1" />
            <test-case id="0-1241" name="PawnMoveParse(&quot;b7-b6&quot;,ChessWithTDD.Move)" fullname="ChessWithTDD.Tests.AlgebraicNotationParserTests.PawnMoveParse(&quot;b7-b6&quot;,ChessWithTDD.Move)" methodname="PawnMoveParse" classname="ChessWithTDD.Tests.AlgebraicNotationParserTests" runstate="Runnable" seed="335547619" result="Passed" start-time="2017-07-06 22:55:10Z" end-time="2017-07-06 22:55:10Z" duration="0.000098" asserts="1" />
            <test-case id="0-1242" name="PawnMoveParse(&quot;c7-c6&quot;,ChessWithTDD.Move)" fullname="ChessWithTDD.Tests.AlgebraicNotationParserTests.PawnMoveParse(&quot;c7-c6&quot;,ChessWithTDD.Move)" methodname="PawnMoveParse" classname="ChessWithTDD.Tests.AlgebraicNotationParserTests" runstate="Runnable" seed="956612433" result="Passed" start-time="2017-07-06 22:55:10Z" end-time="2017-07-06 22:55:10Z" duration="0.000090" asserts="1" />
            <test-case id="0-1243" name="PawnMoveParse(&quot;d7-d6&quot;,ChessWithTDD.Move)" fullname="ChessWithTDD.Tests.AlgebraicNotationParserTests.PawnMoveParse(&quot;d7-d6&quot;,ChessWithTDD.Move)" methodname="PawnMoveParse" classname="ChessWithTDD.Tests.AlgebraicNotationParserTests" runstate="Runnable" seed="1366416993" result="Passed" start-time="2017-07-06 22:55:10Z" end-time="2017-07-06 22:55:10Z" duration="0.000084" asserts="1" />
            <test-case id="0-1244" name="PawnMoveParse(&quot;e7-e6&quot;,ChessWithTDD.Move)" fullname="ChessWithTDD.Tests.AlgebraicNotationParserTests.PawnMoveParse(&quot;e7-e6&quot;,ChessWithTDD.Move)" methodname="PawnMoveParse" classname="ChessWithTDD.Tests.AlgebraicNotationParserTests" runstate="Runnable" seed="1587851414" result="Passed" start-time="2017-07-06 22:55:10Z" end-time="2017-07-06 22:55:10Z" duration="0.000091" asserts="1" />
            <test-case id="0-1245" name="PawnMoveParse(&quot;f7-f6&quot;,ChessWithTDD.Move)" fullname="ChessWithTDD.Tests.AlgebraicNotationParserTests.PawnMoveParse(&quot;f7-f6&quot;,ChessWithTDD.Move)" methodname="PawnMoveParse" classname="ChessWithTDD.Tests.AlgebraicNotationParserTests" runstate="Runnable" seed="1558595696" result="Passed" start-time="2017-07-06 22:55:10Z" end-time="2017-07-06 22:55:10Z" duration="0.000097" asserts="1" />
            <test-case id="0-1246" name="PawnMoveParse(&quot;g7-g6&quot;,ChessWithTDD.Move)" fullname="ChessWithTDD.Tests.AlgebraicNotationParserTests.PawnMoveParse(&quot;g7-g6&quot;,ChessWithTDD.Move)" methodname="PawnMoveParse" classname="ChessWithTDD.Tests.AlgebraicNotationParserTests" runstate="Runnable" seed="1838320076" result="Passed" start-time="2017-07-06 22:55:10Z" end-time="2017-07-06 22:55:10Z" duration="0.000109" asserts="1" />
            <test-case id="0-1247" name="PawnMoveParse(&quot;h7-h6&quot;,ChessWithTDD.Move)" fullname="ChessWithTDD.Tests.AlgebraicNotationParserTests.PawnMoveParse(&quot;h7-h6&quot;,ChessWithTDD.Move)" methodname="PawnMoveParse" classname="ChessWithTDD.Tests.AlgebraicNotationParserTests" runstate="Runnable" seed="98332773" result="Passed" start-time="2017-07-06 22:55:10Z" end-time="2017-07-06 22:55:10Z" duration="0.000117" asserts="1" />
            <test-case id="0-1248" name="PawnMoveParse(&quot;a2xb3&quot;,ChessWithTDD.Move)" fullname="ChessWithTDD.Tests.AlgebraicNotationParserTests.PawnMoveParse(&quot;a2xb3&quot;,ChessWithTDD.Move)" methodname="PawnMoveParse" classname="ChessWithTDD.Tests.AlgebraicNotationParserTests" runstate="Runnable" seed="645346041" result="Passed" start-time="2017-07-06 22:55:10Z" end-time="2017-07-06 22:55:10Z" duration="0.000151" asserts="1" />
            <test-case id="0-1249" name="PawnMoveParse(&quot;b2xc3&quot;,ChessWithTDD.Move)" fullname="ChessWithTDD.Tests.AlgebraicNotationParserTests.PawnMoveParse(&quot;b2xc3&quot;,ChessWithTDD.Move)" methodname="PawnMoveParse" classname="ChessWithTDD.Tests.AlgebraicNotationParserTests" runstate="Runnable" seed="1750780547" result="Passed" start-time="2017-07-06 22:55:10Z" end-time="2017-07-06 22:55:10Z" duration="0.000100" asserts="1" />
            <test-case id="0-1250" name="PawnMoveParse(&quot;c2xd3&quot;,ChessWithTDD.Move)" fullname="ChessWithTDD.Tests.AlgebraicNotationParserTests.PawnMoveParse(&quot;c2xd3&quot;,ChessWithTDD.Move)" methodname="PawnMoveParse" classname="ChessWithTDD.Tests.AlgebraicNotationParserTests" runstate="Runnable" seed="1758591509" result="Passed" start-time="2017-07-06 22:55:11Z" end-time="2017-07-06 22:55:11Z" duration="0.000089" asserts="1" />
            <test-case id="0-1251" name="PawnMoveParse(&quot;d2xe3&quot;,ChessWithTDD.Move)" fullname="ChessWithTDD.Tests.AlgebraicNotationParserTests.PawnMoveParse(&quot;d2xe3&quot;,ChessWithTDD.Move)" methodname="PawnMoveParse" classname="ChessWithTDD.Tests.AlgebraicNotationParserTests" runstate="Runnable" seed="1335835916" result="Passed" start-time="2017-07-06 22:55:11Z" end-time="2017-07-06 22:55:11Z" duration="0.000083" asserts="1" />
            <test-case id="0-1252" name="PawnMoveParse(&quot;e2xf3&quot;,ChessWithTDD.Move)" fullname="ChessWithTDD.Tests.AlgebraicNotationParserTests.PawnMoveParse(&quot;e2xf3&quot;,ChessWithTDD.Move)" methodname="PawnMoveParse" classname="ChessWithTDD.Tests.AlgebraicNotationParserTests" runstate="Runnable" seed="1082933443" result="Passed" start-time="2017-07-06 22:55:11Z" end-time="2017-07-06 22:55:11Z" duration="0.000160" asserts="1" />
            <test-case id="0-1253" name="PawnMoveParse(&quot;f2xg3&quot;,ChessWithTDD.Move)" fullname="ChessWithTDD.Tests.AlgebraicNotationParserTests.PawnMoveParse(&quot;f2xg3&quot;,ChessWithTDD.Move)" methodname="PawnMoveParse" classname="ChessWithTDD.Tests.AlgebraicNotationParserTests" runstate="Runnable" seed="842293098" result="Passed" start-time="2017-07-06 22:55:11Z" end-time="2017-07-06 22:55:11Z" duration="0.000088" asserts="1" />
            <test-case id="0-1254" name="PawnMoveParse(&quot;g2xh3&quot;,ChessWithTDD.Move)" fullname="ChessWithTDD.Tests.AlgebraicNotationParserTests.PawnMoveParse(&quot;g2xh3&quot;,ChessWithTDD.Move)" methodname="PawnMoveParse" classname="ChessWithTDD.Tests.AlgebraicNotationParserTests" runstate="Runnable" seed="1270033739" result="Passed" start-time="2017-07-06 22:55:11Z" end-time="2017-07-06 22:55:11Z" duration="0.000100" asserts="1" />
            <test-case id="0-1255" name="PawnMoveParse(&quot;h2xg3&quot;,ChessWithTDD.Move)" fullname="ChessWithTDD.Tests.AlgebraicNotationParserTests.PawnMoveParse(&quot;h2xg3&quot;,ChessWithTDD.Move)" methodname="PawnMoveParse" classname="ChessWithTDD.Tests.AlgebraicNotationParserTests" runstate="Runnable" seed="514912670" result="Passed" start-time="2017-07-06 22:55:11Z" end-time="2017-07-06 22:55:11Z" duration="0.000082" asserts="1" />
            <test-case id="0-1256" name="PawnMoveParse(&quot;a2xb3+&quot;,ChessWithTDD.Move)" fullname="ChessWithTDD.Tests.AlgebraicNotationParserTests.PawnMoveParse(&quot;a2xb3+&quot;,ChessWithTDD.Move)" methodname="PawnMoveParse" classname="ChessWithTDD.Tests.AlgebraicNotationParserTests" runstate="Runnable" seed="687964499" result="Passed" start-time="2017-07-06 22:55:11Z" end-time="2017-07-06 22:55:11Z" duration="0.000084" asserts="1" />
            <test-case id="0-1257" name="PawnMoveParse(&quot;b2xc3#&quot;,ChessWithTDD.Move)" fullname="ChessWithTDD.Tests.AlgebraicNotationParserTests.PawnMoveParse(&quot;b2xc3#&quot;,ChessWithTDD.Move)" methodname="PawnMoveParse" classname="ChessWithTDD.Tests.AlgebraicNotationParserTests" runstate="Runnable" seed="596006136" result="Passed" start-time="2017-07-06 22:55:11Z" end-time="2017-07-06 22:55:11Z" duration="0.000108" asserts="1" />
            <test-case id="0-1258" name="PawnMoveParse(&quot;g7-g6+&quot;,ChessWithTDD.Move)" fullname="ChessWithTDD.Tests.AlgebraicNotationParserTests.PawnMoveParse(&quot;g7-g6+&quot;,ChessWithTDD.Move)" methodname="PawnMoveParse" classname="ChessWithTDD.Tests.AlgebraicNotationParserTests" runstate="Runnable" seed="196640737" result="Passed" start-time="2017-07-06 22:55:11Z" end-time="2017-07-06 22:55:11Z" duration="0.000125" asserts="1" />
            <test-case id="0-1259" name="PawnMoveParse(&quot;h7-h6#&quot;,ChessWithTDD.Move)" fullname="ChessWithTDD.Tests.AlgebraicNotationParserTests.PawnMoveParse(&quot;h7-h6#&quot;,ChessWithTDD.Move)" methodname="PawnMoveParse" classname="ChessWithTDD.Tests.AlgebraicNotationParserTests" runstate="Runnable" seed="1019716656" result="Passed" start-time="2017-07-06 22:55:11Z" end-time="2017-07-06 22:55:11Z" duration="0.000137" asserts="1" />
          </test-suite>
          <test-suite type="ParameterizedMethod" id="0-1277" name="PawnMoveParseFails" fullname="ChessWithTDD.Tests.AlgebraicNotationParserTests.PawnMoveParseFails" classname="ChessWithTDD.Tests.AlgebraicNotationParserTests" runstate="Runnable" testcasecount="16" result="Passed" start-time="2017-07-06 22:55:11Z" end-time="2017-07-06 22:55:11Z" duration="0.052509" total="16" passed="16" failed="0" warnings="0" inconclusive="0" skipped="0" asserts="16">
            <test-case id="0-1261" name="PawnMoveParseFails(&quot;a2ga4&quot;)" fullname="ChessWithTDD.Tests.AlgebraicNotationParserTests.PawnMoveParseFails(&quot;a2ga4&quot;)" methodname="PawnMoveParseFails" classname="ChessWithTDD.Tests.AlgebraicNotationParserTests" runstate="Runnable" seed="1385711937" result="Passed" start-time="2017-07-06 22:55:11Z" end-time="2017-07-06 22:55:11Z" duration="0.000332" asserts="1" />
            <test-case id="0-1262" name="PawnMoveParseFails(&quot;b25b4&quot;)" fullname="ChessWithTDD.Tests.AlgebraicNotationParserTests.PawnMoveParseFails(&quot;b25b4&quot;)" methodname="PawnMoveParseFails" classname="ChessWithTDD.Tests.AlgebraicNotationParserTests" runstate="Runnable" seed="773750957" result="Passed" start-time="2017-07-06 22:55:11Z" end-time="2017-07-06 22:55:11Z" duration="0.000110" asserts="1" />
            <test-case id="0-1263" name="PawnMoveParseFails(&quot;c26c4&quot;)" fullname="ChessWithTDD.Tests.AlgebraicNotationParserTests.PawnMoveParseFails(&quot;c26c4&quot;)" methodname="PawnMoveParseFails" classname="ChessWithTDD.Tests.AlgebraicNotationParserTests" runstate="Runnable" seed="1141100547" result="Passed" start-time="2017-07-06 22:55:11Z" end-time="2017-07-06 22:55:11Z" duration="0.000116" asserts="1" />
            <test-case id="0-1264" name="PawnMoveParseFails(&quot;d2ld4&quot;)" fullname="ChessWithTDD.Tests.AlgebraicNotationParserTests.PawnMoveParseFails(&quot;d2ld4&quot;)" methodname="PawnMoveParseFails" classname="ChessWithTDD.Tests.AlgebraicNotationParserTests" runstate="Runnable" seed="153543158" result="Passed" start-time="2017-07-06 22:55:11Z" end-time="2017-07-06 22:55:11Z" duration="0.000059" asserts="1" />
            <test-case id="0-1265" name="PawnMoveParseFails(&quot;e2;e4&quot;)" fullname="ChessWithTDD.Tests.AlgebraicNotationParserTests.PawnMoveParseFails(&quot;e2;e4&quot;)" methodname="PawnMoveParseFails" classname="ChessWithTDD.Tests.AlgebraicNotationParserTests" runstate="Runnable" seed="1070536054" result="Passed" start-time="2017-07-06 22:55:11Z" end-time="2017-07-06 22:55:11Z" duration="0.000105" asserts="1" />
            <test-case id="0-1266" name="PawnMoveParseFails(&quot;f2+f4&quot;)" fullname="ChessWithTDD.Tests.AlgebraicNotationParserTests.PawnMoveParseFails(&quot;f2+f4&quot;)" methodname="PawnMoveParseFails" classname="ChessWithTDD.Tests.AlgebraicNotationParserTests" runstate="Runnable" seed="25892052" result="Passed" start-time="2017-07-06 22:55:11Z" end-time="2017-07-06 22:55:11Z" duration="0.000073" asserts="1" />
            <test-case id="0-1267" name="PawnMoveParseFails(&quot;g2--g4&quot;)" fullname="ChessWithTDD.Tests.AlgebraicNotationParserTests.PawnMoveParseFails(&quot;g2--g4&quot;)" methodname="PawnMoveParseFails" classname="ChessWithTDD.Tests.AlgebraicNotationParserTests" runstate="Runnable" seed="1302129237" result="Passed" start-time="2017-07-06 22:55:11Z" end-time="2017-07-06 22:55:11Z" duration="0.000113" asserts="1" />
            <test-case id="0-1268" name="PawnMoveParseFails(&quot;h2=h4&quot;)" fullname="ChessWithTDD.Tests.AlgebraicNotationParserTests.PawnMoveParseFails(&quot;h2=h4&quot;)" methodname="PawnMoveParseFails" classname="ChessWithTDD.Tests.AlgebraicNotationParserTests" runstate="Runnable" seed="463546281" result="Passed" start-time="2017-07-06 22:55:11Z" end-time="2017-07-06 22:55:11Z" duration="0.000059" asserts="1" />
            <test-case id="0-1269" name="PawnMoveParseFails(&quot;z2-a4&quot;)" fullname="ChessWithTDD.Tests.AlgebraicNotationParserTests.PawnMoveParseFails(&quot;z2-a4&quot;)" methodname="PawnMoveParseFails" classname="ChessWithTDD.Tests.AlgebraicNotationParserTests" runstate="Runnable" seed="1972191666" result="Passed" start-time="2017-07-06 22:55:11Z" end-time="2017-07-06 22:55:11Z" duration="0.000084" asserts="1" />
            <test-case id="0-1270" name="PawnMoveParseFails(&quot;a2-z4&quot;)" fullname="ChessWithTDD.Tests.AlgebraicNotationParserTests.PawnMoveParseFails(&quot;a2-z4&quot;)" methodname="PawnMoveParseFails" classname="ChessWithTDD.Tests.AlgebraicNotationParserTests" runstate="Runnable" seed="937227643" result="Passed" start-time="2017-07-06 22:55:11Z" end-time="2017-07-06 22:55:11Z" duration="0.000061" asserts="1" />
            <test-case id="0-1271" name="PawnMoveParseFails(&quot;b9-b4&quot;)" fullname="ChessWithTDD.Tests.AlgebraicNotationParserTests.PawnMoveParseFails(&quot;b9-b4&quot;)" methodname="PawnMoveParseFails" classname="ChessWithTDD.Tests.AlgebraicNotationParserTests" runstate="Runnable" seed="1138273483" result="Passed" start-time="2017-07-06 22:55:11Z" end-time="2017-07-06 22:55:11Z" duration="0.000075" asserts="1" />
            <test-case id="0-1272" name="PawnMoveParseFails(&quot;c2-c9&quot;)" fullname="ChessWithTDD.Tests.AlgebraicNotationParserTests.PawnMoveParseFails(&quot;c2-c9&quot;)" methodname="PawnMoveParseFails" classname="ChessWithTDD.Tests.AlgebraicNotationParserTests" runstate="Runnable" seed="1517299518" result="Passed" start-time="2017-07-06 22:55:11Z" end-time="2017-07-06 22:55:11Z" duration="0.000075" asserts="1" />
            <test-case id="0-1273" name="PawnMoveParseFails(&quot;c29-c9&quot;)" fullname="ChessWithTDD.Tests.AlgebraicNotationParserTests.PawnMoveParseFails(&quot;c29-c9&quot;)" methodname="PawnMoveParseFails" classname="ChessWithTDD.Tests.AlgebraicNotationParserTests" runstate="Runnable" seed="1920292166" result="Passed" start-time="2017-07-06 22:55:11Z" end-time="2017-07-06 22:55:11Z" duration="0.000060" asserts="1" />
            <test-case id="0-1274" name="PawnMoveParseFails(&quot;c2-c7x&quot;)" fullname="ChessWithTDD.Tests.AlgebraicNotationParserTests.PawnMoveParseFails(&quot;c2-c7x&quot;)" methodname="PawnMoveParseFails" classname="ChessWithTDD.Tests.AlgebraicNotationParserTests" runstate="Runnable" seed="289736815" result="Passed" start-time="2017-07-06 22:55:11Z" end-time="2017-07-06 22:55:11Z" duration="0.000084" asserts="1" />
            <test-case id="0-1275" name="PawnMoveParseFails(&quot;e0-e4&quot;)" fullname="ChessWithTDD.Tests.AlgebraicNotationParserTests.PawnMoveParseFails(&quot;e0-e4&quot;)" methodname="PawnMoveParseFails" classname="ChessWithTDD.Tests.AlgebraicNotationParserTests" runstate="Runnable" seed="200068676" result="Passed" start-time="2017-07-06 22:55:11Z" end-time="2017-07-06 22:55:11Z" duration="0.000099" asserts="1" />
            <test-case id="0-1276" name="PawnMoveParseFails(&quot;e4-e0&quot;)" fullname="ChessWithTDD.Tests.AlgebraicNotationParserTests.PawnMoveParseFails(&quot;e4-e0&quot;)" methodname="PawnMoveParseFails" classname="ChessWithTDD.Tests.AlgebraicNotationParserTests" runstate="Runnable" seed="435232344" result="Passed" start-time="2017-07-06 22:55:11Z" end-time="2017-07-06 22:55:11Z" duration="0.000100" asserts="1" />
          </test-suite>
        </test-suite>
        <test-suite type="TestFixture" id="0-1340" name="BishopTests" fullname="ChessWithTDD.Tests.BishopTests" classname="ChessWithTDD.Tests.BishopTests" runstate="Runnable" testcasecount="12" result="Passed" start-time="2017-07-06 22:55:11Z" end-time="2017-07-06 22:55:11Z" duration="0.273972" total="12" passed="12" failed="0" warnings="0" inconclusive="0" skipped="0" asserts="12">
          <test-suite type="ParameterizedMethod" id="0-1346" name="BishopCanMoveDiagonally" fullname="ChessWithTDD.Tests.BishopTests.BishopCanMoveDiagonally" classname="ChessWithTDD.Tests.BishopTests" runstate="Runnable" testcasecount="5" result="Passed" start-time="2017-07-06 22:55:11Z" end-time="2017-07-06 22:55:11Z" duration="0.231524" total="5" passed="5" failed="0" warnings="0" inconclusive="0" skipped="0" asserts="5">
            <test-case id="0-1341" name="BishopCanMoveDiagonally(2,5,5,2)" fullname="ChessWithTDD.Tests.BishopTests.BishopCanMoveDiagonally(2,5,5,2)" methodname="BishopCanMoveDiagonally" classname="ChessWithTDD.Tests.BishopTests" runstate="Runnable" seed="1542683157" result="Passed" start-time="2017-07-06 22:55:11Z" end-time="2017-07-06 22:55:11Z" duration="0.213620" asserts="1" />
            <test-case id="0-1342" name="BishopCanMoveDiagonally(2,3,5,6)" fullname="ChessWithTDD.Tests.BishopTests.BishopCanMoveDiagonally(2,3,5,6)" methodname="BishopCanMoveDiagonally" classname="ChessWithTDD.Tests.BishopTests" runstate="Runnable" seed="1392050023" result="Passed" start-time="2017-07-06 22:55:11Z" end-time="2017-07-06 22:55:11Z" duration="0.000960" asserts="1" />
            <test-case id="0-1343" name="BishopCanMoveDiagonally(5,5,2,2)" fullname="ChessWithTDD.Tests.BishopTests.BishopCanMoveDiagonally(5,5,2,2)" methodname="BishopCanMoveDiagonally" classname="ChessWithTDD.Tests.BishopTests" runstate="Runnable" seed="126575190" result="Passed" start-time="2017-07-06 22:55:11Z" end-time="2017-07-06 22:55:11Z" duration="0.000766" asserts="1" />
            <test-case id="0-1344" name="BishopCanMoveDiagonally(5,2,2,5)" fullname="ChessWithTDD.Tests.BishopTests.BishopCanMoveDiagonally(5,2,2,5)" methodname="BishopCanMoveDiagonally" classname="ChessWithTDD.Tests.BishopTests" runstate="Runnable" seed="1268360924" result="Passed" start-time="2017-07-06 22:55:11Z" end-time="2017-07-06 22:55:11Z" duration="0.000893" asserts="1" />
            <test-case id="0-1345" name="BishopCanMoveDiagonally(3,3,4,4)" fullname="ChessWithTDD.Tests.BishopTests.BishopCanMoveDiagonally(3,3,4,4)" methodname="BishopCanMoveDiagonally" classname="ChessWithTDD.Tests.BishopTests" runstate="Runnable" seed="1337156913" result="Passed" start-time="2017-07-06 22:55:11Z" end-time="2017-07-06 22:55:11Z" duration="0.000821" asserts="1" />
          </test-suite>
          <test-suite type="ParameterizedMethod" id="0-1352" name="BishopCannotMoveHorizontally" fullname="ChessWithTDD.Tests.BishopTests.BishopCannotMoveHorizontally" classname="ChessWithTDD.Tests.BishopTests" runstate="Runnable" testcasecount="2" result="Passed" start-time="2017-07-06 22:55:11Z" end-time="2017-07-06 22:55:11Z" duration="0.011016" total="2" passed="2" failed="0" warnings="0" inconclusive="0" skipped="0" asserts="2">
            <test-case id="0-1350" name="BishopCannotMoveHorizontally(2,6,2,0)" fullname="ChessWithTDD.Tests.BishopTests.BishopCannotMoveHorizontally(2,6,2,0)" methodname="BishopCannotMoveHorizontally" classname="ChessWithTDD.Tests.BishopTests" runstate="Runnable" seed="2078735464" result="Passed" start-time="2017-07-06 22:55:11Z" end-time="2017-07-06 22:55:11Z" duration="0.001606" asserts="1" />
            <test-case id="0-1351" name="BishopCannotMoveHorizontally(2,2,2,7)" fullname="ChessWithTDD.Tests.BishopTests.BishopCannotMoveHorizontally(2,2,2,7)" methodname="BishopCannotMoveHorizontally" classname="ChessWithTDD.Tests.BishopTests" runstate="Runnable" seed="328192065" result="Passed" start-time="2017-07-06 22:55:11Z" end-time="2017-07-06 22:55:11Z" duration="0.001008" asserts="1" />
          </test-suite>
          <test-suite type="ParameterizedMethod" id="0-1356" name="BishopCannotMoveRandomlyIfNotDiagonal" fullname="ChessWithTDD.Tests.BishopTests.BishopCannotMoveRandomlyIfNotDiagonal" classname="ChessWithTDD.Tests.BishopTests" runstate="Runnable" testcasecount="3" result="Passed" start-time="2017-07-06 22:55:11Z" end-time="2017-07-06 22:55:11Z" duration="0.011531" total="3" passed="3" failed="0" warnings="0" inconclusive="0" skipped="0" asserts="3">
            <test-case id="0-1353" name="BishopCannotMoveRandomlyIfNotDiagonal(2,6,3,3)" fullname="ChessWithTDD.Tests.BishopTests.BishopCannotMoveRandomlyIfNotDiagonal(2,6,3,3)" methodname="BishopCannotMoveRandomlyIfNotDiagonal" classname="ChessWithTDD.Tests.BishopTests" runstate="Runnable" seed="559299822" result="Passed" start-time="2017-07-06 22:55:11Z" end-time="2017-07-06 22:55:11Z" duration="0.001013" asserts="1" />
            <test-case id="0-1354" name="BishopCannotMoveRandomlyIfNotDiagonal(3,1,4,5)" fullname="ChessWithTDD.Tests.BishopTests.BishopCannotMoveRandomlyIfNotDiagonal(3,1,4,5)" methodname="BishopCannotMoveRandomlyIfNotDiagonal" classname="ChessWithTDD.Tests.BishopTests" runstate="Runnable" seed="153352954" result="Passed" start-time="2017-07-06 22:55:11Z" end-time="2017-07-06 22:55:11Z" duration="0.000846" asserts="1" />
            <test-case id="0-1355" name="BishopCannotMoveRandomlyIfNotDiagonal(6,6,2,7)" fullname="ChessWithTDD.Tests.BishopTests.BishopCannotMoveRandomlyIfNotDiagonal(6,6,2,7)" methodname="BishopCannotMoveRandomlyIfNotDiagonal" classname="ChessWithTDD.Tests.BishopTests" runstate="Runnable" seed="1580044783" result="Passed" start-time="2017-07-06 22:55:11Z" end-time="2017-07-06 22:55:11Z" duration="0.000721" asserts="1" />
          </test-suite>
          <test-suite type="ParameterizedMethod" id="0-1349" name="BishopCannotMoveVertically" fullname="ChessWithTDD.Tests.BishopTests.BishopCannotMoveVertically" classname="ChessWithTDD.Tests.BishopTests" runstate="Runnable" testcasecount="2" result="Passed" start-time="2017-07-06 22:55:11Z" end-time="2017-07-06 22:55:11Z" duration="0.007481" total="2" passed="2" failed="0" warnings="0" inconclusive="0" skipped="0" asserts="2">
            <test-case id="0-1347" name="BishopCannotMoveVertically(5,2,2,2)" fullname="ChessWithTDD.Tests.BishopTests.BishopCannotMoveVertically(5,2,2,2)" methodname="BishopCannotMoveVertically" classname="ChessWithTDD.Tests.BishopTests" runstate="Runnable" seed="1165984037" result="Passed" start-time="2017-07-06 22:55:11Z" end-time="2017-07-06 22:55:11Z" duration="0.001135" asserts="1" />
            <test-case id="0-1348" name="BishopCannotMoveVertically(2,2,5,2)" fullname="ChessWithTDD.Tests.BishopTests.BishopCannotMoveVertically(2,2,5,2)" methodname="BishopCannotMoveVertically" classname="ChessWithTDD.Tests.BishopTests" runstate="Runnable" seed="1399767565" result="Passed" start-time="2017-07-06 22:55:11Z" end-time="2017-07-06 22:55:11Z" duration="0.000734" asserts="1" />
          </test-suite>
        </test-suite>
        <test-suite type="TestFixture" id="0-1357" name="BlackPawnTests" fullname="ChessWithTDD.Tests.BlackPawnTests" classname="ChessWithTDD.Tests.BlackPawnTests" runstate="Runnable" testcasecount="21" result="Passed" start-time="2017-07-06 22:55:11Z" end-time="2017-07-06 22:55:11Z" duration="0.127481" total="21" passed="21" failed="0" warnings="0" inconclusive="0" skipped="0" asserts="21">
          <test-suite type="ParameterizedMethod" id="0-1366" name="BlackPawnCanMoveDiagonallyDownTheBoardIfWhitePieceThere" fullname="ChessWithTDD.Tests.BlackPawnTests.BlackPawnCanMoveDiagonallyDownTheBoardIfWhitePieceThere" classname="ChessWithTDD.Tests.BlackPawnTests" runstate="Runnable" testcasecount="2" result="Passed" start-time="2017-07-06 22:55:11Z" end-time="2017-07-06 22:55:11Z" duration="0.013027" total="2" passed="2" failed="0" warnings="0" inconclusive="0" skipped="0" asserts="2">
            <test-case id="0-1364" name="BlackPawnCanMoveDiagonallyDownTheBoardIfWhitePieceThere(6,6,5,7)" fullname="ChessWithTDD.Tests.BlackPawnTests.BlackPawnCanMoveDiagonallyDownTheBoardIfWhitePieceThere(6,6,5,7)" methodname="BlackPawnCanMoveDiagonallyDownTheBoardIfWhitePieceThere" classname="ChessWithTDD.Tests.BlackPawnTests" runstate="Runnable" seed="1234257116" result="Passed" start-time="2017-07-06 22:55:11Z" end-time="2017-07-06 22:55:11Z" duration="0.006775" asserts="1" />
            <test-case id="0-1365" name="BlackPawnCanMoveDiagonallyDownTheBoardIfWhitePieceThere(6,6,5,5)" fullname="ChessWithTDD.Tests.BlackPawnTests.BlackPawnCanMoveDiagonallyDownTheBoardIfWhitePieceThere(6,6,5,5)" methodname="BlackPawnCanMoveDiagonallyDownTheBoardIfWhitePieceThere" classname="ChessWithTDD.Tests.BlackPawnTests" runstate="Runnable" seed="1873171352" result="Passed" start-time="2017-07-06 22:55:11Z" end-time="2017-07-06 22:55:11Z" duration="0.000949" asserts="1" />
          </test-suite>
          <test-suite type="ParameterizedMethod" id="0-1372" name="BlackPawnCanMoveDiagonallyDownwardsToEmptySquareIfToSquareHasEnPassantMark" fullname="ChessWithTDD.Tests.BlackPawnTests.BlackPawnCanMoveDiagonallyDownwardsToEmptySquareIfToSquareHasEnPassantMark" classname="ChessWithTDD.Tests.BlackPawnTests" runstate="Runnable" testcasecount="2" result="Passed" start-time="2017-07-06 22:55:11Z" end-time="2017-07-06 22:55:11Z" duration="0.009524" total="2" passed="2" failed="0" warnings="0" inconclusive="0" skipped="0" asserts="2">
            <test-case id="0-1370" name="BlackPawnCanMoveDiagonallyDownwardsToEmptySquareIfToSquareHasEnPassantMark(6,6,5,7)" fullname="ChessWithTDD.Tests.BlackPawnTests.BlackPawnCanMoveDiagonallyDownwardsToEmptySquareIfToSquareHasEnPassantMark(6,6,5,7)" methodname="BlackPawnCanMoveDiagonallyDownwardsToEmptySquareIfToSquareHasEnPassantMark" classname="ChessWithTDD.Tests.BlackPawnTests" runstate="Runnable" seed="1013315491" result="Passed" start-time="2017-07-06 22:55:11Z" end-time="2017-07-06 22:55:11Z" duration="0.002870" asserts="1" />
            <test-case id="0-1371" name="BlackPawnCanMoveDiagonallyDownwardsToEmptySquareIfToSquareHasEnPassantMark(6,6,5,5)" fullname="ChessWithTDD.Tests.BlackPawnTests.BlackPawnCanMoveDiagonallyDownwardsToEmptySquareIfToSquareHasEnPassantMark(6,6,5,5)" methodname="BlackPawnCanMoveDiagonallyDownwardsToEmptySquareIfToSquareHasEnPassantMark" classname="ChessWithTDD.Tests.BlackPawnTests" runstate="Runnable" seed="315006096" result="Passed" start-time="2017-07-06 22:55:11Z" end-time="2017-07-06 22:55:11Z" duration="0.001393" asserts="1" />
          </test-suite>
          <test-suite type="ParameterizedMethod" id="0-1360" name="BlackPawnCanMoveOneVerticalPositionDownTheBoard" fullname="ChessWithTDD.Tests.BlackPawnTests.BlackPawnCanMoveOneVerticalPositionDownTheBoard" classname="ChessWithTDD.Tests.BlackPawnTests" runstate="Runnable" testcasecount="2" result="Passed" start-time="2017-07-06 22:55:11Z" end-time="2017-07-06 22:55:11Z" duration="0.008043" total="2" passed="2" failed="0" warnings="0" inconclusive="0" skipped="0" asserts="2">
            <test-case id="0-1358" name="BlackPawnCanMoveOneVerticalPositionDownTheBoard(5,2,4,2)" fullname="ChessWithTDD.Tests.BlackPawnTests.BlackPawnCanMoveOneVerticalPositionDownTheBoard(5,2,4,2)" methodname="BlackPawnCanMoveOneVerticalPositionDownTheBoard" classname="ChessWithTDD.Tests.BlackPawnTests" runstate="Runnable" seed="704060746" result="Passed" start-time="2017-07-06 22:55:11Z" end-time="2017-07-06 22:55:11Z" duration="0.001542" asserts="1" />
            <test-case id="0-1359" name="BlackPawnCanMoveOneVerticalPositionDownTheBoard(3,3,2,3)" fullname="ChessWithTDD.Tests.BlackPawnTests.BlackPawnCanMoveOneVerticalPositionDownTheBoard(3,3,2,3)" methodname="BlackPawnCanMoveOneVerticalPositionDownTheBoard" classname="ChessWithTDD.Tests.BlackPawnTests" runstate="Runnable" seed="1953216763" result="Passed" start-time="2017-07-06 22:55:11Z" end-time="2017-07-06 22:55:11Z" duration="0.000820" asserts="1" />
          </test-suite>
          <test-suite type="ParameterizedMethod" id="0-1378" name="BlackPawnCanMoveTwoVerticalSpacesDownTheBoardIfItHasNotMovedBefore" fullname="ChessWithTDD.Tests.BlackPawnTests.BlackPawnCanMoveTwoVerticalSpacesDownTheBoardIfItHasNotMovedBefore" classname="ChessWithTDD.Tests.BlackPawnTests" runstate="Runnable" testcasecount="2" result="Passed" start-time="2017-07-06 22:55:11Z" end-time="2017-07-06 22:55:11Z" duration="0.008677" total="2" passed="2" failed="0" warnings="0" inconclusive="0" skipped="0" asserts="2">
            <test-case id="0-1376" name="BlackPawnCanMoveTwoVerticalSpacesDownTheBoardIfItHasNotMovedBefore(4,4,2,4)" fullname="ChessWithTDD.Tests.BlackPawnTests.BlackPawnCanMoveTwoVerticalSpacesDownTheBoardIfItHasNotMovedBefore(4,4,2,4)" methodname="BlackPawnCanMoveTwoVerticalSpacesDownTheBoardIfItHasNotMovedBefore" classname="ChessWithTDD.Tests.BlackPawnTests" runstate="Runnable" seed="1645971574" result="Passed" start-time="2017-07-06 22:55:11Z" end-time="2017-07-06 22:55:11Z" duration="0.001976" asserts="1" />
            <test-case id="0-1377" name="BlackPawnCanMoveTwoVerticalSpacesDownTheBoardIfItHasNotMovedBefore(6,1,4,1)" fullname="ChessWithTDD.Tests.BlackPawnTests.BlackPawnCanMoveTwoVerticalSpacesDownTheBoardIfItHasNotMovedBefore(6,1,4,1)" methodname="BlackPawnCanMoveTwoVerticalSpacesDownTheBoardIfItHasNotMovedBefore" classname="ChessWithTDD.Tests.BlackPawnTests" runstate="Runnable" seed="1236108858" result="Passed" start-time="2017-07-06 22:55:11Z" end-time="2017-07-06 22:55:11Z" duration="0.000978" asserts="1" />
          </test-suite>
          <test-suite type="ParameterizedMethod" id="0-1369" name="BlackPawnCannotMoveDiagonallyBelowIfNoPieceThere" fullname="ChessWithTDD.Tests.BlackPawnTests.BlackPawnCannotMoveDiagonallyBelowIfNoPieceThere" classname="ChessWithTDD.Tests.BlackPawnTests" runstate="Runnable" testcasecount="2" result="Passed" start-time="2017-07-06 22:55:11Z" end-time="2017-07-06 22:55:11Z" duration="0.007529" total="2" passed="2" failed="0" warnings="0" inconclusive="0" skipped="0" asserts="2">
            <test-case id="0-1367" name="BlackPawnCannotMoveDiagonallyBelowIfNoPieceThere(6,6,5,7)" fullname="ChessWithTDD.Tests.BlackPawnTests.BlackPawnCannotMoveDiagonallyBelowIfNoPieceThere(6,6,5,7)" methodname="BlackPawnCannotMoveDiagonallyBelowIfNoPieceThere" classname="ChessWithTDD.Tests.BlackPawnTests" runstate="Runnable" seed="843946613" result="Passed" start-time="2017-07-06 22:55:11Z" end-time="2017-07-06 22:55:11Z" duration="0.001327" asserts="1" />
            <test-case id="0-1368" name="BlackPawnCannotMoveDiagonallyBelowIfNoPieceThere(6,6,5,5)" fullname="ChessWithTDD.Tests.BlackPawnTests.BlackPawnCannotMoveDiagonallyBelowIfNoPieceThere(6,6,5,5)" methodname="BlackPawnCannotMoveDiagonallyBelowIfNoPieceThere" classname="ChessWithTDD.Tests.BlackPawnTests" runstate="Runnable" seed="251145881" result="Passed" start-time="2017-07-06 22:55:11Z" end-time="2017-07-06 22:55:11Z" duration="0.000830" asserts="1" />
          </test-suite>
          <test-suite type="ParameterizedMethod" id="0-1375" name="BlackPawnCannotMoveDiagonallyDownwardsToEmptySquareIfToSquareHasNoEnPassantMark" fullname="ChessWithTDD.Tests.BlackPawnTests.BlackPawnCannotMoveDiagonallyDownwardsToEmptySquareIfToSquareHasNoEnPassantMark" classname="ChessWithTDD.Tests.BlackPawnTests" runstate="Runnable" testcasecount="2" result="Passed" start-time="2017-07-06 22:55:11Z" end-time="2017-07-06 22:55:11Z" duration="0.007527" total="2" passed="2" failed="0" warnings="0" inconclusive="0" skipped="0" asserts="2">
            <test-case id="0-1373" name="BlackPawnCannotMoveDiagonallyDownwardsToEmptySquareIfToSquareHasNoEnPassantMark(6,6,5,7)" fullname="ChessWithTDD.Tests.BlackPawnTests.BlackPawnCannotMoveDiagonallyDownwardsToEmptySquareIfToSquareHasNoEnPassantMark(6,6,5,7)" methodname="BlackPawnCannotMoveDiagonallyDownwardsToEmptySquareIfToSquareHasNoEnPassantMark" classname="ChessWithTDD.Tests.BlackPawnTests" runstate="Runnable" seed="2032013377" result="Passed" start-time="2017-07-06 22:55:11Z" end-time="2017-07-06 22:55:11Z" duration="0.001290" asserts="1" />
            <test-case id="0-1374" name="BlackPawnCannotMoveDiagonallyDownwardsToEmptySquareIfToSquareHasNoEnPassantMark(6,6,5,5)" fullname="ChessWithTDD.Tests.BlackPawnTests.BlackPawnCannotMoveDiagonallyDownwardsToEmptySquareIfToSquareHasNoEnPassantMark(6,6,5,5)" methodname="BlackPawnCannotMoveDiagonallyDownwardsToEmptySquareIfToSquareHasNoEnPassantMark" classname="ChessWithTDD.Tests.BlackPawnTests" runstate="Runnable" seed="2087723735" result="Passed" start-time="2017-07-06 22:55:11Z" end-time="2017-07-06 22:55:11Z" duration="0.000928" asserts="1" />
          </test-suite>
          <test-suite type="ParameterizedMethod" id="0-1389" name="BlackPawnCannotMoveOneHorizontalPositionAcrossTheBoard" fullname="ChessWithTDD.Tests.BlackPawnTests.BlackPawnCannotMoveOneHorizontalPositionAcrossTheBoard" classname="ChessWithTDD.Tests.BlackPawnTests" runstate="Runnable" testcasecount="2" result="Passed" start-time="2017-07-06 22:55:11Z" end-time="2017-07-06 22:55:11Z" duration="0.008550" total="2" passed="2" failed="0" warnings="0" inconclusive="0" skipped="0" asserts="2">
            <test-case id="0-1387" name="BlackPawnCannotMoveOneHorizontalPositionAcrossTheBoard(5,2,5,3)" fullname="ChessWithTDD.Tests.BlackPawnTests.BlackPawnCannotMoveOneHorizontalPositionAcrossTheBoard(5,2,5,3)" methodname="BlackPawnCannotMoveOneHorizontalPositionAcrossTheBoard" classname="ChessWithTDD.Tests.BlackPawnTests" runstate="Runnable" seed="148210069" result="Passed" start-time="2017-07-06 22:55:11Z" end-time="2017-07-06 22:55:11Z" duration="0.001090" asserts="1" />
            <test-case id="0-1388" name="BlackPawnCannotMoveOneHorizontalPositionAcrossTheBoard(3,3,3,2)" fullname="ChessWithTDD.Tests.BlackPawnTests.BlackPawnCannotMoveOneHorizontalPositionAcrossTheBoard(3,3,3,2)" methodname="BlackPawnCannotMoveOneHorizontalPositionAcrossTheBoard" classname="ChessWithTDD.Tests.BlackPawnTests" runstate="Runnable" seed="1231974349" result="Passed" start-time="2017-07-06 22:55:11Z" end-time="2017-07-06 22:55:11Z" duration="0.001912" asserts="1" />
          </test-suite>
          <test-suite type="ParameterizedMethod" id="0-1363" name="BlackPawnCannotMoveOneVerticalPositionDownTheBoardIfWhitePieceThere" fullname="ChessWithTDD.Tests.BlackPawnTests.BlackPawnCannotMoveOneVerticalPositionDownTheBoardIfWhitePieceThere" classname="ChessWithTDD.Tests.BlackPawnTests" runstate="Runnable" testcasecount="2" result="Passed" start-time="2017-07-06 22:55:11Z" end-time="2017-07-06 22:55:11Z" duration="0.008031" total="2" passed="2" failed="0" warnings="0" inconclusive="0" skipped="0" asserts="2">
            <test-case id="0-1361" name="BlackPawnCannotMoveOneVerticalPositionDownTheBoardIfWhitePieceThere(5,2,4,2)" fullname="ChessWithTDD.Tests.BlackPawnTests.BlackPawnCannotMoveOneVerticalPositionDownTheBoardIfWhitePieceThere(5,2,4,2)" methodname="BlackPawnCannotMoveOneVerticalPositionDownTheBoardIfWhitePieceThere" classname="ChessWithTDD.Tests.BlackPawnTests" runstate="Runnable" seed="752940346" result="Passed" start-time="2017-07-06 22:55:11Z" end-time="2017-07-06 22:55:11Z" duration="0.001730" asserts="1" />
            <test-case id="0-1362" name="BlackPawnCannotMoveOneVerticalPositionDownTheBoardIfWhitePieceThere(3,3,2,3)" fullname="ChessWithTDD.Tests.BlackPawnTests.BlackPawnCannotMoveOneVerticalPositionDownTheBoardIfWhitePieceThere(3,3,2,3)" methodname="BlackPawnCannotMoveOneVerticalPositionDownTheBoardIfWhitePieceThere" classname="ChessWithTDD.Tests.BlackPawnTests" runstate="Runnable" seed="452043387" result="Passed" start-time="2017-07-06 22:55:11Z" end-time="2017-07-06 22:55:11Z" duration="0.000857" asserts="1" />
          </test-suite>
          <test-suite type="ParameterizedMethod" id="0-1386" name="BlackPawnCannotMoveOneVerticalPositionUpTheBoard" fullname="ChessWithTDD.Tests.BlackPawnTests.BlackPawnCannotMoveOneVerticalPositionUpTheBoard" classname="ChessWithTDD.Tests.BlackPawnTests" runstate="Runnable" testcasecount="1" result="Passed" start-time="2017-07-06 22:55:11Z" end-time="2017-07-06 22:55:11Z" duration="0.004517" total="1" passed="1" failed="0" warnings="0" inconclusive="0" skipped="0" asserts="1">
            <test-case id="0-1385" name="BlackPawnCannotMoveOneVerticalPositionUpTheBoard(0,1,1,1)" fullname="ChessWithTDD.Tests.BlackPawnTests.BlackPawnCannotMoveOneVerticalPositionUpTheBoard(0,1,1,1)" methodname="BlackPawnCannotMoveOneVerticalPositionUpTheBoard" classname="ChessWithTDD.Tests.BlackPawnTests" runstate="Runnable" seed="14616259" result="Passed" start-time="2017-07-06 22:55:11Z" end-time="2017-07-06 22:55:11Z" duration="0.001051" asserts="1" />
          </test-suite>
          <test-suite type="ParameterizedMethod" id="0-1381" name="BlackPawnCannotMoveTwoVerticalSpacesDownTheBoardIfItHasMovedBefore" fullname="ChessWithTDD.Tests.BlackPawnTests.BlackPawnCannotMoveTwoVerticalSpacesDownTheBoardIfItHasMovedBefore" classname="ChessWithTDD.Tests.BlackPawnTests" runstate="Runnable" testcasecount="2" result="Passed" start-time="2017-07-06 22:55:11Z" end-time="2017-07-06 22:55:11Z" duration="0.008043" total="2" passed="2" failed="0" warnings="0" inconclusive="0" skipped="0" asserts="2">
            <test-case id="0-1379" name="BlackPawnCannotMoveTwoVerticalSpacesDownTheBoardIfItHasMovedBefore(4,4,2,4)" fullname="ChessWithTDD.Tests.BlackPawnTests.BlackPawnCannotMoveTwoVerticalSpacesDownTheBoardIfItHasMovedBefore(4,4,2,4)" methodname="BlackPawnCannotMoveTwoVerticalSpacesDownTheBoardIfItHasMovedBefore" classname="ChessWithTDD.Tests.BlackPawnTests" runstate="Runnable" seed="1728675425" result="Passed" start-time="2017-07-06 22:55:11Z" end-time="2017-07-06 22:55:11Z" duration="0.001249" asserts="1" />
            <test-case id="0-1380" name="BlackPawnCannotMoveTwoVerticalSpacesDownTheBoardIfItHasMovedBefore(6,1,4,1)" fullname="ChessWithTDD.Tests.BlackPawnTests.BlackPawnCannotMoveTwoVerticalSpacesDownTheBoardIfItHasMovedBefore(6,1,4,1)" methodname="BlackPawnCannotMoveTwoVerticalSpacesDownTheBoardIfItHasMovedBefore" classname="ChessWithTDD.Tests.BlackPawnTests" runstate="Runnable" seed="683550792" result="Passed" start-time="2017-07-06 22:55:11Z" end-time="2017-07-06 22:55:11Z" duration="0.000780" asserts="1" />
          </test-suite>
          <test-suite type="ParameterizedMethod" id="0-1384" name="BlackPawnCannotMoveTwoVerticalSpacesDownTheBoardIfItHasNotMovedButToSquareContainsAPiece" fullname="ChessWithTDD.Tests.BlackPawnTests.BlackPawnCannotMoveTwoVerticalSpacesDownTheBoardIfItHasNotMovedButToSquareContainsAPiece" classname="ChessWithTDD.Tests.BlackPawnTests" runstate="Runnable" testcasecount="2" result="Passed" start-time="2017-07-06 22:55:11Z" end-time="2017-07-06 22:55:11Z" duration="0.008027" total="2" passed="2" failed="0" warnings="0" inconclusive="0" skipped="0" asserts="2">
            <test-case id="0-1382" name="BlackPawnCannotMoveTwoVerticalSpacesDownTheBoardIfItHasNotMovedButToSquareContainsAPiece(4,4,2,4)" fullname="ChessWithTDD.Tests.BlackPawnTests.BlackPawnCannotMoveTwoVerticalSpacesDownTheBoardIfItHasNotMovedButToSquareContainsAPiece(4,4,2,4)" methodname="BlackPawnCannotMoveTwoVerticalSpacesDownTheBoardIfItHasNotMovedButToSquareContainsAPiece" classname="ChessWithTDD.Tests.BlackPawnTests" runstate="Runnable" seed="297225425" result="Passed" start-time="2017-07-06 22:55:11Z" end-time="2017-07-06 22:55:11Z" duration="0.001249" asserts="1" />
            <test-case id="0-1383" name="BlackPawnCannotMoveTwoVerticalSpacesDownTheBoardIfItHasNotMovedButToSquareContainsAPiece(6,1,4,1)" fullname="ChessWithTDD.Tests.BlackPawnTests.BlackPawnCannotMoveTwoVerticalSpacesDownTheBoardIfItHasNotMovedButToSquareContainsAPiece(6,1,4,1)" methodname="BlackPawnCannotMoveTwoVerticalSpacesDownTheBoardIfItHasNotMovedButToSquareContainsAPiece" classname="ChessWithTDD.Tests.BlackPawnTests" runstate="Runnable" seed="927130101" result="Passed" start-time="2017-07-06 22:55:11Z" end-time="2017-07-06 22:55:11Z" duration="0.000840" asserts="1" />
          </test-suite>
        </test-suite>
        <test-suite type="TestFixture" id="0-1000" name="BoardCacheTests" fullname="ChessWithTDD.Tests.BoardCacheTests" classname="ChessWithTDD.Tests.BoardCacheTests" runstate="Runnable" testcasecount="13" result="Passed" start-time="2017-07-06 22:55:11Z" end-time="2017-07-06 22:55:11Z" duration="0.237527" total="13" passed="13" failed="0" warnings="0" inconclusive="0" skipped="0" asserts="48">
          <test-case id="0-1001" name="BlackKingIsSavedToBlackKingSquareIfInPendingUpdatesOfBoardAndUpdatesCleared" fullname="ChessWithTDD.Tests.BoardCacheTests.BlackKingIsSavedToBlackKingSquareIfInPendingUpdatesOfBoardAndUpdatesCleared" methodname="BlackKingIsSavedToBlackKingSquareIfInPendingUpdatesOfBoardAndUpdatesCleared" classname="ChessWithTDD.Tests.BoardCacheTests" runstate="Runnable" seed="2055666165" result="Passed" start-time="2017-07-06 22:55:11Z" end-time="2017-07-06 22:55:11Z" duration="0.079710" asserts="3" />
          <test-case id="0-1013" name="BoardCacheInitialisedWithBlackBackRowCorrectly" fullname="ChessWithTDD.Tests.BoardCacheTests.BoardCacheInitialisedWithBlackBackRowCorrectly" methodname="BoardCacheInitialisedWithBlackBackRowCorrectly" classname="ChessWithTDD.Tests.BoardCacheTests" runstate="Runnable" seed="684324945" result="Passed" start-time="2017-07-06 22:55:11Z" end-time="2017-07-06 22:55:11Z" duration="0.088083" asserts="7" />
          <test-case id="0-1009" name="BoardCacheInitialisedWithBlackKingCorrectly" fullname="ChessWithTDD.Tests.BoardCacheTests.BoardCacheInitialisedWithBlackKingCorrectly" methodname="BoardCacheInitialisedWithBlackKingCorrectly" classname="ChessWithTDD.Tests.BoardCacheTests" runstate="Runnable" seed="1818860101" result="Passed" start-time="2017-07-06 22:55:11Z" end-time="2017-07-06 22:55:11Z" duration="0.001670" asserts="1" />
          <test-case id="0-1011" name="BoardCacheInitialisedWithBlackPawnsCorrectly" fullname="ChessWithTDD.Tests.BoardCacheTests.BoardCacheInitialisedWithBlackPawnsCorrectly" methodname="BoardCacheInitialisedWithBlackPawnsCorrectly" classname="ChessWithTDD.Tests.BoardCacheTests" runstate="Runnable" seed="192296873" result="Passed" start-time="2017-07-06 22:55:11Z" end-time="2017-07-06 22:55:11Z" duration="0.002063" asserts="8" />
          <test-case id="0-1007" name="BoardCacheInitialisedWithCorrectBoard" fullname="ChessWithTDD.Tests.BoardCacheTests.BoardCacheInitialisedWithCorrectBoard" methodname="BoardCacheInitialisedWithCorrectBoard" classname="ChessWithTDD.Tests.BoardCacheTests" runstate="Runnable" seed="1372229003" result="Passed" start-time="2017-07-06 22:55:11Z" end-time="2017-07-06 22:55:11Z" duration="0.001083" asserts="1" />
          <test-case id="0-1012" name="BoardCacheInitialisedWithWhiteBackRowCorrectly" fullname="ChessWithTDD.Tests.BoardCacheTests.BoardCacheInitialisedWithWhiteBackRowCorrectly" methodname="BoardCacheInitialisedWithWhiteBackRowCorrectly" classname="ChessWithTDD.Tests.BoardCacheTests" runstate="Runnable" seed="1045861366" result="Passed" start-time="2017-07-06 22:55:11Z" end-time="2017-07-06 22:55:11Z" duration="0.002597" asserts="7" />
          <test-case id="0-1008" name="BoardCacheInitialisedWithWhiteKingCorrectly" fullname="ChessWithTDD.Tests.BoardCacheTests.BoardCacheInitialisedWithWhiteKingCorrectly" methodname="BoardCacheInitialisedWithWhiteKingCorrectly" classname="ChessWithTDD.Tests.BoardCacheTests" runstate="Runnable" seed="2022397731" result="Passed" start-time="2017-07-06 22:55:11Z" end-time="2017-07-06 22:55:11Z" duration="0.001943" asserts="1" />
          <test-case id="0-1010" name="BoardCacheInitialisedWithWhitePawnsCorrectly" fullname="ChessWithTDD.Tests.BoardCacheTests.BoardCacheInitialisedWithWhitePawnsCorrectly" methodname="BoardCacheInitialisedWithWhitePawnsCorrectly" classname="ChessWithTDD.Tests.BoardCacheTests" runstate="Runnable" seed="154235755" result="Passed" start-time="2017-07-06 22:55:11Z" end-time="2017-07-06 22:55:11Z" duration="0.002793" asserts="8" />
          <test-case id="0-1003" name="NothingIsSavedForSquaresWithNoPieceButItIsRemoved" fullname="ChessWithTDD.Tests.BoardCacheTests.NothingIsSavedForSquaresWithNoPieceButItIsRemoved" methodname="NothingIsSavedForSquaresWithNoPieceButItIsRemoved" classname="ChessWithTDD.Tests.BoardCacheTests" runstate="Runnable" seed="114759388" result="Passed" start-time="2017-07-06 22:55:11Z" end-time="2017-07-06 22:55:11Z" duration="0.002969" asserts="3" />
          <test-case id="0-1006" name="SquareInPendingUpdatesWithBlackPieceIsAddedToBlackPieceCacheAndRemovedFromPendingUpdates" fullname="ChessWithTDD.Tests.BoardCacheTests.SquareInPendingUpdatesWithBlackPieceIsAddedToBlackPieceCacheAndRemovedFromPendingUpdates" methodname="SquareInPendingUpdatesWithBlackPieceIsAddedToBlackPieceCacheAndRemovedFromPendingUpdates" classname="ChessWithTDD.Tests.BoardCacheTests" runstate="Runnable" seed="958798244" result="Passed" start-time="2017-07-06 22:55:11Z" end-time="2017-07-06 22:55:11Z" duration="0.003479" asserts="2" />
          <test-case id="0-1004" name="SquareInPendingUpdatesWithNoPieceIsRemovedFromBoardCacheAndPendingUpdates" fullname="ChessWithTDD.Tests.BoardCacheTests.SquareInPendingUpdatesWithNoPieceIsRemovedFromBoardCacheAndPendingUpdates" methodname="SquareInPendingUpdatesWithNoPieceIsRemovedFromBoardCacheAndPendingUpdates" classname="ChessWithTDD.Tests.BoardCacheTests" runstate="Runnable" seed="760684229" result="Passed" start-time="2017-07-06 22:55:11Z" end-time="2017-07-06 22:55:11Z" duration="0.002198" asserts="2" />
          <test-case id="0-1005" name="SquareInPendingUpdatesWithWhitePieceIsAddedToWhitePieceCacheAndRemovedFromPendingUpdates" fullname="ChessWithTDD.Tests.BoardCacheTests.SquareInPendingUpdatesWithWhitePieceIsAddedToWhitePieceCacheAndRemovedFromPendingUpdates" methodname="SquareInPendingUpdatesWithWhitePieceIsAddedToWhitePieceCacheAndRemovedFromPendingUpdates" classname="ChessWithTDD.Tests.BoardCacheTests" runstate="Runnable" seed="642399969" result="Passed" start-time="2017-07-06 22:55:11Z" end-time="2017-07-06 22:55:11Z" duration="0.004179" asserts="2" />
          <test-case id="0-1002" name="WhiteKingIsSavedToWhiteKingSquareAndWhitePiecesIfInPendingUpdatesOfBoardAndUpdatesCleared" fullname="ChessWithTDD.Tests.BoardCacheTests.WhiteKingIsSavedToWhiteKingSquareAndWhitePiecesIfInPendingUpdatesOfBoardAndUpdatesCleared" methodname="WhiteKingIsSavedToWhiteKingSquareAndWhitePiecesIfInPendingUpdatesOfBoardAndUpdatesCleared" classname="ChessWithTDD.Tests.BoardCacheTests" runstate="Runnable" seed="1823078513" result="Passed" start-time="2017-07-06 22:55:11Z" end-time="2017-07-06 22:55:11Z" duration="0.004655" asserts="3" />
        </test-suite>
        <test-suite type="TestFixture" id="0-1014" name="BoardInitialiserTests" fullname="ChessWithTDD.Tests.BoardInitialiserTests" classname="ChessWithTDD.Tests.BoardInitialiserTests" runstate="Runnable" testcasecount="11" result="Passed" start-time="2017-07-06 22:55:11Z" end-time="2017-07-06 22:55:12Z" duration="0.495287" total="11" passed="11" failed="0" warnings="0" inconclusive="0" skipped="0" asserts="1">
          <test-case id="0-1022" name="BoardBlackBishopsSetupCorrectly" fullname="ChessWithTDD.Tests.BoardInitialiserTests.BoardBlackBishopsSetupCorrectly" methodname="BoardBlackBishopsSetupCorrectly" classname="ChessWithTDD.Tests.BoardInitialiserTests" runstate="Runnable" seed="2134647449" result="Passed" start-time="2017-07-06 22:55:11Z" end-time="2017-07-06 22:55:11Z" duration="0.108712" asserts="0" />
          <test-case id="0-1020" name="BoardBlackKnightsSetupCorrectly" fullname="ChessWithTDD.Tests.BoardInitialiserTests.BoardBlackKnightsSetupCorrectly" methodname="BoardBlackKnightsSetupCorrectly" classname="ChessWithTDD.Tests.BoardInitialiserTests" runstate="Runnable" seed="1850607877" result="Passed" start-time="2017-07-06 22:55:11Z" end-time="2017-07-06 22:55:11Z" duration="0.019040" asserts="0" />
          <test-case id="0-1016" name="BoardBlackPawnRowSetupCorrectly" fullname="ChessWithTDD.Tests.BoardInitialiserTests.BoardBlackPawnRowSetupCorrectly" methodname="BoardBlackPawnRowSetupCorrectly" classname="ChessWithTDD.Tests.BoardInitialiserTests" runstate="Runnable" seed="1832020337" result="Passed" start-time="2017-07-06 22:55:11Z" end-time="2017-07-06 22:55:11Z" duration="0.109781" asserts="0" />
          <test-case id="0-1018" name="BoardBlackRooksSetupCorrectly" fullname="ChessWithTDD.Tests.BoardInitialiserTests.BoardBlackRooksSetupCorrectly" methodname="BoardBlackRooksSetupCorrectly" classname="ChessWithTDD.Tests.BoardInitialiserTests" runstate="Runnable" seed="311399538" result="Passed" start-time="2017-07-06 22:55:11Z" end-time="2017-07-06 22:55:12Z" duration="0.021052" asserts="0" />
          <test-case id="0-1024" name="BoardKingsSetupCorrectly" fullname="ChessWithTDD.Tests.BoardInitialiserTests.BoardKingsSetupCorrectly" methodname="BoardKingsSetupCorrectly" classname="ChessWithTDD.Tests.BoardInitialiserTests" runstate="Runnable" seed="1614807381" result="Passed" start-time="2017-07-06 22:55:12Z" end-time="2017-07-06 22:55:12Z" duration="0.019735" asserts="0" />
          <test-case id="0-1023" name="BoardQueensSetupCorrectly" fullname="ChessWithTDD.Tests.BoardInitialiserTests.BoardQueensSetupCorrectly" methodname="BoardQueensSetupCorrectly" classname="ChessWithTDD.Tests.BoardInitialiserTests" runstate="Runnable" seed="1845516784" result="Passed" start-time="2017-07-06 22:55:12Z" end-time="2017-07-06 22:55:12Z" duration="0.019116" asserts="0" />
          <test-case id="0-1025" name="BoardSetSquareCalledCorrectNumberOfTimesDuringInitialisation" fullname="ChessWithTDD.Tests.BoardInitialiserTests.BoardSetSquareCalledCorrectNumberOfTimesDuringInitialisation" methodname="BoardSetSquareCalledCorrectNumberOfTimesDuringInitialisation" classname="ChessWithTDD.Tests.BoardInitialiserTests" runstate="Runnable" seed="1193450796" result="Passed" start-time="2017-07-06 22:55:12Z" end-time="2017-07-06 22:55:12Z" duration="0.002970" asserts="1" />
          <test-case id="0-1021" name="BoardWhiteBishopsSetupCorrectly" fullname="ChessWithTDD.Tests.BoardInitialiserTests.BoardWhiteBishopsSetupCorrectly" methodname="BoardWhiteBishopsSetupCorrectly" classname="ChessWithTDD.Tests.BoardInitialiserTests" runstate="Runnable" seed="928462993" result="Passed" start-time="2017-07-06 22:55:12Z" end-time="2017-07-06 22:55:12Z" duration="0.018606" asserts="0" />
          <test-case id="0-1019" name="BoardWhiteKnightsSetupCorrectly" fullname="ChessWithTDD.Tests.BoardInitialiserTests.BoardWhiteKnightsSetupCorrectly" methodname="BoardWhiteKnightsSetupCorrectly" classname="ChessWithTDD.Tests.BoardInitialiserTests" runstate="Runnable" seed="136967788" result="Passed" start-time="2017-07-06 22:55:12Z" end-time="2017-07-06 22:55:12Z" duration="0.019507" asserts="0" />
          <test-case id="0-1015" name="BoardWhitePawnRowSetupCorrectly" fullname="ChessWithTDD.Tests.BoardInitialiserTests.BoardWhitePawnRowSetupCorrectly" methodname="BoardWhitePawnRowSetupCorrectly" classname="ChessWithTDD.Tests.BoardInitialiserTests" runstate="Runnable" seed="1370971077" result="Passed" start-time="2017-07-06 22:55:12Z" end-time="2017-07-06 22:55:12Z" duration="0.100978" asserts="0" />
          <test-case id="0-1017" name="BoardWhiteRooksSetupCorrectly" fullname="ChessWithTDD.Tests.BoardInitialiserTests.BoardWhiteRooksSetupCorrectly" methodname="BoardWhiteRooksSetupCorrectly" classname="ChessWithTDD.Tests.BoardInitialiserTests" runstate="Runnable" seed="1511816712" result="Passed" start-time="2017-07-06 22:55:12Z" end-time="2017-07-06 22:55:12Z" duration="0.020242" asserts="0" />
        </test-suite>
        <test-suite type="TestFixture" id="0-1390" name="BoardTests" fullname="ChessWithTDD.Tests.BoardTests" classname="ChessWithTDD.Tests.BoardTests" runstate="Runnable" testcasecount="40" result="Passed" start-time="2017-07-06 22:55:12Z" end-time="2017-07-06 22:55:12Z" duration="0.263829" total="40" passed="40" failed="0" warnings="0" inconclusive="0" skipped="0" asserts="36">
          <test-case id="0-1399" name="ApplyingMoveCallsMoveExecutorWithCorrectArguments" fullname="ChessWithTDD.Tests.BoardTests.ApplyingMoveCallsMoveExecutorWithCorrectArguments" methodname="ApplyingMoveCallsMoveExecutorWithCorrectArguments" classname="ChessWithTDD.Tests.BoardTests" runstate="Runnable" seed="1799500207" result="Passed" start-time="2017-07-06 22:55:12Z" end-time="2017-07-06 22:55:12Z" duration="0.016968" asserts="0" />
          <test-case id="0-1400" name="ApplyingMoveIncrementsTurnCounter" fullname="ChessWithTDD.Tests.BoardTests.ApplyingMoveIncrementsTurnCounter" methodname="ApplyingMoveIncrementsTurnCounter" classname="ChessWithTDD.Tests.BoardTests" runstate="Runnable" seed="64819774" result="Passed" start-time="2017-07-06 22:55:12Z" end-time="2017-07-06 22:55:12Z" duration="0.001931" asserts="1" />
          <test-case id="0-1391" name="BoardIsInitialisedWithCorrectDimensions" fullname="ChessWithTDD.Tests.BoardTests.BoardIsInitialisedWithCorrectDimensions" methodname="BoardIsInitialisedWithCorrectDimensions" classname="ChessWithTDD.Tests.BoardTests" runstate="Runnable" seed="1515833714" result="Passed" start-time="2017-07-06 22:55:12Z" end-time="2017-07-06 22:55:12Z" duration="0.001757" asserts="1" />
          <test-case id="0-1394" name="InitialiseBoardCacheIsCalledWhenCreatingABoardInstance" fullname="ChessWithTDD.Tests.BoardTests.InitialiseBoardCacheIsCalledWhenCreatingABoardInstance" methodname="InitialiseBoardCacheIsCalledWhenCreatingABoardInstance" classname="ChessWithTDD.Tests.BoardTests" runstate="Runnable" seed="164090499" result="Passed" start-time="2017-07-06 22:55:12Z" end-time="2017-07-06 22:55:12Z" duration="0.003432" asserts="0" />
          <test-case id="0-1393" name="InitialiseBoardIsCalledWhenCreatingABoardInstance" fullname="ChessWithTDD.Tests.BoardTests.InitialiseBoardIsCalledWhenCreatingABoardInstance" methodname="InitialiseBoardIsCalledWhenCreatingABoardInstance" classname="ChessWithTDD.Tests.BoardTests" runstate="Runnable" seed="854172953" result="Passed" start-time="2017-07-06 22:55:12Z" end-time="2017-07-06 22:55:12Z" duration="0.003005" asserts="0" />
          <test-case id="0-1396" name="MoveIsNotValidIfMoveValidatorReturnsFalse" fullname="ChessWithTDD.Tests.BoardTests.MoveIsNotValidIfMoveValidatorReturnsFalse" methodname="MoveIsNotValidIfMoveValidatorReturnsFalse" classname="ChessWithTDD.Tests.BoardTests" runstate="Runnable" seed="1746415784" result="Passed" start-time="2017-07-06 22:55:12Z" end-time="2017-07-06 22:55:12Z" duration="0.003779" asserts="1" />
          <test-case id="0-1397" name="MoveIsNotValidIfMoveValidatorReturnsTrueButFromSquarePieceCannotMove" fullname="ChessWithTDD.Tests.BoardTests.MoveIsNotValidIfMoveValidatorReturnsTrueButFromSquarePieceCannotMove" methodname="MoveIsNotValidIfMoveValidatorReturnsTrueButFromSquarePieceCannotMove" classname="ChessWithTDD.Tests.BoardTests" runstate="Runnable" seed="1899805691" result="Passed" start-time="2017-07-06 22:55:12Z" end-time="2017-07-06 22:55:12Z" duration="0.003309" asserts="1" />
          <test-case id="0-1398" name="MoveIsValidIfMoveValidatorReturnsTrueAndFromSquarePieceCanMove" fullname="ChessWithTDD.Tests.BoardTests.MoveIsValidIfMoveValidatorReturnsTrueAndFromSquarePieceCanMove" methodname="MoveIsValidIfMoveValidatorReturnsTrueAndFromSquarePieceCanMove" classname="ChessWithTDD.Tests.BoardTests" runstate="Runnable" seed="1408719456" result="Passed" start-time="2017-07-06 22:55:12Z" end-time="2017-07-06 22:55:12Z" duration="0.002406" asserts="1" />
          <test-case id="0-1395" name="MoveValidatorIsCalledWhenMoveIsValidIsCalled" fullname="ChessWithTDD.Tests.BoardTests.MoveValidatorIsCalledWhenMoveIsValidIsCalled" methodname="MoveValidatorIsCalledWhenMoveIsValidIsCalled" classname="ChessWithTDD.Tests.BoardTests" runstate="Runnable" seed="1590339033" result="Passed" start-time="2017-07-06 22:55:12Z" end-time="2017-07-06 22:55:12Z" duration="0.003522" asserts="0" />
          <test-suite type="ParameterizedMethod" id="0-1404" name="MovingTeamKingSquareIsBlackKingOfBoardCacheForOddTurnCounters" fullname="ChessWithTDD.Tests.BoardTests.MovingTeamKingSquareIsBlackKingOfBoardCacheForOddTurnCounters" classname="ChessWithTDD.Tests.BoardTests" runstate="Runnable" testcasecount="3" result="Passed" start-time="2017-07-06 22:55:12Z" end-time="2017-07-06 22:55:12Z" duration="0.015024" total="3" passed="3" failed="0" warnings="0" inconclusive="0" skipped="0" asserts="3">
            <test-case id="0-1401" name="MovingTeamKingSquareIsBlackKingOfBoardCacheForOddTurnCounters(1)" fullname="ChessWithTDD.Tests.BoardTests.MovingTeamKingSquareIsBlackKingOfBoardCacheForOddTurnCounters(1)" methodname="MovingTeamKingSquareIsBlackKingOfBoardCacheForOddTurnCounters" classname="ChessWithTDD.Tests.BoardTests" runstate="Runnable" seed="1732271013" result="Passed" start-time="2017-07-06 22:55:12Z" end-time="2017-07-06 22:55:12Z" duration="0.004192" asserts="1" />
            <test-case id="0-1402" name="MovingTeamKingSquareIsBlackKingOfBoardCacheForOddTurnCounters(3)" fullname="ChessWithTDD.Tests.BoardTests.MovingTeamKingSquareIsBlackKingOfBoardCacheForOddTurnCounters(3)" methodname="MovingTeamKingSquareIsBlackKingOfBoardCacheForOddTurnCounters" classname="ChessWithTDD.Tests.BoardTests" runstate="Runnable" seed="63419876" result="Passed" start-time="2017-07-06 22:55:12Z" end-time="2017-07-06 22:55:12Z" duration="0.001185" asserts="1" />
            <test-case id="0-1403" name="MovingTeamKingSquareIsBlackKingOfBoardCacheForOddTurnCounters(19)" fullname="ChessWithTDD.Tests.BoardTests.MovingTeamKingSquareIsBlackKingOfBoardCacheForOddTurnCounters(19)" methodname="MovingTeamKingSquareIsBlackKingOfBoardCacheForOddTurnCounters" classname="ChessWithTDD.Tests.BoardTests" runstate="Runnable" seed="1417079910" result="Passed" start-time="2017-07-06 22:55:12Z" end-time="2017-07-06 22:55:12Z" duration="0.001126" asserts="1" />
          </test-suite>
          <test-suite type="ParameterizedMethod" id="0-1408" name="MovingTeamKingSquareIsWhiteKingOfBoardCacheForEvenTurnCounters" fullname="ChessWithTDD.Tests.BoardTests.MovingTeamKingSquareIsWhiteKingOfBoardCacheForEvenTurnCounters" classname="ChessWithTDD.Tests.BoardTests" runstate="Runnable" testcasecount="3" result="Passed" start-time="2017-07-06 22:55:12Z" end-time="2017-07-06 22:55:12Z" duration="0.012992" total="3" passed="3" failed="0" warnings="0" inconclusive="0" skipped="0" asserts="3">
            <test-case id="0-1405" name="MovingTeamKingSquareIsWhiteKingOfBoardCacheForEvenTurnCounters(0)" fullname="ChessWithTDD.Tests.BoardTests.MovingTeamKingSquareIsWhiteKingOfBoardCacheForEvenTurnCounters(0)" methodname="MovingTeamKingSquareIsWhiteKingOfBoardCacheForEvenTurnCounters" classname="ChessWithTDD.Tests.BoardTests" runstate="Runnable" seed="1522927301" result="Passed" start-time="2017-07-06 22:55:12Z" end-time="2017-07-06 22:55:12Z" duration="0.002355" asserts="1" />
            <test-case id="0-1406" name="MovingTeamKingSquareIsWhiteKingOfBoardCacheForEvenTurnCounters(2)" fullname="ChessWithTDD.Tests.BoardTests.MovingTeamKingSquareIsWhiteKingOfBoardCacheForEvenTurnCounters(2)" methodname="MovingTeamKingSquareIsWhiteKingOfBoardCacheForEvenTurnCounters" classname="ChessWithTDD.Tests.BoardTests" runstate="Runnable" seed="1201230862" result="Passed" start-time="2017-07-06 22:55:12Z" end-time="2017-07-06 22:55:12Z" duration="0.001136" asserts="1" />
            <test-case id="0-1407" name="MovingTeamKingSquareIsWhiteKingOfBoardCacheForEvenTurnCounters(22)" fullname="ChessWithTDD.Tests.BoardTests.MovingTeamKingSquareIsWhiteKingOfBoardCacheForEvenTurnCounters(22)" methodname="MovingTeamKingSquareIsWhiteKingOfBoardCacheForEvenTurnCounters" classname="ChessWithTDD.Tests.BoardTests" runstate="Runnable" seed="1416589935" result="Passed" start-time="2017-07-06 22:55:12Z" end-time="2017-07-06 22:55:12Z" duration="0.001284" asserts="1" />
          </test-suite>
          <test-suite type="ParameterizedMethod" id="0-1420" name="MovingTeamPieceSquaresIsBlackTeamOfBoardCacheForOddTurnCounters" fullname="ChessWithTDD.Tests.BoardTests.MovingTeamPieceSquaresIsBlackTeamOfBoardCacheForOddTurnCounters" classname="ChessWithTDD.Tests.BoardTests" runstate="Runnable" testcasecount="3" result="Passed" start-time="2017-07-06 22:55:12Z" end-time="2017-07-06 22:55:12Z" duration="0.035492" total="3" passed="3" failed="0" warnings="0" inconclusive="0" skipped="0" asserts="3">
            <test-case id="0-1417" name="MovingTeamPieceSquaresIsBlackTeamOfBoardCacheForOddTurnCounters(1)" fullname="ChessWithTDD.Tests.BoardTests.MovingTeamPieceSquaresIsBlackTeamOfBoardCacheForOddTurnCounters(1)" methodname="MovingTeamPieceSquaresIsBlackTeamOfBoardCacheForOddTurnCounters" classname="ChessWithTDD.Tests.BoardTests" runstate="Runnable" seed="173917315" result="Passed" start-time="2017-07-06 22:55:12Z" end-time="2017-07-06 22:55:12Z" duration="0.022929" asserts="1" />
            <test-case id="0-1418" name="MovingTeamPieceSquaresIsBlackTeamOfBoardCacheForOddTurnCounters(3)" fullname="ChessWithTDD.Tests.BoardTests.MovingTeamPieceSquaresIsBlackTeamOfBoardCacheForOddTurnCounters(3)" methodname="MovingTeamPieceSquaresIsBlackTeamOfBoardCacheForOddTurnCounters" classname="ChessWithTDD.Tests.BoardTests" runstate="Runnable" seed="336347876" result="Passed" start-time="2017-07-06 22:55:12Z" end-time="2017-07-06 22:55:12Z" duration="0.001139" asserts="1" />
            <test-case id="0-1419" name="MovingTeamPieceSquaresIsBlackTeamOfBoardCacheForOddTurnCounters(19)" fullname="ChessWithTDD.Tests.BoardTests.MovingTeamPieceSquaresIsBlackTeamOfBoardCacheForOddTurnCounters(19)" methodname="MovingTeamPieceSquaresIsBlackTeamOfBoardCacheForOddTurnCounters" classname="ChessWithTDD.Tests.BoardTests" runstate="Runnable" seed="1865296382" result="Passed" start-time="2017-07-06 22:55:12Z" end-time="2017-07-06 22:55:12Z" duration="0.001243" asserts="1" />
          </test-suite>
          <test-suite type="ParameterizedMethod" id="0-1424" name="MovingTeamPieceSquaresIsWhiteTeamOfBoardCacheForEvenTurnCounters" fullname="ChessWithTDD.Tests.BoardTests.MovingTeamPieceSquaresIsWhiteTeamOfBoardCacheForEvenTurnCounters" classname="ChessWithTDD.Tests.BoardTests" runstate="Runnable" testcasecount="3" result="Passed" start-time="2017-07-06 22:55:12Z" end-time="2017-07-06 22:55:12Z" duration="0.014213" total="3" passed="3" failed="0" warnings="0" inconclusive="0" skipped="0" asserts="3">
            <test-case id="0-1421" name="MovingTeamPieceSquaresIsWhiteTeamOfBoardCacheForEvenTurnCounters(0)" fullname="ChessWithTDD.Tests.BoardTests.MovingTeamPieceSquaresIsWhiteTeamOfBoardCacheForEvenTurnCounters(0)" methodname="MovingTeamPieceSquaresIsWhiteTeamOfBoardCacheForEvenTurnCounters" classname="ChessWithTDD.Tests.BoardTests" runstate="Runnable" seed="276161665" result="Passed" start-time="2017-07-06 22:55:12Z" end-time="2017-07-06 22:55:12Z" duration="0.002436" asserts="1" />
            <test-case id="0-1422" name="MovingTeamPieceSquaresIsWhiteTeamOfBoardCacheForEvenTurnCounters(2)" fullname="ChessWithTDD.Tests.BoardTests.MovingTeamPieceSquaresIsWhiteTeamOfBoardCacheForEvenTurnCounters(2)" methodname="MovingTeamPieceSquaresIsWhiteTeamOfBoardCacheForEvenTurnCounters" classname="ChessWithTDD.Tests.BoardTests" runstate="Runnable" seed="1904160469" result="Passed" start-time="2017-07-06 22:55:12Z" end-time="2017-07-06 22:55:12Z" duration="0.001377" asserts="1" />
            <test-case id="0-1423" name="MovingTeamPieceSquaresIsWhiteTeamOfBoardCacheForEvenTurnCounters(22)" fullname="ChessWithTDD.Tests.BoardTests.MovingTeamPieceSquaresIsWhiteTeamOfBoardCacheForEvenTurnCounters(22)" methodname="MovingTeamPieceSquaresIsWhiteTeamOfBoardCacheForEvenTurnCounters" classname="ChessWithTDD.Tests.BoardTests" runstate="Runnable" seed="478181943" result="Passed" start-time="2017-07-06 22:55:12Z" end-time="2017-07-06 22:55:12Z" duration="0.001201" asserts="1" />
          </test-suite>
          <test-suite type="ParameterizedMethod" id="0-1412" name="OtherTeamKingSquareIsBlackKingOfBoardCacheForEvenTurnCounters" fullname="ChessWithTDD.Tests.BoardTests.OtherTeamKingSquareIsBlackKingOfBoardCacheForEvenTurnCounters" classname="ChessWithTDD.Tests.BoardTests" runstate="Runnable" testcasecount="3" result="Passed" start-time="2017-07-06 22:55:12Z" end-time="2017-07-06 22:55:12Z" duration="0.014013" total="3" passed="3" failed="0" warnings="0" inconclusive="0" skipped="0" asserts="3">
            <test-case id="0-1409" name="OtherTeamKingSquareIsBlackKingOfBoardCacheForEvenTurnCounters(0)" fullname="ChessWithTDD.Tests.BoardTests.OtherTeamKingSquareIsBlackKingOfBoardCacheForEvenTurnCounters(0)" methodname="OtherTeamKingSquareIsBlackKingOfBoardCacheForEvenTurnCounters" classname="ChessWithTDD.Tests.BoardTests" runstate="Runnable" seed="234497970" result="Passed" start-time="2017-07-06 22:55:12Z" end-time="2017-07-06 22:55:12Z" duration="0.002463" asserts="1" />
            <test-case id="0-1410" name="OtherTeamKingSquareIsBlackKingOfBoardCacheForEvenTurnCounters(2)" fullname="ChessWithTDD.Tests.BoardTests.OtherTeamKingSquareIsBlackKingOfBoardCacheForEvenTurnCounters(2)" methodname="OtherTeamKingSquareIsBlackKingOfBoardCacheForEvenTurnCounters" classname="ChessWithTDD.Tests.BoardTests" runstate="Runnable" seed="1739215742" result="Passed" start-time="2017-07-06 22:55:12Z" end-time="2017-07-06 22:55:12Z" duration="0.001196" asserts="1" />
            <test-case id="0-1411" name="OtherTeamKingSquareIsBlackKingOfBoardCacheForEvenTurnCounters(22)" fullname="ChessWithTDD.Tests.BoardTests.OtherTeamKingSquareIsBlackKingOfBoardCacheForEvenTurnCounters(22)" methodname="OtherTeamKingSquareIsBlackKingOfBoardCacheForEvenTurnCounters" classname="ChessWithTDD.Tests.BoardTests" runstate="Runnable" seed="1398471552" result="Passed" start-time="2017-07-06 22:55:12Z" end-time="2017-07-06 22:55:12Z" duration="0.001140" asserts="1" />
          </test-suite>
          <test-suite type="ParameterizedMethod" id="0-1416" name="OtherTeamKingSquareIsWhiteKingOfBoardCacheForOddTurnCounters" fullname="ChessWithTDD.Tests.BoardTests.OtherTeamKingSquareIsWhiteKingOfBoardCacheForOddTurnCounters" classname="ChessWithTDD.Tests.BoardTests" runstate="Runnable" testcasecount="3" result="Passed" start-time="2017-07-06 22:55:12Z" end-time="2017-07-06 22:55:12Z" duration="0.014513" total="3" passed="3" failed="0" warnings="0" inconclusive="0" skipped="0" asserts="3">
            <test-case id="0-1413" name="OtherTeamKingSquareIsWhiteKingOfBoardCacheForOddTurnCounters(1)" fullname="ChessWithTDD.Tests.BoardTests.OtherTeamKingSquareIsWhiteKingOfBoardCacheForOddTurnCounters(1)" methodname="OtherTeamKingSquareIsWhiteKingOfBoardCacheForOddTurnCounters" classname="ChessWithTDD.Tests.BoardTests" runstate="Runnable" seed="1919693021" result="Passed" start-time="2017-07-06 22:55:12Z" end-time="2017-07-06 22:55:12Z" duration="0.002123" asserts="1" />
            <test-case id="0-1414" name="OtherTeamKingSquareIsWhiteKingOfBoardCacheForOddTurnCounters(3)" fullname="ChessWithTDD.Tests.BoardTests.OtherTeamKingSquareIsWhiteKingOfBoardCacheForOddTurnCounters(3)" methodname="OtherTeamKingSquareIsWhiteKingOfBoardCacheForOddTurnCounters" classname="ChessWithTDD.Tests.BoardTests" runstate="Runnable" seed="817874832" result="Passed" start-time="2017-07-06 22:55:12Z" end-time="2017-07-06 22:55:12Z" duration="0.001172" asserts="1" />
            <test-case id="0-1415" name="OtherTeamKingSquareIsWhiteKingOfBoardCacheForOddTurnCounters(19)" fullname="ChessWithTDD.Tests.BoardTests.OtherTeamKingSquareIsWhiteKingOfBoardCacheForOddTurnCounters(19)" methodname="OtherTeamKingSquareIsWhiteKingOfBoardCacheForOddTurnCounters" classname="ChessWithTDD.Tests.BoardTests" runstate="Runnable" seed="1168193947" result="Passed" start-time="2017-07-06 22:55:12Z" end-time="2017-07-06 22:55:12Z" duration="0.002813" asserts="1" />
          </test-suite>
          <test-suite type="ParameterizedMethod" id="0-1428" name="OtherTeamPieceSquaresIsBlackTeamOfBoardCacheForEvenTurnCounters" fullname="ChessWithTDD.Tests.BoardTests.OtherTeamPieceSquaresIsBlackTeamOfBoardCacheForEvenTurnCounters" classname="ChessWithTDD.Tests.BoardTests" runstate="Runnable" testcasecount="3" result="Passed" start-time="2017-07-06 22:55:12Z" end-time="2017-07-06 22:55:12Z" duration="0.013478" total="3" passed="3" failed="0" warnings="0" inconclusive="0" skipped="0" asserts="3">
            <test-case id="0-1425" name="OtherTeamPieceSquaresIsBlackTeamOfBoardCacheForEvenTurnCounters(0)" fullname="ChessWithTDD.Tests.BoardTests.OtherTeamPieceSquaresIsBlackTeamOfBoardCacheForEvenTurnCounters(0)" methodname="OtherTeamPieceSquaresIsBlackTeamOfBoardCacheForEvenTurnCounters" classname="ChessWithTDD.Tests.BoardTests" runstate="Runnable" seed="1626579640" result="Passed" start-time="2017-07-06 22:55:12Z" end-time="2017-07-06 22:55:12Z" duration="0.002407" asserts="1" />
            <test-case id="0-1426" name="OtherTeamPieceSquaresIsBlackTeamOfBoardCacheForEvenTurnCounters(2)" fullname="ChessWithTDD.Tests.BoardTests.OtherTeamPieceSquaresIsBlackTeamOfBoardCacheForEvenTurnCounters(2)" methodname="OtherTeamPieceSquaresIsBlackTeamOfBoardCacheForEvenTurnCounters" classname="ChessWithTDD.Tests.BoardTests" runstate="Runnable" seed="110966073" result="Passed" start-time="2017-07-06 22:55:12Z" end-time="2017-07-06 22:55:12Z" duration="0.001131" asserts="1" />
            <test-case id="0-1427" name="OtherTeamPieceSquaresIsBlackTeamOfBoardCacheForEvenTurnCounters(22)" fullname="ChessWithTDD.Tests.BoardTests.OtherTeamPieceSquaresIsBlackTeamOfBoardCacheForEvenTurnCounters(22)" methodname="OtherTeamPieceSquaresIsBlackTeamOfBoardCacheForEvenTurnCounters" classname="ChessWithTDD.Tests.BoardTests" runstate="Runnable" seed="1668435504" result="Passed" start-time="2017-07-06 22:55:12Z" end-time="2017-07-06 22:55:12Z" duration="0.001220" asserts="1" />
          </test-suite>
          <test-suite type="ParameterizedMethod" id="0-1432" name="OtherTeamPieceSquaresIsWhiteTeamOfBoardCacheForOddTurnCounters" fullname="ChessWithTDD.Tests.BoardTests.OtherTeamPieceSquaresIsWhiteTeamOfBoardCacheForOddTurnCounters" classname="ChessWithTDD.Tests.BoardTests" runstate="Runnable" testcasecount="3" result="Passed" start-time="2017-07-06 22:55:12Z" end-time="2017-07-06 22:55:12Z" duration="0.013556" total="3" passed="3" failed="0" warnings="0" inconclusive="0" skipped="0" asserts="3">
            <test-case id="0-1429" name="OtherTeamPieceSquaresIsWhiteTeamOfBoardCacheForOddTurnCounters(1)" fullname="ChessWithTDD.Tests.BoardTests.OtherTeamPieceSquaresIsWhiteTeamOfBoardCacheForOddTurnCounters(1)" methodname="OtherTeamPieceSquaresIsWhiteTeamOfBoardCacheForOddTurnCounters" classname="ChessWithTDD.Tests.BoardTests" runstate="Runnable" seed="1029584810" result="Passed" start-time="2017-07-06 22:55:12Z" end-time="2017-07-06 22:55:12Z" duration="0.002231" asserts="1" />
            <test-case id="0-1430" name="OtherTeamPieceSquaresIsWhiteTeamOfBoardCacheForOddTurnCounters(3)" fullname="ChessWithTDD.Tests.BoardTests.OtherTeamPieceSquaresIsWhiteTeamOfBoardCacheForOddTurnCounters(3)" methodname="OtherTeamPieceSquaresIsWhiteTeamOfBoardCacheForOddTurnCounters" classname="ChessWithTDD.Tests.BoardTests" runstate="Runnable" seed="1847500604" result="Passed" start-time="2017-07-06 22:55:12Z" end-time="2017-07-06 22:55:12Z" duration="0.001242" asserts="1" />
            <test-case id="0-1431" name="OtherTeamPieceSquaresIsWhiteTeamOfBoardCacheForOddTurnCounters(19)" fullname="ChessWithTDD.Tests.BoardTests.OtherTeamPieceSquaresIsWhiteTeamOfBoardCacheForOddTurnCounters(19)" methodname="OtherTeamPieceSquaresIsWhiteTeamOfBoardCacheForOddTurnCounters" classname="ChessWithTDD.Tests.BoardTests" runstate="Runnable" seed="843566710" result="Passed" start-time="2017-07-06 22:55:12Z" end-time="2017-07-06 22:55:12Z" duration="0.001388" asserts="1" />
          </test-suite>
          <test-case id="0-1392" name="SquareAtPositionFiveSixOnBoardHasRowFiveAndColSix" fullname="ChessWithTDD.Tests.BoardTests.SquareAtPositionFiveSixOnBoardHasRowFiveAndColSix" methodname="SquareAtPositionFiveSixOnBoardHasRowFiveAndColSix" classname="ChessWithTDD.Tests.BoardTests" runstate="Runnable" seed="1962056850" result="Passed" start-time="2017-07-06 22:55:12Z" end-time="2017-07-06 22:55:12Z" duration="0.001499" asserts="1" />
          <test-suite type="ParameterizedMethod" id="0-1440" name="TeamWithTurnIsBlackForOddTurnCounters" fullname="ChessWithTDD.Tests.BoardTests.TeamWithTurnIsBlackForOddTurnCounters" classname="ChessWithTDD.Tests.BoardTests" runstate="Runnable" testcasecount="3" result="Passed" start-time="2017-07-06 22:55:12Z" end-time="2017-07-06 22:55:12Z" duration="0.012013" total="3" passed="3" failed="0" warnings="0" inconclusive="0" skipped="0" asserts="3">
            <test-case id="0-1437" name="TeamWithTurnIsBlackForOddTurnCounters(1)" fullname="ChessWithTDD.Tests.BoardTests.TeamWithTurnIsBlackForOddTurnCounters(1)" methodname="TeamWithTurnIsBlackForOddTurnCounters" classname="ChessWithTDD.Tests.BoardTests" runstate="Runnable" seed="398179937" result="Passed" start-time="2017-07-06 22:55:12Z" end-time="2017-07-06 22:55:12Z" duration="0.001373" asserts="1" />
            <test-case id="0-1438" name="TeamWithTurnIsBlackForOddTurnCounters(3)" fullname="ChessWithTDD.Tests.BoardTests.TeamWithTurnIsBlackForOddTurnCounters(3)" methodname="TeamWithTurnIsBlackForOddTurnCounters" classname="ChessWithTDD.Tests.BoardTests" runstate="Runnable" seed="723236409" result="Passed" start-time="2017-07-06 22:55:12Z" end-time="2017-07-06 22:55:12Z" duration="0.000963" asserts="1" />
            <test-case id="0-1439" name="TeamWithTurnIsBlackForOddTurnCounters(19)" fullname="ChessWithTDD.Tests.BoardTests.TeamWithTurnIsBlackForOddTurnCounters(19)" methodname="TeamWithTurnIsBlackForOddTurnCounters" classname="ChessWithTDD.Tests.BoardTests" runstate="Runnable" seed="101993033" result="Passed" start-time="2017-07-06 22:55:12Z" end-time="2017-07-06 22:55:12Z" duration="0.000970" asserts="1" />
          </test-suite>
          <test-suite type="ParameterizedMethod" id="0-1436" name="TeamWithTurnIsWhiteForEvenTurnCounters" fullname="ChessWithTDD.Tests.BoardTests.TeamWithTurnIsWhiteForEvenTurnCounters" classname="ChessWithTDD.Tests.BoardTests" runstate="Runnable" testcasecount="3" result="Passed" start-time="2017-07-06 22:55:12Z" end-time="2017-07-06 22:55:12Z" duration="0.014518" total="3" passed="3" failed="0" warnings="0" inconclusive="0" skipped="0" asserts="3">
            <test-case id="0-1433" name="TeamWithTurnIsWhiteForEvenTurnCounters(0)" fullname="ChessWithTDD.Tests.BoardTests.TeamWithTurnIsWhiteForEvenTurnCounters(0)" methodname="TeamWithTurnIsWhiteForEvenTurnCounters" classname="ChessWithTDD.Tests.BoardTests" runstate="Runnable" seed="2015849257" result="Passed" start-time="2017-07-06 22:55:12Z" end-time="2017-07-06 22:55:12Z" duration="0.001591" asserts="1" />
            <test-case id="0-1434" name="TeamWithTurnIsWhiteForEvenTurnCounters(2)" fullname="ChessWithTDD.Tests.BoardTests.TeamWithTurnIsWhiteForEvenTurnCounters(2)" methodname="TeamWithTurnIsWhiteForEvenTurnCounters" classname="ChessWithTDD.Tests.BoardTests" runstate="Runnable" seed="863193822" result="Passed" start-time="2017-07-06 22:55:12Z" end-time="2017-07-06 22:55:12Z" duration="0.002482" asserts="1" />
            <test-case id="0-1435" name="TeamWithTurnIsWhiteForEvenTurnCounters(22)" fullname="ChessWithTDD.Tests.BoardTests.TeamWithTurnIsWhiteForEvenTurnCounters(22)" methodname="TeamWithTurnIsWhiteForEvenTurnCounters" classname="ChessWithTDD.Tests.BoardTests" runstate="Runnable" seed="1615106990" result="Passed" start-time="2017-07-06 22:55:12Z" end-time="2017-07-06 22:55:12Z" duration="0.001020" asserts="1" />
          </test-suite>
        </test-suite>
        <test-suite type="TestFixture" id="0-1026" name="CheckManagerTests" fullname="ChessWithTDD.Tests.CheckManagerTests" classname="ChessWithTDD.Tests.CheckManagerTests" runstate="Runnable" testcasecount="8" result="Passed" start-time="2017-07-06 22:55:12Z" end-time="2017-07-06 22:55:12Z" duration="0.070507" total="8" passed="8" failed="0" warnings="0" inconclusive="0" skipped="0" asserts="0">
          <test-case id="0-1031" name="IfBlackPieceMovedToCheckTheWhiteKingThenBoardAndWhiteKingPutInCheckState" fullname="ChessWithTDD.Tests.CheckManagerTests.IfBlackPieceMovedToCheckTheWhiteKingThenBoardAndWhiteKingPutInCheckState" methodname="IfBlackPieceMovedToCheckTheWhiteKingThenBoardAndWhiteKingPutInCheckState" classname="ChessWithTDD.Tests.CheckManagerTests" runstate="Runnable" seed="1305467175" result="Passed" start-time="2017-07-06 22:55:12Z" end-time="2017-07-06 22:55:12Z" duration="0.019268" asserts="0" />
          <test-suite type="ParameterizedMethod" id="0-1034" name="IfBlackPieceMovedToCheckTheWhiteKingThenCheckMateManagerCalledAndBoardCheckMateStateSetToValue" fullname="ChessWithTDD.Tests.CheckManagerTests.IfBlackPieceMovedToCheckTheWhiteKingThenCheckMateManagerCalledAndBoardCheckMateStateSetToValue" classname="ChessWithTDD.Tests.CheckManagerTests" runstate="Runnable" testcasecount="2" result="Passed" start-time="2017-07-06 22:55:12Z" end-time="2017-07-06 22:55:12Z" duration="0.011058" total="2" passed="2" failed="0" warnings="0" inconclusive="0" skipped="0" asserts="0">
            <test-case id="0-1032" name="IfBlackPieceMovedToCheckTheWhiteKingThenCheckMateManagerCalledAndBoardCheckMateStateSetToValue(True)" fullname="ChessWithTDD.Tests.CheckManagerTests.IfBlackPieceMovedToCheckTheWhiteKingThenCheckMateManagerCalledAndBoardCheckMateStateSetToValue(True)" methodname="IfBlackPieceMovedToCheckTheWhiteKingThenCheckMateManagerCalledAndBoardCheckMateStateSetToValue" classname="ChessWithTDD.Tests.CheckManagerTests" runstate="Runnable" seed="1392329269" result="Passed" start-time="2017-07-06 22:55:12Z" end-time="2017-07-06 22:55:12Z" duration="0.004121" asserts="0" />
            <test-case id="0-1033" name="IfBlackPieceMovedToCheckTheWhiteKingThenCheckMateManagerCalledAndBoardCheckMateStateSetToValue(False)" fullname="ChessWithTDD.Tests.CheckManagerTests.IfBlackPieceMovedToCheckTheWhiteKingThenCheckMateManagerCalledAndBoardCheckMateStateSetToValue(False)" methodname="IfBlackPieceMovedToCheckTheWhiteKingThenCheckMateManagerCalledAndBoardCheckMateStateSetToValue" classname="ChessWithTDD.Tests.CheckManagerTests" runstate="Runnable" seed="1627865873" result="Passed" start-time="2017-07-06 22:55:12Z" end-time="2017-07-06 22:55:12Z" duration="0.001388" asserts="0" />
          </test-suite>
          <test-case id="0-1036" name="IfBoardAndBlackKingInCheckStateRemoveCheckStates" fullname="ChessWithTDD.Tests.CheckManagerTests.IfBoardAndBlackKingInCheckStateRemoveCheckStates" methodname="IfBoardAndBlackKingInCheckStateRemoveCheckStates" classname="ChessWithTDD.Tests.CheckManagerTests" runstate="Runnable" seed="1119738347" result="Passed" start-time="2017-07-06 22:55:12Z" end-time="2017-07-06 22:55:12Z" duration="0.004956" asserts="0" />
          <test-case id="0-1035" name="IfBoardAndWhiteKingInCheckStateRemoveCheckStates" fullname="ChessWithTDD.Tests.CheckManagerTests.IfBoardAndWhiteKingInCheckStateRemoveCheckStates" methodname="IfBoardAndWhiteKingInCheckStateRemoveCheckStates" classname="ChessWithTDD.Tests.CheckManagerTests" runstate="Runnable" seed="1923170550" result="Passed" start-time="2017-07-06 22:55:12Z" end-time="2017-07-06 22:55:12Z" duration="0.003044" asserts="0" />
          <test-case id="0-1027" name="IfWhitePieceMovedToCheckTheBlackKingThenBoardAndBlackKingPutInCheckState" fullname="ChessWithTDD.Tests.CheckManagerTests.IfWhitePieceMovedToCheckTheBlackKingThenBoardAndBlackKingPutInCheckState" methodname="IfWhitePieceMovedToCheckTheBlackKingThenBoardAndBlackKingPutInCheckState" classname="ChessWithTDD.Tests.CheckManagerTests" runstate="Runnable" seed="470695931" result="Passed" start-time="2017-07-06 22:55:12Z" end-time="2017-07-06 22:55:12Z" duration="0.003821" asserts="0" />
          <test-suite type="ParameterizedMethod" id="0-1030" name="IfWhitePieceMovedToCheckTheBlackKingThenCheckMateManagerCalledAndBoardCheckMateStateSetToValue" fullname="ChessWithTDD.Tests.CheckManagerTests.IfWhitePieceMovedToCheckTheBlackKingThenCheckMateManagerCalledAndBoardCheckMateStateSetToValue" classname="ChessWithTDD.Tests.CheckManagerTests" runstate="Runnable" testcasecount="2" result="Passed" start-time="2017-07-06 22:55:12Z" end-time="2017-07-06 22:55:12Z" duration="0.009990" total="2" passed="2" failed="0" warnings="0" inconclusive="0" skipped="0" asserts="0">
            <test-case id="0-1028" name="IfWhitePieceMovedToCheckTheBlackKingThenCheckMateManagerCalledAndBoardCheckMateStateSetToValue(True)" fullname="ChessWithTDD.Tests.CheckManagerTests.IfWhitePieceMovedToCheckTheBlackKingThenCheckMateManagerCalledAndBoardCheckMateStateSetToValue(True)" methodname="IfWhitePieceMovedToCheckTheBlackKingThenCheckMateManagerCalledAndBoardCheckMateStateSetToValue" classname="ChessWithTDD.Tests.CheckManagerTests" runstate="Runnable" seed="616697536" result="Passed" start-time="2017-07-06 22:55:12Z" end-time="2017-07-06 22:55:12Z" duration="0.002905" asserts="0" />
            <test-case id="0-1029" name="IfWhitePieceMovedToCheckTheBlackKingThenCheckMateManagerCalledAndBoardCheckMateStateSetToValue(False)" fullname="ChessWithTDD.Tests.CheckManagerTests.IfWhitePieceMovedToCheckTheBlackKingThenCheckMateManagerCalledAndBoardCheckMateStateSetToValue(False)" methodname="IfWhitePieceMovedToCheckTheBlackKingThenCheckMateManagerCalledAndBoardCheckMateStateSetToValue" classname="ChessWithTDD.Tests.CheckManagerTests" runstate="Runnable" seed="594733041" result="Passed" start-time="2017-07-06 22:55:12Z" end-time="2017-07-06 22:55:12Z" duration="0.001254" asserts="0" />
          </test-suite>
        </test-suite>
        <test-suite type="TestFixture" id="0-1037" name="CheckMateEscapeManagerTests" fullname="ChessWithTDD.Tests.CheckMateEscapeManagerTests" classname="ChessWithTDD.Tests.CheckMateEscapeManagerTests" runstate="Runnable" testcasecount="39" result="Passed" start-time="2017-07-06 22:55:12Z" end-time="2017-07-06 22:55:12Z" duration="0.232305" total="39" passed="39" failed="0" warnings="0" inconclusive="0" skipped="0" asserts="39">
          <test-case id="0-1048" name="IfAFriendlySquareCanTakeTheThreateningPieceReturnTrue" fullname="ChessWithTDD.Tests.CheckMateEscapeManagerTests.IfAFriendlySquareCanTakeTheThreateningPieceReturnTrue" methodname="IfAFriendlySquareCanTakeTheThreateningPieceReturnTrue" classname="ChessWithTDD.Tests.CheckMateEscapeManagerTests" runstate="Runnable" seed="412105157" result="Passed" start-time="2017-07-06 22:55:12Z" end-time="2017-07-06 22:55:12Z" duration="0.001831" asserts="1" />
          <test-suite type="ParameterizedMethod" id="0-1073" name="IfFriendlyPieceCanInterceptThreateningPieceThenReturnTrue" fullname="ChessWithTDD.Tests.CheckMateEscapeManagerTests.IfFriendlyPieceCanInterceptThreateningPieceThenReturnTrue" classname="ChessWithTDD.Tests.CheckMateEscapeManagerTests" runstate="Runnable" testcasecount="8" result="Passed" start-time="2017-07-06 22:55:12Z" end-time="2017-07-06 22:55:12Z" duration="0.057290" total="8" passed="8" failed="0" warnings="0" inconclusive="0" skipped="0" asserts="8">
            <test-case id="0-1065" name="IfFriendlyPieceCanInterceptThreateningPieceThenReturnTrue(3,2,3,7,3,5)" fullname="ChessWithTDD.Tests.CheckMateEscapeManagerTests.IfFriendlyPieceCanInterceptThreateningPieceThenReturnTrue(3,2,3,7,3,5)" methodname="IfFriendlyPieceCanInterceptThreateningPieceThenReturnTrue" classname="ChessWithTDD.Tests.CheckMateEscapeManagerTests" runstate="Runnable" seed="1510894290" result="Passed" start-time="2017-07-06 22:55:12Z" end-time="2017-07-06 22:55:12Z" duration="0.004565" asserts="1" />
            <test-case id="0-1066" name="IfFriendlyPieceCanInterceptThreateningPieceThenReturnTrue(3,6,3,0,3,2)" fullname="ChessWithTDD.Tests.CheckMateEscapeManagerTests.IfFriendlyPieceCanInterceptThreateningPieceThenReturnTrue(3,6,3,0,3,2)" methodname="IfFriendlyPieceCanInterceptThreateningPieceThenReturnTrue" classname="ChessWithTDD.Tests.CheckMateEscapeManagerTests" runstate="Runnable" seed="580779215" result="Passed" start-time="2017-07-06 22:55:12Z" end-time="2017-07-06 22:55:12Z" duration="0.003067" asserts="1" />
            <test-case id="0-1067" name="IfFriendlyPieceCanInterceptThreateningPieceThenReturnTrue(2,2,6,2,4,2)" fullname="ChessWithTDD.Tests.CheckMateEscapeManagerTests.IfFriendlyPieceCanInterceptThreateningPieceThenReturnTrue(2,2,6,2,4,2)" methodname="IfFriendlyPieceCanInterceptThreateningPieceThenReturnTrue" classname="ChessWithTDD.Tests.CheckMateEscapeManagerTests" runstate="Runnable" seed="1989057103" result="Passed" start-time="2017-07-06 22:55:12Z" end-time="2017-07-06 22:55:12Z" duration="0.002956" asserts="1" />
            <test-case id="0-1068" name="IfFriendlyPieceCanInterceptThreateningPieceThenReturnTrue(5,2,2,2,3,2)" fullname="ChessWithTDD.Tests.CheckMateEscapeManagerTests.IfFriendlyPieceCanInterceptThreateningPieceThenReturnTrue(5,2,2,2,3,2)" methodname="IfFriendlyPieceCanInterceptThreateningPieceThenReturnTrue" classname="ChessWithTDD.Tests.CheckMateEscapeManagerTests" runstate="Runnable" seed="152318887" result="Passed" start-time="2017-07-06 22:55:12Z" end-time="2017-07-06 22:55:12Z" duration="0.003030" asserts="1" />
            <test-case id="0-1069" name="IfFriendlyPieceCanInterceptThreateningPieceThenReturnTrue(2,5,5,2,4,3)" fullname="ChessWithTDD.Tests.CheckMateEscapeManagerTests.IfFriendlyPieceCanInterceptThreateningPieceThenReturnTrue(2,5,5,2,4,3)" methodname="IfFriendlyPieceCanInterceptThreateningPieceThenReturnTrue" classname="ChessWithTDD.Tests.CheckMateEscapeManagerTests" runstate="Runnable" seed="1149079598" result="Passed" start-time="2017-07-06 22:55:12Z" end-time="2017-07-06 22:55:12Z" duration="0.003022" asserts="1" />
            <test-case id="0-1070" name="IfFriendlyPieceCanInterceptThreateningPieceThenReturnTrue(2,3,5,6,4,5)" fullname="ChessWithTDD.Tests.CheckMateEscapeManagerTests.IfFriendlyPieceCanInterceptThreateningPieceThenReturnTrue(2,3,5,6,4,5)" methodname="IfFriendlyPieceCanInterceptThreateningPieceThenReturnTrue" classname="ChessWithTDD.Tests.CheckMateEscapeManagerTests" runstate="Runnable" seed="1753281406" result="Passed" start-time="2017-07-06 22:55:12Z" end-time="2017-07-06 22:55:12Z" duration="0.003173" asserts="1" />
            <test-case id="0-1071" name="IfFriendlyPieceCanInterceptThreateningPieceThenReturnTrue(5,5,2,2,3,3)" fullname="ChessWithTDD.Tests.CheckMateEscapeManagerTests.IfFriendlyPieceCanInterceptThreateningPieceThenReturnTrue(5,5,2,2,3,3)" methodname="IfFriendlyPieceCanInterceptThreateningPieceThenReturnTrue" classname="ChessWithTDD.Tests.CheckMateEscapeManagerTests" runstate="Runnable" seed="513881101" result="Passed" start-time="2017-07-06 22:55:12Z" end-time="2017-07-06 22:55:12Z" duration="0.003089" asserts="1" />
            <test-case id="0-1072" name="IfFriendlyPieceCanInterceptThreateningPieceThenReturnTrue(5,2,2,5,3,4)" fullname="ChessWithTDD.Tests.CheckMateEscapeManagerTests.IfFriendlyPieceCanInterceptThreateningPieceThenReturnTrue(5,2,2,5,3,4)" methodname="IfFriendlyPieceCanInterceptThreateningPieceThenReturnTrue" classname="ChessWithTDD.Tests.CheckMateEscapeManagerTests" runstate="Runnable" seed="2069056405" result="Passed" start-time="2017-07-06 22:55:12Z" end-time="2017-07-06 22:55:12Z" duration="0.007505" asserts="1" />
          </test-suite>
          <test-suite type="ParameterizedMethod" id="0-1082" name="IfNoFriendlyPieceCanInterceptThreateningPieceThenReturnFalse" fullname="ChessWithTDD.Tests.CheckMateEscapeManagerTests.IfNoFriendlyPieceCanInterceptThreateningPieceThenReturnFalse" classname="ChessWithTDD.Tests.CheckMateEscapeManagerTests" runstate="Runnable" testcasecount="8" result="Passed" start-time="2017-07-06 22:55:12Z" end-time="2017-07-06 22:55:12Z" duration="0.041033" total="8" passed="8" failed="0" warnings="0" inconclusive="0" skipped="0" asserts="8">
            <test-case id="0-1074" name="IfNoFriendlyPieceCanInterceptThreateningPieceThenReturnFalse(3,2,3,7,3,5)" fullname="ChessWithTDD.Tests.CheckMateEscapeManagerTests.IfNoFriendlyPieceCanInterceptThreateningPieceThenReturnFalse(3,2,3,7,3,5)" methodname="IfNoFriendlyPieceCanInterceptThreateningPieceThenReturnFalse" classname="ChessWithTDD.Tests.CheckMateEscapeManagerTests" runstate="Runnable" seed="1918796461" result="Passed" start-time="2017-07-06 22:55:12Z" end-time="2017-07-06 22:55:12Z" duration="0.002769" asserts="1" />
            <test-case id="0-1075" name="IfNoFriendlyPieceCanInterceptThreateningPieceThenReturnFalse(3,6,3,0,3,2)" fullname="ChessWithTDD.Tests.CheckMateEscapeManagerTests.IfNoFriendlyPieceCanInterceptThreateningPieceThenReturnFalse(3,6,3,0,3,2)" methodname="IfNoFriendlyPieceCanInterceptThreateningPieceThenReturnFalse" classname="ChessWithTDD.Tests.CheckMateEscapeManagerTests" runstate="Runnable" seed="392373428" result="Passed" start-time="2017-07-06 22:55:12Z" end-time="2017-07-06 22:55:12Z" duration="0.002110" asserts="1" />
            <test-case id="0-1076" name="IfNoFriendlyPieceCanInterceptThreateningPieceThenReturnFalse(2,2,6,2,4,2)" fullname="ChessWithTDD.Tests.CheckMateEscapeManagerTests.IfNoFriendlyPieceCanInterceptThreateningPieceThenReturnFalse(2,2,6,2,4,2)" methodname="IfNoFriendlyPieceCanInterceptThreateningPieceThenReturnFalse" classname="ChessWithTDD.Tests.CheckMateEscapeManagerTests" runstate="Runnable" seed="570753548" result="Passed" start-time="2017-07-06 22:55:12Z" end-time="2017-07-06 22:55:12Z" duration="0.001652" asserts="1" />
            <test-case id="0-1077" name="IfNoFriendlyPieceCanInterceptThreateningPieceThenReturnFalse(5,2,2,2,3,2)" fullname="ChessWithTDD.Tests.CheckMateEscapeManagerTests.IfNoFriendlyPieceCanInterceptThreateningPieceThenReturnFalse(5,2,2,2,3,2)" methodname="IfNoFriendlyPieceCanInterceptThreateningPieceThenReturnFalse" classname="ChessWithTDD.Tests.CheckMateEscapeManagerTests" runstate="Runnable" seed="1330583127" result="Passed" start-time="2017-07-06 22:55:12Z" end-time="2017-07-06 22:55:12Z" duration="0.001746" asserts="1" />
            <test-case id="0-1078" name="IfNoFriendlyPieceCanInterceptThreateningPieceThenReturnFalse(2,5,5,2,4,3)" fullname="ChessWithTDD.Tests.CheckMateEscapeManagerTests.IfNoFriendlyPieceCanInterceptThreateningPieceThenReturnFalse(2,5,5,2,4,3)" methodname="IfNoFriendlyPieceCanInterceptThreateningPieceThenReturnFalse" classname="ChessWithTDD.Tests.CheckMateEscapeManagerTests" runstate="Runnable" seed="1745807871" result="Passed" start-time="2017-07-06 22:55:12Z" end-time="2017-07-06 22:55:12Z" duration="0.002665" asserts="1" />
            <test-case id="0-1079" name="IfNoFriendlyPieceCanInterceptThreateningPieceThenReturnFalse(2,3,5,6,4,5)" fullname="ChessWithTDD.Tests.CheckMateEscapeManagerTests.IfNoFriendlyPieceCanInterceptThreateningPieceThenReturnFalse(2,3,5,6,4,5)" methodname="IfNoFriendlyPieceCanInterceptThreateningPieceThenReturnFalse" classname="ChessWithTDD.Tests.CheckMateEscapeManagerTests" runstate="Runnable" seed="1063517663" result="Passed" start-time="2017-07-06 22:55:12Z" end-time="2017-07-06 22:55:12Z" duration="0.002118" asserts="1" />
            <test-case id="0-1080" name="IfNoFriendlyPieceCanInterceptThreateningPieceThenReturnFalse(5,5,2,2,3,3)" fullname="ChessWithTDD.Tests.CheckMateEscapeManagerTests.IfNoFriendlyPieceCanInterceptThreateningPieceThenReturnFalse(5,5,2,2,3,3)" methodname="IfNoFriendlyPieceCanInterceptThreateningPieceThenReturnFalse" classname="ChessWithTDD.Tests.CheckMateEscapeManagerTests" runstate="Runnable" seed="498885779" result="Passed" start-time="2017-07-06 22:55:12Z" end-time="2017-07-06 22:55:12Z" duration="0.001885" asserts="1" />
            <test-case id="0-1081" name="IfNoFriendlyPieceCanInterceptThreateningPieceThenReturnFalse(5,2,2,5,3,4)" fullname="ChessWithTDD.Tests.CheckMateEscapeManagerTests.IfNoFriendlyPieceCanInterceptThreateningPieceThenReturnFalse(5,2,2,5,3,4)" methodname="IfNoFriendlyPieceCanInterceptThreateningPieceThenReturnFalse" classname="ChessWithTDD.Tests.CheckMateEscapeManagerTests" runstate="Runnable" seed="1496453406" result="Passed" start-time="2017-07-06 22:55:12Z" end-time="2017-07-06 22:55:12Z" duration="0.001890" asserts="1" />
          </test-suite>
          <test-case id="0-1049" name="IfNoFriendlySquareCanTakeTheThreateningPieceReturnFalse" fullname="ChessWithTDD.Tests.CheckMateEscapeManagerTests.IfNoFriendlySquareCanTakeTheThreateningPieceReturnFalse" methodname="IfNoFriendlySquareCanTakeTheThreateningPieceReturnFalse" classname="ChessWithTDD.Tests.CheckMateEscapeManagerTests" runstate="Runnable" seed="2066063864" result="Passed" start-time="2017-07-06 22:55:12Z" end-time="2017-07-06 22:55:12Z" duration="0.001416" asserts="1" />
          <test-case id="0-1047" name="IfNoMoveIsValidForKingThenReturnFalse" fullname="ChessWithTDD.Tests.CheckMateEscapeManagerTests.IfNoMoveIsValidForKingThenReturnFalse" methodname="IfNoMoveIsValidForKingThenReturnFalse" classname="ChessWithTDD.Tests.CheckMateEscapeManagerTests" runstate="Runnable" seed="1536884527" result="Passed" start-time="2017-07-06 22:55:12Z" end-time="2017-07-06 22:55:12Z" duration="0.002323" asserts="1" />
          <test-suite type="ParameterizedMethod" id="0-1046" name="IfThereIsAValidMoveForKingThenReturnTrue" fullname="ChessWithTDD.Tests.CheckMateEscapeManagerTests.IfThereIsAValidMoveForKingThenReturnTrue" classname="ChessWithTDD.Tests.CheckMateEscapeManagerTests" runstate="Runnable" testcasecount="8" result="Passed" start-time="2017-07-06 22:55:12Z" end-time="2017-07-06 22:55:12Z" duration="0.036533" total="8" passed="8" failed="0" warnings="0" inconclusive="0" skipped="0" asserts="8">
            <test-case id="0-1038" name="IfThereIsAValidMoveForKingThenReturnTrue(3,3,3,4)" fullname="ChessWithTDD.Tests.CheckMateEscapeManagerTests.IfThereIsAValidMoveForKingThenReturnTrue(3,3,3,4)" methodname="IfThereIsAValidMoveForKingThenReturnTrue" classname="ChessWithTDD.Tests.CheckMateEscapeManagerTests" runstate="Runnable" seed="985463624" result="Passed" start-time="2017-07-06 22:55:12Z" end-time="2017-07-06 22:55:12Z" duration="0.002083" asserts="1" />
            <test-case id="0-1039" name="IfThereIsAValidMoveForKingThenReturnTrue(3,3,3,2)" fullname="ChessWithTDD.Tests.CheckMateEscapeManagerTests.IfThereIsAValidMoveForKingThenReturnTrue(3,3,3,2)" methodname="IfThereIsAValidMoveForKingThenReturnTrue" classname="ChessWithTDD.Tests.CheckMateEscapeManagerTests" runstate="Runnable" seed="797135640" result="Passed" start-time="2017-07-06 22:55:12Z" end-time="2017-07-06 22:55:12Z" duration="0.001222" asserts="1" />
            <test-case id="0-1040" name="IfThereIsAValidMoveForKingThenReturnTrue(3,3,4,3)" fullname="ChessWithTDD.Tests.CheckMateEscapeManagerTests.IfThereIsAValidMoveForKingThenReturnTrue(3,3,4,3)" methodname="IfThereIsAValidMoveForKingThenReturnTrue" classname="ChessWithTDD.Tests.CheckMateEscapeManagerTests" runstate="Runnable" seed="2108125768" result="Passed" start-time="2017-07-06 22:55:12Z" end-time="2017-07-06 22:55:12Z" duration="0.001216" asserts="1" />
            <test-case id="0-1041" name="IfThereIsAValidMoveForKingThenReturnTrue(3,3,2,3)" fullname="ChessWithTDD.Tests.CheckMateEscapeManagerTests.IfThereIsAValidMoveForKingThenReturnTrue(3,3,2,3)" methodname="IfThereIsAValidMoveForKingThenReturnTrue" classname="ChessWithTDD.Tests.CheckMateEscapeManagerTests" runstate="Runnable" seed="1264824786" result="Passed" start-time="2017-07-06 22:55:12Z" end-time="2017-07-06 22:55:12Z" duration="0.001583" asserts="1" />
            <test-case id="0-1042" name="IfThereIsAValidMoveForKingThenReturnTrue(3,3,4,4)" fullname="ChessWithTDD.Tests.CheckMateEscapeManagerTests.IfThereIsAValidMoveForKingThenReturnTrue(3,3,4,4)" methodname="IfThereIsAValidMoveForKingThenReturnTrue" classname="ChessWithTDD.Tests.CheckMateEscapeManagerTests" runstate="Runnable" seed="583932875" result="Passed" start-time="2017-07-06 22:55:12Z" end-time="2017-07-06 22:55:12Z" duration="0.001701" asserts="1" />
            <test-case id="0-1043" name="IfThereIsAValidMoveForKingThenReturnTrue(3,3,2,2)" fullname="ChessWithTDD.Tests.CheckMateEscapeManagerTests.IfThereIsAValidMoveForKingThenReturnTrue(3,3,2,2)" methodname="IfThereIsAValidMoveForKingThenReturnTrue" classname="ChessWithTDD.Tests.CheckMateEscapeManagerTests" runstate="Runnable" seed="1006583921" result="Passed" start-time="2017-07-06 22:55:12Z" end-time="2017-07-06 22:55:12Z" duration="0.001292" asserts="1" />
            <test-case id="0-1044" name="IfThereIsAValidMoveForKingThenReturnTrue(3,3,4,2)" fullname="ChessWithTDD.Tests.CheckMateEscapeManagerTests.IfThereIsAValidMoveForKingThenReturnTrue(3,3,4,2)" methodname="IfThereIsAValidMoveForKingThenReturnTrue" classname="ChessWithTDD.Tests.CheckMateEscapeManagerTests" runstate="Runnable" seed="1296688991" result="Passed" start-time="2017-07-06 22:55:12Z" end-time="2017-07-06 22:55:12Z" duration="0.001334" asserts="1" />
            <test-case id="0-1045" name="IfThereIsAValidMoveForKingThenReturnTrue(3,3,2,4)" fullname="ChessWithTDD.Tests.CheckMateEscapeManagerTests.IfThereIsAValidMoveForKingThenReturnTrue(3,3,2,4)" methodname="IfThereIsAValidMoveForKingThenReturnTrue" classname="ChessWithTDD.Tests.CheckMateEscapeManagerTests" runstate="Runnable" seed="985457333" result="Passed" start-time="2017-07-06 22:55:12Z" end-time="2017-07-06 22:55:12Z" duration="0.001595" asserts="1" />
          </test-suite>
          <test-suite type="ParameterizedMethod" id="0-1052" name="IfTheThreateningPieceIsAKnightButNotAdjacentItIsUnblockable" fullname="ChessWithTDD.Tests.CheckMateEscapeManagerTests.IfTheThreateningPieceIsAKnightButNotAdjacentItIsUnblockable" classname="ChessWithTDD.Tests.CheckMateEscapeManagerTests" runstate="Runnable" testcasecount="2" result="Passed" start-time="2017-07-06 22:55:12Z" end-time="2017-07-06 22:55:12Z" duration="0.019969" total="2" passed="2" failed="0" warnings="0" inconclusive="0" skipped="0" asserts="2">
            <test-case id="0-1050" name="IfTheThreateningPieceIsAKnightButNotAdjacentItIsUnblockable(3,3,5,5)" fullname="ChessWithTDD.Tests.CheckMateEscapeManagerTests.IfTheThreateningPieceIsAKnightButNotAdjacentItIsUnblockable(3,3,5,5)" methodname="IfTheThreateningPieceIsAKnightButNotAdjacentItIsUnblockable" classname="ChessWithTDD.Tests.CheckMateEscapeManagerTests" runstate="Runnable" seed="500600255" result="Passed" start-time="2017-07-06 22:55:12Z" end-time="2017-07-06 22:55:12Z" duration="0.012737" asserts="1" />
            <test-case id="0-1051" name="IfTheThreateningPieceIsAKnightButNotAdjacentItIsUnblockable(4,4,2,3)" fullname="ChessWithTDD.Tests.CheckMateEscapeManagerTests.IfTheThreateningPieceIsAKnightButNotAdjacentItIsUnblockable(4,4,2,3)" methodname="IfTheThreateningPieceIsAKnightButNotAdjacentItIsUnblockable" classname="ChessWithTDD.Tests.CheckMateEscapeManagerTests" runstate="Runnable" seed="1276444925" result="Passed" start-time="2017-07-06 22:55:12Z" end-time="2017-07-06 22:55:12Z" duration="0.000838" asserts="1" />
          </test-suite>
          <test-suite type="ParameterizedMethod" id="0-1064" name="IfTheThreateningPieceNotAKnightAndNotAdjacentItIsNotUnblockable" fullname="ChessWithTDD.Tests.CheckMateEscapeManagerTests.IfTheThreateningPieceNotAKnightAndNotAdjacentItIsNotUnblockable" classname="ChessWithTDD.Tests.CheckMateEscapeManagerTests" runstate="Runnable" testcasecount="2" result="Passed" start-time="2017-07-06 22:55:12Z" end-time="2017-07-06 22:55:12Z" duration="0.008999" total="2" passed="2" failed="0" warnings="0" inconclusive="0" skipped="0" asserts="2">
            <test-case id="0-1062" name="IfTheThreateningPieceNotAKnightAndNotAdjacentItIsNotUnblockable(3,3,5,5)" fullname="ChessWithTDD.Tests.CheckMateEscapeManagerTests.IfTheThreateningPieceNotAKnightAndNotAdjacentItIsNotUnblockable(3,3,5,5)" methodname="IfTheThreateningPieceNotAKnightAndNotAdjacentItIsNotUnblockable" classname="ChessWithTDD.Tests.CheckMateEscapeManagerTests" runstate="Runnable" seed="1207978509" result="Passed" start-time="2017-07-06 22:55:12Z" end-time="2017-07-06 22:55:12Z" duration="0.001624" asserts="1" />
            <test-case id="0-1063" name="IfTheThreateningPieceNotAKnightAndNotAdjacentItIsNotUnblockable(4,4,2,3)" fullname="ChessWithTDD.Tests.CheckMateEscapeManagerTests.IfTheThreateningPieceNotAKnightAndNotAdjacentItIsNotUnblockable(4,4,2,3)" methodname="IfTheThreateningPieceNotAKnightAndNotAdjacentItIsNotUnblockable" classname="ChessWithTDD.Tests.CheckMateEscapeManagerTests" runstate="Runnable" seed="428762588" result="Passed" start-time="2017-07-06 22:55:12Z" end-time="2017-07-06 22:55:12Z" duration="0.000787" asserts="1" />
          </test-suite>
          <test-suite type="ParameterizedMethod" id="0-1061" name="IfTheThreateningPieceNotAKnightButIsAdjacentItIsUnblockable" fullname="ChessWithTDD.Tests.CheckMateEscapeManagerTests.IfTheThreateningPieceNotAKnightButIsAdjacentItIsUnblockable" classname="ChessWithTDD.Tests.CheckMateEscapeManagerTests" runstate="Runnable" testcasecount="8" result="Passed" start-time="2017-07-06 22:55:12Z" end-time="2017-07-06 22:55:12Z" duration="0.033524" total="8" passed="8" failed="0" warnings="0" inconclusive="0" skipped="0" asserts="8">
            <test-case id="0-1053" name="IfTheThreateningPieceNotAKnightButIsAdjacentItIsUnblockable(3,3,3,4)" fullname="ChessWithTDD.Tests.CheckMateEscapeManagerTests.IfTheThreateningPieceNotAKnightButIsAdjacentItIsUnblockable(3,3,3,4)" methodname="IfTheThreateningPieceNotAKnightButIsAdjacentItIsUnblockable" classname="ChessWithTDD.Tests.CheckMateEscapeManagerTests" runstate="Runnable" seed="2067927081" result="Passed" start-time="2017-07-06 22:55:12Z" end-time="2017-07-06 22:55:12Z" duration="0.001120" asserts="1" />
            <test-case id="0-1054" name="IfTheThreateningPieceNotAKnightButIsAdjacentItIsUnblockable(3,3,4,3)" fullname="ChessWithTDD.Tests.CheckMateEscapeManagerTests.IfTheThreateningPieceNotAKnightButIsAdjacentItIsUnblockable(3,3,4,3)" methodname="IfTheThreateningPieceNotAKnightButIsAdjacentItIsUnblockable" classname="ChessWithTDD.Tests.CheckMateEscapeManagerTests" runstate="Runnable" seed="1835793575" result="Passed" start-time="2017-07-06 22:55:12Z" end-time="2017-07-06 22:55:12Z" duration="0.000986" asserts="1" />
            <test-case id="0-1055" name="IfTheThreateningPieceNotAKnightButIsAdjacentItIsUnblockable(3,3,3,2)" fullname="ChessWithTDD.Tests.CheckMateEscapeManagerTests.IfTheThreateningPieceNotAKnightButIsAdjacentItIsUnblockable(3,3,3,2)" methodname="IfTheThreateningPieceNotAKnightButIsAdjacentItIsUnblockable" classname="ChessWithTDD.Tests.CheckMateEscapeManagerTests" runstate="Runnable" seed="1687100029" result="Passed" start-time="2017-07-06 22:55:12Z" end-time="2017-07-06 22:55:12Z" duration="0.001203" asserts="1" />
            <test-case id="0-1056" name="IfTheThreateningPieceNotAKnightButIsAdjacentItIsUnblockable(3,3,2,3)" fullname="ChessWithTDD.Tests.CheckMateEscapeManagerTests.IfTheThreateningPieceNotAKnightButIsAdjacentItIsUnblockable(3,3,2,3)" methodname="IfTheThreateningPieceNotAKnightButIsAdjacentItIsUnblockable" classname="ChessWithTDD.Tests.CheckMateEscapeManagerTests" runstate="Runnable" seed="456044897" result="Passed" start-time="2017-07-06 22:55:12Z" end-time="2017-07-06 22:55:12Z" duration="0.000846" asserts="1" />
            <test-case id="0-1057" name="IfTheThreateningPieceNotAKnightButIsAdjacentItIsUnblockable(3,3,4,4)" fullname="ChessWithTDD.Tests.CheckMateEscapeManagerTests.IfTheThreateningPieceNotAKnightButIsAdjacentItIsUnblockable(3,3,4,4)" methodname="IfTheThreateningPieceNotAKnightButIsAdjacentItIsUnblockable" classname="ChessWithTDD.Tests.CheckMateEscapeManagerTests" runstate="Runnable" seed="2070482805" result="Passed" start-time="2017-07-06 22:55:12Z" end-time="2017-07-06 22:55:12Z" duration="0.000798" asserts="1" />
            <test-case id="0-1058" name="IfTheThreateningPieceNotAKnightButIsAdjacentItIsUnblockable(3,3,2,2)" fullname="ChessWithTDD.Tests.CheckMateEscapeManagerTests.IfTheThreateningPieceNotAKnightButIsAdjacentItIsUnblockable(3,3,2,2)" methodname="IfTheThreateningPieceNotAKnightButIsAdjacentItIsUnblockable" classname="ChessWithTDD.Tests.CheckMateEscapeManagerTests" runstate="Runnable" seed="38593458" result="Passed" start-time="2017-07-06 22:55:12Z" end-time="2017-07-06 22:55:12Z" duration="0.001050" asserts="1" />
            <test-case id="0-1059" name="IfTheThreateningPieceNotAKnightButIsAdjacentItIsUnblockable(3,3,4,2)" fullname="ChessWithTDD.Tests.CheckMateEscapeManagerTests.IfTheThreateningPieceNotAKnightButIsAdjacentItIsUnblockable(3,3,4,2)" methodname="IfTheThreateningPieceNotAKnightButIsAdjacentItIsUnblockable" classname="ChessWithTDD.Tests.CheckMateEscapeManagerTests" runstate="Runnable" seed="1634574742" result="Passed" start-time="2017-07-06 22:55:12Z" end-time="2017-07-06 22:55:12Z" duration="0.000807" asserts="1" />
            <test-case id="0-1060" name="IfTheThreateningPieceNotAKnightButIsAdjacentItIsUnblockable(3,3,2,4)" fullname="ChessWithTDD.Tests.CheckMateEscapeManagerTests.IfTheThreateningPieceNotAKnightButIsAdjacentItIsUnblockable(3,3,2,4)" methodname="IfTheThreateningPieceNotAKnightButIsAdjacentItIsUnblockable" classname="ChessWithTDD.Tests.CheckMateEscapeManagerTests" runstate="Runnable" seed="1637525597" result="Passed" start-time="2017-07-06 22:55:12Z" end-time="2017-07-06 22:55:12Z" duration="0.000985" asserts="1" />
          </test-suite>
        </test-suite>
        <test-suite type="TestFixture" id="0-1083" name="CheckMateManagerTests" fullname="ChessWithTDD.Tests.CheckMateManagerTests" classname="ChessWithTDD.Tests.CheckMateManagerTests" runstate="Runnable" testcasecount="7" result="Passed" start-time="2017-07-06 22:55:12Z" end-time="2017-07-06 22:55:12Z" duration="0.062044" total="7" passed="7" failed="0" warnings="0" inconclusive="0" skipped="0" asserts="10">
          <test-case id="0-1084" name="IfBoardNotInCheckThenNoCheckMate" fullname="ChessWithTDD.Tests.CheckMateManagerTests.IfBoardNotInCheckThenNoCheckMate" methodname="IfBoardNotInCheckThenNoCheckMate" classname="ChessWithTDD.Tests.CheckMateManagerTests" runstate="Runnable" seed="1280625200" result="Passed" start-time="2017-07-06 22:55:12Z" end-time="2017-07-06 22:55:12Z" duration="0.014019" asserts="1" />
          <test-case id="0-1089" name="IfWhiteKingAndBoardInCheckAndAllEscapeManagerMethodsReturnFalseThenCheckMate" fullname="ChessWithTDD.Tests.CheckMateManagerTests.IfWhiteKingAndBoardInCheckAndAllEscapeManagerMethodsReturnFalseThenCheckMate" methodname="IfWhiteKingAndBoardInCheckAndAllEscapeManagerMethodsReturnFalseThenCheckMate" classname="ChessWithTDD.Tests.CheckMateManagerTests" runstate="Runnable" seed="1901511222" result="Passed" start-time="2017-07-06 22:55:12Z" end-time="2017-07-06 22:55:12Z" duration="0.005116" asserts="1" />
          <test-case id="0-1088" name="IfWhiteKingAndBoardInCheckAndAttackingMoveCanBeBlockedThenNoCheckMate" fullname="ChessWithTDD.Tests.CheckMateManagerTests.IfWhiteKingAndBoardInCheckAndAttackingMoveCanBeBlockedThenNoCheckMate" methodname="IfWhiteKingAndBoardInCheckAndAttackingMoveCanBeBlockedThenNoCheckMate" classname="ChessWithTDD.Tests.CheckMateManagerTests" runstate="Runnable" seed="1379383068" result="Passed" start-time="2017-07-06 22:55:12Z" end-time="2017-07-06 22:55:12Z" duration="0.003480" asserts="1" />
          <test-case id="0-1085" name="IfWhiteKingAndBoardInCheckAndKingCanEscapeThenNoCheckMate" fullname="ChessWithTDD.Tests.CheckMateManagerTests.IfWhiteKingAndBoardInCheckAndKingCanEscapeThenNoCheckMate" methodname="IfWhiteKingAndBoardInCheckAndKingCanEscapeThenNoCheckMate" classname="ChessWithTDD.Tests.CheckMateManagerTests" runstate="Runnable" seed="1601288740" result="Passed" start-time="2017-07-06 22:55:12Z" end-time="2017-07-06 22:55:12Z" duration="0.002548" asserts="1" />
          <test-case id="0-1086" name="IfWhiteKingAndBoardInCheckAndThreateningPieceCanBeTakenThenNoCheckMate" fullname="ChessWithTDD.Tests.CheckMateManagerTests.IfWhiteKingAndBoardInCheckAndThreateningPieceCanBeTakenThenNoCheckMate" methodname="IfWhiteKingAndBoardInCheckAndThreateningPieceCanBeTakenThenNoCheckMate" classname="ChessWithTDD.Tests.CheckMateManagerTests" runstate="Runnable" seed="133765278" result="Passed" start-time="2017-07-06 22:55:12Z" end-time="2017-07-06 22:55:12Z" duration="0.003669" asserts="1" />
          <test-case id="0-1087" name="IfWhiteKingAndBoardInCheckAndThreateningPieceIsUnblockableThenCheckMate" fullname="ChessWithTDD.Tests.CheckMateManagerTests.IfWhiteKingAndBoardInCheckAndThreateningPieceIsUnblockableThenCheckMate" methodname="IfWhiteKingAndBoardInCheckAndThreateningPieceIsUnblockableThenCheckMate" classname="ChessWithTDD.Tests.CheckMateManagerTests" runstate="Runnable" seed="1002192276" result="Passed" start-time="2017-07-06 22:55:12Z" end-time="2017-07-06 22:55:12Z" duration="0.002560" asserts="1" />
          <test-case id="0-1090" name="TestOrderingOfCheckMateManagerCallsForBlackKing" fullname="ChessWithTDD.Tests.CheckMateManagerTests.TestOrderingOfCheckMateManagerCallsForBlackKing" methodname="TestOrderingOfCheckMateManagerCallsForBlackKing" classname="ChessWithTDD.Tests.CheckMateManagerTests" runstate="Runnable" seed="1264275929" result="Passed" start-time="2017-07-06 22:55:12Z" end-time="2017-07-06 22:55:12Z" duration="0.007456" asserts="4" />
        </test-suite>
        <test-suite type="TestFixture" id="0-1170" name="EnPassantManagerTests" fullname="ChessWithTDD.Tests.EnPassantManagerTests" classname="ChessWithTDD.Tests.EnPassantManagerTests" runstate="Runnable" testcasecount="26" result="Passed" start-time="2017-07-06 22:55:12Z" end-time="2017-07-06 22:55:13Z" duration="0.199409" total="26" passed="26" failed="0" warnings="0" inconclusive="0" skipped="0" asserts="4">
          <test-suite type="ParameterizedMethod" id="0-1182" name="DoNotMarkPassedSquareWithEnPassantMarkIfMovingOneSquareDown" fullname="ChessWithTDD.Tests.EnPassantManagerTests.DoNotMarkPassedSquareWithEnPassantMarkIfMovingOneSquareDown" classname="ChessWithTDD.Tests.EnPassantManagerTests" runstate="Runnable" testcasecount="2" result="Passed" start-time="2017-07-06 22:55:12Z" end-time="2017-07-06 22:55:12Z" duration="0.023925" total="2" passed="2" failed="0" warnings="0" inconclusive="0" skipped="0" asserts="0">
            <test-case id="0-1180" name="DoNotMarkPassedSquareWithEnPassantMarkIfMovingOneSquareDown(6,4,5,4)" fullname="ChessWithTDD.Tests.EnPassantManagerTests.DoNotMarkPassedSquareWithEnPassantMarkIfMovingOneSquareDown(6,4,5,4)" methodname="DoNotMarkPassedSquareWithEnPassantMarkIfMovingOneSquareDown" classname="ChessWithTDD.Tests.EnPassantManagerTests" runstate="Runnable" seed="1895430097" result="Passed" start-time="2017-07-06 22:55:12Z" end-time="2017-07-06 22:55:12Z" duration="0.017276" asserts="0" />
            <test-case id="0-1181" name="DoNotMarkPassedSquareWithEnPassantMarkIfMovingOneSquareDown(5,3,4,3)" fullname="ChessWithTDD.Tests.EnPassantManagerTests.DoNotMarkPassedSquareWithEnPassantMarkIfMovingOneSquareDown(5,3,4,3)" methodname="DoNotMarkPassedSquareWithEnPassantMarkIfMovingOneSquareDown" classname="ChessWithTDD.Tests.EnPassantManagerTests" runstate="Runnable" seed="1721970246" result="Passed" start-time="2017-07-06 22:55:12Z" end-time="2017-07-06 22:55:12Z" duration="0.001058" asserts="0" />
          </test-suite>
          <test-suite type="ParameterizedMethod" id="0-1179" name="DoNotMarkPassedSquareWithEnPassantMarkIfMovingOneSquareUp" fullname="ChessWithTDD.Tests.EnPassantManagerTests.DoNotMarkPassedSquareWithEnPassantMarkIfMovingOneSquareUp" classname="ChessWithTDD.Tests.EnPassantManagerTests" runstate="Runnable" testcasecount="2" result="Passed" start-time="2017-07-06 22:55:12Z" end-time="2017-07-06 22:55:12Z" duration="0.010527" total="2" passed="2" failed="0" warnings="0" inconclusive="0" skipped="0" asserts="0">
            <test-case id="0-1177" name="DoNotMarkPassedSquareWithEnPassantMarkIfMovingOneSquareUp(2,4,3,4)" fullname="ChessWithTDD.Tests.EnPassantManagerTests.DoNotMarkPassedSquareWithEnPassantMarkIfMovingOneSquareUp(2,4,3,4)" methodname="DoNotMarkPassedSquareWithEnPassantMarkIfMovingOneSquareUp" classname="ChessWithTDD.Tests.EnPassantManagerTests" runstate="Runnable" seed="1128665514" result="Passed" start-time="2017-07-06 22:55:12Z" end-time="2017-07-06 22:55:12Z" duration="0.002184" asserts="0" />
            <test-case id="0-1178" name="DoNotMarkPassedSquareWithEnPassantMarkIfMovingOneSquareUp(1,3,2,3)" fullname="ChessWithTDD.Tests.EnPassantManagerTests.DoNotMarkPassedSquareWithEnPassantMarkIfMovingOneSquareUp(1,3,2,3)" methodname="DoNotMarkPassedSquareWithEnPassantMarkIfMovingOneSquareUp" classname="ChessWithTDD.Tests.EnPassantManagerTests" runstate="Runnable" seed="1823973762" result="Passed" start-time="2017-07-06 22:55:12Z" end-time="2017-07-06 22:55:12Z" duration="0.001156" asserts="0" />
          </test-suite>
          <test-suite type="ParameterizedMethod" id="0-1188" name="IfBoardIsMarkedTwoTurnsAgoTheMarkIsRemovedForPawnMovingDown" fullname="ChessWithTDD.Tests.EnPassantManagerTests.IfBoardIsMarkedTwoTurnsAgoTheMarkIsRemovedForPawnMovingDown" classname="ChessWithTDD.Tests.EnPassantManagerTests" runstate="Runnable" testcasecount="2" result="Passed" start-time="2017-07-06 22:55:12Z" end-time="2017-07-06 22:55:12Z" duration="0.013575" total="2" passed="2" failed="0" warnings="0" inconclusive="0" skipped="0" asserts="0">
            <test-case id="0-1186" name="IfBoardIsMarkedTwoTurnsAgoTheMarkIsRemovedForPawnMovingDown(6,4,4,4,2)" fullname="ChessWithTDD.Tests.EnPassantManagerTests.IfBoardIsMarkedTwoTurnsAgoTheMarkIsRemovedForPawnMovingDown(6,4,4,4,2)" methodname="IfBoardIsMarkedTwoTurnsAgoTheMarkIsRemovedForPawnMovingDown" classname="ChessWithTDD.Tests.EnPassantManagerTests" runstate="Runnable" seed="923536419" result="Passed" start-time="2017-07-06 22:55:12Z" end-time="2017-07-06 22:55:12Z" duration="0.005835" asserts="0" />
            <test-case id="0-1187" name="IfBoardIsMarkedTwoTurnsAgoTheMarkIsRemovedForPawnMovingDown(5,3,3,3,5)" fullname="ChessWithTDD.Tests.EnPassantManagerTests.IfBoardIsMarkedTwoTurnsAgoTheMarkIsRemovedForPawnMovingDown(5,3,3,3,5)" methodname="IfBoardIsMarkedTwoTurnsAgoTheMarkIsRemovedForPawnMovingDown" classname="ChessWithTDD.Tests.EnPassantManagerTests" runstate="Runnable" seed="1653662045" result="Passed" start-time="2017-07-06 22:55:12Z" end-time="2017-07-06 22:55:12Z" duration="0.001230" asserts="0" />
          </test-suite>
          <test-suite type="ParameterizedMethod" id="0-1185" name="IfBoardIsMarkedTwoTurnsAgoTheMarkIsRemovedForPawnMovingUp" fullname="ChessWithTDD.Tests.EnPassantManagerTests.IfBoardIsMarkedTwoTurnsAgoTheMarkIsRemovedForPawnMovingUp" classname="ChessWithTDD.Tests.EnPassantManagerTests" runstate="Runnable" testcasecount="2" result="Passed" start-time="2017-07-06 22:55:12Z" end-time="2017-07-06 22:55:12Z" duration="0.009583" total="2" passed="2" failed="0" warnings="0" inconclusive="0" skipped="0" asserts="0">
            <test-case id="0-1183" name="IfBoardIsMarkedTwoTurnsAgoTheMarkIsRemovedForPawnMovingUp(2,4,4,4,2)" fullname="ChessWithTDD.Tests.EnPassantManagerTests.IfBoardIsMarkedTwoTurnsAgoTheMarkIsRemovedForPawnMovingUp(2,4,4,4,2)" methodname="IfBoardIsMarkedTwoTurnsAgoTheMarkIsRemovedForPawnMovingUp" classname="ChessWithTDD.Tests.EnPassantManagerTests" runstate="Runnable" seed="307798573" result="Passed" start-time="2017-07-06 22:55:12Z" end-time="2017-07-06 22:55:12Z" duration="0.002343" asserts="0" />
            <test-case id="0-1184" name="IfBoardIsMarkedTwoTurnsAgoTheMarkIsRemovedForPawnMovingUp(1,3,3,3,5)" fullname="ChessWithTDD.Tests.EnPassantManagerTests.IfBoardIsMarkedTwoTurnsAgoTheMarkIsRemovedForPawnMovingUp(1,3,3,3,5)" methodname="IfBoardIsMarkedTwoTurnsAgoTheMarkIsRemovedForPawnMovingUp" classname="ChessWithTDD.Tests.EnPassantManagerTests" runstate="Runnable" seed="840726752" result="Passed" start-time="2017-07-06 22:55:12Z" end-time="2017-07-06 22:55:12Z" duration="0.001222" asserts="0" />
          </test-suite>
          <test-suite type="ParameterizedMethod" id="0-1191" name="IfBoardMarkedOneTurnAgoTheMarkIsNotRemoved" fullname="ChessWithTDD.Tests.EnPassantManagerTests.IfBoardMarkedOneTurnAgoTheMarkIsNotRemoved" classname="ChessWithTDD.Tests.EnPassantManagerTests" runstate="Runnable" testcasecount="2" result="Passed" start-time="2017-07-06 22:55:12Z" end-time="2017-07-06 22:55:12Z" duration="0.009983" total="2" passed="2" failed="0" warnings="0" inconclusive="0" skipped="0" asserts="0">
            <test-case id="0-1189" name="IfBoardMarkedOneTurnAgoTheMarkIsNotRemoved(6,4,4,4,2)" fullname="ChessWithTDD.Tests.EnPassantManagerTests.IfBoardMarkedOneTurnAgoTheMarkIsNotRemoved(6,4,4,4,2)" methodname="IfBoardMarkedOneTurnAgoTheMarkIsNotRemoved" classname="ChessWithTDD.Tests.EnPassantManagerTests" runstate="Runnable" seed="259731852" result="Passed" start-time="2017-07-06 22:55:12Z" end-time="2017-07-06 22:55:12Z" duration="0.002760" asserts="0" />
            <test-case id="0-1190" name="IfBoardMarkedOneTurnAgoTheMarkIsNotRemoved(5,3,3,3,5)" fullname="ChessWithTDD.Tests.EnPassantManagerTests.IfBoardMarkedOneTurnAgoTheMarkIsNotRemoved(5,3,3,3,5)" methodname="IfBoardMarkedOneTurnAgoTheMarkIsNotRemoved" classname="ChessWithTDD.Tests.EnPassantManagerTests" runstate="Runnable" seed="1093856010" result="Passed" start-time="2017-07-06 22:55:12Z" end-time="2017-07-06 22:55:12Z" duration="0.001321" asserts="0" />
          </test-suite>
          <test-suite type="ParameterizedMethod" id="0-1209" name="IfToSquareDoesNotHaveEnPassantMarkAndTheMoveIsDiagonallyDownThenNothingHappens" fullname="ChessWithTDD.Tests.EnPassantManagerTests.IfToSquareDoesNotHaveEnPassantMarkAndTheMoveIsDiagonallyDownThenNothingHappens" classname="ChessWithTDD.Tests.EnPassantManagerTests" runstate="Runnable" testcasecount="2" result="Passed" start-time="2017-07-06 22:55:12Z" end-time="2017-07-06 22:55:12Z" duration="0.013541" total="2" passed="2" failed="0" warnings="0" inconclusive="0" skipped="0" asserts="0">
            <test-case id="0-1207" name="IfToSquareDoesNotHaveEnPassantMarkAndTheMoveIsDiagonallyDownThenNothingHappens(6,4,5,3)" fullname="ChessWithTDD.Tests.EnPassantManagerTests.IfToSquareDoesNotHaveEnPassantMarkAndTheMoveIsDiagonallyDownThenNothingHappens(6,4,5,3)" methodname="IfToSquareDoesNotHaveEnPassantMarkAndTheMoveIsDiagonallyDownThenNothingHappens" classname="ChessWithTDD.Tests.EnPassantManagerTests" runstate="Runnable" seed="774390472" result="Passed" start-time="2017-07-06 22:55:12Z" end-time="2017-07-06 22:55:12Z" duration="0.005031" asserts="0" />
            <test-case id="0-1208" name="IfToSquareDoesNotHaveEnPassantMarkAndTheMoveIsDiagonallyDownThenNothingHappens(5,3,4,4)" fullname="ChessWithTDD.Tests.EnPassantManagerTests.IfToSquareDoesNotHaveEnPassantMarkAndTheMoveIsDiagonallyDownThenNothingHappens(5,3,4,4)" methodname="IfToSquareDoesNotHaveEnPassantMarkAndTheMoveIsDiagonallyDownThenNothingHappens" classname="ChessWithTDD.Tests.EnPassantManagerTests" runstate="Runnable" seed="643938274" result="Passed" start-time="2017-07-06 22:55:12Z" end-time="2017-07-06 22:55:12Z" duration="0.001741" asserts="0" />
          </test-suite>
          <test-suite type="ParameterizedMethod" id="0-1200" name="IfToSquareDoesNotHaveEnPassantMarkAndTheMoveIsDiagonallyUpThenNothingHappens" fullname="ChessWithTDD.Tests.EnPassantManagerTests.IfToSquareDoesNotHaveEnPassantMarkAndTheMoveIsDiagonallyUpThenNothingHappens" classname="ChessWithTDD.Tests.EnPassantManagerTests" runstate="Runnable" testcasecount="2" result="Passed" start-time="2017-07-06 22:55:12Z" end-time="2017-07-06 22:55:12Z" duration="0.011052" total="2" passed="2" failed="0" warnings="0" inconclusive="0" skipped="0" asserts="0">
            <test-case id="0-1198" name="IfToSquareDoesNotHaveEnPassantMarkAndTheMoveIsDiagonallyUpThenNothingHappens(2,4,3,5)" fullname="ChessWithTDD.Tests.EnPassantManagerTests.IfToSquareDoesNotHaveEnPassantMarkAndTheMoveIsDiagonallyUpThenNothingHappens(2,4,3,5)" methodname="IfToSquareDoesNotHaveEnPassantMarkAndTheMoveIsDiagonallyUpThenNothingHappens" classname="ChessWithTDD.Tests.EnPassantManagerTests" runstate="Runnable" seed="1404536739" result="Passed" start-time="2017-07-06 22:55:12Z" end-time="2017-07-06 22:55:12Z" duration="0.003513" asserts="0" />
            <test-case id="0-1199" name="IfToSquareDoesNotHaveEnPassantMarkAndTheMoveIsDiagonallyUpThenNothingHappens(1,3,2,2)" fullname="ChessWithTDD.Tests.EnPassantManagerTests.IfToSquareDoesNotHaveEnPassantMarkAndTheMoveIsDiagonallyUpThenNothingHappens(1,3,2,2)" methodname="IfToSquareDoesNotHaveEnPassantMarkAndTheMoveIsDiagonallyUpThenNothingHappens" classname="ChessWithTDD.Tests.EnPassantManagerTests" runstate="Runnable" seed="1854366511" result="Passed" start-time="2017-07-06 22:55:12Z" end-time="2017-07-06 22:55:12Z" duration="0.001584" asserts="0" />
          </test-suite>
          <test-suite type="ParameterizedMethod" id="0-1203" name="IfToSquareHasEnPassantMarkAndTheMoveIsDiagonallyDownThenSquareUnmarkedAndPieceAboveTakenAndSquareAddedToPendingUpdates" fullname="ChessWithTDD.Tests.EnPassantManagerTests.IfToSquareHasEnPassantMarkAndTheMoveIsDiagonallyDownThenSquareUnmarkedAndPieceAboveTakenAndSquareAddedToPendingUpdates" classname="ChessWithTDD.Tests.EnPassantManagerTests" runstate="Runnable" testcasecount="2" result="Passed" start-time="2017-07-06 22:55:12Z" end-time="2017-07-06 22:55:13Z" duration="0.013516" total="2" passed="2" failed="0" warnings="0" inconclusive="0" skipped="0" asserts="2">
            <test-case id="0-1201" name="IfToSquareHasEnPassantMarkAndTheMoveIsDiagonallyDownThenSquareUnmarkedAndPieceAboveTakenAndSquareAddedToPendingUpdates(6,4,5,3)" fullname="ChessWithTDD.Tests.EnPassantManagerTests.IfToSquareHasEnPassantMarkAndTheMoveIsDiagonallyDownThenSquareUnmarkedAndPieceAboveTakenAndSquareAddedToPendingUpdates(6,4,5,3)" methodname="IfToSquareHasEnPassantMarkAndTheMoveIsDiagonallyDownThenSquareUnmarkedAndPieceAboveTakenAndSquareAddedToPendingUpdates" classname="ChessWithTDD.Tests.EnPassantManagerTests" runstate="Runnable" seed="646500345" result="Passed" start-time="2017-07-06 22:55:13Z" end-time="2017-07-06 22:55:13Z" duration="0.005903" asserts="1" />
            <test-case id="0-1202" name="IfToSquareHasEnPassantMarkAndTheMoveIsDiagonallyDownThenSquareUnmarkedAndPieceAboveTakenAndSquareAddedToPendingUpdates(5,3,4,4)" fullname="ChessWithTDD.Tests.EnPassantManagerTests.IfToSquareHasEnPassantMarkAndTheMoveIsDiagonallyDownThenSquareUnmarkedAndPieceAboveTakenAndSquareAddedToPendingUpdates(5,3,4,4)" methodname="IfToSquareHasEnPassantMarkAndTheMoveIsDiagonallyDownThenSquareUnmarkedAndPieceAboveTakenAndSquareAddedToPendingUpdates" classname="ChessWithTDD.Tests.EnPassantManagerTests" runstate="Runnable" seed="587549085" result="Passed" start-time="2017-07-06 22:55:13Z" end-time="2017-07-06 22:55:13Z" duration="0.002253" asserts="1" />
          </test-suite>
          <test-suite type="ParameterizedMethod" id="0-1194" name="IfToSquareHasEnPassantMarkAndTheMoveIsDiagonallyUpThenSquareUnmarkedAndPieceBelowTakenAndSquareAddedToPendingUpdates" fullname="ChessWithTDD.Tests.EnPassantManagerTests.IfToSquareHasEnPassantMarkAndTheMoveIsDiagonallyUpThenSquareUnmarkedAndPieceBelowTakenAndSquareAddedToPendingUpdates" classname="ChessWithTDD.Tests.EnPassantManagerTests" runstate="Runnable" testcasecount="2" result="Passed" start-time="2017-07-06 22:55:13Z" end-time="2017-07-06 22:55:13Z" duration="0.011515" total="2" passed="2" failed="0" warnings="0" inconclusive="0" skipped="0" asserts="2">
            <test-case id="0-1192" name="IfToSquareHasEnPassantMarkAndTheMoveIsDiagonallyUpThenSquareUnmarkedAndPieceBelowTakenAndSquareAddedToPendingUpdates(2,4,3,5)" fullname="ChessWithTDD.Tests.EnPassantManagerTests.IfToSquareHasEnPassantMarkAndTheMoveIsDiagonallyUpThenSquareUnmarkedAndPieceBelowTakenAndSquareAddedToPendingUpdates(2,4,3,5)" methodname="IfToSquareHasEnPassantMarkAndTheMoveIsDiagonallyUpThenSquareUnmarkedAndPieceBelowTakenAndSquareAddedToPendingUpdates" classname="ChessWithTDD.Tests.EnPassantManagerTests" runstate="Runnable" seed="898347696" result="Passed" start-time="2017-07-06 22:55:13Z" end-time="2017-07-06 22:55:13Z" duration="0.004437" asserts="1" />
            <test-case id="0-1193" name="IfToSquareHasEnPassantMarkAndTheMoveIsDiagonallyUpThenSquareUnmarkedAndPieceBelowTakenAndSquareAddedToPendingUpdates(1,3,2,2)" fullname="ChessWithTDD.Tests.EnPassantManagerTests.IfToSquareHasEnPassantMarkAndTheMoveIsDiagonallyUpThenSquareUnmarkedAndPieceBelowTakenAndSquareAddedToPendingUpdates(1,3,2,2)" methodname="IfToSquareHasEnPassantMarkAndTheMoveIsDiagonallyUpThenSquareUnmarkedAndPieceBelowTakenAndSquareAddedToPendingUpdates" classname="ChessWithTDD.Tests.EnPassantManagerTests" runstate="Runnable" seed="1498484467" result="Passed" start-time="2017-07-06 22:55:13Z" end-time="2017-07-06 22:55:13Z" duration="0.001964" asserts="1" />
          </test-suite>
          <test-suite type="ParameterizedMethod" id="0-1206" name="IfToSquareHasEnPassantMarkButMoveNotDiagonallyDownThenNothingHappens" fullname="ChessWithTDD.Tests.EnPassantManagerTests.IfToSquareHasEnPassantMarkButMoveNotDiagonallyDownThenNothingHappens" classname="ChessWithTDD.Tests.EnPassantManagerTests" runstate="Runnable" testcasecount="2" result="Passed" start-time="2017-07-06 22:55:13Z" end-time="2017-07-06 22:55:13Z" duration="0.011058" total="2" passed="2" failed="0" warnings="0" inconclusive="0" skipped="0" asserts="0">
            <test-case id="0-1204" name="IfToSquareHasEnPassantMarkButMoveNotDiagonallyDownThenNothingHappens(6,4,3,3)" fullname="ChessWithTDD.Tests.EnPassantManagerTests.IfToSquareHasEnPassantMarkButMoveNotDiagonallyDownThenNothingHappens(6,4,3,3)" methodname="IfToSquareHasEnPassantMarkButMoveNotDiagonallyDownThenNothingHappens" classname="ChessWithTDD.Tests.EnPassantManagerTests" runstate="Runnable" seed="1171305301" result="Passed" start-time="2017-07-06 22:55:13Z" end-time="2017-07-06 22:55:13Z" duration="0.003476" asserts="0" />
            <test-case id="0-1205" name="IfToSquareHasEnPassantMarkButMoveNotDiagonallyDownThenNothingHappens(5,3,2,4)" fullname="ChessWithTDD.Tests.EnPassantManagerTests.IfToSquareHasEnPassantMarkButMoveNotDiagonallyDownThenNothingHappens(5,3,2,4)" methodname="IfToSquareHasEnPassantMarkButMoveNotDiagonallyDownThenNothingHappens" classname="ChessWithTDD.Tests.EnPassantManagerTests" runstate="Runnable" seed="469538533" result="Passed" start-time="2017-07-06 22:55:13Z" end-time="2017-07-06 22:55:13Z" duration="0.001834" asserts="0" />
          </test-suite>
          <test-suite type="ParameterizedMethod" id="0-1197" name="IfToSquareHasEnPassantMarkButMoveNotDiagonallyUpThenNothingHappens" fullname="ChessWithTDD.Tests.EnPassantManagerTests.IfToSquareHasEnPassantMarkButMoveNotDiagonallyUpThenNothingHappens" classname="ChessWithTDD.Tests.EnPassantManagerTests" runstate="Runnable" testcasecount="2" result="Passed" start-time="2017-07-06 22:55:13Z" end-time="2017-07-06 22:55:13Z" duration="0.011499" total="2" passed="2" failed="0" warnings="0" inconclusive="0" skipped="0" asserts="0">
            <test-case id="0-1195" name="IfToSquareHasEnPassantMarkButMoveNotDiagonallyUpThenNothingHappens(2,4,4,5)" fullname="ChessWithTDD.Tests.EnPassantManagerTests.IfToSquareHasEnPassantMarkButMoveNotDiagonallyUpThenNothingHappens(2,4,4,5)" methodname="IfToSquareHasEnPassantMarkButMoveNotDiagonallyUpThenNothingHappens" classname="ChessWithTDD.Tests.EnPassantManagerTests" runstate="Runnable" seed="2120413774" result="Passed" start-time="2017-07-06 22:55:13Z" end-time="2017-07-06 22:55:13Z" duration="0.003597" asserts="0" />
            <test-case id="0-1196" name="IfToSquareHasEnPassantMarkButMoveNotDiagonallyUpThenNothingHappens(1,3,5,2)" fullname="ChessWithTDD.Tests.EnPassantManagerTests.IfToSquareHasEnPassantMarkButMoveNotDiagonallyUpThenNothingHappens(1,3,5,2)" methodname="IfToSquareHasEnPassantMarkButMoveNotDiagonallyUpThenNothingHappens" classname="ChessWithTDD.Tests.EnPassantManagerTests" runstate="Runnable" seed="1619972905" result="Passed" start-time="2017-07-06 22:55:13Z" end-time="2017-07-06 22:55:13Z" duration="0.001658" asserts="0" />
          </test-suite>
          <test-suite type="ParameterizedMethod" id="0-1176" name="MarkPassedSquareWithEnPassantMarkIfMovingTwoSquaresDown" fullname="ChessWithTDD.Tests.EnPassantManagerTests.MarkPassedSquareWithEnPassantMarkIfMovingTwoSquaresDown" classname="ChessWithTDD.Tests.EnPassantManagerTests" runstate="Runnable" testcasecount="2" result="Passed" start-time="2017-07-06 22:55:13Z" end-time="2017-07-06 22:55:13Z" duration="0.009050" total="2" passed="2" failed="0" warnings="0" inconclusive="0" skipped="0" asserts="0">
            <test-case id="0-1174" name="MarkPassedSquareWithEnPassantMarkIfMovingTwoSquaresDown(6,4,4,4)" fullname="ChessWithTDD.Tests.EnPassantManagerTests.MarkPassedSquareWithEnPassantMarkIfMovingTwoSquaresDown(6,4,4,4)" methodname="MarkPassedSquareWithEnPassantMarkIfMovingTwoSquaresDown" classname="ChessWithTDD.Tests.EnPassantManagerTests" runstate="Runnable" seed="380710638" result="Passed" start-time="2017-07-06 22:55:13Z" end-time="2017-07-06 22:55:13Z" duration="0.002028" asserts="0" />
            <test-case id="0-1175" name="MarkPassedSquareWithEnPassantMarkIfMovingTwoSquaresDown(5,3,3,3)" fullname="ChessWithTDD.Tests.EnPassantManagerTests.MarkPassedSquareWithEnPassantMarkIfMovingTwoSquaresDown(5,3,3,3)" methodname="MarkPassedSquareWithEnPassantMarkIfMovingTwoSquaresDown" classname="ChessWithTDD.Tests.EnPassantManagerTests" runstate="Runnable" seed="1466934923" result="Passed" start-time="2017-07-06 22:55:13Z" end-time="2017-07-06 22:55:13Z" duration="0.001035" asserts="0" />
          </test-suite>
          <test-suite type="ParameterizedMethod" id="0-1173" name="MarkPassedSquareWithEnPassantMarkIfMovingTwoSquaresUp" fullname="ChessWithTDD.Tests.EnPassantManagerTests.MarkPassedSquareWithEnPassantMarkIfMovingTwoSquaresUp" classname="ChessWithTDD.Tests.EnPassantManagerTests" runstate="Runnable" testcasecount="2" result="Passed" start-time="2017-07-06 22:55:13Z" end-time="2017-07-06 22:55:13Z" duration="0.009004" total="2" passed="2" failed="0" warnings="0" inconclusive="0" skipped="0" asserts="0">
            <test-case id="0-1171" name="MarkPassedSquareWithEnPassantMarkIfMovingTwoSquaresUp(2,4,4,4)" fullname="ChessWithTDD.Tests.EnPassantManagerTests.MarkPassedSquareWithEnPassantMarkIfMovingTwoSquaresUp(2,4,4,4)" methodname="MarkPassedSquareWithEnPassantMarkIfMovingTwoSquaresUp" classname="ChessWithTDD.Tests.EnPassantManagerTests" runstate="Runnable" seed="1744082000" result="Passed" start-time="2017-07-06 22:55:13Z" end-time="2017-07-06 22:55:13Z" duration="0.002078" asserts="0" />
            <test-case id="0-1172" name="MarkPassedSquareWithEnPassantMarkIfMovingTwoSquaresUp(1,3,3,3)" fullname="ChessWithTDD.Tests.EnPassantManagerTests.MarkPassedSquareWithEnPassantMarkIfMovingTwoSquaresUp(1,3,3,3)" methodname="MarkPassedSquareWithEnPassantMarkIfMovingTwoSquaresUp" classname="ChessWithTDD.Tests.EnPassantManagerTests" runstate="Runnable" seed="1757415295" result="Passed" start-time="2017-07-06 22:55:13Z" end-time="2017-07-06 22:55:13Z" duration="0.001138" asserts="0" />
          </test-suite>
        </test-suite>
        <test-suite type="TestFixture" id="0-1108" name="GenericMoveValidatorTests" fullname="ChessWithTDD.Tests.GenericMoveValidatorTests" classname="ChessWithTDD.Tests.GenericMoveValidatorTests" runstate="Runnable" testcasecount="19" result="Passed" start-time="2017-07-06 22:55:13Z" end-time="2017-07-06 22:55:13Z" duration="0.098592" total="19" passed="19" failed="0" warnings="0" inconclusive="0" skipped="0" asserts="19">
          <test-suite type="ParameterizedMethod" id="0-1123" name="MoveWhereFromSquareDoesNotContainPieceIsNotValid" fullname="ChessWithTDD.Tests.GenericMoveValidatorTests.MoveWhereFromSquareDoesNotContainPieceIsNotValid" classname="ChessWithTDD.Tests.GenericMoveValidatorTests" runstate="Runnable" testcasecount="2" result="Passed" start-time="2017-07-06 22:55:13Z" end-time="2017-07-06 22:55:13Z" duration="0.009025" total="2" passed="2" failed="0" warnings="0" inconclusive="0" skipped="0" asserts="2">
            <test-case id="0-1121" name="MoveWhereFromSquareDoesNotContainPieceIsNotValid(1,1,2,2)" fullname="ChessWithTDD.Tests.GenericMoveValidatorTests.MoveWhereFromSquareDoesNotContainPieceIsNotValid(1,1,2,2)" methodname="MoveWhereFromSquareDoesNotContainPieceIsNotValid" classname="ChessWithTDD.Tests.GenericMoveValidatorTests" runstate="Runnable" seed="605440403" result="Passed" start-time="2017-07-06 22:55:13Z" end-time="2017-07-06 22:55:13Z" duration="0.002547" asserts="1" />
            <test-case id="0-1122" name="MoveWhereFromSquareDoesNotContainPieceIsNotValid(5,3,7,7)" fullname="ChessWithTDD.Tests.GenericMoveValidatorTests.MoveWhereFromSquareDoesNotContainPieceIsNotValid(5,3,7,7)" methodname="MoveWhereFromSquareDoesNotContainPieceIsNotValid" classname="ChessWithTDD.Tests.GenericMoveValidatorTests" runstate="Runnable" seed="1232425814" result="Passed" start-time="2017-07-06 22:55:13Z" end-time="2017-07-06 22:55:13Z" duration="0.000865" asserts="1" />
          </test-suite>
          <test-suite type="ParameterizedMethod" id="0-1133" name="MoveWhereFromSquareHasAPieceOfDifferentValidColourToToSquareIsValid" fullname="ChessWithTDD.Tests.GenericMoveValidatorTests.MoveWhereFromSquareHasAPieceOfDifferentValidColourToToSquareIsValid" classname="ChessWithTDD.Tests.GenericMoveValidatorTests" runstate="Runnable" testcasecount="2" result="Passed" start-time="2017-07-06 22:55:13Z" end-time="2017-07-06 22:55:13Z" duration="0.009022" total="2" passed="2" failed="0" warnings="0" inconclusive="0" skipped="0" asserts="2">
            <test-case id="0-1131" name="MoveWhereFromSquareHasAPieceOfDifferentValidColourToToSquareIsValid(2,2,2,3)" fullname="ChessWithTDD.Tests.GenericMoveValidatorTests.MoveWhereFromSquareHasAPieceOfDifferentValidColourToToSquareIsValid(2,2,2,3)" methodname="MoveWhereFromSquareHasAPieceOfDifferentValidColourToToSquareIsValid" classname="ChessWithTDD.Tests.GenericMoveValidatorTests" runstate="Runnable" seed="1033577072" result="Passed" start-time="2017-07-06 22:55:13Z" end-time="2017-07-06 22:55:13Z" duration="0.001594" asserts="1" />
            <test-case id="0-1132" name="MoveWhereFromSquareHasAPieceOfDifferentValidColourToToSquareIsValid(5,3,6,3)" fullname="ChessWithTDD.Tests.GenericMoveValidatorTests.MoveWhereFromSquareHasAPieceOfDifferentValidColourToToSquareIsValid(5,3,6,3)" methodname="MoveWhereFromSquareHasAPieceOfDifferentValidColourToToSquareIsValid" classname="ChessWithTDD.Tests.GenericMoveValidatorTests" runstate="Runnable" seed="517133581" result="Passed" start-time="2017-07-06 22:55:13Z" end-time="2017-07-06 22:55:13Z" duration="0.001136" asserts="1" />
          </test-suite>
          <test-suite type="ParameterizedMethod" id="0-1126" name="MoveWhereFromSquareIsSamePositionAsToSquareIsNotValid" fullname="ChessWithTDD.Tests.GenericMoveValidatorTests.MoveWhereFromSquareIsSamePositionAsToSquareIsNotValid" classname="ChessWithTDD.Tests.GenericMoveValidatorTests" runstate="Runnable" testcasecount="2" result="Passed" start-time="2017-07-06 22:55:13Z" end-time="2017-07-06 22:55:13Z" duration="0.007519" total="2" passed="2" failed="0" warnings="0" inconclusive="0" skipped="0" asserts="2">
            <test-case id="0-1124" name="MoveWhereFromSquareIsSamePositionAsToSquareIsNotValid(1,2,1,2)" fullname="ChessWithTDD.Tests.GenericMoveValidatorTests.MoveWhereFromSquareIsSamePositionAsToSquareIsNotValid(1,2,1,2)" methodname="MoveWhereFromSquareIsSamePositionAsToSquareIsNotValid" classname="ChessWithTDD.Tests.GenericMoveValidatorTests" runstate="Runnable" seed="553206872" result="Passed" start-time="2017-07-06 22:55:13Z" end-time="2017-07-06 22:55:13Z" duration="0.001257" asserts="1" />
            <test-case id="0-1125" name="MoveWhereFromSquareIsSamePositionAsToSquareIsNotValid(5,3,5,3)" fullname="ChessWithTDD.Tests.GenericMoveValidatorTests.MoveWhereFromSquareIsSamePositionAsToSquareIsNotValid(5,3,5,3)" methodname="MoveWhereFromSquareIsSamePositionAsToSquareIsNotValid" classname="ChessWithTDD.Tests.GenericMoveValidatorTests" runstate="Runnable" seed="1521095170" result="Passed" start-time="2017-07-06 22:55:13Z" end-time="2017-07-06 22:55:13Z" duration="0.000980" asserts="1" />
          </test-suite>
          <test-suite type="ParameterizedMethod" id="0-1120" name="MoveWhereFromSquareOrToSquareIsOffTheBoardIsNotValid" fullname="ChessWithTDD.Tests.GenericMoveValidatorTests.MoveWhereFromSquareOrToSquareIsOffTheBoardIsNotValid" classname="ChessWithTDD.Tests.GenericMoveValidatorTests" runstate="Runnable" testcasecount="8" result="Passed" start-time="2017-07-06 22:55:13Z" end-time="2017-07-06 22:55:13Z" duration="0.030506" total="8" passed="8" failed="0" warnings="0" inconclusive="0" skipped="0" asserts="8">
            <test-case id="0-1112" name="MoveWhereFromSquareOrToSquareIsOffTheBoardIsNotValid(1,1,9,5)" fullname="ChessWithTDD.Tests.GenericMoveValidatorTests.MoveWhereFromSquareOrToSquareIsOffTheBoardIsNotValid(1,1,9,5)" methodname="MoveWhereFromSquareOrToSquareIsOffTheBoardIsNotValid" classname="ChessWithTDD.Tests.GenericMoveValidatorTests" runstate="Runnable" seed="861944020" result="Passed" start-time="2017-07-06 22:55:13Z" end-time="2017-07-06 22:55:13Z" duration="0.001193" asserts="1" />
            <test-case id="0-1113" name="MoveWhereFromSquareOrToSquareIsOffTheBoardIsNotValid(5,3,6,8)" fullname="ChessWithTDD.Tests.GenericMoveValidatorTests.MoveWhereFromSquareOrToSquareIsOffTheBoardIsNotValid(5,3,6,8)" methodname="MoveWhereFromSquareOrToSquareIsOffTheBoardIsNotValid" classname="ChessWithTDD.Tests.GenericMoveValidatorTests" runstate="Runnable" seed="1923652554" result="Passed" start-time="2017-07-06 22:55:13Z" end-time="2017-07-06 22:55:13Z" duration="0.000888" asserts="1" />
            <test-case id="0-1114" name="MoveWhereFromSquareOrToSquareIsOffTheBoardIsNotValid(7,8,2,2)" fullname="ChessWithTDD.Tests.GenericMoveValidatorTests.MoveWhereFromSquareOrToSquareIsOffTheBoardIsNotValid(7,8,2,2)" methodname="MoveWhereFromSquareOrToSquareIsOffTheBoardIsNotValid" classname="ChessWithTDD.Tests.GenericMoveValidatorTests" runstate="Runnable" seed="152393065" result="Passed" start-time="2017-07-06 22:55:13Z" end-time="2017-07-06 22:55:13Z" duration="0.000860" asserts="1" />
            <test-case id="0-1115" name="MoveWhereFromSquareOrToSquareIsOffTheBoardIsNotValid(9,1,2,2)" fullname="ChessWithTDD.Tests.GenericMoveValidatorTests.MoveWhereFromSquareOrToSquareIsOffTheBoardIsNotValid(9,1,2,2)" methodname="MoveWhereFromSquareOrToSquareIsOffTheBoardIsNotValid" classname="ChessWithTDD.Tests.GenericMoveValidatorTests" runstate="Runnable" seed="1343437648" result="Passed" start-time="2017-07-06 22:55:13Z" end-time="2017-07-06 22:55:13Z" duration="0.000856" asserts="1" />
            <test-case id="0-1116" name="MoveWhereFromSquareOrToSquareIsOffTheBoardIsNotValid(1,1,-1,5)" fullname="ChessWithTDD.Tests.GenericMoveValidatorTests.MoveWhereFromSquareOrToSquareIsOffTheBoardIsNotValid(1,1,-1,5)" methodname="MoveWhereFromSquareOrToSquareIsOffTheBoardIsNotValid" classname="ChessWithTDD.Tests.GenericMoveValidatorTests" runstate="Runnable" seed="1171039262" result="Passed" start-time="2017-07-06 22:55:13Z" end-time="2017-07-06 22:55:13Z" duration="0.001070" asserts="1" />
            <test-case id="0-1117" name="MoveWhereFromSquareOrToSquareIsOffTheBoardIsNotValid(5,3,6,-1)" fullname="ChessWithTDD.Tests.GenericMoveValidatorTests.MoveWhereFromSquareOrToSquareIsOffTheBoardIsNotValid(5,3,6,-1)" methodname="MoveWhereFromSquareOrToSquareIsOffTheBoardIsNotValid" classname="ChessWithTDD.Tests.GenericMoveValidatorTests" runstate="Runnable" seed="1224956944" result="Passed" start-time="2017-07-06 22:55:13Z" end-time="2017-07-06 22:55:13Z" duration="0.000914" asserts="1" />
            <test-case id="0-1118" name="MoveWhereFromSquareOrToSquareIsOffTheBoardIsNotValid(7,-1,2,2)" fullname="ChessWithTDD.Tests.GenericMoveValidatorTests.MoveWhereFromSquareOrToSquareIsOffTheBoardIsNotValid(7,-1,2,2)" methodname="MoveWhereFromSquareOrToSquareIsOffTheBoardIsNotValid" classname="ChessWithTDD.Tests.GenericMoveValidatorTests" runstate="Runnable" seed="1524946049" result="Passed" start-time="2017-07-06 22:55:13Z" end-time="2017-07-06 22:55:13Z" duration="0.000882" asserts="1" />
            <test-case id="0-1119" name="MoveWhereFromSquareOrToSquareIsOffTheBoardIsNotValid(-1,1,2,2)" fullname="ChessWithTDD.Tests.GenericMoveValidatorTests.MoveWhereFromSquareOrToSquareIsOffTheBoardIsNotValid(-1,1,2,2)" methodname="MoveWhereFromSquareOrToSquareIsOffTheBoardIsNotValid" classname="ChessWithTDD.Tests.GenericMoveValidatorTests" runstate="Runnable" seed="1962139522" result="Passed" start-time="2017-07-06 22:55:13Z" end-time="2017-07-06 22:55:13Z" duration="0.000889" asserts="1" />
          </test-suite>
          <test-suite type="ParameterizedMethod" id="0-1111" name="MoveWhereFromSquarePieceDoesNotHaveAValidColourIsNotValid" fullname="ChessWithTDD.Tests.GenericMoveValidatorTests.MoveWhereFromSquarePieceDoesNotHaveAValidColourIsNotValid" classname="ChessWithTDD.Tests.GenericMoveValidatorTests" runstate="Runnable" testcasecount="2" result="Passed" start-time="2017-07-06 22:55:13Z" end-time="2017-07-06 22:55:13Z" duration="0.009522" total="2" passed="2" failed="0" warnings="0" inconclusive="0" skipped="0" asserts="2">
            <test-case id="0-1109" name="MoveWhereFromSquarePieceDoesNotHaveAValidColourIsNotValid(1,1,2,2)" fullname="ChessWithTDD.Tests.GenericMoveValidatorTests.MoveWhereFromSquarePieceDoesNotHaveAValidColourIsNotValid(1,1,2,2)" methodname="MoveWhereFromSquarePieceDoesNotHaveAValidColourIsNotValid" classname="ChessWithTDD.Tests.GenericMoveValidatorTests" runstate="Runnable" seed="1664982728" result="Passed" start-time="2017-07-06 22:55:13Z" end-time="2017-07-06 22:55:13Z" duration="0.001393" asserts="1" />
            <test-case id="0-1110" name="MoveWhereFromSquarePieceDoesNotHaveAValidColourIsNotValid(5,3,7,7)" fullname="ChessWithTDD.Tests.GenericMoveValidatorTests.MoveWhereFromSquarePieceDoesNotHaveAValidColourIsNotValid(5,3,7,7)" methodname="MoveWhereFromSquarePieceDoesNotHaveAValidColourIsNotValid" classname="ChessWithTDD.Tests.GenericMoveValidatorTests" runstate="Runnable" seed="431652760" result="Passed" start-time="2017-07-06 22:55:13Z" end-time="2017-07-06 22:55:13Z" duration="0.002237" asserts="1" />
          </test-suite>
          <test-suite type="ParameterizedMethod" id="0-1130" name="MoveWherePieceInToSquareIsOfSameColourAsMovingPieceIsInvalid" fullname="ChessWithTDD.Tests.GenericMoveValidatorTests.MoveWherePieceInToSquareIsOfSameColourAsMovingPieceIsInvalid" classname="ChessWithTDD.Tests.GenericMoveValidatorTests" runstate="Runnable" testcasecount="3" result="Passed" start-time="2017-07-06 22:55:13Z" end-time="2017-07-06 22:55:13Z" duration="0.013030" total="3" passed="3" failed="0" warnings="0" inconclusive="0" skipped="0" asserts="3">
            <test-case id="0-1127" name="MoveWherePieceInToSquareIsOfSameColourAsMovingPieceIsInvalid(2,2,3,2,White)" fullname="ChessWithTDD.Tests.GenericMoveValidatorTests.MoveWherePieceInToSquareIsOfSameColourAsMovingPieceIsInvalid(2,2,3,2,White)" methodname="MoveWherePieceInToSquareIsOfSameColourAsMovingPieceIsInvalid" classname="ChessWithTDD.Tests.GenericMoveValidatorTests" runstate="Runnable" seed="1648365278" result="Passed" start-time="2017-07-06 22:55:13Z" end-time="2017-07-06 22:55:13Z" duration="0.001764" asserts="1" />
            <test-case id="0-1128" name="MoveWherePieceInToSquareIsOfSameColourAsMovingPieceIsInvalid(5,3,4,3,Black)" fullname="ChessWithTDD.Tests.GenericMoveValidatorTests.MoveWherePieceInToSquareIsOfSameColourAsMovingPieceIsInvalid(5,3,4,3,Black)" methodname="MoveWherePieceInToSquareIsOfSameColourAsMovingPieceIsInvalid" classname="ChessWithTDD.Tests.GenericMoveValidatorTests" runstate="Runnable" seed="2122116555" result="Passed" start-time="2017-07-06 22:55:13Z" end-time="2017-07-06 22:55:13Z" duration="0.001176" asserts="1" />
            <test-case id="0-1129" name="MoveWherePieceInToSquareIsOfSameColourAsMovingPieceIsInvalid(5,3,4,3,Invalid)" fullname="ChessWithTDD.Tests.GenericMoveValidatorTests.MoveWherePieceInToSquareIsOfSameColourAsMovingPieceIsInvalid(5,3,4,3,Invalid)" methodname="MoveWherePieceInToSquareIsOfSameColourAsMovingPieceIsInvalid" classname="ChessWithTDD.Tests.GenericMoveValidatorTests" runstate="Runnable" seed="1411997992" result="Passed" start-time="2017-07-06 22:55:13Z" end-time="2017-07-06 22:55:13Z" duration="0.001186" asserts="1" />
          </test-suite>
        </test-suite>
        <test-suite type="TestFixture" id="0-1441" name="KingTests" fullname="ChessWithTDD.Tests.KingTests" classname="ChessWithTDD.Tests.KingTests" runstate="Runnable" testcasecount="16" result="Passed" start-time="2017-07-06 22:55:13Z" end-time="2017-07-06 22:55:13Z" duration="0.076511" total="16" passed="16" failed="0" warnings="0" inconclusive="0" skipped="0" asserts="16">
          <test-suite type="ParameterizedMethod" id="0-1450" name="KingCanMoveToAdjacentSquares" fullname="ChessWithTDD.Tests.KingTests.KingCanMoveToAdjacentSquares" classname="ChessWithTDD.Tests.KingTests" runstate="Runnable" testcasecount="8" result="Passed" start-time="2017-07-06 22:55:13Z" end-time="2017-07-06 22:55:13Z" duration="0.032048" total="8" passed="8" failed="0" warnings="0" inconclusive="0" skipped="0" asserts="8">
            <test-case id="0-1442" name="KingCanMoveToAdjacentSquares(3,3,3,4)" fullname="ChessWithTDD.Tests.KingTests.KingCanMoveToAdjacentSquares(3,3,3,4)" methodname="KingCanMoveToAdjacentSquares" classname="ChessWithTDD.Tests.KingTests" runstate="Runnable" seed="1557717592" result="Passed" start-time="2017-07-06 22:55:13Z" end-time="2017-07-06 22:55:13Z" duration="0.001447" asserts="1" />
            <test-case id="0-1443" name="KingCanMoveToAdjacentSquares(3,3,4,3)" fullname="ChessWithTDD.Tests.KingTests.KingCanMoveToAdjacentSquares(3,3,4,3)" methodname="KingCanMoveToAdjacentSquares" classname="ChessWithTDD.Tests.KingTests" runstate="Runnable" seed="90769570" result="Passed" start-time="2017-07-06 22:55:13Z" end-time="2017-07-06 22:55:13Z" duration="0.001991" asserts="1" />
            <test-case id="0-1444" name="KingCanMoveToAdjacentSquares(3,3,3,2)" fullname="ChessWithTDD.Tests.KingTests.KingCanMoveToAdjacentSquares(3,3,3,2)" methodname="KingCanMoveToAdjacentSquares" classname="ChessWithTDD.Tests.KingTests" runstate="Runnable" seed="999706224" result="Passed" start-time="2017-07-06 22:55:13Z" end-time="2017-07-06 22:55:13Z" duration="0.000857" asserts="1" />
            <test-case id="0-1445" name="KingCanMoveToAdjacentSquares(3,3,2,3)" fullname="ChessWithTDD.Tests.KingTests.KingCanMoveToAdjacentSquares(3,3,2,3)" methodname="KingCanMoveToAdjacentSquares" classname="ChessWithTDD.Tests.KingTests" runstate="Runnable" seed="112267542" result="Passed" start-time="2017-07-06 22:55:13Z" end-time="2017-07-06 22:55:13Z" duration="0.000846" asserts="1" />
            <test-case id="0-1446" name="KingCanMoveToAdjacentSquares(3,3,4,4)" fullname="ChessWithTDD.Tests.KingTests.KingCanMoveToAdjacentSquares(3,3,4,4)" methodname="KingCanMoveToAdjacentSquares" classname="ChessWithTDD.Tests.KingTests" runstate="Runnable" seed="1264598724" result="Passed" start-time="2017-07-06 22:55:13Z" end-time="2017-07-06 22:55:13Z" duration="0.000783" asserts="1" />
            <test-case id="0-1447" name="KingCanMoveToAdjacentSquares(3,3,2,2)" fullname="ChessWithTDD.Tests.KingTests.KingCanMoveToAdjacentSquares(3,3,2,2)" methodname="KingCanMoveToAdjacentSquares" classname="ChessWithTDD.Tests.KingTests" runstate="Runnable" seed="1193038921" result="Passed" start-time="2017-07-06 22:55:13Z" end-time="2017-07-06 22:55:13Z" duration="0.000757" asserts="1" />
            <test-case id="0-1448" name="KingCanMoveToAdjacentSquares(3,3,4,2)" fullname="ChessWithTDD.Tests.KingTests.KingCanMoveToAdjacentSquares(3,3,4,2)" methodname="KingCanMoveToAdjacentSquares" classname="ChessWithTDD.Tests.KingTests" runstate="Runnable" seed="1866439369" result="Passed" start-time="2017-07-06 22:55:13Z" end-time="2017-07-06 22:55:13Z" duration="0.000788" asserts="1" />
            <test-case id="0-1449" name="KingCanMoveToAdjacentSquares(3,3,2,4)" fullname="ChessWithTDD.Tests.KingTests.KingCanMoveToAdjacentSquares(3,3,2,4)" methodname="KingCanMoveToAdjacentSquares" classname="ChessWithTDD.Tests.KingTests" runstate="Runnable" seed="1516772779" result="Passed" start-time="2017-07-06 22:55:13Z" end-time="2017-07-06 22:55:13Z" duration="0.000892" asserts="1" />
          </test-suite>
          <test-suite type="ParameterizedMethod" id="0-1461" name="KingCannotMoveDiagonallyMoreThanOneSquare" fullname="ChessWithTDD.Tests.KingTests.KingCannotMoveDiagonallyMoreThanOneSquare" classname="ChessWithTDD.Tests.KingTests" runstate="Runnable" testcasecount="4" result="Passed" start-time="2017-07-06 22:55:13Z" end-time="2017-07-06 22:55:13Z" duration="0.016011" total="4" passed="4" failed="0" warnings="0" inconclusive="0" skipped="0" asserts="4">
            <test-case id="0-1457" name="KingCannotMoveDiagonallyMoreThanOneSquare(2,5,5,2)" fullname="ChessWithTDD.Tests.KingTests.KingCannotMoveDiagonallyMoreThanOneSquare(2,5,5,2)" methodname="KingCannotMoveDiagonallyMoreThanOneSquare" classname="ChessWithTDD.Tests.KingTests" runstate="Runnable" seed="1021708178" result="Passed" start-time="2017-07-06 22:55:13Z" end-time="2017-07-06 22:55:13Z" duration="0.001146" asserts="1" />
            <test-case id="0-1458" name="KingCannotMoveDiagonallyMoreThanOneSquare(2,3,5,6)" fullname="ChessWithTDD.Tests.KingTests.KingCannotMoveDiagonallyMoreThanOneSquare(2,3,5,6)" methodname="KingCannotMoveDiagonallyMoreThanOneSquare" classname="ChessWithTDD.Tests.KingTests" runstate="Runnable" seed="1136998126" result="Passed" start-time="2017-07-06 22:55:13Z" end-time="2017-07-06 22:55:13Z" duration="0.000944" asserts="1" />
            <test-case id="0-1459" name="KingCannotMoveDiagonallyMoreThanOneSquare(5,5,2,2)" fullname="ChessWithTDD.Tests.KingTests.KingCannotMoveDiagonallyMoreThanOneSquare(5,5,2,2)" methodname="KingCannotMoveDiagonallyMoreThanOneSquare" classname="ChessWithTDD.Tests.KingTests" runstate="Runnable" seed="755126064" result="Passed" start-time="2017-07-06 22:55:13Z" end-time="2017-07-06 22:55:13Z" duration="0.000750" asserts="1" />
            <test-case id="0-1460" name="KingCannotMoveDiagonallyMoreThanOneSquare(5,2,2,5)" fullname="ChessWithTDD.Tests.KingTests.KingCannotMoveDiagonallyMoreThanOneSquare(5,2,2,5)" methodname="KingCannotMoveDiagonallyMoreThanOneSquare" classname="ChessWithTDD.Tests.KingTests" runstate="Runnable" seed="764241342" result="Passed" start-time="2017-07-06 22:55:13Z" end-time="2017-07-06 22:55:13Z" duration="0.000750" asserts="1" />
          </test-suite>
          <test-suite type="ParameterizedMethod" id="0-1456" name="KingCannotMoveHorizontallyMoreThanOneSquare" fullname="ChessWithTDD.Tests.KingTests.KingCannotMoveHorizontallyMoreThanOneSquare" classname="ChessWithTDD.Tests.KingTests" runstate="Runnable" testcasecount="2" result="Passed" start-time="2017-07-06 22:55:13Z" end-time="2017-07-06 22:55:13Z" duration="0.007977" total="2" passed="2" failed="0" warnings="0" inconclusive="0" skipped="0" asserts="2">
            <test-case id="0-1454" name="KingCannotMoveHorizontallyMoreThanOneSquare(2,6,2,0)" fullname="ChessWithTDD.Tests.KingTests.KingCannotMoveHorizontallyMoreThanOneSquare(2,6,2,0)" methodname="KingCannotMoveHorizontallyMoreThanOneSquare" classname="ChessWithTDD.Tests.KingTests" runstate="Runnable" seed="1080009465" result="Passed" start-time="2017-07-06 22:55:13Z" end-time="2017-07-06 22:55:13Z" duration="0.001109" asserts="1" />
            <test-case id="0-1455" name="KingCannotMoveHorizontallyMoreThanOneSquare(2,2,2,7)" fullname="ChessWithTDD.Tests.KingTests.KingCannotMoveHorizontallyMoreThanOneSquare(2,2,2,7)" methodname="KingCannotMoveHorizontallyMoreThanOneSquare" classname="ChessWithTDD.Tests.KingTests" runstate="Runnable" seed="1926100430" result="Passed" start-time="2017-07-06 22:55:13Z" end-time="2017-07-06 22:55:13Z" duration="0.000818" asserts="1" />
          </test-suite>
          <test-suite type="ParameterizedMethod" id="0-1453" name="KingCannotMoveVerticallyMoreThanOneSquare" fullname="ChessWithTDD.Tests.KingTests.KingCannotMoveVerticallyMoreThanOneSquare" classname="ChessWithTDD.Tests.KingTests" runstate="Runnable" testcasecount="2" result="Passed" start-time="2017-07-06 22:55:13Z" end-time="2017-07-06 22:55:13Z" duration="0.008032" total="2" passed="2" failed="0" warnings="0" inconclusive="0" skipped="0" asserts="2">
            <test-case id="0-1451" name="KingCannotMoveVerticallyMoreThanOneSquare(5,2,2,2)" fullname="ChessWithTDD.Tests.KingTests.KingCannotMoveVerticallyMoreThanOneSquare(5,2,2,2)" methodname="KingCannotMoveVerticallyMoreThanOneSquare" classname="ChessWithTDD.Tests.KingTests" runstate="Runnable" seed="1758802166" result="Passed" start-time="2017-07-06 22:55:13Z" end-time="2017-07-06 22:55:13Z" duration="0.001175" asserts="1" />
            <test-case id="0-1452" name="KingCannotMoveVerticallyMoreThanOneSquare(2,2,5,2)" fullname="ChessWithTDD.Tests.KingTests.KingCannotMoveVerticallyMoreThanOneSquare(2,2,5,2)" methodname="KingCannotMoveVerticallyMoreThanOneSquare" classname="ChessWithTDD.Tests.KingTests" runstate="Runnable" seed="1948344099" result="Passed" start-time="2017-07-06 22:55:13Z" end-time="2017-07-06 22:55:13Z" duration="0.000834" asserts="1" />
          </test-suite>
        </test-suite>
        <test-suite type="TestFixture" id="0-1462" name="KnightTests" fullname="ChessWithTDD.Tests.KnightTests" classname="ChessWithTDD.Tests.KnightTests" runstate="Runnable" testcasecount="16" result="Passed" start-time="2017-07-06 22:55:13Z" end-time="2017-07-06 22:55:13Z" duration="0.072056" total="16" passed="16" failed="0" warnings="0" inconclusive="0" skipped="0" asserts="16">
          <test-suite type="ParameterizedMethod" id="0-1472" name="KnightCanMoveOneHorizontalAndTwoVerticalPositions" fullname="ChessWithTDD.Tests.KnightTests.KnightCanMoveOneHorizontalAndTwoVerticalPositions" classname="ChessWithTDD.Tests.KnightTests" runstate="Runnable" testcasecount="4" result="Passed" start-time="2017-07-06 22:55:13Z" end-time="2017-07-06 22:55:13Z" duration="0.016015" total="4" passed="4" failed="0" warnings="0" inconclusive="0" skipped="0" asserts="4">
            <test-case id="0-1468" name="KnightCanMoveOneHorizontalAndTwoVerticalPositions(1,2,3,3)" fullname="ChessWithTDD.Tests.KnightTests.KnightCanMoveOneHorizontalAndTwoVerticalPositions(1,2,3,3)" methodname="KnightCanMoveOneHorizontalAndTwoVerticalPositions" classname="ChessWithTDD.Tests.KnightTests" runstate="Runnable" seed="133090377" result="Passed" start-time="2017-07-06 22:55:13Z" end-time="2017-07-06 22:55:13Z" duration="0.001868" asserts="1" />
            <test-case id="0-1469" name="KnightCanMoveOneHorizontalAndTwoVerticalPositions(1,2,3,1)" fullname="ChessWithTDD.Tests.KnightTests.KnightCanMoveOneHorizontalAndTwoVerticalPositions(1,2,3,1)" methodname="KnightCanMoveOneHorizontalAndTwoVerticalPositions" classname="ChessWithTDD.Tests.KnightTests" runstate="Runnable" seed="163362432" result="Passed" start-time="2017-07-06 22:55:13Z" end-time="2017-07-06 22:55:13Z" duration="0.000787" asserts="1" />
            <test-case id="0-1470" name="KnightCanMoveOneHorizontalAndTwoVerticalPositions(2,3,0,4)" fullname="ChessWithTDD.Tests.KnightTests.KnightCanMoveOneHorizontalAndTwoVerticalPositions(2,3,0,4)" methodname="KnightCanMoveOneHorizontalAndTwoVerticalPositions" classname="ChessWithTDD.Tests.KnightTests" runstate="Runnable" seed="556349999" result="Passed" start-time="2017-07-06 22:55:13Z" end-time="2017-07-06 22:55:13Z" duration="0.000822" asserts="1" />
            <test-case id="0-1471" name="KnightCanMoveOneHorizontalAndTwoVerticalPositions(2,3,0,2)" fullname="ChessWithTDD.Tests.KnightTests.KnightCanMoveOneHorizontalAndTwoVerticalPositions(2,3,0,2)" methodname="KnightCanMoveOneHorizontalAndTwoVerticalPositions" classname="ChessWithTDD.Tests.KnightTests" runstate="Runnable" seed="1976584070" result="Passed" start-time="2017-07-06 22:55:13Z" end-time="2017-07-06 22:55:13Z" duration="0.000824" asserts="1" />
          </test-suite>
          <test-suite type="ParameterizedMethod" id="0-1467" name="KnightCanMoveOneVerticalAndTwoHorizontalPositions" fullname="ChessWithTDD.Tests.KnightTests.KnightCanMoveOneVerticalAndTwoHorizontalPositions" classname="ChessWithTDD.Tests.KnightTests" runstate="Runnable" testcasecount="4" result="Passed" start-time="2017-07-06 22:55:13Z" end-time="2017-07-06 22:55:13Z" duration="0.016001" total="4" passed="4" failed="0" warnings="0" inconclusive="0" skipped="0" asserts="4">
            <test-case id="0-1463" name="KnightCanMoveOneVerticalAndTwoHorizontalPositions(1,2,2,4)" fullname="ChessWithTDD.Tests.KnightTests.KnightCanMoveOneVerticalAndTwoHorizontalPositions(1,2,2,4)" methodname="KnightCanMoveOneVerticalAndTwoHorizontalPositions" classname="ChessWithTDD.Tests.KnightTests" runstate="Runnable" seed="1139291356" result="Passed" start-time="2017-07-06 22:55:13Z" end-time="2017-07-06 22:55:13Z" duration="0.002094" asserts="1" />
            <test-case id="0-1464" name="KnightCanMoveOneVerticalAndTwoHorizontalPositions(1,2,0,4)" fullname="ChessWithTDD.Tests.KnightTests.KnightCanMoveOneVerticalAndTwoHorizontalPositions(1,2,0,4)" methodname="KnightCanMoveOneVerticalAndTwoHorizontalPositions" classname="ChessWithTDD.Tests.KnightTests" runstate="Runnable" seed="611900009" result="Passed" start-time="2017-07-06 22:55:13Z" end-time="2017-07-06 22:55:13Z" duration="0.000873" asserts="1" />
            <test-case id="0-1465" name="KnightCanMoveOneVerticalAndTwoHorizontalPositions(2,3,3,1)" fullname="ChessWithTDD.Tests.KnightTests.KnightCanMoveOneVerticalAndTwoHorizontalPositions(2,3,3,1)" methodname="KnightCanMoveOneVerticalAndTwoHorizontalPositions" classname="ChessWithTDD.Tests.KnightTests" runstate="Runnable" seed="15606011" result="Passed" start-time="2017-07-06 22:55:13Z" end-time="2017-07-06 22:55:13Z" duration="0.000852" asserts="1" />
            <test-case id="0-1466" name="KnightCanMoveOneVerticalAndTwoHorizontalPositions(2,3,1,1)" fullname="ChessWithTDD.Tests.KnightTests.KnightCanMoveOneVerticalAndTwoHorizontalPositions(2,3,1,1)" methodname="KnightCanMoveOneVerticalAndTwoHorizontalPositions" classname="ChessWithTDD.Tests.KnightTests" runstate="Runnable" seed="2134015570" result="Passed" start-time="2017-07-06 22:55:13Z" end-time="2017-07-06 22:55:13Z" duration="0.000829" asserts="1" />
          </test-suite>
          <test-suite type="ParameterizedMethod" id="0-1481" name="KnightCannotMoveIfNotLShaped" fullname="ChessWithTDD.Tests.KnightTests.KnightCannotMoveIfNotLShaped" classname="ChessWithTDD.Tests.KnightTests" runstate="Runnable" testcasecount="8" result="Passed" start-time="2017-07-06 22:55:13Z" end-time="2017-07-06 22:55:13Z" duration="0.030529" total="8" passed="8" failed="0" warnings="0" inconclusive="0" skipped="0" asserts="8">
            <test-case id="0-1473" name="KnightCannotMoveIfNotLShaped(1,1,2,2)" fullname="ChessWithTDD.Tests.KnightTests.KnightCannotMoveIfNotLShaped(1,1,2,2)" methodname="KnightCannotMoveIfNotLShaped" classname="ChessWithTDD.Tests.KnightTests" runstate="Runnable" seed="877766018" result="Passed" start-time="2017-07-06 22:55:13Z" end-time="2017-07-06 22:55:13Z" duration="0.001505" asserts="1" />
            <test-case id="0-1474" name="KnightCannotMoveIfNotLShaped(1,1,3,3)" fullname="ChessWithTDD.Tests.KnightTests.KnightCannotMoveIfNotLShaped(1,1,3,3)" methodname="KnightCannotMoveIfNotLShaped" classname="ChessWithTDD.Tests.KnightTests" runstate="Runnable" seed="771749434" result="Passed" start-time="2017-07-06 22:55:13Z" end-time="2017-07-06 22:55:13Z" duration="0.000787" asserts="1" />
            <test-case id="0-1475" name="KnightCannotMoveIfNotLShaped(1,1,4,4)" fullname="ChessWithTDD.Tests.KnightTests.KnightCannotMoveIfNotLShaped(1,1,4,4)" methodname="KnightCannotMoveIfNotLShaped" classname="ChessWithTDD.Tests.KnightTests" runstate="Runnable" seed="469233695" result="Passed" start-time="2017-07-06 22:55:13Z" end-time="2017-07-06 22:55:13Z" duration="0.000773" asserts="1" />
            <test-case id="0-1476" name="KnightCannotMoveIfNotLShaped(4,4,0,0)" fullname="ChessWithTDD.Tests.KnightTests.KnightCannotMoveIfNotLShaped(4,4,0,0)" methodname="KnightCannotMoveIfNotLShaped" classname="ChessWithTDD.Tests.KnightTests" runstate="Runnable" seed="61163135" result="Passed" start-time="2017-07-06 22:55:13Z" end-time="2017-07-06 22:55:13Z" duration="0.000845" asserts="1" />
            <test-case id="0-1477" name="KnightCannotMoveIfNotLShaped(1,2,3,4)" fullname="ChessWithTDD.Tests.KnightTests.KnightCannotMoveIfNotLShaped(1,2,3,4)" methodname="KnightCannotMoveIfNotLShaped" classname="ChessWithTDD.Tests.KnightTests" runstate="Runnable" seed="659273982" result="Passed" start-time="2017-07-06 22:55:13Z" end-time="2017-07-06 22:55:13Z" duration="0.000885" asserts="1" />
            <test-case id="0-1478" name="KnightCannotMoveIfNotLShaped(1,2,6,7)" fullname="ChessWithTDD.Tests.KnightTests.KnightCannotMoveIfNotLShaped(1,2,6,7)" methodname="KnightCannotMoveIfNotLShaped" classname="ChessWithTDD.Tests.KnightTests" runstate="Runnable" seed="293942333" result="Passed" start-time="2017-07-06 22:55:13Z" end-time="2017-07-06 22:55:13Z" duration="0.000820" asserts="1" />
            <test-case id="0-1479" name="KnightCannotMoveIfNotLShaped(4,8,2,6)" fullname="ChessWithTDD.Tests.KnightTests.KnightCannotMoveIfNotLShaped(4,8,2,6)" methodname="KnightCannotMoveIfNotLShaped" classname="ChessWithTDD.Tests.KnightTests" runstate="Runnable" seed="420876342" result="Passed" start-time="2017-07-06 22:55:13Z" end-time="2017-07-06 22:55:13Z" duration="0.000878" asserts="1" />
            <test-case id="0-1480" name="KnightCannotMoveIfNotLShaped(5,1,3,4)" fullname="ChessWithTDD.Tests.KnightTests.KnightCannotMoveIfNotLShaped(5,1,3,4)" methodname="KnightCannotMoveIfNotLShaped" classname="ChessWithTDD.Tests.KnightTests" runstate="Runnable" seed="1613343111" result="Passed" start-time="2017-07-06 22:55:13Z" end-time="2017-07-06 22:55:13Z" duration="0.000798" asserts="1" />
          </test-suite>
        </test-suite>
        <test-suite type="TestFixture" id="0-1091" name="MoveExecutorTests" fullname="ChessWithTDD.Tests.MoveExecutorTests" classname="ChessWithTDD.Tests.MoveExecutorTests" runstate="Runnable" testcasecount="14" result="Passed" start-time="2017-07-06 22:55:13Z" end-time="2017-07-06 22:55:13Z" duration="0.092038" total="14" passed="14" failed="0" warnings="0" inconclusive="0" skipped="0" asserts="21">
          <test-suite type="ParameterizedMethod" id="0-1106" name="ApplyMoveAddsToAndFromSquaresToPendingUpdatesForBoard" fullname="ChessWithTDD.Tests.MoveExecutorTests.ApplyMoveAddsToAndFromSquaresToPendingUpdatesForBoard" classname="ChessWithTDD.Tests.MoveExecutorTests" runstate="Runnable" testcasecount="3" result="Passed" start-time="2017-07-06 22:55:13Z" end-time="2017-07-06 22:55:13Z" duration="0.018982" total="3" passed="3" failed="0" warnings="0" inconclusive="0" skipped="0" asserts="6">
            <test-case id="0-1103" name="ApplyMoveAddsToAndFromSquaresToPendingUpdatesForBoard(2,4,6,7)" fullname="ChessWithTDD.Tests.MoveExecutorTests.ApplyMoveAddsToAndFromSquaresToPendingUpdatesForBoard(2,4,6,7)" methodname="ApplyMoveAddsToAndFromSquaresToPendingUpdatesForBoard" classname="ChessWithTDD.Tests.MoveExecutorTests" runstate="Runnable" seed="59911937" result="Passed" start-time="2017-07-06 22:55:13Z" end-time="2017-07-06 22:55:13Z" duration="0.005691" asserts="2" />
            <test-case id="0-1104" name="ApplyMoveAddsToAndFromSquaresToPendingUpdatesForBoard(3,3,1,1)" fullname="ChessWithTDD.Tests.MoveExecutorTests.ApplyMoveAddsToAndFromSquaresToPendingUpdatesForBoard(3,3,1,1)" methodname="ApplyMoveAddsToAndFromSquaresToPendingUpdatesForBoard" classname="ChessWithTDD.Tests.MoveExecutorTests" runstate="Runnable" seed="1773858238" result="Passed" start-time="2017-07-06 22:55:13Z" end-time="2017-07-06 22:55:13Z" duration="0.002772" asserts="2" />
            <test-case id="0-1105" name="ApplyMoveAddsToAndFromSquaresToPendingUpdatesForBoard(1,3,1,5)" fullname="ChessWithTDD.Tests.MoveExecutorTests.ApplyMoveAddsToAndFromSquaresToPendingUpdatesForBoard(1,3,1,5)" methodname="ApplyMoveAddsToAndFromSquaresToPendingUpdatesForBoard" classname="ChessWithTDD.Tests.MoveExecutorTests" runstate="Runnable" seed="300975683" result="Passed" start-time="2017-07-06 22:55:13Z" end-time="2017-07-06 22:55:13Z" duration="0.001968" asserts="2" />
          </test-suite>
          <test-suite type="ParameterizedMethod" id="0-1102" name="ApplyMoveToBoardChangesBoardStateCorrectly" fullname="ChessWithTDD.Tests.MoveExecutorTests.ApplyMoveToBoardChangesBoardStateCorrectly" classname="ChessWithTDD.Tests.MoveExecutorTests" runstate="Runnable" testcasecount="3" result="Passed" start-time="2017-07-06 22:55:13Z" end-time="2017-07-06 22:55:13Z" duration="0.017982" total="3" passed="3" failed="0" warnings="0" inconclusive="0" skipped="0" asserts="9">
            <test-case id="0-1099" name="ApplyMoveToBoardChangesBoardStateCorrectly(2,4,6,7)" fullname="ChessWithTDD.Tests.MoveExecutorTests.ApplyMoveToBoardChangesBoardStateCorrectly(2,4,6,7)" methodname="ApplyMoveToBoardChangesBoardStateCorrectly" classname="ChessWithTDD.Tests.MoveExecutorTests" runstate="Runnable" seed="1971515234" result="Passed" start-time="2017-07-06 22:55:13Z" end-time="2017-07-06 22:55:13Z" duration="0.006421" asserts="3" />
            <test-case id="0-1100" name="ApplyMoveToBoardChangesBoardStateCorrectly(3,3,1,1)" fullname="ChessWithTDD.Tests.MoveExecutorTests.ApplyMoveToBoardChangesBoardStateCorrectly(3,3,1,1)" methodname="ApplyMoveToBoardChangesBoardStateCorrectly" classname="ChessWithTDD.Tests.MoveExecutorTests" runstate="Runnable" seed="520422492" result="Passed" start-time="2017-07-06 22:55:13Z" end-time="2017-07-06 22:55:13Z" duration="0.001863" asserts="3" />
            <test-case id="0-1101" name="ApplyMoveToBoardChangesBoardStateCorrectly(1,3,1,5)" fullname="ChessWithTDD.Tests.MoveExecutorTests.ApplyMoveToBoardChangesBoardStateCorrectly(1,3,1,5)" methodname="ApplyMoveToBoardChangesBoardStateCorrectly" classname="ChessWithTDD.Tests.MoveExecutorTests" runstate="Runnable" seed="1634023245" result="Passed" start-time="2017-07-06 22:55:13Z" end-time="2017-07-06 22:55:13Z" duration="0.001785" asserts="3" />
          </test-suite>
          <test-case id="0-1107" name="TestOrderingOfCallsInApplyMethod" fullname="ChessWithTDD.Tests.MoveExecutorTests.TestOrderingOfCallsInApplyMethod" methodname="TestOrderingOfCallsInApplyMethod" classname="ChessWithTDD.Tests.MoveExecutorTests" runstate="Runnable" seed="1890514926" result="Passed" start-time="2017-07-06 22:55:13Z" end-time="2017-07-06 22:55:13Z" duration="0.008621" asserts="4" />
          <test-case id="0-1093" name="WhenApplyMoveIsCalledAndFromSquareContainsAnyPieceDoNotCallPawnManager" fullname="ChessWithTDD.Tests.MoveExecutorTests.WhenApplyMoveIsCalledAndFromSquareContainsAnyPieceDoNotCallPawnManager" methodname="WhenApplyMoveIsCalledAndFromSquareContainsAnyPieceDoNotCallPawnManager" classname="ChessWithTDD.Tests.MoveExecutorTests" runstate="Runnable" seed="787929584" result="Passed" start-time="2017-07-06 22:55:13Z" end-time="2017-07-06 22:55:13Z" duration="0.002787" asserts="0" />
          <test-case id="0-1092" name="WhenApplyMoveIsCalledAndFromSquareContainsAPawnCallPawnManager" fullname="ChessWithTDD.Tests.MoveExecutorTests.WhenApplyMoveIsCalledAndFromSquareContainsAPawnCallPawnManager" methodname="WhenApplyMoveIsCalledAndFromSquareContainsAPawnCallPawnManager" classname="ChessWithTDD.Tests.MoveExecutorTests" runstate="Runnable" seed="979014358" result="Passed" start-time="2017-07-06 22:55:13Z" end-time="2017-07-06 22:55:13Z" duration="0.001613" asserts="0" />
          <test-case id="0-1097" name="WhenApplyMoveIsCalledBoardCacheUpdatesBlackKingSquareIfBlackKingInFromSquareIsCalled" fullname="ChessWithTDD.Tests.MoveExecutorTests.WhenApplyMoveIsCalledBoardCacheUpdatesBlackKingSquareIfBlackKingInFromSquareIsCalled" methodname="WhenApplyMoveIsCalledBoardCacheUpdatesBlackKingSquareIfBlackKingInFromSquareIsCalled" classname="ChessWithTDD.Tests.MoveExecutorTests" runstate="Runnable" seed="1397256862" result="Passed" start-time="2017-07-06 22:55:13Z" end-time="2017-07-06 22:55:13Z" duration="0.002431" asserts="1" />
          <test-case id="0-1098" name="WhenApplyMoveIsCalledBoardCacheUpdatesWhiteKingSquareIfWhiteKingInFromSquareIsCalled" fullname="ChessWithTDD.Tests.MoveExecutorTests.WhenApplyMoveIsCalledBoardCacheUpdatesWhiteKingSquareIfWhiteKingInFromSquareIsCalled" methodname="WhenApplyMoveIsCalledBoardCacheUpdatesWhiteKingSquareIfWhiteKingInFromSquareIsCalled" classname="ChessWithTDD.Tests.MoveExecutorTests" runstate="Runnable" seed="1607557594" result="Passed" start-time="2017-07-06 22:55:13Z" end-time="2017-07-06 22:55:13Z" duration="0.001937" asserts="1" />
          <test-case id="0-1094" name="WhenApplyMoveIsCalledUnmarkEnPassantSquaresIsCalledWithTurnCounter" fullname="ChessWithTDD.Tests.MoveExecutorTests.WhenApplyMoveIsCalledUnmarkEnPassantSquaresIsCalledWithTurnCounter" methodname="WhenApplyMoveIsCalledUnmarkEnPassantSquaresIsCalledWithTurnCounter" classname="ChessWithTDD.Tests.MoveExecutorTests" runstate="Runnable" seed="623880737" result="Passed" start-time="2017-07-06 22:55:13Z" end-time="2017-07-06 22:55:13Z" duration="0.002104" asserts="0" />
          <test-case id="0-1095" name="WhenApplyMoveIsCalledUpdateBoardCacheIsCalled" fullname="ChessWithTDD.Tests.MoveExecutorTests.WhenApplyMoveIsCalledUpdateBoardCacheIsCalled" methodname="WhenApplyMoveIsCalledUpdateBoardCacheIsCalled" classname="ChessWithTDD.Tests.MoveExecutorTests" runstate="Runnable" seed="781759848" result="Passed" start-time="2017-07-06 22:55:13Z" end-time="2017-07-06 22:55:13Z" duration="0.001430" asserts="0" />
          <test-case id="0-1096" name="WhenApplyMoveIsCalledUpdateCheckStatesIsCalled" fullname="ChessWithTDD.Tests.MoveExecutorTests.WhenApplyMoveIsCalledUpdateCheckStatesIsCalled" methodname="WhenApplyMoveIsCalledUpdateCheckStatesIsCalled" classname="ChessWithTDD.Tests.MoveExecutorTests" runstate="Runnable" seed="128292942" result="Passed" start-time="2017-07-06 22:55:13Z" end-time="2017-07-06 22:55:13Z" duration="0.003410" asserts="0" />
        </test-suite>
        <test-suite type="TestFixture" id="0-1134" name="MoveIntoCheckValidatorTests" fullname="ChessWithTDD.Tests.MoveIntoCheckValidatorTests" classname="ChessWithTDD.Tests.MoveIntoCheckValidatorTests" runstate="Runnable" testcasecount="2" result="Passed" start-time="2017-07-06 22:55:13Z" end-time="2017-07-06 22:55:13Z" duration="0.012040" total="2" passed="2" failed="0" warnings="0" inconclusive="0" skipped="0" asserts="2">
          <test-case id="0-1135" name="MovingWhiteKingIntoCheckReturnsTrue" fullname="ChessWithTDD.Tests.MoveIntoCheckValidatorTests.MovingWhiteKingIntoCheckReturnsTrue" methodname="MovingWhiteKingIntoCheckReturnsTrue" classname="ChessWithTDD.Tests.MoveIntoCheckValidatorTests" runstate="Runnable" seed="2134790649" result="Passed" start-time="2017-07-06 22:55:13Z" end-time="2017-07-06 22:55:13Z" duration="0.004085" asserts="1" />
          <test-case id="0-1136" name="MovingWhiteKingNotIntoCheckReturnsFalse" fullname="ChessWithTDD.Tests.MoveIntoCheckValidatorTests.MovingWhiteKingNotIntoCheckReturnsFalse" methodname="MovingWhiteKingNotIntoCheckReturnsFalse" classname="ChessWithTDD.Tests.MoveIntoCheckValidatorTests" runstate="Runnable" seed="314308678" result="Passed" start-time="2017-07-06 22:55:13Z" end-time="2017-07-06 22:55:13Z" duration="0.002300" asserts="1" />
        </test-suite>
        <test-suite type="TestFixture" id="0-1644" name="MoveTests" fullname="ChessWithTDD.Tests.MoveTests" classname="ChessWithTDD.Tests.MoveTests" runstate="Runnable" testcasecount="8" result="Passed" start-time="2017-07-06 22:55:13Z" end-time="2017-07-06 22:55:13Z" duration="0.032986" total="8" passed="8" failed="0" warnings="0" inconclusive="0" skipped="0" asserts="8">
          <test-suite type="ParameterizedMethod" id="0-1646" name="MoveIntialisesWithFromSquareAndToSquareCorrectly" fullname="ChessWithTDD.Tests.MoveTests.MoveIntialisesWithFromSquareAndToSquareCorrectly" classname="ChessWithTDD.Tests.MoveTests" runstate="Runnable" testcasecount="1" result="Passed" start-time="2017-07-06 22:55:13Z" end-time="2017-07-06 22:55:13Z" duration="0.003099" total="1" passed="1" failed="0" warnings="0" inconclusive="0" skipped="0" asserts="1">
            <test-case id="0-1645" name="MoveIntialisesWithFromSquareAndToSquareCorrectly(1,2,3,4)" fullname="ChessWithTDD.Tests.MoveTests.MoveIntialisesWithFromSquareAndToSquareCorrectly(1,2,3,4)" methodname="MoveIntialisesWithFromSquareAndToSquareCorrectly" classname="ChessWithTDD.Tests.MoveTests" runstate="Runnable" seed="1073304116" result="Passed" start-time="2017-07-06 22:55:13Z" end-time="2017-07-06 22:55:13Z" duration="0.000336" asserts="1" />
          </test-suite>
          <test-suite type="ParameterizedMethod" id="0-1654" name="MoveObjectEqualsOverrideReturnsFalse" fullname="ChessWithTDD.Tests.MoveTests.MoveObjectEqualsOverrideReturnsFalse" classname="ChessWithTDD.Tests.MoveTests" runstate="Runnable" testcasecount="4" result="Passed" start-time="2017-07-06 22:55:13Z" end-time="2017-07-06 22:55:13Z" duration="0.012071" total="4" passed="4" failed="0" warnings="0" inconclusive="0" skipped="0" asserts="4">
            <test-case id="0-1650" name="MoveObjectEqualsOverrideReturnsFalse(1,2,3,5)" fullname="ChessWithTDD.Tests.MoveTests.MoveObjectEqualsOverrideReturnsFalse(1,2,3,5)" methodname="MoveObjectEqualsOverrideReturnsFalse" classname="ChessWithTDD.Tests.MoveTests" runstate="Runnable" seed="439112961" result="Passed" start-time="2017-07-06 22:55:13Z" end-time="2017-07-06 22:55:13Z" duration="0.000307" asserts="1" />
            <test-case id="0-1651" name="MoveObjectEqualsOverrideReturnsFalse(1,2,4,4)" fullname="ChessWithTDD.Tests.MoveTests.MoveObjectEqualsOverrideReturnsFalse(1,2,4,4)" methodname="MoveObjectEqualsOverrideReturnsFalse" classname="ChessWithTDD.Tests.MoveTests" runstate="Runnable" seed="510269141" result="Passed" start-time="2017-07-06 22:55:13Z" end-time="2017-07-06 22:55:13Z" duration="0.000070" asserts="1" />
            <test-case id="0-1652" name="MoveObjectEqualsOverrideReturnsFalse(1,3,3,4)" fullname="ChessWithTDD.Tests.MoveTests.MoveObjectEqualsOverrideReturnsFalse(1,3,3,4)" methodname="MoveObjectEqualsOverrideReturnsFalse" classname="ChessWithTDD.Tests.MoveTests" runstate="Runnable" seed="1411305266" result="Passed" start-time="2017-07-06 22:55:13Z" end-time="2017-07-06 22:55:13Z" duration="0.000101" asserts="1" />
            <test-case id="0-1653" name="MoveObjectEqualsOverrideReturnsFalse(2,2,3,4)" fullname="ChessWithTDD.Tests.MoveTests.MoveObjectEqualsOverrideReturnsFalse(2,2,3,4)" methodname="MoveObjectEqualsOverrideReturnsFalse" classname="ChessWithTDD.Tests.MoveTests" runstate="Runnable" seed="626375052" result="Passed" start-time="2017-07-06 22:55:13Z" end-time="2017-07-06 22:55:13Z" duration="0.000094" asserts="1" />
          </test-suite>
          <test-case id="0-1655" name="MoveObjectEqualsOverrideReturnsFalseForOtherObject" fullname="ChessWithTDD.Tests.MoveTests.MoveObjectEqualsOverrideReturnsFalseForOtherObject" methodname="MoveObjectEqualsOverrideReturnsFalseForOtherObject" classname="ChessWithTDD.Tests.MoveTests" runstate="Runnable" seed="435396037" result="Passed" start-time="2017-07-06 22:55:13Z" end-time="2017-07-06 22:55:13Z" duration="0.000291" asserts="1" />
          <test-suite type="ParameterizedMethod" id="0-1649" name="MoveObjectEqualsOverrideReturnsTrue" fullname="ChessWithTDD.Tests.MoveTests.MoveObjectEqualsOverrideReturnsTrue" classname="ChessWithTDD.Tests.MoveTests" runstate="Runnable" testcasecount="2" result="Passed" start-time="2017-07-06 22:55:13Z" end-time="2017-07-06 22:55:13Z" duration="0.005992" total="2" passed="2" failed="0" warnings="0" inconclusive="0" skipped="0" asserts="2">
            <test-case id="0-1647" name="MoveObjectEqualsOverrideReturnsTrue(1,2,3,4)" fullname="ChessWithTDD.Tests.MoveTests.MoveObjectEqualsOverrideReturnsTrue(1,2,3,4)" methodname="MoveObjectEqualsOverrideReturnsTrue" classname="ChessWithTDD.Tests.MoveTests" runstate="Runnable" seed="614030205" result="Passed" start-time="2017-07-06 22:55:13Z" end-time="2017-07-06 22:55:13Z" duration="0.000378" asserts="1" />
            <test-case id="0-1648" name="MoveObjectEqualsOverrideReturnsTrue(5,5,-5,5)" fullname="ChessWithTDD.Tests.MoveTests.MoveObjectEqualsOverrideReturnsTrue(5,5,-5,5)" methodname="MoveObjectEqualsOverrideReturnsTrue" classname="ChessWithTDD.Tests.MoveTests" runstate="Runnable" seed="796818434" result="Passed" start-time="2017-07-06 22:55:13Z" end-time="2017-07-06 22:55:13Z" duration="0.000079" asserts="1" />
          </test-suite>
        </test-suite>
        <test-suite type="TestFixture" id="0-1137" name="MoveValidatorTests" fullname="ChessWithTDD.Tests.MoveValidatorTests" classname="ChessWithTDD.Tests.MoveValidatorTests" runstate="Runnable" testcasecount="4" result="Passed" start-time="2017-07-06 22:55:13Z" end-time="2017-07-06 22:55:13Z" duration="0.054552" total="4" passed="4" failed="0" warnings="0" inconclusive="0" skipped="0" asserts="4">
          <test-case id="0-1139" name="MoveIsValidReturnsFalseIfJustGenericMoveValidationFails" fullname="ChessWithTDD.Tests.MoveValidatorTests.MoveIsValidReturnsFalseIfJustGenericMoveValidationFails" methodname="MoveIsValidReturnsFalseIfJustGenericMoveValidationFails" classname="ChessWithTDD.Tests.MoveValidatorTests" runstate="Runnable" seed="1371586943" result="Passed" start-time="2017-07-06 22:55:13Z" end-time="2017-07-06 22:55:13Z" duration="0.038385" asserts="1" />
          <test-case id="0-1141" name="MoveIsValidReturnsFalseIfJustMoveIntoCheckValidationFails" fullname="ChessWithTDD.Tests.MoveValidatorTests.MoveIsValidReturnsFalseIfJustMoveIntoCheckValidationFails" methodname="MoveIsValidReturnsFalseIfJustMoveIntoCheckValidationFails" classname="ChessWithTDD.Tests.MoveValidatorTests" runstate="Runnable" seed="1476230156" result="Passed" start-time="2017-07-06 22:55:13Z" end-time="2017-07-06 22:55:13Z" duration="0.001733" asserts="1" />
          <test-case id="0-1140" name="MoveIsValidReturnsFalseIfJustMultiSquareValidationFails" fullname="ChessWithTDD.Tests.MoveValidatorTests.MoveIsValidReturnsFalseIfJustMultiSquareValidationFails" methodname="MoveIsValidReturnsFalseIfJustMultiSquareValidationFails" classname="ChessWithTDD.Tests.MoveValidatorTests" runstate="Runnable" seed="832046956" result="Passed" start-time="2017-07-06 22:55:13Z" end-time="2017-07-06 22:55:13Z" duration="0.001671" asserts="1" />
          <test-case id="0-1138" name="MoveIsValidReturnsTrueIfAllValidationPasses" fullname="ChessWithTDD.Tests.MoveValidatorTests.MoveIsValidReturnsTrueIfAllValidationPasses" methodname="MoveIsValidReturnsTrueIfAllValidationPasses" classname="ChessWithTDD.Tests.MoveValidatorTests" runstate="Runnable" seed="101910207" result="Passed" start-time="2017-07-06 22:55:13Z" end-time="2017-07-06 22:55:13Z" duration="0.001857" asserts="1" />
        </test-suite>
        <test-suite type="TestFixture" id="0-1142" name="MultiSquareMoveValidatorTests" fullname="ChessWithTDD.Tests.MultiSquareMoveValidatorTests" classname="ChessWithTDD.Tests.MultiSquareMoveValidatorTests" runstate="Runnable" testcasecount="16" result="Passed" start-time="2017-07-06 22:55:13Z" end-time="2017-07-06 22:55:13Z" duration="0.223616" total="16" passed="16" failed="0" warnings="0" inconclusive="0" skipped="0" asserts="16">
          <test-suite type="ParameterizedMethod" id="0-1169" name="MoveMultipleSquaresDiagonallyIsValidIfThereAreNoObstructionsAndCanMoveOfPieceIsTrue" fullname="ChessWithTDD.Tests.MultiSquareMoveValidatorTests.MoveMultipleSquaresDiagonallyIsValidIfThereAreNoObstructionsAndCanMoveOfPieceIsTrue" classname="ChessWithTDD.Tests.MultiSquareMoveValidatorTests" runstate="Runnable" testcasecount="4" result="Passed" start-time="2017-07-06 22:55:13Z" end-time="2017-07-06 22:55:13Z" duration="0.050571" total="4" passed="4" failed="0" warnings="0" inconclusive="0" skipped="0" asserts="4">
            <test-case id="0-1165" name="MoveMultipleSquaresDiagonallyIsValidIfThereAreNoObstructionsAndCanMoveOfPieceIsTrue(2,5,5,2)" fullname="ChessWithTDD.Tests.MultiSquareMoveValidatorTests.MoveMultipleSquaresDiagonallyIsValidIfThereAreNoObstructionsAndCanMoveOfPieceIsTrue(2,5,5,2)" methodname="MoveMultipleSquaresDiagonallyIsValidIfThereAreNoObstructionsAndCanMoveOfPieceIsTrue" classname="ChessWithTDD.Tests.MultiSquareMoveValidatorTests" runstate="Runnable" seed="581135663" result="Passed" start-time="2017-07-06 22:55:13Z" end-time="2017-07-06 22:55:13Z" duration="0.011975" asserts="1" />
            <test-case id="0-1166" name="MoveMultipleSquaresDiagonallyIsValidIfThereAreNoObstructionsAndCanMoveOfPieceIsTrue(2,3,5,6)" fullname="ChessWithTDD.Tests.MultiSquareMoveValidatorTests.MoveMultipleSquaresDiagonallyIsValidIfThereAreNoObstructionsAndCanMoveOfPieceIsTrue(2,3,5,6)" methodname="MoveMultipleSquaresDiagonallyIsValidIfThereAreNoObstructionsAndCanMoveOfPieceIsTrue" classname="ChessWithTDD.Tests.MultiSquareMoveValidatorTests" runstate="Runnable" seed="1427711229" result="Passed" start-time="2017-07-06 22:55:13Z" end-time="2017-07-06 22:55:13Z" duration="0.009605" asserts="1" />
            <test-case id="0-1167" name="MoveMultipleSquaresDiagonallyIsValidIfThereAreNoObstructionsAndCanMoveOfPieceIsTrue(5,5,2,2)" fullname="ChessWithTDD.Tests.MultiSquareMoveValidatorTests.MoveMultipleSquaresDiagonallyIsValidIfThereAreNoObstructionsAndCanMoveOfPieceIsTrue(5,5,2,2)" methodname="MoveMultipleSquaresDiagonallyIsValidIfThereAreNoObstructionsAndCanMoveOfPieceIsTrue" classname="ChessWithTDD.Tests.MultiSquareMoveValidatorTests" runstate="Runnable" seed="237308343" result="Passed" start-time="2017-07-06 22:55:13Z" end-time="2017-07-06 22:55:13Z" duration="0.008013" asserts="1" />
            <test-case id="0-1168" name="MoveMultipleSquaresDiagonallyIsValidIfThereAreNoObstructionsAndCanMoveOfPieceIsTrue(5,2,2,5)" fullname="ChessWithTDD.Tests.MultiSquareMoveValidatorTests.MoveMultipleSquaresDiagonallyIsValidIfThereAreNoObstructionsAndCanMoveOfPieceIsTrue(5,2,2,5)" methodname="MoveMultipleSquaresDiagonallyIsValidIfThereAreNoObstructionsAndCanMoveOfPieceIsTrue" classname="ChessWithTDD.Tests.MultiSquareMoveValidatorTests" runstate="Runnable" seed="295755679" result="Passed" start-time="2017-07-06 22:55:13Z" end-time="2017-07-06 22:55:13Z" duration="0.007972" asserts="1" />
          </test-suite>
          <test-suite type="ParameterizedMethod" id="0-1149" name="MoveMultipleSquaresHorizontallyIsValidIfThereAreNoObstructions" fullname="ChessWithTDD.Tests.MultiSquareMoveValidatorTests.MoveMultipleSquaresHorizontallyIsValidIfThereAreNoObstructions" classname="ChessWithTDD.Tests.MultiSquareMoveValidatorTests" runstate="Runnable" testcasecount="2" result="Passed" start-time="2017-07-06 22:55:13Z" end-time="2017-07-06 22:55:13Z" duration="0.022926" total="2" passed="2" failed="0" warnings="0" inconclusive="0" skipped="0" asserts="2">
            <test-case id="0-1147" name="MoveMultipleSquaresHorizontallyIsValidIfThereAreNoObstructions(2,6,2,0)" fullname="ChessWithTDD.Tests.MultiSquareMoveValidatorTests.MoveMultipleSquaresHorizontallyIsValidIfThereAreNoObstructions(2,6,2,0)" methodname="MoveMultipleSquaresHorizontallyIsValidIfThereAreNoObstructions" classname="ChessWithTDD.Tests.MultiSquareMoveValidatorTests" runstate="Runnable" seed="2125495416" result="Passed" start-time="2017-07-06 22:55:13Z" end-time="2017-07-06 22:55:13Z" duration="0.008514" asserts="1" />
            <test-case id="0-1148" name="MoveMultipleSquaresHorizontallyIsValidIfThereAreNoObstructions(2,2,2,7)" fullname="ChessWithTDD.Tests.MultiSquareMoveValidatorTests.MoveMultipleSquaresHorizontallyIsValidIfThereAreNoObstructions(2,2,2,7)" methodname="MoveMultipleSquaresHorizontallyIsValidIfThereAreNoObstructions" classname="ChessWithTDD.Tests.MultiSquareMoveValidatorTests" runstate="Runnable" seed="1060580538" result="Passed" start-time="2017-07-06 22:55:13Z" end-time="2017-07-06 22:55:13Z" duration="0.008233" asserts="1" />
          </test-suite>
          <test-suite type="ParameterizedMethod" id="0-1146" name="MoveMultipleSquaresHorizontallyLeftIsNotValidIfThereAreObstructions" fullname="ChessWithTDD.Tests.MultiSquareMoveValidatorTests.MoveMultipleSquaresHorizontallyLeftIsNotValidIfThereAreObstructions" classname="ChessWithTDD.Tests.MultiSquareMoveValidatorTests" runstate="Runnable" testcasecount="1" result="Passed" start-time="2017-07-06 22:55:13Z" end-time="2017-07-06 22:55:13Z" duration="0.011041" total="1" passed="1" failed="0" warnings="0" inconclusive="0" skipped="0" asserts="1">
            <test-case id="0-1145" name="MoveMultipleSquaresHorizontallyLeftIsNotValidIfThereAreObstructions(3,6,3,0)" fullname="ChessWithTDD.Tests.MultiSquareMoveValidatorTests.MoveMultipleSquaresHorizontallyLeftIsNotValidIfThereAreObstructions(3,6,3,0)" methodname="MoveMultipleSquaresHorizontallyLeftIsNotValidIfThereAreObstructions" classname="ChessWithTDD.Tests.MultiSquareMoveValidatorTests" runstate="Runnable" seed="646578682" result="Passed" start-time="2017-07-06 22:55:13Z" end-time="2017-07-06 22:55:13Z" duration="0.008343" asserts="1" />
          </test-suite>
          <test-suite type="ParameterizedMethod" id="0-1144" name="MoveMultipleSquaresHorizontallyRightIsNotValidIfThereAreObstructions" fullname="ChessWithTDD.Tests.MultiSquareMoveValidatorTests.MoveMultipleSquaresHorizontallyRightIsNotValidIfThereAreObstructions" classname="ChessWithTDD.Tests.MultiSquareMoveValidatorTests" runstate="Runnable" testcasecount="1" result="Passed" start-time="2017-07-06 22:55:13Z" end-time="2017-07-06 22:55:13Z" duration="0.011073" total="1" passed="1" failed="0" warnings="0" inconclusive="0" skipped="0" asserts="1">
            <test-case id="0-1143" name="MoveMultipleSquaresHorizontallyRightIsNotValidIfThereAreObstructions(3,2,3,7)" fullname="ChessWithTDD.Tests.MultiSquareMoveValidatorTests.MoveMultipleSquaresHorizontallyRightIsNotValidIfThereAreObstructions(3,2,3,7)" methodname="MoveMultipleSquaresHorizontallyRightIsNotValidIfThereAreObstructions" classname="ChessWithTDD.Tests.MultiSquareMoveValidatorTests" runstate="Runnable" seed="297301377" result="Passed" start-time="2017-07-06 22:55:13Z" end-time="2017-07-06 22:55:13Z" duration="0.008236" asserts="1" />
          </test-suite>
          <test-suite type="ParameterizedMethod" id="0-1160" name="MoveMultipleSquaresNorthEastIsNotValidIfThereAreObstructions" fullname="ChessWithTDD.Tests.MultiSquareMoveValidatorTests.MoveMultipleSquaresNorthEastIsNotValidIfThereAreObstructions" classname="ChessWithTDD.Tests.MultiSquareMoveValidatorTests" runstate="Runnable" testcasecount="1" result="Passed" start-time="2017-07-06 22:55:13Z" end-time="2017-07-06 22:55:13Z" duration="0.010510" total="1" passed="1" failed="0" warnings="0" inconclusive="0" skipped="0" asserts="1">
            <test-case id="0-1159" name="MoveMultipleSquaresNorthEastIsNotValidIfThereAreObstructions(2,3,5,6)" fullname="ChessWithTDD.Tests.MultiSquareMoveValidatorTests.MoveMultipleSquaresNorthEastIsNotValidIfThereAreObstructions(2,3,5,6)" methodname="MoveMultipleSquaresNorthEastIsNotValidIfThereAreObstructions" classname="ChessWithTDD.Tests.MultiSquareMoveValidatorTests" runstate="Runnable" seed="2036593852" result="Passed" start-time="2017-07-06 22:55:13Z" end-time="2017-07-06 22:55:13Z" duration="0.007370" asserts="1" />
          </test-suite>
          <test-suite type="ParameterizedMethod" id="0-1158" name="MoveMultipleSquaresNorthWestIsNotValidIfThereAreObstructions" fullname="ChessWithTDD.Tests.MultiSquareMoveValidatorTests.MoveMultipleSquaresNorthWestIsNotValidIfThereAreObstructions" classname="ChessWithTDD.Tests.MultiSquareMoveValidatorTests" runstate="Runnable" testcasecount="1" result="Passed" start-time="2017-07-06 22:55:13Z" end-time="2017-07-06 22:55:13Z" duration="0.011035" total="1" passed="1" failed="0" warnings="0" inconclusive="0" skipped="0" asserts="1">
            <test-case id="0-1157" name="MoveMultipleSquaresNorthWestIsNotValidIfThereAreObstructions(2,5,5,2)" fullname="ChessWithTDD.Tests.MultiSquareMoveValidatorTests.MoveMultipleSquaresNorthWestIsNotValidIfThereAreObstructions(2,5,5,2)" methodname="MoveMultipleSquaresNorthWestIsNotValidIfThereAreObstructions" classname="ChessWithTDD.Tests.MultiSquareMoveValidatorTests" runstate="Runnable" seed="810092755" result="Passed" start-time="2017-07-06 22:55:13Z" end-time="2017-07-06 22:55:13Z" duration="0.007899" asserts="1" />
          </test-suite>
          <test-suite type="ParameterizedMethod" id="0-1164" name="MoveMultipleSquaresSouthEastIsNotValidIfThereAreObstructions" fullname="ChessWithTDD.Tests.MultiSquareMoveValidatorTests.MoveMultipleSquaresSouthEastIsNotValidIfThereAreObstructions" classname="ChessWithTDD.Tests.MultiSquareMoveValidatorTests" runstate="Runnable" testcasecount="1" result="Passed" start-time="2017-07-06 22:55:13Z" end-time="2017-07-06 22:55:13Z" duration="0.010530" total="1" passed="1" failed="0" warnings="0" inconclusive="0" skipped="0" asserts="1">
            <test-case id="0-1163" name="MoveMultipleSquaresSouthEastIsNotValidIfThereAreObstructions(5,2,2,5)" fullname="ChessWithTDD.Tests.MultiSquareMoveValidatorTests.MoveMultipleSquaresSouthEastIsNotValidIfThereAreObstructions(5,2,2,5)" methodname="MoveMultipleSquaresSouthEastIsNotValidIfThereAreObstructions" classname="ChessWithTDD.Tests.MultiSquareMoveValidatorTests" runstate="Runnable" seed="1774264874" result="Passed" start-time="2017-07-06 22:55:13Z" end-time="2017-07-06 22:55:13Z" duration="0.007470" asserts="1" />
          </test-suite>
          <test-suite type="ParameterizedMethod" id="0-1162" name="MoveMultipleSquaresSouthhWestIsNotValidIfThereAreObstructions" fullname="ChessWithTDD.Tests.MultiSquareMoveValidatorTests.MoveMultipleSquaresSouthhWestIsNotValidIfThereAreObstructions" classname="ChessWithTDD.Tests.MultiSquareMoveValidatorTests" runstate="Runnable" testcasecount="1" result="Passed" start-time="2017-07-06 22:55:13Z" end-time="2017-07-06 22:55:13Z" duration="0.010978" total="1" passed="1" failed="0" warnings="0" inconclusive="0" skipped="0" asserts="1">
            <test-case id="0-1161" name="MoveMultipleSquaresSouthhWestIsNotValidIfThereAreObstructions(5,5,2,2)" fullname="ChessWithTDD.Tests.MultiSquareMoveValidatorTests.MoveMultipleSquaresSouthhWestIsNotValidIfThereAreObstructions(5,5,2,2)" methodname="MoveMultipleSquaresSouthhWestIsNotValidIfThereAreObstructions" classname="ChessWithTDD.Tests.MultiSquareMoveValidatorTests" runstate="Runnable" seed="457551601" result="Passed" start-time="2017-07-06 22:55:13Z" end-time="2017-07-06 22:55:13Z" duration="0.007846" asserts="1" />
          </test-suite>
          <test-suite type="ParameterizedMethod" id="0-1153" name="MoveMultipleSquaresVerticallyDownIsNotValidIfThereAreObstructions" fullname="ChessWithTDD.Tests.MultiSquareMoveValidatorTests.MoveMultipleSquaresVerticallyDownIsNotValidIfThereAreObstructions" classname="ChessWithTDD.Tests.MultiSquareMoveValidatorTests" runstate="Runnable" testcasecount="1" result="Passed" start-time="2017-07-06 22:55:13Z" end-time="2017-07-06 22:55:13Z" duration="0.013049" total="1" passed="1" failed="0" warnings="0" inconclusive="0" skipped="0" asserts="1">
            <test-case id="0-1152" name="MoveMultipleSquaresVerticallyDownIsNotValidIfThereAreObstructions(5,2,2,2)" fullname="ChessWithTDD.Tests.MultiSquareMoveValidatorTests.MoveMultipleSquaresVerticallyDownIsNotValidIfThereAreObstructions(5,2,2,2)" methodname="MoveMultipleSquaresVerticallyDownIsNotValidIfThereAreObstructions" classname="ChessWithTDD.Tests.MultiSquareMoveValidatorTests" runstate="Runnable" seed="1471217525" result="Passed" start-time="2017-07-06 22:55:13Z" end-time="2017-07-06 22:55:13Z" duration="0.009752" asserts="1" />
          </test-suite>
          <test-suite type="ParameterizedMethod" id="0-1156" name="MoveMultipleSquaresVerticallyIsValidIfThereAreNoObstructions" fullname="ChessWithTDD.Tests.MultiSquareMoveValidatorTests.MoveMultipleSquaresVerticallyIsValidIfThereAreNoObstructions" classname="ChessWithTDD.Tests.MultiSquareMoveValidatorTests" runstate="Runnable" testcasecount="2" result="Passed" start-time="2017-07-06 22:55:13Z" end-time="2017-07-06 22:55:13Z" duration="0.022017" total="2" passed="2" failed="0" warnings="0" inconclusive="0" skipped="0" asserts="2">
            <test-case id="0-1154" name="MoveMultipleSquaresVerticallyIsValidIfThereAreNoObstructions(5,2,2,2)" fullname="ChessWithTDD.Tests.MultiSquareMoveValidatorTests.MoveMultipleSquaresVerticallyIsValidIfThereAreNoObstructions(5,2,2,2)" methodname="MoveMultipleSquaresVerticallyIsValidIfThereAreNoObstructions" classname="ChessWithTDD.Tests.MultiSquareMoveValidatorTests" runstate="Runnable" seed="1956564698" result="Passed" start-time="2017-07-06 22:55:13Z" end-time="2017-07-06 22:55:13Z" duration="0.007300" asserts="1" />
            <test-case id="0-1155" name="MoveMultipleSquaresVerticallyIsValidIfThereAreNoObstructions(2,2,5,2)" fullname="ChessWithTDD.Tests.MultiSquareMoveValidatorTests.MoveMultipleSquaresVerticallyIsValidIfThereAreNoObstructions(2,2,5,2)" methodname="MoveMultipleSquaresVerticallyIsValidIfThereAreNoObstructions" classname="ChessWithTDD.Tests.MultiSquareMoveValidatorTests" runstate="Runnable" seed="321078797" result="Passed" start-time="2017-07-06 22:55:13Z" end-time="2017-07-06 22:55:13Z" duration="0.009009" asserts="1" />
          </test-suite>
          <test-suite type="ParameterizedMethod" id="0-1151" name="MoveMultipleSquaresVerticallyUpIsNotValidIfThereAreObstructions" fullname="ChessWithTDD.Tests.MultiSquareMoveValidatorTests.MoveMultipleSquaresVerticallyUpIsNotValidIfThereAreObstructions" classname="ChessWithTDD.Tests.MultiSquareMoveValidatorTests" runstate="Runnable" testcasecount="1" result="Passed" start-time="2017-07-06 22:55:13Z" end-time="2017-07-06 22:55:13Z" duration="0.010526" total="1" passed="1" failed="0" warnings="0" inconclusive="0" skipped="0" asserts="1">
            <test-case id="0-1150" name="MoveMultipleSquaresVerticallyUpIsNotValidIfThereAreObstructions(2,2,6,2)" fullname="ChessWithTDD.Tests.MultiSquareMoveValidatorTests.MoveMultipleSquaresVerticallyUpIsNotValidIfThereAreObstructions(2,2,6,2)" methodname="MoveMultipleSquaresVerticallyUpIsNotValidIfThereAreObstructions" classname="ChessWithTDD.Tests.MultiSquareMoveValidatorTests" runstate="Runnable" seed="475887112" result="Passed" start-time="2017-07-06 22:55:13Z" end-time="2017-07-06 22:55:13Z" duration="0.007509" asserts="1" />
          </test-suite>
        </test-suite>
        <test-suite type="TestFixture" id="0-1210" name="PawnManagerTests" fullname="ChessWithTDD.Tests.PawnManagerTests" classname="ChessWithTDD.Tests.PawnManagerTests" runstate="Runnable" testcasecount="4" result="Passed" start-time="2017-07-06 22:55:13Z" end-time="2017-07-06 22:55:13Z" duration="0.035489" total="4" passed="4" failed="0" warnings="0" inconclusive="0" skipped="0" asserts="0">
          <test-case id="0-1214" name="MakePawnAmendmentsCallsEnPassantManagerToCapturePiecesThroughEnPassant" fullname="ChessWithTDD.Tests.PawnManagerTests.MakePawnAmendmentsCallsEnPassantManagerToCapturePiecesThroughEnPassant" methodname="MakePawnAmendmentsCallsEnPassantManagerToCapturePiecesThroughEnPassant" classname="ChessWithTDD.Tests.PawnManagerTests" runstate="Runnable" seed="129380162" result="Passed" start-time="2017-07-06 22:55:13Z" end-time="2017-07-06 22:55:13Z" duration="0.018106" asserts="0" />
          <test-case id="0-1213" name="MakePawnAmendmentsCallsEnPassantManagerToMarkSquares" fullname="ChessWithTDD.Tests.PawnManagerTests.MakePawnAmendmentsCallsEnPassantManagerToMarkSquares" methodname="MakePawnAmendmentsCallsEnPassantManagerToMarkSquares" classname="ChessWithTDD.Tests.PawnManagerTests" runstate="Runnable" seed="1748627202" result="Passed" start-time="2017-07-06 22:55:13Z" end-time="2017-07-06 22:55:13Z" duration="0.001244" asserts="0" />
          <test-case id="0-1211" name="MakePawnAmendmentsWhereHasMovedIsFalseSetsHasMovedToTrue" fullname="ChessWithTDD.Tests.PawnManagerTests.MakePawnAmendmentsWhereHasMovedIsFalseSetsHasMovedToTrue" methodname="MakePawnAmendmentsWhereHasMovedIsFalseSetsHasMovedToTrue" classname="ChessWithTDD.Tests.PawnManagerTests" runstate="Runnable" seed="294603" result="Passed" start-time="2017-07-06 22:55:13Z" end-time="2017-07-06 22:55:13Z" duration="0.002733" asserts="0" />
          <test-case id="0-1212" name="MakePawnAmendmentsWhereHasMovedIsTrueDoesNothing" fullname="ChessWithTDD.Tests.PawnManagerTests.MakePawnAmendmentsWhereHasMovedIsTrueDoesNothing" methodname="MakePawnAmendmentsWhereHasMovedIsTrueDoesNothing" classname="ChessWithTDD.Tests.PawnManagerTests" runstate="Runnable" seed="1426048736" result="Passed" start-time="2017-07-06 22:55:13Z" end-time="2017-07-06 22:55:13Z" duration="0.001080" asserts="0" />
        </test-suite>
        <test-suite type="TestFixture" id="0-1482" name="QueenTests" fullname="ChessWithTDD.Tests.QueenTests" classname="ChessWithTDD.Tests.QueenTests" runstate="Runnable" testcasecount="14" result="Passed" start-time="2017-07-06 22:55:13Z" end-time="2017-07-06 22:55:13Z" duration="0.073519" total="14" passed="14" failed="0" warnings="0" inconclusive="0" skipped="0" asserts="14">
          <test-suite type="ParameterizedMethod" id="0-1488" name="QueenCanMoveDiagonally" fullname="ChessWithTDD.Tests.QueenTests.QueenCanMoveDiagonally" classname="ChessWithTDD.Tests.QueenTests" runstate="Runnable" testcasecount="5" result="Passed" start-time="2017-07-06 22:55:13Z" end-time="2017-07-06 22:55:13Z" duration="0.021493" total="5" passed="5" failed="0" warnings="0" inconclusive="0" skipped="0" asserts="5">
            <test-case id="0-1483" name="QueenCanMoveDiagonally(2,5,5,2)" fullname="ChessWithTDD.Tests.QueenTests.QueenCanMoveDiagonally(2,5,5,2)" methodname="QueenCanMoveDiagonally" classname="ChessWithTDD.Tests.QueenTests" runstate="Runnable" seed="1699677466" result="Passed" start-time="2017-07-06 22:55:13Z" end-time="2017-07-06 22:55:13Z" duration="0.001658" asserts="1" />
            <test-case id="0-1484" name="QueenCanMoveDiagonally(2,3,5,6)" fullname="ChessWithTDD.Tests.QueenTests.QueenCanMoveDiagonally(2,3,5,6)" methodname="QueenCanMoveDiagonally" classname="ChessWithTDD.Tests.QueenTests" runstate="Runnable" seed="512193561" result="Passed" start-time="2017-07-06 22:55:13Z" end-time="2017-07-06 22:55:13Z" duration="0.000787" asserts="1" />
            <test-case id="0-1485" name="QueenCanMoveDiagonally(5,5,2,2)" fullname="ChessWithTDD.Tests.QueenTests.QueenCanMoveDiagonally(5,5,2,2)" methodname="QueenCanMoveDiagonally" classname="ChessWithTDD.Tests.QueenTests" runstate="Runnable" seed="578390669" result="Passed" start-time="2017-07-06 22:55:13Z" end-time="2017-07-06 22:55:13Z" duration="0.000882" asserts="1" />
            <test-case id="0-1486" name="QueenCanMoveDiagonally(5,2,2,5)" fullname="ChessWithTDD.Tests.QueenTests.QueenCanMoveDiagonally(5,2,2,5)" methodname="QueenCanMoveDiagonally" classname="ChessWithTDD.Tests.QueenTests" runstate="Runnable" seed="492767665" result="Passed" start-time="2017-07-06 22:55:13Z" end-time="2017-07-06 22:55:13Z" duration="0.000891" asserts="1" />
            <test-case id="0-1487" name="QueenCanMoveDiagonally(3,3,4,4)" fullname="ChessWithTDD.Tests.QueenTests.QueenCanMoveDiagonally(3,3,4,4)" methodname="QueenCanMoveDiagonally" classname="ChessWithTDD.Tests.QueenTests" runstate="Runnable" seed="1277177401" result="Passed" start-time="2017-07-06 22:55:13Z" end-time="2017-07-06 22:55:13Z" duration="0.001041" asserts="1" />
          </test-suite>
          <test-suite type="ParameterizedMethod" id="0-1492" name="QueenCanMoveHorizontally" fullname="ChessWithTDD.Tests.QueenTests.QueenCanMoveHorizontally" classname="ChessWithTDD.Tests.QueenTests" runstate="Runnable" testcasecount="3" result="Passed" start-time="2017-07-06 22:55:13Z" end-time="2017-07-06 22:55:13Z" duration="0.013519" total="3" passed="3" failed="0" warnings="0" inconclusive="0" skipped="0" asserts="3">
            <test-case id="0-1489" name="QueenCanMoveHorizontally(2,6,2,0)" fullname="ChessWithTDD.Tests.QueenTests.QueenCanMoveHorizontally(2,6,2,0)" methodname="QueenCanMoveHorizontally" classname="ChessWithTDD.Tests.QueenTests" runstate="Runnable" seed="1180704942" result="Passed" start-time="2017-07-06 22:55:13Z" end-time="2017-07-06 22:55:13Z" duration="0.002105" asserts="1" />
            <test-case id="0-1490" name="QueenCanMoveHorizontally(2,2,2,7)" fullname="ChessWithTDD.Tests.QueenTests.QueenCanMoveHorizontally(2,2,2,7)" methodname="QueenCanMoveHorizontally" classname="ChessWithTDD.Tests.QueenTests" runstate="Runnable" seed="312921352" result="Passed" start-time="2017-07-06 22:55:13Z" end-time="2017-07-06 22:55:13Z" duration="0.001623" asserts="1" />
            <test-case id="0-1491" name="QueenCanMoveHorizontally(3,3,3,4)" fullname="ChessWithTDD.Tests.QueenTests.QueenCanMoveHorizontally(3,3,3,4)" methodname="QueenCanMoveHorizontally" classname="ChessWithTDD.Tests.QueenTests" runstate="Runnable" seed="1775652260" result="Passed" start-time="2017-07-06 22:55:13Z" end-time="2017-07-06 22:55:13Z" duration="0.000858" asserts="1" />
          </test-suite>
          <test-suite type="ParameterizedMethod" id="0-1496" name="QueenCanMoveVertically" fullname="ChessWithTDD.Tests.QueenTests.QueenCanMoveVertically" classname="ChessWithTDD.Tests.QueenTests" runstate="Runnable" testcasecount="3" result="Passed" start-time="2017-07-06 22:55:13Z" end-time="2017-07-06 22:55:13Z" duration="0.012513" total="3" passed="3" failed="0" warnings="0" inconclusive="0" skipped="0" asserts="3">
            <test-case id="0-1493" name="QueenCanMoveVertically(5,2,2,2)" fullname="ChessWithTDD.Tests.QueenTests.QueenCanMoveVertically(5,2,2,2)" methodname="QueenCanMoveVertically" classname="ChessWithTDD.Tests.QueenTests" runstate="Runnable" seed="1918025458" result="Passed" start-time="2017-07-06 22:55:13Z" end-time="2017-07-06 22:55:13Z" duration="0.001999" asserts="1" />
            <test-case id="0-1494" name="QueenCanMoveVertically(2,2,5,2)" fullname="ChessWithTDD.Tests.QueenTests.QueenCanMoveVertically(2,2,5,2)" methodname="QueenCanMoveVertically" classname="ChessWithTDD.Tests.QueenTests" runstate="Runnable" seed="976652092" result="Passed" start-time="2017-07-06 22:55:13Z" end-time="2017-07-06 22:55:13Z" duration="0.000931" asserts="1" />
            <test-case id="0-1495" name="QueenCanMoveVertically(3,3,4,3)" fullname="ChessWithTDD.Tests.QueenTests.QueenCanMoveVertically(3,3,4,3)" methodname="QueenCanMoveVertically" classname="ChessWithTDD.Tests.QueenTests" runstate="Runnable" seed="2005822070" result="Passed" start-time="2017-07-06 22:55:13Z" end-time="2017-07-06 22:55:13Z" duration="0.000784" asserts="1" />
          </test-suite>
          <test-suite type="ParameterizedMethod" id="0-1500" name="QueenCannotMoveRandomly" fullname="ChessWithTDD.Tests.QueenTests.QueenCannotMoveRandomly" classname="ChessWithTDD.Tests.QueenTests" runstate="Runnable" testcasecount="3" result="Passed" start-time="2017-07-06 22:55:13Z" end-time="2017-07-06 22:55:13Z" duration="0.012564" total="3" passed="3" failed="0" warnings="0" inconclusive="0" skipped="0" asserts="3">
            <test-case id="0-1497" name="QueenCannotMoveRandomly(2,6,3,3)" fullname="ChessWithTDD.Tests.QueenTests.QueenCannotMoveRandomly(2,6,3,3)" methodname="QueenCannotMoveRandomly" classname="ChessWithTDD.Tests.QueenTests" runstate="Runnable" seed="1616061054" result="Passed" start-time="2017-07-06 22:55:13Z" end-time="2017-07-06 22:55:13Z" duration="0.001369" asserts="1" />
            <test-case id="0-1498" name="QueenCannotMoveRandomly(3,1,4,5)" fullname="ChessWithTDD.Tests.QueenTests.QueenCannotMoveRandomly(3,1,4,5)" methodname="QueenCannotMoveRandomly" classname="ChessWithTDD.Tests.QueenTests" runstate="Runnable" seed="814052259" result="Passed" start-time="2017-07-06 22:55:13Z" end-time="2017-07-06 22:55:13Z" duration="0.000797" asserts="1" />
            <test-case id="0-1499" name="QueenCannotMoveRandomly(6,6,2,7)" fullname="ChessWithTDD.Tests.QueenTests.QueenCannotMoveRandomly(6,6,2,7)" methodname="QueenCannotMoveRandomly" classname="ChessWithTDD.Tests.QueenTests" runstate="Runnable" seed="51968414" result="Passed" start-time="2017-07-06 22:55:13Z" end-time="2017-07-06 22:55:13Z" duration="0.001145" asserts="1" />
          </test-suite>
        </test-suite>
        <test-suite type="TestFixture" id="0-1501" name="RookTests" fullname="ChessWithTDD.Tests.RookTests" classname="ChessWithTDD.Tests.RookTests" runstate="Runnable" testcasecount="14" result="Passed" start-time="2017-07-06 22:55:13Z" end-time="2017-07-06 22:55:13Z" duration="0.069993" total="14" passed="14" failed="0" warnings="0" inconclusive="0" skipped="0" asserts="14">
          <test-suite type="ParameterizedMethod" id="0-1505" name="RookCanMoveHorizontally" fullname="ChessWithTDD.Tests.RookTests.RookCanMoveHorizontally" classname="ChessWithTDD.Tests.RookTests" runstate="Runnable" testcasecount="3" result="Passed" start-time="2017-07-06 22:55:13Z" end-time="2017-07-06 22:55:13Z" duration="0.012010" total="3" passed="3" failed="0" warnings="0" inconclusive="0" skipped="0" asserts="3">
            <test-case id="0-1502" name="RookCanMoveHorizontally(2,6,2,0)" fullname="ChessWithTDD.Tests.RookTests.RookCanMoveHorizontally(2,6,2,0)" methodname="RookCanMoveHorizontally" classname="ChessWithTDD.Tests.RookTests" runstate="Runnable" seed="562481045" result="Passed" start-time="2017-07-06 22:55:13Z" end-time="2017-07-06 22:55:13Z" duration="0.001423" asserts="1" />
            <test-case id="0-1503" name="RookCanMoveHorizontally(2,2,2,7)" fullname="ChessWithTDD.Tests.RookTests.RookCanMoveHorizontally(2,2,2,7)" methodname="RookCanMoveHorizontally" classname="ChessWithTDD.Tests.RookTests" runstate="Runnable" seed="1771756589" result="Passed" start-time="2017-07-06 22:55:13Z" end-time="2017-07-06 22:55:13Z" duration="0.000711" asserts="1" />
            <test-case id="0-1504" name="RookCanMoveHorizontally(3,3,3,4)" fullname="ChessWithTDD.Tests.RookTests.RookCanMoveHorizontally(3,3,3,4)" methodname="RookCanMoveHorizontally" classname="ChessWithTDD.Tests.RookTests" runstate="Runnable" seed="1329384018" result="Passed" start-time="2017-07-06 22:55:13Z" end-time="2017-07-06 22:55:13Z" duration="0.000742" asserts="1" />
          </test-suite>
          <test-suite type="ParameterizedMethod" id="0-1509" name="RookCanMoveVertically" fullname="ChessWithTDD.Tests.RookTests.RookCanMoveVertically" classname="ChessWithTDD.Tests.RookTests" runstate="Runnable" testcasecount="3" result="Passed" start-time="2017-07-06 22:55:13Z" end-time="2017-07-06 22:55:13Z" duration="0.012972" total="3" passed="3" failed="0" warnings="0" inconclusive="0" skipped="0" asserts="3">
            <test-case id="0-1506" name="RookCanMoveVertically(5,2,2,2)" fullname="ChessWithTDD.Tests.RookTests.RookCanMoveVertically(5,2,2,2)" methodname="RookCanMoveVertically" classname="ChessWithTDD.Tests.RookTests" runstate="Runnable" seed="1939958819" result="Passed" start-time="2017-07-06 22:55:13Z" end-time="2017-07-06 22:55:13Z" duration="0.001102" asserts="1" />
            <test-case id="0-1507" name="RookCanMoveVertically(2,2,5,2)" fullname="ChessWithTDD.Tests.RookTests.RookCanMoveVertically(2,2,5,2)" methodname="RookCanMoveVertically" classname="ChessWithTDD.Tests.RookTests" runstate="Runnable" seed="641579044" result="Passed" start-time="2017-07-06 22:55:13Z" end-time="2017-07-06 22:55:13Z" duration="0.001452" asserts="1" />
            <test-case id="0-1508" name="RookCanMoveVertically(3,3,4,3)" fullname="ChessWithTDD.Tests.RookTests.RookCanMoveVertically(3,3,4,3)" methodname="RookCanMoveVertically" classname="ChessWithTDD.Tests.RookTests" runstate="Runnable" seed="1424539331" result="Passed" start-time="2017-07-06 22:55:13Z" end-time="2017-07-06 22:55:13Z" duration="0.000741" asserts="1" />
          </test-suite>
          <test-suite type="ParameterizedMethod" id="0-1515" name="RookCannotMoveDiagonally" fullname="ChessWithTDD.Tests.RookTests.RookCannotMoveDiagonally" classname="ChessWithTDD.Tests.RookTests" runstate="Runnable" testcasecount="5" result="Passed" start-time="2017-07-06 22:55:13Z" end-time="2017-07-06 22:55:13Z" duration="0.020025" total="5" passed="5" failed="0" warnings="0" inconclusive="0" skipped="0" asserts="5">
            <test-case id="0-1510" name="RookCannotMoveDiagonally(2,5,5,2)" fullname="ChessWithTDD.Tests.RookTests.RookCannotMoveDiagonally(2,5,5,2)" methodname="RookCannotMoveDiagonally" classname="ChessWithTDD.Tests.RookTests" runstate="Runnable" seed="1878773997" result="Passed" start-time="2017-07-06 22:55:13Z" end-time="2017-07-06 22:55:13Z" duration="0.001116" asserts="1" />
            <test-case id="0-1511" name="RookCannotMoveDiagonally(2,3,5,6)" fullname="ChessWithTDD.Tests.RookTests.RookCannotMoveDiagonally(2,3,5,6)" methodname="RookCannotMoveDiagonally" classname="ChessWithTDD.Tests.RookTests" runstate="Runnable" seed="1417930877" result="Passed" start-time="2017-07-06 22:55:13Z" end-time="2017-07-06 22:55:13Z" duration="0.000900" asserts="1" />
            <test-case id="0-1512" name="RookCannotMoveDiagonally(5,5,2,2)" fullname="ChessWithTDD.Tests.RookTests.RookCannotMoveDiagonally(5,5,2,2)" methodname="RookCannotMoveDiagonally" classname="ChessWithTDD.Tests.RookTests" runstate="Runnable" seed="649535076" result="Passed" start-time="2017-07-06 22:55:13Z" end-time="2017-07-06 22:55:13Z" duration="0.000747" asserts="1" />
            <test-case id="0-1513" name="RookCannotMoveDiagonally(5,2,2,5)" fullname="ChessWithTDD.Tests.RookTests.RookCannotMoveDiagonally(5,2,2,5)" methodname="RookCannotMoveDiagonally" classname="ChessWithTDD.Tests.RookTests" runstate="Runnable" seed="1099000165" result="Passed" start-time="2017-07-06 22:55:13Z" end-time="2017-07-06 22:55:13Z" duration="0.000797" asserts="1" />
            <test-case id="0-1514" name="RookCannotMoveDiagonally(3,3,4,4)" fullname="ChessWithTDD.Tests.RookTests.RookCannotMoveDiagonally(3,3,4,4)" methodname="RookCannotMoveDiagonally" classname="ChessWithTDD.Tests.RookTests" runstate="Runnable" seed="643435444" result="Passed" start-time="2017-07-06 22:55:13Z" end-time="2017-07-06 22:55:13Z" duration="0.000859" asserts="1" />
          </test-suite>
          <test-suite type="ParameterizedMethod" id="0-1519" name="RookCannotMoveRandomly" fullname="ChessWithTDD.Tests.RookTests.RookCannotMoveRandomly" classname="ChessWithTDD.Tests.RookTests" runstate="Runnable" testcasecount="3" result="Passed" start-time="2017-07-06 22:55:13Z" end-time="2017-07-06 22:55:13Z" duration="0.011071" total="3" passed="3" failed="0" warnings="0" inconclusive="0" skipped="0" asserts="3">
            <test-case id="0-1516" name="RookCannotMoveRandomly(2,6,3,3)" fullname="ChessWithTDD.Tests.RookTests.RookCannotMoveRandomly(2,6,3,3)" methodname="RookCannotMoveRandomly" classname="ChessWithTDD.Tests.RookTests" runstate="Runnable" seed="2100062069" result="Passed" start-time="2017-07-06 22:55:13Z" end-time="2017-07-06 22:55:13Z" duration="0.001184" asserts="1" />
            <test-case id="0-1517" name="RookCannotMoveRandomly(3,1,4,5)" fullname="ChessWithTDD.Tests.RookTests.RookCannotMoveRandomly(3,1,4,5)" methodname="RookCannotMoveRandomly" classname="ChessWithTDD.Tests.RookTests" runstate="Runnable" seed="1323933956" result="Passed" start-time="2017-07-06 22:55:13Z" end-time="2017-07-06 22:55:13Z" duration="0.000783" asserts="1" />
            <test-case id="0-1518" name="RookCannotMoveRandomly(6,6,2,7)" fullname="ChessWithTDD.Tests.RookTests.RookCannotMoveRandomly(6,6,2,7)" methodname="RookCannotMoveRandomly" classname="ChessWithTDD.Tests.RookTests" runstate="Runnable" seed="1925102715" result="Passed" start-time="2017-07-06 22:55:13Z" end-time="2017-07-06 22:55:13Z" duration="0.000835" asserts="1" />
          </test-suite>
        </test-suite>
        <test-suite type="TestFixture" id="0-1527" name="SquareExtensionsTests" fullname="ChessWithTDD.Tests.SquareExtensionsTests" classname="ChessWithTDD.Tests.SquareExtensionsTests" runstate="Runnable" testcasecount="86" result="Passed" start-time="2017-07-06 22:55:13Z" end-time="2017-07-06 22:55:14Z" duration="0.432156" total="86" passed="86" failed="0" warnings="0" inconclusive="0" skipped="0" asserts="86">
          <test-suite type="ParameterizedMethod" id="0-1609" name="IsAdjacentTo_ReturnsFalse" fullname="ChessWithTDD.Tests.SquareExtensionsTests.IsAdjacentTo_ReturnsFalse" classname="ChessWithTDD.Tests.SquareExtensionsTests" runstate="Runnable" testcasecount="8" result="Passed" start-time="2017-07-06 22:55:13Z" end-time="2017-07-06 22:55:13Z" duration="0.031499" total="8" passed="8" failed="0" warnings="0" inconclusive="0" skipped="0" asserts="8">
            <test-case id="0-1601" name="IsAdjacentTo_ReturnsFalse(4,3,2,3)" fullname="ChessWithTDD.Tests.SquareExtensionsTests.IsAdjacentTo_ReturnsFalse(4,3,2,3)" methodname="IsAdjacentTo_ReturnsFalse" classname="ChessWithTDD.Tests.SquareExtensionsTests" runstate="Runnable" seed="1545285745" result="Passed" start-time="2017-07-06 22:55:13Z" end-time="2017-07-06 22:55:13Z" duration="0.001500" asserts="1" />
            <test-case id="0-1602" name="IsAdjacentTo_ReturnsFalse(4,4,2,2)" fullname="ChessWithTDD.Tests.SquareExtensionsTests.IsAdjacentTo_ReturnsFalse(4,4,2,2)" methodname="IsAdjacentTo_ReturnsFalse" classname="ChessWithTDD.Tests.SquareExtensionsTests" runstate="Runnable" seed="1211657069" result="Passed" start-time="2017-07-06 22:55:13Z" end-time="2017-07-06 22:55:13Z" duration="0.000507" asserts="1" />
            <test-case id="0-1603" name="IsAdjacentTo_ReturnsFalse(4,0,2,2)" fullname="ChessWithTDD.Tests.SquareExtensionsTests.IsAdjacentTo_ReturnsFalse(4,0,2,2)" methodname="IsAdjacentTo_ReturnsFalse" classname="ChessWithTDD.Tests.SquareExtensionsTests" runstate="Runnable" seed="506954338" result="Passed" start-time="2017-07-06 22:55:13Z" end-time="2017-07-06 22:55:13Z" duration="0.000585" asserts="1" />
            <test-case id="0-1604" name="IsAdjacentTo_ReturnsFalse(3,4,3,2)" fullname="ChessWithTDD.Tests.SquareExtensionsTests.IsAdjacentTo_ReturnsFalse(3,4,3,2)" methodname="IsAdjacentTo_ReturnsFalse" classname="ChessWithTDD.Tests.SquareExtensionsTests" runstate="Runnable" seed="1212434330" result="Passed" start-time="2017-07-06 22:55:13Z" end-time="2017-07-06 22:55:13Z" duration="0.000487" asserts="1" />
            <test-case id="0-1605" name="IsAdjacentTo_ReturnsFalse(3,2,3,4)" fullname="ChessWithTDD.Tests.SquareExtensionsTests.IsAdjacentTo_ReturnsFalse(3,2,3,4)" methodname="IsAdjacentTo_ReturnsFalse" classname="ChessWithTDD.Tests.SquareExtensionsTests" runstate="Runnable" seed="1192304571" result="Passed" start-time="2017-07-06 22:55:13Z" end-time="2017-07-06 22:55:13Z" duration="0.000486" asserts="1" />
            <test-case id="0-1606" name="IsAdjacentTo_ReturnsFalse(0,4,2,2)" fullname="ChessWithTDD.Tests.SquareExtensionsTests.IsAdjacentTo_ReturnsFalse(0,4,2,2)" methodname="IsAdjacentTo_ReturnsFalse" classname="ChessWithTDD.Tests.SquareExtensionsTests" runstate="Runnable" seed="721585706" result="Passed" start-time="2017-07-06 22:55:13Z" end-time="2017-07-06 22:55:13Z" duration="0.000446" asserts="1" />
            <test-case id="0-1607" name="IsAdjacentTo_ReturnsFalse(0,0,2,2)" fullname="ChessWithTDD.Tests.SquareExtensionsTests.IsAdjacentTo_ReturnsFalse(0,0,2,2)" methodname="IsAdjacentTo_ReturnsFalse" classname="ChessWithTDD.Tests.SquareExtensionsTests" runstate="Runnable" seed="362478475" result="Passed" start-time="2017-07-06 22:55:13Z" end-time="2017-07-06 22:55:13Z" duration="0.000558" asserts="1" />
            <test-case id="0-1608" name="IsAdjacentTo_ReturnsFalse(0,2,2,2)" fullname="ChessWithTDD.Tests.SquareExtensionsTests.IsAdjacentTo_ReturnsFalse(0,2,2,2)" methodname="IsAdjacentTo_ReturnsFalse" classname="ChessWithTDD.Tests.SquareExtensionsTests" runstate="Runnable" seed="765038671" result="Passed" start-time="2017-07-06 22:55:13Z" end-time="2017-07-06 22:55:13Z" duration="0.000450" asserts="1" />
          </test-suite>
          <test-suite type="ParameterizedMethod" id="0-1600" name="IsAdjacentTo_ReturnsTrue" fullname="ChessWithTDD.Tests.SquareExtensionsTests.IsAdjacentTo_ReturnsTrue" classname="ChessWithTDD.Tests.SquareExtensionsTests" runstate="Runnable" testcasecount="8" result="Passed" start-time="2017-07-06 22:55:13Z" end-time="2017-07-06 22:55:14Z" duration="0.030004" total="8" passed="8" failed="0" warnings="0" inconclusive="0" skipped="0" asserts="8">
            <test-case id="0-1592" name="IsAdjacentTo_ReturnsTrue(3,3,2,3)" fullname="ChessWithTDD.Tests.SquareExtensionsTests.IsAdjacentTo_ReturnsTrue(3,3,2,3)" methodname="IsAdjacentTo_ReturnsTrue" classname="ChessWithTDD.Tests.SquareExtensionsTests" runstate="Runnable" seed="169953515" result="Passed" start-time="2017-07-06 22:55:14Z" end-time="2017-07-06 22:55:14Z" duration="0.000813" asserts="1" />
            <test-case id="0-1593" name="IsAdjacentTo_ReturnsTrue(3,3,2,2)" fullname="ChessWithTDD.Tests.SquareExtensionsTests.IsAdjacentTo_ReturnsTrue(3,3,2,2)" methodname="IsAdjacentTo_ReturnsTrue" classname="ChessWithTDD.Tests.SquareExtensionsTests" runstate="Runnable" seed="287978387" result="Passed" start-time="2017-07-06 22:55:14Z" end-time="2017-07-06 22:55:14Z" duration="0.000451" asserts="1" />
            <test-case id="0-1594" name="IsAdjacentTo_ReturnsTrue(3,1,2,2)" fullname="ChessWithTDD.Tests.SquareExtensionsTests.IsAdjacentTo_ReturnsTrue(3,1,2,2)" methodname="IsAdjacentTo_ReturnsTrue" classname="ChessWithTDD.Tests.SquareExtensionsTests" runstate="Runnable" seed="464623055" result="Passed" start-time="2017-07-06 22:55:14Z" end-time="2017-07-06 22:55:14Z" duration="0.000461" asserts="1" />
            <test-case id="0-1595" name="IsAdjacentTo_ReturnsTrue(3,3,3,2)" fullname="ChessWithTDD.Tests.SquareExtensionsTests.IsAdjacentTo_ReturnsTrue(3,3,3,2)" methodname="IsAdjacentTo_ReturnsTrue" classname="ChessWithTDD.Tests.SquareExtensionsTests" runstate="Runnable" seed="1992806353" result="Passed" start-time="2017-07-06 22:55:14Z" end-time="2017-07-06 22:55:14Z" duration="0.000533" asserts="1" />
            <test-case id="0-1596" name="IsAdjacentTo_ReturnsTrue(3,3,3,4)" fullname="ChessWithTDD.Tests.SquareExtensionsTests.IsAdjacentTo_ReturnsTrue(3,3,3,4)" methodname="IsAdjacentTo_ReturnsTrue" classname="ChessWithTDD.Tests.SquareExtensionsTests" runstate="Runnable" seed="1340586784" result="Passed" start-time="2017-07-06 22:55:14Z" end-time="2017-07-06 22:55:14Z" duration="0.000471" asserts="1" />
            <test-case id="0-1597" name="IsAdjacentTo_ReturnsTrue(1,3,2,2)" fullname="ChessWithTDD.Tests.SquareExtensionsTests.IsAdjacentTo_ReturnsTrue(1,3,2,2)" methodname="IsAdjacentTo_ReturnsTrue" classname="ChessWithTDD.Tests.SquareExtensionsTests" runstate="Runnable" seed="1801756003" result="Passed" start-time="2017-07-06 22:55:14Z" end-time="2017-07-06 22:55:14Z" duration="0.000521" asserts="1" />
            <test-case id="0-1598" name="IsAdjacentTo_ReturnsTrue(1,1,2,2)" fullname="ChessWithTDD.Tests.SquareExtensionsTests.IsAdjacentTo_ReturnsTrue(1,1,2,2)" methodname="IsAdjacentTo_ReturnsTrue" classname="ChessWithTDD.Tests.SquareExtensionsTests" runstate="Runnable" seed="927447346" result="Passed" start-time="2017-07-06 22:55:14Z" end-time="2017-07-06 22:55:14Z" duration="0.000462" asserts="1" />
            <test-case id="0-1599" name="IsAdjacentTo_ReturnsTrue(1,2,2,2)" fullname="ChessWithTDD.Tests.SquareExtensionsTests.IsAdjacentTo_ReturnsTrue(1,2,2,2)" methodname="IsAdjacentTo_ReturnsTrue" classname="ChessWithTDD.Tests.SquareExtensionsTests" runstate="Runnable" seed="414333396" result="Passed" start-time="2017-07-06 22:55:14Z" end-time="2017-07-06 22:55:14Z" duration="0.000477" asserts="1" />
          </test-suite>
          <test-suite type="ParameterizedMethod" id="0-1643" name="IsAnLShapeAwayFrom_ReturnsFalse" fullname="ChessWithTDD.Tests.SquareExtensionsTests.IsAnLShapeAwayFrom_ReturnsFalse" classname="ChessWithTDD.Tests.SquareExtensionsTests" runstate="Runnable" testcasecount="6" result="Passed" start-time="2017-07-06 22:55:14Z" end-time="2017-07-06 22:55:14Z" duration="0.022522" total="6" passed="6" failed="0" warnings="0" inconclusive="0" skipped="0" asserts="6">
            <test-case id="0-1637" name="IsAnLShapeAwayFrom_ReturnsFalse(3,3,4,4)" fullname="ChessWithTDD.Tests.SquareExtensionsTests.IsAnLShapeAwayFrom_ReturnsFalse(3,3,4,4)" methodname="IsAnLShapeAwayFrom_ReturnsFalse" classname="ChessWithTDD.Tests.SquareExtensionsTests" runstate="Runnable" seed="677140531" result="Passed" start-time="2017-07-06 22:55:14Z" end-time="2017-07-06 22:55:14Z" duration="0.000765" asserts="1" />
            <test-case id="0-1638" name="IsAnLShapeAwayFrom_ReturnsFalse(3,3,4,3)" fullname="ChessWithTDD.Tests.SquareExtensionsTests.IsAnLShapeAwayFrom_ReturnsFalse(3,3,4,3)" methodname="IsAnLShapeAwayFrom_ReturnsFalse" classname="ChessWithTDD.Tests.SquareExtensionsTests" runstate="Runnable" seed="284179314" result="Passed" start-time="2017-07-06 22:55:14Z" end-time="2017-07-06 22:55:14Z" duration="0.000492" asserts="1" />
            <test-case id="0-1639" name="IsAnLShapeAwayFrom_ReturnsFalse(3,3,3,4)" fullname="ChessWithTDD.Tests.SquareExtensionsTests.IsAnLShapeAwayFrom_ReturnsFalse(3,3,3,4)" methodname="IsAnLShapeAwayFrom_ReturnsFalse" classname="ChessWithTDD.Tests.SquareExtensionsTests" runstate="Runnable" seed="1636714002" result="Passed" start-time="2017-07-06 22:55:14Z" end-time="2017-07-06 22:55:14Z" duration="0.000463" asserts="1" />
            <test-case id="0-1640" name="IsAnLShapeAwayFrom_ReturnsFalse(3,3,0,0)" fullname="ChessWithTDD.Tests.SquareExtensionsTests.IsAnLShapeAwayFrom_ReturnsFalse(3,3,0,0)" methodname="IsAnLShapeAwayFrom_ReturnsFalse" classname="ChessWithTDD.Tests.SquareExtensionsTests" runstate="Runnable" seed="1829236094" result="Passed" start-time="2017-07-06 22:55:14Z" end-time="2017-07-06 22:55:14Z" duration="0.000500" asserts="1" />
            <test-case id="0-1641" name="IsAnLShapeAwayFrom_ReturnsFalse(4,1,1,4)" fullname="ChessWithTDD.Tests.SquareExtensionsTests.IsAnLShapeAwayFrom_ReturnsFalse(4,1,1,4)" methodname="IsAnLShapeAwayFrom_ReturnsFalse" classname="ChessWithTDD.Tests.SquareExtensionsTests" runstate="Runnable" seed="1663876262" result="Passed" start-time="2017-07-06 22:55:14Z" end-time="2017-07-06 22:55:14Z" duration="0.000487" asserts="1" />
            <test-case id="0-1642" name="IsAnLShapeAwayFrom_ReturnsFalse(1,4,5,6)" fullname="ChessWithTDD.Tests.SquareExtensionsTests.IsAnLShapeAwayFrom_ReturnsFalse(1,4,5,6)" methodname="IsAnLShapeAwayFrom_ReturnsFalse" classname="ChessWithTDD.Tests.SquareExtensionsTests" runstate="Runnable" seed="2046682777" result="Passed" start-time="2017-07-06 22:55:14Z" end-time="2017-07-06 22:55:14Z" duration="0.000452" asserts="1" />
          </test-suite>
          <test-suite type="ParameterizedMethod" id="0-1636" name="IsAnLShapeAwayFrom_ReturnsTrue" fullname="ChessWithTDD.Tests.SquareExtensionsTests.IsAnLShapeAwayFrom_ReturnsTrue" classname="ChessWithTDD.Tests.SquareExtensionsTests" runstate="Runnable" testcasecount="4" result="Passed" start-time="2017-07-06 22:55:14Z" end-time="2017-07-06 22:55:14Z" duration="0.014514" total="4" passed="4" failed="0" warnings="0" inconclusive="0" skipped="0" asserts="4">
            <test-case id="0-1632" name="IsAnLShapeAwayFrom_ReturnsTrue(3,3,5,4)" fullname="ChessWithTDD.Tests.SquareExtensionsTests.IsAnLShapeAwayFrom_ReturnsTrue(3,3,5,4)" methodname="IsAnLShapeAwayFrom_ReturnsTrue" classname="ChessWithTDD.Tests.SquareExtensionsTests" runstate="Runnable" seed="1709243690" result="Passed" start-time="2017-07-06 22:55:14Z" end-time="2017-07-06 22:55:14Z" duration="0.000793" asserts="1" />
            <test-case id="0-1633" name="IsAnLShapeAwayFrom_ReturnsTrue(3,3,4,5)" fullname="ChessWithTDD.Tests.SquareExtensionsTests.IsAnLShapeAwayFrom_ReturnsTrue(3,3,4,5)" methodname="IsAnLShapeAwayFrom_ReturnsTrue" classname="ChessWithTDD.Tests.SquareExtensionsTests" runstate="Runnable" seed="1048507273" result="Passed" start-time="2017-07-06 22:55:14Z" end-time="2017-07-06 22:55:14Z" duration="0.000492" asserts="1" />
            <test-case id="0-1634" name="IsAnLShapeAwayFrom_ReturnsTrue(4,5,3,3)" fullname="ChessWithTDD.Tests.SquareExtensionsTests.IsAnLShapeAwayFrom_ReturnsTrue(4,5,3,3)" methodname="IsAnLShapeAwayFrom_ReturnsTrue" classname="ChessWithTDD.Tests.SquareExtensionsTests" runstate="Runnable" seed="1646195790" result="Passed" start-time="2017-07-06 22:55:14Z" end-time="2017-07-06 22:55:14Z" duration="0.000506" asserts="1" />
            <test-case id="0-1635" name="IsAnLShapeAwayFrom_ReturnsTrue(5,4,3,3)" fullname="ChessWithTDD.Tests.SquareExtensionsTests.IsAnLShapeAwayFrom_ReturnsTrue(5,4,3,3)" methodname="IsAnLShapeAwayFrom_ReturnsTrue" classname="ChessWithTDD.Tests.SquareExtensionsTests" runstate="Runnable" seed="1406566338" result="Passed" start-time="2017-07-06 22:55:14Z" end-time="2017-07-06 22:55:14Z" duration="0.000477" asserts="1" />
          </test-suite>
          <test-suite type="ParameterizedMethod" id="0-1627" name="IsDiagonalTo_ReturnsFalse" fullname="ChessWithTDD.Tests.SquareExtensionsTests.IsDiagonalTo_ReturnsFalse" classname="ChessWithTDD.Tests.SquareExtensionsTests" runstate="Runnable" testcasecount="8" result="Passed" start-time="2017-07-06 22:55:14Z" end-time="2017-07-06 22:55:14Z" duration="0.030996" total="8" passed="8" failed="0" warnings="0" inconclusive="0" skipped="0" asserts="8">
            <test-case id="0-1619" name="IsDiagonalTo_ReturnsFalse(3,3,3,2)" fullname="ChessWithTDD.Tests.SquareExtensionsTests.IsDiagonalTo_ReturnsFalse(3,3,3,2)" methodname="IsDiagonalTo_ReturnsFalse" classname="ChessWithTDD.Tests.SquareExtensionsTests" runstate="Runnable" seed="585491570" result="Passed" start-time="2017-07-06 22:55:14Z" end-time="2017-07-06 22:55:14Z" duration="0.000814" asserts="1" />
            <test-case id="0-1620" name="IsDiagonalTo_ReturnsFalse(3,2,2,2)" fullname="ChessWithTDD.Tests.SquareExtensionsTests.IsDiagonalTo_ReturnsFalse(3,2,2,2)" methodname="IsDiagonalTo_ReturnsFalse" classname="ChessWithTDD.Tests.SquareExtensionsTests" runstate="Runnable" seed="1449415477" result="Passed" start-time="2017-07-06 22:55:14Z" end-time="2017-07-06 22:55:14Z" duration="0.000517" asserts="1" />
            <test-case id="0-1621" name="IsDiagonalTo_ReturnsFalse(1,3,3,2)" fullname="ChessWithTDD.Tests.SquareExtensionsTests.IsDiagonalTo_ReturnsFalse(1,3,3,2)" methodname="IsDiagonalTo_ReturnsFalse" classname="ChessWithTDD.Tests.SquareExtensionsTests" runstate="Runnable" seed="1566408021" result="Passed" start-time="2017-07-06 22:55:14Z" end-time="2017-07-06 22:55:14Z" duration="0.000511" asserts="1" />
            <test-case id="0-1622" name="IsDiagonalTo_ReturnsFalse(1,1,2,3)" fullname="ChessWithTDD.Tests.SquareExtensionsTests.IsDiagonalTo_ReturnsFalse(1,1,2,3)" methodname="IsDiagonalTo_ReturnsFalse" classname="ChessWithTDD.Tests.SquareExtensionsTests" runstate="Runnable" seed="1695920690" result="Passed" start-time="2017-07-06 22:55:14Z" end-time="2017-07-06 22:55:14Z" duration="0.000598" asserts="1" />
            <test-case id="0-1623" name="IsDiagonalTo_ReturnsFalse(6,2,2,2)" fullname="ChessWithTDD.Tests.SquareExtensionsTests.IsDiagonalTo_ReturnsFalse(6,2,2,2)" methodname="IsDiagonalTo_ReturnsFalse" classname="ChessWithTDD.Tests.SquareExtensionsTests" runstate="Runnable" seed="1116395774" result="Passed" start-time="2017-07-06 22:55:14Z" end-time="2017-07-06 22:55:14Z" duration="0.000602" asserts="1" />
            <test-case id="0-1624" name="IsDiagonalTo_ReturnsFalse(4,0,4,2)" fullname="ChessWithTDD.Tests.SquareExtensionsTests.IsDiagonalTo_ReturnsFalse(4,0,4,2)" methodname="IsDiagonalTo_ReturnsFalse" classname="ChessWithTDD.Tests.SquareExtensionsTests" runstate="Runnable" seed="1220340105" result="Passed" start-time="2017-07-06 22:55:14Z" end-time="2017-07-06 22:55:14Z" duration="0.000508" asserts="1" />
            <test-case id="0-1625" name="IsDiagonalTo_ReturnsFalse(1,4,2,2)" fullname="ChessWithTDD.Tests.SquareExtensionsTests.IsDiagonalTo_ReturnsFalse(1,4,2,2)" methodname="IsDiagonalTo_ReturnsFalse" classname="ChessWithTDD.Tests.SquareExtensionsTests" runstate="Runnable" seed="1965560188" result="Passed" start-time="2017-07-06 22:55:14Z" end-time="2017-07-06 22:55:14Z" duration="0.000642" asserts="1" />
            <test-case id="0-1626" name="IsDiagonalTo_ReturnsFalse(1,1,5,7)" fullname="ChessWithTDD.Tests.SquareExtensionsTests.IsDiagonalTo_ReturnsFalse(1,1,5,7)" methodname="IsDiagonalTo_ReturnsFalse" classname="ChessWithTDD.Tests.SquareExtensionsTests" runstate="Runnable" seed="1419489256" result="Passed" start-time="2017-07-06 22:55:14Z" end-time="2017-07-06 22:55:14Z" duration="0.000466" asserts="1" />
          </test-suite>
          <test-suite type="ParameterizedMethod" id="0-1618" name="IsDiagonalTo_ReturnsTrue" fullname="ChessWithTDD.Tests.SquareExtensionsTests.IsDiagonalTo_ReturnsTrue" classname="ChessWithTDD.Tests.SquareExtensionsTests" runstate="Runnable" testcasecount="8" result="Passed" start-time="2017-07-06 22:55:14Z" end-time="2017-07-06 22:55:14Z" duration="0.030010" total="8" passed="8" failed="0" warnings="0" inconclusive="0" skipped="0" asserts="8">
            <test-case id="0-1610" name="IsDiagonalTo_ReturnsTrue(3,3,2,2)" fullname="ChessWithTDD.Tests.SquareExtensionsTests.IsDiagonalTo_ReturnsTrue(3,3,2,2)" methodname="IsDiagonalTo_ReturnsTrue" classname="ChessWithTDD.Tests.SquareExtensionsTests" runstate="Runnable" seed="2038754055" result="Passed" start-time="2017-07-06 22:55:14Z" end-time="2017-07-06 22:55:14Z" duration="0.000879" asserts="1" />
            <test-case id="0-1611" name="IsDiagonalTo_ReturnsTrue(3,1,2,2)" fullname="ChessWithTDD.Tests.SquareExtensionsTests.IsDiagonalTo_ReturnsTrue(3,1,2,2)" methodname="IsDiagonalTo_ReturnsTrue" classname="ChessWithTDD.Tests.SquareExtensionsTests" runstate="Runnable" seed="602526845" result="Passed" start-time="2017-07-06 22:55:14Z" end-time="2017-07-06 22:55:14Z" duration="0.000543" asserts="1" />
            <test-case id="0-1612" name="IsDiagonalTo_ReturnsTrue(1,3,2,2)" fullname="ChessWithTDD.Tests.SquareExtensionsTests.IsDiagonalTo_ReturnsTrue(1,3,2,2)" methodname="IsDiagonalTo_ReturnsTrue" classname="ChessWithTDD.Tests.SquareExtensionsTests" runstate="Runnable" seed="862213502" result="Passed" start-time="2017-07-06 22:55:14Z" end-time="2017-07-06 22:55:14Z" duration="0.000480" asserts="1" />
            <test-case id="0-1613" name="IsDiagonalTo_ReturnsTrue(1,1,2,2)" fullname="ChessWithTDD.Tests.SquareExtensionsTests.IsDiagonalTo_ReturnsTrue(1,1,2,2)" methodname="IsDiagonalTo_ReturnsTrue" classname="ChessWithTDD.Tests.SquareExtensionsTests" runstate="Runnable" seed="1896559828" result="Passed" start-time="2017-07-06 22:55:14Z" end-time="2017-07-06 22:55:14Z" duration="0.000545" asserts="1" />
            <test-case id="0-1614" name="IsDiagonalTo_ReturnsTrue(6,6,2,2)" fullname="ChessWithTDD.Tests.SquareExtensionsTests.IsDiagonalTo_ReturnsTrue(6,6,2,2)" methodname="IsDiagonalTo_ReturnsTrue" classname="ChessWithTDD.Tests.SquareExtensionsTests" runstate="Runnable" seed="70364370" result="Passed" start-time="2017-07-06 22:55:14Z" end-time="2017-07-06 22:55:14Z" duration="0.000690" asserts="1" />
            <test-case id="0-1615" name="IsDiagonalTo_ReturnsTrue(4,0,2,2)" fullname="ChessWithTDD.Tests.SquareExtensionsTests.IsDiagonalTo_ReturnsTrue(4,0,2,2)" methodname="IsDiagonalTo_ReturnsTrue" classname="ChessWithTDD.Tests.SquareExtensionsTests" runstate="Runnable" seed="1178650554" result="Passed" start-time="2017-07-06 22:55:14Z" end-time="2017-07-06 22:55:14Z" duration="0.000541" asserts="1" />
            <test-case id="0-1616" name="IsDiagonalTo_ReturnsTrue(0,4,2,2)" fullname="ChessWithTDD.Tests.SquareExtensionsTests.IsDiagonalTo_ReturnsTrue(0,4,2,2)" methodname="IsDiagonalTo_ReturnsTrue" classname="ChessWithTDD.Tests.SquareExtensionsTests" runstate="Runnable" seed="1941173986" result="Passed" start-time="2017-07-06 22:55:14Z" end-time="2017-07-06 22:55:14Z" duration="0.000470" asserts="1" />
            <test-case id="0-1617" name="IsDiagonalTo_ReturnsTrue(1,1,7,7)" fullname="ChessWithTDD.Tests.SquareExtensionsTests.IsDiagonalTo_ReturnsTrue(1,1,7,7)" methodname="IsDiagonalTo_ReturnsTrue" classname="ChessWithTDD.Tests.SquareExtensionsTests" runstate="Runnable" seed="788723887" result="Passed" start-time="2017-07-06 22:55:14Z" end-time="2017-07-06 22:55:14Z" duration="0.000451" asserts="1" />
          </test-suite>
          <test-suite type="ParameterizedMethod" id="0-1631" name="IsInSameColumnAs_ReturnsFalse" fullname="ChessWithTDD.Tests.SquareExtensionsTests.IsInSameColumnAs_ReturnsFalse" classname="ChessWithTDD.Tests.SquareExtensionsTests" runstate="Runnable" testcasecount="0" result="Passed" start-time="2017-07-06 22:55:14Z" end-time="2017-07-06 22:55:14Z" duration="0.000023" total="0" passed="0" failed="0" warnings="0" inconclusive="0" skipped="0" asserts="0" />
          <test-suite type="ParameterizedMethod" id="0-1630" name="IsInSameColumnAs_ReturnsTrue" fullname="ChessWithTDD.Tests.SquareExtensionsTests.IsInSameColumnAs_ReturnsTrue" classname="ChessWithTDD.Tests.SquareExtensionsTests" runstate="Runnable" testcasecount="0" result="Passed" start-time="2017-07-06 22:55:14Z" end-time="2017-07-06 22:55:14Z" duration="0.000022" total="0" passed="0" failed="0" warnings="0" inconclusive="0" skipped="0" asserts="0" />
          <test-suite type="ParameterizedMethod" id="0-1629" name="IsInSameRowAs_ReturnsFalse" fullname="ChessWithTDD.Tests.SquareExtensionsTests.IsInSameRowAs_ReturnsFalse" classname="ChessWithTDD.Tests.SquareExtensionsTests" runstate="Runnable" testcasecount="0" result="Passed" start-time="2017-07-06 22:55:14Z" end-time="2017-07-06 22:55:14Z" duration="0.000033" total="0" passed="0" failed="0" warnings="0" inconclusive="0" skipped="0" asserts="0" />
          <test-suite type="ParameterizedMethod" id="0-1628" name="IsInSameRowAs_ReturnsTrue" fullname="ChessWithTDD.Tests.SquareExtensionsTests.IsInSameRowAs_ReturnsTrue" classname="ChessWithTDD.Tests.SquareExtensionsTests" runstate="Runnable" testcasecount="0" result="Passed" start-time="2017-07-06 22:55:14Z" end-time="2017-07-06 22:55:14Z" duration="0.000049" total="0" passed="0" failed="0" warnings="0" inconclusive="0" skipped="0" asserts="0" />
          <test-suite type="ParameterizedMethod" id="0-1557" name="IsMultipleSquaresEastEastOf_ReturnsFalse" fullname="ChessWithTDD.Tests.SquareExtensionsTests.IsMultipleSquaresEastEastOf_ReturnsFalse" classname="ChessWithTDD.Tests.SquareExtensionsTests" runstate="Runnable" testcasecount="2" result="Passed" start-time="2017-07-06 22:55:14Z" end-time="2017-07-06 22:55:14Z" duration="0.007041" total="2" passed="2" failed="0" warnings="0" inconclusive="0" skipped="0" asserts="2">
            <test-case id="0-1555" name="IsMultipleSquaresEastEastOf_ReturnsFalse(4,4,4,3)" fullname="ChessWithTDD.Tests.SquareExtensionsTests.IsMultipleSquaresEastEastOf_ReturnsFalse(4,4,4,3)" methodname="IsMultipleSquaresEastEastOf_ReturnsFalse" classname="ChessWithTDD.Tests.SquareExtensionsTests" runstate="Runnable" seed="1826513852" result="Passed" start-time="2017-07-06 22:55:14Z" end-time="2017-07-06 22:55:14Z" duration="0.000785" asserts="1" />
            <test-case id="0-1556" name="IsMultipleSquaresEastEastOf_ReturnsFalse(6,5,7,1)" fullname="ChessWithTDD.Tests.SquareExtensionsTests.IsMultipleSquaresEastEastOf_ReturnsFalse(6,5,7,1)" methodname="IsMultipleSquaresEastEastOf_ReturnsFalse" classname="ChessWithTDD.Tests.SquareExtensionsTests" runstate="Runnable" seed="1783342053" result="Passed" start-time="2017-07-06 22:55:14Z" end-time="2017-07-06 22:55:14Z" duration="0.000447" asserts="1" />
          </test-suite>
          <test-suite type="ParameterizedMethod" id="0-1554" name="IsMultipleSquaresEastEastOf_ReturnsTrue" fullname="ChessWithTDD.Tests.SquareExtensionsTests.IsMultipleSquaresEastEastOf_ReturnsTrue" classname="ChessWithTDD.Tests.SquareExtensionsTests" runstate="Runnable" testcasecount="2" result="Passed" start-time="2017-07-06 22:55:14Z" end-time="2017-07-06 22:55:14Z" duration="0.007537" total="2" passed="2" failed="0" warnings="0" inconclusive="0" skipped="0" asserts="2">
            <test-case id="0-1552" name="IsMultipleSquaresEastEastOf_ReturnsTrue(4,6,4,3)" fullname="ChessWithTDD.Tests.SquareExtensionsTests.IsMultipleSquaresEastEastOf_ReturnsTrue(4,6,4,3)" methodname="IsMultipleSquaresEastEastOf_ReturnsTrue" classname="ChessWithTDD.Tests.SquareExtensionsTests" runstate="Runnable" seed="642217807" result="Passed" start-time="2017-07-06 22:55:14Z" end-time="2017-07-06 22:55:14Z" duration="0.000711" asserts="1" />
            <test-case id="0-1553" name="IsMultipleSquaresEastEastOf_ReturnsTrue(6,5,6,1)" fullname="ChessWithTDD.Tests.SquareExtensionsTests.IsMultipleSquaresEastEastOf_ReturnsTrue(6,5,6,1)" methodname="IsMultipleSquaresEastEastOf_ReturnsTrue" classname="ChessWithTDD.Tests.SquareExtensionsTests" runstate="Runnable" seed="806320275" result="Passed" start-time="2017-07-06 22:55:14Z" end-time="2017-07-06 22:55:14Z" duration="0.000514" asserts="1" />
          </test-suite>
          <test-suite type="ParameterizedMethod" id="0-1545" name="IsMultipleSquaresNorthEastOf_ReturnsFalse" fullname="ChessWithTDD.Tests.SquareExtensionsTests.IsMultipleSquaresNorthEastOf_ReturnsFalse" classname="ChessWithTDD.Tests.SquareExtensionsTests" runstate="Runnable" testcasecount="2" result="Passed" start-time="2017-07-06 22:55:14Z" end-time="2017-07-06 22:55:14Z" duration="0.007512" total="2" passed="2" failed="0" warnings="0" inconclusive="0" skipped="0" asserts="2">
            <test-case id="0-1543" name="IsMultipleSquaresNorthEastOf_ReturnsFalse(3,3,2,2)" fullname="ChessWithTDD.Tests.SquareExtensionsTests.IsMultipleSquaresNorthEastOf_ReturnsFalse(3,3,2,2)" methodname="IsMultipleSquaresNorthEastOf_ReturnsFalse" classname="ChessWithTDD.Tests.SquareExtensionsTests" runstate="Runnable" seed="350910627" result="Passed" start-time="2017-07-06 22:55:14Z" end-time="2017-07-06 22:55:14Z" duration="0.000848" asserts="1" />
            <test-case id="0-1544" name="IsMultipleSquaresNorthEastOf_ReturnsFalse(5,7,2,3)" fullname="ChessWithTDD.Tests.SquareExtensionsTests.IsMultipleSquaresNorthEastOf_ReturnsFalse(5,7,2,3)" methodname="IsMultipleSquaresNorthEastOf_ReturnsFalse" classname="ChessWithTDD.Tests.SquareExtensionsTests" runstate="Runnable" seed="187381988" result="Passed" start-time="2017-07-06 22:55:14Z" end-time="2017-07-06 22:55:14Z" duration="0.000837" asserts="1" />
          </test-suite>
          <test-suite type="ParameterizedMethod" id="0-1542" name="IsMultipleSquaresNorthEastOf_ReturnsTrue" fullname="ChessWithTDD.Tests.SquareExtensionsTests.IsMultipleSquaresNorthEastOf_ReturnsTrue" classname="ChessWithTDD.Tests.SquareExtensionsTests" runstate="Runnable" testcasecount="2" result="Passed" start-time="2017-07-06 22:55:14Z" end-time="2017-07-06 22:55:14Z" duration="0.009525" total="2" passed="2" failed="0" warnings="0" inconclusive="0" skipped="0" asserts="2">
            <test-case id="0-1540" name="IsMultipleSquaresNorthEastOf_ReturnsTrue(4,4,2,2)" fullname="ChessWithTDD.Tests.SquareExtensionsTests.IsMultipleSquaresNorthEastOf_ReturnsTrue(4,4,2,2)" methodname="IsMultipleSquaresNorthEastOf_ReturnsTrue" classname="ChessWithTDD.Tests.SquareExtensionsTests" runstate="Runnable" seed="1677784828" result="Passed" start-time="2017-07-06 22:55:14Z" end-time="2017-07-06 22:55:14Z" duration="0.001575" asserts="1" />
            <test-case id="0-1541" name="IsMultipleSquaresNorthEastOf_ReturnsTrue(6,7,2,3)" fullname="ChessWithTDD.Tests.SquareExtensionsTests.IsMultipleSquaresNorthEastOf_ReturnsTrue(6,7,2,3)" methodname="IsMultipleSquaresNorthEastOf_ReturnsTrue" classname="ChessWithTDD.Tests.SquareExtensionsTests" runstate="Runnable" seed="1804002940" result="Passed" start-time="2017-07-06 22:55:14Z" end-time="2017-07-06 22:55:14Z" duration="0.001253" asserts="1" />
          </test-suite>
          <test-suite type="ParameterizedMethod" id="0-1533" name="IsMultipleSquaresNorthNorthOf_ReturnsFalse" fullname="ChessWithTDD.Tests.SquareExtensionsTests.IsMultipleSquaresNorthNorthOf_ReturnsFalse" classname="ChessWithTDD.Tests.SquareExtensionsTests" runstate="Runnable" testcasecount="2" result="Passed" start-time="2017-07-06 22:55:14Z" end-time="2017-07-06 22:55:14Z" duration="0.008505" total="2" passed="2" failed="0" warnings="0" inconclusive="0" skipped="0" asserts="2">
            <test-case id="0-1531" name="IsMultipleSquaresNorthNorthOf_ReturnsFalse(3,2,2,2)" fullname="ChessWithTDD.Tests.SquareExtensionsTests.IsMultipleSquaresNorthNorthOf_ReturnsFalse(3,2,2,2)" methodname="IsMultipleSquaresNorthNorthOf_ReturnsFalse" classname="ChessWithTDD.Tests.SquareExtensionsTests" runstate="Runnable" seed="229900402" result="Passed" start-time="2017-07-06 22:55:14Z" end-time="2017-07-06 22:55:14Z" duration="0.001407" asserts="1" />
            <test-case id="0-1532" name="IsMultipleSquaresNorthNorthOf_ReturnsFalse(7,3,5,4)" fullname="ChessWithTDD.Tests.SquareExtensionsTests.IsMultipleSquaresNorthNorthOf_ReturnsFalse(7,3,5,4)" methodname="IsMultipleSquaresNorthNorthOf_ReturnsFalse" classname="ChessWithTDD.Tests.SquareExtensionsTests" runstate="Runnable" seed="343733156" result="Passed" start-time="2017-07-06 22:55:14Z" end-time="2017-07-06 22:55:14Z" duration="0.000983" asserts="1" />
          </test-suite>
          <test-suite type="ParameterizedMethod" id="0-1530" name="IsMultipleSquaresNorthNorthOf_ReturnsTrue" fullname="ChessWithTDD.Tests.SquareExtensionsTests.IsMultipleSquaresNorthNorthOf_ReturnsTrue" classname="ChessWithTDD.Tests.SquareExtensionsTests" runstate="Runnable" testcasecount="2" result="Passed" start-time="2017-07-06 22:55:14Z" end-time="2017-07-06 22:55:14Z" duration="0.011512" total="2" passed="2" failed="0" warnings="0" inconclusive="0" skipped="0" asserts="2">
            <test-case id="0-1528" name="IsMultipleSquaresNorthNorthOf_ReturnsTrue(5,2,2,2)" fullname="ChessWithTDD.Tests.SquareExtensionsTests.IsMultipleSquaresNorthNorthOf_ReturnsTrue(5,2,2,2)" methodname="IsMultipleSquaresNorthNorthOf_ReturnsTrue" classname="ChessWithTDD.Tests.SquareExtensionsTests" runstate="Runnable" seed="1606038660" result="Passed" start-time="2017-07-06 22:55:14Z" end-time="2017-07-06 22:55:14Z" duration="0.001611" asserts="1" />
            <test-case id="0-1529" name="IsMultipleSquaresNorthNorthOf_ReturnsTrue(7,3,5,3)" fullname="ChessWithTDD.Tests.SquareExtensionsTests.IsMultipleSquaresNorthNorthOf_ReturnsTrue(7,3,5,3)" methodname="IsMultipleSquaresNorthNorthOf_ReturnsTrue" classname="ChessWithTDD.Tests.SquareExtensionsTests" runstate="Runnable" seed="794060326" result="Passed" start-time="2017-07-06 22:55:14Z" end-time="2017-07-06 22:55:14Z" duration="0.003331" asserts="1" />
          </test-suite>
          <test-suite type="ParameterizedMethod" id="0-1539" name="IsMultipleSquaresNorthWestOf_ReturnsFalse" fullname="ChessWithTDD.Tests.SquareExtensionsTests.IsMultipleSquaresNorthWestOf_ReturnsFalse" classname="ChessWithTDD.Tests.SquareExtensionsTests" runstate="Runnable" testcasecount="2" result="Passed" start-time="2017-07-06 22:55:14Z" end-time="2017-07-06 22:55:14Z" duration="0.009033" total="2" passed="2" failed="0" warnings="0" inconclusive="0" skipped="0" asserts="2">
            <test-case id="0-1537" name="IsMultipleSquaresNorthWestOf_ReturnsFalse(3,1,2,2)" fullname="ChessWithTDD.Tests.SquareExtensionsTests.IsMultipleSquaresNorthWestOf_ReturnsFalse(3,1,2,2)" methodname="IsMultipleSquaresNorthWestOf_ReturnsFalse" classname="ChessWithTDD.Tests.SquareExtensionsTests" runstate="Runnable" seed="1136929146" result="Passed" start-time="2017-07-06 22:55:14Z" end-time="2017-07-06 22:55:14Z" duration="0.001613" asserts="1" />
            <test-case id="0-1538" name="IsMultipleSquaresNorthWestOf_ReturnsFalse(7,3,4,5)" fullname="ChessWithTDD.Tests.SquareExtensionsTests.IsMultipleSquaresNorthWestOf_ReturnsFalse(7,3,4,5)" methodname="IsMultipleSquaresNorthWestOf_ReturnsFalse" classname="ChessWithTDD.Tests.SquareExtensionsTests" runstate="Runnable" seed="1563213202" result="Passed" start-time="2017-07-06 22:55:14Z" end-time="2017-07-06 22:55:14Z" duration="0.001342" asserts="1" />
          </test-suite>
          <test-suite type="ParameterizedMethod" id="0-1536" name="IsMultipleSquaresNorthWestOf_ReturnsTrue" fullname="ChessWithTDD.Tests.SquareExtensionsTests.IsMultipleSquaresNorthWestOf_ReturnsTrue" classname="ChessWithTDD.Tests.SquareExtensionsTests" runstate="Runnable" testcasecount="2" result="Passed" start-time="2017-07-06 22:55:14Z" end-time="2017-07-06 22:55:14Z" duration="0.008496" total="2" passed="2" failed="0" warnings="0" inconclusive="0" skipped="0" asserts="2">
            <test-case id="0-1534" name="IsMultipleSquaresNorthWestOf_ReturnsTrue(4,0,2,2)" fullname="ChessWithTDD.Tests.SquareExtensionsTests.IsMultipleSquaresNorthWestOf_ReturnsTrue(4,0,2,2)" methodname="IsMultipleSquaresNorthWestOf_ReturnsTrue" classname="ChessWithTDD.Tests.SquareExtensionsTests" runstate="Runnable" seed="2086504825" result="Passed" start-time="2017-07-06 22:55:14Z" end-time="2017-07-06 22:55:14Z" duration="0.001754" asserts="1" />
            <test-case id="0-1535" name="IsMultipleSquaresNorthWestOf_ReturnsTrue(7,2,4,5)" fullname="ChessWithTDD.Tests.SquareExtensionsTests.IsMultipleSquaresNorthWestOf_ReturnsTrue(7,2,4,5)" methodname="IsMultipleSquaresNorthWestOf_ReturnsTrue" classname="ChessWithTDD.Tests.SquareExtensionsTests" runstate="Runnable" seed="578721155" result="Passed" start-time="2017-07-06 22:55:14Z" end-time="2017-07-06 22:55:14Z" duration="0.000817" asserts="1" />
          </test-suite>
          <test-suite type="ParameterizedMethod" id="0-1575" name="IsMultipleSquaresSouthEastOf_ReturnsFalse" fullname="ChessWithTDD.Tests.SquareExtensionsTests.IsMultipleSquaresSouthEastOf_ReturnsFalse" classname="ChessWithTDD.Tests.SquareExtensionsTests" runstate="Runnable" testcasecount="2" result="Passed" start-time="2017-07-06 22:55:14Z" end-time="2017-07-06 22:55:14Z" duration="0.007057" total="2" passed="2" failed="0" warnings="0" inconclusive="0" skipped="0" asserts="2">
            <test-case id="0-1573" name="IsMultipleSquaresSouthEastOf_ReturnsFalse(4,6,5,5)" fullname="ChessWithTDD.Tests.SquareExtensionsTests.IsMultipleSquaresSouthEastOf_ReturnsFalse(4,6,5,5)" methodname="IsMultipleSquaresSouthEastOf_ReturnsFalse" classname="ChessWithTDD.Tests.SquareExtensionsTests" runstate="Runnable" seed="1420009057" result="Passed" start-time="2017-07-06 22:55:14Z" end-time="2017-07-06 22:55:14Z" duration="0.000956" asserts="1" />
            <test-case id="0-1574" name="IsMultipleSquaresSouthEastOf_ReturnsFalse(1,6,3,3)" fullname="ChessWithTDD.Tests.SquareExtensionsTests.IsMultipleSquaresSouthEastOf_ReturnsFalse(1,6,3,3)" methodname="IsMultipleSquaresSouthEastOf_ReturnsFalse" classname="ChessWithTDD.Tests.SquareExtensionsTests" runstate="Runnable" seed="451901332" result="Passed" start-time="2017-07-06 22:55:14Z" end-time="2017-07-06 22:55:14Z" duration="0.000805" asserts="1" />
          </test-suite>
          <test-suite type="ParameterizedMethod" id="0-1572" name="IsMultipleSquaresSouthEastOf_ReturnsTrue" fullname="ChessWithTDD.Tests.SquareExtensionsTests.IsMultipleSquaresSouthEastOf_ReturnsTrue" classname="ChessWithTDD.Tests.SquareExtensionsTests" runstate="Runnable" testcasecount="2" result="Passed" start-time="2017-07-06 22:55:14Z" end-time="2017-07-06 22:55:14Z" duration="0.008060" total="2" passed="2" failed="0" warnings="0" inconclusive="0" skipped="0" asserts="2">
            <test-case id="0-1570" name="IsMultipleSquaresSouthEastOf_ReturnsTrue(3,7,5,5)" fullname="ChessWithTDD.Tests.SquareExtensionsTests.IsMultipleSquaresSouthEastOf_ReturnsTrue(3,7,5,5)" methodname="IsMultipleSquaresSouthEastOf_ReturnsTrue" classname="ChessWithTDD.Tests.SquareExtensionsTests" runstate="Runnable" seed="109993506" result="Passed" start-time="2017-07-06 22:55:14Z" end-time="2017-07-06 22:55:14Z" duration="0.001137" asserts="1" />
            <test-case id="0-1571" name="IsMultipleSquaresSouthEastOf_ReturnsTrue(0,6,3,3)" fullname="ChessWithTDD.Tests.SquareExtensionsTests.IsMultipleSquaresSouthEastOf_ReturnsTrue(0,6,3,3)" methodname="IsMultipleSquaresSouthEastOf_ReturnsTrue" classname="ChessWithTDD.Tests.SquareExtensionsTests" runstate="Runnable" seed="1918041950" result="Passed" start-time="2017-07-06 22:55:14Z" end-time="2017-07-06 22:55:14Z" duration="0.000802" asserts="1" />
          </test-suite>
          <test-suite type="ParameterizedMethod" id="0-1563" name="IsMultipleSquaresSouthSouthOf_ReturnsFalse" fullname="ChessWithTDD.Tests.SquareExtensionsTests.IsMultipleSquaresSouthSouthOf_ReturnsFalse" classname="ChessWithTDD.Tests.SquareExtensionsTests" runstate="Runnable" testcasecount="2" result="Passed" start-time="2017-07-06 22:55:14Z" end-time="2017-07-06 22:55:14Z" duration="0.007987" total="2" passed="2" failed="0" warnings="0" inconclusive="0" skipped="0" asserts="2">
            <test-case id="0-1561" name="IsMultipleSquaresSouthSouthOf_ReturnsFalse(4,6,5,6)" fullname="ChessWithTDD.Tests.SquareExtensionsTests.IsMultipleSquaresSouthSouthOf_ReturnsFalse(4,6,5,6)" methodname="IsMultipleSquaresSouthSouthOf_ReturnsFalse" classname="ChessWithTDD.Tests.SquareExtensionsTests" runstate="Runnable" seed="1456908214" result="Passed" start-time="2017-07-06 22:55:14Z" end-time="2017-07-06 22:55:14Z" duration="0.001015" asserts="1" />
            <test-case id="0-1562" name="IsMultipleSquaresSouthSouthOf_ReturnsFalse(0,0,5,1)" fullname="ChessWithTDD.Tests.SquareExtensionsTests.IsMultipleSquaresSouthSouthOf_ReturnsFalse(0,0,5,1)" methodname="IsMultipleSquaresSouthSouthOf_ReturnsFalse" classname="ChessWithTDD.Tests.SquareExtensionsTests" runstate="Runnable" seed="1562696366" result="Passed" start-time="2017-07-06 22:55:14Z" end-time="2017-07-06 22:55:14Z" duration="0.000668" asserts="1" />
          </test-suite>
          <test-suite type="ParameterizedMethod" id="0-1560" name="IsMultipleSquaresSouthSouthOf_ReturnsTrue" fullname="ChessWithTDD.Tests.SquareExtensionsTests.IsMultipleSquaresSouthSouthOf_ReturnsTrue" classname="ChessWithTDD.Tests.SquareExtensionsTests" runstate="Runnable" testcasecount="2" result="Passed" start-time="2017-07-06 22:55:14Z" end-time="2017-07-06 22:55:14Z" duration="0.008547" total="2" passed="2" failed="0" warnings="0" inconclusive="0" skipped="0" asserts="2">
            <test-case id="0-1558" name="IsMultipleSquaresSouthSouthOf_ReturnsTrue(4,6,6,6)" fullname="ChessWithTDD.Tests.SquareExtensionsTests.IsMultipleSquaresSouthSouthOf_ReturnsTrue(4,6,6,6)" methodname="IsMultipleSquaresSouthSouthOf_ReturnsTrue" classname="ChessWithTDD.Tests.SquareExtensionsTests" runstate="Runnable" seed="1590543918" result="Passed" start-time="2017-07-06 22:55:14Z" end-time="2017-07-06 22:55:14Z" duration="0.001008" asserts="1" />
            <test-case id="0-1559" name="IsMultipleSquaresSouthSouthOf_ReturnsTrue(0,1,5,1)" fullname="ChessWithTDD.Tests.SquareExtensionsTests.IsMultipleSquaresSouthSouthOf_ReturnsTrue(0,1,5,1)" methodname="IsMultipleSquaresSouthSouthOf_ReturnsTrue" classname="ChessWithTDD.Tests.SquareExtensionsTests" runstate="Runnable" seed="727543609" result="Passed" start-time="2017-07-06 22:55:14Z" end-time="2017-07-06 22:55:14Z" duration="0.000763" asserts="1" />
          </test-suite>
          <test-suite type="ParameterizedMethod" id="0-1569" name="IsMultipleSquaresSouthWestOf_ReturnsFalse" fullname="ChessWithTDD.Tests.SquareExtensionsTests.IsMultipleSquaresSouthWestOf_ReturnsFalse" classname="ChessWithTDD.Tests.SquareExtensionsTests" runstate="Runnable" testcasecount="2" result="Passed" start-time="2017-07-06 22:55:14Z" end-time="2017-07-06 22:55:14Z" duration="0.007020" total="2" passed="2" failed="0" warnings="0" inconclusive="0" skipped="0" asserts="2">
            <test-case id="0-1567" name="IsMultipleSquaresSouthWestOf_ReturnsFalse(5,5,6,6)" fullname="ChessWithTDD.Tests.SquareExtensionsTests.IsMultipleSquaresSouthWestOf_ReturnsFalse(5,5,6,6)" methodname="IsMultipleSquaresSouthWestOf_ReturnsFalse" classname="ChessWithTDD.Tests.SquareExtensionsTests" runstate="Runnable" seed="2023013397" result="Passed" start-time="2017-07-06 22:55:14Z" end-time="2017-07-06 22:55:14Z" duration="0.000954" asserts="1" />
            <test-case id="0-1568" name="IsMultipleSquaresSouthWestOf_ReturnsFalse(2,0,5,2)" fullname="ChessWithTDD.Tests.SquareExtensionsTests.IsMultipleSquaresSouthWestOf_ReturnsFalse(2,0,5,2)" methodname="IsMultipleSquaresSouthWestOf_ReturnsFalse" classname="ChessWithTDD.Tests.SquareExtensionsTests" runstate="Runnable" seed="2064723366" result="Passed" start-time="2017-07-06 22:55:14Z" end-time="2017-07-06 22:55:14Z" duration="0.000802" asserts="1" />
          </test-suite>
          <test-suite type="ParameterizedMethod" id="0-1566" name="IsMultipleSquaresSouthWestOf_ReturnsTrue" fullname="ChessWithTDD.Tests.SquareExtensionsTests.IsMultipleSquaresSouthWestOf_ReturnsTrue" classname="ChessWithTDD.Tests.SquareExtensionsTests" runstate="Runnable" testcasecount="2" result="Passed" start-time="2017-07-06 22:55:14Z" end-time="2017-07-06 22:55:14Z" duration="0.007495" total="2" passed="2" failed="0" warnings="0" inconclusive="0" skipped="0" asserts="2">
            <test-case id="0-1564" name="IsMultipleSquaresSouthWestOf_ReturnsTrue(4,4,6,6)" fullname="ChessWithTDD.Tests.SquareExtensionsTests.IsMultipleSquaresSouthWestOf_ReturnsTrue(4,4,6,6)" methodname="IsMultipleSquaresSouthWestOf_ReturnsTrue" classname="ChessWithTDD.Tests.SquareExtensionsTests" runstate="Runnable" seed="810194438" result="Passed" start-time="2017-07-06 22:55:14Z" end-time="2017-07-06 22:55:14Z" duration="0.001077" asserts="1" />
            <test-case id="0-1565" name="IsMultipleSquaresSouthWestOf_ReturnsTrue(2,0,5,3)" fullname="ChessWithTDD.Tests.SquareExtensionsTests.IsMultipleSquaresSouthWestOf_ReturnsTrue(2,0,5,3)" methodname="IsMultipleSquaresSouthWestOf_ReturnsTrue" classname="ChessWithTDD.Tests.SquareExtensionsTests" runstate="Runnable" seed="1895422490" result="Passed" start-time="2017-07-06 22:55:14Z" end-time="2017-07-06 22:55:14Z" duration="0.000791" asserts="1" />
          </test-suite>
          <test-suite type="ParameterizedMethod" id="0-1551" name="IsMultipleSquaresWestWestOf_ReturnsFalse" fullname="ChessWithTDD.Tests.SquareExtensionsTests.IsMultipleSquaresWestWestOf_ReturnsFalse" classname="ChessWithTDD.Tests.SquareExtensionsTests" runstate="Runnable" testcasecount="2" result="Passed" start-time="2017-07-06 22:55:14Z" end-time="2017-07-06 22:55:14Z" duration="0.008524" total="2" passed="2" failed="0" warnings="0" inconclusive="0" skipped="0" asserts="2">
            <test-case id="0-1549" name="IsMultipleSquaresWestWestOf_ReturnsFalse(4,4,4,5)" fullname="ChessWithTDD.Tests.SquareExtensionsTests.IsMultipleSquaresWestWestOf_ReturnsFalse(4,4,4,5)" methodname="IsMultipleSquaresWestWestOf_ReturnsFalse" classname="ChessWithTDD.Tests.SquareExtensionsTests" runstate="Runnable" seed="1387362269" result="Passed" start-time="2017-07-06 22:55:14Z" end-time="2017-07-06 22:55:14Z" duration="0.000950" asserts="1" />
            <test-case id="0-1550" name="IsMultipleSquaresWestWestOf_ReturnsFalse(6,0,7,6)" fullname="ChessWithTDD.Tests.SquareExtensionsTests.IsMultipleSquaresWestWestOf_ReturnsFalse(6,0,7,6)" methodname="IsMultipleSquaresWestWestOf_ReturnsFalse" classname="ChessWithTDD.Tests.SquareExtensionsTests" runstate="Runnable" seed="2067906967" result="Passed" start-time="2017-07-06 22:55:14Z" end-time="2017-07-06 22:55:14Z" duration="0.000720" asserts="1" />
          </test-suite>
          <test-suite type="ParameterizedMethod" id="0-1548" name="IsMultipleSquaresWestWestOf_ReturnsTrue" fullname="ChessWithTDD.Tests.SquareExtensionsTests.IsMultipleSquaresWestWestOf_ReturnsTrue" classname="ChessWithTDD.Tests.SquareExtensionsTests" runstate="Runnable" testcasecount="2" result="Passed" start-time="2017-07-06 22:55:14Z" end-time="2017-07-06 22:55:14Z" duration="0.008012" total="2" passed="2" failed="0" warnings="0" inconclusive="0" skipped="0" asserts="2">
            <test-case id="0-1546" name="IsMultipleSquaresWestWestOf_ReturnsTrue(4,2,4,5)" fullname="ChessWithTDD.Tests.SquareExtensionsTests.IsMultipleSquaresWestWestOf_ReturnsTrue(4,2,4,5)" methodname="IsMultipleSquaresWestWestOf_ReturnsTrue" classname="ChessWithTDD.Tests.SquareExtensionsTests" runstate="Runnable" seed="1059878036" result="Passed" start-time="2017-07-06 22:55:14Z" end-time="2017-07-06 22:55:14Z" duration="0.001024" asserts="1" />
            <test-case id="0-1547" name="IsMultipleSquaresWestWestOf_ReturnsTrue(6,0,6,6)" fullname="ChessWithTDD.Tests.SquareExtensionsTests.IsMultipleSquaresWestWestOf_ReturnsTrue(6,0,6,6)" methodname="IsMultipleSquaresWestWestOf_ReturnsTrue" classname="ChessWithTDD.Tests.SquareExtensionsTests" runstate="Runnable" seed="1340999741" result="Passed" start-time="2017-07-06 22:55:14Z" end-time="2017-07-06 22:55:14Z" duration="0.000540" asserts="1" />
          </test-suite>
          <test-suite type="ParameterizedMethod" id="0-1583" name="IsOneSquareDiagonallyAbove_ReturnsFalse" fullname="ChessWithTDD.Tests.SquareExtensionsTests.IsOneSquareDiagonallyAbove_ReturnsFalse" classname="ChessWithTDD.Tests.SquareExtensionsTests" runstate="Runnable" testcasecount="3" result="Passed" start-time="2017-07-06 22:55:14Z" end-time="2017-07-06 22:55:14Z" duration="0.010031" total="3" passed="3" failed="0" warnings="0" inconclusive="0" skipped="0" asserts="3">
            <test-case id="0-1580" name="IsOneSquareDiagonallyAbove_ReturnsFalse(4,4,2,2)" fullname="ChessWithTDD.Tests.SquareExtensionsTests.IsOneSquareDiagonallyAbove_ReturnsFalse(4,4,2,2)" methodname="IsOneSquareDiagonallyAbove_ReturnsFalse" classname="ChessWithTDD.Tests.SquareExtensionsTests" runstate="Runnable" seed="1455443007" result="Passed" start-time="2017-07-06 22:55:14Z" end-time="2017-07-06 22:55:14Z" duration="0.000680" asserts="1" />
            <test-case id="0-1581" name="IsOneSquareDiagonallyAbove_ReturnsFalse(3,2,2,2)" fullname="ChessWithTDD.Tests.SquareExtensionsTests.IsOneSquareDiagonallyAbove_ReturnsFalse(3,2,2,2)" methodname="IsOneSquareDiagonallyAbove_ReturnsFalse" classname="ChessWithTDD.Tests.SquareExtensionsTests" runstate="Runnable" seed="1539013821" result="Passed" start-time="2017-07-06 22:55:14Z" end-time="2017-07-06 22:55:14Z" duration="0.000542" asserts="1" />
            <test-case id="0-1582" name="IsOneSquareDiagonallyAbove_ReturnsFalse(4,5,4,6)" fullname="ChessWithTDD.Tests.SquareExtensionsTests.IsOneSquareDiagonallyAbove_ReturnsFalse(4,5,4,6)" methodname="IsOneSquareDiagonallyAbove_ReturnsFalse" classname="ChessWithTDD.Tests.SquareExtensionsTests" runstate="Runnable" seed="1282557227" result="Passed" start-time="2017-07-06 22:55:14Z" end-time="2017-07-06 22:55:14Z" duration="0.000433" asserts="1" />
          </test-suite>
          <test-suite type="ParameterizedMethod" id="0-1579" name="IsOneSquareDiagonallyAbove_ReturnsTrue" fullname="ChessWithTDD.Tests.SquareExtensionsTests.IsOneSquareDiagonallyAbove_ReturnsTrue" classname="ChessWithTDD.Tests.SquareExtensionsTests" runstate="Runnable" testcasecount="3" result="Passed" start-time="2017-07-06 22:55:14Z" end-time="2017-07-06 22:55:14Z" duration="0.011562" total="3" passed="3" failed="0" warnings="0" inconclusive="0" skipped="0" asserts="3">
            <test-case id="0-1576" name="IsOneSquareDiagonallyAbove_ReturnsTrue(3,3,2,2)" fullname="ChessWithTDD.Tests.SquareExtensionsTests.IsOneSquareDiagonallyAbove_ReturnsTrue(3,3,2,2)" methodname="IsOneSquareDiagonallyAbove_ReturnsTrue" classname="ChessWithTDD.Tests.SquareExtensionsTests" runstate="Runnable" seed="66821429" result="Passed" start-time="2017-07-06 22:55:14Z" end-time="2017-07-06 22:55:14Z" duration="0.000803" asserts="1" />
            <test-case id="0-1577" name="IsOneSquareDiagonallyAbove_ReturnsTrue(3,1,2,2)" fullname="ChessWithTDD.Tests.SquareExtensionsTests.IsOneSquareDiagonallyAbove_ReturnsTrue(3,1,2,2)" methodname="IsOneSquareDiagonallyAbove_ReturnsTrue" classname="ChessWithTDD.Tests.SquareExtensionsTests" runstate="Runnable" seed="2115467360" result="Passed" start-time="2017-07-06 22:55:14Z" end-time="2017-07-06 22:55:14Z" duration="0.000482" asserts="1" />
            <test-case id="0-1578" name="IsOneSquareDiagonallyAbove_ReturnsTrue(4,5,3,4)" fullname="ChessWithTDD.Tests.SquareExtensionsTests.IsOneSquareDiagonallyAbove_ReturnsTrue(4,5,3,4)" methodname="IsOneSquareDiagonallyAbove_ReturnsTrue" classname="ChessWithTDD.Tests.SquareExtensionsTests" runstate="Runnable" seed="927906261" result="Passed" start-time="2017-07-06 22:55:14Z" end-time="2017-07-06 22:55:14Z" duration="0.000675" asserts="1" />
          </test-suite>
          <test-suite type="ParameterizedMethod" id="0-1591" name="IsOneSquareDiagonallyBelow_ReturnsFalse" fullname="ChessWithTDD.Tests.SquareExtensionsTests.IsOneSquareDiagonallyBelow_ReturnsFalse" classname="ChessWithTDD.Tests.SquareExtensionsTests" runstate="Runnable" testcasecount="3" result="Passed" start-time="2017-07-06 22:55:14Z" end-time="2017-07-06 22:55:14Z" duration="0.011038" total="3" passed="3" failed="0" warnings="0" inconclusive="0" skipped="0" asserts="3">
            <test-case id="0-1588" name="IsOneSquareDiagonallyBelow_ReturnsFalse(0,0,2,2)" fullname="ChessWithTDD.Tests.SquareExtensionsTests.IsOneSquareDiagonallyBelow_ReturnsFalse(0,0,2,2)" methodname="IsOneSquareDiagonallyBelow_ReturnsFalse" classname="ChessWithTDD.Tests.SquareExtensionsTests" runstate="Runnable" seed="949780927" result="Passed" start-time="2017-07-06 22:55:14Z" end-time="2017-07-06 22:55:14Z" duration="0.000728" asserts="1" />
            <test-case id="0-1589" name="IsOneSquareDiagonallyBelow_ReturnsFalse(1,3,2,3)" fullname="ChessWithTDD.Tests.SquareExtensionsTests.IsOneSquareDiagonallyBelow_ReturnsFalse(1,3,2,3)" methodname="IsOneSquareDiagonallyBelow_ReturnsFalse" classname="ChessWithTDD.Tests.SquareExtensionsTests" runstate="Runnable" seed="1051230355" result="Passed" start-time="2017-07-06 22:55:14Z" end-time="2017-07-06 22:55:14Z" duration="0.000551" asserts="1" />
            <test-case id="0-1590" name="IsOneSquareDiagonallyBelow_ReturnsFalse(2,5,2,4)" fullname="ChessWithTDD.Tests.SquareExtensionsTests.IsOneSquareDiagonallyBelow_ReturnsFalse(2,5,2,4)" methodname="IsOneSquareDiagonallyBelow_ReturnsFalse" classname="ChessWithTDD.Tests.SquareExtensionsTests" runstate="Runnable" seed="133333076" result="Passed" start-time="2017-07-06 22:55:14Z" end-time="2017-07-06 22:55:14Z" duration="0.000480" asserts="1" />
          </test-suite>
          <test-suite type="ParameterizedMethod" id="0-1587" name="IsOneSquareDiagonallyBelow_ReturnsTrue" fullname="ChessWithTDD.Tests.SquareExtensionsTests.IsOneSquareDiagonallyBelow_ReturnsTrue" classname="ChessWithTDD.Tests.SquareExtensionsTests" runstate="Runnable" testcasecount="3" result="Passed" start-time="2017-07-06 22:55:14Z" end-time="2017-07-06 22:55:14Z" duration="0.012747" total="3" passed="3" failed="0" warnings="0" inconclusive="0" skipped="0" asserts="3">
            <test-case id="0-1584" name="IsOneSquareDiagonallyBelow_ReturnsTrue(1,1,2,2)" fullname="ChessWithTDD.Tests.SquareExtensionsTests.IsOneSquareDiagonallyBelow_ReturnsTrue(1,1,2,2)" methodname="IsOneSquareDiagonallyBelow_ReturnsTrue" classname="ChessWithTDD.Tests.SquareExtensionsTests" runstate="Runnable" seed="500724874" result="Passed" start-time="2017-07-06 22:55:14Z" end-time="2017-07-06 22:55:14Z" duration="0.000771" asserts="1" />
            <test-case id="0-1585" name="IsOneSquareDiagonallyBelow_ReturnsTrue(1,3,2,2)" fullname="ChessWithTDD.Tests.SquareExtensionsTests.IsOneSquareDiagonallyBelow_ReturnsTrue(1,3,2,2)" methodname="IsOneSquareDiagonallyBelow_ReturnsTrue" classname="ChessWithTDD.Tests.SquareExtensionsTests" runstate="Runnable" seed="331665418" result="Passed" start-time="2017-07-06 22:55:14Z" end-time="2017-07-06 22:55:14Z" duration="0.000535" asserts="1" />
            <test-case id="0-1586" name="IsOneSquareDiagonallyBelow_ReturnsTrue(2,5,3,4)" fullname="ChessWithTDD.Tests.SquareExtensionsTests.IsOneSquareDiagonallyBelow_ReturnsTrue(2,5,3,4)" methodname="IsOneSquareDiagonallyBelow_ReturnsTrue" classname="ChessWithTDD.Tests.SquareExtensionsTests" runstate="Runnable" seed="462260866" result="Passed" start-time="2017-07-06 22:55:14Z" end-time="2017-07-06 22:55:14Z" duration="0.000646" asserts="1" />
          </test-suite>
        </test-suite>
        <test-suite type="TestFixture" id="0-1656" name="SquareTests" fullname="ChessWithTDD.Tests.SquareTests" classname="ChessWithTDD.Tests.SquareTests" runstate="Runnable" testcasecount="3" result="Passed" start-time="2017-07-06 22:55:14Z" end-time="2017-07-06 22:55:14Z" duration="0.010482" total="3" passed="3" failed="0" warnings="0" inconclusive="0" skipped="0" asserts="4">
          <test-case id="0-1658" name="SquareContainsPieceAfterCallingAddPiece" fullname="ChessWithTDD.Tests.SquareTests.SquareContainsPieceAfterCallingAddPiece" methodname="SquareContainsPieceAfterCallingAddPiece" classname="ChessWithTDD.Tests.SquareTests" runstate="Runnable" seed="1603494148" result="Passed" start-time="2017-07-06 22:55:14Z" end-time="2017-07-06 22:55:14Z" duration="0.000377" asserts="1" />
          <test-case id="0-1657" name="SquareInitialisedHasNoPieceInIt" fullname="ChessWithTDD.Tests.SquareTests.SquareInitialisedHasNoPieceInIt" methodname="SquareInitialisedHasNoPieceInIt" classname="ChessWithTDD.Tests.SquareTests" runstate="Runnable" seed="922893790" result="Passed" start-time="2017-07-06 22:55:14Z" end-time="2017-07-06 22:55:14Z" duration="0.000233" asserts="1" />
          <test-case id="0-1659" name="SquareInitialisedWithRowAndColCorrectly" fullname="ChessWithTDD.Tests.SquareTests.SquareInitialisedWithRowAndColCorrectly" methodname="SquareInitialisedWithRowAndColCorrectly" classname="ChessWithTDD.Tests.SquareTests" runstate="Runnable" seed="1155280008" result="Passed" start-time="2017-07-06 22:55:14Z" end-time="2017-07-06 22:55:14Z" duration="0.000286" asserts="2" />
        </test-suite>
        <test-suite type="TestFixture" id="0-1520" name="StrictServiceLocatorTests" fullname="ChessWithTDD.Tests.StrictServiceLocatorTests" classname="ChessWithTDD.Tests.StrictServiceLocatorTests" runstate="Runnable" testcasecount="6" result="Passed" start-time="2017-07-06 22:55:14Z" end-time="2017-07-06 22:55:14Z" duration="0.024194" total="6" passed="6" failed="0" warnings="0" inconclusive="0" skipped="0" asserts="6">
          <test-case id="0-1521" name="BoardCacheServiceIsImplemented" fullname="ChessWithTDD.Tests.StrictServiceLocatorTests.BoardCacheServiceIsImplemented" methodname="BoardCacheServiceIsImplemented" classname="ChessWithTDD.Tests.StrictServiceLocatorTests" runstate="Runnable" seed="1777140251" result="Passed" start-time="2017-07-06 22:55:14Z" end-time="2017-07-06 22:55:14Z" duration="0.000475" asserts="1" />
          <test-case id="0-1522" name="BoardInitialiserServiceIsImplemented" fullname="ChessWithTDD.Tests.StrictServiceLocatorTests.BoardInitialiserServiceIsImplemented" methodname="BoardInitialiserServiceIsImplemented" classname="ChessWithTDD.Tests.StrictServiceLocatorTests" runstate="Runnable" seed="122625797" result="Passed" start-time="2017-07-06 22:55:14Z" end-time="2017-07-06 22:55:14Z" duration="0.000563" asserts="1" />
          <test-case id="0-1523" name="CheckManagerServiceIsImplemented" fullname="ChessWithTDD.Tests.StrictServiceLocatorTests.CheckManagerServiceIsImplemented" methodname="CheckManagerServiceIsImplemented" classname="ChessWithTDD.Tests.StrictServiceLocatorTests" runstate="Runnable" seed="1996706708" result="Passed" start-time="2017-07-06 22:55:14Z" end-time="2017-07-06 22:55:14Z" duration="0.000487" asserts="1" />
          <test-case id="0-1526" name="MoveExecuterServiceIsImplemented" fullname="ChessWithTDD.Tests.StrictServiceLocatorTests.MoveExecuterServiceIsImplemented" methodname="MoveExecuterServiceIsImplemented" classname="ChessWithTDD.Tests.StrictServiceLocatorTests" runstate="Runnable" seed="1135065570" result="Passed" start-time="2017-07-06 22:55:14Z" end-time="2017-07-06 22:55:14Z" duration="0.000463" asserts="1" />
          <test-case id="0-1524" name="MoveValidatorServiceIsImplemented" fullname="ChessWithTDD.Tests.StrictServiceLocatorTests.MoveValidatorServiceIsImplemented" methodname="MoveValidatorServiceIsImplemented" classname="ChessWithTDD.Tests.StrictServiceLocatorTests" runstate="Runnable" seed="1410969160" result="Passed" start-time="2017-07-06 22:55:14Z" end-time="2017-07-06 22:55:14Z" duration="0.000501" asserts="1" />
          <test-case id="0-1525" name="PawnManagerServiceIsImplemented" fullname="ChessWithTDD.Tests.StrictServiceLocatorTests.PawnManagerServiceIsImplemented" methodname="PawnManagerServiceIsImplemented" classname="ChessWithTDD.Tests.StrictServiceLocatorTests" runstate="Runnable" seed="1903200445" result="Passed" start-time="2017-07-06 22:55:14Z" end-time="2017-07-06 22:55:14Z" duration="0.000471" asserts="1" />
        </test-suite>
        <test-suite type="TestFixture" id="0-1660" name="WhitePawnTests" fullname="ChessWithTDD.Tests.WhitePawnTests" classname="ChessWithTDD.Tests.WhitePawnTests" runstate="Runnable" testcasecount="21" result="Passed" start-time="2017-07-06 22:55:14Z" end-time="2017-07-06 22:55:14Z" duration="0.120497" total="21" passed="21" failed="0" warnings="0" inconclusive="0" skipped="0" asserts="21">
          <test-suite type="ParameterizedMethod" id="0-1669" name="WhitePawnCanMoveDiagonallyUpTheBoardIfBlackPieceThere" fullname="ChessWithTDD.Tests.WhitePawnTests.WhitePawnCanMoveDiagonallyUpTheBoardIfBlackPieceThere" classname="ChessWithTDD.Tests.WhitePawnTests" runstate="Runnable" testcasecount="2" result="Passed" start-time="2017-07-06 22:55:14Z" end-time="2017-07-06 22:55:14Z" duration="0.008988" total="2" passed="2" failed="0" warnings="0" inconclusive="0" skipped="0" asserts="2">
            <test-case id="0-1667" name="WhitePawnCanMoveDiagonallyUpTheBoardIfBlackPieceThere(4,4,5,5)" fullname="ChessWithTDD.Tests.WhitePawnTests.WhitePawnCanMoveDiagonallyUpTheBoardIfBlackPieceThere(4,4,5,5)" methodname="WhitePawnCanMoveDiagonallyUpTheBoardIfBlackPieceThere" classname="ChessWithTDD.Tests.WhitePawnTests" runstate="Runnable" seed="1383999610" result="Passed" start-time="2017-07-06 22:55:14Z" end-time="2017-07-06 22:55:14Z" duration="0.001989" asserts="1" />
            <test-case id="0-1668" name="WhitePawnCanMoveDiagonallyUpTheBoardIfBlackPieceThere(4,4,5,3)" fullname="ChessWithTDD.Tests.WhitePawnTests.WhitePawnCanMoveDiagonallyUpTheBoardIfBlackPieceThere(4,4,5,3)" methodname="WhitePawnCanMoveDiagonallyUpTheBoardIfBlackPieceThere" classname="ChessWithTDD.Tests.WhitePawnTests" runstate="Runnable" seed="458978676" result="Passed" start-time="2017-07-06 22:55:14Z" end-time="2017-07-06 22:55:14Z" duration="0.000968" asserts="1" />
          </test-suite>
          <test-suite type="ParameterizedMethod" id="0-1675" name="WhitePawnCanMoveDiagonallyUpwardsToEmptySquareIfToSquareHasEnPassantMark" fullname="ChessWithTDD.Tests.WhitePawnTests.WhitePawnCanMoveDiagonallyUpwardsToEmptySquareIfToSquareHasEnPassantMark" classname="ChessWithTDD.Tests.WhitePawnTests" runstate="Runnable" testcasecount="2" result="Passed" start-time="2017-07-06 22:55:14Z" end-time="2017-07-06 22:55:14Z" duration="0.008539" total="2" passed="2" failed="0" warnings="0" inconclusive="0" skipped="0" asserts="2">
            <test-case id="0-1673" name="WhitePawnCanMoveDiagonallyUpwardsToEmptySquareIfToSquareHasEnPassantMark(4,4,5,5)" fullname="ChessWithTDD.Tests.WhitePawnTests.WhitePawnCanMoveDiagonallyUpwardsToEmptySquareIfToSquareHasEnPassantMark(4,4,5,5)" methodname="WhitePawnCanMoveDiagonallyUpwardsToEmptySquareIfToSquareHasEnPassantMark" classname="ChessWithTDD.Tests.WhitePawnTests" runstate="Runnable" seed="1455262345" result="Passed" start-time="2017-07-06 22:55:14Z" end-time="2017-07-06 22:55:14Z" duration="0.001233" asserts="1" />
            <test-case id="0-1674" name="WhitePawnCanMoveDiagonallyUpwardsToEmptySquareIfToSquareHasEnPassantMark(4,4,5,3)" fullname="ChessWithTDD.Tests.WhitePawnTests.WhitePawnCanMoveDiagonallyUpwardsToEmptySquareIfToSquareHasEnPassantMark(4,4,5,3)" methodname="WhitePawnCanMoveDiagonallyUpwardsToEmptySquareIfToSquareHasEnPassantMark" classname="ChessWithTDD.Tests.WhitePawnTests" runstate="Runnable" seed="419493766" result="Passed" start-time="2017-07-06 22:55:14Z" end-time="2017-07-06 22:55:14Z" duration="0.000949" asserts="1" />
          </test-suite>
          <test-suite type="ParameterizedMethod" id="0-1663" name="WhitePawnCanMoveOneVerticalPositionUpTheBoard" fullname="ChessWithTDD.Tests.WhitePawnTests.WhitePawnCanMoveOneVerticalPositionUpTheBoard" classname="ChessWithTDD.Tests.WhitePawnTests" runstate="Runnable" testcasecount="2" result="Passed" start-time="2017-07-06 22:55:14Z" end-time="2017-07-06 22:55:14Z" duration="0.009034" total="2" passed="2" failed="0" warnings="0" inconclusive="0" skipped="0" asserts="2">
            <test-case id="0-1661" name="WhitePawnCanMoveOneVerticalPositionUpTheBoard(5,2,6,2)" fullname="ChessWithTDD.Tests.WhitePawnTests.WhitePawnCanMoveOneVerticalPositionUpTheBoard(5,2,6,2)" methodname="WhitePawnCanMoveOneVerticalPositionUpTheBoard" classname="ChessWithTDD.Tests.WhitePawnTests" runstate="Runnable" seed="1622705872" result="Passed" start-time="2017-07-06 22:55:14Z" end-time="2017-07-06 22:55:14Z" duration="0.001088" asserts="1" />
            <test-case id="0-1662" name="WhitePawnCanMoveOneVerticalPositionUpTheBoard(3,3,4,3)" fullname="ChessWithTDD.Tests.WhitePawnTests.WhitePawnCanMoveOneVerticalPositionUpTheBoard(3,3,4,3)" methodname="WhitePawnCanMoveOneVerticalPositionUpTheBoard" classname="ChessWithTDD.Tests.WhitePawnTests" runstate="Runnable" seed="622043959" result="Passed" start-time="2017-07-06 22:55:14Z" end-time="2017-07-06 22:55:14Z" duration="0.000773" asserts="1" />
          </test-suite>
          <test-suite type="ParameterizedMethod" id="0-1681" name="WhitePawnCanMoveTwoVerticalSpacesUpTheBoardIfItHasNotMovedBefore" fullname="ChessWithTDD.Tests.WhitePawnTests.WhitePawnCanMoveTwoVerticalSpacesUpTheBoardIfItHasNotMovedBefore" classname="ChessWithTDD.Tests.WhitePawnTests" runstate="Runnable" testcasecount="2" result="Passed" start-time="2017-07-06 22:55:14Z" end-time="2017-07-06 22:55:14Z" duration="0.008500" total="2" passed="2" failed="0" warnings="0" inconclusive="0" skipped="0" asserts="2">
            <test-case id="0-1679" name="WhitePawnCanMoveTwoVerticalSpacesUpTheBoardIfItHasNotMovedBefore(4,4,6,4)" fullname="ChessWithTDD.Tests.WhitePawnTests.WhitePawnCanMoveTwoVerticalSpacesUpTheBoardIfItHasNotMovedBefore(4,4,6,4)" methodname="WhitePawnCanMoveTwoVerticalSpacesUpTheBoardIfItHasNotMovedBefore" classname="ChessWithTDD.Tests.WhitePawnTests" runstate="Runnable" seed="1046014799" result="Passed" start-time="2017-07-06 22:55:14Z" end-time="2017-07-06 22:55:14Z" duration="0.001867" asserts="1" />
            <test-case id="0-1680" name="WhitePawnCanMoveTwoVerticalSpacesUpTheBoardIfItHasNotMovedBefore(2,1,4,1)" fullname="ChessWithTDD.Tests.WhitePawnTests.WhitePawnCanMoveTwoVerticalSpacesUpTheBoardIfItHasNotMovedBefore(2,1,4,1)" methodname="WhitePawnCanMoveTwoVerticalSpacesUpTheBoardIfItHasNotMovedBefore" classname="ChessWithTDD.Tests.WhitePawnTests" runstate="Runnable" seed="938325469" result="Passed" start-time="2017-07-06 22:55:14Z" end-time="2017-07-06 22:55:14Z" duration="0.000931" asserts="1" />
          </test-suite>
          <test-suite type="ParameterizedMethod" id="0-1672" name="WhitePawnCannotMoveDiagonallyUpTheBoardIfNoPieceThere" fullname="ChessWithTDD.Tests.WhitePawnTests.WhitePawnCannotMoveDiagonallyUpTheBoardIfNoPieceThere" classname="ChessWithTDD.Tests.WhitePawnTests" runstate="Runnable" testcasecount="2" result="Passed" start-time="2017-07-06 22:55:14Z" end-time="2017-07-06 22:55:14Z" duration="0.007973" total="2" passed="2" failed="0" warnings="0" inconclusive="0" skipped="0" asserts="2">
            <test-case id="0-1670" name="WhitePawnCannotMoveDiagonallyUpTheBoardIfNoPieceThere(4,4,5,5)" fullname="ChessWithTDD.Tests.WhitePawnTests.WhitePawnCannotMoveDiagonallyUpTheBoardIfNoPieceThere(4,4,5,5)" methodname="WhitePawnCannotMoveDiagonallyUpTheBoardIfNoPieceThere" classname="ChessWithTDD.Tests.WhitePawnTests" runstate="Runnable" seed="1256091646" result="Passed" start-time="2017-07-06 22:55:14Z" end-time="2017-07-06 22:55:14Z" duration="0.001246" asserts="1" />
            <test-case id="0-1671" name="WhitePawnCannotMoveDiagonallyUpTheBoardIfNoPieceThere(4,4,5,3)" fullname="ChessWithTDD.Tests.WhitePawnTests.WhitePawnCannotMoveDiagonallyUpTheBoardIfNoPieceThere(4,4,5,3)" methodname="WhitePawnCannotMoveDiagonallyUpTheBoardIfNoPieceThere" classname="ChessWithTDD.Tests.WhitePawnTests" runstate="Runnable" seed="1693772266" result="Passed" start-time="2017-07-06 22:55:14Z" end-time="2017-07-06 22:55:14Z" duration="0.000843" asserts="1" />
          </test-suite>
          <test-suite type="ParameterizedMethod" id="0-1678" name="WhitePawnCannotMoveDiagonallyUpwardsToEmptySquareIfToSquareHasNoEnPassantMark" fullname="ChessWithTDD.Tests.WhitePawnTests.WhitePawnCannotMoveDiagonallyUpwardsToEmptySquareIfToSquareHasNoEnPassantMark" classname="ChessWithTDD.Tests.WhitePawnTests" runstate="Runnable" testcasecount="2" result="Passed" start-time="2017-07-06 22:55:14Z" end-time="2017-07-06 22:55:14Z" duration="0.008030" total="2" passed="2" failed="0" warnings="0" inconclusive="0" skipped="0" asserts="2">
            <test-case id="0-1676" name="WhitePawnCannotMoveDiagonallyUpwardsToEmptySquareIfToSquareHasNoEnPassantMark(4,4,5,5)" fullname="ChessWithTDD.Tests.WhitePawnTests.WhitePawnCannotMoveDiagonallyUpwardsToEmptySquareIfToSquareHasNoEnPassantMark(4,4,5,5)" methodname="WhitePawnCannotMoveDiagonallyUpwardsToEmptySquareIfToSquareHasNoEnPassantMark" classname="ChessWithTDD.Tests.WhitePawnTests" runstate="Runnable" seed="1281400907" result="Passed" start-time="2017-07-06 22:55:14Z" end-time="2017-07-06 22:55:14Z" duration="0.001324" asserts="1" />
            <test-case id="0-1677" name="WhitePawnCannotMoveDiagonallyUpwardsToEmptySquareIfToSquareHasNoEnPassantMark(4,4,5,3)" fullname="ChessWithTDD.Tests.WhitePawnTests.WhitePawnCannotMoveDiagonallyUpwardsToEmptySquareIfToSquareHasNoEnPassantMark(4,4,5,3)" methodname="WhitePawnCannotMoveDiagonallyUpwardsToEmptySquareIfToSquareHasNoEnPassantMark" classname="ChessWithTDD.Tests.WhitePawnTests" runstate="Runnable" seed="536017537" result="Passed" start-time="2017-07-06 22:55:14Z" end-time="2017-07-06 22:55:14Z" duration="0.000937" asserts="1" />
          </test-suite>
          <test-suite type="ParameterizedMethod" id="0-1690" name="WhitePawnCannotMoveOneHorizontalPositionAcrossTheBoard" fullname="ChessWithTDD.Tests.WhitePawnTests.WhitePawnCannotMoveOneHorizontalPositionAcrossTheBoard" classname="ChessWithTDD.Tests.WhitePawnTests" runstate="Runnable" testcasecount="2" result="Passed" start-time="2017-07-06 22:55:14Z" end-time="2017-07-06 22:55:14Z" duration="0.007565" total="2" passed="2" failed="0" warnings="0" inconclusive="0" skipped="0" asserts="2">
            <test-case id="0-1688" name="WhitePawnCannotMoveOneHorizontalPositionAcrossTheBoard(5,2,5,3)" fullname="ChessWithTDD.Tests.WhitePawnTests.WhitePawnCannotMoveOneHorizontalPositionAcrossTheBoard(5,2,5,3)" methodname="WhitePawnCannotMoveOneHorizontalPositionAcrossTheBoard" classname="ChessWithTDD.Tests.WhitePawnTests" runstate="Runnable" seed="1817924470" result="Passed" start-time="2017-07-06 22:55:14Z" end-time="2017-07-06 22:55:14Z" duration="0.001123" asserts="1" />
            <test-case id="0-1689" name="WhitePawnCannotMoveOneHorizontalPositionAcrossTheBoard(3,3,3,2)" fullname="ChessWithTDD.Tests.WhitePawnTests.WhitePawnCannotMoveOneHorizontalPositionAcrossTheBoard(3,3,3,2)" methodname="WhitePawnCannotMoveOneHorizontalPositionAcrossTheBoard" classname="ChessWithTDD.Tests.WhitePawnTests" runstate="Runnable" seed="1790132720" result="Passed" start-time="2017-07-06 22:55:14Z" end-time="2017-07-06 22:55:14Z" duration="0.000827" asserts="1" />
          </test-suite>
          <test-suite type="ParameterizedMethod" id="0-1692" name="WhitePawnCannotMoveOneVerticalPositionDownTheBoard" fullname="ChessWithTDD.Tests.WhitePawnTests.WhitePawnCannotMoveOneVerticalPositionDownTheBoard" classname="ChessWithTDD.Tests.WhitePawnTests" runstate="Runnable" testcasecount="1" result="Passed" start-time="2017-07-06 22:55:14Z" end-time="2017-07-06 22:55:14Z" duration="0.004524" total="1" passed="1" failed="0" warnings="0" inconclusive="0" skipped="0" asserts="1">
            <test-case id="0-1691" name="WhitePawnCannotMoveOneVerticalPositionDownTheBoard(1,1,0,1)" fullname="ChessWithTDD.Tests.WhitePawnTests.WhitePawnCannotMoveOneVerticalPositionDownTheBoard(1,1,0,1)" methodname="WhitePawnCannotMoveOneVerticalPositionDownTheBoard" classname="ChessWithTDD.Tests.WhitePawnTests" runstate="Runnable" seed="640662259" result="Passed" start-time="2017-07-06 22:55:14Z" end-time="2017-07-06 22:55:14Z" duration="0.001230" asserts="1" />
          </test-suite>
          <test-suite type="ParameterizedMethod" id="0-1666" name="WhitePawnCannotMoveOneVerticalPositionUpTheBoardIfBlackPieceThere" fullname="ChessWithTDD.Tests.WhitePawnTests.WhitePawnCannotMoveOneVerticalPositionUpTheBoardIfBlackPieceThere" classname="ChessWithTDD.Tests.WhitePawnTests" runstate="Runnable" testcasecount="2" result="Passed" start-time="2017-07-06 22:55:14Z" end-time="2017-07-06 22:55:14Z" duration="0.008013" total="2" passed="2" failed="0" warnings="0" inconclusive="0" skipped="0" asserts="2">
            <test-case id="0-1664" name="WhitePawnCannotMoveOneVerticalPositionUpTheBoardIfBlackPieceThere(5,2,6,2)" fullname="ChessWithTDD.Tests.WhitePawnTests.WhitePawnCannotMoveOneVerticalPositionUpTheBoardIfBlackPieceThere(5,2,6,2)" methodname="WhitePawnCannotMoveOneVerticalPositionUpTheBoardIfBlackPieceThere" classname="ChessWithTDD.Tests.WhitePawnTests" runstate="Runnable" seed="753428975" result="Passed" start-time="2017-07-06 22:55:14Z" end-time="2017-07-06 22:55:14Z" duration="0.001653" asserts="1" />
            <test-case id="0-1665" name="WhitePawnCannotMoveOneVerticalPositionUpTheBoardIfBlackPieceThere(3,3,4,3)" fullname="ChessWithTDD.Tests.WhitePawnTests.WhitePawnCannotMoveOneVerticalPositionUpTheBoardIfBlackPieceThere(3,3,4,3)" methodname="WhitePawnCannotMoveOneVerticalPositionUpTheBoardIfBlackPieceThere" classname="ChessWithTDD.Tests.WhitePawnTests" runstate="Runnable" seed="2064153516" result="Passed" start-time="2017-07-06 22:55:14Z" end-time="2017-07-06 22:55:14Z" duration="0.000898" asserts="1" />
          </test-suite>
          <test-suite type="ParameterizedMethod" id="0-1684" name="WhitePawnCannotMoveTwoVerticalSpacesUpTheBoardIfItHasMovedBefore" fullname="ChessWithTDD.Tests.WhitePawnTests.WhitePawnCannotMoveTwoVerticalSpacesUpTheBoardIfItHasMovedBefore" classname="ChessWithTDD.Tests.WhitePawnTests" runstate="Runnable" testcasecount="2" result="Passed" start-time="2017-07-06 22:55:14Z" end-time="2017-07-06 22:55:14Z" duration="0.008045" total="2" passed="2" failed="0" warnings="0" inconclusive="0" skipped="0" asserts="2">
            <test-case id="0-1682" name="WhitePawnCannotMoveTwoVerticalSpacesUpTheBoardIfItHasMovedBefore(4,4,6,4)" fullname="ChessWithTDD.Tests.WhitePawnTests.WhitePawnCannotMoveTwoVerticalSpacesUpTheBoardIfItHasMovedBefore(4,4,6,4)" methodname="WhitePawnCannotMoveTwoVerticalSpacesUpTheBoardIfItHasMovedBefore" classname="ChessWithTDD.Tests.WhitePawnTests" runstate="Runnable" seed="1694616591" result="Passed" start-time="2017-07-06 22:55:14Z" end-time="2017-07-06 22:55:14Z" duration="0.001208" asserts="1" />
            <test-case id="0-1683" name="WhitePawnCannotMoveTwoVerticalSpacesUpTheBoardIfItHasMovedBefore(2,1,4,1)" fullname="ChessWithTDD.Tests.WhitePawnTests.WhitePawnCannotMoveTwoVerticalSpacesUpTheBoardIfItHasMovedBefore(2,1,4,1)" methodname="WhitePawnCannotMoveTwoVerticalSpacesUpTheBoardIfItHasMovedBefore" classname="ChessWithTDD.Tests.WhitePawnTests" runstate="Runnable" seed="416101972" result="Passed" start-time="2017-07-06 22:55:14Z" end-time="2017-07-06 22:55:14Z" duration="0.000840" asserts="1" />
          </test-suite>
          <test-suite type="ParameterizedMethod" id="0-1687" name="WhitePawnCannotMoveTwoVerticalSpacesUpTheBoardIfItHasNotMovedButToSquareContainsAPiece" fullname="ChessWithTDD.Tests.WhitePawnTests.WhitePawnCannotMoveTwoVerticalSpacesUpTheBoardIfItHasNotMovedButToSquareContainsAPiece" classname="ChessWithTDD.Tests.WhitePawnTests" runstate="Runnable" testcasecount="2" result="Passed" start-time="2017-07-06 22:55:14Z" end-time="2017-07-06 22:55:14Z" duration="0.007553" total="2" passed="2" failed="0" warnings="0" inconclusive="0" skipped="0" asserts="2">
            <test-case id="0-1685" name="WhitePawnCannotMoveTwoVerticalSpacesUpTheBoardIfItHasNotMovedButToSquareContainsAPiece(4,4,6,4)" fullname="ChessWithTDD.Tests.WhitePawnTests.WhitePawnCannotMoveTwoVerticalSpacesUpTheBoardIfItHasNotMovedButToSquareContainsAPiece(4,4,6,4)" methodname="WhitePawnCannotMoveTwoVerticalSpacesUpTheBoardIfItHasNotMovedButToSquareContainsAPiece" classname="ChessWithTDD.Tests.WhitePawnTests" runstate="Runnable" seed="418335820" result="Passed" start-time="2017-07-06 22:55:14Z" end-time="2017-07-06 22:55:14Z" duration="0.001235" asserts="1" />
            <test-case id="0-1686" name="WhitePawnCannotMoveTwoVerticalSpacesUpTheBoardIfItHasNotMovedButToSquareContainsAPiece(2,1,4,1)" fullname="ChessWithTDD.Tests.WhitePawnTests.WhitePawnCannotMoveTwoVerticalSpacesUpTheBoardIfItHasNotMovedButToSquareContainsAPiece(2,1,4,1)" methodname="WhitePawnCannotMoveTwoVerticalSpacesUpTheBoardIfItHasNotMovedButToSquareContainsAPiece" classname="ChessWithTDD.Tests.WhitePawnTests" runstate="Runnable" seed="1943281325" result="Passed" start-time="2017-07-06 22:55:14Z" end-time="2017-07-06 22:55:14Z" duration="0.000846" asserts="1" />
          </test-suite>
        </test-suite>
      </test-suite>
    </test-suite>
  </test-suite>
</test-run>