<?xml version="1.0" encoding="utf-8" standalone="no"?>
<test-run id="2" testcasecount="782" result="Passed" total="782" passed="782" failed="0" inconclusive="0" skipped="0" asserts="920" engine-version="3.6.1.0" clr-version="4.0.30319.42000" start-time="2017-08-03 22:14:24Z" end-time="2017-08-03 22:14:32Z" duration="8.010349">
  <command-line><![CDATA["C:\Programming\GithubRepos\chess-with-tdd\ChessWithTDD\UnitTestingMetrics\..\..\packages\NUnit.ConsoleRunner.3.6.1\tools\nunit3-console.exe" C:\Programming\GithubRepos\chess-with-tdd\ChessWithTDD\UnitTestingMetrics\..\bin\Debug\ChessWithTDD.dll --work=C:\Programming\GithubRepos\chess-with-tdd\ChessWithTDD\UnitTestingMetrics\.\NUnitResults]]></command-line>
  <test-suite type="Assembly" id="0-1982" name="ChessWithTDD.dll" fullname="C:\Programming\GithubRepos\chess-with-tdd\ChessWithTDD\bin\Debug\ChessWithTDD.dll" runstate="Runnable" testcasecount="782" result="Passed" start-time="2017-08-03 22:14:26Z" end-time="2017-08-03 22:14:31Z" duration="5.178335" total="782" passed="782" failed="0" warnings="0" inconclusive="0" skipped="0" asserts="920">
    <environment framework-version="3.6.0.0" clr-version="4.0.30319.42000" os-version="Microsoft Windows NT 10.0.14393.0" platform="Win32NT" cwd="C:\Programming\GithubRepos\chess-with-tdd\ChessWithTDD\UnitTestingMetrics" machine-name="DESKTOP-KCJFP9V" user="dantb" user-domain="DESKTOP-KCJFP9V" culture="en-GB" uiculture="en-GB" os-architecture="x64" />
    <settings>
      <setting name="DisposeRunners" value="True" />
      <setting name="WorkDirectory" value="C:\Programming\GithubRepos\chess-with-tdd\ChessWithTDD\UnitTestingMetrics\.\NUnitResults" />
      <setting name="ImageRuntimeVersion" value="4.0.30319" />
      <setting name="ImageTargetFrameworkName" value=".NETFramework,Version=v4.5.2" />
      <setting name="ImageRequiresX86" value="False" />
      <setting name="ImageRequiresDefaultAppDomainAssemblyResolver" value="False" />
      <setting name="NumberOfTestWorkers" value="8" />
    </settings>
    <properties>
      <property name="_PID" value="59684" />
      <property name="_APPDOMAIN" value="domain-" />
    </properties>
    <test-suite type="TestSuite" id="0-1983" name="ChessWithTDD" fullname="ChessWithTDD" runstate="Runnable" testcasecount="782" result="Passed" start-time="2017-08-03 22:14:26Z" end-time="2017-08-03 22:14:31Z" duration="5.165032" total="782" passed="782" failed="0" warnings="0" inconclusive="0" skipped="0" asserts="920">
      <test-suite type="TestSuite" id="0-1984" name="Tests" fullname="ChessWithTDD.Tests" runstate="Runnable" testcasecount="782" result="Passed" start-time="2017-08-03 22:14:26Z" end-time="2017-08-03 22:14:31Z" duration="5.162057" total="782" passed="782" failed="0" warnings="0" inconclusive="0" skipped="0" asserts="920">
        <test-suite type="TestFixture" id="0-1281" name="AlgebraicNotationGeneratorTests" fullname="ChessWithTDD.Tests.AlgebraicNotationGeneratorTests" classname="ChessWithTDD.Tests.AlgebraicNotationGeneratorTests" runstate="Runnable" testcasecount="112" result="Passed" start-time="2017-08-03 22:14:26Z" end-time="2017-08-03 22:14:26Z" duration="0.438127" total="112" passed="112" failed="0" warnings="0" inconclusive="0" skipped="0" asserts="112">
          <test-suite type="ParameterizedMethod" id="0-1382" name="NonPawnMoveTestCaptureAndSquaresForConstantCheckAndMateAsFalse" fullname="ChessWithTDD.Tests.AlgebraicNotationGeneratorTests.NonPawnMoveTestCaptureAndSquaresForConstantCheckAndMateAsFalse" classname="ChessWithTDD.Tests.AlgebraicNotationGeneratorTests" runstate="Runnable" testcasecount="40" result="Passed" start-time="2017-08-03 22:14:26Z" end-time="2017-08-03 22:14:26Z" duration="0.177530" total="40" passed="40" failed="0" warnings="0" inconclusive="0" skipped="0" asserts="40">
            <test-case id="0-1342" name="NonPawnMoveTestCaptureAndSquaresForConstantCheckAndMateAsFalse(&quot;Ka2-a4&quot;,ChessWithTDD.Move,False,ChessWithTDD.King)" fullname="ChessWithTDD.Tests.AlgebraicNotationGeneratorTests.NonPawnMoveTestCaptureAndSquaresForConstantCheckAndMateAsFalse(&quot;Ka2-a4&quot;,ChessWithTDD.Move,False,ChessWithTDD.King)" methodname="NonPawnMoveTestCaptureAndSquaresForConstantCheckAndMateAsFalse" classname="ChessWithTDD.Tests.AlgebraicNotationGeneratorTests" runstate="Runnable" seed="179781108" result="Passed" start-time="2017-08-03 22:14:26Z" end-time="2017-08-03 22:14:26Z" duration="0.035663" asserts="1" />
            <test-case id="0-1343" name="NonPawnMoveTestCaptureAndSquaresForConstantCheckAndMateAsFalse(&quot;Kb2-b4&quot;,ChessWithTDD.Move,False,ChessWithTDD.King)" fullname="ChessWithTDD.Tests.AlgebraicNotationGeneratorTests.NonPawnMoveTestCaptureAndSquaresForConstantCheckAndMateAsFalse(&quot;Kb2-b4&quot;,ChessWithTDD.Move,False,ChessWithTDD.King)" methodname="NonPawnMoveTestCaptureAndSquaresForConstantCheckAndMateAsFalse" classname="ChessWithTDD.Tests.AlgebraicNotationGeneratorTests" runstate="Runnable" seed="1862938963" result="Passed" start-time="2017-08-03 22:14:26Z" end-time="2017-08-03 22:14:26Z" duration="0.000126" asserts="1" />
            <test-case id="0-1344" name="NonPawnMoveTestCaptureAndSquaresForConstantCheckAndMateAsFalse(&quot;Kc2-c4&quot;,ChessWithTDD.Move,False,ChessWithTDD.King)" fullname="ChessWithTDD.Tests.AlgebraicNotationGeneratorTests.NonPawnMoveTestCaptureAndSquaresForConstantCheckAndMateAsFalse(&quot;Kc2-c4&quot;,ChessWithTDD.Move,False,ChessWithTDD.King)" methodname="NonPawnMoveTestCaptureAndSquaresForConstantCheckAndMateAsFalse" classname="ChessWithTDD.Tests.AlgebraicNotationGeneratorTests" runstate="Runnable" seed="501152888" result="Passed" start-time="2017-08-03 22:14:26Z" end-time="2017-08-03 22:14:26Z" duration="0.000080" asserts="1" />
            <test-case id="0-1345" name="NonPawnMoveTestCaptureAndSquaresForConstantCheckAndMateAsFalse(&quot;Kd2-d4&quot;,ChessWithTDD.Move,False,ChessWithTDD.King)" fullname="ChessWithTDD.Tests.AlgebraicNotationGeneratorTests.NonPawnMoveTestCaptureAndSquaresForConstantCheckAndMateAsFalse(&quot;Kd2-d4&quot;,ChessWithTDD.Move,False,ChessWithTDD.King)" methodname="NonPawnMoveTestCaptureAndSquaresForConstantCheckAndMateAsFalse" classname="ChessWithTDD.Tests.AlgebraicNotationGeneratorTests" runstate="Runnable" seed="1217493481" result="Passed" start-time="2017-08-03 22:14:26Z" end-time="2017-08-03 22:14:26Z" duration="0.000089" asserts="1" />
            <test-case id="0-1346" name="NonPawnMoveTestCaptureAndSquaresForConstantCheckAndMateAsFalse(&quot;Ke2xe4&quot;,ChessWithTDD.Move,True,ChessWithTDD.King)" fullname="ChessWithTDD.Tests.AlgebraicNotationGeneratorTests.NonPawnMoveTestCaptureAndSquaresForConstantCheckAndMateAsFalse(&quot;Ke2xe4&quot;,ChessWithTDD.Move,True,ChessWithTDD.King)" methodname="NonPawnMoveTestCaptureAndSquaresForConstantCheckAndMateAsFalse" classname="ChessWithTDD.Tests.AlgebraicNotationGeneratorTests" runstate="Runnable" seed="1848153969" result="Passed" start-time="2017-08-03 22:14:26Z" end-time="2017-08-03 22:14:26Z" duration="0.000079" asserts="1" />
            <test-case id="0-1347" name="NonPawnMoveTestCaptureAndSquaresForConstantCheckAndMateAsFalse(&quot;Kf2xf4&quot;,ChessWithTDD.Move,True,ChessWithTDD.King)" fullname="ChessWithTDD.Tests.AlgebraicNotationGeneratorTests.NonPawnMoveTestCaptureAndSquaresForConstantCheckAndMateAsFalse(&quot;Kf2xf4&quot;,ChessWithTDD.Move,True,ChessWithTDD.King)" methodname="NonPawnMoveTestCaptureAndSquaresForConstantCheckAndMateAsFalse" classname="ChessWithTDD.Tests.AlgebraicNotationGeneratorTests" runstate="Runnable" seed="798406512" result="Passed" start-time="2017-08-03 22:14:26Z" end-time="2017-08-03 22:14:26Z" duration="0.000086" asserts="1" />
            <test-case id="0-1348" name="NonPawnMoveTestCaptureAndSquaresForConstantCheckAndMateAsFalse(&quot;Kg2xg4&quot;,ChessWithTDD.Move,True,ChessWithTDD.King)" fullname="ChessWithTDD.Tests.AlgebraicNotationGeneratorTests.NonPawnMoveTestCaptureAndSquaresForConstantCheckAndMateAsFalse(&quot;Kg2xg4&quot;,ChessWithTDD.Move,True,ChessWithTDD.King)" methodname="NonPawnMoveTestCaptureAndSquaresForConstantCheckAndMateAsFalse" classname="ChessWithTDD.Tests.AlgebraicNotationGeneratorTests" runstate="Runnable" seed="949485738" result="Passed" start-time="2017-08-03 22:14:26Z" end-time="2017-08-03 22:14:26Z" duration="0.000083" asserts="1" />
            <test-case id="0-1349" name="NonPawnMoveTestCaptureAndSquaresForConstantCheckAndMateAsFalse(&quot;Kh2xh4&quot;,ChessWithTDD.Move,True,ChessWithTDD.King)" fullname="ChessWithTDD.Tests.AlgebraicNotationGeneratorTests.NonPawnMoveTestCaptureAndSquaresForConstantCheckAndMateAsFalse(&quot;Kh2xh4&quot;,ChessWithTDD.Move,True,ChessWithTDD.King)" methodname="NonPawnMoveTestCaptureAndSquaresForConstantCheckAndMateAsFalse" classname="ChessWithTDD.Tests.AlgebraicNotationGeneratorTests" runstate="Runnable" seed="177373221" result="Passed" start-time="2017-08-03 22:14:26Z" end-time="2017-08-03 22:14:26Z" duration="0.000111" asserts="1" />
            <test-case id="0-1350" name="NonPawnMoveTestCaptureAndSquaresForConstantCheckAndMateAsFalse(&quot;Qa7-a5&quot;,ChessWithTDD.Move,False,ChessWithTDD.Queen)" fullname="ChessWithTDD.Tests.AlgebraicNotationGeneratorTests.NonPawnMoveTestCaptureAndSquaresForConstantCheckAndMateAsFalse(&quot;Qa7-a5&quot;,ChessWithTDD.Move,False,ChessWithTDD.Queen)" methodname="NonPawnMoveTestCaptureAndSquaresForConstantCheckAndMateAsFalse" classname="ChessWithTDD.Tests.AlgebraicNotationGeneratorTests" runstate="Runnable" seed="875601697" result="Passed" start-time="2017-08-03 22:14:26Z" end-time="2017-08-03 22:14:26Z" duration="0.000076" asserts="1" />
            <test-case id="0-1351" name="NonPawnMoveTestCaptureAndSquaresForConstantCheckAndMateAsFalse(&quot;Qb7-b5&quot;,ChessWithTDD.Move,False,ChessWithTDD.Queen)" fullname="ChessWithTDD.Tests.AlgebraicNotationGeneratorTests.NonPawnMoveTestCaptureAndSquaresForConstantCheckAndMateAsFalse(&quot;Qb7-b5&quot;,ChessWithTDD.Move,False,ChessWithTDD.Queen)" methodname="NonPawnMoveTestCaptureAndSquaresForConstantCheckAndMateAsFalse" classname="ChessWithTDD.Tests.AlgebraicNotationGeneratorTests" runstate="Runnable" seed="98883041" result="Passed" start-time="2017-08-03 22:14:26Z" end-time="2017-08-03 22:14:26Z" duration="0.000077" asserts="1" />
            <test-case id="0-1352" name="NonPawnMoveTestCaptureAndSquaresForConstantCheckAndMateAsFalse(&quot;Qc7-c5&quot;,ChessWithTDD.Move,False,ChessWithTDD.Queen)" fullname="ChessWithTDD.Tests.AlgebraicNotationGeneratorTests.NonPawnMoveTestCaptureAndSquaresForConstantCheckAndMateAsFalse(&quot;Qc7-c5&quot;,ChessWithTDD.Move,False,ChessWithTDD.Queen)" methodname="NonPawnMoveTestCaptureAndSquaresForConstantCheckAndMateAsFalse" classname="ChessWithTDD.Tests.AlgebraicNotationGeneratorTests" runstate="Runnable" seed="1699318273" result="Passed" start-time="2017-08-03 22:14:26Z" end-time="2017-08-03 22:14:26Z" duration="0.000079" asserts="1" />
            <test-case id="0-1353" name="NonPawnMoveTestCaptureAndSquaresForConstantCheckAndMateAsFalse(&quot;Qd7-d5&quot;,ChessWithTDD.Move,False,ChessWithTDD.Queen)" fullname="ChessWithTDD.Tests.AlgebraicNotationGeneratorTests.NonPawnMoveTestCaptureAndSquaresForConstantCheckAndMateAsFalse(&quot;Qd7-d5&quot;,ChessWithTDD.Move,False,ChessWithTDD.Queen)" methodname="NonPawnMoveTestCaptureAndSquaresForConstantCheckAndMateAsFalse" classname="ChessWithTDD.Tests.AlgebraicNotationGeneratorTests" runstate="Runnable" seed="1674334839" result="Passed" start-time="2017-08-03 22:14:26Z" end-time="2017-08-03 22:14:26Z" duration="0.000102" asserts="1" />
            <test-case id="0-1354" name="NonPawnMoveTestCaptureAndSquaresForConstantCheckAndMateAsFalse(&quot;Qe7xe5&quot;,ChessWithTDD.Move,True,ChessWithTDD.Queen)" fullname="ChessWithTDD.Tests.AlgebraicNotationGeneratorTests.NonPawnMoveTestCaptureAndSquaresForConstantCheckAndMateAsFalse(&quot;Qe7xe5&quot;,ChessWithTDD.Move,True,ChessWithTDD.Queen)" methodname="NonPawnMoveTestCaptureAndSquaresForConstantCheckAndMateAsFalse" classname="ChessWithTDD.Tests.AlgebraicNotationGeneratorTests" runstate="Runnable" seed="1463992090" result="Passed" start-time="2017-08-03 22:14:26Z" end-time="2017-08-03 22:14:26Z" duration="0.000083" asserts="1" />
            <test-case id="0-1355" name="NonPawnMoveTestCaptureAndSquaresForConstantCheckAndMateAsFalse(&quot;Qf7xf5&quot;,ChessWithTDD.Move,True,ChessWithTDD.Queen)" fullname="ChessWithTDD.Tests.AlgebraicNotationGeneratorTests.NonPawnMoveTestCaptureAndSquaresForConstantCheckAndMateAsFalse(&quot;Qf7xf5&quot;,ChessWithTDD.Move,True,ChessWithTDD.Queen)" methodname="NonPawnMoveTestCaptureAndSquaresForConstantCheckAndMateAsFalse" classname="ChessWithTDD.Tests.AlgebraicNotationGeneratorTests" runstate="Runnable" seed="1066641308" result="Passed" start-time="2017-08-03 22:14:26Z" end-time="2017-08-03 22:14:26Z" duration="0.000083" asserts="1" />
            <test-case id="0-1356" name="NonPawnMoveTestCaptureAndSquaresForConstantCheckAndMateAsFalse(&quot;Qg7xg5&quot;,ChessWithTDD.Move,True,ChessWithTDD.Queen)" fullname="ChessWithTDD.Tests.AlgebraicNotationGeneratorTests.NonPawnMoveTestCaptureAndSquaresForConstantCheckAndMateAsFalse(&quot;Qg7xg5&quot;,ChessWithTDD.Move,True,ChessWithTDD.Queen)" methodname="NonPawnMoveTestCaptureAndSquaresForConstantCheckAndMateAsFalse" classname="ChessWithTDD.Tests.AlgebraicNotationGeneratorTests" runstate="Runnable" seed="566393920" result="Passed" start-time="2017-08-03 22:14:26Z" end-time="2017-08-03 22:14:26Z" duration="0.000109" asserts="1" />
            <test-case id="0-1357" name="NonPawnMoveTestCaptureAndSquaresForConstantCheckAndMateAsFalse(&quot;Qh7xh5&quot;,ChessWithTDD.Move,True,ChessWithTDD.Queen)" fullname="ChessWithTDD.Tests.AlgebraicNotationGeneratorTests.NonPawnMoveTestCaptureAndSquaresForConstantCheckAndMateAsFalse(&quot;Qh7xh5&quot;,ChessWithTDD.Move,True,ChessWithTDD.Queen)" methodname="NonPawnMoveTestCaptureAndSquaresForConstantCheckAndMateAsFalse" classname="ChessWithTDD.Tests.AlgebraicNotationGeneratorTests" runstate="Runnable" seed="1511193247" result="Passed" start-time="2017-08-03 22:14:26Z" end-time="2017-08-03 22:14:26Z" duration="0.000089" asserts="1" />
            <test-case id="0-1358" name="NonPawnMoveTestCaptureAndSquaresForConstantCheckAndMateAsFalse(&quot;Ra2-a3&quot;,ChessWithTDD.Move,False,ChessWithTDD.Rook)" fullname="ChessWithTDD.Tests.AlgebraicNotationGeneratorTests.NonPawnMoveTestCaptureAndSquaresForConstantCheckAndMateAsFalse(&quot;Ra2-a3&quot;,ChessWithTDD.Move,False,ChessWithTDD.Rook)" methodname="NonPawnMoveTestCaptureAndSquaresForConstantCheckAndMateAsFalse" classname="ChessWithTDD.Tests.AlgebraicNotationGeneratorTests" runstate="Runnable" seed="2020627279" result="Passed" start-time="2017-08-03 22:14:26Z" end-time="2017-08-03 22:14:26Z" duration="0.000078" asserts="1" />
            <test-case id="0-1359" name="NonPawnMoveTestCaptureAndSquaresForConstantCheckAndMateAsFalse(&quot;Rb2-b3&quot;,ChessWithTDD.Move,False,ChessWithTDD.Rook)" fullname="ChessWithTDD.Tests.AlgebraicNotationGeneratorTests.NonPawnMoveTestCaptureAndSquaresForConstantCheckAndMateAsFalse(&quot;Rb2-b3&quot;,ChessWithTDD.Move,False,ChessWithTDD.Rook)" methodname="NonPawnMoveTestCaptureAndSquaresForConstantCheckAndMateAsFalse" classname="ChessWithTDD.Tests.AlgebraicNotationGeneratorTests" runstate="Runnable" seed="1148374512" result="Passed" start-time="2017-08-03 22:14:26Z" end-time="2017-08-03 22:14:26Z" duration="0.000111" asserts="1" />
            <test-case id="0-1360" name="NonPawnMoveTestCaptureAndSquaresForConstantCheckAndMateAsFalse(&quot;Rc2-c3&quot;,ChessWithTDD.Move,False,ChessWithTDD.Rook)" fullname="ChessWithTDD.Tests.AlgebraicNotationGeneratorTests.NonPawnMoveTestCaptureAndSquaresForConstantCheckAndMateAsFalse(&quot;Rc2-c3&quot;,ChessWithTDD.Move,False,ChessWithTDD.Rook)" methodname="NonPawnMoveTestCaptureAndSquaresForConstantCheckAndMateAsFalse" classname="ChessWithTDD.Tests.AlgebraicNotationGeneratorTests" runstate="Runnable" seed="1166030968" result="Passed" start-time="2017-08-03 22:14:26Z" end-time="2017-08-03 22:14:26Z" duration="0.000081" asserts="1" />
            <test-case id="0-1361" name="NonPawnMoveTestCaptureAndSquaresForConstantCheckAndMateAsFalse(&quot;Rd2-d3&quot;,ChessWithTDD.Move,False,ChessWithTDD.Rook)" fullname="ChessWithTDD.Tests.AlgebraicNotationGeneratorTests.NonPawnMoveTestCaptureAndSquaresForConstantCheckAndMateAsFalse(&quot;Rd2-d3&quot;,ChessWithTDD.Move,False,ChessWithTDD.Rook)" methodname="NonPawnMoveTestCaptureAndSquaresForConstantCheckAndMateAsFalse" classname="ChessWithTDD.Tests.AlgebraicNotationGeneratorTests" runstate="Runnable" seed="1878230697" result="Passed" start-time="2017-08-03 22:14:26Z" end-time="2017-08-03 22:14:26Z" duration="0.000083" asserts="1" />
            <test-case id="0-1362" name="NonPawnMoveTestCaptureAndSquaresForConstantCheckAndMateAsFalse(&quot;Re2xe3&quot;,ChessWithTDD.Move,True,ChessWithTDD.Rook)" fullname="ChessWithTDD.Tests.AlgebraicNotationGeneratorTests.NonPawnMoveTestCaptureAndSquaresForConstantCheckAndMateAsFalse(&quot;Re2xe3&quot;,ChessWithTDD.Move,True,ChessWithTDD.Rook)" methodname="NonPawnMoveTestCaptureAndSquaresForConstantCheckAndMateAsFalse" classname="ChessWithTDD.Tests.AlgebraicNotationGeneratorTests" runstate="Runnable" seed="1580537649" result="Passed" start-time="2017-08-03 22:14:26Z" end-time="2017-08-03 22:14:26Z" duration="0.000110" asserts="1" />
            <test-case id="0-1363" name="NonPawnMoveTestCaptureAndSquaresForConstantCheckAndMateAsFalse(&quot;Rf2xf3&quot;,ChessWithTDD.Move,True,ChessWithTDD.Rook)" fullname="ChessWithTDD.Tests.AlgebraicNotationGeneratorTests.NonPawnMoveTestCaptureAndSquaresForConstantCheckAndMateAsFalse(&quot;Rf2xf3&quot;,ChessWithTDD.Move,True,ChessWithTDD.Rook)" methodname="NonPawnMoveTestCaptureAndSquaresForConstantCheckAndMateAsFalse" classname="ChessWithTDD.Tests.AlgebraicNotationGeneratorTests" runstate="Runnable" seed="708717027" result="Passed" start-time="2017-08-03 22:14:26Z" end-time="2017-08-03 22:14:26Z" duration="0.000092" asserts="1" />
            <test-case id="0-1364" name="NonPawnMoveTestCaptureAndSquaresForConstantCheckAndMateAsFalse(&quot;Rg2xg3&quot;,ChessWithTDD.Move,True,ChessWithTDD.Rook)" fullname="ChessWithTDD.Tests.AlgebraicNotationGeneratorTests.NonPawnMoveTestCaptureAndSquaresForConstantCheckAndMateAsFalse(&quot;Rg2xg3&quot;,ChessWithTDD.Move,True,ChessWithTDD.Rook)" methodname="NonPawnMoveTestCaptureAndSquaresForConstantCheckAndMateAsFalse" classname="ChessWithTDD.Tests.AlgebraicNotationGeneratorTests" runstate="Runnable" seed="547678441" result="Passed" start-time="2017-08-03 22:14:26Z" end-time="2017-08-03 22:14:26Z" duration="0.000089" asserts="1" />
            <test-case id="0-1365" name="NonPawnMoveTestCaptureAndSquaresForConstantCheckAndMateAsFalse(&quot;Rh2xh3&quot;,ChessWithTDD.Move,True,ChessWithTDD.Rook)" fullname="ChessWithTDD.Tests.AlgebraicNotationGeneratorTests.NonPawnMoveTestCaptureAndSquaresForConstantCheckAndMateAsFalse(&quot;Rh2xh3&quot;,ChessWithTDD.Move,True,ChessWithTDD.Rook)" methodname="NonPawnMoveTestCaptureAndSquaresForConstantCheckAndMateAsFalse" classname="ChessWithTDD.Tests.AlgebraicNotationGeneratorTests" runstate="Runnable" seed="1587237983" result="Passed" start-time="2017-08-03 22:14:26Z" end-time="2017-08-03 22:14:26Z" duration="0.000079" asserts="1" />
            <test-case id="0-1366" name="NonPawnMoveTestCaptureAndSquaresForConstantCheckAndMateAsFalse(&quot;Ba7-a6&quot;,ChessWithTDD.Move,False,ChessWithTDD.Bishop)" fullname="ChessWithTDD.Tests.AlgebraicNotationGeneratorTests.NonPawnMoveTestCaptureAndSquaresForConstantCheckAndMateAsFalse(&quot;Ba7-a6&quot;,ChessWithTDD.Move,False,ChessWithTDD.Bishop)" methodname="NonPawnMoveTestCaptureAndSquaresForConstantCheckAndMateAsFalse" classname="ChessWithTDD.Tests.AlgebraicNotationGeneratorTests" runstate="Runnable" seed="215401818" result="Passed" start-time="2017-08-03 22:14:26Z" end-time="2017-08-03 22:14:26Z" duration="0.000080" asserts="1" />
            <test-case id="0-1367" name="NonPawnMoveTestCaptureAndSquaresForConstantCheckAndMateAsFalse(&quot;Bb7-b6&quot;,ChessWithTDD.Move,False,ChessWithTDD.Bishop)" fullname="ChessWithTDD.Tests.AlgebraicNotationGeneratorTests.NonPawnMoveTestCaptureAndSquaresForConstantCheckAndMateAsFalse(&quot;Bb7-b6&quot;,ChessWithTDD.Move,False,ChessWithTDD.Bishop)" methodname="NonPawnMoveTestCaptureAndSquaresForConstantCheckAndMateAsFalse" classname="ChessWithTDD.Tests.AlgebraicNotationGeneratorTests" runstate="Runnable" seed="910522104" result="Passed" start-time="2017-08-03 22:14:26Z" end-time="2017-08-03 22:14:26Z" duration="0.000079" asserts="1" />
            <test-case id="0-1368" name="NonPawnMoveTestCaptureAndSquaresForConstantCheckAndMateAsFalse(&quot;Bc7-c6&quot;,ChessWithTDD.Move,False,ChessWithTDD.Bishop)" fullname="ChessWithTDD.Tests.AlgebraicNotationGeneratorTests.NonPawnMoveTestCaptureAndSquaresForConstantCheckAndMateAsFalse(&quot;Bc7-c6&quot;,ChessWithTDD.Move,False,ChessWithTDD.Bishop)" methodname="NonPawnMoveTestCaptureAndSquaresForConstantCheckAndMateAsFalse" classname="ChessWithTDD.Tests.AlgebraicNotationGeneratorTests" runstate="Runnable" seed="1678440828" result="Passed" start-time="2017-08-03 22:14:26Z" end-time="2017-08-03 22:14:26Z" duration="0.000082" asserts="1" />
            <test-case id="0-1369" name="NonPawnMoveTestCaptureAndSquaresForConstantCheckAndMateAsFalse(&quot;Bd7-d6&quot;,ChessWithTDD.Move,False,ChessWithTDD.Bishop)" fullname="ChessWithTDD.Tests.AlgebraicNotationGeneratorTests.NonPawnMoveTestCaptureAndSquaresForConstantCheckAndMateAsFalse(&quot;Bd7-d6&quot;,ChessWithTDD.Move,False,ChessWithTDD.Bishop)" methodname="NonPawnMoveTestCaptureAndSquaresForConstantCheckAndMateAsFalse" classname="ChessWithTDD.Tests.AlgebraicNotationGeneratorTests" runstate="Runnable" seed="2064820782" result="Passed" start-time="2017-08-03 22:14:26Z" end-time="2017-08-03 22:14:26Z" duration="0.000084" asserts="1" />
            <test-case id="0-1370" name="NonPawnMoveTestCaptureAndSquaresForConstantCheckAndMateAsFalse(&quot;Be7xe6&quot;,ChessWithTDD.Move,True,ChessWithTDD.Bishop)" fullname="ChessWithTDD.Tests.AlgebraicNotationGeneratorTests.NonPawnMoveTestCaptureAndSquaresForConstantCheckAndMateAsFalse(&quot;Be7xe6&quot;,ChessWithTDD.Move,True,ChessWithTDD.Bishop)" methodname="NonPawnMoveTestCaptureAndSquaresForConstantCheckAndMateAsFalse" classname="ChessWithTDD.Tests.AlgebraicNotationGeneratorTests" runstate="Runnable" seed="1063818869" result="Passed" start-time="2017-08-03 22:14:26Z" end-time="2017-08-03 22:14:26Z" duration="0.000128" asserts="1" />
            <test-case id="0-1371" name="NonPawnMoveTestCaptureAndSquaresForConstantCheckAndMateAsFalse(&quot;Bf7xf6&quot;,ChessWithTDD.Move,True,ChessWithTDD.Bishop)" fullname="ChessWithTDD.Tests.AlgebraicNotationGeneratorTests.NonPawnMoveTestCaptureAndSquaresForConstantCheckAndMateAsFalse(&quot;Bf7xf6&quot;,ChessWithTDD.Move,True,ChessWithTDD.Bishop)" methodname="NonPawnMoveTestCaptureAndSquaresForConstantCheckAndMateAsFalse" classname="ChessWithTDD.Tests.AlgebraicNotationGeneratorTests" runstate="Runnable" seed="199424680" result="Passed" start-time="2017-08-03 22:14:26Z" end-time="2017-08-03 22:14:26Z" duration="0.000150" asserts="1" />
            <test-case id="0-1372" name="NonPawnMoveTestCaptureAndSquaresForConstantCheckAndMateAsFalse(&quot;Bg7xg6&quot;,ChessWithTDD.Move,True,ChessWithTDD.Bishop)" fullname="ChessWithTDD.Tests.AlgebraicNotationGeneratorTests.NonPawnMoveTestCaptureAndSquaresForConstantCheckAndMateAsFalse(&quot;Bg7xg6&quot;,ChessWithTDD.Move,True,ChessWithTDD.Bishop)" methodname="NonPawnMoveTestCaptureAndSquaresForConstantCheckAndMateAsFalse" classname="ChessWithTDD.Tests.AlgebraicNotationGeneratorTests" runstate="Runnable" seed="265755755" result="Passed" start-time="2017-08-03 22:14:26Z" end-time="2017-08-03 22:14:26Z" duration="0.000089" asserts="1" />
            <test-case id="0-1373" name="NonPawnMoveTestCaptureAndSquaresForConstantCheckAndMateAsFalse(&quot;Bh7xh6&quot;,ChessWithTDD.Move,True,ChessWithTDD.Bishop)" fullname="ChessWithTDD.Tests.AlgebraicNotationGeneratorTests.NonPawnMoveTestCaptureAndSquaresForConstantCheckAndMateAsFalse(&quot;Bh7xh6&quot;,ChessWithTDD.Move,True,ChessWithTDD.Bishop)" methodname="NonPawnMoveTestCaptureAndSquaresForConstantCheckAndMateAsFalse" classname="ChessWithTDD.Tests.AlgebraicNotationGeneratorTests" runstate="Runnable" seed="977675748" result="Passed" start-time="2017-08-03 22:14:26Z" end-time="2017-08-03 22:14:26Z" duration="0.000090" asserts="1" />
            <test-case id="0-1374" name="NonPawnMoveTestCaptureAndSquaresForConstantCheckAndMateAsFalse(&quot;Na2-b3&quot;,ChessWithTDD.Move,False,ChessWithTDD.Knight)" fullname="ChessWithTDD.Tests.AlgebraicNotationGeneratorTests.NonPawnMoveTestCaptureAndSquaresForConstantCheckAndMateAsFalse(&quot;Na2-b3&quot;,ChessWithTDD.Move,False,ChessWithTDD.Knight)" methodname="NonPawnMoveTestCaptureAndSquaresForConstantCheckAndMateAsFalse" classname="ChessWithTDD.Tests.AlgebraicNotationGeneratorTests" runstate="Runnable" seed="836165681" result="Passed" start-time="2017-08-03 22:14:26Z" end-time="2017-08-03 22:14:26Z" duration="0.000083" asserts="1" />
            <test-case id="0-1375" name="NonPawnMoveTestCaptureAndSquaresForConstantCheckAndMateAsFalse(&quot;Nb2-c3&quot;,ChessWithTDD.Move,False,ChessWithTDD.Knight)" fullname="ChessWithTDD.Tests.AlgebraicNotationGeneratorTests.NonPawnMoveTestCaptureAndSquaresForConstantCheckAndMateAsFalse(&quot;Nb2-c3&quot;,ChessWithTDD.Move,False,ChessWithTDD.Knight)" methodname="NonPawnMoveTestCaptureAndSquaresForConstantCheckAndMateAsFalse" classname="ChessWithTDD.Tests.AlgebraicNotationGeneratorTests" runstate="Runnable" seed="614194688" result="Passed" start-time="2017-08-03 22:14:26Z" end-time="2017-08-03 22:14:26Z" duration="0.000122" asserts="1" />
            <test-case id="0-1376" name="NonPawnMoveTestCaptureAndSquaresForConstantCheckAndMateAsFalse(&quot;Nc2-d3&quot;,ChessWithTDD.Move,False,ChessWithTDD.Knight)" fullname="ChessWithTDD.Tests.AlgebraicNotationGeneratorTests.NonPawnMoveTestCaptureAndSquaresForConstantCheckAndMateAsFalse(&quot;Nc2-d3&quot;,ChessWithTDD.Move,False,ChessWithTDD.Knight)" methodname="NonPawnMoveTestCaptureAndSquaresForConstantCheckAndMateAsFalse" classname="ChessWithTDD.Tests.AlgebraicNotationGeneratorTests" runstate="Runnable" seed="1387009765" result="Passed" start-time="2017-08-03 22:14:26Z" end-time="2017-08-03 22:14:26Z" duration="0.000080" asserts="1" />
            <test-case id="0-1377" name="NonPawnMoveTestCaptureAndSquaresForConstantCheckAndMateAsFalse(&quot;Nd2-e3&quot;,ChessWithTDD.Move,False,ChessWithTDD.Knight)" fullname="ChessWithTDD.Tests.AlgebraicNotationGeneratorTests.NonPawnMoveTestCaptureAndSquaresForConstantCheckAndMateAsFalse(&quot;Nd2-e3&quot;,ChessWithTDD.Move,False,ChessWithTDD.Knight)" methodname="NonPawnMoveTestCaptureAndSquaresForConstantCheckAndMateAsFalse" classname="ChessWithTDD.Tests.AlgebraicNotationGeneratorTests" runstate="Runnable" seed="988294046" result="Passed" start-time="2017-08-03 22:14:26Z" end-time="2017-08-03 22:14:26Z" duration="0.000094" asserts="1" />
            <test-case id="0-1378" name="NonPawnMoveTestCaptureAndSquaresForConstantCheckAndMateAsFalse(&quot;Ne2xf3&quot;,ChessWithTDD.Move,True,ChessWithTDD.Knight)" fullname="ChessWithTDD.Tests.AlgebraicNotationGeneratorTests.NonPawnMoveTestCaptureAndSquaresForConstantCheckAndMateAsFalse(&quot;Ne2xf3&quot;,ChessWithTDD.Move,True,ChessWithTDD.Knight)" methodname="NonPawnMoveTestCaptureAndSquaresForConstantCheckAndMateAsFalse" classname="ChessWithTDD.Tests.AlgebraicNotationGeneratorTests" runstate="Runnable" seed="2028307518" result="Passed" start-time="2017-08-03 22:14:26Z" end-time="2017-08-03 22:14:26Z" duration="0.000105" asserts="1" />
            <test-case id="0-1379" name="NonPawnMoveTestCaptureAndSquaresForConstantCheckAndMateAsFalse(&quot;Nf2xg3&quot;,ChessWithTDD.Move,True,ChessWithTDD.Knight)" fullname="ChessWithTDD.Tests.AlgebraicNotationGeneratorTests.NonPawnMoveTestCaptureAndSquaresForConstantCheckAndMateAsFalse(&quot;Nf2xg3&quot;,ChessWithTDD.Move,True,ChessWithTDD.Knight)" methodname="NonPawnMoveTestCaptureAndSquaresForConstantCheckAndMateAsFalse" classname="ChessWithTDD.Tests.AlgebraicNotationGeneratorTests" runstate="Runnable" seed="165514374" result="Passed" start-time="2017-08-03 22:14:26Z" end-time="2017-08-03 22:14:26Z" duration="0.000086" asserts="1" />
            <test-case id="0-1380" name="NonPawnMoveTestCaptureAndSquaresForConstantCheckAndMateAsFalse(&quot;Ng2xh3&quot;,ChessWithTDD.Move,True,ChessWithTDD.Knight)" fullname="ChessWithTDD.Tests.AlgebraicNotationGeneratorTests.NonPawnMoveTestCaptureAndSquaresForConstantCheckAndMateAsFalse(&quot;Ng2xh3&quot;,ChessWithTDD.Move,True,ChessWithTDD.Knight)" methodname="NonPawnMoveTestCaptureAndSquaresForConstantCheckAndMateAsFalse" classname="ChessWithTDD.Tests.AlgebraicNotationGeneratorTests" runstate="Runnable" seed="320001599" result="Passed" start-time="2017-08-03 22:14:26Z" end-time="2017-08-03 22:14:26Z" duration="0.000089" asserts="1" />
            <test-case id="0-1381" name="NonPawnMoveTestCaptureAndSquaresForConstantCheckAndMateAsFalse(&quot;Nh2xg3&quot;,ChessWithTDD.Move,True,ChessWithTDD.Knight)" fullname="ChessWithTDD.Tests.AlgebraicNotationGeneratorTests.NonPawnMoveTestCaptureAndSquaresForConstantCheckAndMateAsFalse(&quot;Nh2xg3&quot;,ChessWithTDD.Move,True,ChessWithTDD.Knight)" methodname="NonPawnMoveTestCaptureAndSquaresForConstantCheckAndMateAsFalse" classname="ChessWithTDD.Tests.AlgebraicNotationGeneratorTests" runstate="Runnable" seed="408351595" result="Passed" start-time="2017-08-03 22:14:26Z" end-time="2017-08-03 22:14:26Z" duration="0.000201" asserts="1" />
          </test-suite>
          <test-suite type="ParameterizedMethod" id="0-1398" name="NonPawnMoveTestCheckAndMateForConstantCaptureAsFalse" fullname="ChessWithTDD.Tests.AlgebraicNotationGeneratorTests.NonPawnMoveTestCheckAndMateForConstantCaptureAsFalse" classname="ChessWithTDD.Tests.AlgebraicNotationGeneratorTests" runstate="Runnable" testcasecount="6" result="Passed" start-time="2017-08-03 22:14:26Z" end-time="2017-08-03 22:14:26Z" duration="0.019526" total="6" passed="6" failed="0" warnings="0" inconclusive="0" skipped="0" asserts="6">
            <test-case id="0-1392" name="NonPawnMoveTestCheckAndMateForConstantCaptureAsFalse(&quot;Ka2-b3&quot;,ChessWithTDD.Move,False,False,ChessWithTDD.King)" fullname="ChessWithTDD.Tests.AlgebraicNotationGeneratorTests.NonPawnMoveTestCheckAndMateForConstantCaptureAsFalse(&quot;Ka2-b3&quot;,ChessWithTDD.Move,False,False,ChessWithTDD.King)" methodname="NonPawnMoveTestCheckAndMateForConstantCaptureAsFalse" classname="ChessWithTDD.Tests.AlgebraicNotationGeneratorTests" runstate="Runnable" seed="301941917" result="Passed" start-time="2017-08-03 22:14:26Z" end-time="2017-08-03 22:14:26Z" duration="0.000341" asserts="1" />
            <test-case id="0-1393" name="NonPawnMoveTestCheckAndMateForConstantCaptureAsFalse(&quot;Qb2-c3&quot;,ChessWithTDD.Move,False,False,ChessWithTDD.Queen)" fullname="ChessWithTDD.Tests.AlgebraicNotationGeneratorTests.NonPawnMoveTestCheckAndMateForConstantCaptureAsFalse(&quot;Qb2-c3&quot;,ChessWithTDD.Move,False,False,ChessWithTDD.Queen)" methodname="NonPawnMoveTestCheckAndMateForConstantCaptureAsFalse" classname="ChessWithTDD.Tests.AlgebraicNotationGeneratorTests" runstate="Runnable" seed="2064364734" result="Passed" start-time="2017-08-03 22:14:26Z" end-time="2017-08-03 22:14:26Z" duration="0.000154" asserts="1" />
            <test-case id="0-1394" name="NonPawnMoveTestCheckAndMateForConstantCaptureAsFalse(&quot;Rc2-d3+&quot;,ChessWithTDD.Move,True,False,ChessWithTDD.Rook)" fullname="ChessWithTDD.Tests.AlgebraicNotationGeneratorTests.NonPawnMoveTestCheckAndMateForConstantCaptureAsFalse(&quot;Rc2-d3+&quot;,ChessWithTDD.Move,True,False,ChessWithTDD.Rook)" methodname="NonPawnMoveTestCheckAndMateForConstantCaptureAsFalse" classname="ChessWithTDD.Tests.AlgebraicNotationGeneratorTests" runstate="Runnable" seed="1061336094" result="Passed" start-time="2017-08-03 22:14:26Z" end-time="2017-08-03 22:14:26Z" duration="0.000102" asserts="1" />
            <test-case id="0-1395" name="NonPawnMoveTestCheckAndMateForConstantCaptureAsFalse(&quot;Nd2-e3+&quot;,ChessWithTDD.Move,True,False,ChessWithTDD.Knight)" fullname="ChessWithTDD.Tests.AlgebraicNotationGeneratorTests.NonPawnMoveTestCheckAndMateForConstantCaptureAsFalse(&quot;Nd2-e3+&quot;,ChessWithTDD.Move,True,False,ChessWithTDD.Knight)" methodname="NonPawnMoveTestCheckAndMateForConstantCaptureAsFalse" classname="ChessWithTDD.Tests.AlgebraicNotationGeneratorTests" runstate="Runnable" seed="1512294014" result="Passed" start-time="2017-08-03 22:14:26Z" end-time="2017-08-03 22:14:26Z" duration="0.000082" asserts="1" />
            <test-case id="0-1396" name="NonPawnMoveTestCheckAndMateForConstantCaptureAsFalse(&quot;Be2-f3#&quot;,ChessWithTDD.Move,True,True,ChessWithTDD.Bishop)" fullname="ChessWithTDD.Tests.AlgebraicNotationGeneratorTests.NonPawnMoveTestCheckAndMateForConstantCaptureAsFalse(&quot;Be2-f3#&quot;,ChessWithTDD.Move,True,True,ChessWithTDD.Bishop)" methodname="NonPawnMoveTestCheckAndMateForConstantCaptureAsFalse" classname="ChessWithTDD.Tests.AlgebraicNotationGeneratorTests" runstate="Runnable" seed="420768225" result="Passed" start-time="2017-08-03 22:14:26Z" end-time="2017-08-03 22:14:26Z" duration="0.000149" asserts="1" />
            <test-case id="0-1397" name="NonPawnMoveTestCheckAndMateForConstantCaptureAsFalse(&quot;Kf2-g3#&quot;,ChessWithTDD.Move,True,True,ChessWithTDD.King)" fullname="ChessWithTDD.Tests.AlgebraicNotationGeneratorTests.NonPawnMoveTestCheckAndMateForConstantCaptureAsFalse(&quot;Kf2-g3#&quot;,ChessWithTDD.Move,True,True,ChessWithTDD.King)" methodname="NonPawnMoveTestCheckAndMateForConstantCaptureAsFalse" classname="ChessWithTDD.Tests.AlgebraicNotationGeneratorTests" runstate="Runnable" seed="2002340083" result="Passed" start-time="2017-08-03 22:14:26Z" end-time="2017-08-03 22:14:26Z" duration="0.000091" asserts="1" />
          </test-suite>
          <test-suite type="ParameterizedMethod" id="0-1401" name="NonPawnMoveTestInvalidCheckAndMate" fullname="ChessWithTDD.Tests.AlgebraicNotationGeneratorTests.NonPawnMoveTestInvalidCheckAndMate" classname="ChessWithTDD.Tests.AlgebraicNotationGeneratorTests" runstate="Runnable" testcasecount="2" result="Passed" start-time="2017-08-03 22:14:26Z" end-time="2017-08-03 22:14:26Z" duration="0.006518" total="2" passed="2" failed="0" warnings="0" inconclusive="0" skipped="0" asserts="2">
            <test-case id="0-1399" name="NonPawnMoveTestInvalidCheckAndMate(&quot;&quot;,ChessWithTDD.Move,False,True,ChessWithTDD.Queen)" fullname="ChessWithTDD.Tests.AlgebraicNotationGeneratorTests.NonPawnMoveTestInvalidCheckAndMate(&quot;&quot;,ChessWithTDD.Move,False,True,ChessWithTDD.Queen)" methodname="NonPawnMoveTestInvalidCheckAndMate" classname="ChessWithTDD.Tests.AlgebraicNotationGeneratorTests" runstate="Runnable" seed="555480394" result="Passed" start-time="2017-08-03 22:14:26Z" end-time="2017-08-03 22:14:26Z" duration="0.000587" asserts="1" />
            <test-case id="0-1400" name="NonPawnMoveTestInvalidCheckAndMate(&quot;&quot;,ChessWithTDD.Move,False,True,ChessWithTDD.Queen)" fullname="ChessWithTDD.Tests.AlgebraicNotationGeneratorTests.NonPawnMoveTestInvalidCheckAndMate(&quot;&quot;,ChessWithTDD.Move,False,True,ChessWithTDD.Queen)" methodname="NonPawnMoveTestInvalidCheckAndMate" classname="ChessWithTDD.Tests.AlgebraicNotationGeneratorTests" runstate="Runnable" seed="900423870" result="Passed" start-time="2017-08-03 22:14:26Z" end-time="2017-08-03 22:14:26Z" duration="0.000164" asserts="1" />
          </test-suite>
          <test-suite type="ParameterizedMethod" id="0-1391" name="NonPawnMoveTestInvalidMove" fullname="ChessWithTDD.Tests.AlgebraicNotationGeneratorTests.NonPawnMoveTestInvalidMove" classname="ChessWithTDD.Tests.AlgebraicNotationGeneratorTests" runstate="Runnable" testcasecount="8" result="Passed" start-time="2017-08-03 22:14:26Z" end-time="2017-08-03 22:14:26Z" duration="0.025629" total="8" passed="8" failed="0" warnings="0" inconclusive="0" skipped="0" asserts="8">
            <test-case id="0-1383" name="NonPawnMoveTestInvalidMove(&quot;&quot;,ChessWithTDD.Move,False,ChessWithTDD.King)" fullname="ChessWithTDD.Tests.AlgebraicNotationGeneratorTests.NonPawnMoveTestInvalidMove(&quot;&quot;,ChessWithTDD.Move,False,ChessWithTDD.King)" methodname="NonPawnMoveTestInvalidMove" classname="ChessWithTDD.Tests.AlgebraicNotationGeneratorTests" runstate="Runnable" seed="449440939" result="Passed" start-time="2017-08-03 22:14:26Z" end-time="2017-08-03 22:14:26Z" duration="0.000596" asserts="1" />
            <test-case id="0-1384" name="NonPawnMoveTestInvalidMove(&quot;&quot;,ChessWithTDD.Move,True,ChessWithTDD.King)" fullname="ChessWithTDD.Tests.AlgebraicNotationGeneratorTests.NonPawnMoveTestInvalidMove(&quot;&quot;,ChessWithTDD.Move,True,ChessWithTDD.King)" methodname="NonPawnMoveTestInvalidMove" classname="ChessWithTDD.Tests.AlgebraicNotationGeneratorTests" runstate="Runnable" seed="435723032" result="Passed" start-time="2017-08-03 22:14:26Z" end-time="2017-08-03 22:14:26Z" duration="0.000169" asserts="1" />
            <test-case id="0-1385" name="NonPawnMoveTestInvalidMove(&quot;&quot;,ChessWithTDD.Move,False,ChessWithTDD.King)" fullname="ChessWithTDD.Tests.AlgebraicNotationGeneratorTests.NonPawnMoveTestInvalidMove(&quot;&quot;,ChessWithTDD.Move,False,ChessWithTDD.King)" methodname="NonPawnMoveTestInvalidMove" classname="ChessWithTDD.Tests.AlgebraicNotationGeneratorTests" runstate="Runnable" seed="578555840" result="Passed" start-time="2017-08-03 22:14:26Z" end-time="2017-08-03 22:14:26Z" duration="0.000156" asserts="1" />
            <test-case id="0-1386" name="NonPawnMoveTestInvalidMove(&quot;&quot;,ChessWithTDD.Move,True,ChessWithTDD.King)" fullname="ChessWithTDD.Tests.AlgebraicNotationGeneratorTests.NonPawnMoveTestInvalidMove(&quot;&quot;,ChessWithTDD.Move,True,ChessWithTDD.King)" methodname="NonPawnMoveTestInvalidMove" classname="ChessWithTDD.Tests.AlgebraicNotationGeneratorTests" runstate="Runnable" seed="479576778" result="Passed" start-time="2017-08-03 22:14:26Z" end-time="2017-08-03 22:14:26Z" duration="0.000154" asserts="1" />
            <test-case id="0-1387" name="NonPawnMoveTestInvalidMove(&quot;&quot;,ChessWithTDD.Move,False,ChessWithTDD.King)" fullname="ChessWithTDD.Tests.AlgebraicNotationGeneratorTests.NonPawnMoveTestInvalidMove(&quot;&quot;,ChessWithTDD.Move,False,ChessWithTDD.King)" methodname="NonPawnMoveTestInvalidMove" classname="ChessWithTDD.Tests.AlgebraicNotationGeneratorTests" runstate="Runnable" seed="119608144" result="Passed" start-time="2017-08-03 22:14:26Z" end-time="2017-08-03 22:14:26Z" duration="0.000159" asserts="1" />
            <test-case id="0-1388" name="NonPawnMoveTestInvalidMove(&quot;&quot;,ChessWithTDD.Move,True,ChessWithTDD.King)" fullname="ChessWithTDD.Tests.AlgebraicNotationGeneratorTests.NonPawnMoveTestInvalidMove(&quot;&quot;,ChessWithTDD.Move,True,ChessWithTDD.King)" methodname="NonPawnMoveTestInvalidMove" classname="ChessWithTDD.Tests.AlgebraicNotationGeneratorTests" runstate="Runnable" seed="1396002035" result="Passed" start-time="2017-08-03 22:14:26Z" end-time="2017-08-03 22:14:26Z" duration="0.000154" asserts="1" />
            <test-case id="0-1389" name="NonPawnMoveTestInvalidMove(&quot;&quot;,ChessWithTDD.Move,False,ChessWithTDD.King)" fullname="ChessWithTDD.Tests.AlgebraicNotationGeneratorTests.NonPawnMoveTestInvalidMove(&quot;&quot;,ChessWithTDD.Move,False,ChessWithTDD.King)" methodname="NonPawnMoveTestInvalidMove" classname="ChessWithTDD.Tests.AlgebraicNotationGeneratorTests" runstate="Runnable" seed="1245429032" result="Passed" start-time="2017-08-03 22:14:26Z" end-time="2017-08-03 22:14:26Z" duration="0.000091" asserts="1" />
            <test-case id="0-1390" name="NonPawnMoveTestInvalidMove(&quot;&quot;,ChessWithTDD.Move,True,ChessWithTDD.King)" fullname="ChessWithTDD.Tests.AlgebraicNotationGeneratorTests.NonPawnMoveTestInvalidMove(&quot;&quot;,ChessWithTDD.Move,True,ChessWithTDD.King)" methodname="NonPawnMoveTestInvalidMove" classname="ChessWithTDD.Tests.AlgebraicNotationGeneratorTests" runstate="Runnable" seed="1627025944" result="Passed" start-time="2017-08-03 22:14:26Z" end-time="2017-08-03 22:14:26Z" duration="0.000101" asserts="1" />
          </test-suite>
          <test-suite type="ParameterizedMethod" id="0-1322" name="PawnMoveTestCaptureAndSquaresForConstantCheckAndMateAsFalse" fullname="ChessWithTDD.Tests.AlgebraicNotationGeneratorTests.PawnMoveTestCaptureAndSquaresForConstantCheckAndMateAsFalse" classname="ChessWithTDD.Tests.AlgebraicNotationGeneratorTests" runstate="Runnable" testcasecount="40" result="Passed" start-time="2017-08-03 22:14:26Z" end-time="2017-08-03 22:14:26Z" duration="0.130522" total="40" passed="40" failed="0" warnings="0" inconclusive="0" skipped="0" asserts="40">
            <test-case id="0-1282" name="PawnMoveTestCaptureAndSquaresForConstantCheckAndMateAsFalse(&quot;a2-a4&quot;,ChessWithTDD.Move,False)" fullname="ChessWithTDD.Tests.AlgebraicNotationGeneratorTests.PawnMoveTestCaptureAndSquaresForConstantCheckAndMateAsFalse(&quot;a2-a4&quot;,ChessWithTDD.Move,False)" methodname="PawnMoveTestCaptureAndSquaresForConstantCheckAndMateAsFalse" classname="ChessWithTDD.Tests.AlgebraicNotationGeneratorTests" runstate="Runnable" seed="2072224961" result="Passed" start-time="2017-08-03 22:14:26Z" end-time="2017-08-03 22:14:26Z" duration="0.001028" asserts="1" />
            <test-case id="0-1283" name="PawnMoveTestCaptureAndSquaresForConstantCheckAndMateAsFalse(&quot;b2-b4&quot;,ChessWithTDD.Move,False)" fullname="ChessWithTDD.Tests.AlgebraicNotationGeneratorTests.PawnMoveTestCaptureAndSquaresForConstantCheckAndMateAsFalse(&quot;b2-b4&quot;,ChessWithTDD.Move,False)" methodname="PawnMoveTestCaptureAndSquaresForConstantCheckAndMateAsFalse" classname="ChessWithTDD.Tests.AlgebraicNotationGeneratorTests" runstate="Runnable" seed="484066452" result="Passed" start-time="2017-08-03 22:14:26Z" end-time="2017-08-03 22:14:26Z" duration="0.000112" asserts="1" />
            <test-case id="0-1284" name="PawnMoveTestCaptureAndSquaresForConstantCheckAndMateAsFalse(&quot;c2-c4&quot;,ChessWithTDD.Move,False)" fullname="ChessWithTDD.Tests.AlgebraicNotationGeneratorTests.PawnMoveTestCaptureAndSquaresForConstantCheckAndMateAsFalse(&quot;c2-c4&quot;,ChessWithTDD.Move,False)" methodname="PawnMoveTestCaptureAndSquaresForConstantCheckAndMateAsFalse" classname="ChessWithTDD.Tests.AlgebraicNotationGeneratorTests" runstate="Runnable" seed="299524092" result="Passed" start-time="2017-08-03 22:14:26Z" end-time="2017-08-03 22:14:26Z" duration="0.000102" asserts="1" />
            <test-case id="0-1285" name="PawnMoveTestCaptureAndSquaresForConstantCheckAndMateAsFalse(&quot;d2-d4&quot;,ChessWithTDD.Move,False)" fullname="ChessWithTDD.Tests.AlgebraicNotationGeneratorTests.PawnMoveTestCaptureAndSquaresForConstantCheckAndMateAsFalse(&quot;d2-d4&quot;,ChessWithTDD.Move,False)" methodname="PawnMoveTestCaptureAndSquaresForConstantCheckAndMateAsFalse" classname="ChessWithTDD.Tests.AlgebraicNotationGeneratorTests" runstate="Runnable" seed="1216498242" result="Passed" start-time="2017-08-03 22:14:26Z" end-time="2017-08-03 22:14:26Z" duration="0.000107" asserts="1" />
            <test-case id="0-1286" name="PawnMoveTestCaptureAndSquaresForConstantCheckAndMateAsFalse(&quot;e2-e4&quot;,ChessWithTDD.Move,False)" fullname="ChessWithTDD.Tests.AlgebraicNotationGeneratorTests.PawnMoveTestCaptureAndSquaresForConstantCheckAndMateAsFalse(&quot;e2-e4&quot;,ChessWithTDD.Move,False)" methodname="PawnMoveTestCaptureAndSquaresForConstantCheckAndMateAsFalse" classname="ChessWithTDD.Tests.AlgebraicNotationGeneratorTests" runstate="Runnable" seed="1846088198" result="Passed" start-time="2017-08-03 22:14:26Z" end-time="2017-08-03 22:14:26Z" duration="0.000128" asserts="1" />
            <test-case id="0-1287" name="PawnMoveTestCaptureAndSquaresForConstantCheckAndMateAsFalse(&quot;f2-f4&quot;,ChessWithTDD.Move,False)" fullname="ChessWithTDD.Tests.AlgebraicNotationGeneratorTests.PawnMoveTestCaptureAndSquaresForConstantCheckAndMateAsFalse(&quot;f2-f4&quot;,ChessWithTDD.Move,False)" methodname="PawnMoveTestCaptureAndSquaresForConstantCheckAndMateAsFalse" classname="ChessWithTDD.Tests.AlgebraicNotationGeneratorTests" runstate="Runnable" seed="1110777674" result="Passed" start-time="2017-08-03 22:14:26Z" end-time="2017-08-03 22:14:26Z" duration="0.000112" asserts="1" />
            <test-case id="0-1288" name="PawnMoveTestCaptureAndSquaresForConstantCheckAndMateAsFalse(&quot;g2-g4&quot;,ChessWithTDD.Move,False)" fullname="ChessWithTDD.Tests.AlgebraicNotationGeneratorTests.PawnMoveTestCaptureAndSquaresForConstantCheckAndMateAsFalse(&quot;g2-g4&quot;,ChessWithTDD.Move,False)" methodname="PawnMoveTestCaptureAndSquaresForConstantCheckAndMateAsFalse" classname="ChessWithTDD.Tests.AlgebraicNotationGeneratorTests" runstate="Runnable" seed="1404186375" result="Passed" start-time="2017-08-03 22:14:26Z" end-time="2017-08-03 22:14:26Z" duration="0.000104" asserts="1" />
            <test-case id="0-1289" name="PawnMoveTestCaptureAndSquaresForConstantCheckAndMateAsFalse(&quot;h2-h4&quot;,ChessWithTDD.Move,False)" fullname="ChessWithTDD.Tests.AlgebraicNotationGeneratorTests.PawnMoveTestCaptureAndSquaresForConstantCheckAndMateAsFalse(&quot;h2-h4&quot;,ChessWithTDD.Move,False)" methodname="PawnMoveTestCaptureAndSquaresForConstantCheckAndMateAsFalse" classname="ChessWithTDD.Tests.AlgebraicNotationGeneratorTests" runstate="Runnable" seed="1423720497" result="Passed" start-time="2017-08-03 22:14:26Z" end-time="2017-08-03 22:14:26Z" duration="0.000087" asserts="1" />
            <test-case id="0-1290" name="PawnMoveTestCaptureAndSquaresForConstantCheckAndMateAsFalse(&quot;a7-a5&quot;,ChessWithTDD.Move,False)" fullname="ChessWithTDD.Tests.AlgebraicNotationGeneratorTests.PawnMoveTestCaptureAndSquaresForConstantCheckAndMateAsFalse(&quot;a7-a5&quot;,ChessWithTDD.Move,False)" methodname="PawnMoveTestCaptureAndSquaresForConstantCheckAndMateAsFalse" classname="ChessWithTDD.Tests.AlgebraicNotationGeneratorTests" runstate="Runnable" seed="562270801" result="Passed" start-time="2017-08-03 22:14:26Z" end-time="2017-08-03 22:14:26Z" duration="0.000093" asserts="1" />
            <test-case id="0-1291" name="PawnMoveTestCaptureAndSquaresForConstantCheckAndMateAsFalse(&quot;b7-b5&quot;,ChessWithTDD.Move,False)" fullname="ChessWithTDD.Tests.AlgebraicNotationGeneratorTests.PawnMoveTestCaptureAndSquaresForConstantCheckAndMateAsFalse(&quot;b7-b5&quot;,ChessWithTDD.Move,False)" methodname="PawnMoveTestCaptureAndSquaresForConstantCheckAndMateAsFalse" classname="ChessWithTDD.Tests.AlgebraicNotationGeneratorTests" runstate="Runnable" seed="1358393276" result="Passed" start-time="2017-08-03 22:14:26Z" end-time="2017-08-03 22:14:26Z" duration="0.000109" asserts="1" />
            <test-case id="0-1292" name="PawnMoveTestCaptureAndSquaresForConstantCheckAndMateAsFalse(&quot;c7-c5&quot;,ChessWithTDD.Move,False)" fullname="ChessWithTDD.Tests.AlgebraicNotationGeneratorTests.PawnMoveTestCaptureAndSquaresForConstantCheckAndMateAsFalse(&quot;c7-c5&quot;,ChessWithTDD.Move,False)" methodname="PawnMoveTestCaptureAndSquaresForConstantCheckAndMateAsFalse" classname="ChessWithTDD.Tests.AlgebraicNotationGeneratorTests" runstate="Runnable" seed="1123617885" result="Passed" start-time="2017-08-03 22:14:26Z" end-time="2017-08-03 22:14:26Z" duration="0.000109" asserts="1" />
            <test-case id="0-1293" name="PawnMoveTestCaptureAndSquaresForConstantCheckAndMateAsFalse(&quot;d7-d5&quot;,ChessWithTDD.Move,False)" fullname="ChessWithTDD.Tests.AlgebraicNotationGeneratorTests.PawnMoveTestCaptureAndSquaresForConstantCheckAndMateAsFalse(&quot;d7-d5&quot;,ChessWithTDD.Move,False)" methodname="PawnMoveTestCaptureAndSquaresForConstantCheckAndMateAsFalse" classname="ChessWithTDD.Tests.AlgebraicNotationGeneratorTests" runstate="Runnable" seed="1218980627" result="Passed" start-time="2017-08-03 22:14:26Z" end-time="2017-08-03 22:14:26Z" duration="0.000080" asserts="1" />
            <test-case id="0-1294" name="PawnMoveTestCaptureAndSquaresForConstantCheckAndMateAsFalse(&quot;e7-e5&quot;,ChessWithTDD.Move,False)" fullname="ChessWithTDD.Tests.AlgebraicNotationGeneratorTests.PawnMoveTestCaptureAndSquaresForConstantCheckAndMateAsFalse(&quot;e7-e5&quot;,ChessWithTDD.Move,False)" methodname="PawnMoveTestCaptureAndSquaresForConstantCheckAndMateAsFalse" classname="ChessWithTDD.Tests.AlgebraicNotationGeneratorTests" runstate="Runnable" seed="95371191" result="Passed" start-time="2017-08-03 22:14:26Z" end-time="2017-08-03 22:14:26Z" duration="0.000080" asserts="1" />
            <test-case id="0-1295" name="PawnMoveTestCaptureAndSquaresForConstantCheckAndMateAsFalse(&quot;f7-f5&quot;,ChessWithTDD.Move,False)" fullname="ChessWithTDD.Tests.AlgebraicNotationGeneratorTests.PawnMoveTestCaptureAndSquaresForConstantCheckAndMateAsFalse(&quot;f7-f5&quot;,ChessWithTDD.Move,False)" methodname="PawnMoveTestCaptureAndSquaresForConstantCheckAndMateAsFalse" classname="ChessWithTDD.Tests.AlgebraicNotationGeneratorTests" runstate="Runnable" seed="1427470179" result="Passed" start-time="2017-08-03 22:14:26Z" end-time="2017-08-03 22:14:26Z" duration="0.000100" asserts="1" />
            <test-case id="0-1296" name="PawnMoveTestCaptureAndSquaresForConstantCheckAndMateAsFalse(&quot;g7-g5&quot;,ChessWithTDD.Move,False)" fullname="ChessWithTDD.Tests.AlgebraicNotationGeneratorTests.PawnMoveTestCaptureAndSquaresForConstantCheckAndMateAsFalse(&quot;g7-g5&quot;,ChessWithTDD.Move,False)" methodname="PawnMoveTestCaptureAndSquaresForConstantCheckAndMateAsFalse" classname="ChessWithTDD.Tests.AlgebraicNotationGeneratorTests" runstate="Runnable" seed="1743618633" result="Passed" start-time="2017-08-03 22:14:26Z" end-time="2017-08-03 22:14:26Z" duration="0.000101" asserts="1" />
            <test-case id="0-1297" name="PawnMoveTestCaptureAndSquaresForConstantCheckAndMateAsFalse(&quot;h7-h5&quot;,ChessWithTDD.Move,False)" fullname="ChessWithTDD.Tests.AlgebraicNotationGeneratorTests.PawnMoveTestCaptureAndSquaresForConstantCheckAndMateAsFalse(&quot;h7-h5&quot;,ChessWithTDD.Move,False)" methodname="PawnMoveTestCaptureAndSquaresForConstantCheckAndMateAsFalse" classname="ChessWithTDD.Tests.AlgebraicNotationGeneratorTests" runstate="Runnable" seed="2074168381" result="Passed" start-time="2017-08-03 22:14:26Z" end-time="2017-08-03 22:14:26Z" duration="0.000107" asserts="1" />
            <test-case id="0-1298" name="PawnMoveTestCaptureAndSquaresForConstantCheckAndMateAsFalse(&quot;a2-a3&quot;,ChessWithTDD.Move,False)" fullname="ChessWithTDD.Tests.AlgebraicNotationGeneratorTests.PawnMoveTestCaptureAndSquaresForConstantCheckAndMateAsFalse(&quot;a2-a3&quot;,ChessWithTDD.Move,False)" methodname="PawnMoveTestCaptureAndSquaresForConstantCheckAndMateAsFalse" classname="ChessWithTDD.Tests.AlgebraicNotationGeneratorTests" runstate="Runnable" seed="4001603" result="Passed" start-time="2017-08-03 22:14:26Z" end-time="2017-08-03 22:14:26Z" duration="0.000115" asserts="1" />
            <test-case id="0-1299" name="PawnMoveTestCaptureAndSquaresForConstantCheckAndMateAsFalse(&quot;b2-b3&quot;,ChessWithTDD.Move,False)" fullname="ChessWithTDD.Tests.AlgebraicNotationGeneratorTests.PawnMoveTestCaptureAndSquaresForConstantCheckAndMateAsFalse(&quot;b2-b3&quot;,ChessWithTDD.Move,False)" methodname="PawnMoveTestCaptureAndSquaresForConstantCheckAndMateAsFalse" classname="ChessWithTDD.Tests.AlgebraicNotationGeneratorTests" runstate="Runnable" seed="441853724" result="Passed" start-time="2017-08-03 22:14:26Z" end-time="2017-08-03 22:14:26Z" duration="0.000078" asserts="1" />
            <test-case id="0-1300" name="PawnMoveTestCaptureAndSquaresForConstantCheckAndMateAsFalse(&quot;c2-c3&quot;,ChessWithTDD.Move,False)" fullname="ChessWithTDD.Tests.AlgebraicNotationGeneratorTests.PawnMoveTestCaptureAndSquaresForConstantCheckAndMateAsFalse(&quot;c2-c3&quot;,ChessWithTDD.Move,False)" methodname="PawnMoveTestCaptureAndSquaresForConstantCheckAndMateAsFalse" classname="ChessWithTDD.Tests.AlgebraicNotationGeneratorTests" runstate="Runnable" seed="1800783401" result="Passed" start-time="2017-08-03 22:14:26Z" end-time="2017-08-03 22:14:26Z" duration="0.000124" asserts="1" />
            <test-case id="0-1301" name="PawnMoveTestCaptureAndSquaresForConstantCheckAndMateAsFalse(&quot;d2-d3&quot;,ChessWithTDD.Move,False)" fullname="ChessWithTDD.Tests.AlgebraicNotationGeneratorTests.PawnMoveTestCaptureAndSquaresForConstantCheckAndMateAsFalse(&quot;d2-d3&quot;,ChessWithTDD.Move,False)" methodname="PawnMoveTestCaptureAndSquaresForConstantCheckAndMateAsFalse" classname="ChessWithTDD.Tests.AlgebraicNotationGeneratorTests" runstate="Runnable" seed="1126956407" result="Passed" start-time="2017-08-03 22:14:26Z" end-time="2017-08-03 22:14:26Z" duration="0.000080" asserts="1" />
            <test-case id="0-1302" name="PawnMoveTestCaptureAndSquaresForConstantCheckAndMateAsFalse(&quot;e2-e3&quot;,ChessWithTDD.Move,False)" fullname="ChessWithTDD.Tests.AlgebraicNotationGeneratorTests.PawnMoveTestCaptureAndSquaresForConstantCheckAndMateAsFalse(&quot;e2-e3&quot;,ChessWithTDD.Move,False)" methodname="PawnMoveTestCaptureAndSquaresForConstantCheckAndMateAsFalse" classname="ChessWithTDD.Tests.AlgebraicNotationGeneratorTests" runstate="Runnable" seed="332155666" result="Passed" start-time="2017-08-03 22:14:26Z" end-time="2017-08-03 22:14:26Z" duration="0.000098" asserts="1" />
            <test-case id="0-1303" name="PawnMoveTestCaptureAndSquaresForConstantCheckAndMateAsFalse(&quot;f2-f3&quot;,ChessWithTDD.Move,False)" fullname="ChessWithTDD.Tests.AlgebraicNotationGeneratorTests.PawnMoveTestCaptureAndSquaresForConstantCheckAndMateAsFalse(&quot;f2-f3&quot;,ChessWithTDD.Move,False)" methodname="PawnMoveTestCaptureAndSquaresForConstantCheckAndMateAsFalse" classname="ChessWithTDD.Tests.AlgebraicNotationGeneratorTests" runstate="Runnable" seed="867599269" result="Passed" start-time="2017-08-03 22:14:26Z" end-time="2017-08-03 22:14:26Z" duration="0.000094" asserts="1" />
            <test-case id="0-1304" name="PawnMoveTestCaptureAndSquaresForConstantCheckAndMateAsFalse(&quot;g2-g3&quot;,ChessWithTDD.Move,False)" fullname="ChessWithTDD.Tests.AlgebraicNotationGeneratorTests.PawnMoveTestCaptureAndSquaresForConstantCheckAndMateAsFalse(&quot;g2-g3&quot;,ChessWithTDD.Move,False)" methodname="PawnMoveTestCaptureAndSquaresForConstantCheckAndMateAsFalse" classname="ChessWithTDD.Tests.AlgebraicNotationGeneratorTests" runstate="Runnable" seed="1207542149" result="Passed" start-time="2017-08-03 22:14:26Z" end-time="2017-08-03 22:14:26Z" duration="0.000184" asserts="1" />
            <test-case id="0-1305" name="PawnMoveTestCaptureAndSquaresForConstantCheckAndMateAsFalse(&quot;h2-h3&quot;,ChessWithTDD.Move,False)" fullname="ChessWithTDD.Tests.AlgebraicNotationGeneratorTests.PawnMoveTestCaptureAndSquaresForConstantCheckAndMateAsFalse(&quot;h2-h3&quot;,ChessWithTDD.Move,False)" methodname="PawnMoveTestCaptureAndSquaresForConstantCheckAndMateAsFalse" classname="ChessWithTDD.Tests.AlgebraicNotationGeneratorTests" runstate="Runnable" seed="286339886" result="Passed" start-time="2017-08-03 22:14:26Z" end-time="2017-08-03 22:14:26Z" duration="0.000098" asserts="1" />
            <test-case id="0-1306" name="PawnMoveTestCaptureAndSquaresForConstantCheckAndMateAsFalse(&quot;a7-a6&quot;,ChessWithTDD.Move,False)" fullname="ChessWithTDD.Tests.AlgebraicNotationGeneratorTests.PawnMoveTestCaptureAndSquaresForConstantCheckAndMateAsFalse(&quot;a7-a6&quot;,ChessWithTDD.Move,False)" methodname="PawnMoveTestCaptureAndSquaresForConstantCheckAndMateAsFalse" classname="ChessWithTDD.Tests.AlgebraicNotationGeneratorTests" runstate="Runnable" seed="2093551447" result="Passed" start-time="2017-08-03 22:14:26Z" end-time="2017-08-03 22:14:26Z" duration="0.001330" asserts="1" />
            <test-case id="0-1307" name="PawnMoveTestCaptureAndSquaresForConstantCheckAndMateAsFalse(&quot;b7-b6&quot;,ChessWithTDD.Move,False)" fullname="ChessWithTDD.Tests.AlgebraicNotationGeneratorTests.PawnMoveTestCaptureAndSquaresForConstantCheckAndMateAsFalse(&quot;b7-b6&quot;,ChessWithTDD.Move,False)" methodname="PawnMoveTestCaptureAndSquaresForConstantCheckAndMateAsFalse" classname="ChessWithTDD.Tests.AlgebraicNotationGeneratorTests" runstate="Runnable" seed="1087715207" result="Passed" start-time="2017-08-03 22:14:26Z" end-time="2017-08-03 22:14:26Z" duration="0.000166" asserts="1" />
            <test-case id="0-1308" name="PawnMoveTestCaptureAndSquaresForConstantCheckAndMateAsFalse(&quot;c7-c6&quot;,ChessWithTDD.Move,False)" fullname="ChessWithTDD.Tests.AlgebraicNotationGeneratorTests.PawnMoveTestCaptureAndSquaresForConstantCheckAndMateAsFalse(&quot;c7-c6&quot;,ChessWithTDD.Move,False)" methodname="PawnMoveTestCaptureAndSquaresForConstantCheckAndMateAsFalse" classname="ChessWithTDD.Tests.AlgebraicNotationGeneratorTests" runstate="Runnable" seed="1385803362" result="Passed" start-time="2017-08-03 22:14:26Z" end-time="2017-08-03 22:14:26Z" duration="0.000096" asserts="1" />
            <test-case id="0-1309" name="PawnMoveTestCaptureAndSquaresForConstantCheckAndMateAsFalse(&quot;d7-d6&quot;,ChessWithTDD.Move,False)" fullname="ChessWithTDD.Tests.AlgebraicNotationGeneratorTests.PawnMoveTestCaptureAndSquaresForConstantCheckAndMateAsFalse(&quot;d7-d6&quot;,ChessWithTDD.Move,False)" methodname="PawnMoveTestCaptureAndSquaresForConstantCheckAndMateAsFalse" classname="ChessWithTDD.Tests.AlgebraicNotationGeneratorTests" runstate="Runnable" seed="1383927985" result="Passed" start-time="2017-08-03 22:14:26Z" end-time="2017-08-03 22:14:26Z" duration="0.000094" asserts="1" />
            <test-case id="0-1310" name="PawnMoveTestCaptureAndSquaresForConstantCheckAndMateAsFalse(&quot;e7-e6&quot;,ChessWithTDD.Move,False)" fullname="ChessWithTDD.Tests.AlgebraicNotationGeneratorTests.PawnMoveTestCaptureAndSquaresForConstantCheckAndMateAsFalse(&quot;e7-e6&quot;,ChessWithTDD.Move,False)" methodname="PawnMoveTestCaptureAndSquaresForConstantCheckAndMateAsFalse" classname="ChessWithTDD.Tests.AlgebraicNotationGeneratorTests" runstate="Runnable" seed="587391359" result="Passed" start-time="2017-08-03 22:14:26Z" end-time="2017-08-03 22:14:26Z" duration="0.000103" asserts="1" />
            <test-case id="0-1311" name="PawnMoveTestCaptureAndSquaresForConstantCheckAndMateAsFalse(&quot;f7-f6&quot;,ChessWithTDD.Move,False)" fullname="ChessWithTDD.Tests.AlgebraicNotationGeneratorTests.PawnMoveTestCaptureAndSquaresForConstantCheckAndMateAsFalse(&quot;f7-f6&quot;,ChessWithTDD.Move,False)" methodname="PawnMoveTestCaptureAndSquaresForConstantCheckAndMateAsFalse" classname="ChessWithTDD.Tests.AlgebraicNotationGeneratorTests" runstate="Runnable" seed="2007520433" result="Passed" start-time="2017-08-03 22:14:26Z" end-time="2017-08-03 22:14:26Z" duration="0.000093" asserts="1" />
            <test-case id="0-1312" name="PawnMoveTestCaptureAndSquaresForConstantCheckAndMateAsFalse(&quot;g7-g6&quot;,ChessWithTDD.Move,False)" fullname="ChessWithTDD.Tests.AlgebraicNotationGeneratorTests.PawnMoveTestCaptureAndSquaresForConstantCheckAndMateAsFalse(&quot;g7-g6&quot;,ChessWithTDD.Move,False)" methodname="PawnMoveTestCaptureAndSquaresForConstantCheckAndMateAsFalse" classname="ChessWithTDD.Tests.AlgebraicNotationGeneratorTests" runstate="Runnable" seed="1900141321" result="Passed" start-time="2017-08-03 22:14:26Z" end-time="2017-08-03 22:14:26Z" duration="0.000097" asserts="1" />
            <test-case id="0-1313" name="PawnMoveTestCaptureAndSquaresForConstantCheckAndMateAsFalse(&quot;h7-h6&quot;,ChessWithTDD.Move,False)" fullname="ChessWithTDD.Tests.AlgebraicNotationGeneratorTests.PawnMoveTestCaptureAndSquaresForConstantCheckAndMateAsFalse(&quot;h7-h6&quot;,ChessWithTDD.Move,False)" methodname="PawnMoveTestCaptureAndSquaresForConstantCheckAndMateAsFalse" classname="ChessWithTDD.Tests.AlgebraicNotationGeneratorTests" runstate="Runnable" seed="1629266456" result="Passed" start-time="2017-08-03 22:14:26Z" end-time="2017-08-03 22:14:26Z" duration="0.000103" asserts="1" />
            <test-case id="0-1314" name="PawnMoveTestCaptureAndSquaresForConstantCheckAndMateAsFalse(&quot;a2xb3&quot;,ChessWithTDD.Move,True)" fullname="ChessWithTDD.Tests.AlgebraicNotationGeneratorTests.PawnMoveTestCaptureAndSquaresForConstantCheckAndMateAsFalse(&quot;a2xb3&quot;,ChessWithTDD.Move,True)" methodname="PawnMoveTestCaptureAndSquaresForConstantCheckAndMateAsFalse" classname="ChessWithTDD.Tests.AlgebraicNotationGeneratorTests" runstate="Runnable" seed="247119639" result="Passed" start-time="2017-08-03 22:14:26Z" end-time="2017-08-03 22:14:26Z" duration="0.000105" asserts="1" />
            <test-case id="0-1315" name="PawnMoveTestCaptureAndSquaresForConstantCheckAndMateAsFalse(&quot;b2xc3&quot;,ChessWithTDD.Move,True)" fullname="ChessWithTDD.Tests.AlgebraicNotationGeneratorTests.PawnMoveTestCaptureAndSquaresForConstantCheckAndMateAsFalse(&quot;b2xc3&quot;,ChessWithTDD.Move,True)" methodname="PawnMoveTestCaptureAndSquaresForConstantCheckAndMateAsFalse" classname="ChessWithTDD.Tests.AlgebraicNotationGeneratorTests" runstate="Runnable" seed="1932808190" result="Passed" start-time="2017-08-03 22:14:26Z" end-time="2017-08-03 22:14:26Z" duration="0.000105" asserts="1" />
            <test-case id="0-1316" name="PawnMoveTestCaptureAndSquaresForConstantCheckAndMateAsFalse(&quot;c2xd3&quot;,ChessWithTDD.Move,True)" fullname="ChessWithTDD.Tests.AlgebraicNotationGeneratorTests.PawnMoveTestCaptureAndSquaresForConstantCheckAndMateAsFalse(&quot;c2xd3&quot;,ChessWithTDD.Move,True)" methodname="PawnMoveTestCaptureAndSquaresForConstantCheckAndMateAsFalse" classname="ChessWithTDD.Tests.AlgebraicNotationGeneratorTests" runstate="Runnable" seed="1623489318" result="Passed" start-time="2017-08-03 22:14:26Z" end-time="2017-08-03 22:14:26Z" duration="0.000111" asserts="1" />
            <test-case id="0-1317" name="PawnMoveTestCaptureAndSquaresForConstantCheckAndMateAsFalse(&quot;d2xe3&quot;,ChessWithTDD.Move,True)" fullname="ChessWithTDD.Tests.AlgebraicNotationGeneratorTests.PawnMoveTestCaptureAndSquaresForConstantCheckAndMateAsFalse(&quot;d2xe3&quot;,ChessWithTDD.Move,True)" methodname="PawnMoveTestCaptureAndSquaresForConstantCheckAndMateAsFalse" classname="ChessWithTDD.Tests.AlgebraicNotationGeneratorTests" runstate="Runnable" seed="130390867" result="Passed" start-time="2017-08-03 22:14:26Z" end-time="2017-08-03 22:14:26Z" duration="0.000099" asserts="1" />
            <test-case id="0-1318" name="PawnMoveTestCaptureAndSquaresForConstantCheckAndMateAsFalse(&quot;e2xf3&quot;,ChessWithTDD.Move,True)" fullname="ChessWithTDD.Tests.AlgebraicNotationGeneratorTests.PawnMoveTestCaptureAndSquaresForConstantCheckAndMateAsFalse(&quot;e2xf3&quot;,ChessWithTDD.Move,True)" methodname="PawnMoveTestCaptureAndSquaresForConstantCheckAndMateAsFalse" classname="ChessWithTDD.Tests.AlgebraicNotationGeneratorTests" runstate="Runnable" seed="1684317247" result="Passed" start-time="2017-08-03 22:14:26Z" end-time="2017-08-03 22:14:26Z" duration="0.000112" asserts="1" />
            <test-case id="0-1319" name="PawnMoveTestCaptureAndSquaresForConstantCheckAndMateAsFalse(&quot;f2xg3&quot;,ChessWithTDD.Move,True)" fullname="ChessWithTDD.Tests.AlgebraicNotationGeneratorTests.PawnMoveTestCaptureAndSquaresForConstantCheckAndMateAsFalse(&quot;f2xg3&quot;,ChessWithTDD.Move,True)" methodname="PawnMoveTestCaptureAndSquaresForConstantCheckAndMateAsFalse" classname="ChessWithTDD.Tests.AlgebraicNotationGeneratorTests" runstate="Runnable" seed="1779255058" result="Passed" start-time="2017-08-03 22:14:26Z" end-time="2017-08-03 22:14:26Z" duration="0.000090" asserts="1" />
            <test-case id="0-1320" name="PawnMoveTestCaptureAndSquaresForConstantCheckAndMateAsFalse(&quot;g2xh3&quot;,ChessWithTDD.Move,True)" fullname="ChessWithTDD.Tests.AlgebraicNotationGeneratorTests.PawnMoveTestCaptureAndSquaresForConstantCheckAndMateAsFalse(&quot;g2xh3&quot;,ChessWithTDD.Move,True)" methodname="PawnMoveTestCaptureAndSquaresForConstantCheckAndMateAsFalse" classname="ChessWithTDD.Tests.AlgebraicNotationGeneratorTests" runstate="Runnable" seed="820847198" result="Passed" start-time="2017-08-03 22:14:26Z" end-time="2017-08-03 22:14:26Z" duration="0.000101" asserts="1" />
            <test-case id="0-1321" name="PawnMoveTestCaptureAndSquaresForConstantCheckAndMateAsFalse(&quot;h2xg3&quot;,ChessWithTDD.Move,True)" fullname="ChessWithTDD.Tests.AlgebraicNotationGeneratorTests.PawnMoveTestCaptureAndSquaresForConstantCheckAndMateAsFalse(&quot;h2xg3&quot;,ChessWithTDD.Move,True)" methodname="PawnMoveTestCaptureAndSquaresForConstantCheckAndMateAsFalse" classname="ChessWithTDD.Tests.AlgebraicNotationGeneratorTests" runstate="Runnable" seed="895044743" result="Passed" start-time="2017-08-03 22:14:26Z" end-time="2017-08-03 22:14:26Z" duration="0.000081" asserts="1" />
          </test-suite>
          <test-suite type="ParameterizedMethod" id="0-1338" name="PawnMoveTestCheckAndMateForConstantCaptureAsFalse" fullname="ChessWithTDD.Tests.AlgebraicNotationGeneratorTests.PawnMoveTestCheckAndMateForConstantCaptureAsFalse" classname="ChessWithTDD.Tests.AlgebraicNotationGeneratorTests" runstate="Runnable" testcasecount="6" result="Passed" start-time="2017-08-03 22:14:26Z" end-time="2017-08-03 22:14:26Z" duration="0.019021" total="6" passed="6" failed="0" warnings="0" inconclusive="0" skipped="0" asserts="6">
            <test-case id="0-1332" name="PawnMoveTestCheckAndMateForConstantCaptureAsFalse(&quot;a2-b3&quot;,ChessWithTDD.Move,False,False)" fullname="ChessWithTDD.Tests.AlgebraicNotationGeneratorTests.PawnMoveTestCheckAndMateForConstantCaptureAsFalse(&quot;a2-b3&quot;,ChessWithTDD.Move,False,False)" methodname="PawnMoveTestCheckAndMateForConstantCaptureAsFalse" classname="ChessWithTDD.Tests.AlgebraicNotationGeneratorTests" runstate="Runnable" seed="1546279530" result="Passed" start-time="2017-08-03 22:14:26Z" end-time="2017-08-03 22:14:26Z" duration="0.000657" asserts="1" />
            <test-case id="0-1333" name="PawnMoveTestCheckAndMateForConstantCaptureAsFalse(&quot;b2-c3&quot;,ChessWithTDD.Move,False,False)" fullname="ChessWithTDD.Tests.AlgebraicNotationGeneratorTests.PawnMoveTestCheckAndMateForConstantCaptureAsFalse(&quot;b2-c3&quot;,ChessWithTDD.Move,False,False)" methodname="PawnMoveTestCheckAndMateForConstantCaptureAsFalse" classname="ChessWithTDD.Tests.AlgebraicNotationGeneratorTests" runstate="Runnable" seed="954811081" result="Passed" start-time="2017-08-03 22:14:26Z" end-time="2017-08-03 22:14:26Z" duration="0.000129" asserts="1" />
            <test-case id="0-1334" name="PawnMoveTestCheckAndMateForConstantCaptureAsFalse(&quot;c2-d3+&quot;,ChessWithTDD.Move,True,False)" fullname="ChessWithTDD.Tests.AlgebraicNotationGeneratorTests.PawnMoveTestCheckAndMateForConstantCaptureAsFalse(&quot;c2-d3+&quot;,ChessWithTDD.Move,True,False)" methodname="PawnMoveTestCheckAndMateForConstantCaptureAsFalse" classname="ChessWithTDD.Tests.AlgebraicNotationGeneratorTests" runstate="Runnable" seed="2012238790" result="Passed" start-time="2017-08-03 22:14:26Z" end-time="2017-08-03 22:14:26Z" duration="0.000079" asserts="1" />
            <test-case id="0-1335" name="PawnMoveTestCheckAndMateForConstantCaptureAsFalse(&quot;d2-e3+&quot;,ChessWithTDD.Move,True,False)" fullname="ChessWithTDD.Tests.AlgebraicNotationGeneratorTests.PawnMoveTestCheckAndMateForConstantCaptureAsFalse(&quot;d2-e3+&quot;,ChessWithTDD.Move,True,False)" methodname="PawnMoveTestCheckAndMateForConstantCaptureAsFalse" classname="ChessWithTDD.Tests.AlgebraicNotationGeneratorTests" runstate="Runnable" seed="1426959881" result="Passed" start-time="2017-08-03 22:14:26Z" end-time="2017-08-03 22:14:26Z" duration="0.000126" asserts="1" />
            <test-case id="0-1336" name="PawnMoveTestCheckAndMateForConstantCaptureAsFalse(&quot;e2-f3#&quot;,ChessWithTDD.Move,True,True)" fullname="ChessWithTDD.Tests.AlgebraicNotationGeneratorTests.PawnMoveTestCheckAndMateForConstantCaptureAsFalse(&quot;e2-f3#&quot;,ChessWithTDD.Move,True,True)" methodname="PawnMoveTestCheckAndMateForConstantCaptureAsFalse" classname="ChessWithTDD.Tests.AlgebraicNotationGeneratorTests" runstate="Runnable" seed="901926109" result="Passed" start-time="2017-08-03 22:14:26Z" end-time="2017-08-03 22:14:26Z" duration="0.000101" asserts="1" />
            <test-case id="0-1337" name="PawnMoveTestCheckAndMateForConstantCaptureAsFalse(&quot;f2-g3#&quot;,ChessWithTDD.Move,True,True)" fullname="ChessWithTDD.Tests.AlgebraicNotationGeneratorTests.PawnMoveTestCheckAndMateForConstantCaptureAsFalse(&quot;f2-g3#&quot;,ChessWithTDD.Move,True,True)" methodname="PawnMoveTestCheckAndMateForConstantCaptureAsFalse" classname="ChessWithTDD.Tests.AlgebraicNotationGeneratorTests" runstate="Runnable" seed="262260348" result="Passed" start-time="2017-08-03 22:14:26Z" end-time="2017-08-03 22:14:26Z" duration="0.000080" asserts="1" />
          </test-suite>
          <test-suite type="ParameterizedMethod" id="0-1341" name="PawnMoveTestInvalidCheckAndMate" fullname="ChessWithTDD.Tests.AlgebraicNotationGeneratorTests.PawnMoveTestInvalidCheckAndMate" classname="ChessWithTDD.Tests.AlgebraicNotationGeneratorTests" runstate="Runnable" testcasecount="2" result="Passed" start-time="2017-08-03 22:14:26Z" end-time="2017-08-03 22:14:26Z" duration="0.005997" total="2" passed="2" failed="0" warnings="0" inconclusive="0" skipped="0" asserts="2">
            <test-case id="0-1339" name="PawnMoveTestInvalidCheckAndMate(&quot;&quot;,ChessWithTDD.Move,False,True)" fullname="ChessWithTDD.Tests.AlgebraicNotationGeneratorTests.PawnMoveTestInvalidCheckAndMate(&quot;&quot;,ChessWithTDD.Move,False,True)" methodname="PawnMoveTestInvalidCheckAndMate" classname="ChessWithTDD.Tests.AlgebraicNotationGeneratorTests" runstate="Runnable" seed="1166650421" result="Passed" start-time="2017-08-03 22:14:26Z" end-time="2017-08-03 22:14:26Z" duration="0.000385" asserts="1" />
            <test-case id="0-1340" name="PawnMoveTestInvalidCheckAndMate(&quot;&quot;,ChessWithTDD.Move,False,True)" fullname="ChessWithTDD.Tests.AlgebraicNotationGeneratorTests.PawnMoveTestInvalidCheckAndMate(&quot;&quot;,ChessWithTDD.Move,False,True)" methodname="PawnMoveTestInvalidCheckAndMate" classname="ChessWithTDD.Tests.AlgebraicNotationGeneratorTests" runstate="Runnable" seed="2133509467" result="Passed" start-time="2017-08-03 22:14:26Z" end-time="2017-08-03 22:14:26Z" duration="0.000128" asserts="1" />
          </test-suite>
          <test-suite type="ParameterizedMethod" id="0-1331" name="PawnMoveTestInvalidMove" fullname="ChessWithTDD.Tests.AlgebraicNotationGeneratorTests.PawnMoveTestInvalidMove" classname="ChessWithTDD.Tests.AlgebraicNotationGeneratorTests" runstate="Runnable" testcasecount="8" result="Passed" start-time="2017-08-03 22:14:26Z" end-time="2017-08-03 22:14:26Z" duration="0.025540" total="8" passed="8" failed="0" warnings="0" inconclusive="0" skipped="0" asserts="8">
            <test-case id="0-1323" name="PawnMoveTestInvalidMove(&quot;&quot;,ChessWithTDD.Move,False)" fullname="ChessWithTDD.Tests.AlgebraicNotationGeneratorTests.PawnMoveTestInvalidMove(&quot;&quot;,ChessWithTDD.Move,False)" methodname="PawnMoveTestInvalidMove" classname="ChessWithTDD.Tests.AlgebraicNotationGeneratorTests" runstate="Runnable" seed="463733347" result="Passed" start-time="2017-08-03 22:14:26Z" end-time="2017-08-03 22:14:26Z" duration="0.000418" asserts="1" />
            <test-case id="0-1324" name="PawnMoveTestInvalidMove(&quot;&quot;,ChessWithTDD.Move,True)" fullname="ChessWithTDD.Tests.AlgebraicNotationGeneratorTests.PawnMoveTestInvalidMove(&quot;&quot;,ChessWithTDD.Move,True)" methodname="PawnMoveTestInvalidMove" classname="ChessWithTDD.Tests.AlgebraicNotationGeneratorTests" runstate="Runnable" seed="350472369" result="Passed" start-time="2017-08-03 22:14:26Z" end-time="2017-08-03 22:14:26Z" duration="0.000108" asserts="1" />
            <test-case id="0-1325" name="PawnMoveTestInvalidMove(&quot;&quot;,ChessWithTDD.Move,False)" fullname="ChessWithTDD.Tests.AlgebraicNotationGeneratorTests.PawnMoveTestInvalidMove(&quot;&quot;,ChessWithTDD.Move,False)" methodname="PawnMoveTestInvalidMove" classname="ChessWithTDD.Tests.AlgebraicNotationGeneratorTests" runstate="Runnable" seed="225373767" result="Passed" start-time="2017-08-03 22:14:26Z" end-time="2017-08-03 22:14:26Z" duration="0.000071" asserts="1" />
            <test-case id="0-1326" name="PawnMoveTestInvalidMove(&quot;&quot;,ChessWithTDD.Move,True)" fullname="ChessWithTDD.Tests.AlgebraicNotationGeneratorTests.PawnMoveTestInvalidMove(&quot;&quot;,ChessWithTDD.Move,True)" methodname="PawnMoveTestInvalidMove" classname="ChessWithTDD.Tests.AlgebraicNotationGeneratorTests" runstate="Runnable" seed="1351535462" result="Passed" start-time="2017-08-03 22:14:26Z" end-time="2017-08-03 22:14:26Z" duration="0.000069" asserts="1" />
            <test-case id="0-1327" name="PawnMoveTestInvalidMove(&quot;&quot;,ChessWithTDD.Move,False)" fullname="ChessWithTDD.Tests.AlgebraicNotationGeneratorTests.PawnMoveTestInvalidMove(&quot;&quot;,ChessWithTDD.Move,False)" methodname="PawnMoveTestInvalidMove" classname="ChessWithTDD.Tests.AlgebraicNotationGeneratorTests" runstate="Runnable" seed="23959736" result="Passed" start-time="2017-08-03 22:14:26Z" end-time="2017-08-03 22:14:26Z" duration="0.000075" asserts="1" />
            <test-case id="0-1328" name="PawnMoveTestInvalidMove(&quot;&quot;,ChessWithTDD.Move,True)" fullname="ChessWithTDD.Tests.AlgebraicNotationGeneratorTests.PawnMoveTestInvalidMove(&quot;&quot;,ChessWithTDD.Move,True)" methodname="PawnMoveTestInvalidMove" classname="ChessWithTDD.Tests.AlgebraicNotationGeneratorTests" runstate="Runnable" seed="992739480" result="Passed" start-time="2017-08-03 22:14:26Z" end-time="2017-08-03 22:14:26Z" duration="0.000109" asserts="1" />
            <test-case id="0-1329" name="PawnMoveTestInvalidMove(&quot;&quot;,ChessWithTDD.Move,False)" fullname="ChessWithTDD.Tests.AlgebraicNotationGeneratorTests.PawnMoveTestInvalidMove(&quot;&quot;,ChessWithTDD.Move,False)" methodname="PawnMoveTestInvalidMove" classname="ChessWithTDD.Tests.AlgebraicNotationGeneratorTests" runstate="Runnable" seed="1351433149" result="Passed" start-time="2017-08-03 22:14:26Z" end-time="2017-08-03 22:14:26Z" duration="0.000105" asserts="1" />
            <test-case id="0-1330" name="PawnMoveTestInvalidMove(&quot;&quot;,ChessWithTDD.Move,True)" fullname="ChessWithTDD.Tests.AlgebraicNotationGeneratorTests.PawnMoveTestInvalidMove(&quot;&quot;,ChessWithTDD.Move,True)" methodname="PawnMoveTestInvalidMove" classname="ChessWithTDD.Tests.AlgebraicNotationGeneratorTests" runstate="Runnable" seed="1793566450" result="Passed" start-time="2017-08-03 22:14:26Z" end-time="2017-08-03 22:14:26Z" duration="0.000078" asserts="1" />
          </test-suite>
        </test-suite>
        <test-suite type="TestFixture" id="0-1402" name="AlgebraicNotationParserTests" fullname="ChessWithTDD.Tests.AlgebraicNotationParserTests" classname="ChessWithTDD.Tests.AlgebraicNotationParserTests" runstate="Runnable" testcasecount="144" result="Passed" start-time="2017-08-03 22:14:26Z" end-time="2017-08-03 22:14:27Z" duration="0.510038" total="144" passed="144" failed="0" warnings="0" inconclusive="0" skipped="0" asserts="168">
          <test-suite type="ParameterizedMethod" id="0-1551" name="NonPawnMoveCheckAndMateFalse" fullname="ChessWithTDD.Tests.AlgebraicNotationParserTests.NonPawnMoveCheckAndMateFalse" classname="ChessWithTDD.Tests.AlgebraicNotationParserTests" runstate="Runnable" testcasecount="4" result="Passed" start-time="2017-08-03 22:14:26Z" end-time="2017-08-03 22:14:26Z" duration="0.027508" total="4" passed="4" failed="0" warnings="0" inconclusive="0" skipped="0" asserts="8">
            <test-case id="0-1547" name="NonPawnMoveCheckAndMateFalse(&quot;Ka2-a4&quot;)" fullname="ChessWithTDD.Tests.AlgebraicNotationParserTests.NonPawnMoveCheckAndMateFalse(&quot;Ka2-a4&quot;)" methodname="NonPawnMoveCheckAndMateFalse" classname="ChessWithTDD.Tests.AlgebraicNotationParserTests" runstate="Runnable" seed="616453612" result="Passed" start-time="2017-08-03 22:14:26Z" end-time="2017-08-03 22:14:26Z" duration="0.015714" asserts="2" />
            <test-case id="0-1548" name="NonPawnMoveCheckAndMateFalse(&quot;Bd7-d5&quot;)" fullname="ChessWithTDD.Tests.AlgebraicNotationParserTests.NonPawnMoveCheckAndMateFalse(&quot;Bd7-d5&quot;)" methodname="NonPawnMoveCheckAndMateFalse" classname="ChessWithTDD.Tests.AlgebraicNotationParserTests" runstate="Runnable" seed="513060230" result="Passed" start-time="2017-08-03 22:14:26Z" end-time="2017-08-03 22:14:26Z" duration="0.000115" asserts="2" />
            <test-case id="0-1549" name="NonPawnMoveCheckAndMateFalse(&quot;Rc2-c3&quot;)" fullname="ChessWithTDD.Tests.AlgebraicNotationParserTests.NonPawnMoveCheckAndMateFalse(&quot;Rc2-c3&quot;)" methodname="NonPawnMoveCheckAndMateFalse" classname="ChessWithTDD.Tests.AlgebraicNotationParserTests" runstate="Runnable" seed="1241113415" result="Passed" start-time="2017-08-03 22:14:26Z" end-time="2017-08-03 22:14:26Z" duration="0.000113" asserts="2" />
            <test-case id="0-1550" name="NonPawnMoveCheckAndMateFalse(&quot;Qf2xg3&quot;)" fullname="ChessWithTDD.Tests.AlgebraicNotationParserTests.NonPawnMoveCheckAndMateFalse(&quot;Qf2xg3&quot;)" methodname="NonPawnMoveCheckAndMateFalse" classname="ChessWithTDD.Tests.AlgebraicNotationParserTests" runstate="Runnable" seed="208549432" result="Passed" start-time="2017-08-03 22:14:26Z" end-time="2017-08-03 22:14:26Z" duration="0.000171" asserts="2" />
          </test-suite>
          <test-suite type="ParameterizedMethod" id="0-1556" name="NonPawnMoveCheckAndMateTrue" fullname="ChessWithTDD.Tests.AlgebraicNotationParserTests.NonPawnMoveCheckAndMateTrue" classname="ChessWithTDD.Tests.AlgebraicNotationParserTests" runstate="Runnable" testcasecount="4" result="Passed" start-time="2017-08-03 22:14:26Z" end-time="2017-08-03 22:14:26Z" duration="0.013012" total="4" passed="4" failed="0" warnings="0" inconclusive="0" skipped="0" asserts="8">
            <test-case id="0-1552" name="NonPawnMoveCheckAndMateTrue(&quot;Ka2-a4#&quot;)" fullname="ChessWithTDD.Tests.AlgebraicNotationParserTests.NonPawnMoveCheckAndMateTrue(&quot;Ka2-a4#&quot;)" methodname="NonPawnMoveCheckAndMateTrue" classname="ChessWithTDD.Tests.AlgebraicNotationParserTests" runstate="Runnable" seed="600545361" result="Passed" start-time="2017-08-03 22:14:26Z" end-time="2017-08-03 22:14:26Z" duration="0.000453" asserts="2" />
            <test-case id="0-1553" name="NonPawnMoveCheckAndMateTrue(&quot;Bd7-d5#&quot;)" fullname="ChessWithTDD.Tests.AlgebraicNotationParserTests.NonPawnMoveCheckAndMateTrue(&quot;Bd7-d5#&quot;)" methodname="NonPawnMoveCheckAndMateTrue" classname="ChessWithTDD.Tests.AlgebraicNotationParserTests" runstate="Runnable" seed="908550169" result="Passed" start-time="2017-08-03 22:14:26Z" end-time="2017-08-03 22:14:26Z" duration="0.000110" asserts="2" />
            <test-case id="0-1554" name="NonPawnMoveCheckAndMateTrue(&quot;Rc2-c3#&quot;)" fullname="ChessWithTDD.Tests.AlgebraicNotationParserTests.NonPawnMoveCheckAndMateTrue(&quot;Rc2-c3#&quot;)" methodname="NonPawnMoveCheckAndMateTrue" classname="ChessWithTDD.Tests.AlgebraicNotationParserTests" runstate="Runnable" seed="246206950" result="Passed" start-time="2017-08-03 22:14:26Z" end-time="2017-08-03 22:14:26Z" duration="0.000117" asserts="2" />
            <test-case id="0-1555" name="NonPawnMoveCheckAndMateTrue(&quot;Qf2xg3#&quot;)" fullname="ChessWithTDD.Tests.AlgebraicNotationParserTests.NonPawnMoveCheckAndMateTrue(&quot;Qf2xg3#&quot;)" methodname="NonPawnMoveCheckAndMateTrue" classname="ChessWithTDD.Tests.AlgebraicNotationParserTests" runstate="Runnable" seed="27246112" result="Passed" start-time="2017-08-03 22:14:26Z" end-time="2017-08-03 22:14:26Z" duration="0.000114" asserts="2" />
          </test-suite>
          <test-suite type="ParameterizedMethod" id="0-1546" name="NonPawnMoveCheckTrueMateFalse" fullname="ChessWithTDD.Tests.AlgebraicNotationParserTests.NonPawnMoveCheckTrueMateFalse" classname="ChessWithTDD.Tests.AlgebraicNotationParserTests" runstate="Runnable" testcasecount="4" result="Passed" start-time="2017-08-03 22:14:26Z" end-time="2017-08-03 22:14:26Z" duration="0.013011" total="4" passed="4" failed="0" warnings="0" inconclusive="0" skipped="0" asserts="8">
            <test-case id="0-1542" name="NonPawnMoveCheckTrueMateFalse(&quot;Ka2-a4+&quot;)" fullname="ChessWithTDD.Tests.AlgebraicNotationParserTests.NonPawnMoveCheckTrueMateFalse(&quot;Ka2-a4+&quot;)" methodname="NonPawnMoveCheckTrueMateFalse" classname="ChessWithTDD.Tests.AlgebraicNotationParserTests" runstate="Runnable" seed="296524120" result="Passed" start-time="2017-08-03 22:14:26Z" end-time="2017-08-03 22:14:26Z" duration="0.000522" asserts="2" />
            <test-case id="0-1543" name="NonPawnMoveCheckTrueMateFalse(&quot;Bd7-d5+&quot;)" fullname="ChessWithTDD.Tests.AlgebraicNotationParserTests.NonPawnMoveCheckTrueMateFalse(&quot;Bd7-d5+&quot;)" methodname="NonPawnMoveCheckTrueMateFalse" classname="ChessWithTDD.Tests.AlgebraicNotationParserTests" runstate="Runnable" seed="144865436" result="Passed" start-time="2017-08-03 22:14:26Z" end-time="2017-08-03 22:14:26Z" duration="0.000139" asserts="2" />
            <test-case id="0-1544" name="NonPawnMoveCheckTrueMateFalse(&quot;Rc2-c3+&quot;)" fullname="ChessWithTDD.Tests.AlgebraicNotationParserTests.NonPawnMoveCheckTrueMateFalse(&quot;Rc2-c3+&quot;)" methodname="NonPawnMoveCheckTrueMateFalse" classname="ChessWithTDD.Tests.AlgebraicNotationParserTests" runstate="Runnable" seed="1015755439" result="Passed" start-time="2017-08-03 22:14:26Z" end-time="2017-08-03 22:14:26Z" duration="0.000118" asserts="2" />
            <test-case id="0-1545" name="NonPawnMoveCheckTrueMateFalse(&quot;Qf2xg3+&quot;)" fullname="ChessWithTDD.Tests.AlgebraicNotationParserTests.NonPawnMoveCheckTrueMateFalse(&quot;Qf2xg3+&quot;)" methodname="NonPawnMoveCheckTrueMateFalse" classname="ChessWithTDD.Tests.AlgebraicNotationParserTests" runstate="Runnable" seed="1072398744" result="Passed" start-time="2017-08-03 22:14:26Z" end-time="2017-08-03 22:14:26Z" duration="0.000101" asserts="2" />
          </test-suite>
          <test-suite type="ParameterizedMethod" id="0-1509" name="NonPawnMoveParse" fullname="ChessWithTDD.Tests.AlgebraicNotationParserTests.NonPawnMoveParse" classname="ChessWithTDD.Tests.AlgebraicNotationParserTests" runstate="Runnable" testcasecount="44" result="Passed" start-time="2017-08-03 22:14:26Z" end-time="2017-08-03 22:14:27Z" duration="0.142229" total="44" passed="44" failed="0" warnings="0" inconclusive="0" skipped="0" asserts="44">
            <test-case id="0-1465" name="NonPawnMoveParse(&quot;Ka2-a4&quot;,ChessWithTDD.Move)" fullname="ChessWithTDD.Tests.AlgebraicNotationParserTests.NonPawnMoveParse(&quot;Ka2-a4&quot;,ChessWithTDD.Move)" methodname="NonPawnMoveParse" classname="ChessWithTDD.Tests.AlgebraicNotationParserTests" runstate="Runnable" seed="553072103" result="Passed" start-time="2017-08-03 22:14:26Z" end-time="2017-08-03 22:14:26Z" duration="0.000998" asserts="1" />
            <test-case id="0-1466" name="NonPawnMoveParse(&quot;Kb2-b4&quot;,ChessWithTDD.Move)" fullname="ChessWithTDD.Tests.AlgebraicNotationParserTests.NonPawnMoveParse(&quot;Kb2-b4&quot;,ChessWithTDD.Move)" methodname="NonPawnMoveParse" classname="ChessWithTDD.Tests.AlgebraicNotationParserTests" runstate="Runnable" seed="346517699" result="Passed" start-time="2017-08-03 22:14:26Z" end-time="2017-08-03 22:14:26Z" duration="0.000128" asserts="1" />
            <test-case id="0-1467" name="NonPawnMoveParse(&quot;Kc2-c4&quot;,ChessWithTDD.Move)" fullname="ChessWithTDD.Tests.AlgebraicNotationParserTests.NonPawnMoveParse(&quot;Kc2-c4&quot;,ChessWithTDD.Move)" methodname="NonPawnMoveParse" classname="ChessWithTDD.Tests.AlgebraicNotationParserTests" runstate="Runnable" seed="2041050999" result="Passed" start-time="2017-08-03 22:14:26Z" end-time="2017-08-03 22:14:26Z" duration="0.000145" asserts="1" />
            <test-case id="0-1468" name="NonPawnMoveParse(&quot;Kd2-d4&quot;,ChessWithTDD.Move)" fullname="ChessWithTDD.Tests.AlgebraicNotationParserTests.NonPawnMoveParse(&quot;Kd2-d4&quot;,ChessWithTDD.Move)" methodname="NonPawnMoveParse" classname="ChessWithTDD.Tests.AlgebraicNotationParserTests" runstate="Runnable" seed="1240633466" result="Passed" start-time="2017-08-03 22:14:26Z" end-time="2017-08-03 22:14:26Z" duration="0.000172" asserts="1" />
            <test-case id="0-1469" name="NonPawnMoveParse(&quot;Ke2-e4&quot;,ChessWithTDD.Move)" fullname="ChessWithTDD.Tests.AlgebraicNotationParserTests.NonPawnMoveParse(&quot;Ke2-e4&quot;,ChessWithTDD.Move)" methodname="NonPawnMoveParse" classname="ChessWithTDD.Tests.AlgebraicNotationParserTests" runstate="Runnable" seed="1037941130" result="Passed" start-time="2017-08-03 22:14:26Z" end-time="2017-08-03 22:14:26Z" duration="0.000088" asserts="1" />
            <test-case id="0-1470" name="NonPawnMoveParse(&quot;Kf2-f4&quot;,ChessWithTDD.Move)" fullname="ChessWithTDD.Tests.AlgebraicNotationParserTests.NonPawnMoveParse(&quot;Kf2-f4&quot;,ChessWithTDD.Move)" methodname="NonPawnMoveParse" classname="ChessWithTDD.Tests.AlgebraicNotationParserTests" runstate="Runnable" seed="1280268761" result="Passed" start-time="2017-08-03 22:14:26Z" end-time="2017-08-03 22:14:26Z" duration="0.000082" asserts="1" />
            <test-case id="0-1471" name="NonPawnMoveParse(&quot;Kg2-g4&quot;,ChessWithTDD.Move)" fullname="ChessWithTDD.Tests.AlgebraicNotationParserTests.NonPawnMoveParse(&quot;Kg2-g4&quot;,ChessWithTDD.Move)" methodname="NonPawnMoveParse" classname="ChessWithTDD.Tests.AlgebraicNotationParserTests" runstate="Runnable" seed="1797093437" result="Passed" start-time="2017-08-03 22:14:26Z" end-time="2017-08-03 22:14:26Z" duration="0.000093" asserts="1" />
            <test-case id="0-1472" name="NonPawnMoveParse(&quot;Kh2-h4&quot;,ChessWithTDD.Move)" fullname="ChessWithTDD.Tests.AlgebraicNotationParserTests.NonPawnMoveParse(&quot;Kh2-h4&quot;,ChessWithTDD.Move)" methodname="NonPawnMoveParse" classname="ChessWithTDD.Tests.AlgebraicNotationParserTests" runstate="Runnable" seed="1926011794" result="Passed" start-time="2017-08-03 22:14:26Z" end-time="2017-08-03 22:14:26Z" duration="0.000091" asserts="1" />
            <test-case id="0-1473" name="NonPawnMoveParse(&quot;Qa7-a5&quot;,ChessWithTDD.Move)" fullname="ChessWithTDD.Tests.AlgebraicNotationParserTests.NonPawnMoveParse(&quot;Qa7-a5&quot;,ChessWithTDD.Move)" methodname="NonPawnMoveParse" classname="ChessWithTDD.Tests.AlgebraicNotationParserTests" runstate="Runnable" seed="1190298077" result="Passed" start-time="2017-08-03 22:14:26Z" end-time="2017-08-03 22:14:26Z" duration="0.000093" asserts="1" />
            <test-case id="0-1474" name="NonPawnMoveParse(&quot;Qb7-b5&quot;,ChessWithTDD.Move)" fullname="ChessWithTDD.Tests.AlgebraicNotationParserTests.NonPawnMoveParse(&quot;Qb7-b5&quot;,ChessWithTDD.Move)" methodname="NonPawnMoveParse" classname="ChessWithTDD.Tests.AlgebraicNotationParserTests" runstate="Runnable" seed="1973385780" result="Passed" start-time="2017-08-03 22:14:26Z" end-time="2017-08-03 22:14:26Z" duration="0.000150" asserts="1" />
            <test-case id="0-1475" name="NonPawnMoveParse(&quot;Qc7-c5&quot;,ChessWithTDD.Move)" fullname="ChessWithTDD.Tests.AlgebraicNotationParserTests.NonPawnMoveParse(&quot;Qc7-c5&quot;,ChessWithTDD.Move)" methodname="NonPawnMoveParse" classname="ChessWithTDD.Tests.AlgebraicNotationParserTests" runstate="Runnable" seed="968577132" result="Passed" start-time="2017-08-03 22:14:26Z" end-time="2017-08-03 22:14:26Z" duration="0.000117" asserts="1" />
            <test-case id="0-1476" name="NonPawnMoveParse(&quot;Qd7-d5&quot;,ChessWithTDD.Move)" fullname="ChessWithTDD.Tests.AlgebraicNotationParserTests.NonPawnMoveParse(&quot;Qd7-d5&quot;,ChessWithTDD.Move)" methodname="NonPawnMoveParse" classname="ChessWithTDD.Tests.AlgebraicNotationParserTests" runstate="Runnable" seed="843556626" result="Passed" start-time="2017-08-03 22:14:26Z" end-time="2017-08-03 22:14:26Z" duration="0.000109" asserts="1" />
            <test-case id="0-1477" name="NonPawnMoveParse(&quot;Qe7-e5&quot;,ChessWithTDD.Move)" fullname="ChessWithTDD.Tests.AlgebraicNotationParserTests.NonPawnMoveParse(&quot;Qe7-e5&quot;,ChessWithTDD.Move)" methodname="NonPawnMoveParse" classname="ChessWithTDD.Tests.AlgebraicNotationParserTests" runstate="Runnable" seed="632846234" result="Passed" start-time="2017-08-03 22:14:26Z" end-time="2017-08-03 22:14:26Z" duration="0.000124" asserts="1" />
            <test-case id="0-1478" name="NonPawnMoveParse(&quot;Qf7-f5&quot;,ChessWithTDD.Move)" fullname="ChessWithTDD.Tests.AlgebraicNotationParserTests.NonPawnMoveParse(&quot;Qf7-f5&quot;,ChessWithTDD.Move)" methodname="NonPawnMoveParse" classname="ChessWithTDD.Tests.AlgebraicNotationParserTests" runstate="Runnable" seed="1840894724" result="Passed" start-time="2017-08-03 22:14:26Z" end-time="2017-08-03 22:14:26Z" duration="0.000105" asserts="1" />
            <test-case id="0-1479" name="NonPawnMoveParse(&quot;Qg7-g5&quot;,ChessWithTDD.Move)" fullname="ChessWithTDD.Tests.AlgebraicNotationParserTests.NonPawnMoveParse(&quot;Qg7-g5&quot;,ChessWithTDD.Move)" methodname="NonPawnMoveParse" classname="ChessWithTDD.Tests.AlgebraicNotationParserTests" runstate="Runnable" seed="525723374" result="Passed" start-time="2017-08-03 22:14:26Z" end-time="2017-08-03 22:14:26Z" duration="0.000123" asserts="1" />
            <test-case id="0-1480" name="NonPawnMoveParse(&quot;Qh7-h5&quot;,ChessWithTDD.Move)" fullname="ChessWithTDD.Tests.AlgebraicNotationParserTests.NonPawnMoveParse(&quot;Qh7-h5&quot;,ChessWithTDD.Move)" methodname="NonPawnMoveParse" classname="ChessWithTDD.Tests.AlgebraicNotationParserTests" runstate="Runnable" seed="1383528359" result="Passed" start-time="2017-08-03 22:14:26Z" end-time="2017-08-03 22:14:26Z" duration="0.000120" asserts="1" />
            <test-case id="0-1481" name="NonPawnMoveParse(&quot;Ra2-a3&quot;,ChessWithTDD.Move)" fullname="ChessWithTDD.Tests.AlgebraicNotationParserTests.NonPawnMoveParse(&quot;Ra2-a3&quot;,ChessWithTDD.Move)" methodname="NonPawnMoveParse" classname="ChessWithTDD.Tests.AlgebraicNotationParserTests" runstate="Runnable" seed="1313383200" result="Passed" start-time="2017-08-03 22:14:26Z" end-time="2017-08-03 22:14:26Z" duration="0.000089" asserts="1" />
            <test-case id="0-1482" name="NonPawnMoveParse(&quot;Rb2-b3&quot;,ChessWithTDD.Move)" fullname="ChessWithTDD.Tests.AlgebraicNotationParserTests.NonPawnMoveParse(&quot;Rb2-b3&quot;,ChessWithTDD.Move)" methodname="NonPawnMoveParse" classname="ChessWithTDD.Tests.AlgebraicNotationParserTests" runstate="Runnable" seed="1373354557" result="Passed" start-time="2017-08-03 22:14:26Z" end-time="2017-08-03 22:14:26Z" duration="0.000092" asserts="1" />
            <test-case id="0-1483" name="NonPawnMoveParse(&quot;Rc2-c3&quot;,ChessWithTDD.Move)" fullname="ChessWithTDD.Tests.AlgebraicNotationParserTests.NonPawnMoveParse(&quot;Rc2-c3&quot;,ChessWithTDD.Move)" methodname="NonPawnMoveParse" classname="ChessWithTDD.Tests.AlgebraicNotationParserTests" runstate="Runnable" seed="587412696" result="Passed" start-time="2017-08-03 22:14:26Z" end-time="2017-08-03 22:14:26Z" duration="0.000105" asserts="1" />
            <test-case id="0-1484" name="NonPawnMoveParse(&quot;Rd2-d3&quot;,ChessWithTDD.Move)" fullname="ChessWithTDD.Tests.AlgebraicNotationParserTests.NonPawnMoveParse(&quot;Rd2-d3&quot;,ChessWithTDD.Move)" methodname="NonPawnMoveParse" classname="ChessWithTDD.Tests.AlgebraicNotationParserTests" runstate="Runnable" seed="451596628" result="Passed" start-time="2017-08-03 22:14:26Z" end-time="2017-08-03 22:14:26Z" duration="0.000106" asserts="1" />
            <test-case id="0-1485" name="NonPawnMoveParse(&quot;Re2-e3&quot;,ChessWithTDD.Move)" fullname="ChessWithTDD.Tests.AlgebraicNotationParserTests.NonPawnMoveParse(&quot;Re2-e3&quot;,ChessWithTDD.Move)" methodname="NonPawnMoveParse" classname="ChessWithTDD.Tests.AlgebraicNotationParserTests" runstate="Runnable" seed="1142599857" result="Passed" start-time="2017-08-03 22:14:26Z" end-time="2017-08-03 22:14:26Z" duration="0.000111" asserts="1" />
            <test-case id="0-1486" name="NonPawnMoveParse(&quot;Rf2-f3&quot;,ChessWithTDD.Move)" fullname="ChessWithTDD.Tests.AlgebraicNotationParserTests.NonPawnMoveParse(&quot;Rf2-f3&quot;,ChessWithTDD.Move)" methodname="NonPawnMoveParse" classname="ChessWithTDD.Tests.AlgebraicNotationParserTests" runstate="Runnable" seed="916824142" result="Passed" start-time="2017-08-03 22:14:26Z" end-time="2017-08-03 22:14:26Z" duration="0.000104" asserts="1" />
            <test-case id="0-1487" name="NonPawnMoveParse(&quot;Rg2-g3&quot;,ChessWithTDD.Move)" fullname="ChessWithTDD.Tests.AlgebraicNotationParserTests.NonPawnMoveParse(&quot;Rg2-g3&quot;,ChessWithTDD.Move)" methodname="NonPawnMoveParse" classname="ChessWithTDD.Tests.AlgebraicNotationParserTests" runstate="Runnable" seed="96980808" result="Passed" start-time="2017-08-03 22:14:26Z" end-time="2017-08-03 22:14:26Z" duration="0.000102" asserts="1" />
            <test-case id="0-1488" name="NonPawnMoveParse(&quot;Rh2-h3&quot;,ChessWithTDD.Move)" fullname="ChessWithTDD.Tests.AlgebraicNotationParserTests.NonPawnMoveParse(&quot;Rh2-h3&quot;,ChessWithTDD.Move)" methodname="NonPawnMoveParse" classname="ChessWithTDD.Tests.AlgebraicNotationParserTests" runstate="Runnable" seed="1332817197" result="Passed" start-time="2017-08-03 22:14:26Z" end-time="2017-08-03 22:14:26Z" duration="0.000103" asserts="1" />
            <test-case id="0-1489" name="NonPawnMoveParse(&quot;Ba7-a6&quot;,ChessWithTDD.Move)" fullname="ChessWithTDD.Tests.AlgebraicNotationParserTests.NonPawnMoveParse(&quot;Ba7-a6&quot;,ChessWithTDD.Move)" methodname="NonPawnMoveParse" classname="ChessWithTDD.Tests.AlgebraicNotationParserTests" runstate="Runnable" seed="1055547028" result="Passed" start-time="2017-08-03 22:14:26Z" end-time="2017-08-03 22:14:26Z" duration="0.000102" asserts="1" />
            <test-case id="0-1490" name="NonPawnMoveParse(&quot;Bb7-b6&quot;,ChessWithTDD.Move)" fullname="ChessWithTDD.Tests.AlgebraicNotationParserTests.NonPawnMoveParse(&quot;Bb7-b6&quot;,ChessWithTDD.Move)" methodname="NonPawnMoveParse" classname="ChessWithTDD.Tests.AlgebraicNotationParserTests" runstate="Runnable" seed="704357699" result="Passed" start-time="2017-08-03 22:14:26Z" end-time="2017-08-03 22:14:26Z" duration="0.000095" asserts="1" />
            <test-case id="0-1491" name="NonPawnMoveParse(&quot;Bc7-c6&quot;,ChessWithTDD.Move)" fullname="ChessWithTDD.Tests.AlgebraicNotationParserTests.NonPawnMoveParse(&quot;Bc7-c6&quot;,ChessWithTDD.Move)" methodname="NonPawnMoveParse" classname="ChessWithTDD.Tests.AlgebraicNotationParserTests" runstate="Runnable" seed="1521931000" result="Passed" start-time="2017-08-03 22:14:26Z" end-time="2017-08-03 22:14:26Z" duration="0.000096" asserts="1" />
            <test-case id="0-1492" name="NonPawnMoveParse(&quot;Bd7-d6&quot;,ChessWithTDD.Move)" fullname="ChessWithTDD.Tests.AlgebraicNotationParserTests.NonPawnMoveParse(&quot;Bd7-d6&quot;,ChessWithTDD.Move)" methodname="NonPawnMoveParse" classname="ChessWithTDD.Tests.AlgebraicNotationParserTests" runstate="Runnable" seed="1230526263" result="Passed" start-time="2017-08-03 22:14:26Z" end-time="2017-08-03 22:14:26Z" duration="0.000104" asserts="1" />
            <test-case id="0-1493" name="NonPawnMoveParse(&quot;Be7-e6&quot;,ChessWithTDD.Move)" fullname="ChessWithTDD.Tests.AlgebraicNotationParserTests.NonPawnMoveParse(&quot;Be7-e6&quot;,ChessWithTDD.Move)" methodname="NonPawnMoveParse" classname="ChessWithTDD.Tests.AlgebraicNotationParserTests" runstate="Runnable" seed="69489416" result="Passed" start-time="2017-08-03 22:14:27Z" end-time="2017-08-03 22:14:27Z" duration="0.000094" asserts="1" />
            <test-case id="0-1494" name="NonPawnMoveParse(&quot;Bf7-f6&quot;,ChessWithTDD.Move)" fullname="ChessWithTDD.Tests.AlgebraicNotationParserTests.NonPawnMoveParse(&quot;Bf7-f6&quot;,ChessWithTDD.Move)" methodname="NonPawnMoveParse" classname="ChessWithTDD.Tests.AlgebraicNotationParserTests" runstate="Runnable" seed="1384455319" result="Passed" start-time="2017-08-03 22:14:27Z" end-time="2017-08-03 22:14:27Z" duration="0.000090" asserts="1" />
            <test-case id="0-1495" name="NonPawnMoveParse(&quot;Bg7-g6&quot;,ChessWithTDD.Move)" fullname="ChessWithTDD.Tests.AlgebraicNotationParserTests.NonPawnMoveParse(&quot;Bg7-g6&quot;,ChessWithTDD.Move)" methodname="NonPawnMoveParse" classname="ChessWithTDD.Tests.AlgebraicNotationParserTests" runstate="Runnable" seed="33008470" result="Passed" start-time="2017-08-03 22:14:27Z" end-time="2017-08-03 22:14:27Z" duration="0.000097" asserts="1" />
            <test-case id="0-1496" name="NonPawnMoveParse(&quot;Bh7-h6&quot;,ChessWithTDD.Move)" fullname="ChessWithTDD.Tests.AlgebraicNotationParserTests.NonPawnMoveParse(&quot;Bh7-h6&quot;,ChessWithTDD.Move)" methodname="NonPawnMoveParse" classname="ChessWithTDD.Tests.AlgebraicNotationParserTests" runstate="Runnable" seed="315077438" result="Passed" start-time="2017-08-03 22:14:27Z" end-time="2017-08-03 22:14:27Z" duration="0.000092" asserts="1" />
            <test-case id="0-1497" name="NonPawnMoveParse(&quot;Na2xb3&quot;,ChessWithTDD.Move)" fullname="ChessWithTDD.Tests.AlgebraicNotationParserTests.NonPawnMoveParse(&quot;Na2xb3&quot;,ChessWithTDD.Move)" methodname="NonPawnMoveParse" classname="ChessWithTDD.Tests.AlgebraicNotationParserTests" runstate="Runnable" seed="2077238083" result="Passed" start-time="2017-08-03 22:14:27Z" end-time="2017-08-03 22:14:27Z" duration="0.000088" asserts="1" />
            <test-case id="0-1498" name="NonPawnMoveParse(&quot;Nb2xc3&quot;,ChessWithTDD.Move)" fullname="ChessWithTDD.Tests.AlgebraicNotationParserTests.NonPawnMoveParse(&quot;Nb2xc3&quot;,ChessWithTDD.Move)" methodname="NonPawnMoveParse" classname="ChessWithTDD.Tests.AlgebraicNotationParserTests" runstate="Runnable" seed="767454223" result="Passed" start-time="2017-08-03 22:14:27Z" end-time="2017-08-03 22:14:27Z" duration="0.000126" asserts="1" />
            <test-case id="0-1499" name="NonPawnMoveParse(&quot;Nc2xd3&quot;,ChessWithTDD.Move)" fullname="ChessWithTDD.Tests.AlgebraicNotationParserTests.NonPawnMoveParse(&quot;Nc2xd3&quot;,ChessWithTDD.Move)" methodname="NonPawnMoveParse" classname="ChessWithTDD.Tests.AlgebraicNotationParserTests" runstate="Runnable" seed="1832923911" result="Passed" start-time="2017-08-03 22:14:27Z" end-time="2017-08-03 22:14:27Z" duration="0.000118" asserts="1" />
            <test-case id="0-1500" name="NonPawnMoveParse(&quot;Nd2xe3&quot;,ChessWithTDD.Move)" fullname="ChessWithTDD.Tests.AlgebraicNotationParserTests.NonPawnMoveParse(&quot;Nd2xe3&quot;,ChessWithTDD.Move)" methodname="NonPawnMoveParse" classname="ChessWithTDD.Tests.AlgebraicNotationParserTests" runstate="Runnable" seed="1584076149" result="Passed" start-time="2017-08-03 22:14:27Z" end-time="2017-08-03 22:14:27Z" duration="0.000101" asserts="1" />
            <test-case id="0-1501" name="NonPawnMoveParse(&quot;Ne2xf3&quot;,ChessWithTDD.Move)" fullname="ChessWithTDD.Tests.AlgebraicNotationParserTests.NonPawnMoveParse(&quot;Ne2xf3&quot;,ChessWithTDD.Move)" methodname="NonPawnMoveParse" classname="ChessWithTDD.Tests.AlgebraicNotationParserTests" runstate="Runnable" seed="1531005264" result="Passed" start-time="2017-08-03 22:14:27Z" end-time="2017-08-03 22:14:27Z" duration="0.000090" asserts="1" />
            <test-case id="0-1502" name="NonPawnMoveParse(&quot;Nf2xg3&quot;,ChessWithTDD.Move)" fullname="ChessWithTDD.Tests.AlgebraicNotationParserTests.NonPawnMoveParse(&quot;Nf2xg3&quot;,ChessWithTDD.Move)" methodname="NonPawnMoveParse" classname="ChessWithTDD.Tests.AlgebraicNotationParserTests" runstate="Runnable" seed="625566160" result="Passed" start-time="2017-08-03 22:14:27Z" end-time="2017-08-03 22:14:27Z" duration="0.000136" asserts="1" />
            <test-case id="0-1503" name="NonPawnMoveParse(&quot;Ng2xh3&quot;,ChessWithTDD.Move)" fullname="ChessWithTDD.Tests.AlgebraicNotationParserTests.NonPawnMoveParse(&quot;Ng2xh3&quot;,ChessWithTDD.Move)" methodname="NonPawnMoveParse" classname="ChessWithTDD.Tests.AlgebraicNotationParserTests" runstate="Runnable" seed="418459461" result="Passed" start-time="2017-08-03 22:14:27Z" end-time="2017-08-03 22:14:27Z" duration="0.000096" asserts="1" />
            <test-case id="0-1504" name="NonPawnMoveParse(&quot;Nh2xg3&quot;,ChessWithTDD.Move)" fullname="ChessWithTDD.Tests.AlgebraicNotationParserTests.NonPawnMoveParse(&quot;Nh2xg3&quot;,ChessWithTDD.Move)" methodname="NonPawnMoveParse" classname="ChessWithTDD.Tests.AlgebraicNotationParserTests" runstate="Runnable" seed="500315106" result="Passed" start-time="2017-08-03 22:14:27Z" end-time="2017-08-03 22:14:27Z" duration="0.000134" asserts="1" />
            <test-case id="0-1505" name="NonPawnMoveParse(&quot;Qa2xb3+&quot;,ChessWithTDD.Move)" fullname="ChessWithTDD.Tests.AlgebraicNotationParserTests.NonPawnMoveParse(&quot;Qa2xb3+&quot;,ChessWithTDD.Move)" methodname="NonPawnMoveParse" classname="ChessWithTDD.Tests.AlgebraicNotationParserTests" runstate="Runnable" seed="732609804" result="Passed" start-time="2017-08-03 22:14:27Z" end-time="2017-08-03 22:14:27Z" duration="0.000102" asserts="1" />
            <test-case id="0-1506" name="NonPawnMoveParse(&quot;Kb2xc3#&quot;,ChessWithTDD.Move)" fullname="ChessWithTDD.Tests.AlgebraicNotationParserTests.NonPawnMoveParse(&quot;Kb2xc3#&quot;,ChessWithTDD.Move)" methodname="NonPawnMoveParse" classname="ChessWithTDD.Tests.AlgebraicNotationParserTests" runstate="Runnable" seed="1135582148" result="Passed" start-time="2017-08-03 22:14:27Z" end-time="2017-08-03 22:14:27Z" duration="0.000135" asserts="1" />
            <test-case id="0-1507" name="NonPawnMoveParse(&quot;Ng7-g6+&quot;,ChessWithTDD.Move)" fullname="ChessWithTDD.Tests.AlgebraicNotationParserTests.NonPawnMoveParse(&quot;Ng7-g6+&quot;,ChessWithTDD.Move)" methodname="NonPawnMoveParse" classname="ChessWithTDD.Tests.AlgebraicNotationParserTests" runstate="Runnable" seed="677087984" result="Passed" start-time="2017-08-03 22:14:27Z" end-time="2017-08-03 22:14:27Z" duration="0.000090" asserts="1" />
            <test-case id="0-1508" name="NonPawnMoveParse(&quot;Bh7-h6#&quot;,ChessWithTDD.Move)" fullname="ChessWithTDD.Tests.AlgebraicNotationParserTests.NonPawnMoveParse(&quot;Bh7-h6#&quot;,ChessWithTDD.Move)" methodname="NonPawnMoveParse" classname="ChessWithTDD.Tests.AlgebraicNotationParserTests" runstate="Runnable" seed="913514076" result="Passed" start-time="2017-08-03 22:14:27Z" end-time="2017-08-03 22:14:27Z" duration="0.000096" asserts="1" />
          </test-suite>
          <test-suite type="ParameterizedMethod" id="0-1526" name="NonPawnMoveParseFails" fullname="ChessWithTDD.Tests.AlgebraicNotationParserTests.NonPawnMoveParseFails" classname="ChessWithTDD.Tests.AlgebraicNotationParserTests" runstate="Runnable" testcasecount="16" result="Passed" start-time="2017-08-03 22:14:27Z" end-time="2017-08-03 22:14:27Z" duration="0.051511" total="16" passed="16" failed="0" warnings="0" inconclusive="0" skipped="0" asserts="16">
            <test-case id="0-1510" name="NonPawnMoveParseFails(&quot;Ka2ga4&quot;)" fullname="ChessWithTDD.Tests.AlgebraicNotationParserTests.NonPawnMoveParseFails(&quot;Ka2ga4&quot;)" methodname="NonPawnMoveParseFails" classname="ChessWithTDD.Tests.AlgebraicNotationParserTests" runstate="Runnable" seed="143495945" result="Passed" start-time="2017-08-03 22:14:27Z" end-time="2017-08-03 22:14:27Z" duration="0.000532" asserts="1" />
            <test-case id="0-1511" name="NonPawnMoveParseFails(&quot;Bb25b4&quot;)" fullname="ChessWithTDD.Tests.AlgebraicNotationParserTests.NonPawnMoveParseFails(&quot;Bb25b4&quot;)" methodname="NonPawnMoveParseFails" classname="ChessWithTDD.Tests.AlgebraicNotationParserTests" runstate="Runnable" seed="2043420253" result="Passed" start-time="2017-08-03 22:14:27Z" end-time="2017-08-03 22:14:27Z" duration="0.000079" asserts="1" />
            <test-case id="0-1512" name="NonPawnMoveParseFails(&quot;Qc26c4&quot;)" fullname="ChessWithTDD.Tests.AlgebraicNotationParserTests.NonPawnMoveParseFails(&quot;Qc26c4&quot;)" methodname="NonPawnMoveParseFails" classname="ChessWithTDD.Tests.AlgebraicNotationParserTests" runstate="Runnable" seed="157567979" result="Passed" start-time="2017-08-03 22:14:27Z" end-time="2017-08-03 22:14:27Z" duration="0.000063" asserts="1" />
            <test-case id="0-1513" name="NonPawnMoveParseFails(&quot;Nd2ld4&quot;)" fullname="ChessWithTDD.Tests.AlgebraicNotationParserTests.NonPawnMoveParseFails(&quot;Nd2ld4&quot;)" methodname="NonPawnMoveParseFails" classname="ChessWithTDD.Tests.AlgebraicNotationParserTests" runstate="Runnable" seed="258301679" result="Passed" start-time="2017-08-03 22:14:27Z" end-time="2017-08-03 22:14:27Z" duration="0.000062" asserts="1" />
            <test-case id="0-1514" name="NonPawnMoveParseFails(&quot;Re2;e4&quot;)" fullname="ChessWithTDD.Tests.AlgebraicNotationParserTests.NonPawnMoveParseFails(&quot;Re2;e4&quot;)" methodname="NonPawnMoveParseFails" classname="ChessWithTDD.Tests.AlgebraicNotationParserTests" runstate="Runnable" seed="97034795" result="Passed" start-time="2017-08-03 22:14:27Z" end-time="2017-08-03 22:14:27Z" duration="0.000069" asserts="1" />
            <test-case id="0-1515" name="NonPawnMoveParseFails(&quot;Kf2+f4&quot;)" fullname="ChessWithTDD.Tests.AlgebraicNotationParserTests.NonPawnMoveParseFails(&quot;Kf2+f4&quot;)" methodname="NonPawnMoveParseFails" classname="ChessWithTDD.Tests.AlgebraicNotationParserTests" runstate="Runnable" seed="1914405821" result="Passed" start-time="2017-08-03 22:14:27Z" end-time="2017-08-03 22:14:27Z" duration="0.000072" asserts="1" />
            <test-case id="0-1516" name="NonPawnMoveParseFails(&quot;Bg2--g4&quot;)" fullname="ChessWithTDD.Tests.AlgebraicNotationParserTests.NonPawnMoveParseFails(&quot;Bg2--g4&quot;)" methodname="NonPawnMoveParseFails" classname="ChessWithTDD.Tests.AlgebraicNotationParserTests" runstate="Runnable" seed="243393722" result="Passed" start-time="2017-08-03 22:14:27Z" end-time="2017-08-03 22:14:27Z" duration="0.000068" asserts="1" />
            <test-case id="0-1517" name="NonPawnMoveParseFails(&quot;Qh2=h4&quot;)" fullname="ChessWithTDD.Tests.AlgebraicNotationParserTests.NonPawnMoveParseFails(&quot;Qh2=h4&quot;)" methodname="NonPawnMoveParseFails" classname="ChessWithTDD.Tests.AlgebraicNotationParserTests" runstate="Runnable" seed="946522207" result="Passed" start-time="2017-08-03 22:14:27Z" end-time="2017-08-03 22:14:27Z" duration="0.000134" asserts="1" />
            <test-case id="0-1518" name="NonPawnMoveParseFails(&quot;Nz2-a4&quot;)" fullname="ChessWithTDD.Tests.AlgebraicNotationParserTests.NonPawnMoveParseFails(&quot;Nz2-a4&quot;)" methodname="NonPawnMoveParseFails" classname="ChessWithTDD.Tests.AlgebraicNotationParserTests" runstate="Runnable" seed="1419520982" result="Passed" start-time="2017-08-03 22:14:27Z" end-time="2017-08-03 22:14:27Z" duration="0.000072" asserts="1" />
            <test-case id="0-1519" name="NonPawnMoveParseFails(&quot;Ra2-z4&quot;)" fullname="ChessWithTDD.Tests.AlgebraicNotationParserTests.NonPawnMoveParseFails(&quot;Ra2-z4&quot;)" methodname="NonPawnMoveParseFails" classname="ChessWithTDD.Tests.AlgebraicNotationParserTests" runstate="Runnable" seed="1500835005" result="Passed" start-time="2017-08-03 22:14:27Z" end-time="2017-08-03 22:14:27Z" duration="0.000085" asserts="1" />
            <test-case id="0-1520" name="NonPawnMoveParseFails(&quot;Kb9-b4&quot;)" fullname="ChessWithTDD.Tests.AlgebraicNotationParserTests.NonPawnMoveParseFails(&quot;Kb9-b4&quot;)" methodname="NonPawnMoveParseFails" classname="ChessWithTDD.Tests.AlgebraicNotationParserTests" runstate="Runnable" seed="1807012537" result="Passed" start-time="2017-08-03 22:14:27Z" end-time="2017-08-03 22:14:27Z" duration="0.000090" asserts="1" />
            <test-case id="0-1521" name="NonPawnMoveParseFails(&quot;Bc2-c9&quot;)" fullname="ChessWithTDD.Tests.AlgebraicNotationParserTests.NonPawnMoveParseFails(&quot;Bc2-c9&quot;)" methodname="NonPawnMoveParseFails" classname="ChessWithTDD.Tests.AlgebraicNotationParserTests" runstate="Runnable" seed="757971116" result="Passed" start-time="2017-08-03 22:14:27Z" end-time="2017-08-03 22:14:27Z" duration="0.000148" asserts="1" />
            <test-case id="0-1522" name="NonPawnMoveParseFails(&quot;Qc29-c9&quot;)" fullname="ChessWithTDD.Tests.AlgebraicNotationParserTests.NonPawnMoveParseFails(&quot;Qc29-c9&quot;)" methodname="NonPawnMoveParseFails" classname="ChessWithTDD.Tests.AlgebraicNotationParserTests" runstate="Runnable" seed="1221797255" result="Passed" start-time="2017-08-03 22:14:27Z" end-time="2017-08-03 22:14:27Z" duration="0.000067" asserts="1" />
            <test-case id="0-1523" name="NonPawnMoveParseFails(&quot;Nc2-c7x&quot;)" fullname="ChessWithTDD.Tests.AlgebraicNotationParserTests.NonPawnMoveParseFails(&quot;Nc2-c7x&quot;)" methodname="NonPawnMoveParseFails" classname="ChessWithTDD.Tests.AlgebraicNotationParserTests" runstate="Runnable" seed="1120726537" result="Passed" start-time="2017-08-03 22:14:27Z" end-time="2017-08-03 22:14:27Z" duration="0.000074" asserts="1" />
            <test-case id="0-1524" name="NonPawnMoveParseFails(&quot;Re0-e4&quot;)" fullname="ChessWithTDD.Tests.AlgebraicNotationParserTests.NonPawnMoveParseFails(&quot;Re0-e4&quot;)" methodname="NonPawnMoveParseFails" classname="ChessWithTDD.Tests.AlgebraicNotationParserTests" runstate="Runnable" seed="854540998" result="Passed" start-time="2017-08-03 22:14:27Z" end-time="2017-08-03 22:14:27Z" duration="0.000116" asserts="1" />
            <test-case id="0-1525" name="NonPawnMoveParseFails(&quot;Ke4-e0&quot;)" fullname="ChessWithTDD.Tests.AlgebraicNotationParserTests.NonPawnMoveParseFails(&quot;Ke4-e0&quot;)" methodname="NonPawnMoveParseFails" classname="ChessWithTDD.Tests.AlgebraicNotationParserTests" runstate="Runnable" seed="569263344" result="Passed" start-time="2017-08-03 22:14:27Z" end-time="2017-08-03 22:14:27Z" duration="0.000100" asserts="1" />
          </test-suite>
          <test-suite type="ParameterizedMethod" id="0-1536" name="PawnMoveCheckAndMateFalse" fullname="ChessWithTDD.Tests.AlgebraicNotationParserTests.PawnMoveCheckAndMateFalse" classname="ChessWithTDD.Tests.AlgebraicNotationParserTests" runstate="Runnable" testcasecount="4" result="Passed" start-time="2017-08-03 22:14:27Z" end-time="2017-08-03 22:14:27Z" duration="0.013518" total="4" passed="4" failed="0" warnings="0" inconclusive="0" skipped="0" asserts="8">
            <test-case id="0-1532" name="PawnMoveCheckAndMateFalse(&quot;a2-a4&quot;)" fullname="ChessWithTDD.Tests.AlgebraicNotationParserTests.PawnMoveCheckAndMateFalse(&quot;a2-a4&quot;)" methodname="PawnMoveCheckAndMateFalse" classname="ChessWithTDD.Tests.AlgebraicNotationParserTests" runstate="Runnable" seed="1176180031" result="Passed" start-time="2017-08-03 22:14:27Z" end-time="2017-08-03 22:14:27Z" duration="0.001786" asserts="2" />
            <test-case id="0-1533" name="PawnMoveCheckAndMateFalse(&quot;d7-d5&quot;)" fullname="ChessWithTDD.Tests.AlgebraicNotationParserTests.PawnMoveCheckAndMateFalse(&quot;d7-d5&quot;)" methodname="PawnMoveCheckAndMateFalse" classname="ChessWithTDD.Tests.AlgebraicNotationParserTests" runstate="Runnable" seed="1608499295" result="Passed" start-time="2017-08-03 22:14:27Z" end-time="2017-08-03 22:14:27Z" duration="0.000120" asserts="2" />
            <test-case id="0-1534" name="PawnMoveCheckAndMateFalse(&quot;c2-c3&quot;)" fullname="ChessWithTDD.Tests.AlgebraicNotationParserTests.PawnMoveCheckAndMateFalse(&quot;c2-c3&quot;)" methodname="PawnMoveCheckAndMateFalse" classname="ChessWithTDD.Tests.AlgebraicNotationParserTests" runstate="Runnable" seed="1947001600" result="Passed" start-time="2017-08-03 22:14:27Z" end-time="2017-08-03 22:14:27Z" duration="0.000096" asserts="2" />
            <test-case id="0-1535" name="PawnMoveCheckAndMateFalse(&quot;f2xg3&quot;)" fullname="ChessWithTDD.Tests.AlgebraicNotationParserTests.PawnMoveCheckAndMateFalse(&quot;f2xg3&quot;)" methodname="PawnMoveCheckAndMateFalse" classname="ChessWithTDD.Tests.AlgebraicNotationParserTests" runstate="Runnable" seed="1690246133" result="Passed" start-time="2017-08-03 22:14:27Z" end-time="2017-08-03 22:14:27Z" duration="0.000114" asserts="2" />
          </test-suite>
          <test-suite type="ParameterizedMethod" id="0-1541" name="PawnMoveCheckAndMateTrue" fullname="ChessWithTDD.Tests.AlgebraicNotationParserTests.PawnMoveCheckAndMateTrue" classname="ChessWithTDD.Tests.AlgebraicNotationParserTests" runstate="Runnable" testcasecount="4" result="Passed" start-time="2017-08-03 22:14:27Z" end-time="2017-08-03 22:14:27Z" duration="0.012643" total="4" passed="4" failed="0" warnings="0" inconclusive="0" skipped="0" asserts="8">
            <test-case id="0-1537" name="PawnMoveCheckAndMateTrue(&quot;a2-a4#&quot;)" fullname="ChessWithTDD.Tests.AlgebraicNotationParserTests.PawnMoveCheckAndMateTrue(&quot;a2-a4#&quot;)" methodname="PawnMoveCheckAndMateTrue" classname="ChessWithTDD.Tests.AlgebraicNotationParserTests" runstate="Runnable" seed="388850271" result="Passed" start-time="2017-08-03 22:14:27Z" end-time="2017-08-03 22:14:27Z" duration="0.000470" asserts="2" />
            <test-case id="0-1538" name="PawnMoveCheckAndMateTrue(&quot;d7-d5#&quot;)" fullname="ChessWithTDD.Tests.AlgebraicNotationParserTests.PawnMoveCheckAndMateTrue(&quot;d7-d5#&quot;)" methodname="PawnMoveCheckAndMateTrue" classname="ChessWithTDD.Tests.AlgebraicNotationParserTests" runstate="Runnable" seed="50692753" result="Passed" start-time="2017-08-03 22:14:27Z" end-time="2017-08-03 22:14:27Z" duration="0.000097" asserts="2" />
            <test-case id="0-1539" name="PawnMoveCheckAndMateTrue(&quot;c2-c3#&quot;)" fullname="ChessWithTDD.Tests.AlgebraicNotationParserTests.PawnMoveCheckAndMateTrue(&quot;c2-c3#&quot;)" methodname="PawnMoveCheckAndMateTrue" classname="ChessWithTDD.Tests.AlgebraicNotationParserTests" runstate="Runnable" seed="1363376044" result="Passed" start-time="2017-08-03 22:14:27Z" end-time="2017-08-03 22:14:27Z" duration="0.000098" asserts="2" />
            <test-case id="0-1540" name="PawnMoveCheckAndMateTrue(&quot;f2xg3#&quot;)" fullname="ChessWithTDD.Tests.AlgebraicNotationParserTests.PawnMoveCheckAndMateTrue(&quot;f2xg3#&quot;)" methodname="PawnMoveCheckAndMateTrue" classname="ChessWithTDD.Tests.AlgebraicNotationParserTests" runstate="Runnable" seed="684516301" result="Passed" start-time="2017-08-03 22:14:27Z" end-time="2017-08-03 22:14:27Z" duration="0.000104" asserts="2" />
          </test-suite>
          <test-suite type="ParameterizedMethod" id="0-1531" name="PawnMoveCheckTrueMateFalse" fullname="ChessWithTDD.Tests.AlgebraicNotationParserTests.PawnMoveCheckTrueMateFalse" classname="ChessWithTDD.Tests.AlgebraicNotationParserTests" runstate="Runnable" testcasecount="4" result="Passed" start-time="2017-08-03 22:14:27Z" end-time="2017-08-03 22:14:27Z" duration="0.012512" total="4" passed="4" failed="0" warnings="0" inconclusive="0" skipped="0" asserts="8">
            <test-case id="0-1527" name="PawnMoveCheckTrueMateFalse(&quot;a2-a4+&quot;)" fullname="ChessWithTDD.Tests.AlgebraicNotationParserTests.PawnMoveCheckTrueMateFalse(&quot;a2-a4+&quot;)" methodname="PawnMoveCheckTrueMateFalse" classname="ChessWithTDD.Tests.AlgebraicNotationParserTests" runstate="Runnable" seed="366786094" result="Passed" start-time="2017-08-03 22:14:27Z" end-time="2017-08-03 22:14:27Z" duration="0.000483" asserts="2" />
            <test-case id="0-1528" name="PawnMoveCheckTrueMateFalse(&quot;d7-d5+&quot;)" fullname="ChessWithTDD.Tests.AlgebraicNotationParserTests.PawnMoveCheckTrueMateFalse(&quot;d7-d5+&quot;)" methodname="PawnMoveCheckTrueMateFalse" classname="ChessWithTDD.Tests.AlgebraicNotationParserTests" runstate="Runnable" seed="1511806598" result="Passed" start-time="2017-08-03 22:14:27Z" end-time="2017-08-03 22:14:27Z" duration="0.000169" asserts="2" />
            <test-case id="0-1529" name="PawnMoveCheckTrueMateFalse(&quot;c2-c3+&quot;)" fullname="ChessWithTDD.Tests.AlgebraicNotationParserTests.PawnMoveCheckTrueMateFalse(&quot;c2-c3+&quot;)" methodname="PawnMoveCheckTrueMateFalse" classname="ChessWithTDD.Tests.AlgebraicNotationParserTests" runstate="Runnable" seed="95729682" result="Passed" start-time="2017-08-03 22:14:27Z" end-time="2017-08-03 22:14:27Z" duration="0.000097" asserts="2" />
            <test-case id="0-1530" name="PawnMoveCheckTrueMateFalse(&quot;f2xg3+&quot;)" fullname="ChessWithTDD.Tests.AlgebraicNotationParserTests.PawnMoveCheckTrueMateFalse(&quot;f2xg3+&quot;)" methodname="PawnMoveCheckTrueMateFalse" classname="ChessWithTDD.Tests.AlgebraicNotationParserTests" runstate="Runnable" seed="669802542" result="Passed" start-time="2017-08-03 22:14:27Z" end-time="2017-08-03 22:14:27Z" duration="0.000117" asserts="2" />
          </test-suite>
          <test-suite type="ParameterizedMethod" id="0-1447" name="PawnMoveParse" fullname="ChessWithTDD.Tests.AlgebraicNotationParserTests.PawnMoveParse" classname="ChessWithTDD.Tests.AlgebraicNotationParserTests" runstate="Runnable" testcasecount="44" result="Passed" start-time="2017-08-03 22:14:27Z" end-time="2017-08-03 22:14:27Z" duration="0.143004" total="44" passed="44" failed="0" warnings="0" inconclusive="0" skipped="0" asserts="44">
            <test-case id="0-1403" name="PawnMoveParse(&quot;a2-a4&quot;,ChessWithTDD.Move)" fullname="ChessWithTDD.Tests.AlgebraicNotationParserTests.PawnMoveParse(&quot;a2-a4&quot;,ChessWithTDD.Move)" methodname="PawnMoveParse" classname="ChessWithTDD.Tests.AlgebraicNotationParserTests" runstate="Runnable" seed="1317073524" result="Passed" start-time="2017-08-03 22:14:27Z" end-time="2017-08-03 22:14:27Z" duration="0.000409" asserts="1" />
            <test-case id="0-1404" name="PawnMoveParse(&quot;b2-b4&quot;,ChessWithTDD.Move)" fullname="ChessWithTDD.Tests.AlgebraicNotationParserTests.PawnMoveParse(&quot;b2-b4&quot;,ChessWithTDD.Move)" methodname="PawnMoveParse" classname="ChessWithTDD.Tests.AlgebraicNotationParserTests" runstate="Runnable" seed="1365850253" result="Passed" start-time="2017-08-03 22:14:27Z" end-time="2017-08-03 22:14:27Z" duration="0.000121" asserts="1" />
            <test-case id="0-1405" name="PawnMoveParse(&quot;c2-c4&quot;,ChessWithTDD.Move)" fullname="ChessWithTDD.Tests.AlgebraicNotationParserTests.PawnMoveParse(&quot;c2-c4&quot;,ChessWithTDD.Move)" methodname="PawnMoveParse" classname="ChessWithTDD.Tests.AlgebraicNotationParserTests" runstate="Runnable" seed="934922065" result="Passed" start-time="2017-08-03 22:14:27Z" end-time="2017-08-03 22:14:27Z" duration="0.000143" asserts="1" />
            <test-case id="0-1406" name="PawnMoveParse(&quot;d2-d4&quot;,ChessWithTDD.Move)" fullname="ChessWithTDD.Tests.AlgebraicNotationParserTests.PawnMoveParse(&quot;d2-d4&quot;,ChessWithTDD.Move)" methodname="PawnMoveParse" classname="ChessWithTDD.Tests.AlgebraicNotationParserTests" runstate="Runnable" seed="609872661" result="Passed" start-time="2017-08-03 22:14:27Z" end-time="2017-08-03 22:14:27Z" duration="0.000135" asserts="1" />
            <test-case id="0-1407" name="PawnMoveParse(&quot;e2-e4&quot;,ChessWithTDD.Move)" fullname="ChessWithTDD.Tests.AlgebraicNotationParserTests.PawnMoveParse(&quot;e2-e4&quot;,ChessWithTDD.Move)" methodname="PawnMoveParse" classname="ChessWithTDD.Tests.AlgebraicNotationParserTests" runstate="Runnable" seed="1261747771" result="Passed" start-time="2017-08-03 22:14:27Z" end-time="2017-08-03 22:14:27Z" duration="0.000094" asserts="1" />
            <test-case id="0-1408" name="PawnMoveParse(&quot;f2-f4&quot;,ChessWithTDD.Move)" fullname="ChessWithTDD.Tests.AlgebraicNotationParserTests.PawnMoveParse(&quot;f2-f4&quot;,ChessWithTDD.Move)" methodname="PawnMoveParse" classname="ChessWithTDD.Tests.AlgebraicNotationParserTests" runstate="Runnable" seed="1406317745" result="Passed" start-time="2017-08-03 22:14:27Z" end-time="2017-08-03 22:14:27Z" duration="0.000088" asserts="1" />
            <test-case id="0-1409" name="PawnMoveParse(&quot;g2-g4&quot;,ChessWithTDD.Move)" fullname="ChessWithTDD.Tests.AlgebraicNotationParserTests.PawnMoveParse(&quot;g2-g4&quot;,ChessWithTDD.Move)" methodname="PawnMoveParse" classname="ChessWithTDD.Tests.AlgebraicNotationParserTests" runstate="Runnable" seed="1336652180" result="Passed" start-time="2017-08-03 22:14:27Z" end-time="2017-08-03 22:14:27Z" duration="0.000166" asserts="1" />
            <test-case id="0-1410" name="PawnMoveParse(&quot;h2-h4&quot;,ChessWithTDD.Move)" fullname="ChessWithTDD.Tests.AlgebraicNotationParserTests.PawnMoveParse(&quot;h2-h4&quot;,ChessWithTDD.Move)" methodname="PawnMoveParse" classname="ChessWithTDD.Tests.AlgebraicNotationParserTests" runstate="Runnable" seed="402023565" result="Passed" start-time="2017-08-03 22:14:27Z" end-time="2017-08-03 22:14:27Z" duration="0.000107" asserts="1" />
            <test-case id="0-1411" name="PawnMoveParse(&quot;a7-a5&quot;,ChessWithTDD.Move)" fullname="ChessWithTDD.Tests.AlgebraicNotationParserTests.PawnMoveParse(&quot;a7-a5&quot;,ChessWithTDD.Move)" methodname="PawnMoveParse" classname="ChessWithTDD.Tests.AlgebraicNotationParserTests" runstate="Runnable" seed="1694004394" result="Passed" start-time="2017-08-03 22:14:27Z" end-time="2017-08-03 22:14:27Z" duration="0.000093" asserts="1" />
            <test-case id="0-1412" name="PawnMoveParse(&quot;b7-b5&quot;,ChessWithTDD.Move)" fullname="ChessWithTDD.Tests.AlgebraicNotationParserTests.PawnMoveParse(&quot;b7-b5&quot;,ChessWithTDD.Move)" methodname="PawnMoveParse" classname="ChessWithTDD.Tests.AlgebraicNotationParserTests" runstate="Runnable" seed="1403946125" result="Passed" start-time="2017-08-03 22:14:27Z" end-time="2017-08-03 22:14:27Z" duration="0.000145" asserts="1" />
            <test-case id="0-1413" name="PawnMoveParse(&quot;c7-c5&quot;,ChessWithTDD.Move)" fullname="ChessWithTDD.Tests.AlgebraicNotationParserTests.PawnMoveParse(&quot;c7-c5&quot;,ChessWithTDD.Move)" methodname="PawnMoveParse" classname="ChessWithTDD.Tests.AlgebraicNotationParserTests" runstate="Runnable" seed="344125535" result="Passed" start-time="2017-08-03 22:14:27Z" end-time="2017-08-03 22:14:27Z" duration="0.000089" asserts="1" />
            <test-case id="0-1414" name="PawnMoveParse(&quot;d7-d5&quot;,ChessWithTDD.Move)" fullname="ChessWithTDD.Tests.AlgebraicNotationParserTests.PawnMoveParse(&quot;d7-d5&quot;,ChessWithTDD.Move)" methodname="PawnMoveParse" classname="ChessWithTDD.Tests.AlgebraicNotationParserTests" runstate="Runnable" seed="190471061" result="Passed" start-time="2017-08-03 22:14:27Z" end-time="2017-08-03 22:14:27Z" duration="0.000093" asserts="1" />
            <test-case id="0-1415" name="PawnMoveParse(&quot;e7-e5&quot;,ChessWithTDD.Move)" fullname="ChessWithTDD.Tests.AlgebraicNotationParserTests.PawnMoveParse(&quot;e7-e5&quot;,ChessWithTDD.Move)" methodname="PawnMoveParse" classname="ChessWithTDD.Tests.AlgebraicNotationParserTests" runstate="Runnable" seed="783343056" result="Passed" start-time="2017-08-03 22:14:27Z" end-time="2017-08-03 22:14:27Z" duration="0.000112" asserts="1" />
            <test-case id="0-1416" name="PawnMoveParse(&quot;f7-f5&quot;,ChessWithTDD.Move)" fullname="ChessWithTDD.Tests.AlgebraicNotationParserTests.PawnMoveParse(&quot;f7-f5&quot;,ChessWithTDD.Move)" methodname="PawnMoveParse" classname="ChessWithTDD.Tests.AlgebraicNotationParserTests" runstate="Runnable" seed="1211264794" result="Passed" start-time="2017-08-03 22:14:27Z" end-time="2017-08-03 22:14:27Z" duration="0.000113" asserts="1" />
            <test-case id="0-1417" name="PawnMoveParse(&quot;g7-g5&quot;,ChessWithTDD.Move)" fullname="ChessWithTDD.Tests.AlgebraicNotationParserTests.PawnMoveParse(&quot;g7-g5&quot;,ChessWithTDD.Move)" methodname="PawnMoveParse" classname="ChessWithTDD.Tests.AlgebraicNotationParserTests" runstate="Runnable" seed="1733076205" result="Passed" start-time="2017-08-03 22:14:27Z" end-time="2017-08-03 22:14:27Z" duration="0.000120" asserts="1" />
            <test-case id="0-1418" name="PawnMoveParse(&quot;h7-h5&quot;,ChessWithTDD.Move)" fullname="ChessWithTDD.Tests.AlgebraicNotationParserTests.PawnMoveParse(&quot;h7-h5&quot;,ChessWithTDD.Move)" methodname="PawnMoveParse" classname="ChessWithTDD.Tests.AlgebraicNotationParserTests" runstate="Runnable" seed="801041078" result="Passed" start-time="2017-08-03 22:14:27Z" end-time="2017-08-03 22:14:27Z" duration="0.000090" asserts="1" />
            <test-case id="0-1419" name="PawnMoveParse(&quot;a2-a3&quot;,ChessWithTDD.Move)" fullname="ChessWithTDD.Tests.AlgebraicNotationParserTests.PawnMoveParse(&quot;a2-a3&quot;,ChessWithTDD.Move)" methodname="PawnMoveParse" classname="ChessWithTDD.Tests.AlgebraicNotationParserTests" runstate="Runnable" seed="1953656480" result="Passed" start-time="2017-08-03 22:14:27Z" end-time="2017-08-03 22:14:27Z" duration="0.000090" asserts="1" />
            <test-case id="0-1420" name="PawnMoveParse(&quot;b2-b3&quot;,ChessWithTDD.Move)" fullname="ChessWithTDD.Tests.AlgebraicNotationParserTests.PawnMoveParse(&quot;b2-b3&quot;,ChessWithTDD.Move)" methodname="PawnMoveParse" classname="ChessWithTDD.Tests.AlgebraicNotationParserTests" runstate="Runnable" seed="1341250052" result="Passed" start-time="2017-08-03 22:14:27Z" end-time="2017-08-03 22:14:27Z" duration="0.000103" asserts="1" />
            <test-case id="0-1421" name="PawnMoveParse(&quot;c2-c3&quot;,ChessWithTDD.Move)" fullname="ChessWithTDD.Tests.AlgebraicNotationParserTests.PawnMoveParse(&quot;c2-c3&quot;,ChessWithTDD.Move)" methodname="PawnMoveParse" classname="ChessWithTDD.Tests.AlgebraicNotationParserTests" runstate="Runnable" seed="719479592" result="Passed" start-time="2017-08-03 22:14:27Z" end-time="2017-08-03 22:14:27Z" duration="0.000104" asserts="1" />
            <test-case id="0-1422" name="PawnMoveParse(&quot;d2-d3&quot;,ChessWithTDD.Move)" fullname="ChessWithTDD.Tests.AlgebraicNotationParserTests.PawnMoveParse(&quot;d2-d3&quot;,ChessWithTDD.Move)" methodname="PawnMoveParse" classname="ChessWithTDD.Tests.AlgebraicNotationParserTests" runstate="Runnable" seed="2017819643" result="Passed" start-time="2017-08-03 22:14:27Z" end-time="2017-08-03 22:14:27Z" duration="0.000107" asserts="1" />
            <test-case id="0-1423" name="PawnMoveParse(&quot;e2-e3&quot;,ChessWithTDD.Move)" fullname="ChessWithTDD.Tests.AlgebraicNotationParserTests.PawnMoveParse(&quot;e2-e3&quot;,ChessWithTDD.Move)" methodname="PawnMoveParse" classname="ChessWithTDD.Tests.AlgebraicNotationParserTests" runstate="Runnable" seed="421707728" result="Passed" start-time="2017-08-03 22:14:27Z" end-time="2017-08-03 22:14:27Z" duration="0.000674" asserts="1" />
            <test-case id="0-1424" name="PawnMoveParse(&quot;f2-f3&quot;,ChessWithTDD.Move)" fullname="ChessWithTDD.Tests.AlgebraicNotationParserTests.PawnMoveParse(&quot;f2-f3&quot;,ChessWithTDD.Move)" methodname="PawnMoveParse" classname="ChessWithTDD.Tests.AlgebraicNotationParserTests" runstate="Runnable" seed="1993513028" result="Passed" start-time="2017-08-03 22:14:27Z" end-time="2017-08-03 22:14:27Z" duration="0.000102" asserts="1" />
            <test-case id="0-1425" name="PawnMoveParse(&quot;g2-g3&quot;,ChessWithTDD.Move)" fullname="ChessWithTDD.Tests.AlgebraicNotationParserTests.PawnMoveParse(&quot;g2-g3&quot;,ChessWithTDD.Move)" methodname="PawnMoveParse" classname="ChessWithTDD.Tests.AlgebraicNotationParserTests" runstate="Runnable" seed="1074741627" result="Passed" start-time="2017-08-03 22:14:27Z" end-time="2017-08-03 22:14:27Z" duration="0.000159" asserts="1" />
            <test-case id="0-1426" name="PawnMoveParse(&quot;h2-h3&quot;,ChessWithTDD.Move)" fullname="ChessWithTDD.Tests.AlgebraicNotationParserTests.PawnMoveParse(&quot;h2-h3&quot;,ChessWithTDD.Move)" methodname="PawnMoveParse" classname="ChessWithTDD.Tests.AlgebraicNotationParserTests" runstate="Runnable" seed="467769096" result="Passed" start-time="2017-08-03 22:14:27Z" end-time="2017-08-03 22:14:27Z" duration="0.000106" asserts="1" />
            <test-case id="0-1427" name="PawnMoveParse(&quot;a7-a6&quot;,ChessWithTDD.Move)" fullname="ChessWithTDD.Tests.AlgebraicNotationParserTests.PawnMoveParse(&quot;a7-a6&quot;,ChessWithTDD.Move)" methodname="PawnMoveParse" classname="ChessWithTDD.Tests.AlgebraicNotationParserTests" runstate="Runnable" seed="1160812994" result="Passed" start-time="2017-08-03 22:14:27Z" end-time="2017-08-03 22:14:27Z" duration="0.000099" asserts="1" />
            <test-case id="0-1428" name="PawnMoveParse(&quot;b7-b6&quot;,ChessWithTDD.Move)" fullname="ChessWithTDD.Tests.AlgebraicNotationParserTests.PawnMoveParse(&quot;b7-b6&quot;,ChessWithTDD.Move)" methodname="PawnMoveParse" classname="ChessWithTDD.Tests.AlgebraicNotationParserTests" runstate="Runnable" seed="1775551563" result="Passed" start-time="2017-08-03 22:14:27Z" end-time="2017-08-03 22:14:27Z" duration="0.000164" asserts="1" />
            <test-case id="0-1429" name="PawnMoveParse(&quot;c7-c6&quot;,ChessWithTDD.Move)" fullname="ChessWithTDD.Tests.AlgebraicNotationParserTests.PawnMoveParse(&quot;c7-c6&quot;,ChessWithTDD.Move)" methodname="PawnMoveParse" classname="ChessWithTDD.Tests.AlgebraicNotationParserTests" runstate="Runnable" seed="1868286957" result="Passed" start-time="2017-08-03 22:14:27Z" end-time="2017-08-03 22:14:27Z" duration="0.000090" asserts="1" />
            <test-case id="0-1430" name="PawnMoveParse(&quot;d7-d6&quot;,ChessWithTDD.Move)" fullname="ChessWithTDD.Tests.AlgebraicNotationParserTests.PawnMoveParse(&quot;d7-d6&quot;,ChessWithTDD.Move)" methodname="PawnMoveParse" classname="ChessWithTDD.Tests.AlgebraicNotationParserTests" runstate="Runnable" seed="1617838503" result="Passed" start-time="2017-08-03 22:14:27Z" end-time="2017-08-03 22:14:27Z" duration="0.000090" asserts="1" />
            <test-case id="0-1431" name="PawnMoveParse(&quot;e7-e6&quot;,ChessWithTDD.Move)" fullname="ChessWithTDD.Tests.AlgebraicNotationParserTests.PawnMoveParse(&quot;e7-e6&quot;,ChessWithTDD.Move)" methodname="PawnMoveParse" classname="ChessWithTDD.Tests.AlgebraicNotationParserTests" runstate="Runnable" seed="1494108205" result="Passed" start-time="2017-08-03 22:14:27Z" end-time="2017-08-03 22:14:27Z" duration="0.000089" asserts="1" />
            <test-case id="0-1432" name="PawnMoveParse(&quot;f7-f6&quot;,ChessWithTDD.Move)" fullname="ChessWithTDD.Tests.AlgebraicNotationParserTests.PawnMoveParse(&quot;f7-f6&quot;,ChessWithTDD.Move)" methodname="PawnMoveParse" classname="ChessWithTDD.Tests.AlgebraicNotationParserTests" runstate="Runnable" seed="968176124" result="Passed" start-time="2017-08-03 22:14:27Z" end-time="2017-08-03 22:14:27Z" duration="0.000095" asserts="1" />
            <test-case id="0-1433" name="PawnMoveParse(&quot;g7-g6&quot;,ChessWithTDD.Move)" fullname="ChessWithTDD.Tests.AlgebraicNotationParserTests.PawnMoveParse(&quot;g7-g6&quot;,ChessWithTDD.Move)" methodname="PawnMoveParse" classname="ChessWithTDD.Tests.AlgebraicNotationParserTests" runstate="Runnable" seed="1701066023" result="Passed" start-time="2017-08-03 22:14:27Z" end-time="2017-08-03 22:14:27Z" duration="0.000090" asserts="1" />
            <test-case id="0-1434" name="PawnMoveParse(&quot;h7-h6&quot;,ChessWithTDD.Move)" fullname="ChessWithTDD.Tests.AlgebraicNotationParserTests.PawnMoveParse(&quot;h7-h6&quot;,ChessWithTDD.Move)" methodname="PawnMoveParse" classname="ChessWithTDD.Tests.AlgebraicNotationParserTests" runstate="Runnable" seed="1411804208" result="Passed" start-time="2017-08-03 22:14:27Z" end-time="2017-08-03 22:14:27Z" duration="0.000103" asserts="1" />
            <test-case id="0-1435" name="PawnMoveParse(&quot;a2xb3&quot;,ChessWithTDD.Move)" fullname="ChessWithTDD.Tests.AlgebraicNotationParserTests.PawnMoveParse(&quot;a2xb3&quot;,ChessWithTDD.Move)" methodname="PawnMoveParse" classname="ChessWithTDD.Tests.AlgebraicNotationParserTests" runstate="Runnable" seed="1836581601" result="Passed" start-time="2017-08-03 22:14:27Z" end-time="2017-08-03 22:14:27Z" duration="0.000092" asserts="1" />
            <test-case id="0-1436" name="PawnMoveParse(&quot;b2xc3&quot;,ChessWithTDD.Move)" fullname="ChessWithTDD.Tests.AlgebraicNotationParserTests.PawnMoveParse(&quot;b2xc3&quot;,ChessWithTDD.Move)" methodname="PawnMoveParse" classname="ChessWithTDD.Tests.AlgebraicNotationParserTests" runstate="Runnable" seed="1241396914" result="Passed" start-time="2017-08-03 22:14:27Z" end-time="2017-08-03 22:14:27Z" duration="0.000122" asserts="1" />
            <test-case id="0-1437" name="PawnMoveParse(&quot;c2xd3&quot;,ChessWithTDD.Move)" fullname="ChessWithTDD.Tests.AlgebraicNotationParserTests.PawnMoveParse(&quot;c2xd3&quot;,ChessWithTDD.Move)" methodname="PawnMoveParse" classname="ChessWithTDD.Tests.AlgebraicNotationParserTests" runstate="Runnable" seed="46043354" result="Passed" start-time="2017-08-03 22:14:27Z" end-time="2017-08-03 22:14:27Z" duration="0.000117" asserts="1" />
            <test-case id="0-1438" name="PawnMoveParse(&quot;d2xe3&quot;,ChessWithTDD.Move)" fullname="ChessWithTDD.Tests.AlgebraicNotationParserTests.PawnMoveParse(&quot;d2xe3&quot;,ChessWithTDD.Move)" methodname="PawnMoveParse" classname="ChessWithTDD.Tests.AlgebraicNotationParserTests" runstate="Runnable" seed="489146129" result="Passed" start-time="2017-08-03 22:14:27Z" end-time="2017-08-03 22:14:27Z" duration="0.000095" asserts="1" />
            <test-case id="0-1439" name="PawnMoveParse(&quot;e2xf3&quot;,ChessWithTDD.Move)" fullname="ChessWithTDD.Tests.AlgebraicNotationParserTests.PawnMoveParse(&quot;e2xf3&quot;,ChessWithTDD.Move)" methodname="PawnMoveParse" classname="ChessWithTDD.Tests.AlgebraicNotationParserTests" runstate="Runnable" seed="83491291" result="Passed" start-time="2017-08-03 22:14:27Z" end-time="2017-08-03 22:14:27Z" duration="0.000088" asserts="1" />
            <test-case id="0-1440" name="PawnMoveParse(&quot;f2xg3&quot;,ChessWithTDD.Move)" fullname="ChessWithTDD.Tests.AlgebraicNotationParserTests.PawnMoveParse(&quot;f2xg3&quot;,ChessWithTDD.Move)" methodname="PawnMoveParse" classname="ChessWithTDD.Tests.AlgebraicNotationParserTests" runstate="Runnable" seed="129520839" result="Passed" start-time="2017-08-03 22:14:27Z" end-time="2017-08-03 22:14:27Z" duration="0.000115" asserts="1" />
            <test-case id="0-1441" name="PawnMoveParse(&quot;g2xh3&quot;,ChessWithTDD.Move)" fullname="ChessWithTDD.Tests.AlgebraicNotationParserTests.PawnMoveParse(&quot;g2xh3&quot;,ChessWithTDD.Move)" methodname="PawnMoveParse" classname="ChessWithTDD.Tests.AlgebraicNotationParserTests" runstate="Runnable" seed="437461482" result="Passed" start-time="2017-08-03 22:14:27Z" end-time="2017-08-03 22:14:27Z" duration="0.000149" asserts="1" />
            <test-case id="0-1442" name="PawnMoveParse(&quot;h2xg3&quot;,ChessWithTDD.Move)" fullname="ChessWithTDD.Tests.AlgebraicNotationParserTests.PawnMoveParse(&quot;h2xg3&quot;,ChessWithTDD.Move)" methodname="PawnMoveParse" classname="ChessWithTDD.Tests.AlgebraicNotationParserTests" runstate="Runnable" seed="1233413996" result="Passed" start-time="2017-08-03 22:14:27Z" end-time="2017-08-03 22:14:27Z" duration="0.000089" asserts="1" />
            <test-case id="0-1443" name="PawnMoveParse(&quot;a2xb3+&quot;,ChessWithTDD.Move)" fullname="ChessWithTDD.Tests.AlgebraicNotationParserTests.PawnMoveParse(&quot;a2xb3+&quot;,ChessWithTDD.Move)" methodname="PawnMoveParse" classname="ChessWithTDD.Tests.AlgebraicNotationParserTests" runstate="Runnable" seed="1468543350" result="Passed" start-time="2017-08-03 22:14:27Z" end-time="2017-08-03 22:14:27Z" duration="0.000096" asserts="1" />
            <test-case id="0-1444" name="PawnMoveParse(&quot;b2xc3#&quot;,ChessWithTDD.Move)" fullname="ChessWithTDD.Tests.AlgebraicNotationParserTests.PawnMoveParse(&quot;b2xc3#&quot;,ChessWithTDD.Move)" methodname="PawnMoveParse" classname="ChessWithTDD.Tests.AlgebraicNotationParserTests" runstate="Runnable" seed="1991198598" result="Passed" start-time="2017-08-03 22:14:27Z" end-time="2017-08-03 22:14:27Z" duration="0.000091" asserts="1" />
            <test-case id="0-1445" name="PawnMoveParse(&quot;g7-g6+&quot;,ChessWithTDD.Move)" fullname="ChessWithTDD.Tests.AlgebraicNotationParserTests.PawnMoveParse(&quot;g7-g6+&quot;,ChessWithTDD.Move)" methodname="PawnMoveParse" classname="ChessWithTDD.Tests.AlgebraicNotationParserTests" runstate="Runnable" seed="1150004269" result="Passed" start-time="2017-08-03 22:14:27Z" end-time="2017-08-03 22:14:27Z" duration="0.000090" asserts="1" />
            <test-case id="0-1446" name="PawnMoveParse(&quot;h7-h6#&quot;,ChessWithTDD.Move)" fullname="ChessWithTDD.Tests.AlgebraicNotationParserTests.PawnMoveParse(&quot;h7-h6#&quot;,ChessWithTDD.Move)" methodname="PawnMoveParse" classname="ChessWithTDD.Tests.AlgebraicNotationParserTests" runstate="Runnable" seed="300875263" result="Passed" start-time="2017-08-03 22:14:27Z" end-time="2017-08-03 22:14:27Z" duration="0.000089" asserts="1" />
          </test-suite>
          <test-suite type="ParameterizedMethod" id="0-1464" name="PawnMoveParseFails" fullname="ChessWithTDD.Tests.AlgebraicNotationParserTests.PawnMoveParseFails" classname="ChessWithTDD.Tests.AlgebraicNotationParserTests" runstate="Runnable" testcasecount="16" result="Passed" start-time="2017-08-03 22:14:27Z" end-time="2017-08-03 22:14:27Z" duration="0.050557" total="16" passed="16" failed="0" warnings="0" inconclusive="0" skipped="0" asserts="16">
            <test-case id="0-1448" name="PawnMoveParseFails(&quot;a2ga4&quot;)" fullname="ChessWithTDD.Tests.AlgebraicNotationParserTests.PawnMoveParseFails(&quot;a2ga4&quot;)" methodname="PawnMoveParseFails" classname="ChessWithTDD.Tests.AlgebraicNotationParserTests" runstate="Runnable" seed="10912985" result="Passed" start-time="2017-08-03 22:14:27Z" end-time="2017-08-03 22:14:27Z" duration="0.000340" asserts="1" />
            <test-case id="0-1449" name="PawnMoveParseFails(&quot;b25b4&quot;)" fullname="ChessWithTDD.Tests.AlgebraicNotationParserTests.PawnMoveParseFails(&quot;b25b4&quot;)" methodname="PawnMoveParseFails" classname="ChessWithTDD.Tests.AlgebraicNotationParserTests" runstate="Runnable" seed="1489558009" result="Passed" start-time="2017-08-03 22:14:27Z" end-time="2017-08-03 22:14:27Z" duration="0.000081" asserts="1" />
            <test-case id="0-1450" name="PawnMoveParseFails(&quot;c26c4&quot;)" fullname="ChessWithTDD.Tests.AlgebraicNotationParserTests.PawnMoveParseFails(&quot;c26c4&quot;)" methodname="PawnMoveParseFails" classname="ChessWithTDD.Tests.AlgebraicNotationParserTests" runstate="Runnable" seed="1699913107" result="Passed" start-time="2017-08-03 22:14:27Z" end-time="2017-08-03 22:14:27Z" duration="0.000124" asserts="1" />
            <test-case id="0-1451" name="PawnMoveParseFails(&quot;d2ld4&quot;)" fullname="ChessWithTDD.Tests.AlgebraicNotationParserTests.PawnMoveParseFails(&quot;d2ld4&quot;)" methodname="PawnMoveParseFails" classname="ChessWithTDD.Tests.AlgebraicNotationParserTests" runstate="Runnable" seed="1285081963" result="Passed" start-time="2017-08-03 22:14:27Z" end-time="2017-08-03 22:14:27Z" duration="0.000092" asserts="1" />
            <test-case id="0-1452" name="PawnMoveParseFails(&quot;e2;e4&quot;)" fullname="ChessWithTDD.Tests.AlgebraicNotationParserTests.PawnMoveParseFails(&quot;e2;e4&quot;)" methodname="PawnMoveParseFails" classname="ChessWithTDD.Tests.AlgebraicNotationParserTests" runstate="Runnable" seed="33609406" result="Passed" start-time="2017-08-03 22:14:27Z" end-time="2017-08-03 22:14:27Z" duration="0.000082" asserts="1" />
            <test-case id="0-1453" name="PawnMoveParseFails(&quot;f2+f4&quot;)" fullname="ChessWithTDD.Tests.AlgebraicNotationParserTests.PawnMoveParseFails(&quot;f2+f4&quot;)" methodname="PawnMoveParseFails" classname="ChessWithTDD.Tests.AlgebraicNotationParserTests" runstate="Runnable" seed="2138350601" result="Passed" start-time="2017-08-03 22:14:27Z" end-time="2017-08-03 22:14:27Z" duration="0.000063" asserts="1" />
            <test-case id="0-1454" name="PawnMoveParseFails(&quot;g2--g4&quot;)" fullname="ChessWithTDD.Tests.AlgebraicNotationParserTests.PawnMoveParseFails(&quot;g2--g4&quot;)" methodname="PawnMoveParseFails" classname="ChessWithTDD.Tests.AlgebraicNotationParserTests" runstate="Runnable" seed="1962719657" result="Passed" start-time="2017-08-03 22:14:27Z" end-time="2017-08-03 22:14:27Z" duration="0.000069" asserts="1" />
            <test-case id="0-1455" name="PawnMoveParseFails(&quot;h2=h4&quot;)" fullname="ChessWithTDD.Tests.AlgebraicNotationParserTests.PawnMoveParseFails(&quot;h2=h4&quot;)" methodname="PawnMoveParseFails" classname="ChessWithTDD.Tests.AlgebraicNotationParserTests" runstate="Runnable" seed="1217949213" result="Passed" start-time="2017-08-03 22:14:27Z" end-time="2017-08-03 22:14:27Z" duration="0.000063" asserts="1" />
            <test-case id="0-1456" name="PawnMoveParseFails(&quot;z2-a4&quot;)" fullname="ChessWithTDD.Tests.AlgebraicNotationParserTests.PawnMoveParseFails(&quot;z2-a4&quot;)" methodname="PawnMoveParseFails" classname="ChessWithTDD.Tests.AlgebraicNotationParserTests" runstate="Runnable" seed="1509422628" result="Passed" start-time="2017-08-03 22:14:27Z" end-time="2017-08-03 22:14:27Z" duration="0.000070" asserts="1" />
            <test-case id="0-1457" name="PawnMoveParseFails(&quot;a2-z4&quot;)" fullname="ChessWithTDD.Tests.AlgebraicNotationParserTests.PawnMoveParseFails(&quot;a2-z4&quot;)" methodname="PawnMoveParseFails" classname="ChessWithTDD.Tests.AlgebraicNotationParserTests" runstate="Runnable" seed="411125591" result="Passed" start-time="2017-08-03 22:14:27Z" end-time="2017-08-03 22:14:27Z" duration="0.000068" asserts="1" />
            <test-case id="0-1458" name="PawnMoveParseFails(&quot;b9-b4&quot;)" fullname="ChessWithTDD.Tests.AlgebraicNotationParserTests.PawnMoveParseFails(&quot;b9-b4&quot;)" methodname="PawnMoveParseFails" classname="ChessWithTDD.Tests.AlgebraicNotationParserTests" runstate="Runnable" seed="2005065476" result="Passed" start-time="2017-08-03 22:14:27Z" end-time="2017-08-03 22:14:27Z" duration="0.000077" asserts="1" />
            <test-case id="0-1459" name="PawnMoveParseFails(&quot;c2-c9&quot;)" fullname="ChessWithTDD.Tests.AlgebraicNotationParserTests.PawnMoveParseFails(&quot;c2-c9&quot;)" methodname="PawnMoveParseFails" classname="ChessWithTDD.Tests.AlgebraicNotationParserTests" runstate="Runnable" seed="1285664010" result="Passed" start-time="2017-08-03 22:14:27Z" end-time="2017-08-03 22:14:27Z" duration="0.000096" asserts="1" />
            <test-case id="0-1460" name="PawnMoveParseFails(&quot;c29-c9&quot;)" fullname="ChessWithTDD.Tests.AlgebraicNotationParserTests.PawnMoveParseFails(&quot;c29-c9&quot;)" methodname="PawnMoveParseFails" classname="ChessWithTDD.Tests.AlgebraicNotationParserTests" runstate="Runnable" seed="1759515532" result="Passed" start-time="2017-08-03 22:14:27Z" end-time="2017-08-03 22:14:27Z" duration="0.000065" asserts="1" />
            <test-case id="0-1461" name="PawnMoveParseFails(&quot;c2-c7x&quot;)" fullname="ChessWithTDD.Tests.AlgebraicNotationParserTests.PawnMoveParseFails(&quot;c2-c7x&quot;)" methodname="PawnMoveParseFails" classname="ChessWithTDD.Tests.AlgebraicNotationParserTests" runstate="Runnable" seed="261824856" result="Passed" start-time="2017-08-03 22:14:27Z" end-time="2017-08-03 22:14:27Z" duration="0.000074" asserts="1" />
            <test-case id="0-1462" name="PawnMoveParseFails(&quot;e0-e4&quot;)" fullname="ChessWithTDD.Tests.AlgebraicNotationParserTests.PawnMoveParseFails(&quot;e0-e4&quot;)" methodname="PawnMoveParseFails" classname="ChessWithTDD.Tests.AlgebraicNotationParserTests" runstate="Runnable" seed="692596539" result="Passed" start-time="2017-08-03 22:14:27Z" end-time="2017-08-03 22:14:27Z" duration="0.000075" asserts="1" />
            <test-case id="0-1463" name="PawnMoveParseFails(&quot;e4-e0&quot;)" fullname="ChessWithTDD.Tests.AlgebraicNotationParserTests.PawnMoveParseFails(&quot;e4-e0&quot;)" methodname="PawnMoveParseFails" classname="ChessWithTDD.Tests.AlgebraicNotationParserTests" runstate="Runnable" seed="907814230" result="Passed" start-time="2017-08-03 22:14:27Z" end-time="2017-08-03 22:14:27Z" duration="0.000171" asserts="1" />
          </test-suite>
        </test-suite>
        <test-suite type="TestFixture" id="0-1579" name="BishopTests" fullname="ChessWithTDD.Tests.BishopTests" classname="ChessWithTDD.Tests.BishopTests" runstate="Runnable" testcasecount="12" result="Passed" start-time="2017-08-03 22:14:27Z" end-time="2017-08-03 22:14:27Z" duration="0.107513" total="12" passed="12" failed="0" warnings="0" inconclusive="0" skipped="0" asserts="12">
          <test-suite type="ParameterizedMethod" id="0-1585" name="BishopCanMoveDiagonally" fullname="ChessWithTDD.Tests.BishopTests.BishopCanMoveDiagonally" classname="ChessWithTDD.Tests.BishopTests" runstate="Runnable" testcasecount="5" result="Passed" start-time="2017-08-03 22:14:27Z" end-time="2017-08-03 22:14:27Z" duration="0.068498" total="5" passed="5" failed="0" warnings="0" inconclusive="0" skipped="0" asserts="5">
            <test-case id="0-1580" name="BishopCanMoveDiagonally(2,5,5,2)" fullname="ChessWithTDD.Tests.BishopTests.BishopCanMoveDiagonally(2,5,5,2)" methodname="BishopCanMoveDiagonally" classname="ChessWithTDD.Tests.BishopTests" runstate="Runnable" seed="1073850096" result="Passed" start-time="2017-08-03 22:14:27Z" end-time="2017-08-03 22:14:27Z" duration="0.051908" asserts="1" />
            <test-case id="0-1581" name="BishopCanMoveDiagonally(2,3,5,6)" fullname="ChessWithTDD.Tests.BishopTests.BishopCanMoveDiagonally(2,3,5,6)" methodname="BishopCanMoveDiagonally" classname="ChessWithTDD.Tests.BishopTests" runstate="Runnable" seed="974595572" result="Passed" start-time="2017-08-03 22:14:27Z" end-time="2017-08-03 22:14:27Z" duration="0.000829" asserts="1" />
            <test-case id="0-1582" name="BishopCanMoveDiagonally(5,5,2,2)" fullname="ChessWithTDD.Tests.BishopTests.BishopCanMoveDiagonally(5,5,2,2)" methodname="BishopCanMoveDiagonally" classname="ChessWithTDD.Tests.BishopTests" runstate="Runnable" seed="315301941" result="Passed" start-time="2017-08-03 22:14:27Z" end-time="2017-08-03 22:14:27Z" duration="0.000800" asserts="1" />
            <test-case id="0-1583" name="BishopCanMoveDiagonally(5,2,2,5)" fullname="ChessWithTDD.Tests.BishopTests.BishopCanMoveDiagonally(5,2,2,5)" methodname="BishopCanMoveDiagonally" classname="ChessWithTDD.Tests.BishopTests" runstate="Runnable" seed="996662064" result="Passed" start-time="2017-08-03 22:14:27Z" end-time="2017-08-03 22:14:27Z" duration="0.000773" asserts="1" />
            <test-case id="0-1584" name="BishopCanMoveDiagonally(3,3,4,4)" fullname="ChessWithTDD.Tests.BishopTests.BishopCanMoveDiagonally(3,3,4,4)" methodname="BishopCanMoveDiagonally" classname="ChessWithTDD.Tests.BishopTests" runstate="Runnable" seed="1637776093" result="Passed" start-time="2017-08-03 22:14:27Z" end-time="2017-08-03 22:14:27Z" duration="0.000770" asserts="1" />
          </test-suite>
          <test-suite type="ParameterizedMethod" id="0-1591" name="BishopCannotMoveHorizontally" fullname="ChessWithTDD.Tests.BishopTests.BishopCannotMoveHorizontally" classname="ChessWithTDD.Tests.BishopTests" runstate="Runnable" testcasecount="2" result="Passed" start-time="2017-08-03 22:14:27Z" end-time="2017-08-03 22:14:27Z" duration="0.008001" total="2" passed="2" failed="0" warnings="0" inconclusive="0" skipped="0" asserts="2">
            <test-case id="0-1589" name="BishopCannotMoveHorizontally(2,6,2,0)" fullname="ChessWithTDD.Tests.BishopTests.BishopCannotMoveHorizontally(2,6,2,0)" methodname="BishopCannotMoveHorizontally" classname="ChessWithTDD.Tests.BishopTests" runstate="Runnable" seed="1156647698" result="Passed" start-time="2017-08-03 22:14:27Z" end-time="2017-08-03 22:14:27Z" duration="0.001489" asserts="1" />
            <test-case id="0-1590" name="BishopCannotMoveHorizontally(2,2,2,7)" fullname="ChessWithTDD.Tests.BishopTests.BishopCannotMoveHorizontally(2,2,2,7)" methodname="BishopCannotMoveHorizontally" classname="ChessWithTDD.Tests.BishopTests" runstate="Runnable" seed="311364979" result="Passed" start-time="2017-08-03 22:14:27Z" end-time="2017-08-03 22:14:27Z" duration="0.000755" asserts="1" />
          </test-suite>
          <test-suite type="ParameterizedMethod" id="0-1595" name="BishopCannotMoveRandomlyIfNotDiagonal" fullname="ChessWithTDD.Tests.BishopTests.BishopCannotMoveRandomlyIfNotDiagonal" classname="ChessWithTDD.Tests.BishopTests" runstate="Runnable" testcasecount="3" result="Passed" start-time="2017-08-03 22:14:27Z" end-time="2017-08-03 22:14:27Z" duration="0.010998" total="3" passed="3" failed="0" warnings="0" inconclusive="0" skipped="0" asserts="3">
            <test-case id="0-1592" name="BishopCannotMoveRandomlyIfNotDiagonal(2,6,3,3)" fullname="ChessWithTDD.Tests.BishopTests.BishopCannotMoveRandomlyIfNotDiagonal(2,6,3,3)" methodname="BishopCannotMoveRandomlyIfNotDiagonal" classname="ChessWithTDD.Tests.BishopTests" runstate="Runnable" seed="1611543303" result="Passed" start-time="2017-08-03 22:14:27Z" end-time="2017-08-03 22:14:27Z" duration="0.001154" asserts="1" />
            <test-case id="0-1593" name="BishopCannotMoveRandomlyIfNotDiagonal(3,1,4,5)" fullname="ChessWithTDD.Tests.BishopTests.BishopCannotMoveRandomlyIfNotDiagonal(3,1,4,5)" methodname="BishopCannotMoveRandomlyIfNotDiagonal" classname="ChessWithTDD.Tests.BishopTests" runstate="Runnable" seed="2133540386" result="Passed" start-time="2017-08-03 22:14:27Z" end-time="2017-08-03 22:14:27Z" duration="0.000822" asserts="1" />
            <test-case id="0-1594" name="BishopCannotMoveRandomlyIfNotDiagonal(6,6,2,7)" fullname="ChessWithTDD.Tests.BishopTests.BishopCannotMoveRandomlyIfNotDiagonal(6,6,2,7)" methodname="BishopCannotMoveRandomlyIfNotDiagonal" classname="ChessWithTDD.Tests.BishopTests" runstate="Runnable" seed="1051926504" result="Passed" start-time="2017-08-03 22:14:27Z" end-time="2017-08-03 22:14:27Z" duration="0.000743" asserts="1" />
          </test-suite>
          <test-suite type="ParameterizedMethod" id="0-1588" name="BishopCannotMoveVertically" fullname="ChessWithTDD.Tests.BishopTests.BishopCannotMoveVertically" classname="ChessWithTDD.Tests.BishopTests" runstate="Runnable" testcasecount="2" result="Passed" start-time="2017-08-03 22:14:27Z" end-time="2017-08-03 22:14:27Z" duration="0.008037" total="2" passed="2" failed="0" warnings="0" inconclusive="0" skipped="0" asserts="2">
            <test-case id="0-1586" name="BishopCannotMoveVertically(5,2,2,2)" fullname="ChessWithTDD.Tests.BishopTests.BishopCannotMoveVertically(5,2,2,2)" methodname="BishopCannotMoveVertically" classname="ChessWithTDD.Tests.BishopTests" runstate="Runnable" seed="75646015" result="Passed" start-time="2017-08-03 22:14:27Z" end-time="2017-08-03 22:14:27Z" duration="0.001063" asserts="1" />
            <test-case id="0-1587" name="BishopCannotMoveVertically(2,2,5,2)" fullname="ChessWithTDD.Tests.BishopTests.BishopCannotMoveVertically(2,2,5,2)" methodname="BishopCannotMoveVertically" classname="ChessWithTDD.Tests.BishopTests" runstate="Runnable" seed="1679579696" result="Passed" start-time="2017-08-03 22:14:27Z" end-time="2017-08-03 22:14:27Z" duration="0.000872" asserts="1" />
          </test-suite>
        </test-suite>
        <test-suite type="TestFixture" id="0-1596" name="BlackPawnTests" fullname="ChessWithTDD.Tests.BlackPawnTests" classname="ChessWithTDD.Tests.BlackPawnTests" runstate="Runnable" testcasecount="21" result="Passed" start-time="2017-08-03 22:14:27Z" end-time="2017-08-03 22:14:27Z" duration="0.131008" total="21" passed="21" failed="0" warnings="0" inconclusive="0" skipped="0" asserts="21">
          <test-suite type="ParameterizedMethod" id="0-1605" name="BlackPawnCanMoveDiagonallyDownTheBoardIfWhitePieceThere" fullname="ChessWithTDD.Tests.BlackPawnTests.BlackPawnCanMoveDiagonallyDownTheBoardIfWhitePieceThere" classname="ChessWithTDD.Tests.BlackPawnTests" runstate="Runnable" testcasecount="2" result="Passed" start-time="2017-08-03 22:14:27Z" end-time="2017-08-03 22:14:27Z" duration="0.013512" total="2" passed="2" failed="0" warnings="0" inconclusive="0" skipped="0" asserts="2">
            <test-case id="0-1603" name="BlackPawnCanMoveDiagonallyDownTheBoardIfWhitePieceThere(6,6,5,7)" fullname="ChessWithTDD.Tests.BlackPawnTests.BlackPawnCanMoveDiagonallyDownTheBoardIfWhitePieceThere(6,6,5,7)" methodname="BlackPawnCanMoveDiagonallyDownTheBoardIfWhitePieceThere" classname="ChessWithTDD.Tests.BlackPawnTests" runstate="Runnable" seed="2082127822" result="Passed" start-time="2017-08-03 22:14:27Z" end-time="2017-08-03 22:14:27Z" duration="0.005649" asserts="1" />
            <test-case id="0-1604" name="BlackPawnCanMoveDiagonallyDownTheBoardIfWhitePieceThere(6,6,5,5)" fullname="ChessWithTDD.Tests.BlackPawnTests.BlackPawnCanMoveDiagonallyDownTheBoardIfWhitePieceThere(6,6,5,5)" methodname="BlackPawnCanMoveDiagonallyDownTheBoardIfWhitePieceThere" classname="ChessWithTDD.Tests.BlackPawnTests" runstate="Runnable" seed="1435329064" result="Passed" start-time="2017-08-03 22:14:27Z" end-time="2017-08-03 22:14:27Z" duration="0.002382" asserts="1" />
          </test-suite>
          <test-suite type="ParameterizedMethod" id="0-1611" name="BlackPawnCanMoveDiagonallyDownwardsToEmptySquareIfToSquareHasEnPassantMark" fullname="ChessWithTDD.Tests.BlackPawnTests.BlackPawnCanMoveDiagonallyDownwardsToEmptySquareIfToSquareHasEnPassantMark" classname="ChessWithTDD.Tests.BlackPawnTests" runstate="Runnable" testcasecount="2" result="Passed" start-time="2017-08-03 22:14:27Z" end-time="2017-08-03 22:14:27Z" duration="0.010483" total="2" passed="2" failed="0" warnings="0" inconclusive="0" skipped="0" asserts="2">
            <test-case id="0-1609" name="BlackPawnCanMoveDiagonallyDownwardsToEmptySquareIfToSquareHasEnPassantMark(6,6,5,7)" fullname="ChessWithTDD.Tests.BlackPawnTests.BlackPawnCanMoveDiagonallyDownwardsToEmptySquareIfToSquareHasEnPassantMark(6,6,5,7)" methodname="BlackPawnCanMoveDiagonallyDownwardsToEmptySquareIfToSquareHasEnPassantMark" classname="ChessWithTDD.Tests.BlackPawnTests" runstate="Runnable" seed="908916282" result="Passed" start-time="2017-08-03 22:14:27Z" end-time="2017-08-03 22:14:27Z" duration="0.003172" asserts="1" />
            <test-case id="0-1610" name="BlackPawnCanMoveDiagonallyDownwardsToEmptySquareIfToSquareHasEnPassantMark(6,6,5,5)" fullname="ChessWithTDD.Tests.BlackPawnTests.BlackPawnCanMoveDiagonallyDownwardsToEmptySquareIfToSquareHasEnPassantMark(6,6,5,5)" methodname="BlackPawnCanMoveDiagonallyDownwardsToEmptySquareIfToSquareHasEnPassantMark" classname="ChessWithTDD.Tests.BlackPawnTests" runstate="Runnable" seed="1806751540" result="Passed" start-time="2017-08-03 22:14:27Z" end-time="2017-08-03 22:14:27Z" duration="0.001407" asserts="1" />
          </test-suite>
          <test-suite type="ParameterizedMethod" id="0-1599" name="BlackPawnCanMoveOneVerticalPositionDownTheBoard" fullname="ChessWithTDD.Tests.BlackPawnTests.BlackPawnCanMoveOneVerticalPositionDownTheBoard" classname="ChessWithTDD.Tests.BlackPawnTests" runstate="Runnable" testcasecount="2" result="Passed" start-time="2017-08-03 22:14:27Z" end-time="2017-08-03 22:14:27Z" duration="0.009077" total="2" passed="2" failed="0" warnings="0" inconclusive="0" skipped="0" asserts="2">
            <test-case id="0-1597" name="BlackPawnCanMoveOneVerticalPositionDownTheBoard(5,2,4,2)" fullname="ChessWithTDD.Tests.BlackPawnTests.BlackPawnCanMoveOneVerticalPositionDownTheBoard(5,2,4,2)" methodname="BlackPawnCanMoveOneVerticalPositionDownTheBoard" classname="ChessWithTDD.Tests.BlackPawnTests" runstate="Runnable" seed="171597330" result="Passed" start-time="2017-08-03 22:14:27Z" end-time="2017-08-03 22:14:27Z" duration="0.002123" asserts="1" />
            <test-case id="0-1598" name="BlackPawnCanMoveOneVerticalPositionDownTheBoard(3,3,2,3)" fullname="ChessWithTDD.Tests.BlackPawnTests.BlackPawnCanMoveOneVerticalPositionDownTheBoard(3,3,2,3)" methodname="BlackPawnCanMoveOneVerticalPositionDownTheBoard" classname="ChessWithTDD.Tests.BlackPawnTests" runstate="Runnable" seed="71295831" result="Passed" start-time="2017-08-03 22:14:27Z" end-time="2017-08-03 22:14:27Z" duration="0.000866" asserts="1" />
          </test-suite>
          <test-suite type="ParameterizedMethod" id="0-1617" name="BlackPawnCanMoveTwoVerticalSpacesDownTheBoardIfItHasNotMovedBefore" fullname="ChessWithTDD.Tests.BlackPawnTests.BlackPawnCanMoveTwoVerticalSpacesDownTheBoardIfItHasNotMovedBefore" classname="ChessWithTDD.Tests.BlackPawnTests" runstate="Runnable" testcasecount="2" result="Passed" start-time="2017-08-03 22:14:27Z" end-time="2017-08-03 22:14:27Z" duration="0.011582" total="2" passed="2" failed="0" warnings="0" inconclusive="0" skipped="0" asserts="2">
            <test-case id="0-1615" name="BlackPawnCanMoveTwoVerticalSpacesDownTheBoardIfItHasNotMovedBefore(4,4,2,4)" fullname="ChessWithTDD.Tests.BlackPawnTests.BlackPawnCanMoveTwoVerticalSpacesDownTheBoardIfItHasNotMovedBefore(4,4,2,4)" methodname="BlackPawnCanMoveTwoVerticalSpacesDownTheBoardIfItHasNotMovedBefore" classname="ChessWithTDD.Tests.BlackPawnTests" runstate="Runnable" seed="1379929597" result="Passed" start-time="2017-08-03 22:14:27Z" end-time="2017-08-03 22:14:27Z" duration="0.004902" asserts="1" />
            <test-case id="0-1616" name="BlackPawnCanMoveTwoVerticalSpacesDownTheBoardIfItHasNotMovedBefore(6,1,4,1)" fullname="ChessWithTDD.Tests.BlackPawnTests.BlackPawnCanMoveTwoVerticalSpacesDownTheBoardIfItHasNotMovedBefore(6,1,4,1)" methodname="BlackPawnCanMoveTwoVerticalSpacesDownTheBoardIfItHasNotMovedBefore" classname="ChessWithTDD.Tests.BlackPawnTests" runstate="Runnable" seed="11477784" result="Passed" start-time="2017-08-03 22:14:27Z" end-time="2017-08-03 22:14:27Z" duration="0.001029" asserts="1" />
          </test-suite>
          <test-suite type="ParameterizedMethod" id="0-1608" name="BlackPawnCannotMoveDiagonallyBelowIfNoPieceThere" fullname="ChessWithTDD.Tests.BlackPawnTests.BlackPawnCannotMoveDiagonallyBelowIfNoPieceThere" classname="ChessWithTDD.Tests.BlackPawnTests" runstate="Runnable" testcasecount="2" result="Passed" start-time="2017-08-03 22:14:27Z" end-time="2017-08-03 22:14:27Z" duration="0.007517" total="2" passed="2" failed="0" warnings="0" inconclusive="0" skipped="0" asserts="2">
            <test-case id="0-1606" name="BlackPawnCannotMoveDiagonallyBelowIfNoPieceThere(6,6,5,7)" fullname="ChessWithTDD.Tests.BlackPawnTests.BlackPawnCannotMoveDiagonallyBelowIfNoPieceThere(6,6,5,7)" methodname="BlackPawnCannotMoveDiagonallyBelowIfNoPieceThere" classname="ChessWithTDD.Tests.BlackPawnTests" runstate="Runnable" seed="1497685179" result="Passed" start-time="2017-08-03 22:14:27Z" end-time="2017-08-03 22:14:27Z" duration="0.001277" asserts="1" />
            <test-case id="0-1607" name="BlackPawnCannotMoveDiagonallyBelowIfNoPieceThere(6,6,5,5)" fullname="ChessWithTDD.Tests.BlackPawnTests.BlackPawnCannotMoveDiagonallyBelowIfNoPieceThere(6,6,5,5)" methodname="BlackPawnCannotMoveDiagonallyBelowIfNoPieceThere" classname="ChessWithTDD.Tests.BlackPawnTests" runstate="Runnable" seed="382839183" result="Passed" start-time="2017-08-03 22:14:27Z" end-time="2017-08-03 22:14:27Z" duration="0.000848" asserts="1" />
          </test-suite>
          <test-suite type="ParameterizedMethod" id="0-1614" name="BlackPawnCannotMoveDiagonallyDownwardsToEmptySquareIfToSquareHasNoEnPassantMark" fullname="ChessWithTDD.Tests.BlackPawnTests.BlackPawnCannotMoveDiagonallyDownwardsToEmptySquareIfToSquareHasNoEnPassantMark" classname="ChessWithTDD.Tests.BlackPawnTests" runstate="Runnable" testcasecount="2" result="Passed" start-time="2017-08-03 22:14:27Z" end-time="2017-08-03 22:14:27Z" duration="0.007509" total="2" passed="2" failed="0" warnings="0" inconclusive="0" skipped="0" asserts="2">
            <test-case id="0-1612" name="BlackPawnCannotMoveDiagonallyDownwardsToEmptySquareIfToSquareHasNoEnPassantMark(6,6,5,7)" fullname="ChessWithTDD.Tests.BlackPawnTests.BlackPawnCannotMoveDiagonallyDownwardsToEmptySquareIfToSquareHasNoEnPassantMark(6,6,5,7)" methodname="BlackPawnCannotMoveDiagonallyDownwardsToEmptySquareIfToSquareHasNoEnPassantMark" classname="ChessWithTDD.Tests.BlackPawnTests" runstate="Runnable" seed="1968673337" result="Passed" start-time="2017-08-03 22:14:27Z" end-time="2017-08-03 22:14:27Z" duration="0.001272" asserts="1" />
            <test-case id="0-1613" name="BlackPawnCannotMoveDiagonallyDownwardsToEmptySquareIfToSquareHasNoEnPassantMark(6,6,5,5)" fullname="ChessWithTDD.Tests.BlackPawnTests.BlackPawnCannotMoveDiagonallyDownwardsToEmptySquareIfToSquareHasNoEnPassantMark(6,6,5,5)" methodname="BlackPawnCannotMoveDiagonallyDownwardsToEmptySquareIfToSquareHasNoEnPassantMark" classname="ChessWithTDD.Tests.BlackPawnTests" runstate="Runnable" seed="1722954156" result="Passed" start-time="2017-08-03 22:14:27Z" end-time="2017-08-03 22:14:27Z" duration="0.000914" asserts="1" />
          </test-suite>
          <test-suite type="ParameterizedMethod" id="0-1628" name="BlackPawnCannotMoveOneHorizontalPositionAcrossTheBoard" fullname="ChessWithTDD.Tests.BlackPawnTests.BlackPawnCannotMoveOneHorizontalPositionAcrossTheBoard" classname="ChessWithTDD.Tests.BlackPawnTests" runstate="Runnable" testcasecount="2" result="Passed" start-time="2017-08-03 22:14:27Z" end-time="2017-08-03 22:14:27Z" duration="0.008031" total="2" passed="2" failed="0" warnings="0" inconclusive="0" skipped="0" asserts="2">
            <test-case id="0-1626" name="BlackPawnCannotMoveOneHorizontalPositionAcrossTheBoard(5,2,5,3)" fullname="ChessWithTDD.Tests.BlackPawnTests.BlackPawnCannotMoveOneHorizontalPositionAcrossTheBoard(5,2,5,3)" methodname="BlackPawnCannotMoveOneHorizontalPositionAcrossTheBoard" classname="ChessWithTDD.Tests.BlackPawnTests" runstate="Runnable" seed="1113836871" result="Passed" start-time="2017-08-03 22:14:27Z" end-time="2017-08-03 22:14:27Z" duration="0.001093" asserts="1" />
            <test-case id="0-1627" name="BlackPawnCannotMoveOneHorizontalPositionAcrossTheBoard(3,3,3,2)" fullname="ChessWithTDD.Tests.BlackPawnTests.BlackPawnCannotMoveOneHorizontalPositionAcrossTheBoard(3,3,3,2)" methodname="BlackPawnCannotMoveOneHorizontalPositionAcrossTheBoard" classname="ChessWithTDD.Tests.BlackPawnTests" runstate="Runnable" seed="2062607574" result="Passed" start-time="2017-08-03 22:14:27Z" end-time="2017-08-03 22:14:27Z" duration="0.000910" asserts="1" />
          </test-suite>
          <test-suite type="ParameterizedMethod" id="0-1602" name="BlackPawnCannotMoveOneVerticalPositionDownTheBoardIfWhitePieceThere" fullname="ChessWithTDD.Tests.BlackPawnTests.BlackPawnCannotMoveOneVerticalPositionDownTheBoardIfWhitePieceThere" classname="ChessWithTDD.Tests.BlackPawnTests" runstate="Runnable" testcasecount="2" result="Passed" start-time="2017-08-03 22:14:27Z" end-time="2017-08-03 22:14:27Z" duration="0.008955" total="2" passed="2" failed="0" warnings="0" inconclusive="0" skipped="0" asserts="2">
            <test-case id="0-1600" name="BlackPawnCannotMoveOneVerticalPositionDownTheBoardIfWhitePieceThere(5,2,4,2)" fullname="ChessWithTDD.Tests.BlackPawnTests.BlackPawnCannotMoveOneVerticalPositionDownTheBoardIfWhitePieceThere(5,2,4,2)" methodname="BlackPawnCannotMoveOneVerticalPositionDownTheBoardIfWhitePieceThere" classname="ChessWithTDD.Tests.BlackPawnTests" runstate="Runnable" seed="536508095" result="Passed" start-time="2017-08-03 22:14:27Z" end-time="2017-08-03 22:14:27Z" duration="0.001695" asserts="1" />
            <test-case id="0-1601" name="BlackPawnCannotMoveOneVerticalPositionDownTheBoardIfWhitePieceThere(3,3,2,3)" fullname="ChessWithTDD.Tests.BlackPawnTests.BlackPawnCannotMoveOneVerticalPositionDownTheBoardIfWhitePieceThere(3,3,2,3)" methodname="BlackPawnCannotMoveOneVerticalPositionDownTheBoardIfWhitePieceThere" classname="ChessWithTDD.Tests.BlackPawnTests" runstate="Runnable" seed="1226502457" result="Passed" start-time="2017-08-03 22:14:27Z" end-time="2017-08-03 22:14:27Z" duration="0.000959" asserts="1" />
          </test-suite>
          <test-suite type="ParameterizedMethod" id="0-1625" name="BlackPawnCannotMoveOneVerticalPositionUpTheBoard" fullname="ChessWithTDD.Tests.BlackPawnTests.BlackPawnCannotMoveOneVerticalPositionUpTheBoard" classname="ChessWithTDD.Tests.BlackPawnTests" runstate="Runnable" testcasecount="1" result="Passed" start-time="2017-08-03 22:14:27Z" end-time="2017-08-03 22:14:27Z" duration="0.004009" total="1" passed="1" failed="0" warnings="0" inconclusive="0" skipped="0" asserts="1">
            <test-case id="0-1624" name="BlackPawnCannotMoveOneVerticalPositionUpTheBoard(0,1,1,1)" fullname="ChessWithTDD.Tests.BlackPawnTests.BlackPawnCannotMoveOneVerticalPositionUpTheBoard(0,1,1,1)" methodname="BlackPawnCannotMoveOneVerticalPositionUpTheBoard" classname="ChessWithTDD.Tests.BlackPawnTests" runstate="Runnable" seed="435631461" result="Passed" start-time="2017-08-03 22:14:27Z" end-time="2017-08-03 22:14:27Z" duration="0.001081" asserts="1" />
          </test-suite>
          <test-suite type="ParameterizedMethod" id="0-1620" name="BlackPawnCannotMoveTwoVerticalSpacesDownTheBoardIfItHasMovedBefore" fullname="ChessWithTDD.Tests.BlackPawnTests.BlackPawnCannotMoveTwoVerticalSpacesDownTheBoardIfItHasMovedBefore" classname="ChessWithTDD.Tests.BlackPawnTests" runstate="Runnable" testcasecount="2" result="Passed" start-time="2017-08-03 22:14:27Z" end-time="2017-08-03 22:14:27Z" duration="0.008573" total="2" passed="2" failed="0" warnings="0" inconclusive="0" skipped="0" asserts="2">
            <test-case id="0-1618" name="BlackPawnCannotMoveTwoVerticalSpacesDownTheBoardIfItHasMovedBefore(4,4,2,4)" fullname="ChessWithTDD.Tests.BlackPawnTests.BlackPawnCannotMoveTwoVerticalSpacesDownTheBoardIfItHasMovedBefore(4,4,2,4)" methodname="BlackPawnCannotMoveTwoVerticalSpacesDownTheBoardIfItHasMovedBefore" classname="ChessWithTDD.Tests.BlackPawnTests" runstate="Runnable" seed="1759852832" result="Passed" start-time="2017-08-03 22:14:27Z" end-time="2017-08-03 22:14:27Z" duration="0.001962" asserts="1" />
            <test-case id="0-1619" name="BlackPawnCannotMoveTwoVerticalSpacesDownTheBoardIfItHasMovedBefore(6,1,4,1)" fullname="ChessWithTDD.Tests.BlackPawnTests.BlackPawnCannotMoveTwoVerticalSpacesDownTheBoardIfItHasMovedBefore(6,1,4,1)" methodname="BlackPawnCannotMoveTwoVerticalSpacesDownTheBoardIfItHasMovedBefore" classname="ChessWithTDD.Tests.BlackPawnTests" runstate="Runnable" seed="1599095006" result="Passed" start-time="2017-08-03 22:14:27Z" end-time="2017-08-03 22:14:27Z" duration="0.000871" asserts="1" />
          </test-suite>
          <test-suite type="ParameterizedMethod" id="0-1623" name="BlackPawnCannotMoveTwoVerticalSpacesDownTheBoardIfItHasNotMovedButToSquareContainsAPiece" fullname="ChessWithTDD.Tests.BlackPawnTests.BlackPawnCannotMoveTwoVerticalSpacesDownTheBoardIfItHasNotMovedButToSquareContainsAPiece" classname="ChessWithTDD.Tests.BlackPawnTests" runstate="Runnable" testcasecount="2" result="Passed" start-time="2017-08-03 22:14:27Z" end-time="2017-08-03 22:14:27Z" duration="0.007517" total="2" passed="2" failed="0" warnings="0" inconclusive="0" skipped="0" asserts="2">
            <test-case id="0-1621" name="BlackPawnCannotMoveTwoVerticalSpacesDownTheBoardIfItHasNotMovedButToSquareContainsAPiece(4,4,2,4)" fullname="ChessWithTDD.Tests.BlackPawnTests.BlackPawnCannotMoveTwoVerticalSpacesDownTheBoardIfItHasNotMovedButToSquareContainsAPiece(4,4,2,4)" methodname="BlackPawnCannotMoveTwoVerticalSpacesDownTheBoardIfItHasNotMovedButToSquareContainsAPiece" classname="ChessWithTDD.Tests.BlackPawnTests" runstate="Runnable" seed="1970869182" result="Passed" start-time="2017-08-03 22:14:27Z" end-time="2017-08-03 22:14:27Z" duration="0.001344" asserts="1" />
            <test-case id="0-1622" name="BlackPawnCannotMoveTwoVerticalSpacesDownTheBoardIfItHasNotMovedButToSquareContainsAPiece(6,1,4,1)" fullname="ChessWithTDD.Tests.BlackPawnTests.BlackPawnCannotMoveTwoVerticalSpacesDownTheBoardIfItHasNotMovedButToSquareContainsAPiece(6,1,4,1)" methodname="BlackPawnCannotMoveTwoVerticalSpacesDownTheBoardIfItHasNotMovedButToSquareContainsAPiece" classname="ChessWithTDD.Tests.BlackPawnTests" runstate="Runnable" seed="1865841900" result="Passed" start-time="2017-08-03 22:14:27Z" end-time="2017-08-03 22:14:27Z" duration="0.000850" asserts="1" />
          </test-suite>
        </test-suite>
        <test-suite type="TestFixture" id="0-1000" name="BoardCacheTests" fullname="ChessWithTDD.Tests.BoardCacheTests" classname="ChessWithTDD.Tests.BoardCacheTests" runstate="Runnable" testcasecount="13" result="Passed" start-time="2017-08-03 22:14:27Z" end-time="2017-08-03 22:14:27Z" duration="0.230039" total="13" passed="13" failed="0" warnings="0" inconclusive="0" skipped="0" asserts="48">
          <test-case id="0-1001" name="BlackKingIsSavedToBlackKingSquareIfInPendingUpdatesOfBoardAndUpdatesCleared" fullname="ChessWithTDD.Tests.BoardCacheTests.BlackKingIsSavedToBlackKingSquareIfInPendingUpdatesOfBoardAndUpdatesCleared" methodname="BlackKingIsSavedToBlackKingSquareIfInPendingUpdatesOfBoardAndUpdatesCleared" classname="ChessWithTDD.Tests.BoardCacheTests" runstate="Runnable" seed="570584059" result="Passed" start-time="2017-08-03 22:14:27Z" end-time="2017-08-03 22:14:27Z" duration="0.066468" asserts="3" />
          <test-case id="0-1013" name="BoardCacheInitialisedWithBlackBackRowCorrectly" fullname="ChessWithTDD.Tests.BoardCacheTests.BoardCacheInitialisedWithBlackBackRowCorrectly" methodname="BoardCacheInitialisedWithBlackBackRowCorrectly" classname="ChessWithTDD.Tests.BoardCacheTests" runstate="Runnable" seed="1930037720" result="Passed" start-time="2017-08-03 22:14:27Z" end-time="2017-08-03 22:14:27Z" duration="0.099227" asserts="7" />
          <test-case id="0-1009" name="BoardCacheInitialisedWithBlackKingCorrectly" fullname="ChessWithTDD.Tests.BoardCacheTests.BoardCacheInitialisedWithBlackKingCorrectly" methodname="BoardCacheInitialisedWithBlackKingCorrectly" classname="ChessWithTDD.Tests.BoardCacheTests" runstate="Runnable" seed="253805512" result="Passed" start-time="2017-08-03 22:14:27Z" end-time="2017-08-03 22:14:27Z" duration="0.001754" asserts="1" />
          <test-case id="0-1011" name="BoardCacheInitialisedWithBlackPawnsCorrectly" fullname="ChessWithTDD.Tests.BoardCacheTests.BoardCacheInitialisedWithBlackPawnsCorrectly" methodname="BoardCacheInitialisedWithBlackPawnsCorrectly" classname="ChessWithTDD.Tests.BoardCacheTests" runstate="Runnable" seed="846877137" result="Passed" start-time="2017-08-03 22:14:27Z" end-time="2017-08-03 22:14:27Z" duration="0.002395" asserts="8" />
          <test-case id="0-1007" name="BoardCacheInitialisedWithCorrectBoard" fullname="ChessWithTDD.Tests.BoardCacheTests.BoardCacheInitialisedWithCorrectBoard" methodname="BoardCacheInitialisedWithCorrectBoard" classname="ChessWithTDD.Tests.BoardCacheTests" runstate="Runnable" seed="270112676" result="Passed" start-time="2017-08-03 22:14:27Z" end-time="2017-08-03 22:14:27Z" duration="0.001089" asserts="1" />
          <test-case id="0-1012" name="BoardCacheInitialisedWithWhiteBackRowCorrectly" fullname="ChessWithTDD.Tests.BoardCacheTests.BoardCacheInitialisedWithWhiteBackRowCorrectly" methodname="BoardCacheInitialisedWithWhiteBackRowCorrectly" classname="ChessWithTDD.Tests.BoardCacheTests" runstate="Runnable" seed="1013062876" result="Passed" start-time="2017-08-03 22:14:27Z" end-time="2017-08-03 22:14:27Z" duration="0.002689" asserts="7" />
          <test-case id="0-1008" name="BoardCacheInitialisedWithWhiteKingCorrectly" fullname="ChessWithTDD.Tests.BoardCacheTests.BoardCacheInitialisedWithWhiteKingCorrectly" methodname="BoardCacheInitialisedWithWhiteKingCorrectly" classname="ChessWithTDD.Tests.BoardCacheTests" runstate="Runnable" seed="1542983389" result="Passed" start-time="2017-08-03 22:14:27Z" end-time="2017-08-03 22:14:27Z" duration="0.001916" asserts="1" />
          <test-case id="0-1010" name="BoardCacheInitialisedWithWhitePawnsCorrectly" fullname="ChessWithTDD.Tests.BoardCacheTests.BoardCacheInitialisedWithWhitePawnsCorrectly" methodname="BoardCacheInitialisedWithWhitePawnsCorrectly" classname="ChessWithTDD.Tests.BoardCacheTests" runstate="Runnable" seed="672612920" result="Passed" start-time="2017-08-03 22:14:27Z" end-time="2017-08-03 22:14:27Z" duration="0.002663" asserts="8" />
          <test-case id="0-1003" name="NothingIsSavedForSquaresWithNoPieceButItIsRemoved" fullname="ChessWithTDD.Tests.BoardCacheTests.NothingIsSavedForSquaresWithNoPieceButItIsRemoved" methodname="NothingIsSavedForSquaresWithNoPieceButItIsRemoved" classname="ChessWithTDD.Tests.BoardCacheTests" runstate="Runnable" seed="604886591" result="Passed" start-time="2017-08-03 22:14:27Z" end-time="2017-08-03 22:14:27Z" duration="0.002842" asserts="3" />
          <test-case id="0-1006" name="SquareInPendingUpdatesWithBlackPieceIsAddedToBlackPieceCacheAndRemovedFromPendingUpdates" fullname="ChessWithTDD.Tests.BoardCacheTests.SquareInPendingUpdatesWithBlackPieceIsAddedToBlackPieceCacheAndRemovedFromPendingUpdates" methodname="SquareInPendingUpdatesWithBlackPieceIsAddedToBlackPieceCacheAndRemovedFromPendingUpdates" classname="ChessWithTDD.Tests.BoardCacheTests" runstate="Runnable" seed="1972834713" result="Passed" start-time="2017-08-03 22:14:27Z" end-time="2017-08-03 22:14:27Z" duration="0.003631" asserts="2" />
          <test-case id="0-1004" name="SquareInPendingUpdatesWithNoPieceIsRemovedFromBoardCacheAndPendingUpdates" fullname="ChessWithTDD.Tests.BoardCacheTests.SquareInPendingUpdatesWithNoPieceIsRemovedFromBoardCacheAndPendingUpdates" methodname="SquareInPendingUpdatesWithNoPieceIsRemovedFromBoardCacheAndPendingUpdates" classname="ChessWithTDD.Tests.BoardCacheTests" runstate="Runnable" seed="1920060482" result="Passed" start-time="2017-08-03 22:14:27Z" end-time="2017-08-03 22:14:27Z" duration="0.001342" asserts="2" />
          <test-case id="0-1005" name="SquareInPendingUpdatesWithWhitePieceIsAddedToWhitePieceCacheAndRemovedFromPendingUpdates" fullname="ChessWithTDD.Tests.BoardCacheTests.SquareInPendingUpdatesWithWhitePieceIsAddedToWhitePieceCacheAndRemovedFromPendingUpdates" methodname="SquareInPendingUpdatesWithWhitePieceIsAddedToWhitePieceCacheAndRemovedFromPendingUpdates" classname="ChessWithTDD.Tests.BoardCacheTests" runstate="Runnable" seed="169073020" result="Passed" start-time="2017-08-03 22:14:27Z" end-time="2017-08-03 22:14:27Z" duration="0.002227" asserts="2" />
          <test-case id="0-1002" name="WhiteKingIsSavedToWhiteKingSquareAndWhitePiecesIfInPendingUpdatesOfBoardAndUpdatesCleared" fullname="ChessWithTDD.Tests.BoardCacheTests.WhiteKingIsSavedToWhiteKingSquareAndWhitePiecesIfInPendingUpdatesOfBoardAndUpdatesCleared" methodname="WhiteKingIsSavedToWhiteKingSquareAndWhitePiecesIfInPendingUpdatesOfBoardAndUpdatesCleared" classname="ChessWithTDD.Tests.BoardCacheTests" runstate="Runnable" seed="17064257" result="Passed" start-time="2017-08-03 22:14:27Z" end-time="2017-08-03 22:14:27Z" duration="0.002379" asserts="3" />
        </test-suite>
        <test-suite type="TestFixture" id="0-1014" name="BoardInitialiserTests" fullname="ChessWithTDD.Tests.BoardInitialiserTests" classname="ChessWithTDD.Tests.BoardInitialiserTests" runstate="Runnable" testcasecount="11" result="Passed" start-time="2017-08-03 22:14:27Z" end-time="2017-08-03 22:14:28Z" duration="0.539813" total="11" passed="11" failed="0" warnings="0" inconclusive="0" skipped="0" asserts="1">
          <test-case id="0-1022" name="BoardBlackBishopsSetupCorrectly" fullname="ChessWithTDD.Tests.BoardInitialiserTests.BoardBlackBishopsSetupCorrectly" methodname="BoardBlackBishopsSetupCorrectly" classname="ChessWithTDD.Tests.BoardInitialiserTests" runstate="Runnable" seed="2080281708" result="Passed" start-time="2017-08-03 22:14:27Z" end-time="2017-08-03 22:14:27Z" duration="0.103053" asserts="0" />
          <test-case id="0-1020" name="BoardBlackKnightsSetupCorrectly" fullname="ChessWithTDD.Tests.BoardInitialiserTests.BoardBlackKnightsSetupCorrectly" methodname="BoardBlackKnightsSetupCorrectly" classname="ChessWithTDD.Tests.BoardInitialiserTests" runstate="Runnable" seed="49222831" result="Passed" start-time="2017-08-03 22:14:27Z" end-time="2017-08-03 22:14:27Z" duration="0.022865" asserts="0" />
          <test-case id="0-1016" name="BoardBlackPawnRowSetupCorrectly" fullname="ChessWithTDD.Tests.BoardInitialiserTests.BoardBlackPawnRowSetupCorrectly" methodname="BoardBlackPawnRowSetupCorrectly" classname="ChessWithTDD.Tests.BoardInitialiserTests" runstate="Runnable" seed="1847600526" result="Passed" start-time="2017-08-03 22:14:27Z" end-time="2017-08-03 22:14:28Z" duration="0.135854" asserts="0" />
          <test-case id="0-1018" name="BoardBlackRooksSetupCorrectly" fullname="ChessWithTDD.Tests.BoardInitialiserTests.BoardBlackRooksSetupCorrectly" methodname="BoardBlackRooksSetupCorrectly" classname="ChessWithTDD.Tests.BoardInitialiserTests" runstate="Runnable" seed="202177456" result="Passed" start-time="2017-08-03 22:14:28Z" end-time="2017-08-03 22:14:28Z" duration="0.019247" asserts="0" />
          <test-case id="0-1024" name="BoardKingsSetupCorrectly" fullname="ChessWithTDD.Tests.BoardInitialiserTests.BoardKingsSetupCorrectly" methodname="BoardKingsSetupCorrectly" classname="ChessWithTDD.Tests.BoardInitialiserTests" runstate="Runnable" seed="597152710" result="Passed" start-time="2017-08-03 22:14:28Z" end-time="2017-08-03 22:14:28Z" duration="0.033699" asserts="0" />
          <test-case id="0-1023" name="BoardQueensSetupCorrectly" fullname="ChessWithTDD.Tests.BoardInitialiserTests.BoardQueensSetupCorrectly" methodname="BoardQueensSetupCorrectly" classname="ChessWithTDD.Tests.BoardInitialiserTests" runstate="Runnable" seed="2112135621" result="Passed" start-time="2017-08-03 22:14:28Z" end-time="2017-08-03 22:14:28Z" duration="0.024877" asserts="0" />
          <test-case id="0-1025" name="BoardSetSquareCalledCorrectNumberOfTimesDuringInitialisation" fullname="ChessWithTDD.Tests.BoardInitialiserTests.BoardSetSquareCalledCorrectNumberOfTimesDuringInitialisation" methodname="BoardSetSquareCalledCorrectNumberOfTimesDuringInitialisation" classname="ChessWithTDD.Tests.BoardInitialiserTests" runstate="Runnable" seed="931956433" result="Passed" start-time="2017-08-03 22:14:28Z" end-time="2017-08-03 22:14:28Z" duration="0.003591" asserts="1" />
          <test-case id="0-1021" name="BoardWhiteBishopsSetupCorrectly" fullname="ChessWithTDD.Tests.BoardInitialiserTests.BoardWhiteBishopsSetupCorrectly" methodname="BoardWhiteBishopsSetupCorrectly" classname="ChessWithTDD.Tests.BoardInitialiserTests" runstate="Runnable" seed="2070439886" result="Passed" start-time="2017-08-03 22:14:28Z" end-time="2017-08-03 22:14:28Z" duration="0.024163" asserts="0" />
          <test-case id="0-1019" name="BoardWhiteKnightsSetupCorrectly" fullname="ChessWithTDD.Tests.BoardInitialiserTests.BoardWhiteKnightsSetupCorrectly" methodname="BoardWhiteKnightsSetupCorrectly" classname="ChessWithTDD.Tests.BoardInitialiserTests" runstate="Runnable" seed="548058036" result="Passed" start-time="2017-08-03 22:14:28Z" end-time="2017-08-03 22:14:28Z" duration="0.019008" asserts="0" />
          <test-case id="0-1015" name="BoardWhitePawnRowSetupCorrectly" fullname="ChessWithTDD.Tests.BoardInitialiserTests.BoardWhitePawnRowSetupCorrectly" methodname="BoardWhitePawnRowSetupCorrectly" classname="ChessWithTDD.Tests.BoardInitialiserTests" runstate="Runnable" seed="1166728183" result="Passed" start-time="2017-08-03 22:14:28Z" end-time="2017-08-03 22:14:28Z" duration="0.101122" asserts="0" />
          <test-case id="0-1017" name="BoardWhiteRooksSetupCorrectly" fullname="ChessWithTDD.Tests.BoardInitialiserTests.BoardWhiteRooksSetupCorrectly" methodname="BoardWhiteRooksSetupCorrectly" classname="ChessWithTDD.Tests.BoardInitialiserTests" runstate="Runnable" seed="1523816341" result="Passed" start-time="2017-08-03 22:14:28Z" end-time="2017-08-03 22:14:28Z" duration="0.019298" asserts="0" />
        </test-suite>
        <test-suite type="TestFixture" id="0-1629" name="BoardTests" fullname="ChessWithTDD.Tests.BoardTests" classname="ChessWithTDD.Tests.BoardTests" runstate="Runnable" testcasecount="62" result="Passed" start-time="2017-08-03 22:14:28Z" end-time="2017-08-03 22:14:28Z" duration="0.414065" total="62" passed="62" failed="0" warnings="0" inconclusive="0" skipped="0" asserts="115">
          <test-suite type="ParameterizedMethod" id="0-1651" name="ApplyingMoveAddsMoveDataToMoveListAtTheEnd" fullname="ChessWithTDD.Tests.BoardTests.ApplyingMoveAddsMoveDataToMoveListAtTheEnd" classname="ChessWithTDD.Tests.BoardTests" runstate="Runnable" testcasecount="2" result="Passed" start-time="2017-08-03 22:14:28Z" end-time="2017-08-03 22:14:28Z" duration="0.018509" total="2" passed="2" failed="0" warnings="0" inconclusive="0" skipped="0" asserts="4">
            <test-case id="0-1649" name="ApplyingMoveAddsMoveDataToMoveListAtTheEnd(1,2,3,4,True,False,False)" fullname="ChessWithTDD.Tests.BoardTests.ApplyingMoveAddsMoveDataToMoveListAtTheEnd(1,2,3,4,True,False,False)" methodname="ApplyingMoveAddsMoveDataToMoveListAtTheEnd" classname="ChessWithTDD.Tests.BoardTests" runstate="Runnable" seed="1633634591" result="Passed" start-time="2017-08-03 22:14:28Z" end-time="2017-08-03 22:14:28Z" duration="0.011170" asserts="2" />
            <test-case id="0-1650" name="ApplyingMoveAddsMoveDataToMoveListAtTheEnd(1,2,3,4,True,True,False)" fullname="ChessWithTDD.Tests.BoardTests.ApplyingMoveAddsMoveDataToMoveListAtTheEnd(1,2,3,4,True,True,False)" methodname="ApplyingMoveAddsMoveDataToMoveListAtTheEnd" classname="ChessWithTDD.Tests.BoardTests" runstate="Runnable" seed="1626390901" result="Passed" start-time="2017-08-03 22:14:28Z" end-time="2017-08-03 22:14:28Z" duration="0.001958" asserts="2" />
          </test-suite>
          <test-case id="0-1640" name="ApplyingMoveCallsMoveExecutorWithCorrectArguments" fullname="ChessWithTDD.Tests.BoardTests.ApplyingMoveCallsMoveExecutorWithCorrectArguments" methodname="ApplyingMoveCallsMoveExecutorWithCorrectArguments" classname="ChessWithTDD.Tests.BoardTests" runstate="Runnable" seed="1829496353" result="Passed" start-time="2017-08-03 22:14:28Z" end-time="2017-08-03 22:14:28Z" duration="0.003649" asserts="0" />
          <test-suite type="ParameterizedMethod" id="0-1648" name="ApplyingMoveFiresMoveAppliedEvent" fullname="ChessWithTDD.Tests.BoardTests.ApplyingMoveFiresMoveAppliedEvent" classname="ChessWithTDD.Tests.BoardTests" runstate="Runnable" testcasecount="6" result="Passed" start-time="2017-08-03 22:14:28Z" end-time="2017-08-03 22:14:28Z" duration="0.030512" total="6" passed="6" failed="0" warnings="0" inconclusive="0" skipped="0" asserts="30">
            <test-case id="0-1642" name="ApplyingMoveFiresMoveAppliedEvent(1,2,3,4,False,False,False)" fullname="ChessWithTDD.Tests.BoardTests.ApplyingMoveFiresMoveAppliedEvent(1,2,3,4,False,False,False)" methodname="ApplyingMoveFiresMoveAppliedEvent" classname="ChessWithTDD.Tests.BoardTests" runstate="Runnable" seed="805116130" result="Passed" start-time="2017-08-03 22:14:28Z" end-time="2017-08-03 22:14:28Z" duration="0.002842" asserts="5" />
            <test-case id="0-1643" name="ApplyingMoveFiresMoveAppliedEvent(1,2,3,4,False,True,False)" fullname="ChessWithTDD.Tests.BoardTests.ApplyingMoveFiresMoveAppliedEvent(1,2,3,4,False,True,False)" methodname="ApplyingMoveFiresMoveAppliedEvent" classname="ChessWithTDD.Tests.BoardTests" runstate="Runnable" seed="63369941" result="Passed" start-time="2017-08-03 22:14:28Z" end-time="2017-08-03 22:14:28Z" duration="0.001913" asserts="5" />
            <test-case id="0-1644" name="ApplyingMoveFiresMoveAppliedEvent(1,2,3,4,False,True,True)" fullname="ChessWithTDD.Tests.BoardTests.ApplyingMoveFiresMoveAppliedEvent(1,2,3,4,False,True,True)" methodname="ApplyingMoveFiresMoveAppliedEvent" classname="ChessWithTDD.Tests.BoardTests" runstate="Runnable" seed="1175016820" result="Passed" start-time="2017-08-03 22:14:28Z" end-time="2017-08-03 22:14:28Z" duration="0.001717" asserts="5" />
            <test-case id="0-1645" name="ApplyingMoveFiresMoveAppliedEvent(1,2,3,4,True,False,False)" fullname="ChessWithTDD.Tests.BoardTests.ApplyingMoveFiresMoveAppliedEvent(1,2,3,4,True,False,False)" methodname="ApplyingMoveFiresMoveAppliedEvent" classname="ChessWithTDD.Tests.BoardTests" runstate="Runnable" seed="1729676000" result="Passed" start-time="2017-08-03 22:14:28Z" end-time="2017-08-03 22:14:28Z" duration="0.002740" asserts="5" />
            <test-case id="0-1646" name="ApplyingMoveFiresMoveAppliedEvent(1,2,3,4,True,True,False)" fullname="ChessWithTDD.Tests.BoardTests.ApplyingMoveFiresMoveAppliedEvent(1,2,3,4,True,True,False)" methodname="ApplyingMoveFiresMoveAppliedEvent" classname="ChessWithTDD.Tests.BoardTests" runstate="Runnable" seed="1957145429" result="Passed" start-time="2017-08-03 22:14:28Z" end-time="2017-08-03 22:14:28Z" duration="0.001711" asserts="5" />
            <test-case id="0-1647" name="ApplyingMoveFiresMoveAppliedEvent(1,2,3,4,True,True,True)" fullname="ChessWithTDD.Tests.BoardTests.ApplyingMoveFiresMoveAppliedEvent(1,2,3,4,True,True,True)" methodname="ApplyingMoveFiresMoveAppliedEvent" classname="ChessWithTDD.Tests.BoardTests" runstate="Runnable" seed="1082747275" result="Passed" start-time="2017-08-03 22:14:28Z" end-time="2017-08-03 22:14:28Z" duration="0.001660" asserts="5" />
          </test-suite>
          <test-case id="0-1641" name="ApplyingMoveIncrementsTurnCounter" fullname="ChessWithTDD.Tests.BoardTests.ApplyingMoveIncrementsTurnCounter" methodname="ApplyingMoveIncrementsTurnCounter" classname="ChessWithTDD.Tests.BoardTests" runstate="Runnable" seed="684083786" result="Passed" start-time="2017-08-03 22:14:28Z" end-time="2017-08-03 22:14:28Z" duration="0.002049" asserts="1" />
          <test-suite type="ParameterizedMethod" id="0-1663" name="ApplyingWithoutCheckAndMateAddsMoveDataToMoveListAtTheEnd" fullname="ChessWithTDD.Tests.BoardTests.ApplyingWithoutCheckAndMateAddsMoveDataToMoveListAtTheEnd" classname="ChessWithTDD.Tests.BoardTests" runstate="Runnable" testcasecount="2" result="Passed" start-time="2017-08-03 22:14:28Z" end-time="2017-08-03 22:14:28Z" duration="0.011544" total="2" passed="2" failed="0" warnings="0" inconclusive="0" skipped="0" asserts="4">
            <test-case id="0-1661" name="ApplyingWithoutCheckAndMateAddsMoveDataToMoveListAtTheEnd(1,2,3,4,True,False,False)" fullname="ChessWithTDD.Tests.BoardTests.ApplyingWithoutCheckAndMateAddsMoveDataToMoveListAtTheEnd(1,2,3,4,True,False,False)" methodname="ApplyingWithoutCheckAndMateAddsMoveDataToMoveListAtTheEnd" classname="ChessWithTDD.Tests.BoardTests" runstate="Runnable" seed="2061403623" result="Passed" start-time="2017-08-03 22:14:28Z" end-time="2017-08-03 22:14:28Z" duration="0.003689" asserts="2" />
            <test-case id="0-1662" name="ApplyingWithoutCheckAndMateAddsMoveDataToMoveListAtTheEnd(1,2,3,4,True,True,False)" fullname="ChessWithTDD.Tests.BoardTests.ApplyingWithoutCheckAndMateAddsMoveDataToMoveListAtTheEnd(1,2,3,4,True,True,False)" methodname="ApplyingWithoutCheckAndMateAddsMoveDataToMoveListAtTheEnd" classname="ChessWithTDD.Tests.BoardTests" runstate="Runnable" seed="705715211" result="Passed" start-time="2017-08-03 22:14:28Z" end-time="2017-08-03 22:14:28Z" duration="0.001812" asserts="2" />
          </test-suite>
          <test-case id="0-1652" name="ApplyingWithoutCheckAndMateCallsMoveExecutorWithCorrectArguments" fullname="ChessWithTDD.Tests.BoardTests.ApplyingWithoutCheckAndMateCallsMoveExecutorWithCorrectArguments" methodname="ApplyingWithoutCheckAndMateCallsMoveExecutorWithCorrectArguments" classname="ChessWithTDD.Tests.BoardTests" runstate="Runnable" seed="1430059154" result="Passed" start-time="2017-08-03 22:14:28Z" end-time="2017-08-03 22:14:28Z" duration="0.002816" asserts="0" />
          <test-suite type="ParameterizedMethod" id="0-1660" name="ApplyingWithoutCheckAndMateFiresMoveAppliedEvent" fullname="ChessWithTDD.Tests.BoardTests.ApplyingWithoutCheckAndMateFiresMoveAppliedEvent" classname="ChessWithTDD.Tests.BoardTests" runstate="Runnable" testcasecount="6" result="Passed" start-time="2017-08-03 22:14:28Z" end-time="2017-08-03 22:14:28Z" duration="0.031949" total="6" passed="6" failed="0" warnings="0" inconclusive="0" skipped="0" asserts="30">
            <test-case id="0-1654" name="ApplyingWithoutCheckAndMateFiresMoveAppliedEvent(1,2,3,4,False,False,False)" fullname="ChessWithTDD.Tests.BoardTests.ApplyingWithoutCheckAndMateFiresMoveAppliedEvent(1,2,3,4,False,False,False)" methodname="ApplyingWithoutCheckAndMateFiresMoveAppliedEvent" classname="ChessWithTDD.Tests.BoardTests" runstate="Runnable" seed="1632657891" result="Passed" start-time="2017-08-03 22:14:28Z" end-time="2017-08-03 22:14:28Z" duration="0.002892" asserts="5" />
            <test-case id="0-1655" name="ApplyingWithoutCheckAndMateFiresMoveAppliedEvent(1,2,3,4,False,True,False)" fullname="ChessWithTDD.Tests.BoardTests.ApplyingWithoutCheckAndMateFiresMoveAppliedEvent(1,2,3,4,False,True,False)" methodname="ApplyingWithoutCheckAndMateFiresMoveAppliedEvent" classname="ChessWithTDD.Tests.BoardTests" runstate="Runnable" seed="1820665535" result="Passed" start-time="2017-08-03 22:14:28Z" end-time="2017-08-03 22:14:28Z" duration="0.001670" asserts="5" />
            <test-case id="0-1656" name="ApplyingWithoutCheckAndMateFiresMoveAppliedEvent(1,2,3,4,False,True,True)" fullname="ChessWithTDD.Tests.BoardTests.ApplyingWithoutCheckAndMateFiresMoveAppliedEvent(1,2,3,4,False,True,True)" methodname="ApplyingWithoutCheckAndMateFiresMoveAppliedEvent" classname="ChessWithTDD.Tests.BoardTests" runstate="Runnable" seed="1716600106" result="Passed" start-time="2017-08-03 22:14:28Z" end-time="2017-08-03 22:14:28Z" duration="0.001761" asserts="5" />
            <test-case id="0-1657" name="ApplyingWithoutCheckAndMateFiresMoveAppliedEvent(1,2,3,4,True,False,False)" fullname="ChessWithTDD.Tests.BoardTests.ApplyingWithoutCheckAndMateFiresMoveAppliedEvent(1,2,3,4,True,False,False)" methodname="ApplyingWithoutCheckAndMateFiresMoveAppliedEvent" classname="ChessWithTDD.Tests.BoardTests" runstate="Runnable" seed="933292205" result="Passed" start-time="2017-08-03 22:14:28Z" end-time="2017-08-03 22:14:28Z" duration="0.001736" asserts="5" />
            <test-case id="0-1658" name="ApplyingWithoutCheckAndMateFiresMoveAppliedEvent(1,2,3,4,True,True,False)" fullname="ChessWithTDD.Tests.BoardTests.ApplyingWithoutCheckAndMateFiresMoveAppliedEvent(1,2,3,4,True,True,False)" methodname="ApplyingWithoutCheckAndMateFiresMoveAppliedEvent" classname="ChessWithTDD.Tests.BoardTests" runstate="Runnable" seed="196327543" result="Passed" start-time="2017-08-03 22:14:28Z" end-time="2017-08-03 22:14:28Z" duration="0.002143" asserts="5" />
            <test-case id="0-1659" name="ApplyingWithoutCheckAndMateFiresMoveAppliedEvent(1,2,3,4,True,True,True)" fullname="ChessWithTDD.Tests.BoardTests.ApplyingWithoutCheckAndMateFiresMoveAppliedEvent(1,2,3,4,True,True,True)" methodname="ApplyingWithoutCheckAndMateFiresMoveAppliedEvent" classname="ChessWithTDD.Tests.BoardTests" runstate="Runnable" seed="1409738276" result="Passed" start-time="2017-08-03 22:14:28Z" end-time="2017-08-03 22:14:28Z" duration="0.001776" asserts="5" />
          </test-suite>
          <test-case id="0-1653" name="ApplyingWithoutCheckAndMateIncrementsTurnCounter" fullname="ChessWithTDD.Tests.BoardTests.ApplyingWithoutCheckAndMateIncrementsTurnCounter" methodname="ApplyingWithoutCheckAndMateIncrementsTurnCounter" classname="ChessWithTDD.Tests.BoardTests" runstate="Runnable" seed="1601669269" result="Passed" start-time="2017-08-03 22:14:28Z" end-time="2017-08-03 22:14:28Z" duration="0.001825" asserts="1" />
          <test-case id="0-1630" name="BoardIsInitialisedWithCorrectDimensions" fullname="ChessWithTDD.Tests.BoardTests.BoardIsInitialisedWithCorrectDimensions" methodname="BoardIsInitialisedWithCorrectDimensions" classname="ChessWithTDD.Tests.BoardTests" runstate="Runnable" seed="787194642" result="Passed" start-time="2017-08-03 22:14:28Z" end-time="2017-08-03 22:14:28Z" duration="0.001927" asserts="1" />
          <test-case id="0-1633" name="InitialiseBoardCacheIsCalledWhenCreatingABoardInstance" fullname="ChessWithTDD.Tests.BoardTests.InitialiseBoardCacheIsCalledWhenCreatingABoardInstance" methodname="InitialiseBoardCacheIsCalledWhenCreatingABoardInstance" classname="ChessWithTDD.Tests.BoardTests" runstate="Runnable" seed="1414894673" result="Passed" start-time="2017-08-03 22:14:28Z" end-time="2017-08-03 22:14:28Z" duration="0.003399" asserts="0" />
          <test-case id="0-1632" name="InitialiseBoardIsCalledWhenCreatingABoardInstance" fullname="ChessWithTDD.Tests.BoardTests.InitialiseBoardIsCalledWhenCreatingABoardInstance" methodname="InitialiseBoardIsCalledWhenCreatingABoardInstance" classname="ChessWithTDD.Tests.BoardTests" runstate="Runnable" seed="143642108" result="Passed" start-time="2017-08-03 22:14:28Z" end-time="2017-08-03 22:14:28Z" duration="0.003310" asserts="0" />
          <test-case id="0-1637" name="MoveIsNotValidIfMoveValidatorAndPiecePassButMoveIntoCheckValidatorFails" fullname="ChessWithTDD.Tests.BoardTests.MoveIsNotValidIfMoveValidatorAndPiecePassButMoveIntoCheckValidatorFails" methodname="MoveIsNotValidIfMoveValidatorAndPiecePassButMoveIntoCheckValidatorFails" classname="ChessWithTDD.Tests.BoardTests" runstate="Runnable" seed="425608288" result="Passed" start-time="2017-08-03 22:14:28Z" end-time="2017-08-03 22:14:28Z" duration="0.017560" asserts="1" />
          <test-case id="0-1635" name="MoveIsNotValidIfMoveValidatorReturnsFalse" fullname="ChessWithTDD.Tests.BoardTests.MoveIsNotValidIfMoveValidatorReturnsFalse" methodname="MoveIsNotValidIfMoveValidatorReturnsFalse" classname="ChessWithTDD.Tests.BoardTests" runstate="Runnable" seed="328349804" result="Passed" start-time="2017-08-03 22:14:28Z" end-time="2017-08-03 22:14:28Z" duration="0.002096" asserts="1" />
          <test-case id="0-1636" name="MoveIsNotValidIfMoveValidatorReturnsTrueButFromSquarePieceCannotMove" fullname="ChessWithTDD.Tests.BoardTests.MoveIsNotValidIfMoveValidatorReturnsTrueButFromSquarePieceCannotMove" methodname="MoveIsNotValidIfMoveValidatorReturnsTrueButFromSquarePieceCannotMove" classname="ChessWithTDD.Tests.BoardTests" runstate="Runnable" seed="191178427" result="Passed" start-time="2017-08-03 22:14:28Z" end-time="2017-08-03 22:14:28Z" duration="0.002418" asserts="1" />
          <test-case id="0-1638" name="MoveIsValidIfAllValidationPasses" fullname="ChessWithTDD.Tests.BoardTests.MoveIsValidIfAllValidationPasses" methodname="MoveIsValidIfAllValidationPasses" classname="ChessWithTDD.Tests.BoardTests" runstate="Runnable" seed="1862430814" result="Passed" start-time="2017-08-03 22:14:28Z" end-time="2017-08-03 22:14:28Z" duration="0.002936" asserts="1" />
          <test-case id="0-1634" name="MoveValidatorIsCalledWhenMoveIsValidIsCalled" fullname="ChessWithTDD.Tests.BoardTests.MoveValidatorIsCalledWhenMoveIsValidIsCalled" methodname="MoveValidatorIsCalledWhenMoveIsValidIsCalled" classname="ChessWithTDD.Tests.BoardTests" runstate="Runnable" seed="1411349532" result="Passed" start-time="2017-08-03 22:14:28Z" end-time="2017-08-03 22:14:28Z" duration="0.003577" asserts="0" />
          <test-suite type="ParameterizedMethod" id="0-1671" name="MovingTeamKingSquareIsBlackKingOfBoardCacheForOddTurnCounters" fullname="ChessWithTDD.Tests.BoardTests.MovingTeamKingSquareIsBlackKingOfBoardCacheForOddTurnCounters" classname="ChessWithTDD.Tests.BoardTests" runstate="Runnable" testcasecount="3" result="Passed" start-time="2017-08-03 22:14:28Z" end-time="2017-08-03 22:14:28Z" duration="0.015027" total="3" passed="3" failed="0" warnings="0" inconclusive="0" skipped="0" asserts="3">
            <test-case id="0-1668" name="MovingTeamKingSquareIsBlackKingOfBoardCacheForOddTurnCounters(1)" fullname="ChessWithTDD.Tests.BoardTests.MovingTeamKingSquareIsBlackKingOfBoardCacheForOddTurnCounters(1)" methodname="MovingTeamKingSquareIsBlackKingOfBoardCacheForOddTurnCounters" classname="ChessWithTDD.Tests.BoardTests" runstate="Runnable" seed="1629576214" result="Passed" start-time="2017-08-03 22:14:28Z" end-time="2017-08-03 22:14:28Z" duration="0.003663" asserts="1" />
            <test-case id="0-1669" name="MovingTeamKingSquareIsBlackKingOfBoardCacheForOddTurnCounters(3)" fullname="ChessWithTDD.Tests.BoardTests.MovingTeamKingSquareIsBlackKingOfBoardCacheForOddTurnCounters(3)" methodname="MovingTeamKingSquareIsBlackKingOfBoardCacheForOddTurnCounters" classname="ChessWithTDD.Tests.BoardTests" runstate="Runnable" seed="1189013906" result="Passed" start-time="2017-08-03 22:14:28Z" end-time="2017-08-03 22:14:28Z" duration="0.001288" asserts="1" />
            <test-case id="0-1670" name="MovingTeamKingSquareIsBlackKingOfBoardCacheForOddTurnCounters(19)" fullname="ChessWithTDD.Tests.BoardTests.MovingTeamKingSquareIsBlackKingOfBoardCacheForOddTurnCounters(19)" methodname="MovingTeamKingSquareIsBlackKingOfBoardCacheForOddTurnCounters" classname="ChessWithTDD.Tests.BoardTests" runstate="Runnable" seed="815887251" result="Passed" start-time="2017-08-03 22:14:28Z" end-time="2017-08-03 22:14:28Z" duration="0.001184" asserts="1" />
          </test-suite>
          <test-suite type="ParameterizedMethod" id="0-1675" name="MovingTeamKingSquareIsWhiteKingOfBoardCacheForEvenTurnCounters" fullname="ChessWithTDD.Tests.BoardTests.MovingTeamKingSquareIsWhiteKingOfBoardCacheForEvenTurnCounters" classname="ChessWithTDD.Tests.BoardTests" runstate="Runnable" testcasecount="3" result="Passed" start-time="2017-08-03 22:14:28Z" end-time="2017-08-03 22:14:28Z" duration="0.013514" total="3" passed="3" failed="0" warnings="0" inconclusive="0" skipped="0" asserts="3">
            <test-case id="0-1672" name="MovingTeamKingSquareIsWhiteKingOfBoardCacheForEvenTurnCounters(0)" fullname="ChessWithTDD.Tests.BoardTests.MovingTeamKingSquareIsWhiteKingOfBoardCacheForEvenTurnCounters(0)" methodname="MovingTeamKingSquareIsWhiteKingOfBoardCacheForEvenTurnCounters" classname="ChessWithTDD.Tests.BoardTests" runstate="Runnable" seed="480802086" result="Passed" start-time="2017-08-03 22:14:28Z" end-time="2017-08-03 22:14:28Z" duration="0.002283" asserts="1" />
            <test-case id="0-1673" name="MovingTeamKingSquareIsWhiteKingOfBoardCacheForEvenTurnCounters(2)" fullname="ChessWithTDD.Tests.BoardTests.MovingTeamKingSquareIsWhiteKingOfBoardCacheForEvenTurnCounters(2)" methodname="MovingTeamKingSquareIsWhiteKingOfBoardCacheForEvenTurnCounters" classname="ChessWithTDD.Tests.BoardTests" runstate="Runnable" seed="517024245" result="Passed" start-time="2017-08-03 22:14:28Z" end-time="2017-08-03 22:14:28Z" duration="0.001243" asserts="1" />
            <test-case id="0-1674" name="MovingTeamKingSquareIsWhiteKingOfBoardCacheForEvenTurnCounters(22)" fullname="ChessWithTDD.Tests.BoardTests.MovingTeamKingSquareIsWhiteKingOfBoardCacheForEvenTurnCounters(22)" methodname="MovingTeamKingSquareIsWhiteKingOfBoardCacheForEvenTurnCounters" classname="ChessWithTDD.Tests.BoardTests" runstate="Runnable" seed="1455543544" result="Passed" start-time="2017-08-03 22:14:28Z" end-time="2017-08-03 22:14:28Z" duration="0.001222" asserts="1" />
          </test-suite>
          <test-suite type="ParameterizedMethod" id="0-1687" name="MovingTeamPieceSquaresIsBlackTeamOfBoardCacheForOddTurnCounters" fullname="ChessWithTDD.Tests.BoardTests.MovingTeamPieceSquaresIsBlackTeamOfBoardCacheForOddTurnCounters" classname="ChessWithTDD.Tests.BoardTests" runstate="Runnable" testcasecount="3" result="Passed" start-time="2017-08-03 22:14:28Z" end-time="2017-08-03 22:14:28Z" duration="0.035026" total="3" passed="3" failed="0" warnings="0" inconclusive="0" skipped="0" asserts="3">
            <test-case id="0-1684" name="MovingTeamPieceSquaresIsBlackTeamOfBoardCacheForOddTurnCounters(1)" fullname="ChessWithTDD.Tests.BoardTests.MovingTeamPieceSquaresIsBlackTeamOfBoardCacheForOddTurnCounters(1)" methodname="MovingTeamPieceSquaresIsBlackTeamOfBoardCacheForOddTurnCounters" classname="ChessWithTDD.Tests.BoardTests" runstate="Runnable" seed="911393278" result="Passed" start-time="2017-08-03 22:14:28Z" end-time="2017-08-03 22:14:28Z" duration="0.023136" asserts="1" />
            <test-case id="0-1685" name="MovingTeamPieceSquaresIsBlackTeamOfBoardCacheForOddTurnCounters(3)" fullname="ChessWithTDD.Tests.BoardTests.MovingTeamPieceSquaresIsBlackTeamOfBoardCacheForOddTurnCounters(3)" methodname="MovingTeamPieceSquaresIsBlackTeamOfBoardCacheForOddTurnCounters" classname="ChessWithTDD.Tests.BoardTests" runstate="Runnable" seed="1133182082" result="Passed" start-time="2017-08-03 22:14:28Z" end-time="2017-08-03 22:14:28Z" duration="0.001457" asserts="1" />
            <test-case id="0-1686" name="MovingTeamPieceSquaresIsBlackTeamOfBoardCacheForOddTurnCounters(19)" fullname="ChessWithTDD.Tests.BoardTests.MovingTeamPieceSquaresIsBlackTeamOfBoardCacheForOddTurnCounters(19)" methodname="MovingTeamPieceSquaresIsBlackTeamOfBoardCacheForOddTurnCounters" classname="ChessWithTDD.Tests.BoardTests" runstate="Runnable" seed="1731049779" result="Passed" start-time="2017-08-03 22:14:28Z" end-time="2017-08-03 22:14:28Z" duration="0.001323" asserts="1" />
          </test-suite>
          <test-suite type="ParameterizedMethod" id="0-1691" name="MovingTeamPieceSquaresIsWhiteTeamOfBoardCacheForEvenTurnCounters" fullname="ChessWithTDD.Tests.BoardTests.MovingTeamPieceSquaresIsWhiteTeamOfBoardCacheForEvenTurnCounters" classname="ChessWithTDD.Tests.BoardTests" runstate="Runnable" testcasecount="3" result="Passed" start-time="2017-08-03 22:14:28Z" end-time="2017-08-03 22:14:28Z" duration="0.015037" total="3" passed="3" failed="0" warnings="0" inconclusive="0" skipped="0" asserts="3">
            <test-case id="0-1688" name="MovingTeamPieceSquaresIsWhiteTeamOfBoardCacheForEvenTurnCounters(0)" fullname="ChessWithTDD.Tests.BoardTests.MovingTeamPieceSquaresIsWhiteTeamOfBoardCacheForEvenTurnCounters(0)" methodname="MovingTeamPieceSquaresIsWhiteTeamOfBoardCacheForEvenTurnCounters" classname="ChessWithTDD.Tests.BoardTests" runstate="Runnable" seed="1430564546" result="Passed" start-time="2017-08-03 22:14:28Z" end-time="2017-08-03 22:14:28Z" duration="0.002456" asserts="1" />
            <test-case id="0-1689" name="MovingTeamPieceSquaresIsWhiteTeamOfBoardCacheForEvenTurnCounters(2)" fullname="ChessWithTDD.Tests.BoardTests.MovingTeamPieceSquaresIsWhiteTeamOfBoardCacheForEvenTurnCounters(2)" methodname="MovingTeamPieceSquaresIsWhiteTeamOfBoardCacheForEvenTurnCounters" classname="ChessWithTDD.Tests.BoardTests" runstate="Runnable" seed="372104271" result="Passed" start-time="2017-08-03 22:14:28Z" end-time="2017-08-03 22:14:28Z" duration="0.001225" asserts="1" />
            <test-case id="0-1690" name="MovingTeamPieceSquaresIsWhiteTeamOfBoardCacheForEvenTurnCounters(22)" fullname="ChessWithTDD.Tests.BoardTests.MovingTeamPieceSquaresIsWhiteTeamOfBoardCacheForEvenTurnCounters(22)" methodname="MovingTeamPieceSquaresIsWhiteTeamOfBoardCacheForEvenTurnCounters" classname="ChessWithTDD.Tests.BoardTests" runstate="Runnable" seed="1636536074" result="Passed" start-time="2017-08-03 22:14:28Z" end-time="2017-08-03 22:14:28Z" duration="0.002308" asserts="1" />
          </test-suite>
          <test-suite type="ParameterizedMethod" id="0-1679" name="OtherTeamKingSquareIsBlackKingOfBoardCacheForEvenTurnCounters" fullname="ChessWithTDD.Tests.BoardTests.OtherTeamKingSquareIsBlackKingOfBoardCacheForEvenTurnCounters" classname="ChessWithTDD.Tests.BoardTests" runstate="Runnable" testcasecount="3" result="Passed" start-time="2017-08-03 22:14:28Z" end-time="2017-08-03 22:14:28Z" duration="0.013550" total="3" passed="3" failed="0" warnings="0" inconclusive="0" skipped="0" asserts="3">
            <test-case id="0-1676" name="OtherTeamKingSquareIsBlackKingOfBoardCacheForEvenTurnCounters(0)" fullname="ChessWithTDD.Tests.BoardTests.OtherTeamKingSquareIsBlackKingOfBoardCacheForEvenTurnCounters(0)" methodname="OtherTeamKingSquareIsBlackKingOfBoardCacheForEvenTurnCounters" classname="ChessWithTDD.Tests.BoardTests" runstate="Runnable" seed="1995436487" result="Passed" start-time="2017-08-03 22:14:28Z" end-time="2017-08-03 22:14:28Z" duration="0.002685" asserts="1" />
            <test-case id="0-1677" name="OtherTeamKingSquareIsBlackKingOfBoardCacheForEvenTurnCounters(2)" fullname="ChessWithTDD.Tests.BoardTests.OtherTeamKingSquareIsBlackKingOfBoardCacheForEvenTurnCounters(2)" methodname="OtherTeamKingSquareIsBlackKingOfBoardCacheForEvenTurnCounters" classname="ChessWithTDD.Tests.BoardTests" runstate="Runnable" seed="467044913" result="Passed" start-time="2017-08-03 22:14:28Z" end-time="2017-08-03 22:14:28Z" duration="0.001339" asserts="1" />
            <test-case id="0-1678" name="OtherTeamKingSquareIsBlackKingOfBoardCacheForEvenTurnCounters(22)" fullname="ChessWithTDD.Tests.BoardTests.OtherTeamKingSquareIsBlackKingOfBoardCacheForEvenTurnCounters(22)" methodname="OtherTeamKingSquareIsBlackKingOfBoardCacheForEvenTurnCounters" classname="ChessWithTDD.Tests.BoardTests" runstate="Runnable" seed="467150250" result="Passed" start-time="2017-08-03 22:14:28Z" end-time="2017-08-03 22:14:28Z" duration="0.001315" asserts="1" />
          </test-suite>
          <test-suite type="ParameterizedMethod" id="0-1683" name="OtherTeamKingSquareIsWhiteKingOfBoardCacheForOddTurnCounters" fullname="ChessWithTDD.Tests.BoardTests.OtherTeamKingSquareIsWhiteKingOfBoardCacheForOddTurnCounters" classname="ChessWithTDD.Tests.BoardTests" runstate="Runnable" testcasecount="3" result="Passed" start-time="2017-08-03 22:14:28Z" end-time="2017-08-03 22:14:28Z" duration="0.013509" total="3" passed="3" failed="0" warnings="0" inconclusive="0" skipped="0" asserts="3">
            <test-case id="0-1680" name="OtherTeamKingSquareIsWhiteKingOfBoardCacheForOddTurnCounters(1)" fullname="ChessWithTDD.Tests.BoardTests.OtherTeamKingSquareIsWhiteKingOfBoardCacheForOddTurnCounters(1)" methodname="OtherTeamKingSquareIsWhiteKingOfBoardCacheForOddTurnCounters" classname="ChessWithTDD.Tests.BoardTests" runstate="Runnable" seed="1313571671" result="Passed" start-time="2017-08-03 22:14:28Z" end-time="2017-08-03 22:14:28Z" duration="0.002226" asserts="1" />
            <test-case id="0-1681" name="OtherTeamKingSquareIsWhiteKingOfBoardCacheForOddTurnCounters(3)" fullname="ChessWithTDD.Tests.BoardTests.OtherTeamKingSquareIsWhiteKingOfBoardCacheForOddTurnCounters(3)" methodname="OtherTeamKingSquareIsWhiteKingOfBoardCacheForOddTurnCounters" classname="ChessWithTDD.Tests.BoardTests" runstate="Runnable" seed="1416326761" result="Passed" start-time="2017-08-03 22:14:28Z" end-time="2017-08-03 22:14:28Z" duration="0.001250" asserts="1" />
            <test-case id="0-1682" name="OtherTeamKingSquareIsWhiteKingOfBoardCacheForOddTurnCounters(19)" fullname="ChessWithTDD.Tests.BoardTests.OtherTeamKingSquareIsWhiteKingOfBoardCacheForOddTurnCounters(19)" methodname="OtherTeamKingSquareIsWhiteKingOfBoardCacheForOddTurnCounters" classname="ChessWithTDD.Tests.BoardTests" runstate="Runnable" seed="33304647" result="Passed" start-time="2017-08-03 22:14:28Z" end-time="2017-08-03 22:14:28Z" duration="0.001422" asserts="1" />
          </test-suite>
          <test-suite type="ParameterizedMethod" id="0-1695" name="OtherTeamPieceSquaresIsBlackTeamOfBoardCacheForEvenTurnCounters" fullname="ChessWithTDD.Tests.BoardTests.OtherTeamPieceSquaresIsBlackTeamOfBoardCacheForEvenTurnCounters" classname="ChessWithTDD.Tests.BoardTests" runstate="Runnable" testcasecount="3" result="Passed" start-time="2017-08-03 22:14:28Z" end-time="2017-08-03 22:14:28Z" duration="0.013979" total="3" passed="3" failed="0" warnings="0" inconclusive="0" skipped="0" asserts="3">
            <test-case id="0-1692" name="OtherTeamPieceSquaresIsBlackTeamOfBoardCacheForEvenTurnCounters(0)" fullname="ChessWithTDD.Tests.BoardTests.OtherTeamPieceSquaresIsBlackTeamOfBoardCacheForEvenTurnCounters(0)" methodname="OtherTeamPieceSquaresIsBlackTeamOfBoardCacheForEvenTurnCounters" classname="ChessWithTDD.Tests.BoardTests" runstate="Runnable" seed="1325496217" result="Passed" start-time="2017-08-03 22:14:28Z" end-time="2017-08-03 22:14:28Z" duration="0.002408" asserts="1" />
            <test-case id="0-1693" name="OtherTeamPieceSquaresIsBlackTeamOfBoardCacheForEvenTurnCounters(2)" fullname="ChessWithTDD.Tests.BoardTests.OtherTeamPieceSquaresIsBlackTeamOfBoardCacheForEvenTurnCounters(2)" methodname="OtherTeamPieceSquaresIsBlackTeamOfBoardCacheForEvenTurnCounters" classname="ChessWithTDD.Tests.BoardTests" runstate="Runnable" seed="2109742821" result="Passed" start-time="2017-08-03 22:14:28Z" end-time="2017-08-03 22:14:28Z" duration="0.001285" asserts="1" />
            <test-case id="0-1694" name="OtherTeamPieceSquaresIsBlackTeamOfBoardCacheForEvenTurnCounters(22)" fullname="ChessWithTDD.Tests.BoardTests.OtherTeamPieceSquaresIsBlackTeamOfBoardCacheForEvenTurnCounters(22)" methodname="OtherTeamPieceSquaresIsBlackTeamOfBoardCacheForEvenTurnCounters" classname="ChessWithTDD.Tests.BoardTests" runstate="Runnable" seed="2051878196" result="Passed" start-time="2017-08-03 22:14:28Z" end-time="2017-08-03 22:14:28Z" duration="0.001385" asserts="1" />
          </test-suite>
          <test-suite type="ParameterizedMethod" id="0-1699" name="OtherTeamPieceSquaresIsWhiteTeamOfBoardCacheForOddTurnCounters" fullname="ChessWithTDD.Tests.BoardTests.OtherTeamPieceSquaresIsWhiteTeamOfBoardCacheForOddTurnCounters" classname="ChessWithTDD.Tests.BoardTests" runstate="Runnable" testcasecount="3" result="Passed" start-time="2017-08-03 22:14:28Z" end-time="2017-08-03 22:14:28Z" duration="0.015457" total="3" passed="3" failed="0" warnings="0" inconclusive="0" skipped="0" asserts="3">
            <test-case id="0-1696" name="OtherTeamPieceSquaresIsWhiteTeamOfBoardCacheForOddTurnCounters(1)" fullname="ChessWithTDD.Tests.BoardTests.OtherTeamPieceSquaresIsWhiteTeamOfBoardCacheForOddTurnCounters(1)" methodname="OtherTeamPieceSquaresIsWhiteTeamOfBoardCacheForOddTurnCounters" classname="ChessWithTDD.Tests.BoardTests" runstate="Runnable" seed="1139491716" result="Passed" start-time="2017-08-03 22:14:28Z" end-time="2017-08-03 22:14:28Z" duration="0.002078" asserts="1" />
            <test-case id="0-1697" name="OtherTeamPieceSquaresIsWhiteTeamOfBoardCacheForOddTurnCounters(3)" fullname="ChessWithTDD.Tests.BoardTests.OtherTeamPieceSquaresIsWhiteTeamOfBoardCacheForOddTurnCounters(3)" methodname="OtherTeamPieceSquaresIsWhiteTeamOfBoardCacheForOddTurnCounters" classname="ChessWithTDD.Tests.BoardTests" runstate="Runnable" seed="1611008193" result="Passed" start-time="2017-08-03 22:14:28Z" end-time="2017-08-03 22:14:28Z" duration="0.002561" asserts="1" />
            <test-case id="0-1698" name="OtherTeamPieceSquaresIsWhiteTeamOfBoardCacheForOddTurnCounters(19)" fullname="ChessWithTDD.Tests.BoardTests.OtherTeamPieceSquaresIsWhiteTeamOfBoardCacheForOddTurnCounters(19)" methodname="OtherTeamPieceSquaresIsWhiteTeamOfBoardCacheForOddTurnCounters" classname="ChessWithTDD.Tests.BoardTests" runstate="Runnable" seed="449737924" result="Passed" start-time="2017-08-03 22:14:28Z" end-time="2017-08-03 22:14:28Z" duration="0.001243" asserts="1" />
          </test-suite>
          <test-case id="0-1631" name="SquareAtPositionFiveSixOnBoardHasRowFiveAndColSix" fullname="ChessWithTDD.Tests.BoardTests.SquareAtPositionFiveSixOnBoardHasRowFiveAndColSix" methodname="SquareAtPositionFiveSixOnBoardHasRowFiveAndColSix" classname="ChessWithTDD.Tests.BoardTests" runstate="Runnable" seed="1674583049" result="Passed" start-time="2017-08-03 22:14:28Z" end-time="2017-08-03 22:14:28Z" duration="0.001345" asserts="1" />
          <test-suite type="ParameterizedMethod" id="0-1707" name="TeamWithTurnIsBlackForOddTurnCounters" fullname="ChessWithTDD.Tests.BoardTests.TeamWithTurnIsBlackForOddTurnCounters" classname="ChessWithTDD.Tests.BoardTests" runstate="Runnable" testcasecount="3" result="Passed" start-time="2017-08-03 22:14:28Z" end-time="2017-08-03 22:14:28Z" duration="0.012518" total="3" passed="3" failed="0" warnings="0" inconclusive="0" skipped="0" asserts="3">
            <test-case id="0-1704" name="TeamWithTurnIsBlackForOddTurnCounters(1)" fullname="ChessWithTDD.Tests.BoardTests.TeamWithTurnIsBlackForOddTurnCounters(1)" methodname="TeamWithTurnIsBlackForOddTurnCounters" classname="ChessWithTDD.Tests.BoardTests" runstate="Runnable" seed="1764745066" result="Passed" start-time="2017-08-03 22:14:28Z" end-time="2017-08-03 22:14:28Z" duration="0.001318" asserts="1" />
            <test-case id="0-1705" name="TeamWithTurnIsBlackForOddTurnCounters(3)" fullname="ChessWithTDD.Tests.BoardTests.TeamWithTurnIsBlackForOddTurnCounters(3)" methodname="TeamWithTurnIsBlackForOddTurnCounters" classname="ChessWithTDD.Tests.BoardTests" runstate="Runnable" seed="180444821" result="Passed" start-time="2017-08-03 22:14:28Z" end-time="2017-08-03 22:14:28Z" duration="0.001053" asserts="1" />
            <test-case id="0-1706" name="TeamWithTurnIsBlackForOddTurnCounters(19)" fullname="ChessWithTDD.Tests.BoardTests.TeamWithTurnIsBlackForOddTurnCounters(19)" methodname="TeamWithTurnIsBlackForOddTurnCounters" classname="ChessWithTDD.Tests.BoardTests" runstate="Runnable" seed="2018352779" result="Passed" start-time="2017-08-03 22:14:28Z" end-time="2017-08-03 22:14:28Z" duration="0.001010" asserts="1" />
          </test-suite>
          <test-suite type="ParameterizedMethod" id="0-1703" name="TeamWithTurnIsWhiteForEvenTurnCounters" fullname="ChessWithTDD.Tests.BoardTests.TeamWithTurnIsWhiteForEvenTurnCounters" classname="ChessWithTDD.Tests.BoardTests" runstate="Runnable" testcasecount="3" result="Passed" start-time="2017-08-03 22:14:28Z" end-time="2017-08-03 22:14:28Z" duration="0.012563" total="3" passed="3" failed="0" warnings="0" inconclusive="0" skipped="0" asserts="3">
            <test-case id="0-1700" name="TeamWithTurnIsWhiteForEvenTurnCounters(0)" fullname="ChessWithTDD.Tests.BoardTests.TeamWithTurnIsWhiteForEvenTurnCounters(0)" methodname="TeamWithTurnIsWhiteForEvenTurnCounters" classname="ChessWithTDD.Tests.BoardTests" runstate="Runnable" seed="1118508450" result="Passed" start-time="2017-08-03 22:14:28Z" end-time="2017-08-03 22:14:28Z" duration="0.001362" asserts="1" />
            <test-case id="0-1701" name="TeamWithTurnIsWhiteForEvenTurnCounters(2)" fullname="ChessWithTDD.Tests.BoardTests.TeamWithTurnIsWhiteForEvenTurnCounters(2)" methodname="TeamWithTurnIsWhiteForEvenTurnCounters" classname="ChessWithTDD.Tests.BoardTests" runstate="Runnable" seed="438890646" result="Passed" start-time="2017-08-03 22:14:28Z" end-time="2017-08-03 22:14:28Z" duration="0.001013" asserts="1" />
            <test-case id="0-1702" name="TeamWithTurnIsWhiteForEvenTurnCounters(22)" fullname="ChessWithTDD.Tests.BoardTests.TeamWithTurnIsWhiteForEvenTurnCounters(22)" methodname="TeamWithTurnIsWhiteForEvenTurnCounters" classname="ChessWithTDD.Tests.BoardTests" runstate="Runnable" seed="268997204" result="Passed" start-time="2017-08-03 22:14:28Z" end-time="2017-08-03 22:14:28Z" duration="0.001002" asserts="1" />
          </test-suite>
          <test-suite type="ParameterizedMethod" id="0-1665" name="TestOrderingOfCallsInApplyMethod" fullname="ChessWithTDD.Tests.BoardTests.TestOrderingOfCallsInApplyMethod" classname="ChessWithTDD.Tests.BoardTests" runstate="Runnable" testcasecount="1" result="Passed" start-time="2017-08-03 22:14:28Z" end-time="2017-08-03 22:14:28Z" duration="0.010494" total="1" passed="1" failed="0" warnings="0" inconclusive="0" skipped="0" asserts="3">
            <test-case id="0-1664" name="TestOrderingOfCallsInApplyMethod(1,2,3,4,True,True,True)" fullname="ChessWithTDD.Tests.BoardTests.TestOrderingOfCallsInApplyMethod(1,2,3,4,True,True,True)" methodname="TestOrderingOfCallsInApplyMethod" classname="ChessWithTDD.Tests.BoardTests" runstate="Runnable" seed="978587545" result="Passed" start-time="2017-08-03 22:14:28Z" end-time="2017-08-03 22:14:28Z" duration="0.007482" asserts="3" />
          </test-suite>
          <test-suite type="ParameterizedMethod" id="0-1667" name="TestOrderingOfCallsInApplyWithoutCheckAndMateMethod" fullname="ChessWithTDD.Tests.BoardTests.TestOrderingOfCallsInApplyWithoutCheckAndMateMethod" classname="ChessWithTDD.Tests.BoardTests" runstate="Runnable" testcasecount="1" result="Passed" start-time="2017-08-03 22:14:28Z" end-time="2017-08-03 22:14:28Z" duration="0.006508" total="1" passed="1" failed="0" warnings="0" inconclusive="0" skipped="0" asserts="3">
            <test-case id="0-1666" name="TestOrderingOfCallsInApplyWithoutCheckAndMateMethod(1,2,3,4,True,True,True)" fullname="ChessWithTDD.Tests.BoardTests.TestOrderingOfCallsInApplyWithoutCheckAndMateMethod(1,2,3,4,True,True,True)" methodname="TestOrderingOfCallsInApplyWithoutCheckAndMateMethod" classname="ChessWithTDD.Tests.BoardTests" runstate="Runnable" seed="1742072431" result="Passed" start-time="2017-08-03 22:14:28Z" end-time="2017-08-03 22:14:28Z" duration="0.003684" asserts="3" />
          </test-suite>
          <test-case id="0-1639" name="TestOrderingOfCallsInMoveIsValidMethod" fullname="ChessWithTDD.Tests.BoardTests.TestOrderingOfCallsInMoveIsValidMethod" methodname="TestOrderingOfCallsInMoveIsValidMethod" classname="ChessWithTDD.Tests.BoardTests" runstate="Runnable" seed="623070987" result="Passed" start-time="2017-08-03 22:14:28Z" end-time="2017-08-03 22:14:28Z" duration="0.004748" asserts="3" />
        </test-suite>
        <test-suite type="TestFixture" id="0-1111" name="CastlingMoveValidatorTests" fullname="ChessWithTDD.Tests.CastlingMoveValidatorTests" classname="ChessWithTDD.Tests.CastlingMoveValidatorTests" runstate="Runnable" testcasecount="50" result="Passed" start-time="2017-08-03 22:14:28Z" end-time="2017-08-03 22:14:29Z" duration="0.610981" total="50" passed="50" failed="0" warnings="0" inconclusive="0" skipped="0" asserts="50">
          <test-suite type="ParameterizedMethod" id="0-1116" name="InvalidCastleIfKingHasMoved" fullname="ChessWithTDD.Tests.CastlingMoveValidatorTests.InvalidCastleIfKingHasMoved" classname="ChessWithTDD.Tests.CastlingMoveValidatorTests" runstate="Runnable" testcasecount="4" result="Passed" start-time="2017-08-03 22:14:28Z" end-time="2017-08-03 22:14:28Z" duration="0.060044" total="4" passed="4" failed="0" warnings="0" inconclusive="0" skipped="0" asserts="4">
            <test-case id="0-1112" name="InvalidCastleIfKingHasMoved(0,4,0,6,0,7)" fullname="ChessWithTDD.Tests.CastlingMoveValidatorTests.InvalidCastleIfKingHasMoved(0,4,0,6,0,7)" methodname="InvalidCastleIfKingHasMoved" classname="ChessWithTDD.Tests.CastlingMoveValidatorTests" runstate="Runnable" seed="1230806317" result="Passed" start-time="2017-08-03 22:14:28Z" end-time="2017-08-03 22:14:28Z" duration="0.026228" asserts="1" />
            <test-case id="0-1113" name="InvalidCastleIfKingHasMoved(0,4,0,2,0,0)" fullname="ChessWithTDD.Tests.CastlingMoveValidatorTests.InvalidCastleIfKingHasMoved(0,4,0,2,0,0)" methodname="InvalidCastleIfKingHasMoved" classname="ChessWithTDD.Tests.CastlingMoveValidatorTests" runstate="Runnable" seed="881951242" result="Passed" start-time="2017-08-03 22:14:28Z" end-time="2017-08-03 22:14:28Z" duration="0.008439" asserts="1" />
            <test-case id="0-1114" name="InvalidCastleIfKingHasMoved(7,4,7,6,7,7)" fullname="ChessWithTDD.Tests.CastlingMoveValidatorTests.InvalidCastleIfKingHasMoved(7,4,7,6,7,7)" methodname="InvalidCastleIfKingHasMoved" classname="ChessWithTDD.Tests.CastlingMoveValidatorTests" runstate="Runnable" seed="21944176" result="Passed" start-time="2017-08-03 22:14:28Z" end-time="2017-08-03 22:14:28Z" duration="0.007178" asserts="1" />
            <test-case id="0-1115" name="InvalidCastleIfKingHasMoved(7,4,7,2,7,0)" fullname="ChessWithTDD.Tests.CastlingMoveValidatorTests.InvalidCastleIfKingHasMoved(7,4,7,2,7,0)" methodname="InvalidCastleIfKingHasMoved" classname="ChessWithTDD.Tests.CastlingMoveValidatorTests" runstate="Runnable" seed="193388613" result="Passed" start-time="2017-08-03 22:14:28Z" end-time="2017-08-03 22:14:28Z" duration="0.007416" asserts="1" />
          </test-suite>
          <test-suite type="ParameterizedMethod" id="0-1140" name="InvalidCastleIfKingInCheck" fullname="ChessWithTDD.Tests.CastlingMoveValidatorTests.InvalidCastleIfKingInCheck" classname="ChessWithTDD.Tests.CastlingMoveValidatorTests" runstate="Runnable" testcasecount="4" result="Passed" start-time="2017-08-03 22:14:28Z" end-time="2017-08-03 22:14:28Z" duration="0.045027" total="4" passed="4" failed="0" warnings="0" inconclusive="0" skipped="0" asserts="4">
            <test-case id="0-1136" name="InvalidCastleIfKingInCheck(0,4,0,6,0,7)" fullname="ChessWithTDD.Tests.CastlingMoveValidatorTests.InvalidCastleIfKingInCheck(0,4,0,6,0,7)" methodname="InvalidCastleIfKingInCheck" classname="ChessWithTDD.Tests.CastlingMoveValidatorTests" runstate="Runnable" seed="1634081921" result="Passed" start-time="2017-08-03 22:14:28Z" end-time="2017-08-03 22:14:28Z" duration="0.010914" asserts="1" />
            <test-case id="0-1137" name="InvalidCastleIfKingInCheck(0,4,0,2,0,0)" fullname="ChessWithTDD.Tests.CastlingMoveValidatorTests.InvalidCastleIfKingInCheck(0,4,0,2,0,0)" methodname="InvalidCastleIfKingInCheck" classname="ChessWithTDD.Tests.CastlingMoveValidatorTests" runstate="Runnable" seed="1839863802" result="Passed" start-time="2017-08-03 22:14:28Z" end-time="2017-08-03 22:14:28Z" duration="0.007427" asserts="1" />
            <test-case id="0-1138" name="InvalidCastleIfKingInCheck(7,4,7,6,7,7)" fullname="ChessWithTDD.Tests.CastlingMoveValidatorTests.InvalidCastleIfKingInCheck(7,4,7,6,7,7)" methodname="InvalidCastleIfKingInCheck" classname="ChessWithTDD.Tests.CastlingMoveValidatorTests" runstate="Runnable" seed="454517286" result="Passed" start-time="2017-08-03 22:14:28Z" end-time="2017-08-03 22:14:28Z" duration="0.007429" asserts="1" />
            <test-case id="0-1139" name="InvalidCastleIfKingInCheck(7,4,7,2,7,0)" fullname="ChessWithTDD.Tests.CastlingMoveValidatorTests.InvalidCastleIfKingInCheck(7,4,7,2,7,0)" methodname="InvalidCastleIfKingInCheck" classname="ChessWithTDD.Tests.CastlingMoveValidatorTests" runstate="Runnable" seed="2052151724" result="Passed" start-time="2017-08-03 22:14:28Z" end-time="2017-08-03 22:14:28Z" duration="0.008337" asserts="1" />
          </test-suite>
          <test-suite type="ParameterizedMethod" id="0-1121" name="InvalidCastleIfKingIsNotInFromSquare" fullname="ChessWithTDD.Tests.CastlingMoveValidatorTests.InvalidCastleIfKingIsNotInFromSquare" classname="ChessWithTDD.Tests.CastlingMoveValidatorTests" runstate="Runnable" testcasecount="4" result="Passed" start-time="2017-08-03 22:14:28Z" end-time="2017-08-03 22:14:28Z" duration="0.041499" total="4" passed="4" failed="0" warnings="0" inconclusive="0" skipped="0" asserts="4">
            <test-case id="0-1117" name="InvalidCastleIfKingIsNotInFromSquare(0,4,0,6,0,7)" fullname="ChessWithTDD.Tests.CastlingMoveValidatorTests.InvalidCastleIfKingIsNotInFromSquare(0,4,0,6,0,7)" methodname="InvalidCastleIfKingIsNotInFromSquare" classname="ChessWithTDD.Tests.CastlingMoveValidatorTests" runstate="Runnable" seed="957118253" result="Passed" start-time="2017-08-03 22:14:28Z" end-time="2017-08-03 22:14:28Z" duration="0.007699" asserts="1" />
            <test-case id="0-1118" name="InvalidCastleIfKingIsNotInFromSquare(0,4,0,2,0,0)" fullname="ChessWithTDD.Tests.CastlingMoveValidatorTests.InvalidCastleIfKingIsNotInFromSquare(0,4,0,2,0,0)" methodname="InvalidCastleIfKingIsNotInFromSquare" classname="ChessWithTDD.Tests.CastlingMoveValidatorTests" runstate="Runnable" seed="326995320" result="Passed" start-time="2017-08-03 22:14:28Z" end-time="2017-08-03 22:14:28Z" duration="0.007654" asserts="1" />
            <test-case id="0-1119" name="InvalidCastleIfKingIsNotInFromSquare(7,4,7,6,7,7)" fullname="ChessWithTDD.Tests.CastlingMoveValidatorTests.InvalidCastleIfKingIsNotInFromSquare(7,4,7,6,7,7)" methodname="InvalidCastleIfKingIsNotInFromSquare" classname="ChessWithTDD.Tests.CastlingMoveValidatorTests" runstate="Runnable" seed="379382071" result="Passed" start-time="2017-08-03 22:14:28Z" end-time="2017-08-03 22:14:28Z" duration="0.007025" asserts="1" />
            <test-case id="0-1120" name="InvalidCastleIfKingIsNotInFromSquare(7,4,7,2,7,0)" fullname="ChessWithTDD.Tests.CastlingMoveValidatorTests.InvalidCastleIfKingIsNotInFromSquare(7,4,7,2,7,0)" methodname="InvalidCastleIfKingIsNotInFromSquare" classname="ChessWithTDD.Tests.CastlingMoveValidatorTests" runstate="Runnable" seed="1529341902" result="Passed" start-time="2017-08-03 22:14:28Z" end-time="2017-08-03 22:14:28Z" duration="0.007387" asserts="1" />
          </test-suite>
          <test-suite type="ParameterizedMethod" id="0-1167" name="InvalidCastleIfKingMovesThroughOrEndsUpOnAttackedSquareAndToSquareIsAttackedSquare" fullname="ChessWithTDD.Tests.CastlingMoveValidatorTests.InvalidCastleIfKingMovesThroughOrEndsUpOnAttackedSquareAndToSquareIsAttackedSquare" classname="ChessWithTDD.Tests.CastlingMoveValidatorTests" runstate="Runnable" testcasecount="4" result="Passed" start-time="2017-08-03 22:14:28Z" end-time="2017-08-03 22:14:29Z" duration="0.049517" total="4" passed="4" failed="0" warnings="0" inconclusive="0" skipped="0" asserts="4">
            <test-case id="0-1163" name="InvalidCastleIfKingMovesThroughOrEndsUpOnAttackedSquareAndToSquareIsAttackedSquare(0,4,0,7,0,6)" fullname="ChessWithTDD.Tests.CastlingMoveValidatorTests.InvalidCastleIfKingMovesThroughOrEndsUpOnAttackedSquareAndToSquareIsAttackedSquare(0,4,0,7,0,6)" methodname="InvalidCastleIfKingMovesThroughOrEndsUpOnAttackedSquareAndToSquareIsAttackedSquare" classname="ChessWithTDD.Tests.CastlingMoveValidatorTests" runstate="Runnable" seed="532685270" result="Passed" start-time="2017-08-03 22:14:28Z" end-time="2017-08-03 22:14:28Z" duration="0.011869" asserts="1" />
            <test-case id="0-1164" name="InvalidCastleIfKingMovesThroughOrEndsUpOnAttackedSquareAndToSquareIsAttackedSquare(0,4,0,0,0,2)" fullname="ChessWithTDD.Tests.CastlingMoveValidatorTests.InvalidCastleIfKingMovesThroughOrEndsUpOnAttackedSquareAndToSquareIsAttackedSquare(0,4,0,0,0,2)" methodname="InvalidCastleIfKingMovesThroughOrEndsUpOnAttackedSquareAndToSquareIsAttackedSquare" classname="ChessWithTDD.Tests.CastlingMoveValidatorTests" runstate="Runnable" seed="1548053826" result="Passed" start-time="2017-08-03 22:14:28Z" end-time="2017-08-03 22:14:28Z" duration="0.008637" asserts="1" />
            <test-case id="0-1165" name="InvalidCastleIfKingMovesThroughOrEndsUpOnAttackedSquareAndToSquareIsAttackedSquare(7,4,7,7,7,6)" fullname="ChessWithTDD.Tests.CastlingMoveValidatorTests.InvalidCastleIfKingMovesThroughOrEndsUpOnAttackedSquareAndToSquareIsAttackedSquare(7,4,7,7,7,6)" methodname="InvalidCastleIfKingMovesThroughOrEndsUpOnAttackedSquareAndToSquareIsAttackedSquare" classname="ChessWithTDD.Tests.CastlingMoveValidatorTests" runstate="Runnable" seed="59454401" result="Passed" start-time="2017-08-03 22:14:28Z" end-time="2017-08-03 22:14:28Z" duration="0.008661" asserts="1" />
            <test-case id="0-1166" name="InvalidCastleIfKingMovesThroughOrEndsUpOnAttackedSquareAndToSquareIsAttackedSquare(7,4,7,0,7,2)" fullname="ChessWithTDD.Tests.CastlingMoveValidatorTests.InvalidCastleIfKingMovesThroughOrEndsUpOnAttackedSquareAndToSquareIsAttackedSquare(7,4,7,0,7,2)" methodname="InvalidCastleIfKingMovesThroughOrEndsUpOnAttackedSquareAndToSquareIsAttackedSquare" classname="ChessWithTDD.Tests.CastlingMoveValidatorTests" runstate="Runnable" seed="945364944" result="Passed" start-time="2017-08-03 22:14:28Z" end-time="2017-08-03 22:14:28Z" duration="0.008226" asserts="1" />
          </test-suite>
          <test-suite type="ParameterizedMethod" id="0-1162" name="InvalidCastleIfKingMovesThroughOrEndsUpOnAttackedSquareAndToSquareIsNotAttackedSquare" fullname="ChessWithTDD.Tests.CastlingMoveValidatorTests.InvalidCastleIfKingMovesThroughOrEndsUpOnAttackedSquareAndToSquareIsNotAttackedSquare" classname="ChessWithTDD.Tests.CastlingMoveValidatorTests" runstate="Runnable" testcasecount="4" result="Passed" start-time="2017-08-03 22:14:29Z" end-time="2017-08-03 22:14:29Z" duration="0.045010" total="4" passed="4" failed="0" warnings="0" inconclusive="0" skipped="0" asserts="4">
            <test-case id="0-1158" name="InvalidCastleIfKingMovesThroughOrEndsUpOnAttackedSquareAndToSquareIsNotAttackedSquare(0,4,0,6,0,7,0,5)" fullname="ChessWithTDD.Tests.CastlingMoveValidatorTests.InvalidCastleIfKingMovesThroughOrEndsUpOnAttackedSquareAndToSquareIsNotAttackedSquare(0,4,0,6,0,7,0,5)" methodname="InvalidCastleIfKingMovesThroughOrEndsUpOnAttackedSquareAndToSquareIsNotAttackedSquare" classname="ChessWithTDD.Tests.CastlingMoveValidatorTests" runstate="Runnable" seed="326095932" result="Passed" start-time="2017-08-03 22:14:29Z" end-time="2017-08-03 22:14:29Z" duration="0.009325" asserts="1" />
            <test-case id="0-1159" name="InvalidCastleIfKingMovesThroughOrEndsUpOnAttackedSquareAndToSquareIsNotAttackedSquare(0,4,0,2,0,0,0,3)" fullname="ChessWithTDD.Tests.CastlingMoveValidatorTests.InvalidCastleIfKingMovesThroughOrEndsUpOnAttackedSquareAndToSquareIsNotAttackedSquare(0,4,0,2,0,0,0,3)" methodname="InvalidCastleIfKingMovesThroughOrEndsUpOnAttackedSquareAndToSquareIsNotAttackedSquare" classname="ChessWithTDD.Tests.CastlingMoveValidatorTests" runstate="Runnable" seed="261630779" result="Passed" start-time="2017-08-03 22:14:29Z" end-time="2017-08-03 22:14:29Z" duration="0.008397" asserts="1" />
            <test-case id="0-1160" name="InvalidCastleIfKingMovesThroughOrEndsUpOnAttackedSquareAndToSquareIsNotAttackedSquare(7,4,7,6,7,7,7,5)" fullname="ChessWithTDD.Tests.CastlingMoveValidatorTests.InvalidCastleIfKingMovesThroughOrEndsUpOnAttackedSquareAndToSquareIsNotAttackedSquare(7,4,7,6,7,7,7,5)" methodname="InvalidCastleIfKingMovesThroughOrEndsUpOnAttackedSquareAndToSquareIsNotAttackedSquare" classname="ChessWithTDD.Tests.CastlingMoveValidatorTests" runstate="Runnable" seed="1264324022" result="Passed" start-time="2017-08-03 22:14:29Z" end-time="2017-08-03 22:14:29Z" duration="0.008447" asserts="1" />
            <test-case id="0-1161" name="InvalidCastleIfKingMovesThroughOrEndsUpOnAttackedSquareAndToSquareIsNotAttackedSquare(7,4,7,2,7,0,7,3)" fullname="ChessWithTDD.Tests.CastlingMoveValidatorTests.InvalidCastleIfKingMovesThroughOrEndsUpOnAttackedSquareAndToSquareIsNotAttackedSquare(7,4,7,2,7,0,7,3)" methodname="InvalidCastleIfKingMovesThroughOrEndsUpOnAttackedSquareAndToSquareIsNotAttackedSquare" classname="ChessWithTDD.Tests.CastlingMoveValidatorTests" runstate="Runnable" seed="655919669" result="Passed" start-time="2017-08-03 22:14:29Z" end-time="2017-08-03 22:14:29Z" duration="0.008350" asserts="1" />
          </test-suite>
          <test-suite type="ParameterizedMethod" id="0-1157" name="InvalidCastleIfPieceBetweenKingAndRookAndToSquareIsBlockedSquare" fullname="ChessWithTDD.Tests.CastlingMoveValidatorTests.InvalidCastleIfPieceBetweenKingAndRookAndToSquareIsBlockedSquare" classname="ChessWithTDD.Tests.CastlingMoveValidatorTests" runstate="Runnable" testcasecount="4" result="Passed" start-time="2017-08-03 22:14:29Z" end-time="2017-08-03 22:14:29Z" duration="0.047034" total="4" passed="4" failed="0" warnings="0" inconclusive="0" skipped="0" asserts="4">
            <test-case id="0-1153" name="InvalidCastleIfPieceBetweenKingAndRookAndToSquareIsBlockedSquare(0,4,0,7,0,6)" fullname="ChessWithTDD.Tests.CastlingMoveValidatorTests.InvalidCastleIfPieceBetweenKingAndRookAndToSquareIsBlockedSquare(0,4,0,7,0,6)" methodname="InvalidCastleIfPieceBetweenKingAndRookAndToSquareIsBlockedSquare" classname="ChessWithTDD.Tests.CastlingMoveValidatorTests" runstate="Runnable" seed="323450516" result="Passed" start-time="2017-08-03 22:14:29Z" end-time="2017-08-03 22:14:29Z" duration="0.010411" asserts="1" />
            <test-case id="0-1154" name="InvalidCastleIfPieceBetweenKingAndRookAndToSquareIsBlockedSquare(0,4,0,0,0,2)" fullname="ChessWithTDD.Tests.CastlingMoveValidatorTests.InvalidCastleIfPieceBetweenKingAndRookAndToSquareIsBlockedSquare(0,4,0,0,0,2)" methodname="InvalidCastleIfPieceBetweenKingAndRookAndToSquareIsBlockedSquare" classname="ChessWithTDD.Tests.CastlingMoveValidatorTests" runstate="Runnable" seed="1970511880" result="Passed" start-time="2017-08-03 22:14:29Z" end-time="2017-08-03 22:14:29Z" duration="0.007831" asserts="1" />
            <test-case id="0-1155" name="InvalidCastleIfPieceBetweenKingAndRookAndToSquareIsBlockedSquare(7,4,7,7,7,6)" fullname="ChessWithTDD.Tests.CastlingMoveValidatorTests.InvalidCastleIfPieceBetweenKingAndRookAndToSquareIsBlockedSquare(7,4,7,7,7,6)" methodname="InvalidCastleIfPieceBetweenKingAndRookAndToSquareIsBlockedSquare" classname="ChessWithTDD.Tests.CastlingMoveValidatorTests" runstate="Runnable" seed="960689858" result="Passed" start-time="2017-08-03 22:14:29Z" end-time="2017-08-03 22:14:29Z" duration="0.008567" asserts="1" />
            <test-case id="0-1156" name="InvalidCastleIfPieceBetweenKingAndRookAndToSquareIsBlockedSquare(7,4,7,0,7,2)" fullname="ChessWithTDD.Tests.CastlingMoveValidatorTests.InvalidCastleIfPieceBetweenKingAndRookAndToSquareIsBlockedSquare(7,4,7,0,7,2)" methodname="InvalidCastleIfPieceBetweenKingAndRookAndToSquareIsBlockedSquare" classname="ChessWithTDD.Tests.CastlingMoveValidatorTests" runstate="Runnable" seed="362341222" result="Passed" start-time="2017-08-03 22:14:29Z" end-time="2017-08-03 22:14:29Z" duration="0.007944" asserts="1" />
          </test-suite>
          <test-suite type="ParameterizedMethod" id="0-1152" name="InvalidCastleIfPieceBetweenKingAndRookAndToSquareNotBlockedSquare" fullname="ChessWithTDD.Tests.CastlingMoveValidatorTests.InvalidCastleIfPieceBetweenKingAndRookAndToSquareNotBlockedSquare" classname="ChessWithTDD.Tests.CastlingMoveValidatorTests" runstate="Runnable" testcasecount="6" result="Passed" start-time="2017-08-03 22:14:29Z" end-time="2017-08-03 22:14:29Z" duration="0.069513" total="6" passed="6" failed="0" warnings="0" inconclusive="0" skipped="0" asserts="6">
            <test-case id="0-1146" name="InvalidCastleIfPieceBetweenKingAndRookAndToSquareNotBlockedSquare(0,4,0,6,0,7,0,5)" fullname="ChessWithTDD.Tests.CastlingMoveValidatorTests.InvalidCastleIfPieceBetweenKingAndRookAndToSquareNotBlockedSquare(0,4,0,6,0,7,0,5)" methodname="InvalidCastleIfPieceBetweenKingAndRookAndToSquareNotBlockedSquare" classname="ChessWithTDD.Tests.CastlingMoveValidatorTests" runstate="Runnable" seed="1818530766" result="Passed" start-time="2017-08-03 22:14:29Z" end-time="2017-08-03 22:14:29Z" duration="0.008297" asserts="1" />
            <test-case id="0-1147" name="InvalidCastleIfPieceBetweenKingAndRookAndToSquareNotBlockedSquare(0,4,0,2,0,0,0,3)" fullname="ChessWithTDD.Tests.CastlingMoveValidatorTests.InvalidCastleIfPieceBetweenKingAndRookAndToSquareNotBlockedSquare(0,4,0,2,0,0,0,3)" methodname="InvalidCastleIfPieceBetweenKingAndRookAndToSquareNotBlockedSquare" classname="ChessWithTDD.Tests.CastlingMoveValidatorTests" runstate="Runnable" seed="146092668" result="Passed" start-time="2017-08-03 22:14:29Z" end-time="2017-08-03 22:14:29Z" duration="0.009278" asserts="1" />
            <test-case id="0-1148" name="InvalidCastleIfPieceBetweenKingAndRookAndToSquareNotBlockedSquare(0,4,0,2,0,0,0,1)" fullname="ChessWithTDD.Tests.CastlingMoveValidatorTests.InvalidCastleIfPieceBetweenKingAndRookAndToSquareNotBlockedSquare(0,4,0,2,0,0,0,1)" methodname="InvalidCastleIfPieceBetweenKingAndRookAndToSquareNotBlockedSquare" classname="ChessWithTDD.Tests.CastlingMoveValidatorTests" runstate="Runnable" seed="1064409023" result="Passed" start-time="2017-08-03 22:14:29Z" end-time="2017-08-03 22:14:29Z" duration="0.008681" asserts="1" />
            <test-case id="0-1149" name="InvalidCastleIfPieceBetweenKingAndRookAndToSquareNotBlockedSquare(7,4,7,6,7,7,7,5)" fullname="ChessWithTDD.Tests.CastlingMoveValidatorTests.InvalidCastleIfPieceBetweenKingAndRookAndToSquareNotBlockedSquare(7,4,7,6,7,7,7,5)" methodname="InvalidCastleIfPieceBetweenKingAndRookAndToSquareNotBlockedSquare" classname="ChessWithTDD.Tests.CastlingMoveValidatorTests" runstate="Runnable" seed="1999543716" result="Passed" start-time="2017-08-03 22:14:29Z" end-time="2017-08-03 22:14:29Z" duration="0.008582" asserts="1" />
            <test-case id="0-1150" name="InvalidCastleIfPieceBetweenKingAndRookAndToSquareNotBlockedSquare(7,4,7,2,7,0,7,3)" fullname="ChessWithTDD.Tests.CastlingMoveValidatorTests.InvalidCastleIfPieceBetweenKingAndRookAndToSquareNotBlockedSquare(7,4,7,2,7,0,7,3)" methodname="InvalidCastleIfPieceBetweenKingAndRookAndToSquareNotBlockedSquare" classname="ChessWithTDD.Tests.CastlingMoveValidatorTests" runstate="Runnable" seed="16688382" result="Passed" start-time="2017-08-03 22:14:29Z" end-time="2017-08-03 22:14:29Z" duration="0.008149" asserts="1" />
            <test-case id="0-1151" name="InvalidCastleIfPieceBetweenKingAndRookAndToSquareNotBlockedSquare(7,4,7,2,7,0,7,1)" fullname="ChessWithTDD.Tests.CastlingMoveValidatorTests.InvalidCastleIfPieceBetweenKingAndRookAndToSquareNotBlockedSquare(7,4,7,2,7,0,7,1)" methodname="InvalidCastleIfPieceBetweenKingAndRookAndToSquareNotBlockedSquare" classname="ChessWithTDD.Tests.CastlingMoveValidatorTests" runstate="Runnable" seed="2115773086" result="Passed" start-time="2017-08-03 22:14:29Z" end-time="2017-08-03 22:14:29Z" duration="0.008938" asserts="1" />
          </test-suite>
          <test-suite type="ParameterizedMethod" id="0-1145" name="InvalidCastleIfRookHasMoved" fullname="ChessWithTDD.Tests.CastlingMoveValidatorTests.InvalidCastleIfRookHasMoved" classname="ChessWithTDD.Tests.CastlingMoveValidatorTests" runstate="Runnable" testcasecount="4" result="Passed" start-time="2017-08-03 22:14:29Z" end-time="2017-08-03 22:14:29Z" duration="0.043545" total="4" passed="4" failed="0" warnings="0" inconclusive="0" skipped="0" asserts="4">
            <test-case id="0-1141" name="InvalidCastleIfRookHasMoved(0,4,0,6,0,7)" fullname="ChessWithTDD.Tests.CastlingMoveValidatorTests.InvalidCastleIfRookHasMoved(0,4,0,6,0,7)" methodname="InvalidCastleIfRookHasMoved" classname="ChessWithTDD.Tests.CastlingMoveValidatorTests" runstate="Runnable" seed="1899288471" result="Passed" start-time="2017-08-03 22:14:29Z" end-time="2017-08-03 22:14:29Z" duration="0.008069" asserts="1" />
            <test-case id="0-1142" name="InvalidCastleIfRookHasMoved(0,4,0,2,0,0)" fullname="ChessWithTDD.Tests.CastlingMoveValidatorTests.InvalidCastleIfRookHasMoved(0,4,0,2,0,0)" methodname="InvalidCastleIfRookHasMoved" classname="ChessWithTDD.Tests.CastlingMoveValidatorTests" runstate="Runnable" seed="1153675668" result="Passed" start-time="2017-08-03 22:14:29Z" end-time="2017-08-03 22:14:29Z" duration="0.008456" asserts="1" />
            <test-case id="0-1143" name="InvalidCastleIfRookHasMoved(7,4,7,6,7,7)" fullname="ChessWithTDD.Tests.CastlingMoveValidatorTests.InvalidCastleIfRookHasMoved(7,4,7,6,7,7)" methodname="InvalidCastleIfRookHasMoved" classname="ChessWithTDD.Tests.CastlingMoveValidatorTests" runstate="Runnable" seed="776091510" result="Passed" start-time="2017-08-03 22:14:29Z" end-time="2017-08-03 22:14:29Z" duration="0.007867" asserts="1" />
            <test-case id="0-1144" name="InvalidCastleIfRookHasMoved(7,4,7,2,7,0)" fullname="ChessWithTDD.Tests.CastlingMoveValidatorTests.InvalidCastleIfRookHasMoved(7,4,7,2,7,0)" methodname="InvalidCastleIfRookHasMoved" classname="ChessWithTDD.Tests.CastlingMoveValidatorTests" runstate="Runnable" seed="831175123" result="Passed" start-time="2017-08-03 22:14:29Z" end-time="2017-08-03 22:14:29Z" duration="0.007879" asserts="1" />
          </test-suite>
          <test-suite type="ParameterizedMethod" id="0-1126" name="InvalidCastleIfRookIsNotInExpectedSquare" fullname="ChessWithTDD.Tests.CastlingMoveValidatorTests.InvalidCastleIfRookIsNotInExpectedSquare" classname="ChessWithTDD.Tests.CastlingMoveValidatorTests" runstate="Runnable" testcasecount="4" result="Passed" start-time="2017-08-03 22:14:29Z" end-time="2017-08-03 22:14:29Z" duration="0.042020" total="4" passed="4" failed="0" warnings="0" inconclusive="0" skipped="0" asserts="4">
            <test-case id="0-1122" name="InvalidCastleIfRookIsNotInExpectedSquare(0,4,0,6,0,7)" fullname="ChessWithTDD.Tests.CastlingMoveValidatorTests.InvalidCastleIfRookIsNotInExpectedSquare(0,4,0,6,0,7)" methodname="InvalidCastleIfRookIsNotInExpectedSquare" classname="ChessWithTDD.Tests.CastlingMoveValidatorTests" runstate="Runnable" seed="288284587" result="Passed" start-time="2017-08-03 22:14:29Z" end-time="2017-08-03 22:14:29Z" duration="0.007406" asserts="1" />
            <test-case id="0-1123" name="InvalidCastleIfRookIsNotInExpectedSquare(0,4,0,2,0,0)" fullname="ChessWithTDD.Tests.CastlingMoveValidatorTests.InvalidCastleIfRookIsNotInExpectedSquare(0,4,0,2,0,0)" methodname="InvalidCastleIfRookIsNotInExpectedSquare" classname="ChessWithTDD.Tests.CastlingMoveValidatorTests" runstate="Runnable" seed="875667205" result="Passed" start-time="2017-08-03 22:14:29Z" end-time="2017-08-03 22:14:29Z" duration="0.007529" asserts="1" />
            <test-case id="0-1124" name="InvalidCastleIfRookIsNotInExpectedSquare(7,4,7,6,7,7)" fullname="ChessWithTDD.Tests.CastlingMoveValidatorTests.InvalidCastleIfRookIsNotInExpectedSquare(7,4,7,6,7,7)" methodname="InvalidCastleIfRookIsNotInExpectedSquare" classname="ChessWithTDD.Tests.CastlingMoveValidatorTests" runstate="Runnable" seed="519207593" result="Passed" start-time="2017-08-03 22:14:29Z" end-time="2017-08-03 22:14:29Z" duration="0.007192" asserts="1" />
            <test-case id="0-1125" name="InvalidCastleIfRookIsNotInExpectedSquare(7,4,7,2,7,0)" fullname="ChessWithTDD.Tests.CastlingMoveValidatorTests.InvalidCastleIfRookIsNotInExpectedSquare(7,4,7,2,7,0)" methodname="InvalidCastleIfRookIsNotInExpectedSquare" classname="ChessWithTDD.Tests.CastlingMoveValidatorTests" runstate="Runnable" seed="1830144321" result="Passed" start-time="2017-08-03 22:14:29Z" end-time="2017-08-03 22:14:29Z" duration="0.007794" asserts="1" />
          </test-suite>
          <test-suite type="ParameterizedMethod" id="0-1135" name="InvalidCastleIfToSquareIsNotTheSameRowAndTwoColsAwayFromKing" fullname="ChessWithTDD.Tests.CastlingMoveValidatorTests.InvalidCastleIfToSquareIsNotTheSameRowAndTwoColsAwayFromKing" classname="ChessWithTDD.Tests.CastlingMoveValidatorTests" runstate="Runnable" testcasecount="8" result="Passed" start-time="2017-08-03 22:14:29Z" end-time="2017-08-03 22:14:29Z" duration="0.087552" total="8" passed="8" failed="0" warnings="0" inconclusive="0" skipped="0" asserts="8">
            <test-case id="0-1127" name="InvalidCastleIfToSquareIsNotTheSameRowAndTwoColsAwayFromKing(0,4,1,6,0,7)" fullname="ChessWithTDD.Tests.CastlingMoveValidatorTests.InvalidCastleIfToSquareIsNotTheSameRowAndTwoColsAwayFromKing(0,4,1,6,0,7)" methodname="InvalidCastleIfToSquareIsNotTheSameRowAndTwoColsAwayFromKing" classname="ChessWithTDD.Tests.CastlingMoveValidatorTests" runstate="Runnable" seed="155723494" result="Passed" start-time="2017-08-03 22:14:29Z" end-time="2017-08-03 22:14:29Z" duration="0.007814" asserts="1" />
            <test-case id="0-1128" name="InvalidCastleIfToSquareIsNotTheSameRowAndTwoColsAwayFromKing(0,4,-1,6,0,7)" fullname="ChessWithTDD.Tests.CastlingMoveValidatorTests.InvalidCastleIfToSquareIsNotTheSameRowAndTwoColsAwayFromKing(0,4,-1,6,0,7)" methodname="InvalidCastleIfToSquareIsNotTheSameRowAndTwoColsAwayFromKing" classname="ChessWithTDD.Tests.CastlingMoveValidatorTests" runstate="Runnable" seed="1052000427" result="Passed" start-time="2017-08-03 22:14:29Z" end-time="2017-08-03 22:14:29Z" duration="0.007776" asserts="1" />
            <test-case id="0-1129" name="InvalidCastleIfToSquareIsNotTheSameRowAndTwoColsAwayFromKing(0,4,0,5,0,7)" fullname="ChessWithTDD.Tests.CastlingMoveValidatorTests.InvalidCastleIfToSquareIsNotTheSameRowAndTwoColsAwayFromKing(0,4,0,5,0,7)" methodname="InvalidCastleIfToSquareIsNotTheSameRowAndTwoColsAwayFromKing" classname="ChessWithTDD.Tests.CastlingMoveValidatorTests" runstate="Runnable" seed="1481756774" result="Passed" start-time="2017-08-03 22:14:29Z" end-time="2017-08-03 22:14:29Z" duration="0.007178" asserts="1" />
            <test-case id="0-1130" name="InvalidCastleIfToSquareIsNotTheSameRowAndTwoColsAwayFromKing(0,4,0,3,0,7)" fullname="ChessWithTDD.Tests.CastlingMoveValidatorTests.InvalidCastleIfToSquareIsNotTheSameRowAndTwoColsAwayFromKing(0,4,0,3,0,7)" methodname="InvalidCastleIfToSquareIsNotTheSameRowAndTwoColsAwayFromKing" classname="ChessWithTDD.Tests.CastlingMoveValidatorTests" runstate="Runnable" seed="1791575741" result="Passed" start-time="2017-08-03 22:14:29Z" end-time="2017-08-03 22:14:29Z" duration="0.008303" asserts="1" />
            <test-case id="0-1131" name="InvalidCastleIfToSquareIsNotTheSameRowAndTwoColsAwayFromKing(7,4,8,6,7,7)" fullname="ChessWithTDD.Tests.CastlingMoveValidatorTests.InvalidCastleIfToSquareIsNotTheSameRowAndTwoColsAwayFromKing(7,4,8,6,7,7)" methodname="InvalidCastleIfToSquareIsNotTheSameRowAndTwoColsAwayFromKing" classname="ChessWithTDD.Tests.CastlingMoveValidatorTests" runstate="Runnable" seed="2050768159" result="Passed" start-time="2017-08-03 22:14:29Z" end-time="2017-08-03 22:14:29Z" duration="0.008659" asserts="1" />
            <test-case id="0-1132" name="InvalidCastleIfToSquareIsNotTheSameRowAndTwoColsAwayFromKing(7,4,6,2,7,0)" fullname="ChessWithTDD.Tests.CastlingMoveValidatorTests.InvalidCastleIfToSquareIsNotTheSameRowAndTwoColsAwayFromKing(7,4,6,2,7,0)" methodname="InvalidCastleIfToSquareIsNotTheSameRowAndTwoColsAwayFromKing" classname="ChessWithTDD.Tests.CastlingMoveValidatorTests" runstate="Runnable" seed="88996830" result="Passed" start-time="2017-08-03 22:14:29Z" end-time="2017-08-03 22:14:29Z" duration="0.007656" asserts="1" />
            <test-case id="0-1133" name="InvalidCastleIfToSquareIsNotTheSameRowAndTwoColsAwayFromKing(7,4,7,5,7,7)" fullname="ChessWithTDD.Tests.CastlingMoveValidatorTests.InvalidCastleIfToSquareIsNotTheSameRowAndTwoColsAwayFromKing(7,4,7,5,7,7)" methodname="InvalidCastleIfToSquareIsNotTheSameRowAndTwoColsAwayFromKing" classname="ChessWithTDD.Tests.CastlingMoveValidatorTests" runstate="Runnable" seed="1866120285" result="Passed" start-time="2017-08-03 22:14:29Z" end-time="2017-08-03 22:14:29Z" duration="0.007692" asserts="1" />
            <test-case id="0-1134" name="InvalidCastleIfToSquareIsNotTheSameRowAndTwoColsAwayFromKing(7,4,7,3,7,0)" fullname="ChessWithTDD.Tests.CastlingMoveValidatorTests.InvalidCastleIfToSquareIsNotTheSameRowAndTwoColsAwayFromKing(7,4,7,3,7,0)" methodname="InvalidCastleIfToSquareIsNotTheSameRowAndTwoColsAwayFromKing" classname="ChessWithTDD.Tests.CastlingMoveValidatorTests" runstate="Runnable" seed="754816896" result="Passed" start-time="2017-08-03 22:14:29Z" end-time="2017-08-03 22:14:29Z" duration="0.007759" asserts="1" />
          </test-suite>
          <test-suite type="ParameterizedMethod" id="0-1172" name="ValidCastle" fullname="ChessWithTDD.Tests.CastlingMoveValidatorTests.ValidCastle" classname="ChessWithTDD.Tests.CastlingMoveValidatorTests" runstate="Runnable" testcasecount="4" result="Passed" start-time="2017-08-03 22:14:29Z" end-time="2017-08-03 22:14:29Z" duration="0.045016" total="4" passed="4" failed="0" warnings="0" inconclusive="0" skipped="0" asserts="4">
            <test-case id="0-1168" name="ValidCastle(0,4,0,6,0,7)" fullname="ChessWithTDD.Tests.CastlingMoveValidatorTests.ValidCastle(0,4,0,6,0,7)" methodname="ValidCastle" classname="ChessWithTDD.Tests.CastlingMoveValidatorTests" runstate="Runnable" seed="574374812" result="Passed" start-time="2017-08-03 22:14:29Z" end-time="2017-08-03 22:14:29Z" duration="0.008393" asserts="1" />
            <test-case id="0-1169" name="ValidCastle(0,4,0,2,0,0)" fullname="ChessWithTDD.Tests.CastlingMoveValidatorTests.ValidCastle(0,4,0,2,0,0)" methodname="ValidCastle" classname="ChessWithTDD.Tests.CastlingMoveValidatorTests" runstate="Runnable" seed="1360157596" result="Passed" start-time="2017-08-03 22:14:29Z" end-time="2017-08-03 22:14:29Z" duration="0.008326" asserts="1" />
            <test-case id="0-1170" name="ValidCastle(7,4,7,6,7,7)" fullname="ChessWithTDD.Tests.CastlingMoveValidatorTests.ValidCastle(7,4,7,6,7,7)" methodname="ValidCastle" classname="ChessWithTDD.Tests.CastlingMoveValidatorTests" runstate="Runnable" seed="443708651" result="Passed" start-time="2017-08-03 22:14:29Z" end-time="2017-08-03 22:14:29Z" duration="0.007948" asserts="1" />
            <test-case id="0-1171" name="ValidCastle(7,4,7,2,7,0)" fullname="ChessWithTDD.Tests.CastlingMoveValidatorTests.ValidCastle(7,4,7,2,7,0)" methodname="ValidCastle" classname="ChessWithTDD.Tests.CastlingMoveValidatorTests" runstate="Runnable" seed="783260384" result="Passed" start-time="2017-08-03 22:14:29Z" end-time="2017-08-03 22:14:29Z" duration="0.009103" asserts="1" />
          </test-suite>
        </test-suite>
        <test-suite type="TestFixture" id="0-1026" name="CheckManagerTests" fullname="ChessWithTDD.Tests.CheckManagerTests" classname="ChessWithTDD.Tests.CheckManagerTests" runstate="Runnable" testcasecount="8" result="Passed" start-time="2017-08-03 22:14:29Z" end-time="2017-08-03 22:14:29Z" duration="0.067099" total="8" passed="8" failed="0" warnings="0" inconclusive="0" skipped="0" asserts="0">
          <test-case id="0-1031" name="IfBlackPieceMovedToCheckTheWhiteKingThenBoardAndWhiteKingPutInCheckState" fullname="ChessWithTDD.Tests.CheckManagerTests.IfBlackPieceMovedToCheckTheWhiteKingThenBoardAndWhiteKingPutInCheckState" methodname="IfBlackPieceMovedToCheckTheWhiteKingThenBoardAndWhiteKingPutInCheckState" classname="ChessWithTDD.Tests.CheckManagerTests" runstate="Runnable" seed="1797313344" result="Passed" start-time="2017-08-03 22:14:29Z" end-time="2017-08-03 22:14:29Z" duration="0.017929" asserts="0" />
          <test-suite type="ParameterizedMethod" id="0-1034" name="IfBlackPieceMovedToCheckTheWhiteKingThenCheckMateManagerCalledAndBoardCheckMateStateSetToValue" fullname="ChessWithTDD.Tests.CheckManagerTests.IfBlackPieceMovedToCheckTheWhiteKingThenCheckMateManagerCalledAndBoardCheckMateStateSetToValue" classname="ChessWithTDD.Tests.CheckManagerTests" runstate="Runnable" testcasecount="2" result="Passed" start-time="2017-08-03 22:14:29Z" end-time="2017-08-03 22:14:29Z" duration="0.011007" total="2" passed="2" failed="0" warnings="0" inconclusive="0" skipped="0" asserts="0">
            <test-case id="0-1032" name="IfBlackPieceMovedToCheckTheWhiteKingThenCheckMateManagerCalledAndBoardCheckMateStateSetToValue(True)" fullname="ChessWithTDD.Tests.CheckManagerTests.IfBlackPieceMovedToCheckTheWhiteKingThenCheckMateManagerCalledAndBoardCheckMateStateSetToValue(True)" methodname="IfBlackPieceMovedToCheckTheWhiteKingThenCheckMateManagerCalledAndBoardCheckMateStateSetToValue" classname="ChessWithTDD.Tests.CheckManagerTests" runstate="Runnable" seed="2010216455" result="Passed" start-time="2017-08-03 22:14:29Z" end-time="2017-08-03 22:14:29Z" duration="0.003544" asserts="0" />
            <test-case id="0-1033" name="IfBlackPieceMovedToCheckTheWhiteKingThenCheckMateManagerCalledAndBoardCheckMateStateSetToValue(False)" fullname="ChessWithTDD.Tests.CheckManagerTests.IfBlackPieceMovedToCheckTheWhiteKingThenCheckMateManagerCalledAndBoardCheckMateStateSetToValue(False)" methodname="IfBlackPieceMovedToCheckTheWhiteKingThenCheckMateManagerCalledAndBoardCheckMateStateSetToValue" classname="ChessWithTDD.Tests.CheckManagerTests" runstate="Runnable" seed="1723620931" result="Passed" start-time="2017-08-03 22:14:29Z" end-time="2017-08-03 22:14:29Z" duration="0.001300" asserts="0" />
          </test-suite>
          <test-case id="0-1036" name="IfBoardAndBlackKingInCheckStateRemoveCheckStates" fullname="ChessWithTDD.Tests.CheckManagerTests.IfBoardAndBlackKingInCheckStateRemoveCheckStates" methodname="IfBoardAndBlackKingInCheckStateRemoveCheckStates" classname="ChessWithTDD.Tests.CheckManagerTests" runstate="Runnable" seed="677526297" result="Passed" start-time="2017-08-03 22:14:29Z" end-time="2017-08-03 22:14:29Z" duration="0.003252" asserts="0" />
          <test-case id="0-1035" name="IfBoardAndWhiteKingInCheckStateRemoveCheckStates" fullname="ChessWithTDD.Tests.CheckManagerTests.IfBoardAndWhiteKingInCheckStateRemoveCheckStates" methodname="IfBoardAndWhiteKingInCheckStateRemoveCheckStates" classname="ChessWithTDD.Tests.CheckManagerTests" runstate="Runnable" seed="1608122687" result="Passed" start-time="2017-08-03 22:14:29Z" end-time="2017-08-03 22:14:29Z" duration="0.003061" asserts="0" />
          <test-case id="0-1027" name="IfWhitePieceMovedToCheckTheBlackKingThenBoardAndBlackKingPutInCheckState" fullname="ChessWithTDD.Tests.CheckManagerTests.IfWhitePieceMovedToCheckTheBlackKingThenBoardAndBlackKingPutInCheckState" methodname="IfWhitePieceMovedToCheckTheBlackKingThenBoardAndBlackKingPutInCheckState" classname="ChessWithTDD.Tests.CheckManagerTests" runstate="Runnable" seed="411583497" result="Passed" start-time="2017-08-03 22:14:29Z" end-time="2017-08-03 22:14:29Z" duration="0.003646" asserts="0" />
          <test-suite type="ParameterizedMethod" id="0-1030" name="IfWhitePieceMovedToCheckTheBlackKingThenCheckMateManagerCalledAndBoardCheckMateStateSetToValue" fullname="ChessWithTDD.Tests.CheckManagerTests.IfWhitePieceMovedToCheckTheBlackKingThenCheckMateManagerCalledAndBoardCheckMateStateSetToValue" classname="ChessWithTDD.Tests.CheckManagerTests" runstate="Runnable" testcasecount="2" result="Passed" start-time="2017-08-03 22:14:29Z" end-time="2017-08-03 22:14:29Z" duration="0.011024" total="2" passed="2" failed="0" warnings="0" inconclusive="0" skipped="0" asserts="0">
            <test-case id="0-1028" name="IfWhitePieceMovedToCheckTheBlackKingThenCheckMateManagerCalledAndBoardCheckMateStateSetToValue(True)" fullname="ChessWithTDD.Tests.CheckManagerTests.IfWhitePieceMovedToCheckTheBlackKingThenCheckMateManagerCalledAndBoardCheckMateStateSetToValue(True)" methodname="IfWhitePieceMovedToCheckTheBlackKingThenCheckMateManagerCalledAndBoardCheckMateStateSetToValue" classname="ChessWithTDD.Tests.CheckManagerTests" runstate="Runnable" seed="791279373" result="Passed" start-time="2017-08-03 22:14:29Z" end-time="2017-08-03 22:14:29Z" duration="0.002843" asserts="0" />
            <test-case id="0-1029" name="IfWhitePieceMovedToCheckTheBlackKingThenCheckMateManagerCalledAndBoardCheckMateStateSetToValue(False)" fullname="ChessWithTDD.Tests.CheckManagerTests.IfWhitePieceMovedToCheckTheBlackKingThenCheckMateManagerCalledAndBoardCheckMateStateSetToValue(False)" methodname="IfWhitePieceMovedToCheckTheBlackKingThenCheckMateManagerCalledAndBoardCheckMateStateSetToValue" classname="ChessWithTDD.Tests.CheckManagerTests" runstate="Runnable" seed="798232648" result="Passed" start-time="2017-08-03 22:14:29Z" end-time="2017-08-03 22:14:29Z" duration="0.001541" asserts="0" />
          </test-suite>
        </test-suite>
        <test-suite type="TestFixture" id="0-1037" name="CheckMateEscapeManagerTests" fullname="ChessWithTDD.Tests.CheckMateEscapeManagerTests" classname="ChessWithTDD.Tests.CheckMateEscapeManagerTests" runstate="Runnable" testcasecount="41" result="Passed" start-time="2017-08-03 22:14:29Z" end-time="2017-08-03 22:14:29Z" duration="0.228064" total="41" passed="41" failed="0" warnings="0" inconclusive="0" skipped="0" asserts="41">
          <test-case id="0-1048" name="IfAFriendlySquareCanTakeTheThreateningPieceReturnTrue" fullname="ChessWithTDD.Tests.CheckMateEscapeManagerTests.IfAFriendlySquareCanTakeTheThreateningPieceReturnTrue" methodname="IfAFriendlySquareCanTakeTheThreateningPieceReturnTrue" classname="ChessWithTDD.Tests.CheckMateEscapeManagerTests" runstate="Runnable" seed="635786328" result="Passed" start-time="2017-08-03 22:14:29Z" end-time="2017-08-03 22:14:29Z" duration="0.002287" asserts="1" />
          <test-suite type="ParameterizedMethod" id="0-1073" name="IfFriendlyPieceCanInterceptThreateningPieceThenReturnTrue" fullname="ChessWithTDD.Tests.CheckMateEscapeManagerTests.IfFriendlyPieceCanInterceptThreateningPieceThenReturnTrue" classname="ChessWithTDD.Tests.CheckMateEscapeManagerTests" runstate="Runnable" testcasecount="8" result="Passed" start-time="2017-08-03 22:14:29Z" end-time="2017-08-03 22:14:29Z" duration="0.050557" total="8" passed="8" failed="0" warnings="0" inconclusive="0" skipped="0" asserts="8">
            <test-case id="0-1065" name="IfFriendlyPieceCanInterceptThreateningPieceThenReturnTrue(3,2,3,7,3,5)" fullname="ChessWithTDD.Tests.CheckMateEscapeManagerTests.IfFriendlyPieceCanInterceptThreateningPieceThenReturnTrue(3,2,3,7,3,5)" methodname="IfFriendlyPieceCanInterceptThreateningPieceThenReturnTrue" classname="ChessWithTDD.Tests.CheckMateEscapeManagerTests" runstate="Runnable" seed="836847575" result="Passed" start-time="2017-08-03 22:14:29Z" end-time="2017-08-03 22:14:29Z" duration="0.004856" asserts="1" />
            <test-case id="0-1066" name="IfFriendlyPieceCanInterceptThreateningPieceThenReturnTrue(3,6,3,0,3,2)" fullname="ChessWithTDD.Tests.CheckMateEscapeManagerTests.IfFriendlyPieceCanInterceptThreateningPieceThenReturnTrue(3,6,3,0,3,2)" methodname="IfFriendlyPieceCanInterceptThreateningPieceThenReturnTrue" classname="ChessWithTDD.Tests.CheckMateEscapeManagerTests" runstate="Runnable" seed="283893399" result="Passed" start-time="2017-08-03 22:14:29Z" end-time="2017-08-03 22:14:29Z" duration="0.002946" asserts="1" />
            <test-case id="0-1067" name="IfFriendlyPieceCanInterceptThreateningPieceThenReturnTrue(2,2,6,2,4,2)" fullname="ChessWithTDD.Tests.CheckMateEscapeManagerTests.IfFriendlyPieceCanInterceptThreateningPieceThenReturnTrue(2,2,6,2,4,2)" methodname="IfFriendlyPieceCanInterceptThreateningPieceThenReturnTrue" classname="ChessWithTDD.Tests.CheckMateEscapeManagerTests" runstate="Runnable" seed="1319395704" result="Passed" start-time="2017-08-03 22:14:29Z" end-time="2017-08-03 22:14:29Z" duration="0.003129" asserts="1" />
            <test-case id="0-1068" name="IfFriendlyPieceCanInterceptThreateningPieceThenReturnTrue(5,2,2,2,3,2)" fullname="ChessWithTDD.Tests.CheckMateEscapeManagerTests.IfFriendlyPieceCanInterceptThreateningPieceThenReturnTrue(5,2,2,2,3,2)" methodname="IfFriendlyPieceCanInterceptThreateningPieceThenReturnTrue" classname="ChessWithTDD.Tests.CheckMateEscapeManagerTests" runstate="Runnable" seed="707092395" result="Passed" start-time="2017-08-03 22:14:29Z" end-time="2017-08-03 22:14:29Z" duration="0.003744" asserts="1" />
            <test-case id="0-1069" name="IfFriendlyPieceCanInterceptThreateningPieceThenReturnTrue(2,5,5,2,4,3)" fullname="ChessWithTDD.Tests.CheckMateEscapeManagerTests.IfFriendlyPieceCanInterceptThreateningPieceThenReturnTrue(2,5,5,2,4,3)" methodname="IfFriendlyPieceCanInterceptThreateningPieceThenReturnTrue" classname="ChessWithTDD.Tests.CheckMateEscapeManagerTests" runstate="Runnable" seed="294155373" result="Passed" start-time="2017-08-03 22:14:29Z" end-time="2017-08-03 22:14:29Z" duration="0.003171" asserts="1" />
            <test-case id="0-1070" name="IfFriendlyPieceCanInterceptThreateningPieceThenReturnTrue(2,3,5,6,4,5)" fullname="ChessWithTDD.Tests.CheckMateEscapeManagerTests.IfFriendlyPieceCanInterceptThreateningPieceThenReturnTrue(2,3,5,6,4,5)" methodname="IfFriendlyPieceCanInterceptThreateningPieceThenReturnTrue" classname="ChessWithTDD.Tests.CheckMateEscapeManagerTests" runstate="Runnable" seed="217591322" result="Passed" start-time="2017-08-03 22:14:29Z" end-time="2017-08-03 22:14:29Z" duration="0.003273" asserts="1" />
            <test-case id="0-1071" name="IfFriendlyPieceCanInterceptThreateningPieceThenReturnTrue(5,5,2,2,3,3)" fullname="ChessWithTDD.Tests.CheckMateEscapeManagerTests.IfFriendlyPieceCanInterceptThreateningPieceThenReturnTrue(5,5,2,2,3,3)" methodname="IfFriendlyPieceCanInterceptThreateningPieceThenReturnTrue" classname="ChessWithTDD.Tests.CheckMateEscapeManagerTests" runstate="Runnable" seed="869671211" result="Passed" start-time="2017-08-03 22:14:29Z" end-time="2017-08-03 22:14:29Z" duration="0.003037" asserts="1" />
            <test-case id="0-1072" name="IfFriendlyPieceCanInterceptThreateningPieceThenReturnTrue(5,2,2,5,3,4)" fullname="ChessWithTDD.Tests.CheckMateEscapeManagerTests.IfFriendlyPieceCanInterceptThreateningPieceThenReturnTrue(5,2,2,5,3,4)" methodname="IfFriendlyPieceCanInterceptThreateningPieceThenReturnTrue" classname="ChessWithTDD.Tests.CheckMateEscapeManagerTests" runstate="Runnable" seed="657348420" result="Passed" start-time="2017-08-03 22:14:29Z" end-time="2017-08-03 22:14:29Z" duration="0.003028" asserts="1" />
          </test-suite>
          <test-suite type="ParameterizedMethod" id="0-1085" name="IfKingSquareAdjacentToThreateningSquareThenReturnFalse" fullname="ChessWithTDD.Tests.CheckMateEscapeManagerTests.IfKingSquareAdjacentToThreateningSquareThenReturnFalse" classname="ChessWithTDD.Tests.CheckMateEscapeManagerTests" runstate="Runnable" testcasecount="2" result="Passed" start-time="2017-08-03 22:14:29Z" end-time="2017-08-03 22:14:29Z" duration="0.009018" total="2" passed="2" failed="0" warnings="0" inconclusive="0" skipped="0" asserts="2">
            <test-case id="0-1083" name="IfKingSquareAdjacentToThreateningSquareThenReturnFalse(5,5,5,4,3,3)" fullname="ChessWithTDD.Tests.CheckMateEscapeManagerTests.IfKingSquareAdjacentToThreateningSquareThenReturnFalse(5,5,5,4,3,3)" methodname="IfKingSquareAdjacentToThreateningSquareThenReturnFalse" classname="ChessWithTDD.Tests.CheckMateEscapeManagerTests" runstate="Runnable" seed="13231385" result="Passed" start-time="2017-08-03 22:14:29Z" end-time="2017-08-03 22:14:29Z" duration="0.001620" asserts="1" />
            <test-case id="0-1084" name="IfKingSquareAdjacentToThreateningSquareThenReturnFalse(5,2,4,3,3,4)" fullname="ChessWithTDD.Tests.CheckMateEscapeManagerTests.IfKingSquareAdjacentToThreateningSquareThenReturnFalse(5,2,4,3,3,4)" methodname="IfKingSquareAdjacentToThreateningSquareThenReturnFalse" classname="ChessWithTDD.Tests.CheckMateEscapeManagerTests" runstate="Runnable" seed="887103555" result="Passed" start-time="2017-08-03 22:14:29Z" end-time="2017-08-03 22:14:29Z" duration="0.001142" asserts="1" />
          </test-suite>
          <test-suite type="ParameterizedMethod" id="0-1082" name="IfNoFriendlyPieceCanInterceptThreateningPieceThenReturnFalse" fullname="ChessWithTDD.Tests.CheckMateEscapeManagerTests.IfNoFriendlyPieceCanInterceptThreateningPieceThenReturnFalse" classname="ChessWithTDD.Tests.CheckMateEscapeManagerTests" runstate="Runnable" testcasecount="8" result="Passed" start-time="2017-08-03 22:14:29Z" end-time="2017-08-03 22:14:29Z" duration="0.039512" total="8" passed="8" failed="0" warnings="0" inconclusive="0" skipped="0" asserts="8">
            <test-case id="0-1074" name="IfNoFriendlyPieceCanInterceptThreateningPieceThenReturnFalse(3,2,3,7,3,5)" fullname="ChessWithTDD.Tests.CheckMateEscapeManagerTests.IfNoFriendlyPieceCanInterceptThreateningPieceThenReturnFalse(3,2,3,7,3,5)" methodname="IfNoFriendlyPieceCanInterceptThreateningPieceThenReturnFalse" classname="ChessWithTDD.Tests.CheckMateEscapeManagerTests" runstate="Runnable" seed="50456070" result="Passed" start-time="2017-08-03 22:14:29Z" end-time="2017-08-03 22:14:29Z" duration="0.002765" asserts="1" />
            <test-case id="0-1075" name="IfNoFriendlyPieceCanInterceptThreateningPieceThenReturnFalse(3,6,3,0,3,2)" fullname="ChessWithTDD.Tests.CheckMateEscapeManagerTests.IfNoFriendlyPieceCanInterceptThreateningPieceThenReturnFalse(3,6,3,0,3,2)" methodname="IfNoFriendlyPieceCanInterceptThreateningPieceThenReturnFalse" classname="ChessWithTDD.Tests.CheckMateEscapeManagerTests" runstate="Runnable" seed="308459801" result="Passed" start-time="2017-08-03 22:14:29Z" end-time="2017-08-03 22:14:29Z" duration="0.001922" asserts="1" />
            <test-case id="0-1076" name="IfNoFriendlyPieceCanInterceptThreateningPieceThenReturnFalse(2,2,6,2,4,2)" fullname="ChessWithTDD.Tests.CheckMateEscapeManagerTests.IfNoFriendlyPieceCanInterceptThreateningPieceThenReturnFalse(2,2,6,2,4,2)" methodname="IfNoFriendlyPieceCanInterceptThreateningPieceThenReturnFalse" classname="ChessWithTDD.Tests.CheckMateEscapeManagerTests" runstate="Runnable" seed="1681005583" result="Passed" start-time="2017-08-03 22:14:29Z" end-time="2017-08-03 22:14:29Z" duration="0.001752" asserts="1" />
            <test-case id="0-1077" name="IfNoFriendlyPieceCanInterceptThreateningPieceThenReturnFalse(5,2,2,2,3,2)" fullname="ChessWithTDD.Tests.CheckMateEscapeManagerTests.IfNoFriendlyPieceCanInterceptThreateningPieceThenReturnFalse(5,2,2,2,3,2)" methodname="IfNoFriendlyPieceCanInterceptThreateningPieceThenReturnFalse" classname="ChessWithTDD.Tests.CheckMateEscapeManagerTests" runstate="Runnable" seed="2142038486" result="Passed" start-time="2017-08-03 22:14:29Z" end-time="2017-08-03 22:14:29Z" duration="0.001821" asserts="1" />
            <test-case id="0-1078" name="IfNoFriendlyPieceCanInterceptThreateningPieceThenReturnFalse(2,5,5,2,4,3)" fullname="ChessWithTDD.Tests.CheckMateEscapeManagerTests.IfNoFriendlyPieceCanInterceptThreateningPieceThenReturnFalse(2,5,5,2,4,3)" methodname="IfNoFriendlyPieceCanInterceptThreateningPieceThenReturnFalse" classname="ChessWithTDD.Tests.CheckMateEscapeManagerTests" runstate="Runnable" seed="1448210582" result="Passed" start-time="2017-08-03 22:14:29Z" end-time="2017-08-03 22:14:29Z" duration="0.001886" asserts="1" />
            <test-case id="0-1079" name="IfNoFriendlyPieceCanInterceptThreateningPieceThenReturnFalse(2,3,5,6,4,5)" fullname="ChessWithTDD.Tests.CheckMateEscapeManagerTests.IfNoFriendlyPieceCanInterceptThreateningPieceThenReturnFalse(2,3,5,6,4,5)" methodname="IfNoFriendlyPieceCanInterceptThreateningPieceThenReturnFalse" classname="ChessWithTDD.Tests.CheckMateEscapeManagerTests" runstate="Runnable" seed="323650426" result="Passed" start-time="2017-08-03 22:14:29Z" end-time="2017-08-03 22:14:29Z" duration="0.001850" asserts="1" />
            <test-case id="0-1080" name="IfNoFriendlyPieceCanInterceptThreateningPieceThenReturnFalse(5,5,2,2,3,3)" fullname="ChessWithTDD.Tests.CheckMateEscapeManagerTests.IfNoFriendlyPieceCanInterceptThreateningPieceThenReturnFalse(5,5,2,2,3,3)" methodname="IfNoFriendlyPieceCanInterceptThreateningPieceThenReturnFalse" classname="ChessWithTDD.Tests.CheckMateEscapeManagerTests" runstate="Runnable" seed="1959159249" result="Passed" start-time="2017-08-03 22:14:29Z" end-time="2017-08-03 22:14:29Z" duration="0.001893" asserts="1" />
            <test-case id="0-1081" name="IfNoFriendlyPieceCanInterceptThreateningPieceThenReturnFalse(5,2,2,5,3,4)" fullname="ChessWithTDD.Tests.CheckMateEscapeManagerTests.IfNoFriendlyPieceCanInterceptThreateningPieceThenReturnFalse(5,2,2,5,3,4)" methodname="IfNoFriendlyPieceCanInterceptThreateningPieceThenReturnFalse" classname="ChessWithTDD.Tests.CheckMateEscapeManagerTests" runstate="Runnable" seed="707275440" result="Passed" start-time="2017-08-03 22:14:29Z" end-time="2017-08-03 22:14:29Z" duration="0.002021" asserts="1" />
          </test-suite>
          <test-case id="0-1049" name="IfNoFriendlySquareCanTakeTheThreateningPieceReturnFalse" fullname="ChessWithTDD.Tests.CheckMateEscapeManagerTests.IfNoFriendlySquareCanTakeTheThreateningPieceReturnFalse" methodname="IfNoFriendlySquareCanTakeTheThreateningPieceReturnFalse" classname="ChessWithTDD.Tests.CheckMateEscapeManagerTests" runstate="Runnable" seed="1793716259" result="Passed" start-time="2017-08-03 22:14:29Z" end-time="2017-08-03 22:14:29Z" duration="0.001370" asserts="1" />
          <test-case id="0-1047" name="IfNoMoveIsValidForKingThenReturnFalse" fullname="ChessWithTDD.Tests.CheckMateEscapeManagerTests.IfNoMoveIsValidForKingThenReturnFalse" methodname="IfNoMoveIsValidForKingThenReturnFalse" classname="ChessWithTDD.Tests.CheckMateEscapeManagerTests" runstate="Runnable" seed="1595852735" result="Passed" start-time="2017-08-03 22:14:29Z" end-time="2017-08-03 22:14:29Z" duration="0.002270" asserts="1" />
          <test-suite type="ParameterizedMethod" id="0-1046" name="IfThereIsAValidMoveForKingThenReturnTrue" fullname="ChessWithTDD.Tests.CheckMateEscapeManagerTests.IfThereIsAValidMoveForKingThenReturnTrue" classname="ChessWithTDD.Tests.CheckMateEscapeManagerTests" runstate="Runnable" testcasecount="8" result="Passed" start-time="2017-08-03 22:14:29Z" end-time="2017-08-03 22:14:29Z" duration="0.035512" total="8" passed="8" failed="0" warnings="0" inconclusive="0" skipped="0" asserts="8">
            <test-case id="0-1038" name="IfThereIsAValidMoveForKingThenReturnTrue(3,3,3,4)" fullname="ChessWithTDD.Tests.CheckMateEscapeManagerTests.IfThereIsAValidMoveForKingThenReturnTrue(3,3,3,4)" methodname="IfThereIsAValidMoveForKingThenReturnTrue" classname="ChessWithTDD.Tests.CheckMateEscapeManagerTests" runstate="Runnable" seed="1191500728" result="Passed" start-time="2017-08-03 22:14:29Z" end-time="2017-08-03 22:14:29Z" duration="0.002158" asserts="1" />
            <test-case id="0-1039" name="IfThereIsAValidMoveForKingThenReturnTrue(3,3,3,2)" fullname="ChessWithTDD.Tests.CheckMateEscapeManagerTests.IfThereIsAValidMoveForKingThenReturnTrue(3,3,3,2)" methodname="IfThereIsAValidMoveForKingThenReturnTrue" classname="ChessWithTDD.Tests.CheckMateEscapeManagerTests" runstate="Runnable" seed="1605949589" result="Passed" start-time="2017-08-03 22:14:29Z" end-time="2017-08-03 22:14:29Z" duration="0.001100" asserts="1" />
            <test-case id="0-1040" name="IfThereIsAValidMoveForKingThenReturnTrue(3,3,4,3)" fullname="ChessWithTDD.Tests.CheckMateEscapeManagerTests.IfThereIsAValidMoveForKingThenReturnTrue(3,3,4,3)" methodname="IfThereIsAValidMoveForKingThenReturnTrue" classname="ChessWithTDD.Tests.CheckMateEscapeManagerTests" runstate="Runnable" seed="493438406" result="Passed" start-time="2017-08-03 22:14:29Z" end-time="2017-08-03 22:14:29Z" duration="0.001322" asserts="1" />
            <test-case id="0-1041" name="IfThereIsAValidMoveForKingThenReturnTrue(3,3,2,3)" fullname="ChessWithTDD.Tests.CheckMateEscapeManagerTests.IfThereIsAValidMoveForKingThenReturnTrue(3,3,2,3)" methodname="IfThereIsAValidMoveForKingThenReturnTrue" classname="ChessWithTDD.Tests.CheckMateEscapeManagerTests" runstate="Runnable" seed="586094197" result="Passed" start-time="2017-08-03 22:14:29Z" end-time="2017-08-03 22:14:29Z" duration="0.001296" asserts="1" />
            <test-case id="0-1042" name="IfThereIsAValidMoveForKingThenReturnTrue(3,3,4,4)" fullname="ChessWithTDD.Tests.CheckMateEscapeManagerTests.IfThereIsAValidMoveForKingThenReturnTrue(3,3,4,4)" methodname="IfThereIsAValidMoveForKingThenReturnTrue" classname="ChessWithTDD.Tests.CheckMateEscapeManagerTests" runstate="Runnable" seed="934844499" result="Passed" start-time="2017-08-03 22:14:29Z" end-time="2017-08-03 22:14:29Z" duration="0.001595" asserts="1" />
            <test-case id="0-1043" name="IfThereIsAValidMoveForKingThenReturnTrue(3,3,2,2)" fullname="ChessWithTDD.Tests.CheckMateEscapeManagerTests.IfThereIsAValidMoveForKingThenReturnTrue(3,3,2,2)" methodname="IfThereIsAValidMoveForKingThenReturnTrue" classname="ChessWithTDD.Tests.CheckMateEscapeManagerTests" runstate="Runnable" seed="1052850745" result="Passed" start-time="2017-08-03 22:14:29Z" end-time="2017-08-03 22:14:29Z" duration="0.001379" asserts="1" />
            <test-case id="0-1044" name="IfThereIsAValidMoveForKingThenReturnTrue(3,3,4,2)" fullname="ChessWithTDD.Tests.CheckMateEscapeManagerTests.IfThereIsAValidMoveForKingThenReturnTrue(3,3,4,2)" methodname="IfThereIsAValidMoveForKingThenReturnTrue" classname="ChessWithTDD.Tests.CheckMateEscapeManagerTests" runstate="Runnable" seed="1609531692" result="Passed" start-time="2017-08-03 22:14:29Z" end-time="2017-08-03 22:14:29Z" duration="0.001603" asserts="1" />
            <test-case id="0-1045" name="IfThereIsAValidMoveForKingThenReturnTrue(3,3,2,4)" fullname="ChessWithTDD.Tests.CheckMateEscapeManagerTests.IfThereIsAValidMoveForKingThenReturnTrue(3,3,2,4)" methodname="IfThereIsAValidMoveForKingThenReturnTrue" classname="ChessWithTDD.Tests.CheckMateEscapeManagerTests" runstate="Runnable" seed="1542236292" result="Passed" start-time="2017-08-03 22:14:29Z" end-time="2017-08-03 22:14:29Z" duration="0.001442" asserts="1" />
          </test-suite>
          <test-suite type="ParameterizedMethod" id="0-1052" name="IfTheThreateningPieceIsAKnightButNotAdjacentItIsUnblockable" fullname="ChessWithTDD.Tests.CheckMateEscapeManagerTests.IfTheThreateningPieceIsAKnightButNotAdjacentItIsUnblockable" classname="ChessWithTDD.Tests.CheckMateEscapeManagerTests" runstate="Runnable" testcasecount="2" result="Passed" start-time="2017-08-03 22:14:29Z" end-time="2017-08-03 22:14:29Z" duration="0.019487" total="2" passed="2" failed="0" warnings="0" inconclusive="0" skipped="0" asserts="2">
            <test-case id="0-1050" name="IfTheThreateningPieceIsAKnightButNotAdjacentItIsUnblockable(3,3,5,5)" fullname="ChessWithTDD.Tests.CheckMateEscapeManagerTests.IfTheThreateningPieceIsAKnightButNotAdjacentItIsUnblockable(3,3,5,5)" methodname="IfTheThreateningPieceIsAKnightButNotAdjacentItIsUnblockable" classname="ChessWithTDD.Tests.CheckMateEscapeManagerTests" runstate="Runnable" seed="941314076" result="Passed" start-time="2017-08-03 22:14:29Z" end-time="2017-08-03 22:14:29Z" duration="0.012763" asserts="1" />
            <test-case id="0-1051" name="IfTheThreateningPieceIsAKnightButNotAdjacentItIsUnblockable(4,4,2,3)" fullname="ChessWithTDD.Tests.CheckMateEscapeManagerTests.IfTheThreateningPieceIsAKnightButNotAdjacentItIsUnblockable(4,4,2,3)" methodname="IfTheThreateningPieceIsAKnightButNotAdjacentItIsUnblockable" classname="ChessWithTDD.Tests.CheckMateEscapeManagerTests" runstate="Runnable" seed="1179095330" result="Passed" start-time="2017-08-03 22:14:29Z" end-time="2017-08-03 22:14:29Z" duration="0.000792" asserts="1" />
          </test-suite>
          <test-suite type="ParameterizedMethod" id="0-1064" name="IfTheThreateningPieceNotAKnightAndNotAdjacentItIsNotUnblockable" fullname="ChessWithTDD.Tests.CheckMateEscapeManagerTests.IfTheThreateningPieceNotAKnightAndNotAdjacentItIsNotUnblockable" classname="ChessWithTDD.Tests.CheckMateEscapeManagerTests" runstate="Runnable" testcasecount="2" result="Passed" start-time="2017-08-03 22:14:29Z" end-time="2017-08-03 22:14:29Z" duration="0.008034" total="2" passed="2" failed="0" warnings="0" inconclusive="0" skipped="0" asserts="2">
            <test-case id="0-1062" name="IfTheThreateningPieceNotAKnightAndNotAdjacentItIsNotUnblockable(3,3,5,5)" fullname="ChessWithTDD.Tests.CheckMateEscapeManagerTests.IfTheThreateningPieceNotAKnightAndNotAdjacentItIsNotUnblockable(3,3,5,5)" methodname="IfTheThreateningPieceNotAKnightAndNotAdjacentItIsNotUnblockable" classname="ChessWithTDD.Tests.CheckMateEscapeManagerTests" runstate="Runnable" seed="688805236" result="Passed" start-time="2017-08-03 22:14:29Z" end-time="2017-08-03 22:14:29Z" duration="0.001621" asserts="1" />
            <test-case id="0-1063" name="IfTheThreateningPieceNotAKnightAndNotAdjacentItIsNotUnblockable(4,4,2,3)" fullname="ChessWithTDD.Tests.CheckMateEscapeManagerTests.IfTheThreateningPieceNotAKnightAndNotAdjacentItIsNotUnblockable(4,4,2,3)" methodname="IfTheThreateningPieceNotAKnightAndNotAdjacentItIsNotUnblockable" classname="ChessWithTDD.Tests.CheckMateEscapeManagerTests" runstate="Runnable" seed="1520530765" result="Passed" start-time="2017-08-03 22:14:29Z" end-time="2017-08-03 22:14:29Z" duration="0.000898" asserts="1" />
          </test-suite>
          <test-suite type="ParameterizedMethod" id="0-1061" name="IfTheThreateningPieceNotAKnightButIsAdjacentItIsUnblockable" fullname="ChessWithTDD.Tests.CheckMateEscapeManagerTests.IfTheThreateningPieceNotAKnightButIsAdjacentItIsUnblockable" classname="ChessWithTDD.Tests.CheckMateEscapeManagerTests" runstate="Runnable" testcasecount="8" result="Passed" start-time="2017-08-03 22:14:29Z" end-time="2017-08-03 22:14:29Z" duration="0.029542" total="8" passed="8" failed="0" warnings="0" inconclusive="0" skipped="0" asserts="8">
            <test-case id="0-1053" name="IfTheThreateningPieceNotAKnightButIsAdjacentItIsUnblockable(3,3,3,4)" fullname="ChessWithTDD.Tests.CheckMateEscapeManagerTests.IfTheThreateningPieceNotAKnightButIsAdjacentItIsUnblockable(3,3,3,4)" methodname="IfTheThreateningPieceNotAKnightButIsAdjacentItIsUnblockable" classname="ChessWithTDD.Tests.CheckMateEscapeManagerTests" runstate="Runnable" seed="1750959301" result="Passed" start-time="2017-08-03 22:14:29Z" end-time="2017-08-03 22:14:29Z" duration="0.001170" asserts="1" />
            <test-case id="0-1054" name="IfTheThreateningPieceNotAKnightButIsAdjacentItIsUnblockable(3,3,4,3)" fullname="ChessWithTDD.Tests.CheckMateEscapeManagerTests.IfTheThreateningPieceNotAKnightButIsAdjacentItIsUnblockable(3,3,4,3)" methodname="IfTheThreateningPieceNotAKnightButIsAdjacentItIsUnblockable" classname="ChessWithTDD.Tests.CheckMateEscapeManagerTests" runstate="Runnable" seed="882673042" result="Passed" start-time="2017-08-03 22:14:29Z" end-time="2017-08-03 22:14:29Z" duration="0.000904" asserts="1" />
            <test-case id="0-1055" name="IfTheThreateningPieceNotAKnightButIsAdjacentItIsUnblockable(3,3,3,2)" fullname="ChessWithTDD.Tests.CheckMateEscapeManagerTests.IfTheThreateningPieceNotAKnightButIsAdjacentItIsUnblockable(3,3,3,2)" methodname="IfTheThreateningPieceNotAKnightButIsAdjacentItIsUnblockable" classname="ChessWithTDD.Tests.CheckMateEscapeManagerTests" runstate="Runnable" seed="836234157" result="Passed" start-time="2017-08-03 22:14:29Z" end-time="2017-08-03 22:14:29Z" duration="0.000889" asserts="1" />
            <test-case id="0-1056" name="IfTheThreateningPieceNotAKnightButIsAdjacentItIsUnblockable(3,3,2,3)" fullname="ChessWithTDD.Tests.CheckMateEscapeManagerTests.IfTheThreateningPieceNotAKnightButIsAdjacentItIsUnblockable(3,3,2,3)" methodname="IfTheThreateningPieceNotAKnightButIsAdjacentItIsUnblockable" classname="ChessWithTDD.Tests.CheckMateEscapeManagerTests" runstate="Runnable" seed="200888331" result="Passed" start-time="2017-08-03 22:14:29Z" end-time="2017-08-03 22:14:29Z" duration="0.000813" asserts="1" />
            <test-case id="0-1057" name="IfTheThreateningPieceNotAKnightButIsAdjacentItIsUnblockable(3,3,4,4)" fullname="ChessWithTDD.Tests.CheckMateEscapeManagerTests.IfTheThreateningPieceNotAKnightButIsAdjacentItIsUnblockable(3,3,4,4)" methodname="IfTheThreateningPieceNotAKnightButIsAdjacentItIsUnblockable" classname="ChessWithTDD.Tests.CheckMateEscapeManagerTests" runstate="Runnable" seed="1155326259" result="Passed" start-time="2017-08-03 22:14:29Z" end-time="2017-08-03 22:14:29Z" duration="0.000882" asserts="1" />
            <test-case id="0-1058" name="IfTheThreateningPieceNotAKnightButIsAdjacentItIsUnblockable(3,3,2,2)" fullname="ChessWithTDD.Tests.CheckMateEscapeManagerTests.IfTheThreateningPieceNotAKnightButIsAdjacentItIsUnblockable(3,3,2,2)" methodname="IfTheThreateningPieceNotAKnightButIsAdjacentItIsUnblockable" classname="ChessWithTDD.Tests.CheckMateEscapeManagerTests" runstate="Runnable" seed="1558186541" result="Passed" start-time="2017-08-03 22:14:29Z" end-time="2017-08-03 22:14:29Z" duration="0.000840" asserts="1" />
            <test-case id="0-1059" name="IfTheThreateningPieceNotAKnightButIsAdjacentItIsUnblockable(3,3,4,2)" fullname="ChessWithTDD.Tests.CheckMateEscapeManagerTests.IfTheThreateningPieceNotAKnightButIsAdjacentItIsUnblockable(3,3,4,2)" methodname="IfTheThreateningPieceNotAKnightButIsAdjacentItIsUnblockable" classname="ChessWithTDD.Tests.CheckMateEscapeManagerTests" runstate="Runnable" seed="839271041" result="Passed" start-time="2017-08-03 22:14:29Z" end-time="2017-08-03 22:14:29Z" duration="0.000876" asserts="1" />
            <test-case id="0-1060" name="IfTheThreateningPieceNotAKnightButIsAdjacentItIsUnblockable(3,3,2,4)" fullname="ChessWithTDD.Tests.CheckMateEscapeManagerTests.IfTheThreateningPieceNotAKnightButIsAdjacentItIsUnblockable(3,3,2,4)" methodname="IfTheThreateningPieceNotAKnightButIsAdjacentItIsUnblockable" classname="ChessWithTDD.Tests.CheckMateEscapeManagerTests" runstate="Runnable" seed="582368780" result="Passed" start-time="2017-08-03 22:14:29Z" end-time="2017-08-03 22:14:29Z" duration="0.000869" asserts="1" />
          </test-suite>
        </test-suite>
        <test-suite type="TestFixture" id="0-1086" name="CheckMateManagerTests" fullname="ChessWithTDD.Tests.CheckMateManagerTests" classname="ChessWithTDD.Tests.CheckMateManagerTests" runstate="Runnable" testcasecount="7" result="Passed" start-time="2017-08-03 22:14:29Z" end-time="2017-08-03 22:14:29Z" duration="0.056486" total="7" passed="7" failed="0" warnings="0" inconclusive="0" skipped="0" asserts="10">
          <test-case id="0-1087" name="IfBoardNotInCheckThenNoCheckMate" fullname="ChessWithTDD.Tests.CheckMateManagerTests.IfBoardNotInCheckThenNoCheckMate" methodname="IfBoardNotInCheckThenNoCheckMate" classname="ChessWithTDD.Tests.CheckMateManagerTests" runstate="Runnable" seed="1217129217" result="Passed" start-time="2017-08-03 22:14:29Z" end-time="2017-08-03 22:14:29Z" duration="0.014592" asserts="1" />
          <test-case id="0-1092" name="IfWhiteKingAndBoardInCheckAndAllEscapeManagerMethodsReturnFalseThenCheckMate" fullname="ChessWithTDD.Tests.CheckMateManagerTests.IfWhiteKingAndBoardInCheckAndAllEscapeManagerMethodsReturnFalseThenCheckMate" methodname="IfWhiteKingAndBoardInCheckAndAllEscapeManagerMethodsReturnFalseThenCheckMate" classname="ChessWithTDD.Tests.CheckMateManagerTests" runstate="Runnable" seed="1772171167" result="Passed" start-time="2017-08-03 22:14:29Z" end-time="2017-08-03 22:14:29Z" duration="0.005243" asserts="1" />
          <test-case id="0-1091" name="IfWhiteKingAndBoardInCheckAndAttackingMoveCanBeBlockedThenNoCheckMate" fullname="ChessWithTDD.Tests.CheckMateManagerTests.IfWhiteKingAndBoardInCheckAndAttackingMoveCanBeBlockedThenNoCheckMate" methodname="IfWhiteKingAndBoardInCheckAndAttackingMoveCanBeBlockedThenNoCheckMate" classname="ChessWithTDD.Tests.CheckMateManagerTests" runstate="Runnable" seed="1007005663" result="Passed" start-time="2017-08-03 22:14:29Z" end-time="2017-08-03 22:14:29Z" duration="0.003170" asserts="1" />
          <test-case id="0-1088" name="IfWhiteKingAndBoardInCheckAndKingCanEscapeThenNoCheckMate" fullname="ChessWithTDD.Tests.CheckMateManagerTests.IfWhiteKingAndBoardInCheckAndKingCanEscapeThenNoCheckMate" methodname="IfWhiteKingAndBoardInCheckAndKingCanEscapeThenNoCheckMate" classname="ChessWithTDD.Tests.CheckMateManagerTests" runstate="Runnable" seed="927913727" result="Passed" start-time="2017-08-03 22:14:29Z" end-time="2017-08-03 22:14:29Z" duration="0.002144" asserts="1" />
          <test-case id="0-1089" name="IfWhiteKingAndBoardInCheckAndThreateningPieceCanBeTakenThenNoCheckMate" fullname="ChessWithTDD.Tests.CheckMateManagerTests.IfWhiteKingAndBoardInCheckAndThreateningPieceCanBeTakenThenNoCheckMate" methodname="IfWhiteKingAndBoardInCheckAndThreateningPieceCanBeTakenThenNoCheckMate" classname="ChessWithTDD.Tests.CheckMateManagerTests" runstate="Runnable" seed="1531648150" result="Passed" start-time="2017-08-03 22:14:29Z" end-time="2017-08-03 22:14:29Z" duration="0.002662" asserts="1" />
          <test-case id="0-1090" name="IfWhiteKingAndBoardInCheckAndThreateningPieceIsUnblockableThenCheckMate" fullname="ChessWithTDD.Tests.CheckMateManagerTests.IfWhiteKingAndBoardInCheckAndThreateningPieceIsUnblockableThenCheckMate" methodname="IfWhiteKingAndBoardInCheckAndThreateningPieceIsUnblockableThenCheckMate" classname="ChessWithTDD.Tests.CheckMateManagerTests" runstate="Runnable" seed="1540480387" result="Passed" start-time="2017-08-03 22:14:29Z" end-time="2017-08-03 22:14:29Z" duration="0.002576" asserts="1" />
          <test-case id="0-1093" name="TestOrderingOfCheckMateManagerCallsForBlackKing" fullname="ChessWithTDD.Tests.CheckMateManagerTests.TestOrderingOfCheckMateManagerCallsForBlackKing" methodname="TestOrderingOfCheckMateManagerCallsForBlackKing" classname="ChessWithTDD.Tests.CheckMateManagerTests" runstate="Runnable" seed="1732981325" result="Passed" start-time="2017-08-03 22:14:29Z" end-time="2017-08-03 22:14:29Z" duration="0.005778" asserts="4" />
        </test-suite>
        <test-suite type="TestFixture" id="0-1235" name="EnPassantManagerTests" fullname="ChessWithTDD.Tests.EnPassantManagerTests" classname="ChessWithTDD.Tests.EnPassantManagerTests" runstate="Runnable" testcasecount="26" result="Passed" start-time="2017-08-03 22:14:29Z" end-time="2017-08-03 22:14:29Z" duration="0.197510" total="26" passed="26" failed="0" warnings="0" inconclusive="0" skipped="0" asserts="4">
          <test-suite type="ParameterizedMethod" id="0-1247" name="DoNotMarkPassedSquareWithEnPassantMarkIfMovingOneSquareDown" fullname="ChessWithTDD.Tests.EnPassantManagerTests.DoNotMarkPassedSquareWithEnPassantMarkIfMovingOneSquareDown" classname="ChessWithTDD.Tests.EnPassantManagerTests" runstate="Runnable" testcasecount="2" result="Passed" start-time="2017-08-03 22:14:29Z" end-time="2017-08-03 22:14:29Z" duration="0.024029" total="2" passed="2" failed="0" warnings="0" inconclusive="0" skipped="0" asserts="0">
            <test-case id="0-1245" name="DoNotMarkPassedSquareWithEnPassantMarkIfMovingOneSquareDown(6,4,5,4)" fullname="ChessWithTDD.Tests.EnPassantManagerTests.DoNotMarkPassedSquareWithEnPassantMarkIfMovingOneSquareDown(6,4,5,4)" methodname="DoNotMarkPassedSquareWithEnPassantMarkIfMovingOneSquareDown" classname="ChessWithTDD.Tests.EnPassantManagerTests" runstate="Runnable" seed="1153788454" result="Passed" start-time="2017-08-03 22:14:29Z" end-time="2017-08-03 22:14:29Z" duration="0.017015" asserts="0" />
            <test-case id="0-1246" name="DoNotMarkPassedSquareWithEnPassantMarkIfMovingOneSquareDown(5,3,4,3)" fullname="ChessWithTDD.Tests.EnPassantManagerTests.DoNotMarkPassedSquareWithEnPassantMarkIfMovingOneSquareDown(5,3,4,3)" methodname="DoNotMarkPassedSquareWithEnPassantMarkIfMovingOneSquareDown" classname="ChessWithTDD.Tests.EnPassantManagerTests" runstate="Runnable" seed="1125663046" result="Passed" start-time="2017-08-03 22:14:29Z" end-time="2017-08-03 22:14:29Z" duration="0.001017" asserts="0" />
          </test-suite>
          <test-suite type="ParameterizedMethod" id="0-1244" name="DoNotMarkPassedSquareWithEnPassantMarkIfMovingOneSquareUp" fullname="ChessWithTDD.Tests.EnPassantManagerTests.DoNotMarkPassedSquareWithEnPassantMarkIfMovingOneSquareUp" classname="ChessWithTDD.Tests.EnPassantManagerTests" runstate="Runnable" testcasecount="2" result="Passed" start-time="2017-08-03 22:14:29Z" end-time="2017-08-03 22:14:29Z" duration="0.010020" total="2" passed="2" failed="0" warnings="0" inconclusive="0" skipped="0" asserts="0">
            <test-case id="0-1242" name="DoNotMarkPassedSquareWithEnPassantMarkIfMovingOneSquareUp(2,4,3,4)" fullname="ChessWithTDD.Tests.EnPassantManagerTests.DoNotMarkPassedSquareWithEnPassantMarkIfMovingOneSquareUp(2,4,3,4)" methodname="DoNotMarkPassedSquareWithEnPassantMarkIfMovingOneSquareUp" classname="ChessWithTDD.Tests.EnPassantManagerTests" runstate="Runnable" seed="1809446957" result="Passed" start-time="2017-08-03 22:14:29Z" end-time="2017-08-03 22:14:29Z" duration="0.002082" asserts="0" />
            <test-case id="0-1243" name="DoNotMarkPassedSquareWithEnPassantMarkIfMovingOneSquareUp(1,3,2,3)" fullname="ChessWithTDD.Tests.EnPassantManagerTests.DoNotMarkPassedSquareWithEnPassantMarkIfMovingOneSquareUp(1,3,2,3)" methodname="DoNotMarkPassedSquareWithEnPassantMarkIfMovingOneSquareUp" classname="ChessWithTDD.Tests.EnPassantManagerTests" runstate="Runnable" seed="1943835058" result="Passed" start-time="2017-08-03 22:14:29Z" end-time="2017-08-03 22:14:29Z" duration="0.001028" asserts="0" />
          </test-suite>
          <test-suite type="ParameterizedMethod" id="0-1253" name="IfBoardIsMarkedTwoTurnsAgoTheMarkIsRemovedForPawnMovingDown" fullname="ChessWithTDD.Tests.EnPassantManagerTests.IfBoardIsMarkedTwoTurnsAgoTheMarkIsRemovedForPawnMovingDown" classname="ChessWithTDD.Tests.EnPassantManagerTests" runstate="Runnable" testcasecount="2" result="Passed" start-time="2017-08-03 22:14:29Z" end-time="2017-08-03 22:14:29Z" duration="0.013504" total="2" passed="2" failed="0" warnings="0" inconclusive="0" skipped="0" asserts="0">
            <test-case id="0-1251" name="IfBoardIsMarkedTwoTurnsAgoTheMarkIsRemovedForPawnMovingDown(6,4,4,4,2)" fullname="ChessWithTDD.Tests.EnPassantManagerTests.IfBoardIsMarkedTwoTurnsAgoTheMarkIsRemovedForPawnMovingDown(6,4,4,4,2)" methodname="IfBoardIsMarkedTwoTurnsAgoTheMarkIsRemovedForPawnMovingDown" classname="ChessWithTDD.Tests.EnPassantManagerTests" runstate="Runnable" seed="2002221909" result="Passed" start-time="2017-08-03 22:14:29Z" end-time="2017-08-03 22:14:29Z" duration="0.005799" asserts="0" />
            <test-case id="0-1252" name="IfBoardIsMarkedTwoTurnsAgoTheMarkIsRemovedForPawnMovingDown(5,3,3,3,5)" fullname="ChessWithTDD.Tests.EnPassantManagerTests.IfBoardIsMarkedTwoTurnsAgoTheMarkIsRemovedForPawnMovingDown(5,3,3,3,5)" methodname="IfBoardIsMarkedTwoTurnsAgoTheMarkIsRemovedForPawnMovingDown" classname="ChessWithTDD.Tests.EnPassantManagerTests" runstate="Runnable" seed="172352708" result="Passed" start-time="2017-08-03 22:14:29Z" end-time="2017-08-03 22:14:29Z" duration="0.001193" asserts="0" />
          </test-suite>
          <test-suite type="ParameterizedMethod" id="0-1250" name="IfBoardIsMarkedTwoTurnsAgoTheMarkIsRemovedForPawnMovingUp" fullname="ChessWithTDD.Tests.EnPassantManagerTests.IfBoardIsMarkedTwoTurnsAgoTheMarkIsRemovedForPawnMovingUp" classname="ChessWithTDD.Tests.EnPassantManagerTests" runstate="Runnable" testcasecount="2" result="Passed" start-time="2017-08-03 22:14:29Z" end-time="2017-08-03 22:14:29Z" duration="0.008984" total="2" passed="2" failed="0" warnings="0" inconclusive="0" skipped="0" asserts="0">
            <test-case id="0-1248" name="IfBoardIsMarkedTwoTurnsAgoTheMarkIsRemovedForPawnMovingUp(2,4,4,4,2)" fullname="ChessWithTDD.Tests.EnPassantManagerTests.IfBoardIsMarkedTwoTurnsAgoTheMarkIsRemovedForPawnMovingUp(2,4,4,4,2)" methodname="IfBoardIsMarkedTwoTurnsAgoTheMarkIsRemovedForPawnMovingUp" classname="ChessWithTDD.Tests.EnPassantManagerTests" runstate="Runnable" seed="1185240003" result="Passed" start-time="2017-08-03 22:14:29Z" end-time="2017-08-03 22:14:29Z" duration="0.002396" asserts="0" />
            <test-case id="0-1249" name="IfBoardIsMarkedTwoTurnsAgoTheMarkIsRemovedForPawnMovingUp(1,3,3,3,5)" fullname="ChessWithTDD.Tests.EnPassantManagerTests.IfBoardIsMarkedTwoTurnsAgoTheMarkIsRemovedForPawnMovingUp(1,3,3,3,5)" methodname="IfBoardIsMarkedTwoTurnsAgoTheMarkIsRemovedForPawnMovingUp" classname="ChessWithTDD.Tests.EnPassantManagerTests" runstate="Runnable" seed="1737635042" result="Passed" start-time="2017-08-03 22:14:29Z" end-time="2017-08-03 22:14:29Z" duration="0.001291" asserts="0" />
          </test-suite>
          <test-suite type="ParameterizedMethod" id="0-1256" name="IfBoardMarkedOneTurnAgoTheMarkIsNotRemoved" fullname="ChessWithTDD.Tests.EnPassantManagerTests.IfBoardMarkedOneTurnAgoTheMarkIsNotRemoved" classname="ChessWithTDD.Tests.EnPassantManagerTests" runstate="Runnable" testcasecount="2" result="Passed" start-time="2017-08-03 22:14:29Z" end-time="2017-08-03 22:14:29Z" duration="0.009006" total="2" passed="2" failed="0" warnings="0" inconclusive="0" skipped="0" asserts="0">
            <test-case id="0-1254" name="IfBoardMarkedOneTurnAgoTheMarkIsNotRemoved(6,4,4,4,2)" fullname="ChessWithTDD.Tests.EnPassantManagerTests.IfBoardMarkedOneTurnAgoTheMarkIsNotRemoved(6,4,4,4,2)" methodname="IfBoardMarkedOneTurnAgoTheMarkIsNotRemoved" classname="ChessWithTDD.Tests.EnPassantManagerTests" runstate="Runnable" seed="1359669965" result="Passed" start-time="2017-08-03 22:14:29Z" end-time="2017-08-03 22:14:29Z" duration="0.002335" asserts="0" />
            <test-case id="0-1255" name="IfBoardMarkedOneTurnAgoTheMarkIsNotRemoved(5,3,3,3,5)" fullname="ChessWithTDD.Tests.EnPassantManagerTests.IfBoardMarkedOneTurnAgoTheMarkIsNotRemoved(5,3,3,3,5)" methodname="IfBoardMarkedOneTurnAgoTheMarkIsNotRemoved" classname="ChessWithTDD.Tests.EnPassantManagerTests" runstate="Runnable" seed="739947468" result="Passed" start-time="2017-08-03 22:14:29Z" end-time="2017-08-03 22:14:29Z" duration="0.001117" asserts="0" />
          </test-suite>
          <test-suite type="ParameterizedMethod" id="0-1274" name="IfToSquareDoesNotHaveEnPassantMarkAndTheMoveIsDiagonallyDownThenNothingHappens" fullname="ChessWithTDD.Tests.EnPassantManagerTests.IfToSquareDoesNotHaveEnPassantMarkAndTheMoveIsDiagonallyDownThenNothingHappens" classname="ChessWithTDD.Tests.EnPassantManagerTests" runstate="Runnable" testcasecount="2" result="Passed" start-time="2017-08-03 22:14:29Z" end-time="2017-08-03 22:14:29Z" duration="0.012487" total="2" passed="2" failed="0" warnings="0" inconclusive="0" skipped="0" asserts="0">
            <test-case id="0-1272" name="IfToSquareDoesNotHaveEnPassantMarkAndTheMoveIsDiagonallyDownThenNothingHappens(6,4,5,3)" fullname="ChessWithTDD.Tests.EnPassantManagerTests.IfToSquareDoesNotHaveEnPassantMarkAndTheMoveIsDiagonallyDownThenNothingHappens(6,4,5,3)" methodname="IfToSquareDoesNotHaveEnPassantMarkAndTheMoveIsDiagonallyDownThenNothingHappens" classname="ChessWithTDD.Tests.EnPassantManagerTests" runstate="Runnable" seed="1115758302" result="Passed" start-time="2017-08-03 22:14:29Z" end-time="2017-08-03 22:14:29Z" duration="0.004638" asserts="0" />
            <test-case id="0-1273" name="IfToSquareDoesNotHaveEnPassantMarkAndTheMoveIsDiagonallyDownThenNothingHappens(5,3,4,4)" fullname="ChessWithTDD.Tests.EnPassantManagerTests.IfToSquareDoesNotHaveEnPassantMarkAndTheMoveIsDiagonallyDownThenNothingHappens(5,3,4,4)" methodname="IfToSquareDoesNotHaveEnPassantMarkAndTheMoveIsDiagonallyDownThenNothingHappens" classname="ChessWithTDD.Tests.EnPassantManagerTests" runstate="Runnable" seed="975991665" result="Passed" start-time="2017-08-03 22:14:29Z" end-time="2017-08-03 22:14:29Z" duration="0.001622" asserts="0" />
          </test-suite>
          <test-suite type="ParameterizedMethod" id="0-1265" name="IfToSquareDoesNotHaveEnPassantMarkAndTheMoveIsDiagonallyUpThenNothingHappens" fullname="ChessWithTDD.Tests.EnPassantManagerTests.IfToSquareDoesNotHaveEnPassantMarkAndTheMoveIsDiagonallyUpThenNothingHappens" classname="ChessWithTDD.Tests.EnPassantManagerTests" runstate="Runnable" testcasecount="2" result="Passed" start-time="2017-08-03 22:14:29Z" end-time="2017-08-03 22:14:29Z" duration="0.010988" total="2" passed="2" failed="0" warnings="0" inconclusive="0" skipped="0" asserts="0">
            <test-case id="0-1263" name="IfToSquareDoesNotHaveEnPassantMarkAndTheMoveIsDiagonallyUpThenNothingHappens(2,4,3,5)" fullname="ChessWithTDD.Tests.EnPassantManagerTests.IfToSquareDoesNotHaveEnPassantMarkAndTheMoveIsDiagonallyUpThenNothingHappens(2,4,3,5)" methodname="IfToSquareDoesNotHaveEnPassantMarkAndTheMoveIsDiagonallyUpThenNothingHappens" classname="ChessWithTDD.Tests.EnPassantManagerTests" runstate="Runnable" seed="2069598690" result="Passed" start-time="2017-08-03 22:14:29Z" end-time="2017-08-03 22:14:29Z" duration="0.003491" asserts="0" />
            <test-case id="0-1264" name="IfToSquareDoesNotHaveEnPassantMarkAndTheMoveIsDiagonallyUpThenNothingHappens(1,3,2,2)" fullname="ChessWithTDD.Tests.EnPassantManagerTests.IfToSquareDoesNotHaveEnPassantMarkAndTheMoveIsDiagonallyUpThenNothingHappens(1,3,2,2)" methodname="IfToSquareDoesNotHaveEnPassantMarkAndTheMoveIsDiagonallyUpThenNothingHappens" classname="ChessWithTDD.Tests.EnPassantManagerTests" runstate="Runnable" seed="360437098" result="Passed" start-time="2017-08-03 22:14:29Z" end-time="2017-08-03 22:14:29Z" duration="0.001732" asserts="0" />
          </test-suite>
          <test-suite type="ParameterizedMethod" id="0-1268" name="IfToSquareHasEnPassantMarkAndTheMoveIsDiagonallyDownThenSquareUnmarkedAndPieceAboveTakenAndSquareAddedToPendingUpdates" fullname="ChessWithTDD.Tests.EnPassantManagerTests.IfToSquareHasEnPassantMarkAndTheMoveIsDiagonallyDownThenSquareUnmarkedAndPieceAboveTakenAndSquareAddedToPendingUpdates" classname="ChessWithTDD.Tests.EnPassantManagerTests" runstate="Runnable" testcasecount="2" result="Passed" start-time="2017-08-03 22:14:29Z" end-time="2017-08-03 22:14:29Z" duration="0.012989" total="2" passed="2" failed="0" warnings="0" inconclusive="0" skipped="0" asserts="2">
            <test-case id="0-1266" name="IfToSquareHasEnPassantMarkAndTheMoveIsDiagonallyDownThenSquareUnmarkedAndPieceAboveTakenAndSquareAddedToPendingUpdates(6,4,5,3)" fullname="ChessWithTDD.Tests.EnPassantManagerTests.IfToSquareHasEnPassantMarkAndTheMoveIsDiagonallyDownThenSquareUnmarkedAndPieceAboveTakenAndSquareAddedToPendingUpdates(6,4,5,3)" methodname="IfToSquareHasEnPassantMarkAndTheMoveIsDiagonallyDownThenSquareUnmarkedAndPieceAboveTakenAndSquareAddedToPendingUpdates" classname="ChessWithTDD.Tests.EnPassantManagerTests" runstate="Runnable" seed="2131661256" result="Passed" start-time="2017-08-03 22:14:29Z" end-time="2017-08-03 22:14:29Z" duration="0.005198" asserts="1" />
            <test-case id="0-1267" name="IfToSquareHasEnPassantMarkAndTheMoveIsDiagonallyDownThenSquareUnmarkedAndPieceAboveTakenAndSquareAddedToPendingUpdates(5,3,4,4)" fullname="ChessWithTDD.Tests.EnPassantManagerTests.IfToSquareHasEnPassantMarkAndTheMoveIsDiagonallyDownThenSquareUnmarkedAndPieceAboveTakenAndSquareAddedToPendingUpdates(5,3,4,4)" methodname="IfToSquareHasEnPassantMarkAndTheMoveIsDiagonallyDownThenSquareUnmarkedAndPieceAboveTakenAndSquareAddedToPendingUpdates" classname="ChessWithTDD.Tests.EnPassantManagerTests" runstate="Runnable" seed="2136456963" result="Passed" start-time="2017-08-03 22:14:29Z" end-time="2017-08-03 22:14:29Z" duration="0.002153" asserts="1" />
          </test-suite>
          <test-suite type="ParameterizedMethod" id="0-1259" name="IfToSquareHasEnPassantMarkAndTheMoveIsDiagonallyUpThenSquareUnmarkedAndPieceBelowTakenAndSquareAddedToPendingUpdates" fullname="ChessWithTDD.Tests.EnPassantManagerTests.IfToSquareHasEnPassantMarkAndTheMoveIsDiagonallyUpThenSquareUnmarkedAndPieceBelowTakenAndSquareAddedToPendingUpdates" classname="ChessWithTDD.Tests.EnPassantManagerTests" runstate="Runnable" testcasecount="2" result="Passed" start-time="2017-08-03 22:14:29Z" end-time="2017-08-03 22:14:29Z" duration="0.012491" total="2" passed="2" failed="0" warnings="0" inconclusive="0" skipped="0" asserts="2">
            <test-case id="0-1257" name="IfToSquareHasEnPassantMarkAndTheMoveIsDiagonallyUpThenSquareUnmarkedAndPieceBelowTakenAndSquareAddedToPendingUpdates(2,4,3,5)" fullname="ChessWithTDD.Tests.EnPassantManagerTests.IfToSquareHasEnPassantMarkAndTheMoveIsDiagonallyUpThenSquareUnmarkedAndPieceBelowTakenAndSquareAddedToPendingUpdates(2,4,3,5)" methodname="IfToSquareHasEnPassantMarkAndTheMoveIsDiagonallyUpThenSquareUnmarkedAndPieceBelowTakenAndSquareAddedToPendingUpdates" classname="ChessWithTDD.Tests.EnPassantManagerTests" runstate="Runnable" seed="1414864330" result="Passed" start-time="2017-08-03 22:14:29Z" end-time="2017-08-03 22:14:29Z" duration="0.004446" asserts="1" />
            <test-case id="0-1258" name="IfToSquareHasEnPassantMarkAndTheMoveIsDiagonallyUpThenSquareUnmarkedAndPieceBelowTakenAndSquareAddedToPendingUpdates(1,3,2,2)" fullname="ChessWithTDD.Tests.EnPassantManagerTests.IfToSquareHasEnPassantMarkAndTheMoveIsDiagonallyUpThenSquareUnmarkedAndPieceBelowTakenAndSquareAddedToPendingUpdates(1,3,2,2)" methodname="IfToSquareHasEnPassantMarkAndTheMoveIsDiagonallyUpThenSquareUnmarkedAndPieceBelowTakenAndSquareAddedToPendingUpdates" classname="ChessWithTDD.Tests.EnPassantManagerTests" runstate="Runnable" seed="497794339" result="Passed" start-time="2017-08-03 22:14:29Z" end-time="2017-08-03 22:14:29Z" duration="0.002098" asserts="1" />
          </test-suite>
          <test-suite type="ParameterizedMethod" id="0-1271" name="IfToSquareHasEnPassantMarkButMoveNotDiagonallyDownThenNothingHappens" fullname="ChessWithTDD.Tests.EnPassantManagerTests.IfToSquareHasEnPassantMarkButMoveNotDiagonallyDownThenNothingHappens" classname="ChessWithTDD.Tests.EnPassantManagerTests" runstate="Runnable" testcasecount="2" result="Passed" start-time="2017-08-03 22:14:29Z" end-time="2017-08-03 22:14:29Z" duration="0.012037" total="2" passed="2" failed="0" warnings="0" inconclusive="0" skipped="0" asserts="0">
            <test-case id="0-1269" name="IfToSquareHasEnPassantMarkButMoveNotDiagonallyDownThenNothingHappens(6,4,3,3)" fullname="ChessWithTDD.Tests.EnPassantManagerTests.IfToSquareHasEnPassantMarkButMoveNotDiagonallyDownThenNothingHappens(6,4,3,3)" methodname="IfToSquareHasEnPassantMarkButMoveNotDiagonallyDownThenNothingHappens" classname="ChessWithTDD.Tests.EnPassantManagerTests" runstate="Runnable" seed="576875944" result="Passed" start-time="2017-08-03 22:14:29Z" end-time="2017-08-03 22:14:29Z" duration="0.003578" asserts="0" />
            <test-case id="0-1270" name="IfToSquareHasEnPassantMarkButMoveNotDiagonallyDownThenNothingHappens(5,3,2,4)" fullname="ChessWithTDD.Tests.EnPassantManagerTests.IfToSquareHasEnPassantMarkButMoveNotDiagonallyDownThenNothingHappens(5,3,2,4)" methodname="IfToSquareHasEnPassantMarkButMoveNotDiagonallyDownThenNothingHappens" classname="ChessWithTDD.Tests.EnPassantManagerTests" runstate="Runnable" seed="2122955225" result="Passed" start-time="2017-08-03 22:14:29Z" end-time="2017-08-03 22:14:29Z" duration="0.001918" asserts="0" />
          </test-suite>
          <test-suite type="ParameterizedMethod" id="0-1262" name="IfToSquareHasEnPassantMarkButMoveNotDiagonallyUpThenNothingHappens" fullname="ChessWithTDD.Tests.EnPassantManagerTests.IfToSquareHasEnPassantMarkButMoveNotDiagonallyUpThenNothingHappens" classname="ChessWithTDD.Tests.EnPassantManagerTests" runstate="Runnable" testcasecount="2" result="Passed" start-time="2017-08-03 22:14:29Z" end-time="2017-08-03 22:14:29Z" duration="0.010989" total="2" passed="2" failed="0" warnings="0" inconclusive="0" skipped="0" asserts="0">
            <test-case id="0-1260" name="IfToSquareHasEnPassantMarkButMoveNotDiagonallyUpThenNothingHappens(2,4,4,5)" fullname="ChessWithTDD.Tests.EnPassantManagerTests.IfToSquareHasEnPassantMarkButMoveNotDiagonallyUpThenNothingHappens(2,4,4,5)" methodname="IfToSquareHasEnPassantMarkButMoveNotDiagonallyUpThenNothingHappens" classname="ChessWithTDD.Tests.EnPassantManagerTests" runstate="Runnable" seed="930810393" result="Passed" start-time="2017-08-03 22:14:29Z" end-time="2017-08-03 22:14:29Z" duration="0.003495" asserts="0" />
            <test-case id="0-1261" name="IfToSquareHasEnPassantMarkButMoveNotDiagonallyUpThenNothingHappens(1,3,5,2)" fullname="ChessWithTDD.Tests.EnPassantManagerTests.IfToSquareHasEnPassantMarkButMoveNotDiagonallyUpThenNothingHappens(1,3,5,2)" methodname="IfToSquareHasEnPassantMarkButMoveNotDiagonallyUpThenNothingHappens" classname="ChessWithTDD.Tests.EnPassantManagerTests" runstate="Runnable" seed="794378107" result="Passed" start-time="2017-08-03 22:14:29Z" end-time="2017-08-03 22:14:29Z" duration="0.001699" asserts="0" />
          </test-suite>
          <test-suite type="ParameterizedMethod" id="0-1241" name="MarkPassedSquareWithEnPassantMarkIfMovingTwoSquaresDown" fullname="ChessWithTDD.Tests.EnPassantManagerTests.MarkPassedSquareWithEnPassantMarkIfMovingTwoSquaresDown" classname="ChessWithTDD.Tests.EnPassantManagerTests" runstate="Runnable" testcasecount="2" result="Passed" start-time="2017-08-03 22:14:29Z" end-time="2017-08-03 22:14:29Z" duration="0.009480" total="2" passed="2" failed="0" warnings="0" inconclusive="0" skipped="0" asserts="0">
            <test-case id="0-1239" name="MarkPassedSquareWithEnPassantMarkIfMovingTwoSquaresDown(6,4,4,4)" fullname="ChessWithTDD.Tests.EnPassantManagerTests.MarkPassedSquareWithEnPassantMarkIfMovingTwoSquaresDown(6,4,4,4)" methodname="MarkPassedSquareWithEnPassantMarkIfMovingTwoSquaresDown" classname="ChessWithTDD.Tests.EnPassantManagerTests" runstate="Runnable" seed="464939151" result="Passed" start-time="2017-08-03 22:14:29Z" end-time="2017-08-03 22:14:29Z" duration="0.001989" asserts="0" />
            <test-case id="0-1240" name="MarkPassedSquareWithEnPassantMarkIfMovingTwoSquaresDown(5,3,3,3)" fullname="ChessWithTDD.Tests.EnPassantManagerTests.MarkPassedSquareWithEnPassantMarkIfMovingTwoSquaresDown(5,3,3,3)" methodname="MarkPassedSquareWithEnPassantMarkIfMovingTwoSquaresDown" classname="ChessWithTDD.Tests.EnPassantManagerTests" runstate="Runnable" seed="1673555507" result="Passed" start-time="2017-08-03 22:14:29Z" end-time="2017-08-03 22:14:29Z" duration="0.001074" asserts="0" />
          </test-suite>
          <test-suite type="ParameterizedMethod" id="0-1238" name="MarkPassedSquareWithEnPassantMarkIfMovingTwoSquaresUp" fullname="ChessWithTDD.Tests.EnPassantManagerTests.MarkPassedSquareWithEnPassantMarkIfMovingTwoSquaresUp" classname="ChessWithTDD.Tests.EnPassantManagerTests" runstate="Runnable" testcasecount="2" result="Passed" start-time="2017-08-03 22:14:29Z" end-time="2017-08-03 22:14:29Z" duration="0.009490" total="2" passed="2" failed="0" warnings="0" inconclusive="0" skipped="0" asserts="0">
            <test-case id="0-1236" name="MarkPassedSquareWithEnPassantMarkIfMovingTwoSquaresUp(2,4,4,4)" fullname="ChessWithTDD.Tests.EnPassantManagerTests.MarkPassedSquareWithEnPassantMarkIfMovingTwoSquaresUp(2,4,4,4)" methodname="MarkPassedSquareWithEnPassantMarkIfMovingTwoSquaresUp" classname="ChessWithTDD.Tests.EnPassantManagerTests" runstate="Runnable" seed="898892381" result="Passed" start-time="2017-08-03 22:14:29Z" end-time="2017-08-03 22:14:29Z" duration="0.002091" asserts="0" />
            <test-case id="0-1237" name="MarkPassedSquareWithEnPassantMarkIfMovingTwoSquaresUp(1,3,3,3)" fullname="ChessWithTDD.Tests.EnPassantManagerTests.MarkPassedSquareWithEnPassantMarkIfMovingTwoSquaresUp(1,3,3,3)" methodname="MarkPassedSquareWithEnPassantMarkIfMovingTwoSquaresUp" classname="ChessWithTDD.Tests.EnPassantManagerTests" runstate="Runnable" seed="1947572990" result="Passed" start-time="2017-08-03 22:14:29Z" end-time="2017-08-03 22:14:29Z" duration="0.001025" asserts="0" />
          </test-suite>
        </test-suite>
        <test-suite type="TestFixture" id="0-1173" name="GenericMoveValidatorTests" fullname="ChessWithTDD.Tests.GenericMoveValidatorTests" classname="ChessWithTDD.Tests.GenericMoveValidatorTests" runstate="Runnable" testcasecount="19" result="Passed" start-time="2017-08-03 22:14:29Z" end-time="2017-08-03 22:14:30Z" duration="0.096525" total="19" passed="19" failed="0" warnings="0" inconclusive="0" skipped="0" asserts="19">
          <test-suite type="ParameterizedMethod" id="0-1188" name="MoveWhereFromSquareDoesNotContainPieceIsNotValid" fullname="ChessWithTDD.Tests.GenericMoveValidatorTests.MoveWhereFromSquareDoesNotContainPieceIsNotValid" classname="ChessWithTDD.Tests.GenericMoveValidatorTests" runstate="Runnable" testcasecount="2" result="Passed" start-time="2017-08-03 22:14:29Z" end-time="2017-08-03 22:14:29Z" duration="0.008542" total="2" passed="2" failed="0" warnings="0" inconclusive="0" skipped="0" asserts="2">
            <test-case id="0-1186" name="MoveWhereFromSquareDoesNotContainPieceIsNotValid(1,1,2,2)" fullname="ChessWithTDD.Tests.GenericMoveValidatorTests.MoveWhereFromSquareDoesNotContainPieceIsNotValid(1,1,2,2)" methodname="MoveWhereFromSquareDoesNotContainPieceIsNotValid" classname="ChessWithTDD.Tests.GenericMoveValidatorTests" runstate="Runnable" seed="2082292801" result="Passed" start-time="2017-08-03 22:14:29Z" end-time="2017-08-03 22:14:29Z" duration="0.002374" asserts="1" />
            <test-case id="0-1187" name="MoveWhereFromSquareDoesNotContainPieceIsNotValid(5,3,7,7)" fullname="ChessWithTDD.Tests.GenericMoveValidatorTests.MoveWhereFromSquareDoesNotContainPieceIsNotValid(5,3,7,7)" methodname="MoveWhereFromSquareDoesNotContainPieceIsNotValid" classname="ChessWithTDD.Tests.GenericMoveValidatorTests" runstate="Runnable" seed="1706074488" result="Passed" start-time="2017-08-03 22:14:29Z" end-time="2017-08-03 22:14:29Z" duration="0.000887" asserts="1" />
          </test-suite>
          <test-suite type="ParameterizedMethod" id="0-1198" name="MoveWhereFromSquareHasAPieceOfDifferentValidColourToToSquareIsValid" fullname="ChessWithTDD.Tests.GenericMoveValidatorTests.MoveWhereFromSquareHasAPieceOfDifferentValidColourToToSquareIsValid" classname="ChessWithTDD.Tests.GenericMoveValidatorTests" runstate="Runnable" testcasecount="2" result="Passed" start-time="2017-08-03 22:14:29Z" end-time="2017-08-03 22:14:29Z" duration="0.007989" total="2" passed="2" failed="0" warnings="0" inconclusive="0" skipped="0" asserts="2">
            <test-case id="0-1196" name="MoveWhereFromSquareHasAPieceOfDifferentValidColourToToSquareIsValid(2,2,2,3)" fullname="ChessWithTDD.Tests.GenericMoveValidatorTests.MoveWhereFromSquareHasAPieceOfDifferentValidColourToToSquareIsValid(2,2,2,3)" methodname="MoveWhereFromSquareHasAPieceOfDifferentValidColourToToSquareIsValid" classname="ChessWithTDD.Tests.GenericMoveValidatorTests" runstate="Runnable" seed="259395614" result="Passed" start-time="2017-08-03 22:14:29Z" end-time="2017-08-03 22:14:29Z" duration="0.001434" asserts="1" />
            <test-case id="0-1197" name="MoveWhereFromSquareHasAPieceOfDifferentValidColourToToSquareIsValid(5,3,6,3)" fullname="ChessWithTDD.Tests.GenericMoveValidatorTests.MoveWhereFromSquareHasAPieceOfDifferentValidColourToToSquareIsValid(5,3,6,3)" methodname="MoveWhereFromSquareHasAPieceOfDifferentValidColourToToSquareIsValid" classname="ChessWithTDD.Tests.GenericMoveValidatorTests" runstate="Runnable" seed="415100055" result="Passed" start-time="2017-08-03 22:14:29Z" end-time="2017-08-03 22:14:29Z" duration="0.001064" asserts="1" />
          </test-suite>
          <test-suite type="ParameterizedMethod" id="0-1191" name="MoveWhereFromSquareIsSamePositionAsToSquareIsNotValid" fullname="ChessWithTDD.Tests.GenericMoveValidatorTests.MoveWhereFromSquareIsSamePositionAsToSquareIsNotValid" classname="ChessWithTDD.Tests.GenericMoveValidatorTests" runstate="Runnable" testcasecount="2" result="Passed" start-time="2017-08-03 22:14:29Z" end-time="2017-08-03 22:14:30Z" duration="0.009047" total="2" passed="2" failed="0" warnings="0" inconclusive="0" skipped="0" asserts="2">
            <test-case id="0-1189" name="MoveWhereFromSquareIsSamePositionAsToSquareIsNotValid(1,2,1,2)" fullname="ChessWithTDD.Tests.GenericMoveValidatorTests.MoveWhereFromSquareIsSamePositionAsToSquareIsNotValid(1,2,1,2)" methodname="MoveWhereFromSquareIsSamePositionAsToSquareIsNotValid" classname="ChessWithTDD.Tests.GenericMoveValidatorTests" runstate="Runnable" seed="1975795708" result="Passed" start-time="2017-08-03 22:14:29Z" end-time="2017-08-03 22:14:29Z" duration="0.001287" asserts="1" />
            <test-case id="0-1190" name="MoveWhereFromSquareIsSamePositionAsToSquareIsNotValid(5,3,5,3)" fullname="ChessWithTDD.Tests.GenericMoveValidatorTests.MoveWhereFromSquareIsSamePositionAsToSquareIsNotValid(5,3,5,3)" methodname="MoveWhereFromSquareIsSamePositionAsToSquareIsNotValid" classname="ChessWithTDD.Tests.GenericMoveValidatorTests" runstate="Runnable" seed="1311940536" result="Passed" start-time="2017-08-03 22:14:29Z" end-time="2017-08-03 22:14:30Z" duration="0.001101" asserts="1" />
          </test-suite>
          <test-suite type="ParameterizedMethod" id="0-1185" name="MoveWhereFromSquareOrToSquareIsOffTheBoardIsNotValid" fullname="ChessWithTDD.Tests.GenericMoveValidatorTests.MoveWhereFromSquareOrToSquareIsOffTheBoardIsNotValid" classname="ChessWithTDD.Tests.GenericMoveValidatorTests" runstate="Runnable" testcasecount="8" result="Passed" start-time="2017-08-03 22:14:30Z" end-time="2017-08-03 22:14:30Z" duration="0.030473" total="8" passed="8" failed="0" warnings="0" inconclusive="0" skipped="0" asserts="8">
            <test-case id="0-1177" name="MoveWhereFromSquareOrToSquareIsOffTheBoardIsNotValid(1,1,9,5)" fullname="ChessWithTDD.Tests.GenericMoveValidatorTests.MoveWhereFromSquareOrToSquareIsOffTheBoardIsNotValid(1,1,9,5)" methodname="MoveWhereFromSquareOrToSquareIsOffTheBoardIsNotValid" classname="ChessWithTDD.Tests.GenericMoveValidatorTests" runstate="Runnable" seed="1118110507" result="Passed" start-time="2017-08-03 22:14:30Z" end-time="2017-08-03 22:14:30Z" duration="0.001208" asserts="1" />
            <test-case id="0-1178" name="MoveWhereFromSquareOrToSquareIsOffTheBoardIsNotValid(5,3,6,8)" fullname="ChessWithTDD.Tests.GenericMoveValidatorTests.MoveWhereFromSquareOrToSquareIsOffTheBoardIsNotValid(5,3,6,8)" methodname="MoveWhereFromSquareOrToSquareIsOffTheBoardIsNotValid" classname="ChessWithTDD.Tests.GenericMoveValidatorTests" runstate="Runnable" seed="1492228462" result="Passed" start-time="2017-08-03 22:14:30Z" end-time="2017-08-03 22:14:30Z" duration="0.000852" asserts="1" />
            <test-case id="0-1179" name="MoveWhereFromSquareOrToSquareIsOffTheBoardIsNotValid(7,8,2,2)" fullname="ChessWithTDD.Tests.GenericMoveValidatorTests.MoveWhereFromSquareOrToSquareIsOffTheBoardIsNotValid(7,8,2,2)" methodname="MoveWhereFromSquareOrToSquareIsOffTheBoardIsNotValid" classname="ChessWithTDD.Tests.GenericMoveValidatorTests" runstate="Runnable" seed="1874574744" result="Passed" start-time="2017-08-03 22:14:30Z" end-time="2017-08-03 22:14:30Z" duration="0.001592" asserts="1" />
            <test-case id="0-1180" name="MoveWhereFromSquareOrToSquareIsOffTheBoardIsNotValid(9,1,2,2)" fullname="ChessWithTDD.Tests.GenericMoveValidatorTests.MoveWhereFromSquareOrToSquareIsOffTheBoardIsNotValid(9,1,2,2)" methodname="MoveWhereFromSquareOrToSquareIsOffTheBoardIsNotValid" classname="ChessWithTDD.Tests.GenericMoveValidatorTests" runstate="Runnable" seed="357169440" result="Passed" start-time="2017-08-03 22:14:30Z" end-time="2017-08-03 22:14:30Z" duration="0.000959" asserts="1" />
            <test-case id="0-1181" name="MoveWhereFromSquareOrToSquareIsOffTheBoardIsNotValid(1,1,-1,5)" fullname="ChessWithTDD.Tests.GenericMoveValidatorTests.MoveWhereFromSquareOrToSquareIsOffTheBoardIsNotValid(1,1,-1,5)" methodname="MoveWhereFromSquareOrToSquareIsOffTheBoardIsNotValid" classname="ChessWithTDD.Tests.GenericMoveValidatorTests" runstate="Runnable" seed="1957102869" result="Passed" start-time="2017-08-03 22:14:30Z" end-time="2017-08-03 22:14:30Z" duration="0.000930" asserts="1" />
            <test-case id="0-1182" name="MoveWhereFromSquareOrToSquareIsOffTheBoardIsNotValid(5,3,6,-1)" fullname="ChessWithTDD.Tests.GenericMoveValidatorTests.MoveWhereFromSquareOrToSquareIsOffTheBoardIsNotValid(5,3,6,-1)" methodname="MoveWhereFromSquareOrToSquareIsOffTheBoardIsNotValid" classname="ChessWithTDD.Tests.GenericMoveValidatorTests" runstate="Runnable" seed="406313022" result="Passed" start-time="2017-08-03 22:14:30Z" end-time="2017-08-03 22:14:30Z" duration="0.000899" asserts="1" />
            <test-case id="0-1183" name="MoveWhereFromSquareOrToSquareIsOffTheBoardIsNotValid(7,-1,2,2)" fullname="ChessWithTDD.Tests.GenericMoveValidatorTests.MoveWhereFromSquareOrToSquareIsOffTheBoardIsNotValid(7,-1,2,2)" methodname="MoveWhereFromSquareOrToSquareIsOffTheBoardIsNotValid" classname="ChessWithTDD.Tests.GenericMoveValidatorTests" runstate="Runnable" seed="2126882107" result="Passed" start-time="2017-08-03 22:14:30Z" end-time="2017-08-03 22:14:30Z" duration="0.000919" asserts="1" />
            <test-case id="0-1184" name="MoveWhereFromSquareOrToSquareIsOffTheBoardIsNotValid(-1,1,2,2)" fullname="ChessWithTDD.Tests.GenericMoveValidatorTests.MoveWhereFromSquareOrToSquareIsOffTheBoardIsNotValid(-1,1,2,2)" methodname="MoveWhereFromSquareOrToSquareIsOffTheBoardIsNotValid" classname="ChessWithTDD.Tests.GenericMoveValidatorTests" runstate="Runnable" seed="1824733292" result="Passed" start-time="2017-08-03 22:14:30Z" end-time="2017-08-03 22:14:30Z" duration="0.000918" asserts="1" />
          </test-suite>
          <test-suite type="ParameterizedMethod" id="0-1176" name="MoveWhereFromSquarePieceDoesNotHaveAValidColourIsNotValid" fullname="ChessWithTDD.Tests.GenericMoveValidatorTests.MoveWhereFromSquarePieceDoesNotHaveAValidColourIsNotValid" classname="ChessWithTDD.Tests.GenericMoveValidatorTests" runstate="Runnable" testcasecount="2" result="Passed" start-time="2017-08-03 22:14:30Z" end-time="2017-08-03 22:14:30Z" duration="0.008490" total="2" passed="2" failed="0" warnings="0" inconclusive="0" skipped="0" asserts="2">
            <test-case id="0-1174" name="MoveWhereFromSquarePieceDoesNotHaveAValidColourIsNotValid(1,1,2,2)" fullname="ChessWithTDD.Tests.GenericMoveValidatorTests.MoveWhereFromSquarePieceDoesNotHaveAValidColourIsNotValid(1,1,2,2)" methodname="MoveWhereFromSquarePieceDoesNotHaveAValidColourIsNotValid" classname="ChessWithTDD.Tests.GenericMoveValidatorTests" runstate="Runnable" seed="656479087" result="Passed" start-time="2017-08-03 22:14:30Z" end-time="2017-08-03 22:14:30Z" duration="0.001348" asserts="1" />
            <test-case id="0-1175" name="MoveWhereFromSquarePieceDoesNotHaveAValidColourIsNotValid(5,3,7,7)" fullname="ChessWithTDD.Tests.GenericMoveValidatorTests.MoveWhereFromSquarePieceDoesNotHaveAValidColourIsNotValid(5,3,7,7)" methodname="MoveWhereFromSquarePieceDoesNotHaveAValidColourIsNotValid" classname="ChessWithTDD.Tests.GenericMoveValidatorTests" runstate="Runnable" seed="1632552926" result="Passed" start-time="2017-08-03 22:14:30Z" end-time="2017-08-03 22:14:30Z" duration="0.001065" asserts="1" />
          </test-suite>
          <test-suite type="ParameterizedMethod" id="0-1195" name="MoveWherePieceInToSquareIsOfSameColourAsMovingPieceIsInvalid" fullname="ChessWithTDD.Tests.GenericMoveValidatorTests.MoveWherePieceInToSquareIsOfSameColourAsMovingPieceIsInvalid" classname="ChessWithTDD.Tests.GenericMoveValidatorTests" runstate="Runnable" testcasecount="3" result="Passed" start-time="2017-08-03 22:14:30Z" end-time="2017-08-03 22:14:30Z" duration="0.013067" total="3" passed="3" failed="0" warnings="0" inconclusive="0" skipped="0" asserts="3">
            <test-case id="0-1192" name="MoveWherePieceInToSquareIsOfSameColourAsMovingPieceIsInvalid(2,2,3,2,White)" fullname="ChessWithTDD.Tests.GenericMoveValidatorTests.MoveWherePieceInToSquareIsOfSameColourAsMovingPieceIsInvalid(2,2,3,2,White)" methodname="MoveWherePieceInToSquareIsOfSameColourAsMovingPieceIsInvalid" classname="ChessWithTDD.Tests.GenericMoveValidatorTests" runstate="Runnable" seed="1475096446" result="Passed" start-time="2017-08-03 22:14:30Z" end-time="2017-08-03 22:14:30Z" duration="0.001597" asserts="1" />
            <test-case id="0-1193" name="MoveWherePieceInToSquareIsOfSameColourAsMovingPieceIsInvalid(5,3,4,3,Black)" fullname="ChessWithTDD.Tests.GenericMoveValidatorTests.MoveWherePieceInToSquareIsOfSameColourAsMovingPieceIsInvalid(5,3,4,3,Black)" methodname="MoveWherePieceInToSquareIsOfSameColourAsMovingPieceIsInvalid" classname="ChessWithTDD.Tests.GenericMoveValidatorTests" runstate="Runnable" seed="1916163969" result="Passed" start-time="2017-08-03 22:14:30Z" end-time="2017-08-03 22:14:30Z" duration="0.001398" asserts="1" />
            <test-case id="0-1194" name="MoveWherePieceInToSquareIsOfSameColourAsMovingPieceIsInvalid(5,3,4,3,Invalid)" fullname="ChessWithTDD.Tests.GenericMoveValidatorTests.MoveWherePieceInToSquareIsOfSameColourAsMovingPieceIsInvalid(5,3,4,3,Invalid)" methodname="MoveWherePieceInToSquareIsOfSameColourAsMovingPieceIsInvalid" classname="ChessWithTDD.Tests.GenericMoveValidatorTests" runstate="Runnable" seed="1386849983" result="Passed" start-time="2017-08-03 22:14:30Z" end-time="2017-08-03 22:14:30Z" duration="0.001134" asserts="1" />
          </test-suite>
        </test-suite>
        <test-suite type="TestFixture" id="0-1708" name="KingTests" fullname="ChessWithTDD.Tests.KingTests" classname="ChessWithTDD.Tests.KingTests" runstate="Runnable" testcasecount="24" result="Passed" start-time="2017-08-03 22:14:30Z" end-time="2017-08-03 22:14:30Z" duration="0.124974" total="24" passed="24" failed="0" warnings="0" inconclusive="0" skipped="0" asserts="20">
          <test-suite type="ParameterizedMethod" id="0-1740" name="CanMoveReturnsFalseIfCastlingMoveValidatorReturnsFalseAndNotAdjacent" fullname="ChessWithTDD.Tests.KingTests.CanMoveReturnsFalseIfCastlingMoveValidatorReturnsFalseAndNotAdjacent" classname="ChessWithTDD.Tests.KingTests" runstate="Runnable" testcasecount="2" result="Passed" start-time="2017-08-03 22:14:30Z" end-time="2017-08-03 22:14:30Z" duration="0.010043" total="2" passed="2" failed="0" warnings="0" inconclusive="0" skipped="0" asserts="2">
            <test-case id="0-1738" name="CanMoveReturnsFalseIfCastlingMoveValidatorReturnsFalseAndNotAdjacent(5,2,2,2)" fullname="ChessWithTDD.Tests.KingTests.CanMoveReturnsFalseIfCastlingMoveValidatorReturnsFalseAndNotAdjacent(5,2,2,2)" methodname="CanMoveReturnsFalseIfCastlingMoveValidatorReturnsFalseAndNotAdjacent" classname="ChessWithTDD.Tests.KingTests" runstate="Runnable" seed="1315419501" result="Passed" start-time="2017-08-03 22:14:30Z" end-time="2017-08-03 22:14:30Z" duration="0.003528" asserts="1" />
            <test-case id="0-1739" name="CanMoveReturnsFalseIfCastlingMoveValidatorReturnsFalseAndNotAdjacent(5,2,2,5)" fullname="ChessWithTDD.Tests.KingTests.CanMoveReturnsFalseIfCastlingMoveValidatorReturnsFalseAndNotAdjacent(5,2,2,5)" methodname="CanMoveReturnsFalseIfCastlingMoveValidatorReturnsFalseAndNotAdjacent" classname="ChessWithTDD.Tests.KingTests" runstate="Runnable" seed="1957341218" result="Passed" start-time="2017-08-03 22:14:30Z" end-time="2017-08-03 22:14:30Z" duration="0.000946" asserts="1" />
          </test-suite>
          <test-suite type="ParameterizedMethod" id="0-1737" name="CanMoveReturnsTrueIfCastlingMoveValidatorReturnsTrueAndNotAdjacent" fullname="ChessWithTDD.Tests.KingTests.CanMoveReturnsTrueIfCastlingMoveValidatorReturnsTrueAndNotAdjacent" classname="ChessWithTDD.Tests.KingTests" runstate="Runnable" testcasecount="2" result="Passed" start-time="2017-08-03 22:14:30Z" end-time="2017-08-03 22:14:30Z" duration="0.008538" total="2" passed="2" failed="0" warnings="0" inconclusive="0" skipped="0" asserts="2">
            <test-case id="0-1735" name="CanMoveReturnsTrueIfCastlingMoveValidatorReturnsTrueAndNotAdjacent(5,2,2,2)" fullname="ChessWithTDD.Tests.KingTests.CanMoveReturnsTrueIfCastlingMoveValidatorReturnsTrueAndNotAdjacent(5,2,2,2)" methodname="CanMoveReturnsTrueIfCastlingMoveValidatorReturnsTrueAndNotAdjacent" classname="ChessWithTDD.Tests.KingTests" runstate="Runnable" seed="333302168" result="Passed" start-time="2017-08-03 22:14:30Z" end-time="2017-08-03 22:14:30Z" duration="0.001678" asserts="1" />
            <test-case id="0-1736" name="CanMoveReturnsTrueIfCastlingMoveValidatorReturnsTrueAndNotAdjacent(5,2,2,5)" fullname="ChessWithTDD.Tests.KingTests.CanMoveReturnsTrueIfCastlingMoveValidatorReturnsTrueAndNotAdjacent(5,2,2,5)" methodname="CanMoveReturnsTrueIfCastlingMoveValidatorReturnsTrueAndNotAdjacent" classname="ChessWithTDD.Tests.KingTests" runstate="Runnable" seed="1642245456" result="Passed" start-time="2017-08-03 22:14:30Z" end-time="2017-08-03 22:14:30Z" duration="0.000964" asserts="1" />
          </test-suite>
          <test-suite type="ParameterizedMethod" id="0-1731" name="CastlingMoveValidatorIsCalledIfNotAdjacent" fullname="ChessWithTDD.Tests.KingTests.CastlingMoveValidatorIsCalledIfNotAdjacent" classname="ChessWithTDD.Tests.KingTests" runstate="Runnable" testcasecount="2" result="Passed" start-time="2017-08-03 22:14:30Z" end-time="2017-08-03 22:14:30Z" duration="0.009521" total="2" passed="2" failed="0" warnings="0" inconclusive="0" skipped="0" asserts="0">
            <test-case id="0-1729" name="CastlingMoveValidatorIsCalledIfNotAdjacent(5,2,2,2)" fullname="ChessWithTDD.Tests.KingTests.CastlingMoveValidatorIsCalledIfNotAdjacent(5,2,2,2)" methodname="CastlingMoveValidatorIsCalledIfNotAdjacent" classname="ChessWithTDD.Tests.KingTests" runstate="Runnable" seed="1874619933" result="Passed" start-time="2017-08-03 22:14:30Z" end-time="2017-08-03 22:14:30Z" duration="0.002578" asserts="0" />
            <test-case id="0-1730" name="CastlingMoveValidatorIsCalledIfNotAdjacent(5,2,2,5)" fullname="ChessWithTDD.Tests.KingTests.CastlingMoveValidatorIsCalledIfNotAdjacent(5,2,2,5)" methodname="CastlingMoveValidatorIsCalledIfNotAdjacent" classname="ChessWithTDD.Tests.KingTests" runstate="Runnable" seed="1598698177" result="Passed" start-time="2017-08-03 22:14:30Z" end-time="2017-08-03 22:14:30Z" duration="0.000972" asserts="0" />
          </test-suite>
          <test-suite type="ParameterizedMethod" id="0-1734" name="CastlingMoveValidatorIsNotCalledIfAdjacent" fullname="ChessWithTDD.Tests.KingTests.CastlingMoveValidatorIsNotCalledIfAdjacent" classname="ChessWithTDD.Tests.KingTests" runstate="Runnable" testcasecount="2" result="Passed" start-time="2017-08-03 22:14:30Z" end-time="2017-08-03 22:14:30Z" duration="0.009492" total="2" passed="2" failed="0" warnings="0" inconclusive="0" skipped="0" asserts="0">
            <test-case id="0-1732" name="CastlingMoveValidatorIsNotCalledIfAdjacent(3,3,2,3)" fullname="ChessWithTDD.Tests.KingTests.CastlingMoveValidatorIsNotCalledIfAdjacent(3,3,2,3)" methodname="CastlingMoveValidatorIsNotCalledIfAdjacent" classname="ChessWithTDD.Tests.KingTests" runstate="Runnable" seed="1398029089" result="Passed" start-time="2017-08-03 22:14:30Z" end-time="2017-08-03 22:14:30Z" duration="0.002947" asserts="0" />
            <test-case id="0-1733" name="CastlingMoveValidatorIsNotCalledIfAdjacent(3,3,4,4)" fullname="ChessWithTDD.Tests.KingTests.CastlingMoveValidatorIsNotCalledIfAdjacent(3,3,4,4)" methodname="CastlingMoveValidatorIsNotCalledIfAdjacent" classname="ChessWithTDD.Tests.KingTests" runstate="Runnable" seed="1401994550" result="Passed" start-time="2017-08-03 22:14:30Z" end-time="2017-08-03 22:14:30Z" duration="0.000933" asserts="0" />
          </test-suite>
          <test-suite type="ParameterizedMethod" id="0-1717" name="KingCanMoveToAdjacentSquares" fullname="ChessWithTDD.Tests.KingTests.KingCanMoveToAdjacentSquares" classname="ChessWithTDD.Tests.KingTests" runstate="Runnable" testcasecount="8" result="Passed" start-time="2017-08-03 22:14:30Z" end-time="2017-08-03 22:14:30Z" duration="0.029543" total="8" passed="8" failed="0" warnings="0" inconclusive="0" skipped="0" asserts="8">
            <test-case id="0-1709" name="KingCanMoveToAdjacentSquares(3,3,3,4)" fullname="ChessWithTDD.Tests.KingTests.KingCanMoveToAdjacentSquares(3,3,3,4)" methodname="KingCanMoveToAdjacentSquares" classname="ChessWithTDD.Tests.KingTests" runstate="Runnable" seed="280322956" result="Passed" start-time="2017-08-03 22:14:30Z" end-time="2017-08-03 22:14:30Z" duration="0.001327" asserts="1" />
            <test-case id="0-1710" name="KingCanMoveToAdjacentSquares(3,3,4,3)" fullname="ChessWithTDD.Tests.KingTests.KingCanMoveToAdjacentSquares(3,3,4,3)" methodname="KingCanMoveToAdjacentSquares" classname="ChessWithTDD.Tests.KingTests" runstate="Runnable" seed="1441532023" result="Passed" start-time="2017-08-03 22:14:30Z" end-time="2017-08-03 22:14:30Z" duration="0.000833" asserts="1" />
            <test-case id="0-1711" name="KingCanMoveToAdjacentSquares(3,3,3,2)" fullname="ChessWithTDD.Tests.KingTests.KingCanMoveToAdjacentSquares(3,3,3,2)" methodname="KingCanMoveToAdjacentSquares" classname="ChessWithTDD.Tests.KingTests" runstate="Runnable" seed="1476990936" result="Passed" start-time="2017-08-03 22:14:30Z" end-time="2017-08-03 22:14:30Z" duration="0.000863" asserts="1" />
            <test-case id="0-1712" name="KingCanMoveToAdjacentSquares(3,3,2,3)" fullname="ChessWithTDD.Tests.KingTests.KingCanMoveToAdjacentSquares(3,3,2,3)" methodname="KingCanMoveToAdjacentSquares" classname="ChessWithTDD.Tests.KingTests" runstate="Runnable" seed="284530044" result="Passed" start-time="2017-08-03 22:14:30Z" end-time="2017-08-03 22:14:30Z" duration="0.000888" asserts="1" />
            <test-case id="0-1713" name="KingCanMoveToAdjacentSquares(3,3,4,4)" fullname="ChessWithTDD.Tests.KingTests.KingCanMoveToAdjacentSquares(3,3,4,4)" methodname="KingCanMoveToAdjacentSquares" classname="ChessWithTDD.Tests.KingTests" runstate="Runnable" seed="930302609" result="Passed" start-time="2017-08-03 22:14:30Z" end-time="2017-08-03 22:14:30Z" duration="0.000807" asserts="1" />
            <test-case id="0-1714" name="KingCanMoveToAdjacentSquares(3,3,2,2)" fullname="ChessWithTDD.Tests.KingTests.KingCanMoveToAdjacentSquares(3,3,2,2)" methodname="KingCanMoveToAdjacentSquares" classname="ChessWithTDD.Tests.KingTests" runstate="Runnable" seed="1824585439" result="Passed" start-time="2017-08-03 22:14:30Z" end-time="2017-08-03 22:14:30Z" duration="0.000990" asserts="1" />
            <test-case id="0-1715" name="KingCanMoveToAdjacentSquares(3,3,4,2)" fullname="ChessWithTDD.Tests.KingTests.KingCanMoveToAdjacentSquares(3,3,4,2)" methodname="KingCanMoveToAdjacentSquares" classname="ChessWithTDD.Tests.KingTests" runstate="Runnable" seed="103957725" result="Passed" start-time="2017-08-03 22:14:30Z" end-time="2017-08-03 22:14:30Z" duration="0.000852" asserts="1" />
            <test-case id="0-1716" name="KingCanMoveToAdjacentSquares(3,3,2,4)" fullname="ChessWithTDD.Tests.KingTests.KingCanMoveToAdjacentSquares(3,3,2,4)" methodname="KingCanMoveToAdjacentSquares" classname="ChessWithTDD.Tests.KingTests" runstate="Runnable" seed="168531303" result="Passed" start-time="2017-08-03 22:14:30Z" end-time="2017-08-03 22:14:30Z" duration="0.000846" asserts="1" />
          </test-suite>
          <test-suite type="ParameterizedMethod" id="0-1728" name="KingCannotMoveDiagonallyMoreThanOneSquare" fullname="ChessWithTDD.Tests.KingTests.KingCannotMoveDiagonallyMoreThanOneSquare" classname="ChessWithTDD.Tests.KingTests" runstate="Runnable" testcasecount="4" result="Passed" start-time="2017-08-03 22:14:30Z" end-time="2017-08-03 22:14:30Z" duration="0.016519" total="4" passed="4" failed="0" warnings="0" inconclusive="0" skipped="0" asserts="4">
            <test-case id="0-1724" name="KingCannotMoveDiagonallyMoreThanOneSquare(2,5,5,2)" fullname="ChessWithTDD.Tests.KingTests.KingCannotMoveDiagonallyMoreThanOneSquare(2,5,5,2)" methodname="KingCannotMoveDiagonallyMoreThanOneSquare" classname="ChessWithTDD.Tests.KingTests" runstate="Runnable" seed="774355047" result="Passed" start-time="2017-08-03 22:14:30Z" end-time="2017-08-03 22:14:30Z" duration="0.001311" asserts="1" />
            <test-case id="0-1725" name="KingCannotMoveDiagonallyMoreThanOneSquare(2,3,5,6)" fullname="ChessWithTDD.Tests.KingTests.KingCannotMoveDiagonallyMoreThanOneSquare(2,3,5,6)" methodname="KingCannotMoveDiagonallyMoreThanOneSquare" classname="ChessWithTDD.Tests.KingTests" runstate="Runnable" seed="1697008433" result="Passed" start-time="2017-08-03 22:14:30Z" end-time="2017-08-03 22:14:30Z" duration="0.000974" asserts="1" />
            <test-case id="0-1726" name="KingCannotMoveDiagonallyMoreThanOneSquare(5,5,2,2)" fullname="ChessWithTDD.Tests.KingTests.KingCannotMoveDiagonallyMoreThanOneSquare(5,5,2,2)" methodname="KingCannotMoveDiagonallyMoreThanOneSquare" classname="ChessWithTDD.Tests.KingTests" runstate="Runnable" seed="210296697" result="Passed" start-time="2017-08-03 22:14:30Z" end-time="2017-08-03 22:14:30Z" duration="0.000821" asserts="1" />
            <test-case id="0-1727" name="KingCannotMoveDiagonallyMoreThanOneSquare(5,2,2,5)" fullname="ChessWithTDD.Tests.KingTests.KingCannotMoveDiagonallyMoreThanOneSquare(5,2,2,5)" methodname="KingCannotMoveDiagonallyMoreThanOneSquare" classname="ChessWithTDD.Tests.KingTests" runstate="Runnable" seed="1838714046" result="Passed" start-time="2017-08-03 22:14:30Z" end-time="2017-08-03 22:14:30Z" duration="0.000865" asserts="1" />
          </test-suite>
          <test-suite type="ParameterizedMethod" id="0-1723" name="KingCannotMoveHorizontallyMoreThanOneSquare" fullname="ChessWithTDD.Tests.KingTests.KingCannotMoveHorizontallyMoreThanOneSquare" classname="ChessWithTDD.Tests.KingTests" runstate="Runnable" testcasecount="2" result="Passed" start-time="2017-08-03 22:14:30Z" end-time="2017-08-03 22:14:30Z" duration="0.009027" total="2" passed="2" failed="0" warnings="0" inconclusive="0" skipped="0" asserts="2">
            <test-case id="0-1721" name="KingCannotMoveHorizontallyMoreThanOneSquare(2,6,2,0)" fullname="ChessWithTDD.Tests.KingTests.KingCannotMoveHorizontallyMoreThanOneSquare(2,6,2,0)" methodname="KingCannotMoveHorizontallyMoreThanOneSquare" classname="ChessWithTDD.Tests.KingTests" runstate="Runnable" seed="945815902" result="Passed" start-time="2017-08-03 22:14:30Z" end-time="2017-08-03 22:14:30Z" duration="0.001199" asserts="1" />
            <test-case id="0-1722" name="KingCannotMoveHorizontallyMoreThanOneSquare(2,2,2,7)" fullname="ChessWithTDD.Tests.KingTests.KingCannotMoveHorizontallyMoreThanOneSquare(2,2,2,7)" methodname="KingCannotMoveHorizontallyMoreThanOneSquare" classname="ChessWithTDD.Tests.KingTests" runstate="Runnable" seed="16496934" result="Passed" start-time="2017-08-03 22:14:30Z" end-time="2017-08-03 22:14:30Z" duration="0.000916" asserts="1" />
          </test-suite>
          <test-suite type="ParameterizedMethod" id="0-1720" name="KingCannotMoveVerticallyMoreThanOneSquare" fullname="ChessWithTDD.Tests.KingTests.KingCannotMoveVerticallyMoreThanOneSquare" classname="ChessWithTDD.Tests.KingTests" runstate="Runnable" testcasecount="2" result="Passed" start-time="2017-08-03 22:14:30Z" end-time="2017-08-03 22:14:30Z" duration="0.007523" total="2" passed="2" failed="0" warnings="0" inconclusive="0" skipped="0" asserts="2">
            <test-case id="0-1718" name="KingCannotMoveVerticallyMoreThanOneSquare(5,2,2,2)" fullname="ChessWithTDD.Tests.KingTests.KingCannotMoveVerticallyMoreThanOneSquare(5,2,2,2)" methodname="KingCannotMoveVerticallyMoreThanOneSquare" classname="ChessWithTDD.Tests.KingTests" runstate="Runnable" seed="1147655923" result="Passed" start-time="2017-08-03 22:14:30Z" end-time="2017-08-03 22:14:30Z" duration="0.001150" asserts="1" />
            <test-case id="0-1719" name="KingCannotMoveVerticallyMoreThanOneSquare(2,2,5,2)" fullname="ChessWithTDD.Tests.KingTests.KingCannotMoveVerticallyMoreThanOneSquare(2,2,5,2)" methodname="KingCannotMoveVerticallyMoreThanOneSquare" classname="ChessWithTDD.Tests.KingTests" runstate="Runnable" seed="961852268" result="Passed" start-time="2017-08-03 22:14:30Z" end-time="2017-08-03 22:14:30Z" duration="0.000934" asserts="1" />
          </test-suite>
        </test-suite>
        <test-suite type="TestFixture" id="0-1741" name="KnightTests" fullname="ChessWithTDD.Tests.KnightTests" classname="ChessWithTDD.Tests.KnightTests" runstate="Runnable" testcasecount="16" result="Passed" start-time="2017-08-03 22:14:30Z" end-time="2017-08-03 22:14:30Z" duration="0.070051" total="16" passed="16" failed="0" warnings="0" inconclusive="0" skipped="0" asserts="16">
          <test-suite type="ParameterizedMethod" id="0-1751" name="KnightCanMoveOneHorizontalAndTwoVerticalPositions" fullname="ChessWithTDD.Tests.KnightTests.KnightCanMoveOneHorizontalAndTwoVerticalPositions" classname="ChessWithTDD.Tests.KnightTests" runstate="Runnable" testcasecount="4" result="Passed" start-time="2017-08-03 22:14:30Z" end-time="2017-08-03 22:14:30Z" duration="0.016517" total="4" passed="4" failed="0" warnings="0" inconclusive="0" skipped="0" asserts="4">
            <test-case id="0-1747" name="KnightCanMoveOneHorizontalAndTwoVerticalPositions(1,2,3,3)" fullname="ChessWithTDD.Tests.KnightTests.KnightCanMoveOneHorizontalAndTwoVerticalPositions(1,2,3,3)" methodname="KnightCanMoveOneHorizontalAndTwoVerticalPositions" classname="ChessWithTDD.Tests.KnightTests" runstate="Runnable" seed="745224743" result="Passed" start-time="2017-08-03 22:14:30Z" end-time="2017-08-03 22:14:30Z" duration="0.001975" asserts="1" />
            <test-case id="0-1748" name="KnightCanMoveOneHorizontalAndTwoVerticalPositions(1,2,3,1)" fullname="ChessWithTDD.Tests.KnightTests.KnightCanMoveOneHorizontalAndTwoVerticalPositions(1,2,3,1)" methodname="KnightCanMoveOneHorizontalAndTwoVerticalPositions" classname="ChessWithTDD.Tests.KnightTests" runstate="Runnable" seed="747279140" result="Passed" start-time="2017-08-03 22:14:30Z" end-time="2017-08-03 22:14:30Z" duration="0.000833" asserts="1" />
            <test-case id="0-1749" name="KnightCanMoveOneHorizontalAndTwoVerticalPositions(2,3,0,4)" fullname="ChessWithTDD.Tests.KnightTests.KnightCanMoveOneHorizontalAndTwoVerticalPositions(2,3,0,4)" methodname="KnightCanMoveOneHorizontalAndTwoVerticalPositions" classname="ChessWithTDD.Tests.KnightTests" runstate="Runnable" seed="1760313242" result="Passed" start-time="2017-08-03 22:14:30Z" end-time="2017-08-03 22:14:30Z" duration="0.000751" asserts="1" />
            <test-case id="0-1750" name="KnightCanMoveOneHorizontalAndTwoVerticalPositions(2,3,0,2)" fullname="ChessWithTDD.Tests.KnightTests.KnightCanMoveOneHorizontalAndTwoVerticalPositions(2,3,0,2)" methodname="KnightCanMoveOneHorizontalAndTwoVerticalPositions" classname="ChessWithTDD.Tests.KnightTests" runstate="Runnable" seed="1578020437" result="Passed" start-time="2017-08-03 22:14:30Z" end-time="2017-08-03 22:14:30Z" duration="0.000797" asserts="1" />
          </test-suite>
          <test-suite type="ParameterizedMethod" id="0-1746" name="KnightCanMoveOneVerticalAndTwoHorizontalPositions" fullname="ChessWithTDD.Tests.KnightTests.KnightCanMoveOneVerticalAndTwoHorizontalPositions" classname="ChessWithTDD.Tests.KnightTests" runstate="Runnable" testcasecount="4" result="Passed" start-time="2017-08-03 22:14:30Z" end-time="2017-08-03 22:14:30Z" duration="0.015078" total="4" passed="4" failed="0" warnings="0" inconclusive="0" skipped="0" asserts="4">
            <test-case id="0-1742" name="KnightCanMoveOneVerticalAndTwoHorizontalPositions(1,2,2,4)" fullname="ChessWithTDD.Tests.KnightTests.KnightCanMoveOneVerticalAndTwoHorizontalPositions(1,2,2,4)" methodname="KnightCanMoveOneVerticalAndTwoHorizontalPositions" classname="ChessWithTDD.Tests.KnightTests" runstate="Runnable" seed="704485174" result="Passed" start-time="2017-08-03 22:14:30Z" end-time="2017-08-03 22:14:30Z" duration="0.001169" asserts="1" />
            <test-case id="0-1743" name="KnightCanMoveOneVerticalAndTwoHorizontalPositions(1,2,0,4)" fullname="ChessWithTDD.Tests.KnightTests.KnightCanMoveOneVerticalAndTwoHorizontalPositions(1,2,0,4)" methodname="KnightCanMoveOneVerticalAndTwoHorizontalPositions" classname="ChessWithTDD.Tests.KnightTests" runstate="Runnable" seed="613575142" result="Passed" start-time="2017-08-03 22:14:30Z" end-time="2017-08-03 22:14:30Z" duration="0.000784" asserts="1" />
            <test-case id="0-1744" name="KnightCanMoveOneVerticalAndTwoHorizontalPositions(2,3,3,1)" fullname="ChessWithTDD.Tests.KnightTests.KnightCanMoveOneVerticalAndTwoHorizontalPositions(2,3,3,1)" methodname="KnightCanMoveOneVerticalAndTwoHorizontalPositions" classname="ChessWithTDD.Tests.KnightTests" runstate="Runnable" seed="1042230634" result="Passed" start-time="2017-08-03 22:14:30Z" end-time="2017-08-03 22:14:30Z" duration="0.000832" asserts="1" />
            <test-case id="0-1745" name="KnightCanMoveOneVerticalAndTwoHorizontalPositions(2,3,1,1)" fullname="ChessWithTDD.Tests.KnightTests.KnightCanMoveOneVerticalAndTwoHorizontalPositions(2,3,1,1)" methodname="KnightCanMoveOneVerticalAndTwoHorizontalPositions" classname="ChessWithTDD.Tests.KnightTests" runstate="Runnable" seed="1019515684" result="Passed" start-time="2017-08-03 22:14:30Z" end-time="2017-08-03 22:14:30Z" duration="0.000886" asserts="1" />
          </test-suite>
          <test-suite type="ParameterizedMethod" id="0-1760" name="KnightCannotMoveIfNotLShaped" fullname="ChessWithTDD.Tests.KnightTests.KnightCannotMoveIfNotLShaped" classname="ChessWithTDD.Tests.KnightTests" runstate="Runnable" testcasecount="8" result="Passed" start-time="2017-08-03 22:14:30Z" end-time="2017-08-03 22:14:30Z" duration="0.029511" total="8" passed="8" failed="0" warnings="0" inconclusive="0" skipped="0" asserts="8">
            <test-case id="0-1752" name="KnightCannotMoveIfNotLShaped(1,1,2,2)" fullname="ChessWithTDD.Tests.KnightTests.KnightCannotMoveIfNotLShaped(1,1,2,2)" methodname="KnightCannotMoveIfNotLShaped" classname="ChessWithTDD.Tests.KnightTests" runstate="Runnable" seed="358822523" result="Passed" start-time="2017-08-03 22:14:30Z" end-time="2017-08-03 22:14:30Z" duration="0.001208" asserts="1" />
            <test-case id="0-1753" name="KnightCannotMoveIfNotLShaped(1,1,3,3)" fullname="ChessWithTDD.Tests.KnightTests.KnightCannotMoveIfNotLShaped(1,1,3,3)" methodname="KnightCannotMoveIfNotLShaped" classname="ChessWithTDD.Tests.KnightTests" runstate="Runnable" seed="1508802592" result="Passed" start-time="2017-08-03 22:14:30Z" end-time="2017-08-03 22:14:30Z" duration="0.000869" asserts="1" />
            <test-case id="0-1754" name="KnightCannotMoveIfNotLShaped(1,1,4,4)" fullname="ChessWithTDD.Tests.KnightTests.KnightCannotMoveIfNotLShaped(1,1,4,4)" methodname="KnightCannotMoveIfNotLShaped" classname="ChessWithTDD.Tests.KnightTests" runstate="Runnable" seed="2022847423" result="Passed" start-time="2017-08-03 22:14:30Z" end-time="2017-08-03 22:14:30Z" duration="0.000771" asserts="1" />
            <test-case id="0-1755" name="KnightCannotMoveIfNotLShaped(4,4,0,0)" fullname="ChessWithTDD.Tests.KnightTests.KnightCannotMoveIfNotLShaped(4,4,0,0)" methodname="KnightCannotMoveIfNotLShaped" classname="ChessWithTDD.Tests.KnightTests" runstate="Runnable" seed="1904184214" result="Passed" start-time="2017-08-03 22:14:30Z" end-time="2017-08-03 22:14:30Z" duration="0.000756" asserts="1" />
            <test-case id="0-1756" name="KnightCannotMoveIfNotLShaped(1,2,3,4)" fullname="ChessWithTDD.Tests.KnightTests.KnightCannotMoveIfNotLShaped(1,2,3,4)" methodname="KnightCannotMoveIfNotLShaped" classname="ChessWithTDD.Tests.KnightTests" runstate="Runnable" seed="1476712568" result="Passed" start-time="2017-08-03 22:14:30Z" end-time="2017-08-03 22:14:30Z" duration="0.000810" asserts="1" />
            <test-case id="0-1757" name="KnightCannotMoveIfNotLShaped(1,2,6,7)" fullname="ChessWithTDD.Tests.KnightTests.KnightCannotMoveIfNotLShaped(1,2,6,7)" methodname="KnightCannotMoveIfNotLShaped" classname="ChessWithTDD.Tests.KnightTests" runstate="Runnable" seed="1055690769" result="Passed" start-time="2017-08-03 22:14:30Z" end-time="2017-08-03 22:14:30Z" duration="0.000756" asserts="1" />
            <test-case id="0-1758" name="KnightCannotMoveIfNotLShaped(4,8,2,6)" fullname="ChessWithTDD.Tests.KnightTests.KnightCannotMoveIfNotLShaped(4,8,2,6)" methodname="KnightCannotMoveIfNotLShaped" classname="ChessWithTDD.Tests.KnightTests" runstate="Runnable" seed="988978717" result="Passed" start-time="2017-08-03 22:14:30Z" end-time="2017-08-03 22:14:30Z" duration="0.000948" asserts="1" />
            <test-case id="0-1759" name="KnightCannotMoveIfNotLShaped(5,1,3,4)" fullname="ChessWithTDD.Tests.KnightTests.KnightCannotMoveIfNotLShaped(5,1,3,4)" methodname="KnightCannotMoveIfNotLShaped" classname="ChessWithTDD.Tests.KnightTests" runstate="Runnable" seed="607179748" result="Passed" start-time="2017-08-03 22:14:30Z" end-time="2017-08-03 22:14:30Z" duration="0.000822" asserts="1" />
          </test-suite>
        </test-suite>
        <test-suite type="TestFixture" id="0-1557" name="MoveConversionDataTests" fullname="ChessWithTDD.Tests.MoveConversionDataTests" classname="ChessWithTDD.Tests.MoveConversionDataTests" runstate="Runnable" testcasecount="8" result="Passed" start-time="2017-08-03 22:14:30Z" end-time="2017-08-03 22:14:30Z" duration="0.035024" total="8" passed="8" failed="0" warnings="0" inconclusive="0" skipped="0" asserts="32">
          <test-suite type="ParameterizedMethod" id="0-1562" name="NonTrivialConstructorTest" fullname="ChessWithTDD.Tests.MoveConversionDataTests.NonTrivialConstructorTest" classname="ChessWithTDD.Tests.MoveConversionDataTests" runstate="Runnable" testcasecount="4" result="Passed" start-time="2017-08-03 22:14:30Z" end-time="2017-08-03 22:14:30Z" duration="0.015961" total="4" passed="4" failed="0" warnings="0" inconclusive="0" skipped="0" asserts="16">
            <test-case id="0-1558" name="NonTrivialConstructorTest(1,2,3,4,False,False)" fullname="ChessWithTDD.Tests.MoveConversionDataTests.NonTrivialConstructorTest(1,2,3,4,False,False)" methodname="NonTrivialConstructorTest" classname="ChessWithTDD.Tests.MoveConversionDataTests" runstate="Runnable" seed="222174721" result="Passed" start-time="2017-08-03 22:14:30Z" end-time="2017-08-03 22:14:30Z" duration="0.002377" asserts="4" />
            <test-case id="0-1559" name="NonTrivialConstructorTest(5,6,7,8,False,True)" fullname="ChessWithTDD.Tests.MoveConversionDataTests.NonTrivialConstructorTest(5,6,7,8,False,True)" methodname="NonTrivialConstructorTest" classname="ChessWithTDD.Tests.MoveConversionDataTests" runstate="Runnable" seed="185607045" result="Passed" start-time="2017-08-03 22:14:30Z" end-time="2017-08-03 22:14:30Z" duration="0.000781" asserts="4" />
            <test-case id="0-1560" name="NonTrivialConstructorTest(2,3,4,5,True,False)" fullname="ChessWithTDD.Tests.MoveConversionDataTests.NonTrivialConstructorTest(2,3,4,5,True,False)" methodname="NonTrivialConstructorTest" classname="ChessWithTDD.Tests.MoveConversionDataTests" runstate="Runnable" seed="999411369" result="Passed" start-time="2017-08-03 22:14:30Z" end-time="2017-08-03 22:14:30Z" duration="0.000696" asserts="4" />
            <test-case id="0-1561" name="NonTrivialConstructorTest(0,0,0,0,True,True)" fullname="ChessWithTDD.Tests.MoveConversionDataTests.NonTrivialConstructorTest(0,0,0,0,True,True)" methodname="NonTrivialConstructorTest" classname="ChessWithTDD.Tests.MoveConversionDataTests" runstate="Runnable" seed="1496591861" result="Passed" start-time="2017-08-03 22:14:30Z" end-time="2017-08-03 22:14:30Z" duration="0.000720" asserts="4" />
          </test-suite>
          <test-suite type="ParameterizedMethod" id="0-1567" name="SimpleConstructorTest" fullname="ChessWithTDD.Tests.MoveConversionDataTests.SimpleConstructorTest" classname="ChessWithTDD.Tests.MoveConversionDataTests" runstate="Runnable" testcasecount="4" result="Passed" start-time="2017-08-03 22:14:30Z" end-time="2017-08-03 22:14:30Z" duration="0.012604" total="4" passed="4" failed="0" warnings="0" inconclusive="0" skipped="0" asserts="16">
            <test-case id="0-1563" name="SimpleConstructorTest(1,2,3,4,False,False)" fullname="ChessWithTDD.Tests.MoveConversionDataTests.SimpleConstructorTest(1,2,3,4,False,False)" methodname="SimpleConstructorTest" classname="ChessWithTDD.Tests.MoveConversionDataTests" runstate="Runnable" seed="1844838966" result="Passed" start-time="2017-08-03 22:14:30Z" end-time="2017-08-03 22:14:30Z" duration="0.000579" asserts="4" />
            <test-case id="0-1564" name="SimpleConstructorTest(5,6,7,8,False,True)" fullname="ChessWithTDD.Tests.MoveConversionDataTests.SimpleConstructorTest(5,6,7,8,False,True)" methodname="SimpleConstructorTest" classname="ChessWithTDD.Tests.MoveConversionDataTests" runstate="Runnable" seed="830369622" result="Passed" start-time="2017-08-03 22:14:30Z" end-time="2017-08-03 22:14:30Z" duration="0.000114" asserts="4" />
            <test-case id="0-1565" name="SimpleConstructorTest(2,3,4,5,True,False)" fullname="ChessWithTDD.Tests.MoveConversionDataTests.SimpleConstructorTest(2,3,4,5,True,False)" methodname="SimpleConstructorTest" classname="ChessWithTDD.Tests.MoveConversionDataTests" runstate="Runnable" seed="1730156481" result="Passed" start-time="2017-08-03 22:14:30Z" end-time="2017-08-03 22:14:30Z" duration="0.000121" asserts="4" />
            <test-case id="0-1566" name="SimpleConstructorTest(0,0,0,0,True,True)" fullname="ChessWithTDD.Tests.MoveConversionDataTests.SimpleConstructorTest(0,0,0,0,True,True)" methodname="SimpleConstructorTest" classname="ChessWithTDD.Tests.MoveConversionDataTests" runstate="Runnable" seed="1199385554" result="Passed" start-time="2017-08-03 22:14:30Z" end-time="2017-08-03 22:14:30Z" duration="0.000103" asserts="4" />
          </test-suite>
        </test-suite>
        <test-suite type="TestFixture" id="0-1094" name="MoveExecutorTests" fullname="ChessWithTDD.Tests.MoveExecutorTests" classname="ChessWithTDD.Tests.MoveExecutorTests" runstate="Runnable" testcasecount="14" result="Passed" start-time="2017-08-03 22:14:30Z" end-time="2017-08-03 22:14:30Z" duration="0.093031" total="14" passed="14" failed="0" warnings="0" inconclusive="0" skipped="0" asserts="21">
          <test-suite type="ParameterizedMethod" id="0-1109" name="ApplyMoveAddsToAndFromSquaresToPendingUpdatesForBoard" fullname="ChessWithTDD.Tests.MoveExecutorTests.ApplyMoveAddsToAndFromSquaresToPendingUpdatesForBoard" classname="ChessWithTDD.Tests.MoveExecutorTests" runstate="Runnable" testcasecount="3" result="Passed" start-time="2017-08-03 22:14:30Z" end-time="2017-08-03 22:14:30Z" duration="0.021039" total="3" passed="3" failed="0" warnings="0" inconclusive="0" skipped="0" asserts="6">
            <test-case id="0-1106" name="ApplyMoveAddsToAndFromSquaresToPendingUpdatesForBoard(2,4,6,7)" fullname="ChessWithTDD.Tests.MoveExecutorTests.ApplyMoveAddsToAndFromSquaresToPendingUpdatesForBoard(2,4,6,7)" methodname="ApplyMoveAddsToAndFromSquaresToPendingUpdatesForBoard" classname="ChessWithTDD.Tests.MoveExecutorTests" runstate="Runnable" seed="44402400" result="Passed" start-time="2017-08-03 22:14:30Z" end-time="2017-08-03 22:14:30Z" duration="0.006932" asserts="2" />
            <test-case id="0-1107" name="ApplyMoveAddsToAndFromSquaresToPendingUpdatesForBoard(3,3,1,1)" fullname="ChessWithTDD.Tests.MoveExecutorTests.ApplyMoveAddsToAndFromSquaresToPendingUpdatesForBoard(3,3,1,1)" methodname="ApplyMoveAddsToAndFromSquaresToPendingUpdatesForBoard" classname="ChessWithTDD.Tests.MoveExecutorTests" runstate="Runnable" seed="152339603" result="Passed" start-time="2017-08-03 22:14:30Z" end-time="2017-08-03 22:14:30Z" duration="0.002145" asserts="2" />
            <test-case id="0-1108" name="ApplyMoveAddsToAndFromSquaresToPendingUpdatesForBoard(1,3,1,5)" fullname="ChessWithTDD.Tests.MoveExecutorTests.ApplyMoveAddsToAndFromSquaresToPendingUpdatesForBoard(1,3,1,5)" methodname="ApplyMoveAddsToAndFromSquaresToPendingUpdatesForBoard" classname="ChessWithTDD.Tests.MoveExecutorTests" runstate="Runnable" seed="330606864" result="Passed" start-time="2017-08-03 22:14:30Z" end-time="2017-08-03 22:14:30Z" duration="0.002996" asserts="2" />
          </test-suite>
          <test-suite type="ParameterizedMethod" id="0-1105" name="ApplyMoveToBoardChangesBoardStateCorrectly" fullname="ChessWithTDD.Tests.MoveExecutorTests.ApplyMoveToBoardChangesBoardStateCorrectly" classname="ChessWithTDD.Tests.MoveExecutorTests" runstate="Runnable" testcasecount="3" result="Passed" start-time="2017-08-03 22:14:30Z" end-time="2017-08-03 22:14:30Z" duration="0.019059" total="3" passed="3" failed="0" warnings="0" inconclusive="0" skipped="0" asserts="9">
            <test-case id="0-1102" name="ApplyMoveToBoardChangesBoardStateCorrectly(2,4,6,7)" fullname="ChessWithTDD.Tests.MoveExecutorTests.ApplyMoveToBoardChangesBoardStateCorrectly(2,4,6,7)" methodname="ApplyMoveToBoardChangesBoardStateCorrectly" classname="ChessWithTDD.Tests.MoveExecutorTests" runstate="Runnable" seed="1152967545" result="Passed" start-time="2017-08-03 22:14:30Z" end-time="2017-08-03 22:14:30Z" duration="0.005988" asserts="3" />
            <test-case id="0-1103" name="ApplyMoveToBoardChangesBoardStateCorrectly(3,3,1,1)" fullname="ChessWithTDD.Tests.MoveExecutorTests.ApplyMoveToBoardChangesBoardStateCorrectly(3,3,1,1)" methodname="ApplyMoveToBoardChangesBoardStateCorrectly" classname="ChessWithTDD.Tests.MoveExecutorTests" runstate="Runnable" seed="1113931437" result="Passed" start-time="2017-08-03 22:14:30Z" end-time="2017-08-03 22:14:30Z" duration="0.002079" asserts="3" />
            <test-case id="0-1104" name="ApplyMoveToBoardChangesBoardStateCorrectly(1,3,1,5)" fullname="ChessWithTDD.Tests.MoveExecutorTests.ApplyMoveToBoardChangesBoardStateCorrectly(1,3,1,5)" methodname="ApplyMoveToBoardChangesBoardStateCorrectly" classname="ChessWithTDD.Tests.MoveExecutorTests" runstate="Runnable" seed="513116789" result="Passed" start-time="2017-08-03 22:14:30Z" end-time="2017-08-03 22:14:30Z" duration="0.002379" asserts="3" />
          </test-suite>
          <test-case id="0-1110" name="TestOrderingOfCallsInApplyMethod" fullname="ChessWithTDD.Tests.MoveExecutorTests.TestOrderingOfCallsInApplyMethod" methodname="TestOrderingOfCallsInApplyMethod" classname="ChessWithTDD.Tests.MoveExecutorTests" runstate="Runnable" seed="1809610158" result="Passed" start-time="2017-08-03 22:14:30Z" end-time="2017-08-03 22:14:30Z" duration="0.006833" asserts="4" />
          <test-case id="0-1096" name="WhenApplyMoveIsCalledAndFromSquareContainsAnyPieceDoNotCallPawnManager" fullname="ChessWithTDD.Tests.MoveExecutorTests.WhenApplyMoveIsCalledAndFromSquareContainsAnyPieceDoNotCallPawnManager" methodname="WhenApplyMoveIsCalledAndFromSquareContainsAnyPieceDoNotCallPawnManager" classname="ChessWithTDD.Tests.MoveExecutorTests" runstate="Runnable" seed="800252683" result="Passed" start-time="2017-08-03 22:14:30Z" end-time="2017-08-03 22:14:30Z" duration="0.004268" asserts="0" />
          <test-case id="0-1095" name="WhenApplyMoveIsCalledAndFromSquareContainsAPawnCallPawnManager" fullname="ChessWithTDD.Tests.MoveExecutorTests.WhenApplyMoveIsCalledAndFromSquareContainsAPawnCallPawnManager" methodname="WhenApplyMoveIsCalledAndFromSquareContainsAPawnCallPawnManager" classname="ChessWithTDD.Tests.MoveExecutorTests" runstate="Runnable" seed="73486505" result="Passed" start-time="2017-08-03 22:14:30Z" end-time="2017-08-03 22:14:30Z" duration="0.001859" asserts="0" />
          <test-case id="0-1100" name="WhenApplyMoveIsCalledBoardCacheUpdatesBlackKingSquareIfBlackKingInFromSquareIsCalled" fullname="ChessWithTDD.Tests.MoveExecutorTests.WhenApplyMoveIsCalledBoardCacheUpdatesBlackKingSquareIfBlackKingInFromSquareIsCalled" methodname="WhenApplyMoveIsCalledBoardCacheUpdatesBlackKingSquareIfBlackKingInFromSquareIsCalled" classname="ChessWithTDD.Tests.MoveExecutorTests" runstate="Runnable" seed="1243265713" result="Passed" start-time="2017-08-03 22:14:30Z" end-time="2017-08-03 22:14:30Z" duration="0.002236" asserts="1" />
          <test-case id="0-1101" name="WhenApplyMoveIsCalledBoardCacheUpdatesWhiteKingSquareIfWhiteKingInFromSquareIsCalled" fullname="ChessWithTDD.Tests.MoveExecutorTests.WhenApplyMoveIsCalledBoardCacheUpdatesWhiteKingSquareIfWhiteKingInFromSquareIsCalled" methodname="WhenApplyMoveIsCalledBoardCacheUpdatesWhiteKingSquareIfWhiteKingInFromSquareIsCalled" classname="ChessWithTDD.Tests.MoveExecutorTests" runstate="Runnable" seed="303865563" result="Passed" start-time="2017-08-03 22:14:30Z" end-time="2017-08-03 22:14:30Z" duration="0.002243" asserts="1" />
          <test-case id="0-1097" name="WhenApplyMoveIsCalledUnmarkEnPassantSquaresIsCalledWithTurnCounter" fullname="ChessWithTDD.Tests.MoveExecutorTests.WhenApplyMoveIsCalledUnmarkEnPassantSquaresIsCalledWithTurnCounter" methodname="WhenApplyMoveIsCalledUnmarkEnPassantSquaresIsCalledWithTurnCounter" classname="ChessWithTDD.Tests.MoveExecutorTests" runstate="Runnable" seed="2112732763" result="Passed" start-time="2017-08-03 22:14:30Z" end-time="2017-08-03 22:14:30Z" duration="0.001902" asserts="0" />
          <test-case id="0-1098" name="WhenApplyMoveIsCalledUpdateBoardCacheIsCalled" fullname="ChessWithTDD.Tests.MoveExecutorTests.WhenApplyMoveIsCalledUpdateBoardCacheIsCalled" methodname="WhenApplyMoveIsCalledUpdateBoardCacheIsCalled" classname="ChessWithTDD.Tests.MoveExecutorTests" runstate="Runnable" seed="225052789" result="Passed" start-time="2017-08-03 22:14:30Z" end-time="2017-08-03 22:14:30Z" duration="0.001487" asserts="0" />
          <test-case id="0-1099" name="WhenApplyMoveIsCalledUpdateCheckStatesIsCalled" fullname="ChessWithTDD.Tests.MoveExecutorTests.WhenApplyMoveIsCalledUpdateCheckStatesIsCalled" methodname="WhenApplyMoveIsCalledUpdateCheckStatesIsCalled" classname="ChessWithTDD.Tests.MoveExecutorTests" runstate="Runnable" seed="1406245724" result="Passed" start-time="2017-08-03 22:14:30Z" end-time="2017-08-03 22:14:30Z" duration="0.002779" asserts="0" />
        </test-suite>
        <test-suite type="TestFixture" id="0-1568" name="MoveGenerationDataTests" fullname="ChessWithTDD.Tests.MoveGenerationDataTests" classname="ChessWithTDD.Tests.MoveGenerationDataTests" runstate="Runnable" testcasecount="8" result="Passed" start-time="2017-08-03 22:14:30Z" end-time="2017-08-03 22:14:30Z" duration="0.035465" total="8" passed="8" failed="0" warnings="0" inconclusive="0" skipped="0" asserts="48">
          <test-suite type="ParameterizedMethod" id="0-1573" name="NonTrivialConstructorTest" fullname="ChessWithTDD.Tests.MoveGenerationDataTests.NonTrivialConstructorTest" classname="ChessWithTDD.Tests.MoveGenerationDataTests" runstate="Runnable" testcasecount="4" result="Passed" start-time="2017-08-03 22:14:30Z" end-time="2017-08-03 22:14:30Z" duration="0.016011" total="4" passed="4" failed="0" warnings="0" inconclusive="0" skipped="0" asserts="24">
            <test-case id="0-1569" name="NonTrivialConstructorTest(1,2,3,4,False,False,False)" fullname="ChessWithTDD.Tests.MoveGenerationDataTests.NonTrivialConstructorTest(1,2,3,4,False,False,False)" methodname="NonTrivialConstructorTest" classname="ChessWithTDD.Tests.MoveGenerationDataTests" runstate="Runnable" seed="1795713528" result="Passed" start-time="2017-08-03 22:14:30Z" end-time="2017-08-03 22:14:30Z" duration="0.001959" asserts="6" />
            <test-case id="0-1570" name="NonTrivialConstructorTest(5,6,7,8,False,True,True)" fullname="ChessWithTDD.Tests.MoveGenerationDataTests.NonTrivialConstructorTest(5,6,7,8,False,True,True)" methodname="NonTrivialConstructorTest" classname="ChessWithTDD.Tests.MoveGenerationDataTests" runstate="Runnable" seed="457519745" result="Passed" start-time="2017-08-03 22:14:30Z" end-time="2017-08-03 22:14:30Z" duration="0.000797" asserts="6" />
            <test-case id="0-1571" name="NonTrivialConstructorTest(2,3,4,5,True,False,False)" fullname="ChessWithTDD.Tests.MoveGenerationDataTests.NonTrivialConstructorTest(2,3,4,5,True,False,False)" methodname="NonTrivialConstructorTest" classname="ChessWithTDD.Tests.MoveGenerationDataTests" runstate="Runnable" seed="239925938" result="Passed" start-time="2017-08-03 22:14:30Z" end-time="2017-08-03 22:14:30Z" duration="0.000768" asserts="6" />
            <test-case id="0-1572" name="NonTrivialConstructorTest(0,0,0,0,True,True,True)" fullname="ChessWithTDD.Tests.MoveGenerationDataTests.NonTrivialConstructorTest(0,0,0,0,True,True,True)" methodname="NonTrivialConstructorTest" classname="ChessWithTDD.Tests.MoveGenerationDataTests" runstate="Runnable" seed="837407929" result="Passed" start-time="2017-08-03 22:14:30Z" end-time="2017-08-03 22:14:30Z" duration="0.000870" asserts="6" />
          </test-suite>
          <test-suite type="ParameterizedMethod" id="0-1578" name="SimpleConstructorTest" fullname="ChessWithTDD.Tests.MoveGenerationDataTests.SimpleConstructorTest" classname="ChessWithTDD.Tests.MoveGenerationDataTests" runstate="Runnable" testcasecount="4" result="Passed" start-time="2017-08-03 22:14:30Z" end-time="2017-08-03 22:14:30Z" duration="0.013015" total="4" passed="4" failed="0" warnings="0" inconclusive="0" skipped="0" asserts="24">
            <test-case id="0-1574" name="SimpleConstructorTest(1,2,3,4,False,False,False)" fullname="ChessWithTDD.Tests.MoveGenerationDataTests.SimpleConstructorTest(1,2,3,4,False,False,False)" methodname="SimpleConstructorTest" classname="ChessWithTDD.Tests.MoveGenerationDataTests" runstate="Runnable" seed="720442770" result="Passed" start-time="2017-08-03 22:14:30Z" end-time="2017-08-03 22:14:30Z" duration="0.000659" asserts="6" />
            <test-case id="0-1575" name="SimpleConstructorTest(5,6,7,8,False,True,True)" fullname="ChessWithTDD.Tests.MoveGenerationDataTests.SimpleConstructorTest(5,6,7,8,False,True,True)" methodname="SimpleConstructorTest" classname="ChessWithTDD.Tests.MoveGenerationDataTests" runstate="Runnable" seed="1163462711" result="Passed" start-time="2017-08-03 22:14:30Z" end-time="2017-08-03 22:14:30Z" duration="0.000192" asserts="6" />
            <test-case id="0-1576" name="SimpleConstructorTest(2,3,4,5,True,False,False)" fullname="ChessWithTDD.Tests.MoveGenerationDataTests.SimpleConstructorTest(2,3,4,5,True,False,False)" methodname="SimpleConstructorTest" classname="ChessWithTDD.Tests.MoveGenerationDataTests" runstate="Runnable" seed="1372868719" result="Passed" start-time="2017-08-03 22:14:30Z" end-time="2017-08-03 22:14:30Z" duration="0.000143" asserts="6" />
            <test-case id="0-1577" name="SimpleConstructorTest(0,0,0,0,True,True,True)" fullname="ChessWithTDD.Tests.MoveGenerationDataTests.SimpleConstructorTest(0,0,0,0,True,True,True)" methodname="SimpleConstructorTest" classname="ChessWithTDD.Tests.MoveGenerationDataTests" runstate="Runnable" seed="676853278" result="Passed" start-time="2017-08-03 22:14:30Z" end-time="2017-08-03 22:14:30Z" duration="0.000156" asserts="6" />
          </test-suite>
        </test-suite>
        <test-suite type="TestFixture" id="0-1199" name="MoveIntoCheckValidatorTests" fullname="ChessWithTDD.Tests.MoveIntoCheckValidatorTests" classname="ChessWithTDD.Tests.MoveIntoCheckValidatorTests" runstate="Runnable" testcasecount="0" result="Passed" start-time="2017-08-03 22:14:30Z" end-time="2017-08-03 22:14:30Z" duration="0.000063" total="0" passed="0" failed="0" warnings="0" inconclusive="0" skipped="0" asserts="0" />
        <test-suite type="TestFixture" id="0-1924" name="MoveTests" fullname="ChessWithTDD.Tests.MoveTests" classname="ChessWithTDD.Tests.MoveTests" runstate="Runnable" testcasecount="15" result="Passed" start-time="2017-08-03 22:14:30Z" end-time="2017-08-03 22:14:30Z" duration="0.063999" total="15" passed="15" failed="0" warnings="0" inconclusive="0" skipped="0" asserts="15">
          <test-suite type="ParameterizedMethod" id="0-1926" name="MoveIntialisesWithFromSquareAndToSquareCorrectly" fullname="ChessWithTDD.Tests.MoveTests.MoveIntialisesWithFromSquareAndToSquareCorrectly" classname="ChessWithTDD.Tests.MoveTests" runstate="Runnable" testcasecount="1" result="Passed" start-time="2017-08-03 22:14:30Z" end-time="2017-08-03 22:14:30Z" duration="0.003048" total="1" passed="1" failed="0" warnings="0" inconclusive="0" skipped="0" asserts="1">
            <test-case id="0-1925" name="MoveIntialisesWithFromSquareAndToSquareCorrectly(1,2,3,4)" fullname="ChessWithTDD.Tests.MoveTests.MoveIntialisesWithFromSquareAndToSquareCorrectly(1,2,3,4)" methodname="MoveIntialisesWithFromSquareAndToSquareCorrectly" classname="ChessWithTDD.Tests.MoveTests" runstate="Runnable" seed="1167475444" result="Passed" start-time="2017-08-03 22:14:30Z" end-time="2017-08-03 22:14:30Z" duration="0.000343" asserts="1" />
          </test-suite>
          <test-suite type="ParameterizedMethod" id="0-1934" name="MoveObjectEqualsOverrideReturnsFalse" fullname="ChessWithTDD.Tests.MoveTests.MoveObjectEqualsOverrideReturnsFalse" classname="ChessWithTDD.Tests.MoveTests" runstate="Runnable" testcasecount="4" result="Passed" start-time="2017-08-03 22:14:30Z" end-time="2017-08-03 22:14:30Z" duration="0.012626" total="4" passed="4" failed="0" warnings="0" inconclusive="0" skipped="0" asserts="4">
            <test-case id="0-1930" name="MoveObjectEqualsOverrideReturnsFalse(1,2,3,5)" fullname="ChessWithTDD.Tests.MoveTests.MoveObjectEqualsOverrideReturnsFalse(1,2,3,5)" methodname="MoveObjectEqualsOverrideReturnsFalse" classname="ChessWithTDD.Tests.MoveTests" runstate="Runnable" seed="1358956093" result="Passed" start-time="2017-08-03 22:14:30Z" end-time="2017-08-03 22:14:30Z" duration="0.000321" asserts="1" />
            <test-case id="0-1931" name="MoveObjectEqualsOverrideReturnsFalse(1,2,4,4)" fullname="ChessWithTDD.Tests.MoveTests.MoveObjectEqualsOverrideReturnsFalse(1,2,4,4)" methodname="MoveObjectEqualsOverrideReturnsFalse" classname="ChessWithTDD.Tests.MoveTests" runstate="Runnable" seed="261515015" result="Passed" start-time="2017-08-03 22:14:30Z" end-time="2017-08-03 22:14:30Z" duration="0.000073" asserts="1" />
            <test-case id="0-1932" name="MoveObjectEqualsOverrideReturnsFalse(1,3,3,4)" fullname="ChessWithTDD.Tests.MoveTests.MoveObjectEqualsOverrideReturnsFalse(1,3,3,4)" methodname="MoveObjectEqualsOverrideReturnsFalse" classname="ChessWithTDD.Tests.MoveTests" runstate="Runnable" seed="1806961644" result="Passed" start-time="2017-08-03 22:14:30Z" end-time="2017-08-03 22:14:30Z" duration="0.000080" asserts="1" />
            <test-case id="0-1933" name="MoveObjectEqualsOverrideReturnsFalse(2,2,3,4)" fullname="ChessWithTDD.Tests.MoveTests.MoveObjectEqualsOverrideReturnsFalse(2,2,3,4)" methodname="MoveObjectEqualsOverrideReturnsFalse" classname="ChessWithTDD.Tests.MoveTests" runstate="Runnable" seed="1511669579" result="Passed" start-time="2017-08-03 22:14:30Z" end-time="2017-08-03 22:14:30Z" duration="0.000080" asserts="1" />
          </test-suite>
          <test-case id="0-1935" name="MoveObjectEqualsOverrideReturnsFalseForOtherObject" fullname="ChessWithTDD.Tests.MoveTests.MoveObjectEqualsOverrideReturnsFalseForOtherObject" methodname="MoveObjectEqualsOverrideReturnsFalseForOtherObject" classname="ChessWithTDD.Tests.MoveTests" runstate="Runnable" seed="1770796025" result="Passed" start-time="2017-08-03 22:14:30Z" end-time="2017-08-03 22:14:30Z" duration="0.000313" asserts="1" />
          <test-suite type="ParameterizedMethod" id="0-1929" name="MoveObjectEqualsOverrideReturnsTrue" fullname="ChessWithTDD.Tests.MoveTests.MoveObjectEqualsOverrideReturnsTrue" classname="ChessWithTDD.Tests.MoveTests" runstate="Runnable" testcasecount="2" result="Passed" start-time="2017-08-03 22:14:30Z" end-time="2017-08-03 22:14:30Z" duration="0.006512" total="2" passed="2" failed="0" warnings="0" inconclusive="0" skipped="0" asserts="2">
            <test-case id="0-1927" name="MoveObjectEqualsOverrideReturnsTrue(1,2,3,4)" fullname="ChessWithTDD.Tests.MoveTests.MoveObjectEqualsOverrideReturnsTrue(1,2,3,4)" methodname="MoveObjectEqualsOverrideReturnsTrue" classname="ChessWithTDD.Tests.MoveTests" runstate="Runnable" seed="2049571833" result="Passed" start-time="2017-08-03 22:14:30Z" end-time="2017-08-03 22:14:30Z" duration="0.000297" asserts="1" />
            <test-case id="0-1928" name="MoveObjectEqualsOverrideReturnsTrue(5,5,-5,5)" fullname="ChessWithTDD.Tests.MoveTests.MoveObjectEqualsOverrideReturnsTrue(5,5,-5,5)" methodname="MoveObjectEqualsOverrideReturnsTrue" classname="ChessWithTDD.Tests.MoveTests" runstate="Runnable" seed="2135895489" result="Passed" start-time="2017-08-03 22:14:30Z" end-time="2017-08-03 22:14:30Z" duration="0.000078" asserts="1" />
          </test-suite>
          <test-suite type="ParameterizedMethod" id="0-1943" name="MoveObjectGetHashCodeOverrideReturnsFalse" fullname="ChessWithTDD.Tests.MoveTests.MoveObjectGetHashCodeOverrideReturnsFalse" classname="ChessWithTDD.Tests.MoveTests" runstate="Runnable" testcasecount="4" result="Passed" start-time="2017-08-03 22:14:30Z" end-time="2017-08-03 22:14:30Z" duration="0.013512" total="4" passed="4" failed="0" warnings="0" inconclusive="0" skipped="0" asserts="4">
            <test-case id="0-1939" name="MoveObjectGetHashCodeOverrideReturnsFalse(1,2,3,5)" fullname="ChessWithTDD.Tests.MoveTests.MoveObjectGetHashCodeOverrideReturnsFalse(1,2,3,5)" methodname="MoveObjectGetHashCodeOverrideReturnsFalse" classname="ChessWithTDD.Tests.MoveTests" runstate="Runnable" seed="1333089465" result="Passed" start-time="2017-08-03 22:14:30Z" end-time="2017-08-03 22:14:30Z" duration="0.001294" asserts="1" />
            <test-case id="0-1940" name="MoveObjectGetHashCodeOverrideReturnsFalse(1,2,4,4)" fullname="ChessWithTDD.Tests.MoveTests.MoveObjectGetHashCodeOverrideReturnsFalse(1,2,4,4)" methodname="MoveObjectGetHashCodeOverrideReturnsFalse" classname="ChessWithTDD.Tests.MoveTests" runstate="Runnable" seed="760017391" result="Passed" start-time="2017-08-03 22:14:30Z" end-time="2017-08-03 22:14:30Z" duration="0.000086" asserts="1" />
            <test-case id="0-1941" name="MoveObjectGetHashCodeOverrideReturnsFalse(1,3,3,4)" fullname="ChessWithTDD.Tests.MoveTests.MoveObjectGetHashCodeOverrideReturnsFalse(1,3,3,4)" methodname="MoveObjectGetHashCodeOverrideReturnsFalse" classname="ChessWithTDD.Tests.MoveTests" runstate="Runnable" seed="1768202287" result="Passed" start-time="2017-08-03 22:14:30Z" end-time="2017-08-03 22:14:30Z" duration="0.000077" asserts="1" />
            <test-case id="0-1942" name="MoveObjectGetHashCodeOverrideReturnsFalse(2,2,3,4)" fullname="ChessWithTDD.Tests.MoveTests.MoveObjectGetHashCodeOverrideReturnsFalse(2,2,3,4)" methodname="MoveObjectGetHashCodeOverrideReturnsFalse" classname="ChessWithTDD.Tests.MoveTests" runstate="Runnable" seed="965223544" result="Passed" start-time="2017-08-03 22:14:30Z" end-time="2017-08-03 22:14:30Z" duration="0.000111" asserts="1" />
          </test-suite>
          <test-case id="0-1944" name="MoveObjectGetHashCodeOverrideReturnsFalseForOtherObject" fullname="ChessWithTDD.Tests.MoveTests.MoveObjectGetHashCodeOverrideReturnsFalseForOtherObject" methodname="MoveObjectGetHashCodeOverrideReturnsFalseForOtherObject" classname="ChessWithTDD.Tests.MoveTests" runstate="Runnable" seed="1763421458" result="Passed" start-time="2017-08-03 22:14:30Z" end-time="2017-08-03 22:14:30Z" duration="0.000337" asserts="1" />
          <test-suite type="ParameterizedMethod" id="0-1938" name="MoveObjectGetHashCodeOverrideReturnsTrue" fullname="ChessWithTDD.Tests.MoveTests.MoveObjectGetHashCodeOverrideReturnsTrue" classname="ChessWithTDD.Tests.MoveTests" runstate="Runnable" testcasecount="2" result="Passed" start-time="2017-08-03 22:14:30Z" end-time="2017-08-03 22:14:30Z" duration="0.006024" total="2" passed="2" failed="0" warnings="0" inconclusive="0" skipped="0" asserts="2">
            <test-case id="0-1936" name="MoveObjectGetHashCodeOverrideReturnsTrue(1,2,3,4)" fullname="ChessWithTDD.Tests.MoveTests.MoveObjectGetHashCodeOverrideReturnsTrue(1,2,3,4)" methodname="MoveObjectGetHashCodeOverrideReturnsTrue" classname="ChessWithTDD.Tests.MoveTests" runstate="Runnable" seed="74777283" result="Passed" start-time="2017-08-03 22:14:30Z" end-time="2017-08-03 22:14:30Z" duration="0.000371" asserts="1" />
            <test-case id="0-1937" name="MoveObjectGetHashCodeOverrideReturnsTrue(5,5,-5,5)" fullname="ChessWithTDD.Tests.MoveTests.MoveObjectGetHashCodeOverrideReturnsTrue(5,5,-5,5)" methodname="MoveObjectGetHashCodeOverrideReturnsTrue" classname="ChessWithTDD.Tests.MoveTests" runstate="Runnable" seed="27805502" result="Passed" start-time="2017-08-03 22:14:30Z" end-time="2017-08-03 22:14:30Z" duration="0.000088" asserts="1" />
          </test-suite>
        </test-suite>
        <test-suite type="TestFixture" id="0-1200" name="MoveValidatorTests" fullname="ChessWithTDD.Tests.MoveValidatorTests" classname="ChessWithTDD.Tests.MoveValidatorTests" runstate="Runnable" testcasecount="3" result="Passed" start-time="2017-08-03 22:14:30Z" end-time="2017-08-03 22:14:30Z" duration="0.036521" total="3" passed="3" failed="0" warnings="0" inconclusive="0" skipped="0" asserts="3">
          <test-case id="0-1202" name="MoveIsValidReturnsFalseIfJustGenericMoveValidationFails" fullname="ChessWithTDD.Tests.MoveValidatorTests.MoveIsValidReturnsFalseIfJustGenericMoveValidationFails" methodname="MoveIsValidReturnsFalseIfJustGenericMoveValidationFails" classname="ChessWithTDD.Tests.MoveValidatorTests" runstate="Runnable" seed="390844312" result="Passed" start-time="2017-08-03 22:14:30Z" end-time="2017-08-03 22:14:30Z" duration="0.025092" asserts="1" />
          <test-case id="0-1203" name="MoveIsValidReturnsFalseIfJustMultiSquareValidationFails" fullname="ChessWithTDD.Tests.MoveValidatorTests.MoveIsValidReturnsFalseIfJustMultiSquareValidationFails" methodname="MoveIsValidReturnsFalseIfJustMultiSquareValidationFails" classname="ChessWithTDD.Tests.MoveValidatorTests" runstate="Runnable" seed="624711713" result="Passed" start-time="2017-08-03 22:14:30Z" end-time="2017-08-03 22:14:30Z" duration="0.001268" asserts="1" />
          <test-case id="0-1201" name="MoveIsValidReturnsTrueIfAllValidationPasses" fullname="ChessWithTDD.Tests.MoveValidatorTests.MoveIsValidReturnsTrueIfAllValidationPasses" methodname="MoveIsValidReturnsTrueIfAllValidationPasses" classname="ChessWithTDD.Tests.MoveValidatorTests" runstate="Runnable" seed="545237681" result="Passed" start-time="2017-08-03 22:14:30Z" end-time="2017-08-03 22:14:30Z" duration="0.001305" asserts="1" />
        </test-suite>
        <test-suite type="TestFixture" id="0-1204" name="MultiSquareMoveValidatorTests" fullname="ChessWithTDD.Tests.MultiSquareMoveValidatorTests" classname="ChessWithTDD.Tests.MultiSquareMoveValidatorTests" runstate="Runnable" testcasecount="18" result="Passed" start-time="2017-08-03 22:14:30Z" end-time="2017-08-03 22:14:30Z" duration="0.244033" total="18" passed="18" failed="0" warnings="0" inconclusive="0" skipped="0" asserts="18">
          <test-suite type="ParameterizedMethod" id="0-1229" name="MoveAdjacentReturnsTrue" fullname="ChessWithTDD.Tests.MultiSquareMoveValidatorTests.MoveAdjacentReturnsTrue" classname="ChessWithTDD.Tests.MultiSquareMoveValidatorTests" runstate="Runnable" testcasecount="2" result="Passed" start-time="2017-08-03 22:14:30Z" end-time="2017-08-03 22:14:30Z" duration="0.023109" total="2" passed="2" failed="0" warnings="0" inconclusive="0" skipped="0" asserts="2">
            <test-case id="0-1227" name="MoveAdjacentReturnsTrue(5,2,5,3)" fullname="ChessWithTDD.Tests.MultiSquareMoveValidatorTests.MoveAdjacentReturnsTrue(5,2,5,3)" methodname="MoveAdjacentReturnsTrue" classname="ChessWithTDD.Tests.MultiSquareMoveValidatorTests" runstate="Runnable" seed="133544103" result="Passed" start-time="2017-08-03 22:14:30Z" end-time="2017-08-03 22:14:30Z" duration="0.009464" asserts="1" />
            <test-case id="0-1228" name="MoveAdjacentReturnsTrue(5,2,4,2)" fullname="ChessWithTDD.Tests.MultiSquareMoveValidatorTests.MoveAdjacentReturnsTrue(5,2,4,2)" methodname="MoveAdjacentReturnsTrue" classname="ChessWithTDD.Tests.MultiSquareMoveValidatorTests" runstate="Runnable" seed="415524940" result="Passed" start-time="2017-08-03 22:14:30Z" end-time="2017-08-03 22:14:30Z" duration="0.007428" asserts="1" />
          </test-suite>
          <test-suite type="ParameterizedMethod" id="0-1234" name="MoveMultipleSquaresDiagonallyIsValidIfThereAreNoObstructionsAndCanMoveOfPieceIsTrue" fullname="ChessWithTDD.Tests.MultiSquareMoveValidatorTests.MoveMultipleSquaresDiagonallyIsValidIfThereAreNoObstructionsAndCanMoveOfPieceIsTrue" classname="ChessWithTDD.Tests.MultiSquareMoveValidatorTests" runstate="Runnable" testcasecount="4" result="Passed" start-time="2017-08-03 22:14:30Z" end-time="2017-08-03 22:14:30Z" duration="0.048993" total="4" passed="4" failed="0" warnings="0" inconclusive="0" skipped="0" asserts="4">
            <test-case id="0-1230" name="MoveMultipleSquaresDiagonallyIsValidIfThereAreNoObstructionsAndCanMoveOfPieceIsTrue(2,5,5,2)" fullname="ChessWithTDD.Tests.MultiSquareMoveValidatorTests.MoveMultipleSquaresDiagonallyIsValidIfThereAreNoObstructionsAndCanMoveOfPieceIsTrue(2,5,5,2)" methodname="MoveMultipleSquaresDiagonallyIsValidIfThereAreNoObstructionsAndCanMoveOfPieceIsTrue" classname="ChessWithTDD.Tests.MultiSquareMoveValidatorTests" runstate="Runnable" seed="1263322249" result="Passed" start-time="2017-08-03 22:14:30Z" end-time="2017-08-03 22:14:30Z" duration="0.010774" asserts="1" />
            <test-case id="0-1231" name="MoveMultipleSquaresDiagonallyIsValidIfThereAreNoObstructionsAndCanMoveOfPieceIsTrue(2,3,5,6)" fullname="ChessWithTDD.Tests.MultiSquareMoveValidatorTests.MoveMultipleSquaresDiagonallyIsValidIfThereAreNoObstructionsAndCanMoveOfPieceIsTrue(2,3,5,6)" methodname="MoveMultipleSquaresDiagonallyIsValidIfThereAreNoObstructionsAndCanMoveOfPieceIsTrue" classname="ChessWithTDD.Tests.MultiSquareMoveValidatorTests" runstate="Runnable" seed="458001964" result="Passed" start-time="2017-08-03 22:14:30Z" end-time="2017-08-03 22:14:30Z" duration="0.008120" asserts="1" />
            <test-case id="0-1232" name="MoveMultipleSquaresDiagonallyIsValidIfThereAreNoObstructionsAndCanMoveOfPieceIsTrue(5,5,2,2)" fullname="ChessWithTDD.Tests.MultiSquareMoveValidatorTests.MoveMultipleSquaresDiagonallyIsValidIfThereAreNoObstructionsAndCanMoveOfPieceIsTrue(5,5,2,2)" methodname="MoveMultipleSquaresDiagonallyIsValidIfThereAreNoObstructionsAndCanMoveOfPieceIsTrue" classname="ChessWithTDD.Tests.MultiSquareMoveValidatorTests" runstate="Runnable" seed="1315049905" result="Passed" start-time="2017-08-03 22:14:30Z" end-time="2017-08-03 22:14:30Z" duration="0.008502" asserts="1" />
            <test-case id="0-1233" name="MoveMultipleSquaresDiagonallyIsValidIfThereAreNoObstructionsAndCanMoveOfPieceIsTrue(5,2,2,5)" fullname="ChessWithTDD.Tests.MultiSquareMoveValidatorTests.MoveMultipleSquaresDiagonallyIsValidIfThereAreNoObstructionsAndCanMoveOfPieceIsTrue(5,2,2,5)" methodname="MoveMultipleSquaresDiagonallyIsValidIfThereAreNoObstructionsAndCanMoveOfPieceIsTrue" classname="ChessWithTDD.Tests.MultiSquareMoveValidatorTests" runstate="Runnable" seed="1970048808" result="Passed" start-time="2017-08-03 22:14:30Z" end-time="2017-08-03 22:14:30Z" duration="0.008223" asserts="1" />
          </test-suite>
          <test-suite type="ParameterizedMethod" id="0-1211" name="MoveMultipleSquaresHorizontallyIsValidIfThereAreNoObstructions" fullname="ChessWithTDD.Tests.MultiSquareMoveValidatorTests.MoveMultipleSquaresHorizontallyIsValidIfThereAreNoObstructions" classname="ChessWithTDD.Tests.MultiSquareMoveValidatorTests" runstate="Runnable" testcasecount="2" result="Passed" start-time="2017-08-03 22:14:30Z" end-time="2017-08-03 22:14:30Z" duration="0.022965" total="2" passed="2" failed="0" warnings="0" inconclusive="0" skipped="0" asserts="2">
            <test-case id="0-1209" name="MoveMultipleSquaresHorizontallyIsValidIfThereAreNoObstructions(2,6,2,0)" fullname="ChessWithTDD.Tests.MultiSquareMoveValidatorTests.MoveMultipleSquaresHorizontallyIsValidIfThereAreNoObstructions(2,6,2,0)" methodname="MoveMultipleSquaresHorizontallyIsValidIfThereAreNoObstructions" classname="ChessWithTDD.Tests.MultiSquareMoveValidatorTests" runstate="Runnable" seed="357185818" result="Passed" start-time="2017-08-03 22:14:30Z" end-time="2017-08-03 22:14:30Z" duration="0.009690" asserts="1" />
            <test-case id="0-1210" name="MoveMultipleSquaresHorizontallyIsValidIfThereAreNoObstructions(2,2,2,7)" fullname="ChessWithTDD.Tests.MultiSquareMoveValidatorTests.MoveMultipleSquaresHorizontallyIsValidIfThereAreNoObstructions(2,2,2,7)" methodname="MoveMultipleSquaresHorizontallyIsValidIfThereAreNoObstructions" classname="ChessWithTDD.Tests.MultiSquareMoveValidatorTests" runstate="Runnable" seed="1242377840" result="Passed" start-time="2017-08-03 22:14:30Z" end-time="2017-08-03 22:14:30Z" duration="0.007833" asserts="1" />
          </test-suite>
          <test-suite type="ParameterizedMethod" id="0-1208" name="MoveMultipleSquaresHorizontallyLeftIsNotValidIfThereAreObstructions" fullname="ChessWithTDD.Tests.MultiSquareMoveValidatorTests.MoveMultipleSquaresHorizontallyLeftIsNotValidIfThereAreObstructions" classname="ChessWithTDD.Tests.MultiSquareMoveValidatorTests" runstate="Runnable" testcasecount="1" result="Passed" start-time="2017-08-03 22:14:30Z" end-time="2017-08-03 22:14:30Z" duration="0.011553" total="1" passed="1" failed="0" warnings="0" inconclusive="0" skipped="0" asserts="1">
            <test-case id="0-1207" name="MoveMultipleSquaresHorizontallyLeftIsNotValidIfThereAreObstructions(3,6,3,0)" fullname="ChessWithTDD.Tests.MultiSquareMoveValidatorTests.MoveMultipleSquaresHorizontallyLeftIsNotValidIfThereAreObstructions(3,6,3,0)" methodname="MoveMultipleSquaresHorizontallyLeftIsNotValidIfThereAreObstructions" classname="ChessWithTDD.Tests.MultiSquareMoveValidatorTests" runstate="Runnable" seed="607975507" result="Passed" start-time="2017-08-03 22:14:30Z" end-time="2017-08-03 22:14:30Z" duration="0.008412" asserts="1" />
          </test-suite>
          <test-suite type="ParameterizedMethod" id="0-1206" name="MoveMultipleSquaresHorizontallyRightIsNotValidIfThereAreObstructions" fullname="ChessWithTDD.Tests.MultiSquareMoveValidatorTests.MoveMultipleSquaresHorizontallyRightIsNotValidIfThereAreObstructions" classname="ChessWithTDD.Tests.MultiSquareMoveValidatorTests" runstate="Runnable" testcasecount="1" result="Passed" start-time="2017-08-03 22:14:30Z" end-time="2017-08-03 22:14:30Z" duration="0.010575" total="1" passed="1" failed="0" warnings="0" inconclusive="0" skipped="0" asserts="1">
            <test-case id="0-1205" name="MoveMultipleSquaresHorizontallyRightIsNotValidIfThereAreObstructions(3,2,3,7)" fullname="ChessWithTDD.Tests.MultiSquareMoveValidatorTests.MoveMultipleSquaresHorizontallyRightIsNotValidIfThereAreObstructions(3,2,3,7)" methodname="MoveMultipleSquaresHorizontallyRightIsNotValidIfThereAreObstructions" classname="ChessWithTDD.Tests.MultiSquareMoveValidatorTests" runstate="Runnable" seed="1186305098" result="Passed" start-time="2017-08-03 22:14:30Z" end-time="2017-08-03 22:14:30Z" duration="0.007662" asserts="1" />
          </test-suite>
          <test-suite type="ParameterizedMethod" id="0-1222" name="MoveMultipleSquaresNorthEastIsNotValidIfThereAreObstructions" fullname="ChessWithTDD.Tests.MultiSquareMoveValidatorTests.MoveMultipleSquaresNorthEastIsNotValidIfThereAreObstructions" classname="ChessWithTDD.Tests.MultiSquareMoveValidatorTests" runstate="Runnable" testcasecount="1" result="Passed" start-time="2017-08-03 22:14:30Z" end-time="2017-08-03 22:14:30Z" duration="0.011050" total="1" passed="1" failed="0" warnings="0" inconclusive="0" skipped="0" asserts="1">
            <test-case id="0-1221" name="MoveMultipleSquaresNorthEastIsNotValidIfThereAreObstructions(2,3,5,6)" fullname="ChessWithTDD.Tests.MultiSquareMoveValidatorTests.MoveMultipleSquaresNorthEastIsNotValidIfThereAreObstructions(2,3,5,6)" methodname="MoveMultipleSquaresNorthEastIsNotValidIfThereAreObstructions" classname="ChessWithTDD.Tests.MultiSquareMoveValidatorTests" runstate="Runnable" seed="1298141509" result="Passed" start-time="2017-08-03 22:14:30Z" end-time="2017-08-03 22:14:30Z" duration="0.007996" asserts="1" />
          </test-suite>
          <test-suite type="ParameterizedMethod" id="0-1220" name="MoveMultipleSquaresNorthWestIsNotValidIfThereAreObstructions" fullname="ChessWithTDD.Tests.MultiSquareMoveValidatorTests.MoveMultipleSquaresNorthWestIsNotValidIfThereAreObstructions" classname="ChessWithTDD.Tests.MultiSquareMoveValidatorTests" runstate="Runnable" testcasecount="1" result="Passed" start-time="2017-08-03 22:14:30Z" end-time="2017-08-03 22:14:30Z" duration="0.010497" total="1" passed="1" failed="0" warnings="0" inconclusive="0" skipped="0" asserts="1">
            <test-case id="0-1219" name="MoveMultipleSquaresNorthWestIsNotValidIfThereAreObstructions(2,5,5,2)" fullname="ChessWithTDD.Tests.MultiSquareMoveValidatorTests.MoveMultipleSquaresNorthWestIsNotValidIfThereAreObstructions(2,5,5,2)" methodname="MoveMultipleSquaresNorthWestIsNotValidIfThereAreObstructions" classname="ChessWithTDD.Tests.MultiSquareMoveValidatorTests" runstate="Runnable" seed="1038867238" result="Passed" start-time="2017-08-03 22:14:30Z" end-time="2017-08-03 22:14:30Z" duration="0.007558" asserts="1" />
          </test-suite>
          <test-suite type="ParameterizedMethod" id="0-1226" name="MoveMultipleSquaresSouthEastIsNotValidIfThereAreObstructions" fullname="ChessWithTDD.Tests.MultiSquareMoveValidatorTests.MoveMultipleSquaresSouthEastIsNotValidIfThereAreObstructions" classname="ChessWithTDD.Tests.MultiSquareMoveValidatorTests" runstate="Runnable" testcasecount="1" result="Passed" start-time="2017-08-03 22:14:30Z" end-time="2017-08-03 22:14:30Z" duration="0.011048" total="1" passed="1" failed="0" warnings="0" inconclusive="0" skipped="0" asserts="1">
            <test-case id="0-1225" name="MoveMultipleSquaresSouthEastIsNotValidIfThereAreObstructions(5,2,2,5)" fullname="ChessWithTDD.Tests.MultiSquareMoveValidatorTests.MoveMultipleSquaresSouthEastIsNotValidIfThereAreObstructions(5,2,2,5)" methodname="MoveMultipleSquaresSouthEastIsNotValidIfThereAreObstructions" classname="ChessWithTDD.Tests.MultiSquareMoveValidatorTests" runstate="Runnable" seed="409487984" result="Passed" start-time="2017-08-03 22:14:30Z" end-time="2017-08-03 22:14:30Z" duration="0.008206" asserts="1" />
          </test-suite>
          <test-suite type="ParameterizedMethod" id="0-1224" name="MoveMultipleSquaresSouthhWestIsNotValidIfThereAreObstructions" fullname="ChessWithTDD.Tests.MultiSquareMoveValidatorTests.MoveMultipleSquaresSouthhWestIsNotValidIfThereAreObstructions" classname="ChessWithTDD.Tests.MultiSquareMoveValidatorTests" runstate="Runnable" testcasecount="1" result="Passed" start-time="2017-08-03 22:14:30Z" end-time="2017-08-03 22:14:30Z" duration="0.011516" total="1" passed="1" failed="0" warnings="0" inconclusive="0" skipped="0" asserts="1">
            <test-case id="0-1223" name="MoveMultipleSquaresSouthhWestIsNotValidIfThereAreObstructions(5,5,2,2)" fullname="ChessWithTDD.Tests.MultiSquareMoveValidatorTests.MoveMultipleSquaresSouthhWestIsNotValidIfThereAreObstructions(5,5,2,2)" methodname="MoveMultipleSquaresSouthhWestIsNotValidIfThereAreObstructions" classname="ChessWithTDD.Tests.MultiSquareMoveValidatorTests" runstate="Runnable" seed="1479687541" result="Passed" start-time="2017-08-03 22:14:30Z" end-time="2017-08-03 22:14:30Z" duration="0.008800" asserts="1" />
          </test-suite>
          <test-suite type="ParameterizedMethod" id="0-1215" name="MoveMultipleSquaresVerticallyDownIsNotValidIfThereAreObstructions" fullname="ChessWithTDD.Tests.MultiSquareMoveValidatorTests.MoveMultipleSquaresVerticallyDownIsNotValidIfThereAreObstructions" classname="ChessWithTDD.Tests.MultiSquareMoveValidatorTests" runstate="Runnable" testcasecount="1" result="Passed" start-time="2017-08-03 22:14:30Z" end-time="2017-08-03 22:14:30Z" duration="0.012511" total="1" passed="1" failed="0" warnings="0" inconclusive="0" skipped="0" asserts="1">
            <test-case id="0-1214" name="MoveMultipleSquaresVerticallyDownIsNotValidIfThereAreObstructions(5,2,2,2)" fullname="ChessWithTDD.Tests.MultiSquareMoveValidatorTests.MoveMultipleSquaresVerticallyDownIsNotValidIfThereAreObstructions(5,2,2,2)" methodname="MoveMultipleSquaresVerticallyDownIsNotValidIfThereAreObstructions" classname="ChessWithTDD.Tests.MultiSquareMoveValidatorTests" runstate="Runnable" seed="806875274" result="Passed" start-time="2017-08-03 22:14:30Z" end-time="2017-08-03 22:14:30Z" duration="0.009874" asserts="1" />
          </test-suite>
          <test-suite type="ParameterizedMethod" id="0-1218" name="MoveMultipleSquaresVerticallyIsValidIfThereAreNoObstructions" fullname="ChessWithTDD.Tests.MultiSquareMoveValidatorTests.MoveMultipleSquaresVerticallyIsValidIfThereAreNoObstructions" classname="ChessWithTDD.Tests.MultiSquareMoveValidatorTests" runstate="Runnable" testcasecount="2" result="Passed" start-time="2017-08-03 22:14:30Z" end-time="2017-08-03 22:14:30Z" duration="0.021041" total="2" passed="2" failed="0" warnings="0" inconclusive="0" skipped="0" asserts="2">
            <test-case id="0-1216" name="MoveMultipleSquaresVerticallyIsValidIfThereAreNoObstructions(5,2,2,2)" fullname="ChessWithTDD.Tests.MultiSquareMoveValidatorTests.MoveMultipleSquaresVerticallyIsValidIfThereAreNoObstructions(5,2,2,2)" methodname="MoveMultipleSquaresVerticallyIsValidIfThereAreNoObstructions" classname="ChessWithTDD.Tests.MultiSquareMoveValidatorTests" runstate="Runnable" seed="723029829" result="Passed" start-time="2017-08-03 22:14:30Z" end-time="2017-08-03 22:14:30Z" duration="0.007797" asserts="1" />
            <test-case id="0-1217" name="MoveMultipleSquaresVerticallyIsValidIfThereAreNoObstructions(2,2,5,2)" fullname="ChessWithTDD.Tests.MultiSquareMoveValidatorTests.MoveMultipleSquaresVerticallyIsValidIfThereAreNoObstructions(2,2,5,2)" methodname="MoveMultipleSquaresVerticallyIsValidIfThereAreNoObstructions" classname="ChessWithTDD.Tests.MultiSquareMoveValidatorTests" runstate="Runnable" seed="1050469507" result="Passed" start-time="2017-08-03 22:14:30Z" end-time="2017-08-03 22:14:30Z" duration="0.007721" asserts="1" />
          </test-suite>
          <test-suite type="ParameterizedMethod" id="0-1213" name="MoveMultipleSquaresVerticallyUpIsNotValidIfThereAreObstructions" fullname="ChessWithTDD.Tests.MultiSquareMoveValidatorTests.MoveMultipleSquaresVerticallyUpIsNotValidIfThereAreObstructions" classname="ChessWithTDD.Tests.MultiSquareMoveValidatorTests" runstate="Runnable" testcasecount="1" result="Passed" start-time="2017-08-03 22:14:30Z" end-time="2017-08-03 22:14:30Z" duration="0.011013" total="1" passed="1" failed="0" warnings="0" inconclusive="0" skipped="0" asserts="1">
            <test-case id="0-1212" name="MoveMultipleSquaresVerticallyUpIsNotValidIfThereAreObstructions(2,2,6,2)" fullname="ChessWithTDD.Tests.MultiSquareMoveValidatorTests.MoveMultipleSquaresVerticallyUpIsNotValidIfThereAreObstructions(2,2,6,2)" methodname="MoveMultipleSquaresVerticallyUpIsNotValidIfThereAreObstructions" classname="ChessWithTDD.Tests.MultiSquareMoveValidatorTests" runstate="Runnable" seed="1017238558" result="Passed" start-time="2017-08-03 22:14:30Z" end-time="2017-08-03 22:14:30Z" duration="0.008121" asserts="1" />
          </test-suite>
        </test-suite>
        <test-suite type="TestFixture" id="0-1275" name="PawnManagerTests" fullname="ChessWithTDD.Tests.PawnManagerTests" classname="ChessWithTDD.Tests.PawnManagerTests" runstate="Runnable" testcasecount="5" result="Passed" start-time="2017-08-03 22:14:30Z" end-time="2017-08-03 22:14:30Z" duration="0.039042" total="5" passed="5" failed="0" warnings="0" inconclusive="0" skipped="0" asserts="0">
          <test-case id="0-1279" name="MakePawnAmendmentsCallsEnPassantManagerToCapturePiecesThroughEnPassant" fullname="ChessWithTDD.Tests.PawnManagerTests.MakePawnAmendmentsCallsEnPassantManagerToCapturePiecesThroughEnPassant" methodname="MakePawnAmendmentsCallsEnPassantManagerToCapturePiecesThroughEnPassant" classname="ChessWithTDD.Tests.PawnManagerTests" runstate="Runnable" seed="1825062293" result="Passed" start-time="2017-08-03 22:14:30Z" end-time="2017-08-03 22:14:30Z" duration="0.017079" asserts="0" />
          <test-case id="0-1278" name="MakePawnAmendmentsCallsEnPassantManagerToMarkSquares" fullname="ChessWithTDD.Tests.PawnManagerTests.MakePawnAmendmentsCallsEnPassantManagerToMarkSquares" methodname="MakePawnAmendmentsCallsEnPassantManagerToMarkSquares" classname="ChessWithTDD.Tests.PawnManagerTests" runstate="Runnable" seed="861349604" result="Passed" start-time="2017-08-03 22:14:30Z" end-time="2017-08-03 22:14:30Z" duration="0.001255" asserts="0" />
          <test-case id="0-1276" name="MakePawnAmendmentsWhereHasMovedIsFalseSetsHasMovedToTrue" fullname="ChessWithTDD.Tests.PawnManagerTests.MakePawnAmendmentsWhereHasMovedIsFalseSetsHasMovedToTrue" methodname="MakePawnAmendmentsWhereHasMovedIsFalseSetsHasMovedToTrue" classname="ChessWithTDD.Tests.PawnManagerTests" runstate="Runnable" seed="469829734" result="Passed" start-time="2017-08-03 22:14:30Z" end-time="2017-08-03 22:14:30Z" duration="0.002428" asserts="0" />
          <test-case id="0-1277" name="MakePawnAmendmentsWhereHasMovedIsTrueDoesNothing" fullname="ChessWithTDD.Tests.PawnManagerTests.MakePawnAmendmentsWhereHasMovedIsTrueDoesNothing" methodname="MakePawnAmendmentsWhereHasMovedIsTrueDoesNothing" classname="ChessWithTDD.Tests.PawnManagerTests" runstate="Runnable" seed="2004130334" result="Passed" start-time="2017-08-03 22:14:30Z" end-time="2017-08-03 22:14:30Z" duration="0.001212" asserts="0" />
          <test-case id="0-1280" name="UnmarkEnPassantCallsEnPassantManagerToUnmark" fullname="ChessWithTDD.Tests.PawnManagerTests.UnmarkEnPassantCallsEnPassantManagerToUnmark" methodname="UnmarkEnPassantCallsEnPassantManagerToUnmark" classname="ChessWithTDD.Tests.PawnManagerTests" runstate="Runnable" seed="1771875491" result="Passed" start-time="2017-08-03 22:14:30Z" end-time="2017-08-03 22:14:30Z" duration="0.001415" asserts="0" />
        </test-suite>
        <test-suite type="TestFixture" id="0-1761" name="QueenTests" fullname="ChessWithTDD.Tests.QueenTests" classname="ChessWithTDD.Tests.QueenTests" runstate="Runnable" testcasecount="14" result="Passed" start-time="2017-08-03 22:14:30Z" end-time="2017-08-03 22:14:30Z" duration="0.067042" total="14" passed="14" failed="0" warnings="0" inconclusive="0" skipped="0" asserts="14">
          <test-suite type="ParameterizedMethod" id="0-1767" name="QueenCanMoveDiagonally" fullname="ChessWithTDD.Tests.QueenTests.QueenCanMoveDiagonally" classname="ChessWithTDD.Tests.QueenTests" runstate="Runnable" testcasecount="5" result="Passed" start-time="2017-08-03 22:14:30Z" end-time="2017-08-03 22:14:30Z" duration="0.019023" total="5" passed="5" failed="0" warnings="0" inconclusive="0" skipped="0" asserts="5">
            <test-case id="0-1762" name="QueenCanMoveDiagonally(2,5,5,2)" fullname="ChessWithTDD.Tests.QueenTests.QueenCanMoveDiagonally(2,5,5,2)" methodname="QueenCanMoveDiagonally" classname="ChessWithTDD.Tests.QueenTests" runstate="Runnable" seed="1139917957" result="Passed" start-time="2017-08-03 22:14:30Z" end-time="2017-08-03 22:14:30Z" duration="0.001479" asserts="1" />
            <test-case id="0-1763" name="QueenCanMoveDiagonally(2,3,5,6)" fullname="ChessWithTDD.Tests.QueenTests.QueenCanMoveDiagonally(2,3,5,6)" methodname="QueenCanMoveDiagonally" classname="ChessWithTDD.Tests.QueenTests" runstate="Runnable" seed="1930094469" result="Passed" start-time="2017-08-03 22:14:30Z" end-time="2017-08-03 22:14:30Z" duration="0.000693" asserts="1" />
            <test-case id="0-1764" name="QueenCanMoveDiagonally(5,5,2,2)" fullname="ChessWithTDD.Tests.QueenTests.QueenCanMoveDiagonally(5,5,2,2)" methodname="QueenCanMoveDiagonally" classname="ChessWithTDD.Tests.QueenTests" runstate="Runnable" seed="519577862" result="Passed" start-time="2017-08-03 22:14:30Z" end-time="2017-08-03 22:14:30Z" duration="0.000715" asserts="1" />
            <test-case id="0-1765" name="QueenCanMoveDiagonally(5,2,2,5)" fullname="ChessWithTDD.Tests.QueenTests.QueenCanMoveDiagonally(5,2,2,5)" methodname="QueenCanMoveDiagonally" classname="ChessWithTDD.Tests.QueenTests" runstate="Runnable" seed="1767427962" result="Passed" start-time="2017-08-03 22:14:30Z" end-time="2017-08-03 22:14:30Z" duration="0.000704" asserts="1" />
            <test-case id="0-1766" name="QueenCanMoveDiagonally(3,3,4,4)" fullname="ChessWithTDD.Tests.QueenTests.QueenCanMoveDiagonally(3,3,4,4)" methodname="QueenCanMoveDiagonally" classname="ChessWithTDD.Tests.QueenTests" runstate="Runnable" seed="544635064" result="Passed" start-time="2017-08-03 22:14:30Z" end-time="2017-08-03 22:14:30Z" duration="0.000862" asserts="1" />
          </test-suite>
          <test-suite type="ParameterizedMethod" id="0-1771" name="QueenCanMoveHorizontally" fullname="ChessWithTDD.Tests.QueenTests.QueenCanMoveHorizontally" classname="ChessWithTDD.Tests.QueenTests" runstate="Runnable" testcasecount="3" result="Passed" start-time="2017-08-03 22:14:30Z" end-time="2017-08-03 22:14:30Z" duration="0.011549" total="3" passed="3" failed="0" warnings="0" inconclusive="0" skipped="0" asserts="3">
            <test-case id="0-1768" name="QueenCanMoveHorizontally(2,6,2,0)" fullname="ChessWithTDD.Tests.QueenTests.QueenCanMoveHorizontally(2,6,2,0)" methodname="QueenCanMoveHorizontally" classname="ChessWithTDD.Tests.QueenTests" runstate="Runnable" seed="1241785272" result="Passed" start-time="2017-08-03 22:14:30Z" end-time="2017-08-03 22:14:30Z" duration="0.001719" asserts="1" />
            <test-case id="0-1769" name="QueenCanMoveHorizontally(2,2,2,7)" fullname="ChessWithTDD.Tests.QueenTests.QueenCanMoveHorizontally(2,2,2,7)" methodname="QueenCanMoveHorizontally" classname="ChessWithTDD.Tests.QueenTests" runstate="Runnable" seed="911727382" result="Passed" start-time="2017-08-03 22:14:30Z" end-time="2017-08-03 22:14:30Z" duration="0.000770" asserts="1" />
            <test-case id="0-1770" name="QueenCanMoveHorizontally(3,3,3,4)" fullname="ChessWithTDD.Tests.QueenTests.QueenCanMoveHorizontally(3,3,3,4)" methodname="QueenCanMoveHorizontally" classname="ChessWithTDD.Tests.QueenTests" runstate="Runnable" seed="540500527" result="Passed" start-time="2017-08-03 22:14:30Z" end-time="2017-08-03 22:14:30Z" duration="0.000752" asserts="1" />
          </test-suite>
          <test-suite type="ParameterizedMethod" id="0-1775" name="QueenCanMoveVertically" fullname="ChessWithTDD.Tests.QueenTests.QueenCanMoveVertically" classname="ChessWithTDD.Tests.QueenTests" runstate="Runnable" testcasecount="3" result="Passed" start-time="2017-08-03 22:14:30Z" end-time="2017-08-03 22:14:30Z" duration="0.012013" total="3" passed="3" failed="0" warnings="0" inconclusive="0" skipped="0" asserts="3">
            <test-case id="0-1772" name="QueenCanMoveVertically(5,2,2,2)" fullname="ChessWithTDD.Tests.QueenTests.QueenCanMoveVertically(5,2,2,2)" methodname="QueenCanMoveVertically" classname="ChessWithTDD.Tests.QueenTests" runstate="Runnable" seed="1841120605" result="Passed" start-time="2017-08-03 22:14:30Z" end-time="2017-08-03 22:14:30Z" duration="0.001459" asserts="1" />
            <test-case id="0-1773" name="QueenCanMoveVertically(2,2,5,2)" fullname="ChessWithTDD.Tests.QueenTests.QueenCanMoveVertically(2,2,5,2)" methodname="QueenCanMoveVertically" classname="ChessWithTDD.Tests.QueenTests" runstate="Runnable" seed="311807838" result="Passed" start-time="2017-08-03 22:14:30Z" end-time="2017-08-03 22:14:30Z" duration="0.000802" asserts="1" />
            <test-case id="0-1774" name="QueenCanMoveVertically(3,3,4,3)" fullname="ChessWithTDD.Tests.QueenTests.QueenCanMoveVertically(3,3,4,3)" methodname="QueenCanMoveVertically" classname="ChessWithTDD.Tests.QueenTests" runstate="Runnable" seed="966924327" result="Passed" start-time="2017-08-03 22:14:30Z" end-time="2017-08-03 22:14:30Z" duration="0.000786" asserts="1" />
          </test-suite>
          <test-suite type="ParameterizedMethod" id="0-1779" name="QueenCannotMoveRandomly" fullname="ChessWithTDD.Tests.QueenTests.QueenCannotMoveRandomly" classname="ChessWithTDD.Tests.QueenTests" runstate="Runnable" testcasecount="3" result="Passed" start-time="2017-08-03 22:14:30Z" end-time="2017-08-03 22:14:30Z" duration="0.011522" total="3" passed="3" failed="0" warnings="0" inconclusive="0" skipped="0" asserts="3">
            <test-case id="0-1776" name="QueenCannotMoveRandomly(2,6,3,3)" fullname="ChessWithTDD.Tests.QueenTests.QueenCannotMoveRandomly(2,6,3,3)" methodname="QueenCannotMoveRandomly" classname="ChessWithTDD.Tests.QueenTests" runstate="Runnable" seed="353323300" result="Passed" start-time="2017-08-03 22:14:30Z" end-time="2017-08-03 22:14:30Z" duration="0.001108" asserts="1" />
            <test-case id="0-1777" name="QueenCannotMoveRandomly(3,1,4,5)" fullname="ChessWithTDD.Tests.QueenTests.QueenCannotMoveRandomly(3,1,4,5)" methodname="QueenCannotMoveRandomly" classname="ChessWithTDD.Tests.QueenTests" runstate="Runnable" seed="950545085" result="Passed" start-time="2017-08-03 22:14:30Z" end-time="2017-08-03 22:14:30Z" duration="0.000812" asserts="1" />
            <test-case id="0-1778" name="QueenCannotMoveRandomly(6,6,2,7)" fullname="ChessWithTDD.Tests.QueenTests.QueenCannotMoveRandomly(6,6,2,7)" methodname="QueenCannotMoveRandomly" classname="ChessWithTDD.Tests.QueenTests" runstate="Runnable" seed="364155132" result="Passed" start-time="2017-08-03 22:14:30Z" end-time="2017-08-03 22:14:30Z" duration="0.000773" asserts="1" />
          </test-suite>
        </test-suite>
        <test-suite type="TestFixture" id="0-1780" name="RookTests" fullname="ChessWithTDD.Tests.RookTests" classname="ChessWithTDD.Tests.RookTests" runstate="Runnable" testcasecount="14" result="Passed" start-time="2017-08-03 22:14:30Z" end-time="2017-08-03 22:14:30Z" duration="0.066488" total="14" passed="14" failed="0" warnings="0" inconclusive="0" skipped="0" asserts="14">
          <test-suite type="ParameterizedMethod" id="0-1784" name="RookCanMoveHorizontally" fullname="ChessWithTDD.Tests.RookTests.RookCanMoveHorizontally" classname="ChessWithTDD.Tests.RookTests" runstate="Runnable" testcasecount="3" result="Passed" start-time="2017-08-03 22:14:30Z" end-time="2017-08-03 22:14:30Z" duration="0.012021" total="3" passed="3" failed="0" warnings="0" inconclusive="0" skipped="0" asserts="3">
            <test-case id="0-1781" name="RookCanMoveHorizontally(2,6,2,0)" fullname="ChessWithTDD.Tests.RookTests.RookCanMoveHorizontally(2,6,2,0)" methodname="RookCanMoveHorizontally" classname="ChessWithTDD.Tests.RookTests" runstate="Runnable" seed="635471923" result="Passed" start-time="2017-08-03 22:14:30Z" end-time="2017-08-03 22:14:30Z" duration="0.001364" asserts="1" />
            <test-case id="0-1782" name="RookCanMoveHorizontally(2,2,2,7)" fullname="ChessWithTDD.Tests.RookTests.RookCanMoveHorizontally(2,2,2,7)" methodname="RookCanMoveHorizontally" classname="ChessWithTDD.Tests.RookTests" runstate="Runnable" seed="946925693" result="Passed" start-time="2017-08-03 22:14:30Z" end-time="2017-08-03 22:14:30Z" duration="0.000865" asserts="1" />
            <test-case id="0-1783" name="RookCanMoveHorizontally(3,3,3,4)" fullname="ChessWithTDD.Tests.RookTests.RookCanMoveHorizontally(3,3,3,4)" methodname="RookCanMoveHorizontally" classname="ChessWithTDD.Tests.RookTests" runstate="Runnable" seed="338964778" result="Passed" start-time="2017-08-03 22:14:30Z" end-time="2017-08-03 22:14:30Z" duration="0.000745" asserts="1" />
          </test-suite>
          <test-suite type="ParameterizedMethod" id="0-1788" name="RookCanMoveVertically" fullname="ChessWithTDD.Tests.RookTests.RookCanMoveVertically" classname="ChessWithTDD.Tests.RookTests" runstate="Runnable" testcasecount="3" result="Passed" start-time="2017-08-03 22:14:30Z" end-time="2017-08-03 22:14:30Z" duration="0.011530" total="3" passed="3" failed="0" warnings="0" inconclusive="0" skipped="0" asserts="3">
            <test-case id="0-1785" name="RookCanMoveVertically(5,2,2,2)" fullname="ChessWithTDD.Tests.RookTests.RookCanMoveVertically(5,2,2,2)" methodname="RookCanMoveVertically" classname="ChessWithTDD.Tests.RookTests" runstate="Runnable" seed="1517291024" result="Passed" start-time="2017-08-03 22:14:30Z" end-time="2017-08-03 22:14:30Z" duration="0.001036" asserts="1" />
            <test-case id="0-1786" name="RookCanMoveVertically(2,2,5,2)" fullname="ChessWithTDD.Tests.RookTests.RookCanMoveVertically(2,2,5,2)" methodname="RookCanMoveVertically" classname="ChessWithTDD.Tests.RookTests" runstate="Runnable" seed="1744440466" result="Passed" start-time="2017-08-03 22:14:30Z" end-time="2017-08-03 22:14:30Z" duration="0.000797" asserts="1" />
            <test-case id="0-1787" name="RookCanMoveVertically(3,3,4,3)" fullname="ChessWithTDD.Tests.RookTests.RookCanMoveVertically(3,3,4,3)" methodname="RookCanMoveVertically" classname="ChessWithTDD.Tests.RookTests" runstate="Runnable" seed="309225648" result="Passed" start-time="2017-08-03 22:14:30Z" end-time="2017-08-03 22:14:30Z" duration="0.000747" asserts="1" />
          </test-suite>
          <test-suite type="ParameterizedMethod" id="0-1794" name="RookCannotMoveDiagonally" fullname="ChessWithTDD.Tests.RookTests.RookCannotMoveDiagonally" classname="ChessWithTDD.Tests.RookTests" runstate="Runnable" testcasecount="5" result="Passed" start-time="2017-08-03 22:14:30Z" end-time="2017-08-03 22:14:30Z" duration="0.018013" total="5" passed="5" failed="0" warnings="0" inconclusive="0" skipped="0" asserts="5">
            <test-case id="0-1789" name="RookCannotMoveDiagonally(2,5,5,2)" fullname="ChessWithTDD.Tests.RookTests.RookCannotMoveDiagonally(2,5,5,2)" methodname="RookCannotMoveDiagonally" classname="ChessWithTDD.Tests.RookTests" runstate="Runnable" seed="523198024" result="Passed" start-time="2017-08-03 22:14:30Z" end-time="2017-08-03 22:14:30Z" duration="0.001061" asserts="1" />
            <test-case id="0-1790" name="RookCannotMoveDiagonally(2,3,5,6)" fullname="ChessWithTDD.Tests.RookTests.RookCannotMoveDiagonally(2,3,5,6)" methodname="RookCannotMoveDiagonally" classname="ChessWithTDD.Tests.RookTests" runstate="Runnable" seed="941589385" result="Passed" start-time="2017-08-03 22:14:30Z" end-time="2017-08-03 22:14:30Z" duration="0.000742" asserts="1" />
            <test-case id="0-1791" name="RookCannotMoveDiagonally(5,5,2,2)" fullname="ChessWithTDD.Tests.RookTests.RookCannotMoveDiagonally(5,5,2,2)" methodname="RookCannotMoveDiagonally" classname="ChessWithTDD.Tests.RookTests" runstate="Runnable" seed="1161885177" result="Passed" start-time="2017-08-03 22:14:30Z" end-time="2017-08-03 22:14:30Z" duration="0.000815" asserts="1" />
            <test-case id="0-1792" name="RookCannotMoveDiagonally(5,2,2,5)" fullname="ChessWithTDD.Tests.RookTests.RookCannotMoveDiagonally(5,2,2,5)" methodname="RookCannotMoveDiagonally" classname="ChessWithTDD.Tests.RookTests" runstate="Runnable" seed="1637342757" result="Passed" start-time="2017-08-03 22:14:30Z" end-time="2017-08-03 22:14:30Z" duration="0.000749" asserts="1" />
            <test-case id="0-1793" name="RookCannotMoveDiagonally(3,3,4,4)" fullname="ChessWithTDD.Tests.RookTests.RookCannotMoveDiagonally(3,3,4,4)" methodname="RookCannotMoveDiagonally" classname="ChessWithTDD.Tests.RookTests" runstate="Runnable" seed="785864069" result="Passed" start-time="2017-08-03 22:14:30Z" end-time="2017-08-03 22:14:30Z" duration="0.000948" asserts="1" />
          </test-suite>
          <test-suite type="ParameterizedMethod" id="0-1798" name="RookCannotMoveRandomly" fullname="ChessWithTDD.Tests.RookTests.RookCannotMoveRandomly" classname="ChessWithTDD.Tests.RookTests" runstate="Runnable" testcasecount="3" result="Passed" start-time="2017-08-03 22:14:30Z" end-time="2017-08-03 22:14:30Z" duration="0.012013" total="3" passed="3" failed="0" warnings="0" inconclusive="0" skipped="0" asserts="3">
            <test-case id="0-1795" name="RookCannotMoveRandomly(2,6,3,3)" fullname="ChessWithTDD.Tests.RookTests.RookCannotMoveRandomly(2,6,3,3)" methodname="RookCannotMoveRandomly" classname="ChessWithTDD.Tests.RookTests" runstate="Runnable" seed="895414068" result="Passed" start-time="2017-08-03 22:14:30Z" end-time="2017-08-03 22:14:30Z" duration="0.001083" asserts="1" />
            <test-case id="0-1796" name="RookCannotMoveRandomly(3,1,4,5)" fullname="ChessWithTDD.Tests.RookTests.RookCannotMoveRandomly(3,1,4,5)" methodname="RookCannotMoveRandomly" classname="ChessWithTDD.Tests.RookTests" runstate="Runnable" seed="1128628323" result="Passed" start-time="2017-08-03 22:14:30Z" end-time="2017-08-03 22:14:30Z" duration="0.000847" asserts="1" />
            <test-case id="0-1797" name="RookCannotMoveRandomly(6,6,2,7)" fullname="ChessWithTDD.Tests.RookTests.RookCannotMoveRandomly(6,6,2,7)" methodname="RookCannotMoveRandomly" classname="ChessWithTDD.Tests.RookTests" runstate="Runnable" seed="985047611" result="Passed" start-time="2017-08-03 22:14:30Z" end-time="2017-08-03 22:14:30Z" duration="0.000743" asserts="1" />
          </test-suite>
        </test-suite>
        <test-suite type="TestFixture" id="0-1807" name="SquareExtensionsTests" fullname="ChessWithTDD.Tests.SquareExtensionsTests" classname="ChessWithTDD.Tests.SquareExtensionsTests" runstate="Runnable" testcasecount="86" result="Passed" start-time="2017-08-03 22:14:30Z" end-time="2017-08-03 22:14:31Z" duration="0.409015" total="86" passed="86" failed="0" warnings="0" inconclusive="0" skipped="0" asserts="86">
          <test-suite type="ParameterizedMethod" id="0-1889" name="IsAdjacentTo_ReturnsFalse" fullname="ChessWithTDD.Tests.SquareExtensionsTests.IsAdjacentTo_ReturnsFalse" classname="ChessWithTDD.Tests.SquareExtensionsTests" runstate="Runnable" testcasecount="8" result="Passed" start-time="2017-08-03 22:14:30Z" end-time="2017-08-03 22:14:31Z" duration="0.030484" total="8" passed="8" failed="0" warnings="0" inconclusive="0" skipped="0" asserts="8">
            <test-case id="0-1881" name="IsAdjacentTo_ReturnsFalse(4,3,2,3)" fullname="ChessWithTDD.Tests.SquareExtensionsTests.IsAdjacentTo_ReturnsFalse(4,3,2,3)" methodname="IsAdjacentTo_ReturnsFalse" classname="ChessWithTDD.Tests.SquareExtensionsTests" runstate="Runnable" seed="1019224119" result="Passed" start-time="2017-08-03 22:14:30Z" end-time="2017-08-03 22:14:30Z" duration="0.000734" asserts="1" />
            <test-case id="0-1882" name="IsAdjacentTo_ReturnsFalse(4,4,2,2)" fullname="ChessWithTDD.Tests.SquareExtensionsTests.IsAdjacentTo_ReturnsFalse(4,4,2,2)" methodname="IsAdjacentTo_ReturnsFalse" classname="ChessWithTDD.Tests.SquareExtensionsTests" runstate="Runnable" seed="862069790" result="Passed" start-time="2017-08-03 22:14:30Z" end-time="2017-08-03 22:14:30Z" duration="0.001911" asserts="1" />
            <test-case id="0-1883" name="IsAdjacentTo_ReturnsFalse(4,0,2,2)" fullname="ChessWithTDD.Tests.SquareExtensionsTests.IsAdjacentTo_ReturnsFalse(4,0,2,2)" methodname="IsAdjacentTo_ReturnsFalse" classname="ChessWithTDD.Tests.SquareExtensionsTests" runstate="Runnable" seed="1094606157" result="Passed" start-time="2017-08-03 22:14:30Z" end-time="2017-08-03 22:14:30Z" duration="0.000475" asserts="1" />
            <test-case id="0-1884" name="IsAdjacentTo_ReturnsFalse(3,4,3,2)" fullname="ChessWithTDD.Tests.SquareExtensionsTests.IsAdjacentTo_ReturnsFalse(3,4,3,2)" methodname="IsAdjacentTo_ReturnsFalse" classname="ChessWithTDD.Tests.SquareExtensionsTests" runstate="Runnable" seed="144602173" result="Passed" start-time="2017-08-03 22:14:30Z" end-time="2017-08-03 22:14:30Z" duration="0.000467" asserts="1" />
            <test-case id="0-1885" name="IsAdjacentTo_ReturnsFalse(3,2,3,4)" fullname="ChessWithTDD.Tests.SquareExtensionsTests.IsAdjacentTo_ReturnsFalse(3,2,3,4)" methodname="IsAdjacentTo_ReturnsFalse" classname="ChessWithTDD.Tests.SquareExtensionsTests" runstate="Runnable" seed="1754864766" result="Passed" start-time="2017-08-03 22:14:31Z" end-time="2017-08-03 22:14:31Z" duration="0.000540" asserts="1" />
            <test-case id="0-1886" name="IsAdjacentTo_ReturnsFalse(0,4,2,2)" fullname="ChessWithTDD.Tests.SquareExtensionsTests.IsAdjacentTo_ReturnsFalse(0,4,2,2)" methodname="IsAdjacentTo_ReturnsFalse" classname="ChessWithTDD.Tests.SquareExtensionsTests" runstate="Runnable" seed="1598791269" result="Passed" start-time="2017-08-03 22:14:31Z" end-time="2017-08-03 22:14:31Z" duration="0.000481" asserts="1" />
            <test-case id="0-1887" name="IsAdjacentTo_ReturnsFalse(0,0,2,2)" fullname="ChessWithTDD.Tests.SquareExtensionsTests.IsAdjacentTo_ReturnsFalse(0,0,2,2)" methodname="IsAdjacentTo_ReturnsFalse" classname="ChessWithTDD.Tests.SquareExtensionsTests" runstate="Runnable" seed="1651523408" result="Passed" start-time="2017-08-03 22:14:31Z" end-time="2017-08-03 22:14:31Z" duration="0.000478" asserts="1" />
            <test-case id="0-1888" name="IsAdjacentTo_ReturnsFalse(0,2,2,2)" fullname="ChessWithTDD.Tests.SquareExtensionsTests.IsAdjacentTo_ReturnsFalse(0,2,2,2)" methodname="IsAdjacentTo_ReturnsFalse" classname="ChessWithTDD.Tests.SquareExtensionsTests" runstate="Runnable" seed="1137196258" result="Passed" start-time="2017-08-03 22:14:31Z" end-time="2017-08-03 22:14:31Z" duration="0.000481" asserts="1" />
          </test-suite>
          <test-suite type="ParameterizedMethod" id="0-1880" name="IsAdjacentTo_ReturnsTrue" fullname="ChessWithTDD.Tests.SquareExtensionsTests.IsAdjacentTo_ReturnsTrue" classname="ChessWithTDD.Tests.SquareExtensionsTests" runstate="Runnable" testcasecount="8" result="Passed" start-time="2017-08-03 22:14:31Z" end-time="2017-08-03 22:14:31Z" duration="0.028531" total="8" passed="8" failed="0" warnings="0" inconclusive="0" skipped="0" asserts="8">
            <test-case id="0-1872" name="IsAdjacentTo_ReturnsTrue(3,3,2,3)" fullname="ChessWithTDD.Tests.SquareExtensionsTests.IsAdjacentTo_ReturnsTrue(3,3,2,3)" methodname="IsAdjacentTo_ReturnsTrue" classname="ChessWithTDD.Tests.SquareExtensionsTests" runstate="Runnable" seed="1379937076" result="Passed" start-time="2017-08-03 22:14:31Z" end-time="2017-08-03 22:14:31Z" duration="0.000867" asserts="1" />
            <test-case id="0-1873" name="IsAdjacentTo_ReturnsTrue(3,3,2,2)" fullname="ChessWithTDD.Tests.SquareExtensionsTests.IsAdjacentTo_ReturnsTrue(3,3,2,2)" methodname="IsAdjacentTo_ReturnsTrue" classname="ChessWithTDD.Tests.SquareExtensionsTests" runstate="Runnable" seed="1087857159" result="Passed" start-time="2017-08-03 22:14:31Z" end-time="2017-08-03 22:14:31Z" duration="0.000503" asserts="1" />
            <test-case id="0-1874" name="IsAdjacentTo_ReturnsTrue(3,1,2,2)" fullname="ChessWithTDD.Tests.SquareExtensionsTests.IsAdjacentTo_ReturnsTrue(3,1,2,2)" methodname="IsAdjacentTo_ReturnsTrue" classname="ChessWithTDD.Tests.SquareExtensionsTests" runstate="Runnable" seed="844183682" result="Passed" start-time="2017-08-03 22:14:31Z" end-time="2017-08-03 22:14:31Z" duration="0.000456" asserts="1" />
            <test-case id="0-1875" name="IsAdjacentTo_ReturnsTrue(3,3,3,2)" fullname="ChessWithTDD.Tests.SquareExtensionsTests.IsAdjacentTo_ReturnsTrue(3,3,3,2)" methodname="IsAdjacentTo_ReturnsTrue" classname="ChessWithTDD.Tests.SquareExtensionsTests" runstate="Runnable" seed="392434493" result="Passed" start-time="2017-08-03 22:14:31Z" end-time="2017-08-03 22:14:31Z" duration="0.000638" asserts="1" />
            <test-case id="0-1876" name="IsAdjacentTo_ReturnsTrue(3,3,3,4)" fullname="ChessWithTDD.Tests.SquareExtensionsTests.IsAdjacentTo_ReturnsTrue(3,3,3,4)" methodname="IsAdjacentTo_ReturnsTrue" classname="ChessWithTDD.Tests.SquareExtensionsTests" runstate="Runnable" seed="1902378072" result="Passed" start-time="2017-08-03 22:14:31Z" end-time="2017-08-03 22:14:31Z" duration="0.000546" asserts="1" />
            <test-case id="0-1877" name="IsAdjacentTo_ReturnsTrue(1,3,2,2)" fullname="ChessWithTDD.Tests.SquareExtensionsTests.IsAdjacentTo_ReturnsTrue(1,3,2,2)" methodname="IsAdjacentTo_ReturnsTrue" classname="ChessWithTDD.Tests.SquareExtensionsTests" runstate="Runnable" seed="1701737339" result="Passed" start-time="2017-08-03 22:14:31Z" end-time="2017-08-03 22:14:31Z" duration="0.000489" asserts="1" />
            <test-case id="0-1878" name="IsAdjacentTo_ReturnsTrue(1,1,2,2)" fullname="ChessWithTDD.Tests.SquareExtensionsTests.IsAdjacentTo_ReturnsTrue(1,1,2,2)" methodname="IsAdjacentTo_ReturnsTrue" classname="ChessWithTDD.Tests.SquareExtensionsTests" runstate="Runnable" seed="2073170490" result="Passed" start-time="2017-08-03 22:14:31Z" end-time="2017-08-03 22:14:31Z" duration="0.000558" asserts="1" />
            <test-case id="0-1879" name="IsAdjacentTo_ReturnsTrue(1,2,2,2)" fullname="ChessWithTDD.Tests.SquareExtensionsTests.IsAdjacentTo_ReturnsTrue(1,2,2,2)" methodname="IsAdjacentTo_ReturnsTrue" classname="ChessWithTDD.Tests.SquareExtensionsTests" runstate="Runnable" seed="630601234" result="Passed" start-time="2017-08-03 22:14:31Z" end-time="2017-08-03 22:14:31Z" duration="0.000457" asserts="1" />
          </test-suite>
          <test-suite type="ParameterizedMethod" id="0-1923" name="IsAnLShapeAwayFrom_ReturnsFalse" fullname="ChessWithTDD.Tests.SquareExtensionsTests.IsAnLShapeAwayFrom_ReturnsFalse" classname="ChessWithTDD.Tests.SquareExtensionsTests" runstate="Runnable" testcasecount="6" result="Passed" start-time="2017-08-03 22:14:31Z" end-time="2017-08-03 22:14:31Z" duration="0.022551" total="6" passed="6" failed="0" warnings="0" inconclusive="0" skipped="0" asserts="6">
            <test-case id="0-1917" name="IsAnLShapeAwayFrom_ReturnsFalse(3,3,4,4)" fullname="ChessWithTDD.Tests.SquareExtensionsTests.IsAnLShapeAwayFrom_ReturnsFalse(3,3,4,4)" methodname="IsAnLShapeAwayFrom_ReturnsFalse" classname="ChessWithTDD.Tests.SquareExtensionsTests" runstate="Runnable" seed="428408909" result="Passed" start-time="2017-08-03 22:14:31Z" end-time="2017-08-03 22:14:31Z" duration="0.000788" asserts="1" />
            <test-case id="0-1918" name="IsAnLShapeAwayFrom_ReturnsFalse(3,3,4,3)" fullname="ChessWithTDD.Tests.SquareExtensionsTests.IsAnLShapeAwayFrom_ReturnsFalse(3,3,4,3)" methodname="IsAnLShapeAwayFrom_ReturnsFalse" classname="ChessWithTDD.Tests.SquareExtensionsTests" runstate="Runnable" seed="226446737" result="Passed" start-time="2017-08-03 22:14:31Z" end-time="2017-08-03 22:14:31Z" duration="0.000514" asserts="1" />
            <test-case id="0-1919" name="IsAnLShapeAwayFrom_ReturnsFalse(3,3,3,4)" fullname="ChessWithTDD.Tests.SquareExtensionsTests.IsAnLShapeAwayFrom_ReturnsFalse(3,3,3,4)" methodname="IsAnLShapeAwayFrom_ReturnsFalse" classname="ChessWithTDD.Tests.SquareExtensionsTests" runstate="Runnable" seed="663235277" result="Passed" start-time="2017-08-03 22:14:31Z" end-time="2017-08-03 22:14:31Z" duration="0.000527" asserts="1" />
            <test-case id="0-1920" name="IsAnLShapeAwayFrom_ReturnsFalse(3,3,0,0)" fullname="ChessWithTDD.Tests.SquareExtensionsTests.IsAnLShapeAwayFrom_ReturnsFalse(3,3,0,0)" methodname="IsAnLShapeAwayFrom_ReturnsFalse" classname="ChessWithTDD.Tests.SquareExtensionsTests" runstate="Runnable" seed="190401560" result="Passed" start-time="2017-08-03 22:14:31Z" end-time="2017-08-03 22:14:31Z" duration="0.000501" asserts="1" />
            <test-case id="0-1921" name="IsAnLShapeAwayFrom_ReturnsFalse(4,1,1,4)" fullname="ChessWithTDD.Tests.SquareExtensionsTests.IsAnLShapeAwayFrom_ReturnsFalse(4,1,1,4)" methodname="IsAnLShapeAwayFrom_ReturnsFalse" classname="ChessWithTDD.Tests.SquareExtensionsTests" runstate="Runnable" seed="1317130803" result="Passed" start-time="2017-08-03 22:14:31Z" end-time="2017-08-03 22:14:31Z" duration="0.000488" asserts="1" />
            <test-case id="0-1922" name="IsAnLShapeAwayFrom_ReturnsFalse(1,4,5,6)" fullname="ChessWithTDD.Tests.SquareExtensionsTests.IsAnLShapeAwayFrom_ReturnsFalse(1,4,5,6)" methodname="IsAnLShapeAwayFrom_ReturnsFalse" classname="ChessWithTDD.Tests.SquareExtensionsTests" runstate="Runnable" seed="896229557" result="Passed" start-time="2017-08-03 22:14:31Z" end-time="2017-08-03 22:14:31Z" duration="0.000548" asserts="1" />
          </test-suite>
          <test-suite type="ParameterizedMethod" id="0-1916" name="IsAnLShapeAwayFrom_ReturnsTrue" fullname="ChessWithTDD.Tests.SquareExtensionsTests.IsAnLShapeAwayFrom_ReturnsTrue" classname="ChessWithTDD.Tests.SquareExtensionsTests" runstate="Runnable" testcasecount="4" result="Passed" start-time="2017-08-03 22:14:31Z" end-time="2017-08-03 22:14:31Z" duration="0.014502" total="4" passed="4" failed="0" warnings="0" inconclusive="0" skipped="0" asserts="4">
            <test-case id="0-1912" name="IsAnLShapeAwayFrom_ReturnsTrue(3,3,5,4)" fullname="ChessWithTDD.Tests.SquareExtensionsTests.IsAnLShapeAwayFrom_ReturnsTrue(3,3,5,4)" methodname="IsAnLShapeAwayFrom_ReturnsTrue" classname="ChessWithTDD.Tests.SquareExtensionsTests" runstate="Runnable" seed="1842131042" result="Passed" start-time="2017-08-03 22:14:31Z" end-time="2017-08-03 22:14:31Z" duration="0.000716" asserts="1" />
            <test-case id="0-1913" name="IsAnLShapeAwayFrom_ReturnsTrue(3,3,4,5)" fullname="ChessWithTDD.Tests.SquareExtensionsTests.IsAnLShapeAwayFrom_ReturnsTrue(3,3,4,5)" methodname="IsAnLShapeAwayFrom_ReturnsTrue" classname="ChessWithTDD.Tests.SquareExtensionsTests" runstate="Runnable" seed="1151023211" result="Passed" start-time="2017-08-03 22:14:31Z" end-time="2017-08-03 22:14:31Z" duration="0.000617" asserts="1" />
            <test-case id="0-1914" name="IsAnLShapeAwayFrom_ReturnsTrue(4,5,3,3)" fullname="ChessWithTDD.Tests.SquareExtensionsTests.IsAnLShapeAwayFrom_ReturnsTrue(4,5,3,3)" methodname="IsAnLShapeAwayFrom_ReturnsTrue" classname="ChessWithTDD.Tests.SquareExtensionsTests" runstate="Runnable" seed="748445581" result="Passed" start-time="2017-08-03 22:14:31Z" end-time="2017-08-03 22:14:31Z" duration="0.000563" asserts="1" />
            <test-case id="0-1915" name="IsAnLShapeAwayFrom_ReturnsTrue(5,4,3,3)" fullname="ChessWithTDD.Tests.SquareExtensionsTests.IsAnLShapeAwayFrom_ReturnsTrue(5,4,3,3)" methodname="IsAnLShapeAwayFrom_ReturnsTrue" classname="ChessWithTDD.Tests.SquareExtensionsTests" runstate="Runnable" seed="2103463992" result="Passed" start-time="2017-08-03 22:14:31Z" end-time="2017-08-03 22:14:31Z" duration="0.000450" asserts="1" />
          </test-suite>
          <test-suite type="ParameterizedMethod" id="0-1907" name="IsDiagonalTo_ReturnsFalse" fullname="ChessWithTDD.Tests.SquareExtensionsTests.IsDiagonalTo_ReturnsFalse" classname="ChessWithTDD.Tests.SquareExtensionsTests" runstate="Runnable" testcasecount="8" result="Passed" start-time="2017-08-03 22:14:31Z" end-time="2017-08-03 22:14:31Z" duration="0.029515" total="8" passed="8" failed="0" warnings="0" inconclusive="0" skipped="0" asserts="8">
            <test-case id="0-1899" name="IsDiagonalTo_ReturnsFalse(3,3,3,2)" fullname="ChessWithTDD.Tests.SquareExtensionsTests.IsDiagonalTo_ReturnsFalse(3,3,3,2)" methodname="IsDiagonalTo_ReturnsFalse" classname="ChessWithTDD.Tests.SquareExtensionsTests" runstate="Runnable" seed="273044770" result="Passed" start-time="2017-08-03 22:14:31Z" end-time="2017-08-03 22:14:31Z" duration="0.000715" asserts="1" />
            <test-case id="0-1900" name="IsDiagonalTo_ReturnsFalse(3,2,2,2)" fullname="ChessWithTDD.Tests.SquareExtensionsTests.IsDiagonalTo_ReturnsFalse(3,2,2,2)" methodname="IsDiagonalTo_ReturnsFalse" classname="ChessWithTDD.Tests.SquareExtensionsTests" runstate="Runnable" seed="127017455" result="Passed" start-time="2017-08-03 22:14:31Z" end-time="2017-08-03 22:14:31Z" duration="0.000468" asserts="1" />
            <test-case id="0-1901" name="IsDiagonalTo_ReturnsFalse(1,3,3,2)" fullname="ChessWithTDD.Tests.SquareExtensionsTests.IsDiagonalTo_ReturnsFalse(1,3,3,2)" methodname="IsDiagonalTo_ReturnsFalse" classname="ChessWithTDD.Tests.SquareExtensionsTests" runstate="Runnable" seed="893225447" result="Passed" start-time="2017-08-03 22:14:31Z" end-time="2017-08-03 22:14:31Z" duration="0.000507" asserts="1" />
            <test-case id="0-1902" name="IsDiagonalTo_ReturnsFalse(1,1,2,3)" fullname="ChessWithTDD.Tests.SquareExtensionsTests.IsDiagonalTo_ReturnsFalse(1,1,2,3)" methodname="IsDiagonalTo_ReturnsFalse" classname="ChessWithTDD.Tests.SquareExtensionsTests" runstate="Runnable" seed="2142674781" result="Passed" start-time="2017-08-03 22:14:31Z" end-time="2017-08-03 22:14:31Z" duration="0.000469" asserts="1" />
            <test-case id="0-1903" name="IsDiagonalTo_ReturnsFalse(6,2,2,2)" fullname="ChessWithTDD.Tests.SquareExtensionsTests.IsDiagonalTo_ReturnsFalse(6,2,2,2)" methodname="IsDiagonalTo_ReturnsFalse" classname="ChessWithTDD.Tests.SquareExtensionsTests" runstate="Runnable" seed="779442451" result="Passed" start-time="2017-08-03 22:14:31Z" end-time="2017-08-03 22:14:31Z" duration="0.000467" asserts="1" />
            <test-case id="0-1904" name="IsDiagonalTo_ReturnsFalse(4,0,4,2)" fullname="ChessWithTDD.Tests.SquareExtensionsTests.IsDiagonalTo_ReturnsFalse(4,0,4,2)" methodname="IsDiagonalTo_ReturnsFalse" classname="ChessWithTDD.Tests.SquareExtensionsTests" runstate="Runnable" seed="961782025" result="Passed" start-time="2017-08-03 22:14:31Z" end-time="2017-08-03 22:14:31Z" duration="0.000468" asserts="1" />
            <test-case id="0-1905" name="IsDiagonalTo_ReturnsFalse(1,4,2,2)" fullname="ChessWithTDD.Tests.SquareExtensionsTests.IsDiagonalTo_ReturnsFalse(1,4,2,2)" methodname="IsDiagonalTo_ReturnsFalse" classname="ChessWithTDD.Tests.SquareExtensionsTests" runstate="Runnable" seed="560292056" result="Passed" start-time="2017-08-03 22:14:31Z" end-time="2017-08-03 22:14:31Z" duration="0.000475" asserts="1" />
            <test-case id="0-1906" name="IsDiagonalTo_ReturnsFalse(1,1,5,7)" fullname="ChessWithTDD.Tests.SquareExtensionsTests.IsDiagonalTo_ReturnsFalse(1,1,5,7)" methodname="IsDiagonalTo_ReturnsFalse" classname="ChessWithTDD.Tests.SquareExtensionsTests" runstate="Runnable" seed="1364479134" result="Passed" start-time="2017-08-03 22:14:31Z" end-time="2017-08-03 22:14:31Z" duration="0.000544" asserts="1" />
          </test-suite>
          <test-suite type="ParameterizedMethod" id="0-1898" name="IsDiagonalTo_ReturnsTrue" fullname="ChessWithTDD.Tests.SquareExtensionsTests.IsDiagonalTo_ReturnsTrue" classname="ChessWithTDD.Tests.SquareExtensionsTests" runstate="Runnable" testcasecount="8" result="Passed" start-time="2017-08-03 22:14:31Z" end-time="2017-08-03 22:14:31Z" duration="0.030997" total="8" passed="8" failed="0" warnings="0" inconclusive="0" skipped="0" asserts="8">
            <test-case id="0-1890" name="IsDiagonalTo_ReturnsTrue(3,3,2,2)" fullname="ChessWithTDD.Tests.SquareExtensionsTests.IsDiagonalTo_ReturnsTrue(3,3,2,2)" methodname="IsDiagonalTo_ReturnsTrue" classname="ChessWithTDD.Tests.SquareExtensionsTests" runstate="Runnable" seed="113187643" result="Passed" start-time="2017-08-03 22:14:31Z" end-time="2017-08-03 22:14:31Z" duration="0.000725" asserts="1" />
            <test-case id="0-1891" name="IsDiagonalTo_ReturnsTrue(3,1,2,2)" fullname="ChessWithTDD.Tests.SquareExtensionsTests.IsDiagonalTo_ReturnsTrue(3,1,2,2)" methodname="IsDiagonalTo_ReturnsTrue" classname="ChessWithTDD.Tests.SquareExtensionsTests" runstate="Runnable" seed="1012292556" result="Passed" start-time="2017-08-03 22:14:31Z" end-time="2017-08-03 22:14:31Z" duration="0.001524" asserts="1" />
            <test-case id="0-1892" name="IsDiagonalTo_ReturnsTrue(1,3,2,2)" fullname="ChessWithTDD.Tests.SquareExtensionsTests.IsDiagonalTo_ReturnsTrue(1,3,2,2)" methodname="IsDiagonalTo_ReturnsTrue" classname="ChessWithTDD.Tests.SquareExtensionsTests" runstate="Runnable" seed="60674766" result="Passed" start-time="2017-08-03 22:14:31Z" end-time="2017-08-03 22:14:31Z" duration="0.000463" asserts="1" />
            <test-case id="0-1893" name="IsDiagonalTo_ReturnsTrue(1,1,2,2)" fullname="ChessWithTDD.Tests.SquareExtensionsTests.IsDiagonalTo_ReturnsTrue(1,1,2,2)" methodname="IsDiagonalTo_ReturnsTrue" classname="ChessWithTDD.Tests.SquareExtensionsTests" runstate="Runnable" seed="943614851" result="Passed" start-time="2017-08-03 22:14:31Z" end-time="2017-08-03 22:14:31Z" duration="0.000541" asserts="1" />
            <test-case id="0-1894" name="IsDiagonalTo_ReturnsTrue(6,6,2,2)" fullname="ChessWithTDD.Tests.SquareExtensionsTests.IsDiagonalTo_ReturnsTrue(6,6,2,2)" methodname="IsDiagonalTo_ReturnsTrue" classname="ChessWithTDD.Tests.SquareExtensionsTests" runstate="Runnable" seed="1367924853" result="Passed" start-time="2017-08-03 22:14:31Z" end-time="2017-08-03 22:14:31Z" duration="0.000455" asserts="1" />
            <test-case id="0-1895" name="IsDiagonalTo_ReturnsTrue(4,0,2,2)" fullname="ChessWithTDD.Tests.SquareExtensionsTests.IsDiagonalTo_ReturnsTrue(4,0,2,2)" methodname="IsDiagonalTo_ReturnsTrue" classname="ChessWithTDD.Tests.SquareExtensionsTests" runstate="Runnable" seed="168907996" result="Passed" start-time="2017-08-03 22:14:31Z" end-time="2017-08-03 22:14:31Z" duration="0.000530" asserts="1" />
            <test-case id="0-1896" name="IsDiagonalTo_ReturnsTrue(0,4,2,2)" fullname="ChessWithTDD.Tests.SquareExtensionsTests.IsDiagonalTo_ReturnsTrue(0,4,2,2)" methodname="IsDiagonalTo_ReturnsTrue" classname="ChessWithTDD.Tests.SquareExtensionsTests" runstate="Runnable" seed="2072162628" result="Passed" start-time="2017-08-03 22:14:31Z" end-time="2017-08-03 22:14:31Z" duration="0.000622" asserts="1" />
            <test-case id="0-1897" name="IsDiagonalTo_ReturnsTrue(1,1,7,7)" fullname="ChessWithTDD.Tests.SquareExtensionsTests.IsDiagonalTo_ReturnsTrue(1,1,7,7)" methodname="IsDiagonalTo_ReturnsTrue" classname="ChessWithTDD.Tests.SquareExtensionsTests" runstate="Runnable" seed="1724837305" result="Passed" start-time="2017-08-03 22:14:31Z" end-time="2017-08-03 22:14:31Z" duration="0.000471" asserts="1" />
          </test-suite>
          <test-suite type="ParameterizedMethod" id="0-1911" name="IsInSameColumnAs_ReturnsFalse" fullname="ChessWithTDD.Tests.SquareExtensionsTests.IsInSameColumnAs_ReturnsFalse" classname="ChessWithTDD.Tests.SquareExtensionsTests" runstate="Runnable" testcasecount="0" result="Passed" start-time="2017-08-03 22:14:31Z" end-time="2017-08-03 22:14:31Z" duration="0.000034" total="0" passed="0" failed="0" warnings="0" inconclusive="0" skipped="0" asserts="0" />
          <test-suite type="ParameterizedMethod" id="0-1910" name="IsInSameColumnAs_ReturnsTrue" fullname="ChessWithTDD.Tests.SquareExtensionsTests.IsInSameColumnAs_ReturnsTrue" classname="ChessWithTDD.Tests.SquareExtensionsTests" runstate="Runnable" testcasecount="0" result="Passed" start-time="2017-08-03 22:14:31Z" end-time="2017-08-03 22:14:31Z" duration="0.000033" total="0" passed="0" failed="0" warnings="0" inconclusive="0" skipped="0" asserts="0" />
          <test-suite type="ParameterizedMethod" id="0-1909" name="IsInSameRowAs_ReturnsFalse" fullname="ChessWithTDD.Tests.SquareExtensionsTests.IsInSameRowAs_ReturnsFalse" classname="ChessWithTDD.Tests.SquareExtensionsTests" runstate="Runnable" testcasecount="0" result="Passed" start-time="2017-08-03 22:14:31Z" end-time="2017-08-03 22:14:31Z" duration="0.000038" total="0" passed="0" failed="0" warnings="0" inconclusive="0" skipped="0" asserts="0" />
          <test-suite type="ParameterizedMethod" id="0-1908" name="IsInSameRowAs_ReturnsTrue" fullname="ChessWithTDD.Tests.SquareExtensionsTests.IsInSameRowAs_ReturnsTrue" classname="ChessWithTDD.Tests.SquareExtensionsTests" runstate="Runnable" testcasecount="0" result="Passed" start-time="2017-08-03 22:14:31Z" end-time="2017-08-03 22:14:31Z" duration="0.000035" total="0" passed="0" failed="0" warnings="0" inconclusive="0" skipped="0" asserts="0" />
          <test-suite type="ParameterizedMethod" id="0-1837" name="IsMultipleSquaresEastEastOf_ReturnsFalse" fullname="ChessWithTDD.Tests.SquareExtensionsTests.IsMultipleSquaresEastEastOf_ReturnsFalse" classname="ChessWithTDD.Tests.SquareExtensionsTests" runstate="Runnable" testcasecount="2" result="Passed" start-time="2017-08-03 22:14:31Z" end-time="2017-08-03 22:14:31Z" duration="0.008046" total="2" passed="2" failed="0" warnings="0" inconclusive="0" skipped="0" asserts="2">
            <test-case id="0-1835" name="IsMultipleSquaresEastEastOf_ReturnsFalse(4,4,4,3)" fullname="ChessWithTDD.Tests.SquareExtensionsTests.IsMultipleSquaresEastEastOf_ReturnsFalse(4,4,4,3)" methodname="IsMultipleSquaresEastEastOf_ReturnsFalse" classname="ChessWithTDD.Tests.SquareExtensionsTests" runstate="Runnable" seed="561829378" result="Passed" start-time="2017-08-03 22:14:31Z" end-time="2017-08-03 22:14:31Z" duration="0.000767" asserts="1" />
            <test-case id="0-1836" name="IsMultipleSquaresEastEastOf_ReturnsFalse(6,5,7,1)" fullname="ChessWithTDD.Tests.SquareExtensionsTests.IsMultipleSquaresEastEastOf_ReturnsFalse(6,5,7,1)" methodname="IsMultipleSquaresEastEastOf_ReturnsFalse" classname="ChessWithTDD.Tests.SquareExtensionsTests" runstate="Runnable" seed="1273304626" result="Passed" start-time="2017-08-03 22:14:31Z" end-time="2017-08-03 22:14:31Z" duration="0.000489" asserts="1" />
          </test-suite>
          <test-suite type="ParameterizedMethod" id="0-1834" name="IsMultipleSquaresEastEastOf_ReturnsTrue" fullname="ChessWithTDD.Tests.SquareExtensionsTests.IsMultipleSquaresEastEastOf_ReturnsTrue" classname="ChessWithTDD.Tests.SquareExtensionsTests" runstate="Runnable" testcasecount="2" result="Passed" start-time="2017-08-03 22:14:31Z" end-time="2017-08-03 22:14:31Z" duration="0.007502" total="2" passed="2" failed="0" warnings="0" inconclusive="0" skipped="0" asserts="2">
            <test-case id="0-1832" name="IsMultipleSquaresEastEastOf_ReturnsTrue(4,6,4,3)" fullname="ChessWithTDD.Tests.SquareExtensionsTests.IsMultipleSquaresEastEastOf_ReturnsTrue(4,6,4,3)" methodname="IsMultipleSquaresEastEastOf_ReturnsTrue" classname="ChessWithTDD.Tests.SquareExtensionsTests" runstate="Runnable" seed="716491692" result="Passed" start-time="2017-08-03 22:14:31Z" end-time="2017-08-03 22:14:31Z" duration="0.000766" asserts="1" />
            <test-case id="0-1833" name="IsMultipleSquaresEastEastOf_ReturnsTrue(6,5,6,1)" fullname="ChessWithTDD.Tests.SquareExtensionsTests.IsMultipleSquaresEastEastOf_ReturnsTrue(6,5,6,1)" methodname="IsMultipleSquaresEastEastOf_ReturnsTrue" classname="ChessWithTDD.Tests.SquareExtensionsTests" runstate="Runnable" seed="627922135" result="Passed" start-time="2017-08-03 22:14:31Z" end-time="2017-08-03 22:14:31Z" duration="0.000489" asserts="1" />
          </test-suite>
          <test-suite type="ParameterizedMethod" id="0-1825" name="IsMultipleSquaresNorthEastOf_ReturnsFalse" fullname="ChessWithTDD.Tests.SquareExtensionsTests.IsMultipleSquaresNorthEastOf_ReturnsFalse" classname="ChessWithTDD.Tests.SquareExtensionsTests" runstate="Runnable" testcasecount="2" result="Passed" start-time="2017-08-03 22:14:31Z" end-time="2017-08-03 22:14:31Z" duration="0.007002" total="2" passed="2" failed="0" warnings="0" inconclusive="0" skipped="0" asserts="2">
            <test-case id="0-1823" name="IsMultipleSquaresNorthEastOf_ReturnsFalse(3,3,2,2)" fullname="ChessWithTDD.Tests.SquareExtensionsTests.IsMultipleSquaresNorthEastOf_ReturnsFalse(3,3,2,2)" methodname="IsMultipleSquaresNorthEastOf_ReturnsFalse" classname="ChessWithTDD.Tests.SquareExtensionsTests" runstate="Runnable" seed="1310129758" result="Passed" start-time="2017-08-03 22:14:31Z" end-time="2017-08-03 22:14:31Z" duration="0.000690" asserts="1" />
            <test-case id="0-1824" name="IsMultipleSquaresNorthEastOf_ReturnsFalse(5,7,2,3)" fullname="ChessWithTDD.Tests.SquareExtensionsTests.IsMultipleSquaresNorthEastOf_ReturnsFalse(5,7,2,3)" methodname="IsMultipleSquaresNorthEastOf_ReturnsFalse" classname="ChessWithTDD.Tests.SquareExtensionsTests" runstate="Runnable" seed="1528443595" result="Passed" start-time="2017-08-03 22:14:31Z" end-time="2017-08-03 22:14:31Z" duration="0.000642" asserts="1" />
          </test-suite>
          <test-suite type="ParameterizedMethod" id="0-1822" name="IsMultipleSquaresNorthEastOf_ReturnsTrue" fullname="ChessWithTDD.Tests.SquareExtensionsTests.IsMultipleSquaresNorthEastOf_ReturnsTrue" classname="ChessWithTDD.Tests.SquareExtensionsTests" runstate="Runnable" testcasecount="2" result="Passed" start-time="2017-08-03 22:14:31Z" end-time="2017-08-03 22:14:31Z" duration="0.007508" total="2" passed="2" failed="0" warnings="0" inconclusive="0" skipped="0" asserts="2">
            <test-case id="0-1820" name="IsMultipleSquaresNorthEastOf_ReturnsTrue(4,4,2,2)" fullname="ChessWithTDD.Tests.SquareExtensionsTests.IsMultipleSquaresNorthEastOf_ReturnsTrue(4,4,2,2)" methodname="IsMultipleSquaresNorthEastOf_ReturnsTrue" classname="ChessWithTDD.Tests.SquareExtensionsTests" runstate="Runnable" seed="63919935" result="Passed" start-time="2017-08-03 22:14:31Z" end-time="2017-08-03 22:14:31Z" duration="0.000850" asserts="1" />
            <test-case id="0-1821" name="IsMultipleSquaresNorthEastOf_ReturnsTrue(6,7,2,3)" fullname="ChessWithTDD.Tests.SquareExtensionsTests.IsMultipleSquaresNorthEastOf_ReturnsTrue(6,7,2,3)" methodname="IsMultipleSquaresNorthEastOf_ReturnsTrue" classname="ChessWithTDD.Tests.SquareExtensionsTests" runstate="Runnable" seed="500156397" result="Passed" start-time="2017-08-03 22:14:31Z" end-time="2017-08-03 22:14:31Z" duration="0.000598" asserts="1" />
          </test-suite>
          <test-suite type="ParameterizedMethod" id="0-1813" name="IsMultipleSquaresNorthNorthOf_ReturnsFalse" fullname="ChessWithTDD.Tests.SquareExtensionsTests.IsMultipleSquaresNorthNorthOf_ReturnsFalse" classname="ChessWithTDD.Tests.SquareExtensionsTests" runstate="Runnable" testcasecount="2" result="Passed" start-time="2017-08-03 22:14:31Z" end-time="2017-08-03 22:14:31Z" duration="0.007014" total="2" passed="2" failed="0" warnings="0" inconclusive="0" skipped="0" asserts="2">
            <test-case id="0-1811" name="IsMultipleSquaresNorthNorthOf_ReturnsFalse(3,2,2,2)" fullname="ChessWithTDD.Tests.SquareExtensionsTests.IsMultipleSquaresNorthNorthOf_ReturnsFalse(3,2,2,2)" methodname="IsMultipleSquaresNorthNorthOf_ReturnsFalse" classname="ChessWithTDD.Tests.SquareExtensionsTests" runstate="Runnable" seed="146788191" result="Passed" start-time="2017-08-03 22:14:31Z" end-time="2017-08-03 22:14:31Z" duration="0.000719" asserts="1" />
            <test-case id="0-1812" name="IsMultipleSquaresNorthNorthOf_ReturnsFalse(7,3,5,4)" fullname="ChessWithTDD.Tests.SquareExtensionsTests.IsMultipleSquaresNorthNorthOf_ReturnsFalse(7,3,5,4)" methodname="IsMultipleSquaresNorthNorthOf_ReturnsFalse" classname="ChessWithTDD.Tests.SquareExtensionsTests" runstate="Runnable" seed="1418247887" result="Passed" start-time="2017-08-03 22:14:31Z" end-time="2017-08-03 22:14:31Z" duration="0.000500" asserts="1" />
          </test-suite>
          <test-suite type="ParameterizedMethod" id="0-1810" name="IsMultipleSquaresNorthNorthOf_ReturnsTrue" fullname="ChessWithTDD.Tests.SquareExtensionsTests.IsMultipleSquaresNorthNorthOf_ReturnsTrue" classname="ChessWithTDD.Tests.SquareExtensionsTests" runstate="Runnable" testcasecount="2" result="Passed" start-time="2017-08-03 22:14:31Z" end-time="2017-08-03 22:14:31Z" duration="0.006992" total="2" passed="2" failed="0" warnings="0" inconclusive="0" skipped="0" asserts="2">
            <test-case id="0-1808" name="IsMultipleSquaresNorthNorthOf_ReturnsTrue(5,2,2,2)" fullname="ChessWithTDD.Tests.SquareExtensionsTests.IsMultipleSquaresNorthNorthOf_ReturnsTrue(5,2,2,2)" methodname="IsMultipleSquaresNorthNorthOf_ReturnsTrue" classname="ChessWithTDD.Tests.SquareExtensionsTests" runstate="Runnable" seed="341167636" result="Passed" start-time="2017-08-03 22:14:31Z" end-time="2017-08-03 22:14:31Z" duration="0.000741" asserts="1" />
            <test-case id="0-1809" name="IsMultipleSquaresNorthNorthOf_ReturnsTrue(7,3,5,3)" fullname="ChessWithTDD.Tests.SquareExtensionsTests.IsMultipleSquaresNorthNorthOf_ReturnsTrue(7,3,5,3)" methodname="IsMultipleSquaresNorthNorthOf_ReturnsTrue" classname="ChessWithTDD.Tests.SquareExtensionsTests" runstate="Runnable" seed="1344106631" result="Passed" start-time="2017-08-03 22:14:31Z" end-time="2017-08-03 22:14:31Z" duration="0.000522" asserts="1" />
          </test-suite>
          <test-suite type="ParameterizedMethod" id="0-1819" name="IsMultipleSquaresNorthWestOf_ReturnsFalse" fullname="ChessWithTDD.Tests.SquareExtensionsTests.IsMultipleSquaresNorthWestOf_ReturnsFalse" classname="ChessWithTDD.Tests.SquareExtensionsTests" runstate="Runnable" testcasecount="2" result="Passed" start-time="2017-08-03 22:14:31Z" end-time="2017-08-03 22:14:31Z" duration="0.007036" total="2" passed="2" failed="0" warnings="0" inconclusive="0" skipped="0" asserts="2">
            <test-case id="0-1817" name="IsMultipleSquaresNorthWestOf_ReturnsFalse(3,1,2,2)" fullname="ChessWithTDD.Tests.SquareExtensionsTests.IsMultipleSquaresNorthWestOf_ReturnsFalse(3,1,2,2)" methodname="IsMultipleSquaresNorthWestOf_ReturnsFalse" classname="ChessWithTDD.Tests.SquareExtensionsTests" runstate="Runnable" seed="1392818982" result="Passed" start-time="2017-08-03 22:14:31Z" end-time="2017-08-03 22:14:31Z" duration="0.000731" asserts="1" />
            <test-case id="0-1818" name="IsMultipleSquaresNorthWestOf_ReturnsFalse(7,3,4,5)" fullname="ChessWithTDD.Tests.SquareExtensionsTests.IsMultipleSquaresNorthWestOf_ReturnsFalse(7,3,4,5)" methodname="IsMultipleSquaresNorthWestOf_ReturnsFalse" classname="ChessWithTDD.Tests.SquareExtensionsTests" runstate="Runnable" seed="393277662" result="Passed" start-time="2017-08-03 22:14:31Z" end-time="2017-08-03 22:14:31Z" duration="0.000660" asserts="1" />
          </test-suite>
          <test-suite type="ParameterizedMethod" id="0-1816" name="IsMultipleSquaresNorthWestOf_ReturnsTrue" fullname="ChessWithTDD.Tests.SquareExtensionsTests.IsMultipleSquaresNorthWestOf_ReturnsTrue" classname="ChessWithTDD.Tests.SquareExtensionsTests" runstate="Runnable" testcasecount="2" result="Passed" start-time="2017-08-03 22:14:31Z" end-time="2017-08-03 22:14:31Z" duration="0.007015" total="2" passed="2" failed="0" warnings="0" inconclusive="0" skipped="0" asserts="2">
            <test-case id="0-1814" name="IsMultipleSquaresNorthWestOf_ReturnsTrue(4,0,2,2)" fullname="ChessWithTDD.Tests.SquareExtensionsTests.IsMultipleSquaresNorthWestOf_ReturnsTrue(4,0,2,2)" methodname="IsMultipleSquaresNorthWestOf_ReturnsTrue" classname="ChessWithTDD.Tests.SquareExtensionsTests" runstate="Runnable" seed="1644098041" result="Passed" start-time="2017-08-03 22:14:31Z" end-time="2017-08-03 22:14:31Z" duration="0.000811" asserts="1" />
            <test-case id="0-1815" name="IsMultipleSquaresNorthWestOf_ReturnsTrue(7,2,4,5)" fullname="ChessWithTDD.Tests.SquareExtensionsTests.IsMultipleSquaresNorthWestOf_ReturnsTrue(7,2,4,5)" methodname="IsMultipleSquaresNorthWestOf_ReturnsTrue" classname="ChessWithTDD.Tests.SquareExtensionsTests" runstate="Runnable" seed="308327910" result="Passed" start-time="2017-08-03 22:14:31Z" end-time="2017-08-03 22:14:31Z" duration="0.000717" asserts="1" />
          </test-suite>
          <test-suite type="ParameterizedMethod" id="0-1855" name="IsMultipleSquaresSouthEastOf_ReturnsFalse" fullname="ChessWithTDD.Tests.SquareExtensionsTests.IsMultipleSquaresSouthEastOf_ReturnsFalse" classname="ChessWithTDD.Tests.SquareExtensionsTests" runstate="Runnable" testcasecount="2" result="Passed" start-time="2017-08-03 22:14:31Z" end-time="2017-08-03 22:14:31Z" duration="0.006999" total="2" passed="2" failed="0" warnings="0" inconclusive="0" skipped="0" asserts="2">
            <test-case id="0-1853" name="IsMultipleSquaresSouthEastOf_ReturnsFalse(4,6,5,5)" fullname="ChessWithTDD.Tests.SquareExtensionsTests.IsMultipleSquaresSouthEastOf_ReturnsFalse(4,6,5,5)" methodname="IsMultipleSquaresSouthEastOf_ReturnsFalse" classname="ChessWithTDD.Tests.SquareExtensionsTests" runstate="Runnable" seed="2048924412" result="Passed" start-time="2017-08-03 22:14:31Z" end-time="2017-08-03 22:14:31Z" duration="0.000821" asserts="1" />
            <test-case id="0-1854" name="IsMultipleSquaresSouthEastOf_ReturnsFalse(1,6,3,3)" fullname="ChessWithTDD.Tests.SquareExtensionsTests.IsMultipleSquaresSouthEastOf_ReturnsFalse(1,6,3,3)" methodname="IsMultipleSquaresSouthEastOf_ReturnsFalse" classname="ChessWithTDD.Tests.SquareExtensionsTests" runstate="Runnable" seed="1807183126" result="Passed" start-time="2017-08-03 22:14:31Z" end-time="2017-08-03 22:14:31Z" duration="0.000640" asserts="1" />
          </test-suite>
          <test-suite type="ParameterizedMethod" id="0-1852" name="IsMultipleSquaresSouthEastOf_ReturnsTrue" fullname="ChessWithTDD.Tests.SquareExtensionsTests.IsMultipleSquaresSouthEastOf_ReturnsTrue" classname="ChessWithTDD.Tests.SquareExtensionsTests" runstate="Runnable" testcasecount="2" result="Passed" start-time="2017-08-03 22:14:31Z" end-time="2017-08-03 22:14:31Z" duration="0.007518" total="2" passed="2" failed="0" warnings="0" inconclusive="0" skipped="0" asserts="2">
            <test-case id="0-1850" name="IsMultipleSquaresSouthEastOf_ReturnsTrue(3,7,5,5)" fullname="ChessWithTDD.Tests.SquareExtensionsTests.IsMultipleSquaresSouthEastOf_ReturnsTrue(3,7,5,5)" methodname="IsMultipleSquaresSouthEastOf_ReturnsTrue" classname="ChessWithTDD.Tests.SquareExtensionsTests" runstate="Runnable" seed="533967029" result="Passed" start-time="2017-08-03 22:14:31Z" end-time="2017-08-03 22:14:31Z" duration="0.000844" asserts="1" />
            <test-case id="0-1851" name="IsMultipleSquaresSouthEastOf_ReturnsTrue(0,6,3,3)" fullname="ChessWithTDD.Tests.SquareExtensionsTests.IsMultipleSquaresSouthEastOf_ReturnsTrue(0,6,3,3)" methodname="IsMultipleSquaresSouthEastOf_ReturnsTrue" classname="ChessWithTDD.Tests.SquareExtensionsTests" runstate="Runnable" seed="252512822" result="Passed" start-time="2017-08-03 22:14:31Z" end-time="2017-08-03 22:14:31Z" duration="0.000563" asserts="1" />
          </test-suite>
          <test-suite type="ParameterizedMethod" id="0-1843" name="IsMultipleSquaresSouthSouthOf_ReturnsFalse" fullname="ChessWithTDD.Tests.SquareExtensionsTests.IsMultipleSquaresSouthSouthOf_ReturnsFalse" classname="ChessWithTDD.Tests.SquareExtensionsTests" runstate="Runnable" testcasecount="2" result="Passed" start-time="2017-08-03 22:14:31Z" end-time="2017-08-03 22:14:31Z" duration="0.006988" total="2" passed="2" failed="0" warnings="0" inconclusive="0" skipped="0" asserts="2">
            <test-case id="0-1841" name="IsMultipleSquaresSouthSouthOf_ReturnsFalse(4,6,5,6)" fullname="ChessWithTDD.Tests.SquareExtensionsTests.IsMultipleSquaresSouthSouthOf_ReturnsFalse(4,6,5,6)" methodname="IsMultipleSquaresSouthSouthOf_ReturnsFalse" classname="ChessWithTDD.Tests.SquareExtensionsTests" runstate="Runnable" seed="880235503" result="Passed" start-time="2017-08-03 22:14:31Z" end-time="2017-08-03 22:14:31Z" duration="0.000794" asserts="1" />
            <test-case id="0-1842" name="IsMultipleSquaresSouthSouthOf_ReturnsFalse(0,0,5,1)" fullname="ChessWithTDD.Tests.SquareExtensionsTests.IsMultipleSquaresSouthSouthOf_ReturnsFalse(0,0,5,1)" methodname="IsMultipleSquaresSouthSouthOf_ReturnsFalse" classname="ChessWithTDD.Tests.SquareExtensionsTests" runstate="Runnable" seed="57850932" result="Passed" start-time="2017-08-03 22:14:31Z" end-time="2017-08-03 22:14:31Z" duration="0.000573" asserts="1" />
          </test-suite>
          <test-suite type="ParameterizedMethod" id="0-1840" name="IsMultipleSquaresSouthSouthOf_ReturnsTrue" fullname="ChessWithTDD.Tests.SquareExtensionsTests.IsMultipleSquaresSouthSouthOf_ReturnsTrue" classname="ChessWithTDD.Tests.SquareExtensionsTests" runstate="Runnable" testcasecount="2" result="Passed" start-time="2017-08-03 22:14:31Z" end-time="2017-08-03 22:14:31Z" duration="0.009004" total="2" passed="2" failed="0" warnings="0" inconclusive="0" skipped="0" asserts="2">
            <test-case id="0-1838" name="IsMultipleSquaresSouthSouthOf_ReturnsTrue(4,6,6,6)" fullname="ChessWithTDD.Tests.SquareExtensionsTests.IsMultipleSquaresSouthSouthOf_ReturnsTrue(4,6,6,6)" methodname="IsMultipleSquaresSouthSouthOf_ReturnsTrue" classname="ChessWithTDD.Tests.SquareExtensionsTests" runstate="Runnable" seed="683705457" result="Passed" start-time="2017-08-03 22:14:31Z" end-time="2017-08-03 22:14:31Z" duration="0.000776" asserts="1" />
            <test-case id="0-1839" name="IsMultipleSquaresSouthSouthOf_ReturnsTrue(0,1,5,1)" fullname="ChessWithTDD.Tests.SquareExtensionsTests.IsMultipleSquaresSouthSouthOf_ReturnsTrue(0,1,5,1)" methodname="IsMultipleSquaresSouthSouthOf_ReturnsTrue" classname="ChessWithTDD.Tests.SquareExtensionsTests" runstate="Runnable" seed="1547530778" result="Passed" start-time="2017-08-03 22:14:31Z" end-time="2017-08-03 22:14:31Z" duration="0.002464" asserts="1" />
          </test-suite>
          <test-suite type="ParameterizedMethod" id="0-1849" name="IsMultipleSquaresSouthWestOf_ReturnsFalse" fullname="ChessWithTDD.Tests.SquareExtensionsTests.IsMultipleSquaresSouthWestOf_ReturnsFalse" classname="ChessWithTDD.Tests.SquareExtensionsTests" runstate="Runnable" testcasecount="2" result="Passed" start-time="2017-08-03 22:14:31Z" end-time="2017-08-03 22:14:31Z" duration="0.007996" total="2" passed="2" failed="0" warnings="0" inconclusive="0" skipped="0" asserts="2">
            <test-case id="0-1847" name="IsMultipleSquaresSouthWestOf_ReturnsFalse(5,5,6,6)" fullname="ChessWithTDD.Tests.SquareExtensionsTests.IsMultipleSquaresSouthWestOf_ReturnsFalse(5,5,6,6)" methodname="IsMultipleSquaresSouthWestOf_ReturnsFalse" classname="ChessWithTDD.Tests.SquareExtensionsTests" runstate="Runnable" seed="24811288" result="Passed" start-time="2017-08-03 22:14:31Z" end-time="2017-08-03 22:14:31Z" duration="0.000818" asserts="1" />
            <test-case id="0-1848" name="IsMultipleSquaresSouthWestOf_ReturnsFalse(2,0,5,2)" fullname="ChessWithTDD.Tests.SquareExtensionsTests.IsMultipleSquaresSouthWestOf_ReturnsFalse(2,0,5,2)" methodname="IsMultipleSquaresSouthWestOf_ReturnsFalse" classname="ChessWithTDD.Tests.SquareExtensionsTests" runstate="Runnable" seed="1212247997" result="Passed" start-time="2017-08-03 22:14:31Z" end-time="2017-08-03 22:14:31Z" duration="0.000615" asserts="1" />
          </test-suite>
          <test-suite type="ParameterizedMethod" id="0-1846" name="IsMultipleSquaresSouthWestOf_ReturnsTrue" fullname="ChessWithTDD.Tests.SquareExtensionsTests.IsMultipleSquaresSouthWestOf_ReturnsTrue" classname="ChessWithTDD.Tests.SquareExtensionsTests" runstate="Runnable" testcasecount="2" result="Passed" start-time="2017-08-03 22:14:31Z" end-time="2017-08-03 22:14:31Z" duration="0.006755" total="2" passed="2" failed="0" warnings="0" inconclusive="0" skipped="0" asserts="2">
            <test-case id="0-1844" name="IsMultipleSquaresSouthWestOf_ReturnsTrue(4,4,6,6)" fullname="ChessWithTDD.Tests.SquareExtensionsTests.IsMultipleSquaresSouthWestOf_ReturnsTrue(4,4,6,6)" methodname="IsMultipleSquaresSouthWestOf_ReturnsTrue" classname="ChessWithTDD.Tests.SquareExtensionsTests" runstate="Runnable" seed="846677308" result="Passed" start-time="2017-08-03 22:14:31Z" end-time="2017-08-03 22:14:31Z" duration="0.000876" asserts="1" />
            <test-case id="0-1845" name="IsMultipleSquaresSouthWestOf_ReturnsTrue(2,0,5,3)" fullname="ChessWithTDD.Tests.SquareExtensionsTests.IsMultipleSquaresSouthWestOf_ReturnsTrue(2,0,5,3)" methodname="IsMultipleSquaresSouthWestOf_ReturnsTrue" classname="ChessWithTDD.Tests.SquareExtensionsTests" runstate="Runnable" seed="1368971573" result="Passed" start-time="2017-08-03 22:14:31Z" end-time="2017-08-03 22:14:31Z" duration="0.000934" asserts="1" />
          </test-suite>
          <test-suite type="ParameterizedMethod" id="0-1831" name="IsMultipleSquaresWestWestOf_ReturnsFalse" fullname="ChessWithTDD.Tests.SquareExtensionsTests.IsMultipleSquaresWestWestOf_ReturnsFalse" classname="ChessWithTDD.Tests.SquareExtensionsTests" runstate="Runnable" testcasecount="2" result="Passed" start-time="2017-08-03 22:14:31Z" end-time="2017-08-03 22:14:31Z" duration="0.007058" total="2" passed="2" failed="0" warnings="0" inconclusive="0" skipped="0" asserts="2">
            <test-case id="0-1829" name="IsMultipleSquaresWestWestOf_ReturnsFalse(4,4,4,5)" fullname="ChessWithTDD.Tests.SquareExtensionsTests.IsMultipleSquaresWestWestOf_ReturnsFalse(4,4,4,5)" methodname="IsMultipleSquaresWestWestOf_ReturnsFalse" classname="ChessWithTDD.Tests.SquareExtensionsTests" runstate="Runnable" seed="389896772" result="Passed" start-time="2017-08-03 22:14:31Z" end-time="2017-08-03 22:14:31Z" duration="0.000718" asserts="1" />
            <test-case id="0-1830" name="IsMultipleSquaresWestWestOf_ReturnsFalse(6,0,7,6)" fullname="ChessWithTDD.Tests.SquareExtensionsTests.IsMultipleSquaresWestWestOf_ReturnsFalse(6,0,7,6)" methodname="IsMultipleSquaresWestWestOf_ReturnsFalse" classname="ChessWithTDD.Tests.SquareExtensionsTests" runstate="Runnable" seed="181063471" result="Passed" start-time="2017-08-03 22:14:31Z" end-time="2017-08-03 22:14:31Z" duration="0.000425" asserts="1" />
          </test-suite>
          <test-suite type="ParameterizedMethod" id="0-1828" name="IsMultipleSquaresWestWestOf_ReturnsTrue" fullname="ChessWithTDD.Tests.SquareExtensionsTests.IsMultipleSquaresWestWestOf_ReturnsTrue" classname="ChessWithTDD.Tests.SquareExtensionsTests" runstate="Runnable" testcasecount="2" result="Passed" start-time="2017-08-03 22:14:31Z" end-time="2017-08-03 22:14:31Z" duration="0.007535" total="2" passed="2" failed="0" warnings="0" inconclusive="0" skipped="0" asserts="2">
            <test-case id="0-1826" name="IsMultipleSquaresWestWestOf_ReturnsTrue(4,2,4,5)" fullname="ChessWithTDD.Tests.SquareExtensionsTests.IsMultipleSquaresWestWestOf_ReturnsTrue(4,2,4,5)" methodname="IsMultipleSquaresWestWestOf_ReturnsTrue" classname="ChessWithTDD.Tests.SquareExtensionsTests" runstate="Runnable" seed="510184688" result="Passed" start-time="2017-08-03 22:14:31Z" end-time="2017-08-03 22:14:31Z" duration="0.000860" asserts="1" />
            <test-case id="0-1827" name="IsMultipleSquaresWestWestOf_ReturnsTrue(6,0,6,6)" fullname="ChessWithTDD.Tests.SquareExtensionsTests.IsMultipleSquaresWestWestOf_ReturnsTrue(6,0,6,6)" methodname="IsMultipleSquaresWestWestOf_ReturnsTrue" classname="ChessWithTDD.Tests.SquareExtensionsTests" runstate="Runnable" seed="1911534634" result="Passed" start-time="2017-08-03 22:14:31Z" end-time="2017-08-03 22:14:31Z" duration="0.000516" asserts="1" />
          </test-suite>
          <test-suite type="ParameterizedMethod" id="0-1863" name="IsOneSquareDiagonallyAbove_ReturnsFalse" fullname="ChessWithTDD.Tests.SquareExtensionsTests.IsOneSquareDiagonallyAbove_ReturnsFalse" classname="ChessWithTDD.Tests.SquareExtensionsTests" runstate="Runnable" testcasecount="3" result="Passed" start-time="2017-08-03 22:14:31Z" end-time="2017-08-03 22:14:31Z" duration="0.010201" total="3" passed="3" failed="0" warnings="0" inconclusive="0" skipped="0" asserts="3">
            <test-case id="0-1860" name="IsOneSquareDiagonallyAbove_ReturnsFalse(4,4,2,2)" fullname="ChessWithTDD.Tests.SquareExtensionsTests.IsOneSquareDiagonallyAbove_ReturnsFalse(4,4,2,2)" methodname="IsOneSquareDiagonallyAbove_ReturnsFalse" classname="ChessWithTDD.Tests.SquareExtensionsTests" runstate="Runnable" seed="1722026537" result="Passed" start-time="2017-08-03 22:14:31Z" end-time="2017-08-03 22:14:31Z" duration="0.000704" asserts="1" />
            <test-case id="0-1861" name="IsOneSquareDiagonallyAbove_ReturnsFalse(3,2,2,2)" fullname="ChessWithTDD.Tests.SquareExtensionsTests.IsOneSquareDiagonallyAbove_ReturnsFalse(3,2,2,2)" methodname="IsOneSquareDiagonallyAbove_ReturnsFalse" classname="ChessWithTDD.Tests.SquareExtensionsTests" runstate="Runnable" seed="1627055546" result="Passed" start-time="2017-08-03 22:14:31Z" end-time="2017-08-03 22:14:31Z" duration="0.000566" asserts="1" />
            <test-case id="0-1862" name="IsOneSquareDiagonallyAbove_ReturnsFalse(4,5,4,6)" fullname="ChessWithTDD.Tests.SquareExtensionsTests.IsOneSquareDiagonallyAbove_ReturnsFalse(4,5,4,6)" methodname="IsOneSquareDiagonallyAbove_ReturnsFalse" classname="ChessWithTDD.Tests.SquareExtensionsTests" runstate="Runnable" seed="1023137514" result="Passed" start-time="2017-08-03 22:14:31Z" end-time="2017-08-03 22:14:31Z" duration="0.000423" asserts="1" />
          </test-suite>
          <test-suite type="ParameterizedMethod" id="0-1859" name="IsOneSquareDiagonallyAbove_ReturnsTrue" fullname="ChessWithTDD.Tests.SquareExtensionsTests.IsOneSquareDiagonallyAbove_ReturnsTrue" classname="ChessWithTDD.Tests.SquareExtensionsTests" runstate="Runnable" testcasecount="3" result="Passed" start-time="2017-08-03 22:14:31Z" end-time="2017-08-03 22:14:31Z" duration="0.010550" total="3" passed="3" failed="0" warnings="0" inconclusive="0" skipped="0" asserts="3">
            <test-case id="0-1856" name="IsOneSquareDiagonallyAbove_ReturnsTrue(3,3,2,2)" fullname="ChessWithTDD.Tests.SquareExtensionsTests.IsOneSquareDiagonallyAbove_ReturnsTrue(3,3,2,2)" methodname="IsOneSquareDiagonallyAbove_ReturnsTrue" classname="ChessWithTDD.Tests.SquareExtensionsTests" runstate="Runnable" seed="1839076818" result="Passed" start-time="2017-08-03 22:14:31Z" end-time="2017-08-03 22:14:31Z" duration="0.000827" asserts="1" />
            <test-case id="0-1857" name="IsOneSquareDiagonallyAbove_ReturnsTrue(3,1,2,2)" fullname="ChessWithTDD.Tests.SquareExtensionsTests.IsOneSquareDiagonallyAbove_ReturnsTrue(3,1,2,2)" methodname="IsOneSquareDiagonallyAbove_ReturnsTrue" classname="ChessWithTDD.Tests.SquareExtensionsTests" runstate="Runnable" seed="1977473452" result="Passed" start-time="2017-08-03 22:14:31Z" end-time="2017-08-03 22:14:31Z" duration="0.000518" asserts="1" />
            <test-case id="0-1858" name="IsOneSquareDiagonallyAbove_ReturnsTrue(4,5,3,4)" fullname="ChessWithTDD.Tests.SquareExtensionsTests.IsOneSquareDiagonallyAbove_ReturnsTrue(4,5,3,4)" methodname="IsOneSquareDiagonallyAbove_ReturnsTrue" classname="ChessWithTDD.Tests.SquareExtensionsTests" runstate="Runnable" seed="2080394884" result="Passed" start-time="2017-08-03 22:14:31Z" end-time="2017-08-03 22:14:31Z" duration="0.000488" asserts="1" />
          </test-suite>
          <test-suite type="ParameterizedMethod" id="0-1871" name="IsOneSquareDiagonallyBelow_ReturnsFalse" fullname="ChessWithTDD.Tests.SquareExtensionsTests.IsOneSquareDiagonallyBelow_ReturnsFalse" classname="ChessWithTDD.Tests.SquareExtensionsTests" runstate="Runnable" testcasecount="3" result="Passed" start-time="2017-08-03 22:14:31Z" end-time="2017-08-03 22:14:31Z" duration="0.010009" total="3" passed="3" failed="0" warnings="0" inconclusive="0" skipped="0" asserts="3">
            <test-case id="0-1868" name="IsOneSquareDiagonallyBelow_ReturnsFalse(0,0,2,2)" fullname="ChessWithTDD.Tests.SquareExtensionsTests.IsOneSquareDiagonallyBelow_ReturnsFalse(0,0,2,2)" methodname="IsOneSquareDiagonallyBelow_ReturnsFalse" classname="ChessWithTDD.Tests.SquareExtensionsTests" runstate="Runnable" seed="357348442" result="Passed" start-time="2017-08-03 22:14:31Z" end-time="2017-08-03 22:14:31Z" duration="0.000756" asserts="1" />
            <test-case id="0-1869" name="IsOneSquareDiagonallyBelow_ReturnsFalse(1,3,2,3)" fullname="ChessWithTDD.Tests.SquareExtensionsTests.IsOneSquareDiagonallyBelow_ReturnsFalse(1,3,2,3)" methodname="IsOneSquareDiagonallyBelow_ReturnsFalse" classname="ChessWithTDD.Tests.SquareExtensionsTests" runstate="Runnable" seed="1316981291" result="Passed" start-time="2017-08-03 22:14:31Z" end-time="2017-08-03 22:14:31Z" duration="0.000645" asserts="1" />
            <test-case id="0-1870" name="IsOneSquareDiagonallyBelow_ReturnsFalse(2,5,2,4)" fullname="ChessWithTDD.Tests.SquareExtensionsTests.IsOneSquareDiagonallyBelow_ReturnsFalse(2,5,2,4)" methodname="IsOneSquareDiagonallyBelow_ReturnsFalse" classname="ChessWithTDD.Tests.SquareExtensionsTests" runstate="Runnable" seed="784205560" result="Passed" start-time="2017-08-03 22:14:31Z" end-time="2017-08-03 22:14:31Z" duration="0.000436" asserts="1" />
          </test-suite>
          <test-suite type="ParameterizedMethod" id="0-1867" name="IsOneSquareDiagonallyBelow_ReturnsTrue" fullname="ChessWithTDD.Tests.SquareExtensionsTests.IsOneSquareDiagonallyBelow_ReturnsTrue" classname="ChessWithTDD.Tests.SquareExtensionsTests" runstate="Runnable" testcasecount="3" result="Passed" start-time="2017-08-03 22:14:31Z" end-time="2017-08-03 22:14:31Z" duration="0.010496" total="3" passed="3" failed="0" warnings="0" inconclusive="0" skipped="0" asserts="3">
            <test-case id="0-1864" name="IsOneSquareDiagonallyBelow_ReturnsTrue(1,1,2,2)" fullname="ChessWithTDD.Tests.SquareExtensionsTests.IsOneSquareDiagonallyBelow_ReturnsTrue(1,1,2,2)" methodname="IsOneSquareDiagonallyBelow_ReturnsTrue" classname="ChessWithTDD.Tests.SquareExtensionsTests" runstate="Runnable" seed="874185728" result="Passed" start-time="2017-08-03 22:14:31Z" end-time="2017-08-03 22:14:31Z" duration="0.000956" asserts="1" />
            <test-case id="0-1865" name="IsOneSquareDiagonallyBelow_ReturnsTrue(1,3,2,2)" fullname="ChessWithTDD.Tests.SquareExtensionsTests.IsOneSquareDiagonallyBelow_ReturnsTrue(1,3,2,2)" methodname="IsOneSquareDiagonallyBelow_ReturnsTrue" classname="ChessWithTDD.Tests.SquareExtensionsTests" runstate="Runnable" seed="1331153466" result="Passed" start-time="2017-08-03 22:14:31Z" end-time="2017-08-03 22:14:31Z" duration="0.000494" asserts="1" />
            <test-case id="0-1866" name="IsOneSquareDiagonallyBelow_ReturnsTrue(2,5,3,4)" fullname="ChessWithTDD.Tests.SquareExtensionsTests.IsOneSquareDiagonallyBelow_ReturnsTrue(2,5,3,4)" methodname="IsOneSquareDiagonallyBelow_ReturnsTrue" classname="ChessWithTDD.Tests.SquareExtensionsTests" runstate="Runnable" seed="1187352150" result="Passed" start-time="2017-08-03 22:14:31Z" end-time="2017-08-03 22:14:31Z" duration="0.000590" asserts="1" />
          </test-suite>
        </test-suite>
        <test-suite type="TestFixture" id="0-1945" name="SquareTests" fullname="ChessWithTDD.Tests.SquareTests" classname="ChessWithTDD.Tests.SquareTests" runstate="Runnable" testcasecount="3" result="Passed" start-time="2017-08-03 22:14:31Z" end-time="2017-08-03 22:14:31Z" duration="0.009949" total="3" passed="3" failed="0" warnings="0" inconclusive="0" skipped="0" asserts="4">
          <test-case id="0-1947" name="SquareContainsPieceAfterCallingAddPiece" fullname="ChessWithTDD.Tests.SquareTests.SquareContainsPieceAfterCallingAddPiece" methodname="SquareContainsPieceAfterCallingAddPiece" classname="ChessWithTDD.Tests.SquareTests" runstate="Runnable" seed="1049571967" result="Passed" start-time="2017-08-03 22:14:31Z" end-time="2017-08-03 22:14:31Z" duration="0.000340" asserts="1" />
          <test-case id="0-1946" name="SquareInitialisedHasNoPieceInIt" fullname="ChessWithTDD.Tests.SquareTests.SquareInitialisedHasNoPieceInIt" methodname="SquareInitialisedHasNoPieceInIt" classname="ChessWithTDD.Tests.SquareTests" runstate="Runnable" seed="692059323" result="Passed" start-time="2017-08-03 22:14:31Z" end-time="2017-08-03 22:14:31Z" duration="0.000280" asserts="1" />
          <test-case id="0-1948" name="SquareInitialisedWithRowAndColCorrectly" fullname="ChessWithTDD.Tests.SquareTests.SquareInitialisedWithRowAndColCorrectly" methodname="SquareInitialisedWithRowAndColCorrectly" classname="ChessWithTDD.Tests.SquareTests" runstate="Runnable" seed="951166060" result="Passed" start-time="2017-08-03 22:14:31Z" end-time="2017-08-03 22:14:31Z" duration="0.000303" asserts="2" />
        </test-suite>
        <test-suite type="TestFixture" id="0-1799" name="StrictServiceLocatorTests" fullname="ChessWithTDD.Tests.StrictServiceLocatorTests" classname="ChessWithTDD.Tests.StrictServiceLocatorTests" runstate="Runnable" testcasecount="7" result="Passed" start-time="2017-08-03 22:14:31Z" end-time="2017-08-03 22:14:31Z" duration="0.026216" total="7" passed="7" failed="0" warnings="0" inconclusive="0" skipped="0" asserts="7">
          <test-case id="0-1800" name="BoardCacheServiceIsImplemented" fullname="ChessWithTDD.Tests.StrictServiceLocatorTests.BoardCacheServiceIsImplemented" methodname="BoardCacheServiceIsImplemented" classname="ChessWithTDD.Tests.StrictServiceLocatorTests" runstate="Runnable" seed="246186188" result="Passed" start-time="2017-08-03 22:14:31Z" end-time="2017-08-03 22:14:31Z" duration="0.000455" asserts="1" />
          <test-case id="0-1801" name="BoardInitialiserServiceIsImplemented" fullname="ChessWithTDD.Tests.StrictServiceLocatorTests.BoardInitialiserServiceIsImplemented" methodname="BoardInitialiserServiceIsImplemented" classname="ChessWithTDD.Tests.StrictServiceLocatorTests" runstate="Runnable" seed="1225998389" result="Passed" start-time="2017-08-03 22:14:31Z" end-time="2017-08-03 22:14:31Z" duration="0.000475" asserts="1" />
          <test-case id="0-1802" name="CheckManagerServiceIsImplemented" fullname="ChessWithTDD.Tests.StrictServiceLocatorTests.CheckManagerServiceIsImplemented" methodname="CheckManagerServiceIsImplemented" classname="ChessWithTDD.Tests.StrictServiceLocatorTests" runstate="Runnable" seed="701361574" result="Passed" start-time="2017-08-03 22:14:31Z" end-time="2017-08-03 22:14:31Z" duration="0.000500" asserts="1" />
          <test-case id="0-1805" name="MoveExecutorServiceIsImplemented" fullname="ChessWithTDD.Tests.StrictServiceLocatorTests.MoveExecutorServiceIsImplemented" methodname="MoveExecutorServiceIsImplemented" classname="ChessWithTDD.Tests.StrictServiceLocatorTests" runstate="Runnable" seed="651553783" result="Passed" start-time="2017-08-03 22:14:31Z" end-time="2017-08-03 22:14:31Z" duration="0.000639" asserts="1" />
          <test-case id="0-1806" name="MoveIntoCheckValidatorServiceIsImplemented" fullname="ChessWithTDD.Tests.StrictServiceLocatorTests.MoveIntoCheckValidatorServiceIsImplemented" methodname="MoveIntoCheckValidatorServiceIsImplemented" classname="ChessWithTDD.Tests.StrictServiceLocatorTests" runstate="Runnable" seed="870098529" result="Passed" start-time="2017-08-03 22:14:31Z" end-time="2017-08-03 22:14:31Z" duration="0.000464" asserts="1" />
          <test-case id="0-1803" name="MoveValidatorServiceIsImplemented" fullname="ChessWithTDD.Tests.StrictServiceLocatorTests.MoveValidatorServiceIsImplemented" methodname="MoveValidatorServiceIsImplemented" classname="ChessWithTDD.Tests.StrictServiceLocatorTests" runstate="Runnable" seed="811642603" result="Passed" start-time="2017-08-03 22:14:31Z" end-time="2017-08-03 22:14:31Z" duration="0.000419" asserts="1" />
          <test-case id="0-1804" name="PawnManagerServiceIsImplemented" fullname="ChessWithTDD.Tests.StrictServiceLocatorTests.PawnManagerServiceIsImplemented" methodname="PawnManagerServiceIsImplemented" classname="ChessWithTDD.Tests.StrictServiceLocatorTests" runstate="Runnable" seed="750711941" result="Passed" start-time="2017-08-03 22:14:31Z" end-time="2017-08-03 22:14:31Z" duration="0.000629" asserts="1" />
        </test-suite>
        <test-suite type="TestFixture" id="0-1949" name="WhitePawnTests" fullname="ChessWithTDD.Tests.WhitePawnTests" classname="ChessWithTDD.Tests.WhitePawnTests" runstate="Runnable" testcasecount="21" result="Passed" start-time="2017-08-03 22:14:31Z" end-time="2017-08-03 22:14:31Z" duration="0.123050" total="21" passed="21" failed="0" warnings="0" inconclusive="0" skipped="0" asserts="21">
          <test-suite type="ParameterizedMethod" id="0-1958" name="WhitePawnCanMoveDiagonallyUpTheBoardIfBlackPieceThere" fullname="ChessWithTDD.Tests.WhitePawnTests.WhitePawnCanMoveDiagonallyUpTheBoardIfBlackPieceThere" classname="ChessWithTDD.Tests.WhitePawnTests" runstate="Runnable" testcasecount="2" result="Passed" start-time="2017-08-03 22:14:31Z" end-time="2017-08-03 22:14:31Z" duration="0.009073" total="2" passed="2" failed="0" warnings="0" inconclusive="0" skipped="0" asserts="2">
            <test-case id="0-1956" name="WhitePawnCanMoveDiagonallyUpTheBoardIfBlackPieceThere(4,4,5,5)" fullname="ChessWithTDD.Tests.WhitePawnTests.WhitePawnCanMoveDiagonallyUpTheBoardIfBlackPieceThere(4,4,5,5)" methodname="WhitePawnCanMoveDiagonallyUpTheBoardIfBlackPieceThere" classname="ChessWithTDD.Tests.WhitePawnTests" runstate="Runnable" seed="1417118931" result="Passed" start-time="2017-08-03 22:14:31Z" end-time="2017-08-03 22:14:31Z" duration="0.001948" asserts="1" />
            <test-case id="0-1957" name="WhitePawnCanMoveDiagonallyUpTheBoardIfBlackPieceThere(4,4,5,3)" fullname="ChessWithTDD.Tests.WhitePawnTests.WhitePawnCanMoveDiagonallyUpTheBoardIfBlackPieceThere(4,4,5,3)" methodname="WhitePawnCanMoveDiagonallyUpTheBoardIfBlackPieceThere" classname="ChessWithTDD.Tests.WhitePawnTests" runstate="Runnable" seed="1393495162" result="Passed" start-time="2017-08-03 22:14:31Z" end-time="2017-08-03 22:14:31Z" duration="0.000939" asserts="1" />
          </test-suite>
          <test-suite type="ParameterizedMethod" id="0-1964" name="WhitePawnCanMoveDiagonallyUpwardsToEmptySquareIfToSquareHasEnPassantMark" fullname="ChessWithTDD.Tests.WhitePawnTests.WhitePawnCanMoveDiagonallyUpwardsToEmptySquareIfToSquareHasEnPassantMark" classname="ChessWithTDD.Tests.WhitePawnTests" runstate="Runnable" testcasecount="2" result="Passed" start-time="2017-08-03 22:14:31Z" end-time="2017-08-03 22:14:31Z" duration="0.008026" total="2" passed="2" failed="0" warnings="0" inconclusive="0" skipped="0" asserts="2">
            <test-case id="0-1962" name="WhitePawnCanMoveDiagonallyUpwardsToEmptySquareIfToSquareHasEnPassantMark(4,4,5,5)" fullname="ChessWithTDD.Tests.WhitePawnTests.WhitePawnCanMoveDiagonallyUpwardsToEmptySquareIfToSquareHasEnPassantMark(4,4,5,5)" methodname="WhitePawnCanMoveDiagonallyUpwardsToEmptySquareIfToSquareHasEnPassantMark" classname="ChessWithTDD.Tests.WhitePawnTests" runstate="Runnable" seed="106846011" result="Passed" start-time="2017-08-03 22:14:31Z" end-time="2017-08-03 22:14:31Z" duration="0.001345" asserts="1" />
            <test-case id="0-1963" name="WhitePawnCanMoveDiagonallyUpwardsToEmptySquareIfToSquareHasEnPassantMark(4,4,5,3)" fullname="ChessWithTDD.Tests.WhitePawnTests.WhitePawnCanMoveDiagonallyUpwardsToEmptySquareIfToSquareHasEnPassantMark(4,4,5,3)" methodname="WhitePawnCanMoveDiagonallyUpwardsToEmptySquareIfToSquareHasEnPassantMark" classname="ChessWithTDD.Tests.WhitePawnTests" runstate="Runnable" seed="374410311" result="Passed" start-time="2017-08-03 22:14:31Z" end-time="2017-08-03 22:14:31Z" duration="0.000935" asserts="1" />
          </test-suite>
          <test-suite type="ParameterizedMethod" id="0-1952" name="WhitePawnCanMoveOneVerticalPositionUpTheBoard" fullname="ChessWithTDD.Tests.WhitePawnTests.WhitePawnCanMoveOneVerticalPositionUpTheBoard" classname="ChessWithTDD.Tests.WhitePawnTests" runstate="Runnable" testcasecount="2" result="Passed" start-time="2017-08-03 22:14:31Z" end-time="2017-08-03 22:14:31Z" duration="0.008012" total="2" passed="2" failed="0" warnings="0" inconclusive="0" skipped="0" asserts="2">
            <test-case id="0-1950" name="WhitePawnCanMoveOneVerticalPositionUpTheBoard(5,2,6,2)" fullname="ChessWithTDD.Tests.WhitePawnTests.WhitePawnCanMoveOneVerticalPositionUpTheBoard(5,2,6,2)" methodname="WhitePawnCanMoveOneVerticalPositionUpTheBoard" classname="ChessWithTDD.Tests.WhitePawnTests" runstate="Runnable" seed="2040664502" result="Passed" start-time="2017-08-03 22:14:31Z" end-time="2017-08-03 22:14:31Z" duration="0.001126" asserts="1" />
            <test-case id="0-1951" name="WhitePawnCanMoveOneVerticalPositionUpTheBoard(3,3,4,3)" fullname="ChessWithTDD.Tests.WhitePawnTests.WhitePawnCanMoveOneVerticalPositionUpTheBoard(3,3,4,3)" methodname="WhitePawnCanMoveOneVerticalPositionUpTheBoard" classname="ChessWithTDD.Tests.WhitePawnTests" runstate="Runnable" seed="213436529" result="Passed" start-time="2017-08-03 22:14:31Z" end-time="2017-08-03 22:14:31Z" duration="0.000741" asserts="1" />
          </test-suite>
          <test-suite type="ParameterizedMethod" id="0-1970" name="WhitePawnCanMoveTwoVerticalSpacesUpTheBoardIfItHasNotMovedBefore" fullname="ChessWithTDD.Tests.WhitePawnTests.WhitePawnCanMoveTwoVerticalSpacesUpTheBoardIfItHasNotMovedBefore" classname="ChessWithTDD.Tests.WhitePawnTests" runstate="Runnable" testcasecount="2" result="Passed" start-time="2017-08-03 22:14:31Z" end-time="2017-08-03 22:14:31Z" duration="0.009017" total="2" passed="2" failed="0" warnings="0" inconclusive="0" skipped="0" asserts="2">
            <test-case id="0-1968" name="WhitePawnCanMoveTwoVerticalSpacesUpTheBoardIfItHasNotMovedBefore(4,4,6,4)" fullname="ChessWithTDD.Tests.WhitePawnTests.WhitePawnCanMoveTwoVerticalSpacesUpTheBoardIfItHasNotMovedBefore(4,4,6,4)" methodname="WhitePawnCanMoveTwoVerticalSpacesUpTheBoardIfItHasNotMovedBefore" classname="ChessWithTDD.Tests.WhitePawnTests" runstate="Runnable" seed="1900593701" result="Passed" start-time="2017-08-03 22:14:31Z" end-time="2017-08-03 22:14:31Z" duration="0.001740" asserts="1" />
            <test-case id="0-1969" name="WhitePawnCanMoveTwoVerticalSpacesUpTheBoardIfItHasNotMovedBefore(2,1,4,1)" fullname="ChessWithTDD.Tests.WhitePawnTests.WhitePawnCanMoveTwoVerticalSpacesUpTheBoardIfItHasNotMovedBefore(2,1,4,1)" methodname="WhitePawnCanMoveTwoVerticalSpacesUpTheBoardIfItHasNotMovedBefore" classname="ChessWithTDD.Tests.WhitePawnTests" runstate="Runnable" seed="368114141" result="Passed" start-time="2017-08-03 22:14:31Z" end-time="2017-08-03 22:14:31Z" duration="0.000898" asserts="1" />
          </test-suite>
          <test-suite type="ParameterizedMethod" id="0-1961" name="WhitePawnCannotMoveDiagonallyUpTheBoardIfNoPieceThere" fullname="ChessWithTDD.Tests.WhitePawnTests.WhitePawnCannotMoveDiagonallyUpTheBoardIfNoPieceThere" classname="ChessWithTDD.Tests.WhitePawnTests" runstate="Runnable" testcasecount="2" result="Passed" start-time="2017-08-03 22:14:31Z" end-time="2017-08-03 22:14:31Z" duration="0.007471" total="2" passed="2" failed="0" warnings="0" inconclusive="0" skipped="0" asserts="2">
            <test-case id="0-1959" name="WhitePawnCannotMoveDiagonallyUpTheBoardIfNoPieceThere(4,4,5,5)" fullname="ChessWithTDD.Tests.WhitePawnTests.WhitePawnCannotMoveDiagonallyUpTheBoardIfNoPieceThere(4,4,5,5)" methodname="WhitePawnCannotMoveDiagonallyUpTheBoardIfNoPieceThere" classname="ChessWithTDD.Tests.WhitePawnTests" runstate="Runnable" seed="498598416" result="Passed" start-time="2017-08-03 22:14:31Z" end-time="2017-08-03 22:14:31Z" duration="0.001277" asserts="1" />
            <test-case id="0-1960" name="WhitePawnCannotMoveDiagonallyUpTheBoardIfNoPieceThere(4,4,5,3)" fullname="ChessWithTDD.Tests.WhitePawnTests.WhitePawnCannotMoveDiagonallyUpTheBoardIfNoPieceThere(4,4,5,3)" methodname="WhitePawnCannotMoveDiagonallyUpTheBoardIfNoPieceThere" classname="ChessWithTDD.Tests.WhitePawnTests" runstate="Runnable" seed="940419339" result="Passed" start-time="2017-08-03 22:14:31Z" end-time="2017-08-03 22:14:31Z" duration="0.000860" asserts="1" />
          </test-suite>
          <test-suite type="ParameterizedMethod" id="0-1967" name="WhitePawnCannotMoveDiagonallyUpwardsToEmptySquareIfToSquareHasNoEnPassantMark" fullname="ChessWithTDD.Tests.WhitePawnTests.WhitePawnCannotMoveDiagonallyUpwardsToEmptySquareIfToSquareHasNoEnPassantMark" classname="ChessWithTDD.Tests.WhitePawnTests" runstate="Runnable" testcasecount="2" result="Passed" start-time="2017-08-03 22:14:31Z" end-time="2017-08-03 22:14:31Z" duration="0.007518" total="2" passed="2" failed="0" warnings="0" inconclusive="0" skipped="0" asserts="2">
            <test-case id="0-1965" name="WhitePawnCannotMoveDiagonallyUpwardsToEmptySquareIfToSquareHasNoEnPassantMark(4,4,5,5)" fullname="ChessWithTDD.Tests.WhitePawnTests.WhitePawnCannotMoveDiagonallyUpwardsToEmptySquareIfToSquareHasNoEnPassantMark(4,4,5,5)" methodname="WhitePawnCannotMoveDiagonallyUpwardsToEmptySquareIfToSquareHasNoEnPassantMark" classname="ChessWithTDD.Tests.WhitePawnTests" runstate="Runnable" seed="61410635" result="Passed" start-time="2017-08-03 22:14:31Z" end-time="2017-08-03 22:14:31Z" duration="0.001198" asserts="1" />
            <test-case id="0-1966" name="WhitePawnCannotMoveDiagonallyUpwardsToEmptySquareIfToSquareHasNoEnPassantMark(4,4,5,3)" fullname="ChessWithTDD.Tests.WhitePawnTests.WhitePawnCannotMoveDiagonallyUpwardsToEmptySquareIfToSquareHasNoEnPassantMark(4,4,5,3)" methodname="WhitePawnCannotMoveDiagonallyUpwardsToEmptySquareIfToSquareHasNoEnPassantMark" classname="ChessWithTDD.Tests.WhitePawnTests" runstate="Runnable" seed="1056421468" result="Passed" start-time="2017-08-03 22:14:31Z" end-time="2017-08-03 22:14:31Z" duration="0.000885" asserts="1" />
          </test-suite>
          <test-suite type="ParameterizedMethod" id="0-1979" name="WhitePawnCannotMoveOneHorizontalPositionAcrossTheBoard" fullname="ChessWithTDD.Tests.WhitePawnTests.WhitePawnCannotMoveOneHorizontalPositionAcrossTheBoard" classname="ChessWithTDD.Tests.WhitePawnTests" runstate="Runnable" testcasecount="2" result="Passed" start-time="2017-08-03 22:14:31Z" end-time="2017-08-03 22:14:31Z" duration="0.007489" total="2" passed="2" failed="0" warnings="0" inconclusive="0" skipped="0" asserts="2">
            <test-case id="0-1977" name="WhitePawnCannotMoveOneHorizontalPositionAcrossTheBoard(5,2,5,3)" fullname="ChessWithTDD.Tests.WhitePawnTests.WhitePawnCannotMoveOneHorizontalPositionAcrossTheBoard(5,2,5,3)" methodname="WhitePawnCannotMoveOneHorizontalPositionAcrossTheBoard" classname="ChessWithTDD.Tests.WhitePawnTests" runstate="Runnable" seed="849891113" result="Passed" start-time="2017-08-03 22:14:31Z" end-time="2017-08-03 22:14:31Z" duration="0.001071" asserts="1" />
            <test-case id="0-1978" name="WhitePawnCannotMoveOneHorizontalPositionAcrossTheBoard(3,3,3,2)" fullname="ChessWithTDD.Tests.WhitePawnTests.WhitePawnCannotMoveOneHorizontalPositionAcrossTheBoard(3,3,3,2)" methodname="WhitePawnCannotMoveOneHorizontalPositionAcrossTheBoard" classname="ChessWithTDD.Tests.WhitePawnTests" runstate="Runnable" seed="509196300" result="Passed" start-time="2017-08-03 22:14:31Z" end-time="2017-08-03 22:14:31Z" duration="0.000758" asserts="1" />
          </test-suite>
          <test-suite type="ParameterizedMethod" id="0-1981" name="WhitePawnCannotMoveOneVerticalPositionDownTheBoard" fullname="ChessWithTDD.Tests.WhitePawnTests.WhitePawnCannotMoveOneVerticalPositionDownTheBoard" classname="ChessWithTDD.Tests.WhitePawnTests" runstate="Runnable" testcasecount="1" result="Passed" start-time="2017-08-03 22:14:31Z" end-time="2017-08-03 22:14:31Z" duration="0.004015" total="1" passed="1" failed="0" warnings="0" inconclusive="0" skipped="0" asserts="1">
            <test-case id="0-1980" name="WhitePawnCannotMoveOneVerticalPositionDownTheBoard(1,1,0,1)" fullname="ChessWithTDD.Tests.WhitePawnTests.WhitePawnCannotMoveOneVerticalPositionDownTheBoard(1,1,0,1)" methodname="WhitePawnCannotMoveOneVerticalPositionDownTheBoard" classname="ChessWithTDD.Tests.WhitePawnTests" runstate="Runnable" seed="1991461776" result="Passed" start-time="2017-08-03 22:14:31Z" end-time="2017-08-03 22:14:31Z" duration="0.001242" asserts="1" />
          </test-suite>
          <test-suite type="ParameterizedMethod" id="0-1955" name="WhitePawnCannotMoveOneVerticalPositionUpTheBoardIfBlackPieceThere" fullname="ChessWithTDD.Tests.WhitePawnTests.WhitePawnCannotMoveOneVerticalPositionUpTheBoardIfBlackPieceThere" classname="ChessWithTDD.Tests.WhitePawnTests" runstate="Runnable" testcasecount="2" result="Passed" start-time="2017-08-03 22:14:31Z" end-time="2017-08-03 22:14:31Z" duration="0.009529" total="2" passed="2" failed="0" warnings="0" inconclusive="0" skipped="0" asserts="2">
            <test-case id="0-1953" name="WhitePawnCannotMoveOneVerticalPositionUpTheBoardIfBlackPieceThere(5,2,6,2)" fullname="ChessWithTDD.Tests.WhitePawnTests.WhitePawnCannotMoveOneVerticalPositionUpTheBoardIfBlackPieceThere(5,2,6,2)" methodname="WhitePawnCannotMoveOneVerticalPositionUpTheBoardIfBlackPieceThere" classname="ChessWithTDD.Tests.WhitePawnTests" runstate="Runnable" seed="1714426771" result="Passed" start-time="2017-08-03 22:14:31Z" end-time="2017-08-03 22:14:31Z" duration="0.001488" asserts="1" />
            <test-case id="0-1954" name="WhitePawnCannotMoveOneVerticalPositionUpTheBoardIfBlackPieceThere(3,3,4,3)" fullname="ChessWithTDD.Tests.WhitePawnTests.WhitePawnCannotMoveOneVerticalPositionUpTheBoardIfBlackPieceThere(3,3,4,3)" methodname="WhitePawnCannotMoveOneVerticalPositionUpTheBoardIfBlackPieceThere" classname="ChessWithTDD.Tests.WhitePawnTests" runstate="Runnable" seed="1699228949" result="Passed" start-time="2017-08-03 22:14:31Z" end-time="2017-08-03 22:14:31Z" duration="0.001100" asserts="1" />
          </test-suite>
          <test-suite type="ParameterizedMethod" id="0-1973" name="WhitePawnCannotMoveTwoVerticalSpacesUpTheBoardIfItHasMovedBefore" fullname="ChessWithTDD.Tests.WhitePawnTests.WhitePawnCannotMoveTwoVerticalSpacesUpTheBoardIfItHasMovedBefore" classname="ChessWithTDD.Tests.WhitePawnTests" runstate="Runnable" testcasecount="2" result="Passed" start-time="2017-08-03 22:14:31Z" end-time="2017-08-03 22:14:31Z" duration="0.007996" total="2" passed="2" failed="0" warnings="0" inconclusive="0" skipped="0" asserts="2">
            <test-case id="0-1971" name="WhitePawnCannotMoveTwoVerticalSpacesUpTheBoardIfItHasMovedBefore(4,4,6,4)" fullname="ChessWithTDD.Tests.WhitePawnTests.WhitePawnCannotMoveTwoVerticalSpacesUpTheBoardIfItHasMovedBefore(4,4,6,4)" methodname="WhitePawnCannotMoveTwoVerticalSpacesUpTheBoardIfItHasMovedBefore" classname="ChessWithTDD.Tests.WhitePawnTests" runstate="Runnable" seed="1540166291" result="Passed" start-time="2017-08-03 22:14:31Z" end-time="2017-08-03 22:14:31Z" duration="0.001137" asserts="1" />
            <test-case id="0-1972" name="WhitePawnCannotMoveTwoVerticalSpacesUpTheBoardIfItHasMovedBefore(2,1,4,1)" fullname="ChessWithTDD.Tests.WhitePawnTests.WhitePawnCannotMoveTwoVerticalSpacesUpTheBoardIfItHasMovedBefore(2,1,4,1)" methodname="WhitePawnCannotMoveTwoVerticalSpacesUpTheBoardIfItHasMovedBefore" classname="ChessWithTDD.Tests.WhitePawnTests" runstate="Runnable" seed="791257647" result="Passed" start-time="2017-08-03 22:14:31Z" end-time="2017-08-03 22:14:31Z" duration="0.000785" asserts="1" />
          </test-suite>
          <test-suite type="ParameterizedMethod" id="0-1976" name="WhitePawnCannotMoveTwoVerticalSpacesUpTheBoardIfItHasNotMovedButToSquareContainsAPiece" fullname="ChessWithTDD.Tests.WhitePawnTests.WhitePawnCannotMoveTwoVerticalSpacesUpTheBoardIfItHasNotMovedButToSquareContainsAPiece" classname="ChessWithTDD.Tests.WhitePawnTests" runstate="Runnable" testcasecount="2" result="Passed" start-time="2017-08-03 22:14:31Z" end-time="2017-08-03 22:14:31Z" duration="0.007512" total="2" passed="2" failed="0" warnings="0" inconclusive="0" skipped="0" asserts="2">
            <test-case id="0-1974" name="WhitePawnCannotMoveTwoVerticalSpacesUpTheBoardIfItHasNotMovedButToSquareContainsAPiece(4,4,6,4)" fullname="ChessWithTDD.Tests.WhitePawnTests.WhitePawnCannotMoveTwoVerticalSpacesUpTheBoardIfItHasNotMovedButToSquareContainsAPiece(4,4,6,4)" methodname="WhitePawnCannotMoveTwoVerticalSpacesUpTheBoardIfItHasNotMovedButToSquareContainsAPiece" classname="ChessWithTDD.Tests.WhitePawnTests" runstate="Runnable" seed="552425920" result="Passed" start-time="2017-08-03 22:14:31Z" end-time="2017-08-03 22:14:31Z" duration="0.001196" asserts="1" />
            <test-case id="0-1975" name="WhitePawnCannotMoveTwoVerticalSpacesUpTheBoardIfItHasNotMovedButToSquareContainsAPiece(2,1,4,1)" fullname="ChessWithTDD.Tests.WhitePawnTests.WhitePawnCannotMoveTwoVerticalSpacesUpTheBoardIfItHasNotMovedButToSquareContainsAPiece(2,1,4,1)" methodname="WhitePawnCannotMoveTwoVerticalSpacesUpTheBoardIfItHasNotMovedButToSquareContainsAPiece" classname="ChessWithTDD.Tests.WhitePawnTests" runstate="Runnable" seed="458142486" result="Passed" start-time="2017-08-03 22:14:31Z" end-time="2017-08-03 22:14:31Z" duration="0.000818" asserts="1" />
          </test-suite>
        </test-suite>
      </test-suite>
    </test-suite>
  </test-suite>
</test-run>