<?xml version="1.0" encoding="utf-8" standalone="no"?>
<test-run id="2" testcasecount="724" result="Passed" total="724" passed="724" failed="0" inconclusive="0" skipped="0" asserts="866" engine-version="3.6.1.0" clr-version="4.0.30319.42000" start-time="2017-07-31 23:04:24Z" end-time="2017-07-31 23:04:32Z" duration="7.186735">
  <command-line><![CDATA["C:\Programming\GithubRepos\chess-with-tdd\ChessWithTDD\UnitTestingMetrics\..\..\packages\NUnit.ConsoleRunner.3.6.1\tools\nunit3-console.exe" C:\Programming\GithubRepos\chess-with-tdd\ChessWithTDD\UnitTestingMetrics\..\bin\Debug\ChessWithTDD.dll --work=C:\Programming\GithubRepos\chess-with-tdd\ChessWithTDD\UnitTestingMetrics\.\NUnitResults]]></command-line>
  <test-suite type="Assembly" id="0-1908" name="ChessWithTDD.dll" fullname="C:\Programming\GithubRepos\chess-with-tdd\ChessWithTDD\bin\Debug\ChessWithTDD.dll" runstate="Runnable" testcasecount="724" result="Passed" start-time="2017-07-31 23:04:26Z" end-time="2017-07-31 23:04:31Z" duration="4.694779" total="724" passed="724" failed="0" warnings="0" inconclusive="0" skipped="0" asserts="866">
    <environment framework-version="3.6.0.0" clr-version="4.0.30319.42000" os-version="Microsoft Windows NT 10.0.14393.0" platform="Win32NT" cwd="C:\Programming\GithubRepos\chess-with-tdd\ChessWithTDD\UnitTestingMetrics" machine-name="DESKTOP-KCJFP9V" user="dantb" user-domain="DESKTOP-KCJFP9V" culture="en-GB" uiculture="en-GB" os-architecture="x64" />
    <settings>
      <setting name="DisposeRunners" value="True" />
      <setting name="WorkDirectory" value="C:\Programming\GithubRepos\chess-with-tdd\ChessWithTDD\UnitTestingMetrics\.\NUnitResults" />
      <setting name="ImageRuntimeVersion" value="4.0.30319" />
      <setting name="ImageTargetFrameworkName" value=".NETFramework,Version=v4.5.2" />
      <setting name="ImageRequiresX86" value="False" />
      <setting name="ImageRequiresDefaultAppDomainAssemblyResolver" value="False" />
      <setting name="NumberOfTestWorkers" value="8" />
    </settings>
    <properties>
      <property name="_PID" value="37396" />
      <property name="_APPDOMAIN" value="domain-" />
    </properties>
    <test-suite type="TestSuite" id="0-1909" name="ChessWithTDD" fullname="ChessWithTDD" runstate="Runnable" testcasecount="724" result="Passed" start-time="2017-07-31 23:04:26Z" end-time="2017-07-31 23:04:31Z" duration="4.679515" total="724" passed="724" failed="0" warnings="0" inconclusive="0" skipped="0" asserts="866">
      <test-suite type="TestSuite" id="0-1910" name="Tests" fullname="ChessWithTDD.Tests" runstate="Runnable" testcasecount="724" result="Passed" start-time="2017-07-31 23:04:26Z" end-time="2017-07-31 23:04:31Z" duration="4.676511" total="724" passed="724" failed="0" warnings="0" inconclusive="0" skipped="0" asserts="866">
        <test-suite type="TestFixture" id="0-1219" name="AlgebraicNotationGeneratorTests" fullname="ChessWithTDD.Tests.AlgebraicNotationGeneratorTests" classname="ChessWithTDD.Tests.AlgebraicNotationGeneratorTests" runstate="Runnable" testcasecount="112" result="Passed" start-time="2017-07-31 23:04:26Z" end-time="2017-07-31 23:04:27Z" duration="0.425910" total="112" passed="112" failed="0" warnings="0" inconclusive="0" skipped="0" asserts="112">
          <test-suite type="ParameterizedMethod" id="0-1320" name="NonPawnMoveTestCaptureAndSquaresForConstantCheckAndMateAsFalse" fullname="ChessWithTDD.Tests.AlgebraicNotationGeneratorTests.NonPawnMoveTestCaptureAndSquaresForConstantCheckAndMateAsFalse" classname="ChessWithTDD.Tests.AlgebraicNotationGeneratorTests" runstate="Runnable" testcasecount="40" result="Passed" start-time="2017-07-31 23:04:26Z" end-time="2017-07-31 23:04:27Z" duration="0.173004" total="40" passed="40" failed="0" warnings="0" inconclusive="0" skipped="0" asserts="40">
            <test-case id="0-1280" name="NonPawnMoveTestCaptureAndSquaresForConstantCheckAndMateAsFalse(&quot;Ka2-a4&quot;,ChessWithTDD.Move,False,ChessWithTDD.King)" fullname="ChessWithTDD.Tests.AlgebraicNotationGeneratorTests.NonPawnMoveTestCaptureAndSquaresForConstantCheckAndMateAsFalse(&quot;Ka2-a4&quot;,ChessWithTDD.Move,False,ChessWithTDD.King)" methodname="NonPawnMoveTestCaptureAndSquaresForConstantCheckAndMateAsFalse" classname="ChessWithTDD.Tests.AlgebraicNotationGeneratorTests" runstate="Runnable" seed="465011697" result="Passed" start-time="2017-07-31 23:04:26Z" end-time="2017-07-31 23:04:26Z" duration="0.036012" asserts="1" />
            <test-case id="0-1281" name="NonPawnMoveTestCaptureAndSquaresForConstantCheckAndMateAsFalse(&quot;Kb2-b4&quot;,ChessWithTDD.Move,False,ChessWithTDD.King)" fullname="ChessWithTDD.Tests.AlgebraicNotationGeneratorTests.NonPawnMoveTestCaptureAndSquaresForConstantCheckAndMateAsFalse(&quot;Kb2-b4&quot;,ChessWithTDD.Move,False,ChessWithTDD.King)" methodname="NonPawnMoveTestCaptureAndSquaresForConstantCheckAndMateAsFalse" classname="ChessWithTDD.Tests.AlgebraicNotationGeneratorTests" runstate="Runnable" seed="42023990" result="Passed" start-time="2017-07-31 23:04:26Z" end-time="2017-07-31 23:04:26Z" duration="0.000141" asserts="1" />
            <test-case id="0-1282" name="NonPawnMoveTestCaptureAndSquaresForConstantCheckAndMateAsFalse(&quot;Kc2-c4&quot;,ChessWithTDD.Move,False,ChessWithTDD.King)" fullname="ChessWithTDD.Tests.AlgebraicNotationGeneratorTests.NonPawnMoveTestCaptureAndSquaresForConstantCheckAndMateAsFalse(&quot;Kc2-c4&quot;,ChessWithTDD.Move,False,ChessWithTDD.King)" methodname="NonPawnMoveTestCaptureAndSquaresForConstantCheckAndMateAsFalse" classname="ChessWithTDD.Tests.AlgebraicNotationGeneratorTests" runstate="Runnable" seed="2032152368" result="Passed" start-time="2017-07-31 23:04:27Z" end-time="2017-07-31 23:04:27Z" duration="0.000097" asserts="1" />
            <test-case id="0-1283" name="NonPawnMoveTestCaptureAndSquaresForConstantCheckAndMateAsFalse(&quot;Kd2-d4&quot;,ChessWithTDD.Move,False,ChessWithTDD.King)" fullname="ChessWithTDD.Tests.AlgebraicNotationGeneratorTests.NonPawnMoveTestCaptureAndSquaresForConstantCheckAndMateAsFalse(&quot;Kd2-d4&quot;,ChessWithTDD.Move,False,ChessWithTDD.King)" methodname="NonPawnMoveTestCaptureAndSquaresForConstantCheckAndMateAsFalse" classname="ChessWithTDD.Tests.AlgebraicNotationGeneratorTests" runstate="Runnable" seed="1156928680" result="Passed" start-time="2017-07-31 23:04:27Z" end-time="2017-07-31 23:04:27Z" duration="0.000085" asserts="1" />
            <test-case id="0-1284" name="NonPawnMoveTestCaptureAndSquaresForConstantCheckAndMateAsFalse(&quot;Ke2xe4&quot;,ChessWithTDD.Move,True,ChessWithTDD.King)" fullname="ChessWithTDD.Tests.AlgebraicNotationGeneratorTests.NonPawnMoveTestCaptureAndSquaresForConstantCheckAndMateAsFalse(&quot;Ke2xe4&quot;,ChessWithTDD.Move,True,ChessWithTDD.King)" methodname="NonPawnMoveTestCaptureAndSquaresForConstantCheckAndMateAsFalse" classname="ChessWithTDD.Tests.AlgebraicNotationGeneratorTests" runstate="Runnable" seed="2103545440" result="Passed" start-time="2017-07-31 23:04:27Z" end-time="2017-07-31 23:04:27Z" duration="0.000114" asserts="1" />
            <test-case id="0-1285" name="NonPawnMoveTestCaptureAndSquaresForConstantCheckAndMateAsFalse(&quot;Kf2xf4&quot;,ChessWithTDD.Move,True,ChessWithTDD.King)" fullname="ChessWithTDD.Tests.AlgebraicNotationGeneratorTests.NonPawnMoveTestCaptureAndSquaresForConstantCheckAndMateAsFalse(&quot;Kf2xf4&quot;,ChessWithTDD.Move,True,ChessWithTDD.King)" methodname="NonPawnMoveTestCaptureAndSquaresForConstantCheckAndMateAsFalse" classname="ChessWithTDD.Tests.AlgebraicNotationGeneratorTests" runstate="Runnable" seed="2039450802" result="Passed" start-time="2017-07-31 23:04:27Z" end-time="2017-07-31 23:04:27Z" duration="0.000088" asserts="1" />
            <test-case id="0-1286" name="NonPawnMoveTestCaptureAndSquaresForConstantCheckAndMateAsFalse(&quot;Kg2xg4&quot;,ChessWithTDD.Move,True,ChessWithTDD.King)" fullname="ChessWithTDD.Tests.AlgebraicNotationGeneratorTests.NonPawnMoveTestCaptureAndSquaresForConstantCheckAndMateAsFalse(&quot;Kg2xg4&quot;,ChessWithTDD.Move,True,ChessWithTDD.King)" methodname="NonPawnMoveTestCaptureAndSquaresForConstantCheckAndMateAsFalse" classname="ChessWithTDD.Tests.AlgebraicNotationGeneratorTests" runstate="Runnable" seed="194568701" result="Passed" start-time="2017-07-31 23:04:27Z" end-time="2017-07-31 23:04:27Z" duration="0.000105" asserts="1" />
            <test-case id="0-1287" name="NonPawnMoveTestCaptureAndSquaresForConstantCheckAndMateAsFalse(&quot;Kh2xh4&quot;,ChessWithTDD.Move,True,ChessWithTDD.King)" fullname="ChessWithTDD.Tests.AlgebraicNotationGeneratorTests.NonPawnMoveTestCaptureAndSquaresForConstantCheckAndMateAsFalse(&quot;Kh2xh4&quot;,ChessWithTDD.Move,True,ChessWithTDD.King)" methodname="NonPawnMoveTestCaptureAndSquaresForConstantCheckAndMateAsFalse" classname="ChessWithTDD.Tests.AlgebraicNotationGeneratorTests" runstate="Runnable" seed="407807393" result="Passed" start-time="2017-07-31 23:04:27Z" end-time="2017-07-31 23:04:27Z" duration="0.000106" asserts="1" />
            <test-case id="0-1288" name="NonPawnMoveTestCaptureAndSquaresForConstantCheckAndMateAsFalse(&quot;Qa7-a5&quot;,ChessWithTDD.Move,False,ChessWithTDD.Queen)" fullname="ChessWithTDD.Tests.AlgebraicNotationGeneratorTests.NonPawnMoveTestCaptureAndSquaresForConstantCheckAndMateAsFalse(&quot;Qa7-a5&quot;,ChessWithTDD.Move,False,ChessWithTDD.Queen)" methodname="NonPawnMoveTestCaptureAndSquaresForConstantCheckAndMateAsFalse" classname="ChessWithTDD.Tests.AlgebraicNotationGeneratorTests" runstate="Runnable" seed="1502350188" result="Passed" start-time="2017-07-31 23:04:27Z" end-time="2017-07-31 23:04:27Z" duration="0.000115" asserts="1" />
            <test-case id="0-1289" name="NonPawnMoveTestCaptureAndSquaresForConstantCheckAndMateAsFalse(&quot;Qb7-b5&quot;,ChessWithTDD.Move,False,ChessWithTDD.Queen)" fullname="ChessWithTDD.Tests.AlgebraicNotationGeneratorTests.NonPawnMoveTestCaptureAndSquaresForConstantCheckAndMateAsFalse(&quot;Qb7-b5&quot;,ChessWithTDD.Move,False,ChessWithTDD.Queen)" methodname="NonPawnMoveTestCaptureAndSquaresForConstantCheckAndMateAsFalse" classname="ChessWithTDD.Tests.AlgebraicNotationGeneratorTests" runstate="Runnable" seed="1900240667" result="Passed" start-time="2017-07-31 23:04:27Z" end-time="2017-07-31 23:04:27Z" duration="0.000087" asserts="1" />
            <test-case id="0-1290" name="NonPawnMoveTestCaptureAndSquaresForConstantCheckAndMateAsFalse(&quot;Qc7-c5&quot;,ChessWithTDD.Move,False,ChessWithTDD.Queen)" fullname="ChessWithTDD.Tests.AlgebraicNotationGeneratorTests.NonPawnMoveTestCaptureAndSquaresForConstantCheckAndMateAsFalse(&quot;Qc7-c5&quot;,ChessWithTDD.Move,False,ChessWithTDD.Queen)" methodname="NonPawnMoveTestCaptureAndSquaresForConstantCheckAndMateAsFalse" classname="ChessWithTDD.Tests.AlgebraicNotationGeneratorTests" runstate="Runnable" seed="422354243" result="Passed" start-time="2017-07-31 23:04:27Z" end-time="2017-07-31 23:04:27Z" duration="0.000081" asserts="1" />
            <test-case id="0-1291" name="NonPawnMoveTestCaptureAndSquaresForConstantCheckAndMateAsFalse(&quot;Qd7-d5&quot;,ChessWithTDD.Move,False,ChessWithTDD.Queen)" fullname="ChessWithTDD.Tests.AlgebraicNotationGeneratorTests.NonPawnMoveTestCaptureAndSquaresForConstantCheckAndMateAsFalse(&quot;Qd7-d5&quot;,ChessWithTDD.Move,False,ChessWithTDD.Queen)" methodname="NonPawnMoveTestCaptureAndSquaresForConstantCheckAndMateAsFalse" classname="ChessWithTDD.Tests.AlgebraicNotationGeneratorTests" runstate="Runnable" seed="1922054826" result="Passed" start-time="2017-07-31 23:04:27Z" end-time="2017-07-31 23:04:27Z" duration="0.000093" asserts="1" />
            <test-case id="0-1292" name="NonPawnMoveTestCaptureAndSquaresForConstantCheckAndMateAsFalse(&quot;Qe7xe5&quot;,ChessWithTDD.Move,True,ChessWithTDD.Queen)" fullname="ChessWithTDD.Tests.AlgebraicNotationGeneratorTests.NonPawnMoveTestCaptureAndSquaresForConstantCheckAndMateAsFalse(&quot;Qe7xe5&quot;,ChessWithTDD.Move,True,ChessWithTDD.Queen)" methodname="NonPawnMoveTestCaptureAndSquaresForConstantCheckAndMateAsFalse" classname="ChessWithTDD.Tests.AlgebraicNotationGeneratorTests" runstate="Runnable" seed="1894287639" result="Passed" start-time="2017-07-31 23:04:27Z" end-time="2017-07-31 23:04:27Z" duration="0.000101" asserts="1" />
            <test-case id="0-1293" name="NonPawnMoveTestCaptureAndSquaresForConstantCheckAndMateAsFalse(&quot;Qf7xf5&quot;,ChessWithTDD.Move,True,ChessWithTDD.Queen)" fullname="ChessWithTDD.Tests.AlgebraicNotationGeneratorTests.NonPawnMoveTestCaptureAndSquaresForConstantCheckAndMateAsFalse(&quot;Qf7xf5&quot;,ChessWithTDD.Move,True,ChessWithTDD.Queen)" methodname="NonPawnMoveTestCaptureAndSquaresForConstantCheckAndMateAsFalse" classname="ChessWithTDD.Tests.AlgebraicNotationGeneratorTests" runstate="Runnable" seed="707166250" result="Passed" start-time="2017-07-31 23:04:27Z" end-time="2017-07-31 23:04:27Z" duration="0.000102" asserts="1" />
            <test-case id="0-1294" name="NonPawnMoveTestCaptureAndSquaresForConstantCheckAndMateAsFalse(&quot;Qg7xg5&quot;,ChessWithTDD.Move,True,ChessWithTDD.Queen)" fullname="ChessWithTDD.Tests.AlgebraicNotationGeneratorTests.NonPawnMoveTestCaptureAndSquaresForConstantCheckAndMateAsFalse(&quot;Qg7xg5&quot;,ChessWithTDD.Move,True,ChessWithTDD.Queen)" methodname="NonPawnMoveTestCaptureAndSquaresForConstantCheckAndMateAsFalse" classname="ChessWithTDD.Tests.AlgebraicNotationGeneratorTests" runstate="Runnable" seed="1724124591" result="Passed" start-time="2017-07-31 23:04:27Z" end-time="2017-07-31 23:04:27Z" duration="0.000092" asserts="1" />
            <test-case id="0-1295" name="NonPawnMoveTestCaptureAndSquaresForConstantCheckAndMateAsFalse(&quot;Qh7xh5&quot;,ChessWithTDD.Move,True,ChessWithTDD.Queen)" fullname="ChessWithTDD.Tests.AlgebraicNotationGeneratorTests.NonPawnMoveTestCaptureAndSquaresForConstantCheckAndMateAsFalse(&quot;Qh7xh5&quot;,ChessWithTDD.Move,True,ChessWithTDD.Queen)" methodname="NonPawnMoveTestCaptureAndSquaresForConstantCheckAndMateAsFalse" classname="ChessWithTDD.Tests.AlgebraicNotationGeneratorTests" runstate="Runnable" seed="721252234" result="Passed" start-time="2017-07-31 23:04:27Z" end-time="2017-07-31 23:04:27Z" duration="0.000102" asserts="1" />
            <test-case id="0-1296" name="NonPawnMoveTestCaptureAndSquaresForConstantCheckAndMateAsFalse(&quot;Ra2-a3&quot;,ChessWithTDD.Move,False,ChessWithTDD.Rook)" fullname="ChessWithTDD.Tests.AlgebraicNotationGeneratorTests.NonPawnMoveTestCaptureAndSquaresForConstantCheckAndMateAsFalse(&quot;Ra2-a3&quot;,ChessWithTDD.Move,False,ChessWithTDD.Rook)" methodname="NonPawnMoveTestCaptureAndSquaresForConstantCheckAndMateAsFalse" classname="ChessWithTDD.Tests.AlgebraicNotationGeneratorTests" runstate="Runnable" seed="1124434439" result="Passed" start-time="2017-07-31 23:04:27Z" end-time="2017-07-31 23:04:27Z" duration="0.000083" asserts="1" />
            <test-case id="0-1297" name="NonPawnMoveTestCaptureAndSquaresForConstantCheckAndMateAsFalse(&quot;Rb2-b3&quot;,ChessWithTDD.Move,False,ChessWithTDD.Rook)" fullname="ChessWithTDD.Tests.AlgebraicNotationGeneratorTests.NonPawnMoveTestCaptureAndSquaresForConstantCheckAndMateAsFalse(&quot;Rb2-b3&quot;,ChessWithTDD.Move,False,ChessWithTDD.Rook)" methodname="NonPawnMoveTestCaptureAndSquaresForConstantCheckAndMateAsFalse" classname="ChessWithTDD.Tests.AlgebraicNotationGeneratorTests" runstate="Runnable" seed="435317980" result="Passed" start-time="2017-07-31 23:04:27Z" end-time="2017-07-31 23:04:27Z" duration="0.000087" asserts="1" />
            <test-case id="0-1298" name="NonPawnMoveTestCaptureAndSquaresForConstantCheckAndMateAsFalse(&quot;Rc2-c3&quot;,ChessWithTDD.Move,False,ChessWithTDD.Rook)" fullname="ChessWithTDD.Tests.AlgebraicNotationGeneratorTests.NonPawnMoveTestCaptureAndSquaresForConstantCheckAndMateAsFalse(&quot;Rc2-c3&quot;,ChessWithTDD.Move,False,ChessWithTDD.Rook)" methodname="NonPawnMoveTestCaptureAndSquaresForConstantCheckAndMateAsFalse" classname="ChessWithTDD.Tests.AlgebraicNotationGeneratorTests" runstate="Runnable" seed="726870911" result="Passed" start-time="2017-07-31 23:04:27Z" end-time="2017-07-31 23:04:27Z" duration="0.000110" asserts="1" />
            <test-case id="0-1299" name="NonPawnMoveTestCaptureAndSquaresForConstantCheckAndMateAsFalse(&quot;Rd2-d3&quot;,ChessWithTDD.Move,False,ChessWithTDD.Rook)" fullname="ChessWithTDD.Tests.AlgebraicNotationGeneratorTests.NonPawnMoveTestCaptureAndSquaresForConstantCheckAndMateAsFalse(&quot;Rd2-d3&quot;,ChessWithTDD.Move,False,ChessWithTDD.Rook)" methodname="NonPawnMoveTestCaptureAndSquaresForConstantCheckAndMateAsFalse" classname="ChessWithTDD.Tests.AlgebraicNotationGeneratorTests" runstate="Runnable" seed="2041720957" result="Passed" start-time="2017-07-31 23:04:27Z" end-time="2017-07-31 23:04:27Z" duration="0.000127" asserts="1" />
            <test-case id="0-1300" name="NonPawnMoveTestCaptureAndSquaresForConstantCheckAndMateAsFalse(&quot;Re2xe3&quot;,ChessWithTDD.Move,True,ChessWithTDD.Rook)" fullname="ChessWithTDD.Tests.AlgebraicNotationGeneratorTests.NonPawnMoveTestCaptureAndSquaresForConstantCheckAndMateAsFalse(&quot;Re2xe3&quot;,ChessWithTDD.Move,True,ChessWithTDD.Rook)" methodname="NonPawnMoveTestCaptureAndSquaresForConstantCheckAndMateAsFalse" classname="ChessWithTDD.Tests.AlgebraicNotationGeneratorTests" runstate="Runnable" seed="706306124" result="Passed" start-time="2017-07-31 23:04:27Z" end-time="2017-07-31 23:04:27Z" duration="0.000112" asserts="1" />
            <test-case id="0-1301" name="NonPawnMoveTestCaptureAndSquaresForConstantCheckAndMateAsFalse(&quot;Rf2xf3&quot;,ChessWithTDD.Move,True,ChessWithTDD.Rook)" fullname="ChessWithTDD.Tests.AlgebraicNotationGeneratorTests.NonPawnMoveTestCaptureAndSquaresForConstantCheckAndMateAsFalse(&quot;Rf2xf3&quot;,ChessWithTDD.Move,True,ChessWithTDD.Rook)" methodname="NonPawnMoveTestCaptureAndSquaresForConstantCheckAndMateAsFalse" classname="ChessWithTDD.Tests.AlgebraicNotationGeneratorTests" runstate="Runnable" seed="627741896" result="Passed" start-time="2017-07-31 23:04:27Z" end-time="2017-07-31 23:04:27Z" duration="0.000100" asserts="1" />
            <test-case id="0-1302" name="NonPawnMoveTestCaptureAndSquaresForConstantCheckAndMateAsFalse(&quot;Rg2xg3&quot;,ChessWithTDD.Move,True,ChessWithTDD.Rook)" fullname="ChessWithTDD.Tests.AlgebraicNotationGeneratorTests.NonPawnMoveTestCaptureAndSquaresForConstantCheckAndMateAsFalse(&quot;Rg2xg3&quot;,ChessWithTDD.Move,True,ChessWithTDD.Rook)" methodname="NonPawnMoveTestCaptureAndSquaresForConstantCheckAndMateAsFalse" classname="ChessWithTDD.Tests.AlgebraicNotationGeneratorTests" runstate="Runnable" seed="591299910" result="Passed" start-time="2017-07-31 23:04:27Z" end-time="2017-07-31 23:04:27Z" duration="0.000092" asserts="1" />
            <test-case id="0-1303" name="NonPawnMoveTestCaptureAndSquaresForConstantCheckAndMateAsFalse(&quot;Rh2xh3&quot;,ChessWithTDD.Move,True,ChessWithTDD.Rook)" fullname="ChessWithTDD.Tests.AlgebraicNotationGeneratorTests.NonPawnMoveTestCaptureAndSquaresForConstantCheckAndMateAsFalse(&quot;Rh2xh3&quot;,ChessWithTDD.Move,True,ChessWithTDD.Rook)" methodname="NonPawnMoveTestCaptureAndSquaresForConstantCheckAndMateAsFalse" classname="ChessWithTDD.Tests.AlgebraicNotationGeneratorTests" runstate="Runnable" seed="1475997035" result="Passed" start-time="2017-07-31 23:04:27Z" end-time="2017-07-31 23:04:27Z" duration="0.000222" asserts="1" />
            <test-case id="0-1304" name="NonPawnMoveTestCaptureAndSquaresForConstantCheckAndMateAsFalse(&quot;Ba7-a6&quot;,ChessWithTDD.Move,False,ChessWithTDD.Bishop)" fullname="ChessWithTDD.Tests.AlgebraicNotationGeneratorTests.NonPawnMoveTestCaptureAndSquaresForConstantCheckAndMateAsFalse(&quot;Ba7-a6&quot;,ChessWithTDD.Move,False,ChessWithTDD.Bishop)" methodname="NonPawnMoveTestCaptureAndSquaresForConstantCheckAndMateAsFalse" classname="ChessWithTDD.Tests.AlgebraicNotationGeneratorTests" runstate="Runnable" seed="1789832775" result="Passed" start-time="2017-07-31 23:04:27Z" end-time="2017-07-31 23:04:27Z" duration="0.000112" asserts="1" />
            <test-case id="0-1305" name="NonPawnMoveTestCaptureAndSquaresForConstantCheckAndMateAsFalse(&quot;Bb7-b6&quot;,ChessWithTDD.Move,False,ChessWithTDD.Bishop)" fullname="ChessWithTDD.Tests.AlgebraicNotationGeneratorTests.NonPawnMoveTestCaptureAndSquaresForConstantCheckAndMateAsFalse(&quot;Bb7-b6&quot;,ChessWithTDD.Move,False,ChessWithTDD.Bishop)" methodname="NonPawnMoveTestCaptureAndSquaresForConstantCheckAndMateAsFalse" classname="ChessWithTDD.Tests.AlgebraicNotationGeneratorTests" runstate="Runnable" seed="1022244169" result="Passed" start-time="2017-07-31 23:04:27Z" end-time="2017-07-31 23:04:27Z" duration="0.000145" asserts="1" />
            <test-case id="0-1306" name="NonPawnMoveTestCaptureAndSquaresForConstantCheckAndMateAsFalse(&quot;Bc7-c6&quot;,ChessWithTDD.Move,False,ChessWithTDD.Bishop)" fullname="ChessWithTDD.Tests.AlgebraicNotationGeneratorTests.NonPawnMoveTestCaptureAndSquaresForConstantCheckAndMateAsFalse(&quot;Bc7-c6&quot;,ChessWithTDD.Move,False,ChessWithTDD.Bishop)" methodname="NonPawnMoveTestCaptureAndSquaresForConstantCheckAndMateAsFalse" classname="ChessWithTDD.Tests.AlgebraicNotationGeneratorTests" runstate="Runnable" seed="983874205" result="Passed" start-time="2017-07-31 23:04:27Z" end-time="2017-07-31 23:04:27Z" duration="0.000084" asserts="1" />
            <test-case id="0-1307" name="NonPawnMoveTestCaptureAndSquaresForConstantCheckAndMateAsFalse(&quot;Bd7-d6&quot;,ChessWithTDD.Move,False,ChessWithTDD.Bishop)" fullname="ChessWithTDD.Tests.AlgebraicNotationGeneratorTests.NonPawnMoveTestCaptureAndSquaresForConstantCheckAndMateAsFalse(&quot;Bd7-d6&quot;,ChessWithTDD.Move,False,ChessWithTDD.Bishop)" methodname="NonPawnMoveTestCaptureAndSquaresForConstantCheckAndMateAsFalse" classname="ChessWithTDD.Tests.AlgebraicNotationGeneratorTests" runstate="Runnable" seed="1208081628" result="Passed" start-time="2017-07-31 23:04:27Z" end-time="2017-07-31 23:04:27Z" duration="0.000084" asserts="1" />
            <test-case id="0-1308" name="NonPawnMoveTestCaptureAndSquaresForConstantCheckAndMateAsFalse(&quot;Be7xe6&quot;,ChessWithTDD.Move,True,ChessWithTDD.Bishop)" fullname="ChessWithTDD.Tests.AlgebraicNotationGeneratorTests.NonPawnMoveTestCaptureAndSquaresForConstantCheckAndMateAsFalse(&quot;Be7xe6&quot;,ChessWithTDD.Move,True,ChessWithTDD.Bishop)" methodname="NonPawnMoveTestCaptureAndSquaresForConstantCheckAndMateAsFalse" classname="ChessWithTDD.Tests.AlgebraicNotationGeneratorTests" runstate="Runnable" seed="622240130" result="Passed" start-time="2017-07-31 23:04:27Z" end-time="2017-07-31 23:04:27Z" duration="0.000085" asserts="1" />
            <test-case id="0-1309" name="NonPawnMoveTestCaptureAndSquaresForConstantCheckAndMateAsFalse(&quot;Bf7xf6&quot;,ChessWithTDD.Move,True,ChessWithTDD.Bishop)" fullname="ChessWithTDD.Tests.AlgebraicNotationGeneratorTests.NonPawnMoveTestCaptureAndSquaresForConstantCheckAndMateAsFalse(&quot;Bf7xf6&quot;,ChessWithTDD.Move,True,ChessWithTDD.Bishop)" methodname="NonPawnMoveTestCaptureAndSquaresForConstantCheckAndMateAsFalse" classname="ChessWithTDD.Tests.AlgebraicNotationGeneratorTests" runstate="Runnable" seed="1043955118" result="Passed" start-time="2017-07-31 23:04:27Z" end-time="2017-07-31 23:04:27Z" duration="0.000087" asserts="1" />
            <test-case id="0-1310" name="NonPawnMoveTestCaptureAndSquaresForConstantCheckAndMateAsFalse(&quot;Bg7xg6&quot;,ChessWithTDD.Move,True,ChessWithTDD.Bishop)" fullname="ChessWithTDD.Tests.AlgebraicNotationGeneratorTests.NonPawnMoveTestCaptureAndSquaresForConstantCheckAndMateAsFalse(&quot;Bg7xg6&quot;,ChessWithTDD.Move,True,ChessWithTDD.Bishop)" methodname="NonPawnMoveTestCaptureAndSquaresForConstantCheckAndMateAsFalse" classname="ChessWithTDD.Tests.AlgebraicNotationGeneratorTests" runstate="Runnable" seed="2049023800" result="Passed" start-time="2017-07-31 23:04:27Z" end-time="2017-07-31 23:04:27Z" duration="0.000158" asserts="1" />
            <test-case id="0-1311" name="NonPawnMoveTestCaptureAndSquaresForConstantCheckAndMateAsFalse(&quot;Bh7xh6&quot;,ChessWithTDD.Move,True,ChessWithTDD.Bishop)" fullname="ChessWithTDD.Tests.AlgebraicNotationGeneratorTests.NonPawnMoveTestCaptureAndSquaresForConstantCheckAndMateAsFalse(&quot;Bh7xh6&quot;,ChessWithTDD.Move,True,ChessWithTDD.Bishop)" methodname="NonPawnMoveTestCaptureAndSquaresForConstantCheckAndMateAsFalse" classname="ChessWithTDD.Tests.AlgebraicNotationGeneratorTests" runstate="Runnable" seed="1489815686" result="Passed" start-time="2017-07-31 23:04:27Z" end-time="2017-07-31 23:04:27Z" duration="0.000087" asserts="1" />
            <test-case id="0-1312" name="NonPawnMoveTestCaptureAndSquaresForConstantCheckAndMateAsFalse(&quot;Na2-b3&quot;,ChessWithTDD.Move,False,ChessWithTDD.Knight)" fullname="ChessWithTDD.Tests.AlgebraicNotationGeneratorTests.NonPawnMoveTestCaptureAndSquaresForConstantCheckAndMateAsFalse(&quot;Na2-b3&quot;,ChessWithTDD.Move,False,ChessWithTDD.Knight)" methodname="NonPawnMoveTestCaptureAndSquaresForConstantCheckAndMateAsFalse" classname="ChessWithTDD.Tests.AlgebraicNotationGeneratorTests" runstate="Runnable" seed="971815388" result="Passed" start-time="2017-07-31 23:04:27Z" end-time="2017-07-31 23:04:27Z" duration="0.000084" asserts="1" />
            <test-case id="0-1313" name="NonPawnMoveTestCaptureAndSquaresForConstantCheckAndMateAsFalse(&quot;Nb2-c3&quot;,ChessWithTDD.Move,False,ChessWithTDD.Knight)" fullname="ChessWithTDD.Tests.AlgebraicNotationGeneratorTests.NonPawnMoveTestCaptureAndSquaresForConstantCheckAndMateAsFalse(&quot;Nb2-c3&quot;,ChessWithTDD.Move,False,ChessWithTDD.Knight)" methodname="NonPawnMoveTestCaptureAndSquaresForConstantCheckAndMateAsFalse" classname="ChessWithTDD.Tests.AlgebraicNotationGeneratorTests" runstate="Runnable" seed="1417784754" result="Passed" start-time="2017-07-31 23:04:27Z" end-time="2017-07-31 23:04:27Z" duration="0.000185" asserts="1" />
            <test-case id="0-1314" name="NonPawnMoveTestCaptureAndSquaresForConstantCheckAndMateAsFalse(&quot;Nc2-d3&quot;,ChessWithTDD.Move,False,ChessWithTDD.Knight)" fullname="ChessWithTDD.Tests.AlgebraicNotationGeneratorTests.NonPawnMoveTestCaptureAndSquaresForConstantCheckAndMateAsFalse(&quot;Nc2-d3&quot;,ChessWithTDD.Move,False,ChessWithTDD.Knight)" methodname="NonPawnMoveTestCaptureAndSquaresForConstantCheckAndMateAsFalse" classname="ChessWithTDD.Tests.AlgebraicNotationGeneratorTests" runstate="Runnable" seed="1519905828" result="Passed" start-time="2017-07-31 23:04:27Z" end-time="2017-07-31 23:04:27Z" duration="0.000139" asserts="1" />
            <test-case id="0-1315" name="NonPawnMoveTestCaptureAndSquaresForConstantCheckAndMateAsFalse(&quot;Nd2-e3&quot;,ChessWithTDD.Move,False,ChessWithTDD.Knight)" fullname="ChessWithTDD.Tests.AlgebraicNotationGeneratorTests.NonPawnMoveTestCaptureAndSquaresForConstantCheckAndMateAsFalse(&quot;Nd2-e3&quot;,ChessWithTDD.Move,False,ChessWithTDD.Knight)" methodname="NonPawnMoveTestCaptureAndSquaresForConstantCheckAndMateAsFalse" classname="ChessWithTDD.Tests.AlgebraicNotationGeneratorTests" runstate="Runnable" seed="1848452296" result="Passed" start-time="2017-07-31 23:04:27Z" end-time="2017-07-31 23:04:27Z" duration="0.000086" asserts="1" />
            <test-case id="0-1316" name="NonPawnMoveTestCaptureAndSquaresForConstantCheckAndMateAsFalse(&quot;Ne2xf3&quot;,ChessWithTDD.Move,True,ChessWithTDD.Knight)" fullname="ChessWithTDD.Tests.AlgebraicNotationGeneratorTests.NonPawnMoveTestCaptureAndSquaresForConstantCheckAndMateAsFalse(&quot;Ne2xf3&quot;,ChessWithTDD.Move,True,ChessWithTDD.Knight)" methodname="NonPawnMoveTestCaptureAndSquaresForConstantCheckAndMateAsFalse" classname="ChessWithTDD.Tests.AlgebraicNotationGeneratorTests" runstate="Runnable" seed="2033331544" result="Passed" start-time="2017-07-31 23:04:27Z" end-time="2017-07-31 23:04:27Z" duration="0.000139" asserts="1" />
            <test-case id="0-1317" name="NonPawnMoveTestCaptureAndSquaresForConstantCheckAndMateAsFalse(&quot;Nf2xg3&quot;,ChessWithTDD.Move,True,ChessWithTDD.Knight)" fullname="ChessWithTDD.Tests.AlgebraicNotationGeneratorTests.NonPawnMoveTestCaptureAndSquaresForConstantCheckAndMateAsFalse(&quot;Nf2xg3&quot;,ChessWithTDD.Move,True,ChessWithTDD.Knight)" methodname="NonPawnMoveTestCaptureAndSquaresForConstantCheckAndMateAsFalse" classname="ChessWithTDD.Tests.AlgebraicNotationGeneratorTests" runstate="Runnable" seed="399961758" result="Passed" start-time="2017-07-31 23:04:27Z" end-time="2017-07-31 23:04:27Z" duration="0.000085" asserts="1" />
            <test-case id="0-1318" name="NonPawnMoveTestCaptureAndSquaresForConstantCheckAndMateAsFalse(&quot;Ng2xh3&quot;,ChessWithTDD.Move,True,ChessWithTDD.Knight)" fullname="ChessWithTDD.Tests.AlgebraicNotationGeneratorTests.NonPawnMoveTestCaptureAndSquaresForConstantCheckAndMateAsFalse(&quot;Ng2xh3&quot;,ChessWithTDD.Move,True,ChessWithTDD.Knight)" methodname="NonPawnMoveTestCaptureAndSquaresForConstantCheckAndMateAsFalse" classname="ChessWithTDD.Tests.AlgebraicNotationGeneratorTests" runstate="Runnable" seed="1311906759" result="Passed" start-time="2017-07-31 23:04:27Z" end-time="2017-07-31 23:04:27Z" duration="0.000104" asserts="1" />
            <test-case id="0-1319" name="NonPawnMoveTestCaptureAndSquaresForConstantCheckAndMateAsFalse(&quot;Nh2xg3&quot;,ChessWithTDD.Move,True,ChessWithTDD.Knight)" fullname="ChessWithTDD.Tests.AlgebraicNotationGeneratorTests.NonPawnMoveTestCaptureAndSquaresForConstantCheckAndMateAsFalse(&quot;Nh2xg3&quot;,ChessWithTDD.Move,True,ChessWithTDD.Knight)" methodname="NonPawnMoveTestCaptureAndSquaresForConstantCheckAndMateAsFalse" classname="ChessWithTDD.Tests.AlgebraicNotationGeneratorTests" runstate="Runnable" seed="1668278114" result="Passed" start-time="2017-07-31 23:04:27Z" end-time="2017-07-31 23:04:27Z" duration="0.000116" asserts="1" />
          </test-suite>
          <test-suite type="ParameterizedMethod" id="0-1336" name="NonPawnMoveTestCheckAndMateForConstantCaptureAsFalse" fullname="ChessWithTDD.Tests.AlgebraicNotationGeneratorTests.NonPawnMoveTestCheckAndMateForConstantCaptureAsFalse" classname="ChessWithTDD.Tests.AlgebraicNotationGeneratorTests" runstate="Runnable" testcasecount="6" result="Passed" start-time="2017-07-31 23:04:27Z" end-time="2017-07-31 23:04:27Z" duration="0.019028" total="6" passed="6" failed="0" warnings="0" inconclusive="0" skipped="0" asserts="6">
            <test-case id="0-1330" name="NonPawnMoveTestCheckAndMateForConstantCaptureAsFalse(&quot;Ka2-b3&quot;,ChessWithTDD.Move,False,False,ChessWithTDD.King)" fullname="ChessWithTDD.Tests.AlgebraicNotationGeneratorTests.NonPawnMoveTestCheckAndMateForConstantCaptureAsFalse(&quot;Ka2-b3&quot;,ChessWithTDD.Move,False,False,ChessWithTDD.King)" methodname="NonPawnMoveTestCheckAndMateForConstantCaptureAsFalse" classname="ChessWithTDD.Tests.AlgebraicNotationGeneratorTests" runstate="Runnable" seed="1769902248" result="Passed" start-time="2017-07-31 23:04:27Z" end-time="2017-07-31 23:04:27Z" duration="0.000333" asserts="1" />
            <test-case id="0-1331" name="NonPawnMoveTestCheckAndMateForConstantCaptureAsFalse(&quot;Qb2-c3&quot;,ChessWithTDD.Move,False,False,ChessWithTDD.Queen)" fullname="ChessWithTDD.Tests.AlgebraicNotationGeneratorTests.NonPawnMoveTestCheckAndMateForConstantCaptureAsFalse(&quot;Qb2-c3&quot;,ChessWithTDD.Move,False,False,ChessWithTDD.Queen)" methodname="NonPawnMoveTestCheckAndMateForConstantCaptureAsFalse" classname="ChessWithTDD.Tests.AlgebraicNotationGeneratorTests" runstate="Runnable" seed="584131939" result="Passed" start-time="2017-07-31 23:04:27Z" end-time="2017-07-31 23:04:27Z" duration="0.000149" asserts="1" />
            <test-case id="0-1332" name="NonPawnMoveTestCheckAndMateForConstantCaptureAsFalse(&quot;Rc2-d3+&quot;,ChessWithTDD.Move,True,False,ChessWithTDD.Rook)" fullname="ChessWithTDD.Tests.AlgebraicNotationGeneratorTests.NonPawnMoveTestCheckAndMateForConstantCaptureAsFalse(&quot;Rc2-d3+&quot;,ChessWithTDD.Move,True,False,ChessWithTDD.Rook)" methodname="NonPawnMoveTestCheckAndMateForConstantCaptureAsFalse" classname="ChessWithTDD.Tests.AlgebraicNotationGeneratorTests" runstate="Runnable" seed="540784190" result="Passed" start-time="2017-07-31 23:04:27Z" end-time="2017-07-31 23:04:27Z" duration="0.000089" asserts="1" />
            <test-case id="0-1333" name="NonPawnMoveTestCheckAndMateForConstantCaptureAsFalse(&quot;Nd2-e3+&quot;,ChessWithTDD.Move,True,False,ChessWithTDD.Knight)" fullname="ChessWithTDD.Tests.AlgebraicNotationGeneratorTests.NonPawnMoveTestCheckAndMateForConstantCaptureAsFalse(&quot;Nd2-e3+&quot;,ChessWithTDD.Move,True,False,ChessWithTDD.Knight)" methodname="NonPawnMoveTestCheckAndMateForConstantCaptureAsFalse" classname="ChessWithTDD.Tests.AlgebraicNotationGeneratorTests" runstate="Runnable" seed="1281445388" result="Passed" start-time="2017-07-31 23:04:27Z" end-time="2017-07-31 23:04:27Z" duration="0.000090" asserts="1" />
            <test-case id="0-1334" name="NonPawnMoveTestCheckAndMateForConstantCaptureAsFalse(&quot;Be2-f3#&quot;,ChessWithTDD.Move,True,True,ChessWithTDD.Bishop)" fullname="ChessWithTDD.Tests.AlgebraicNotationGeneratorTests.NonPawnMoveTestCheckAndMateForConstantCaptureAsFalse(&quot;Be2-f3#&quot;,ChessWithTDD.Move,True,True,ChessWithTDD.Bishop)" methodname="NonPawnMoveTestCheckAndMateForConstantCaptureAsFalse" classname="ChessWithTDD.Tests.AlgebraicNotationGeneratorTests" runstate="Runnable" seed="1055490190" result="Passed" start-time="2017-07-31 23:04:27Z" end-time="2017-07-31 23:04:27Z" duration="0.000113" asserts="1" />
            <test-case id="0-1335" name="NonPawnMoveTestCheckAndMateForConstantCaptureAsFalse(&quot;Kf2-g3#&quot;,ChessWithTDD.Move,True,True,ChessWithTDD.King)" fullname="ChessWithTDD.Tests.AlgebraicNotationGeneratorTests.NonPawnMoveTestCheckAndMateForConstantCaptureAsFalse(&quot;Kf2-g3#&quot;,ChessWithTDD.Move,True,True,ChessWithTDD.King)" methodname="NonPawnMoveTestCheckAndMateForConstantCaptureAsFalse" classname="ChessWithTDD.Tests.AlgebraicNotationGeneratorTests" runstate="Runnable" seed="1294616220" result="Passed" start-time="2017-07-31 23:04:27Z" end-time="2017-07-31 23:04:27Z" duration="0.000085" asserts="1" />
          </test-suite>
          <test-suite type="ParameterizedMethod" id="0-1339" name="NonPawnMoveTestInvalidCheckAndMate" fullname="ChessWithTDD.Tests.AlgebraicNotationGeneratorTests.NonPawnMoveTestInvalidCheckAndMate" classname="ChessWithTDD.Tests.AlgebraicNotationGeneratorTests" runstate="Runnable" testcasecount="2" result="Passed" start-time="2017-07-31 23:04:27Z" end-time="2017-07-31 23:04:27Z" duration="0.006476" total="2" passed="2" failed="0" warnings="0" inconclusive="0" skipped="0" asserts="2">
            <test-case id="0-1337" name="NonPawnMoveTestInvalidCheckAndMate(&quot;&quot;,ChessWithTDD.Move,False,True,ChessWithTDD.Queen)" fullname="ChessWithTDD.Tests.AlgebraicNotationGeneratorTests.NonPawnMoveTestInvalidCheckAndMate(&quot;&quot;,ChessWithTDD.Move,False,True,ChessWithTDD.Queen)" methodname="NonPawnMoveTestInvalidCheckAndMate" classname="ChessWithTDD.Tests.AlgebraicNotationGeneratorTests" runstate="Runnable" seed="232349315" result="Passed" start-time="2017-07-31 23:04:27Z" end-time="2017-07-31 23:04:27Z" duration="0.000441" asserts="1" />
            <test-case id="0-1338" name="NonPawnMoveTestInvalidCheckAndMate(&quot;&quot;,ChessWithTDD.Move,False,True,ChessWithTDD.Queen)" fullname="ChessWithTDD.Tests.AlgebraicNotationGeneratorTests.NonPawnMoveTestInvalidCheckAndMate(&quot;&quot;,ChessWithTDD.Move,False,True,ChessWithTDD.Queen)" methodname="NonPawnMoveTestInvalidCheckAndMate" classname="ChessWithTDD.Tests.AlgebraicNotationGeneratorTests" runstate="Runnable" seed="689617838" result="Passed" start-time="2017-07-31 23:04:27Z" end-time="2017-07-31 23:04:27Z" duration="0.000078" asserts="1" />
          </test-suite>
          <test-suite type="ParameterizedMethod" id="0-1329" name="NonPawnMoveTestInvalidMove" fullname="ChessWithTDD.Tests.AlgebraicNotationGeneratorTests.NonPawnMoveTestInvalidMove" classname="ChessWithTDD.Tests.AlgebraicNotationGeneratorTests" runstate="Runnable" testcasecount="8" result="Passed" start-time="2017-07-31 23:04:27Z" end-time="2017-07-31 23:04:27Z" duration="0.026006" total="8" passed="8" failed="0" warnings="0" inconclusive="0" skipped="0" asserts="8">
            <test-case id="0-1321" name="NonPawnMoveTestInvalidMove(&quot;&quot;,ChessWithTDD.Move,False,ChessWithTDD.King)" fullname="ChessWithTDD.Tests.AlgebraicNotationGeneratorTests.NonPawnMoveTestInvalidMove(&quot;&quot;,ChessWithTDD.Move,False,ChessWithTDD.King)" methodname="NonPawnMoveTestInvalidMove" classname="ChessWithTDD.Tests.AlgebraicNotationGeneratorTests" runstate="Runnable" seed="999280387" result="Passed" start-time="2017-07-31 23:04:27Z" end-time="2017-07-31 23:04:27Z" duration="0.000353" asserts="1" />
            <test-case id="0-1322" name="NonPawnMoveTestInvalidMove(&quot;&quot;,ChessWithTDD.Move,True,ChessWithTDD.King)" fullname="ChessWithTDD.Tests.AlgebraicNotationGeneratorTests.NonPawnMoveTestInvalidMove(&quot;&quot;,ChessWithTDD.Move,True,ChessWithTDD.King)" methodname="NonPawnMoveTestInvalidMove" classname="ChessWithTDD.Tests.AlgebraicNotationGeneratorTests" runstate="Runnable" seed="422684362" result="Passed" start-time="2017-07-31 23:04:27Z" end-time="2017-07-31 23:04:27Z" duration="0.000075" asserts="1" />
            <test-case id="0-1323" name="NonPawnMoveTestInvalidMove(&quot;&quot;,ChessWithTDD.Move,False,ChessWithTDD.King)" fullname="ChessWithTDD.Tests.AlgebraicNotationGeneratorTests.NonPawnMoveTestInvalidMove(&quot;&quot;,ChessWithTDD.Move,False,ChessWithTDD.King)" methodname="NonPawnMoveTestInvalidMove" classname="ChessWithTDD.Tests.AlgebraicNotationGeneratorTests" runstate="Runnable" seed="894212280" result="Passed" start-time="2017-07-31 23:04:27Z" end-time="2017-07-31 23:04:27Z" duration="0.000172" asserts="1" />
            <test-case id="0-1324" name="NonPawnMoveTestInvalidMove(&quot;&quot;,ChessWithTDD.Move,True,ChessWithTDD.King)" fullname="ChessWithTDD.Tests.AlgebraicNotationGeneratorTests.NonPawnMoveTestInvalidMove(&quot;&quot;,ChessWithTDD.Move,True,ChessWithTDD.King)" methodname="NonPawnMoveTestInvalidMove" classname="ChessWithTDD.Tests.AlgebraicNotationGeneratorTests" runstate="Runnable" seed="45280260" result="Passed" start-time="2017-07-31 23:04:27Z" end-time="2017-07-31 23:04:27Z" duration="0.000086" asserts="1" />
            <test-case id="0-1325" name="NonPawnMoveTestInvalidMove(&quot;&quot;,ChessWithTDD.Move,False,ChessWithTDD.King)" fullname="ChessWithTDD.Tests.AlgebraicNotationGeneratorTests.NonPawnMoveTestInvalidMove(&quot;&quot;,ChessWithTDD.Move,False,ChessWithTDD.King)" methodname="NonPawnMoveTestInvalidMove" classname="ChessWithTDD.Tests.AlgebraicNotationGeneratorTests" runstate="Runnable" seed="1608062493" result="Passed" start-time="2017-07-31 23:04:27Z" end-time="2017-07-31 23:04:27Z" duration="0.000073" asserts="1" />
            <test-case id="0-1326" name="NonPawnMoveTestInvalidMove(&quot;&quot;,ChessWithTDD.Move,True,ChessWithTDD.King)" fullname="ChessWithTDD.Tests.AlgebraicNotationGeneratorTests.NonPawnMoveTestInvalidMove(&quot;&quot;,ChessWithTDD.Move,True,ChessWithTDD.King)" methodname="NonPawnMoveTestInvalidMove" classname="ChessWithTDD.Tests.AlgebraicNotationGeneratorTests" runstate="Runnable" seed="1953413609" result="Passed" start-time="2017-07-31 23:04:27Z" end-time="2017-07-31 23:04:27Z" duration="0.000086" asserts="1" />
            <test-case id="0-1327" name="NonPawnMoveTestInvalidMove(&quot;&quot;,ChessWithTDD.Move,False,ChessWithTDD.King)" fullname="ChessWithTDD.Tests.AlgebraicNotationGeneratorTests.NonPawnMoveTestInvalidMove(&quot;&quot;,ChessWithTDD.Move,False,ChessWithTDD.King)" methodname="NonPawnMoveTestInvalidMove" classname="ChessWithTDD.Tests.AlgebraicNotationGeneratorTests" runstate="Runnable" seed="793671940" result="Passed" start-time="2017-07-31 23:04:27Z" end-time="2017-07-31 23:04:27Z" duration="0.000072" asserts="1" />
            <test-case id="0-1328" name="NonPawnMoveTestInvalidMove(&quot;&quot;,ChessWithTDD.Move,True,ChessWithTDD.King)" fullname="ChessWithTDD.Tests.AlgebraicNotationGeneratorTests.NonPawnMoveTestInvalidMove(&quot;&quot;,ChessWithTDD.Move,True,ChessWithTDD.King)" methodname="NonPawnMoveTestInvalidMove" classname="ChessWithTDD.Tests.AlgebraicNotationGeneratorTests" runstate="Runnable" seed="218357681" result="Passed" start-time="2017-07-31 23:04:27Z" end-time="2017-07-31 23:04:27Z" duration="0.000084" asserts="1" />
          </test-suite>
          <test-suite type="ParameterizedMethod" id="0-1260" name="PawnMoveTestCaptureAndSquaresForConstantCheckAndMateAsFalse" fullname="ChessWithTDD.Tests.AlgebraicNotationGeneratorTests.PawnMoveTestCaptureAndSquaresForConstantCheckAndMateAsFalse" classname="ChessWithTDD.Tests.AlgebraicNotationGeneratorTests" runstate="Runnable" testcasecount="40" result="Passed" start-time="2017-07-31 23:04:27Z" end-time="2017-07-31 23:04:27Z" duration="0.124477" total="40" passed="40" failed="0" warnings="0" inconclusive="0" skipped="0" asserts="40">
            <test-case id="0-1220" name="PawnMoveTestCaptureAndSquaresForConstantCheckAndMateAsFalse(&quot;a2-a4&quot;,ChessWithTDD.Move,False)" fullname="ChessWithTDD.Tests.AlgebraicNotationGeneratorTests.PawnMoveTestCaptureAndSquaresForConstantCheckAndMateAsFalse(&quot;a2-a4&quot;,ChessWithTDD.Move,False)" methodname="PawnMoveTestCaptureAndSquaresForConstantCheckAndMateAsFalse" classname="ChessWithTDD.Tests.AlgebraicNotationGeneratorTests" runstate="Runnable" seed="457670215" result="Passed" start-time="2017-07-31 23:04:27Z" end-time="2017-07-31 23:04:27Z" duration="0.000950" asserts="1" />
            <test-case id="0-1221" name="PawnMoveTestCaptureAndSquaresForConstantCheckAndMateAsFalse(&quot;b2-b4&quot;,ChessWithTDD.Move,False)" fullname="ChessWithTDD.Tests.AlgebraicNotationGeneratorTests.PawnMoveTestCaptureAndSquaresForConstantCheckAndMateAsFalse(&quot;b2-b4&quot;,ChessWithTDD.Move,False)" methodname="PawnMoveTestCaptureAndSquaresForConstantCheckAndMateAsFalse" classname="ChessWithTDD.Tests.AlgebraicNotationGeneratorTests" runstate="Runnable" seed="1908128547" result="Passed" start-time="2017-07-31 23:04:27Z" end-time="2017-07-31 23:04:27Z" duration="0.000088" asserts="1" />
            <test-case id="0-1222" name="PawnMoveTestCaptureAndSquaresForConstantCheckAndMateAsFalse(&quot;c2-c4&quot;,ChessWithTDD.Move,False)" fullname="ChessWithTDD.Tests.AlgebraicNotationGeneratorTests.PawnMoveTestCaptureAndSquaresForConstantCheckAndMateAsFalse(&quot;c2-c4&quot;,ChessWithTDD.Move,False)" methodname="PawnMoveTestCaptureAndSquaresForConstantCheckAndMateAsFalse" classname="ChessWithTDD.Tests.AlgebraicNotationGeneratorTests" runstate="Runnable" seed="917586339" result="Passed" start-time="2017-07-31 23:04:27Z" end-time="2017-07-31 23:04:27Z" duration="0.000086" asserts="1" />
            <test-case id="0-1223" name="PawnMoveTestCaptureAndSquaresForConstantCheckAndMateAsFalse(&quot;d2-d4&quot;,ChessWithTDD.Move,False)" fullname="ChessWithTDD.Tests.AlgebraicNotationGeneratorTests.PawnMoveTestCaptureAndSquaresForConstantCheckAndMateAsFalse(&quot;d2-d4&quot;,ChessWithTDD.Move,False)" methodname="PawnMoveTestCaptureAndSquaresForConstantCheckAndMateAsFalse" classname="ChessWithTDD.Tests.AlgebraicNotationGeneratorTests" runstate="Runnable" seed="1820230917" result="Passed" start-time="2017-07-31 23:04:27Z" end-time="2017-07-31 23:04:27Z" duration="0.000085" asserts="1" />
            <test-case id="0-1224" name="PawnMoveTestCaptureAndSquaresForConstantCheckAndMateAsFalse(&quot;e2-e4&quot;,ChessWithTDD.Move,False)" fullname="ChessWithTDD.Tests.AlgebraicNotationGeneratorTests.PawnMoveTestCaptureAndSquaresForConstantCheckAndMateAsFalse(&quot;e2-e4&quot;,ChessWithTDD.Move,False)" methodname="PawnMoveTestCaptureAndSquaresForConstantCheckAndMateAsFalse" classname="ChessWithTDD.Tests.AlgebraicNotationGeneratorTests" runstate="Runnable" seed="1344002796" result="Passed" start-time="2017-07-31 23:04:27Z" end-time="2017-07-31 23:04:27Z" duration="0.000120" asserts="1" />
            <test-case id="0-1225" name="PawnMoveTestCaptureAndSquaresForConstantCheckAndMateAsFalse(&quot;f2-f4&quot;,ChessWithTDD.Move,False)" fullname="ChessWithTDD.Tests.AlgebraicNotationGeneratorTests.PawnMoveTestCaptureAndSquaresForConstantCheckAndMateAsFalse(&quot;f2-f4&quot;,ChessWithTDD.Move,False)" methodname="PawnMoveTestCaptureAndSquaresForConstantCheckAndMateAsFalse" classname="ChessWithTDD.Tests.AlgebraicNotationGeneratorTests" runstate="Runnable" seed="2063386945" result="Passed" start-time="2017-07-31 23:04:27Z" end-time="2017-07-31 23:04:27Z" duration="0.000084" asserts="1" />
            <test-case id="0-1226" name="PawnMoveTestCaptureAndSquaresForConstantCheckAndMateAsFalse(&quot;g2-g4&quot;,ChessWithTDD.Move,False)" fullname="ChessWithTDD.Tests.AlgebraicNotationGeneratorTests.PawnMoveTestCaptureAndSquaresForConstantCheckAndMateAsFalse(&quot;g2-g4&quot;,ChessWithTDD.Move,False)" methodname="PawnMoveTestCaptureAndSquaresForConstantCheckAndMateAsFalse" classname="ChessWithTDD.Tests.AlgebraicNotationGeneratorTests" runstate="Runnable" seed="1718511288" result="Passed" start-time="2017-07-31 23:04:27Z" end-time="2017-07-31 23:04:27Z" duration="0.000088" asserts="1" />
            <test-case id="0-1227" name="PawnMoveTestCaptureAndSquaresForConstantCheckAndMateAsFalse(&quot;h2-h4&quot;,ChessWithTDD.Move,False)" fullname="ChessWithTDD.Tests.AlgebraicNotationGeneratorTests.PawnMoveTestCaptureAndSquaresForConstantCheckAndMateAsFalse(&quot;h2-h4&quot;,ChessWithTDD.Move,False)" methodname="PawnMoveTestCaptureAndSquaresForConstantCheckAndMateAsFalse" classname="ChessWithTDD.Tests.AlgebraicNotationGeneratorTests" runstate="Runnable" seed="1704301959" result="Passed" start-time="2017-07-31 23:04:27Z" end-time="2017-07-31 23:04:27Z" duration="0.000085" asserts="1" />
            <test-case id="0-1228" name="PawnMoveTestCaptureAndSquaresForConstantCheckAndMateAsFalse(&quot;a7-a5&quot;,ChessWithTDD.Move,False)" fullname="ChessWithTDD.Tests.AlgebraicNotationGeneratorTests.PawnMoveTestCaptureAndSquaresForConstantCheckAndMateAsFalse(&quot;a7-a5&quot;,ChessWithTDD.Move,False)" methodname="PawnMoveTestCaptureAndSquaresForConstantCheckAndMateAsFalse" classname="ChessWithTDD.Tests.AlgebraicNotationGeneratorTests" runstate="Runnable" seed="1374025367" result="Passed" start-time="2017-07-31 23:04:27Z" end-time="2017-07-31 23:04:27Z" duration="0.000082" asserts="1" />
            <test-case id="0-1229" name="PawnMoveTestCaptureAndSquaresForConstantCheckAndMateAsFalse(&quot;b7-b5&quot;,ChessWithTDD.Move,False)" fullname="ChessWithTDD.Tests.AlgebraicNotationGeneratorTests.PawnMoveTestCaptureAndSquaresForConstantCheckAndMateAsFalse(&quot;b7-b5&quot;,ChessWithTDD.Move,False)" methodname="PawnMoveTestCaptureAndSquaresForConstantCheckAndMateAsFalse" classname="ChessWithTDD.Tests.AlgebraicNotationGeneratorTests" runstate="Runnable" seed="1853740994" result="Passed" start-time="2017-07-31 23:04:27Z" end-time="2017-07-31 23:04:27Z" duration="0.000092" asserts="1" />
            <test-case id="0-1230" name="PawnMoveTestCaptureAndSquaresForConstantCheckAndMateAsFalse(&quot;c7-c5&quot;,ChessWithTDD.Move,False)" fullname="ChessWithTDD.Tests.AlgebraicNotationGeneratorTests.PawnMoveTestCaptureAndSquaresForConstantCheckAndMateAsFalse(&quot;c7-c5&quot;,ChessWithTDD.Move,False)" methodname="PawnMoveTestCaptureAndSquaresForConstantCheckAndMateAsFalse" classname="ChessWithTDD.Tests.AlgebraicNotationGeneratorTests" runstate="Runnable" seed="1270776942" result="Passed" start-time="2017-07-31 23:04:27Z" end-time="2017-07-31 23:04:27Z" duration="0.000083" asserts="1" />
            <test-case id="0-1231" name="PawnMoveTestCaptureAndSquaresForConstantCheckAndMateAsFalse(&quot;d7-d5&quot;,ChessWithTDD.Move,False)" fullname="ChessWithTDD.Tests.AlgebraicNotationGeneratorTests.PawnMoveTestCaptureAndSquaresForConstantCheckAndMateAsFalse(&quot;d7-d5&quot;,ChessWithTDD.Move,False)" methodname="PawnMoveTestCaptureAndSquaresForConstantCheckAndMateAsFalse" classname="ChessWithTDD.Tests.AlgebraicNotationGeneratorTests" runstate="Runnable" seed="1700681872" result="Passed" start-time="2017-07-31 23:04:27Z" end-time="2017-07-31 23:04:27Z" duration="0.000086" asserts="1" />
            <test-case id="0-1232" name="PawnMoveTestCaptureAndSquaresForConstantCheckAndMateAsFalse(&quot;e7-e5&quot;,ChessWithTDD.Move,False)" fullname="ChessWithTDD.Tests.AlgebraicNotationGeneratorTests.PawnMoveTestCaptureAndSquaresForConstantCheckAndMateAsFalse(&quot;e7-e5&quot;,ChessWithTDD.Move,False)" methodname="PawnMoveTestCaptureAndSquaresForConstantCheckAndMateAsFalse" classname="ChessWithTDD.Tests.AlgebraicNotationGeneratorTests" runstate="Runnable" seed="1504734869" result="Passed" start-time="2017-07-31 23:04:27Z" end-time="2017-07-31 23:04:27Z" duration="0.000086" asserts="1" />
            <test-case id="0-1233" name="PawnMoveTestCaptureAndSquaresForConstantCheckAndMateAsFalse(&quot;f7-f5&quot;,ChessWithTDD.Move,False)" fullname="ChessWithTDD.Tests.AlgebraicNotationGeneratorTests.PawnMoveTestCaptureAndSquaresForConstantCheckAndMateAsFalse(&quot;f7-f5&quot;,ChessWithTDD.Move,False)" methodname="PawnMoveTestCaptureAndSquaresForConstantCheckAndMateAsFalse" classname="ChessWithTDD.Tests.AlgebraicNotationGeneratorTests" runstate="Runnable" seed="387746235" result="Passed" start-time="2017-07-31 23:04:27Z" end-time="2017-07-31 23:04:27Z" duration="0.000084" asserts="1" />
            <test-case id="0-1234" name="PawnMoveTestCaptureAndSquaresForConstantCheckAndMateAsFalse(&quot;g7-g5&quot;,ChessWithTDD.Move,False)" fullname="ChessWithTDD.Tests.AlgebraicNotationGeneratorTests.PawnMoveTestCaptureAndSquaresForConstantCheckAndMateAsFalse(&quot;g7-g5&quot;,ChessWithTDD.Move,False)" methodname="PawnMoveTestCaptureAndSquaresForConstantCheckAndMateAsFalse" classname="ChessWithTDD.Tests.AlgebraicNotationGeneratorTests" runstate="Runnable" seed="801229412" result="Passed" start-time="2017-07-31 23:04:27Z" end-time="2017-07-31 23:04:27Z" duration="0.000114" asserts="1" />
            <test-case id="0-1235" name="PawnMoveTestCaptureAndSquaresForConstantCheckAndMateAsFalse(&quot;h7-h5&quot;,ChessWithTDD.Move,False)" fullname="ChessWithTDD.Tests.AlgebraicNotationGeneratorTests.PawnMoveTestCaptureAndSquaresForConstantCheckAndMateAsFalse(&quot;h7-h5&quot;,ChessWithTDD.Move,False)" methodname="PawnMoveTestCaptureAndSquaresForConstantCheckAndMateAsFalse" classname="ChessWithTDD.Tests.AlgebraicNotationGeneratorTests" runstate="Runnable" seed="2140740421" result="Passed" start-time="2017-07-31 23:04:27Z" end-time="2017-07-31 23:04:27Z" duration="0.000099" asserts="1" />
            <test-case id="0-1236" name="PawnMoveTestCaptureAndSquaresForConstantCheckAndMateAsFalse(&quot;a2-a3&quot;,ChessWithTDD.Move,False)" fullname="ChessWithTDD.Tests.AlgebraicNotationGeneratorTests.PawnMoveTestCaptureAndSquaresForConstantCheckAndMateAsFalse(&quot;a2-a3&quot;,ChessWithTDD.Move,False)" methodname="PawnMoveTestCaptureAndSquaresForConstantCheckAndMateAsFalse" classname="ChessWithTDD.Tests.AlgebraicNotationGeneratorTests" runstate="Runnable" seed="1461840811" result="Passed" start-time="2017-07-31 23:04:27Z" end-time="2017-07-31 23:04:27Z" duration="0.000093" asserts="1" />
            <test-case id="0-1237" name="PawnMoveTestCaptureAndSquaresForConstantCheckAndMateAsFalse(&quot;b2-b3&quot;,ChessWithTDD.Move,False)" fullname="ChessWithTDD.Tests.AlgebraicNotationGeneratorTests.PawnMoveTestCaptureAndSquaresForConstantCheckAndMateAsFalse(&quot;b2-b3&quot;,ChessWithTDD.Move,False)" methodname="PawnMoveTestCaptureAndSquaresForConstantCheckAndMateAsFalse" classname="ChessWithTDD.Tests.AlgebraicNotationGeneratorTests" runstate="Runnable" seed="443760408" result="Passed" start-time="2017-07-31 23:04:27Z" end-time="2017-07-31 23:04:27Z" duration="0.000081" asserts="1" />
            <test-case id="0-1238" name="PawnMoveTestCaptureAndSquaresForConstantCheckAndMateAsFalse(&quot;c2-c3&quot;,ChessWithTDD.Move,False)" fullname="ChessWithTDD.Tests.AlgebraicNotationGeneratorTests.PawnMoveTestCaptureAndSquaresForConstantCheckAndMateAsFalse(&quot;c2-c3&quot;,ChessWithTDD.Move,False)" methodname="PawnMoveTestCaptureAndSquaresForConstantCheckAndMateAsFalse" classname="ChessWithTDD.Tests.AlgebraicNotationGeneratorTests" runstate="Runnable" seed="1971447197" result="Passed" start-time="2017-07-31 23:04:27Z" end-time="2017-07-31 23:04:27Z" duration="0.000130" asserts="1" />
            <test-case id="0-1239" name="PawnMoveTestCaptureAndSquaresForConstantCheckAndMateAsFalse(&quot;d2-d3&quot;,ChessWithTDD.Move,False)" fullname="ChessWithTDD.Tests.AlgebraicNotationGeneratorTests.PawnMoveTestCaptureAndSquaresForConstantCheckAndMateAsFalse(&quot;d2-d3&quot;,ChessWithTDD.Move,False)" methodname="PawnMoveTestCaptureAndSquaresForConstantCheckAndMateAsFalse" classname="ChessWithTDD.Tests.AlgebraicNotationGeneratorTests" runstate="Runnable" seed="180886092" result="Passed" start-time="2017-07-31 23:04:27Z" end-time="2017-07-31 23:04:27Z" duration="0.000102" asserts="1" />
            <test-case id="0-1240" name="PawnMoveTestCaptureAndSquaresForConstantCheckAndMateAsFalse(&quot;e2-e3&quot;,ChessWithTDD.Move,False)" fullname="ChessWithTDD.Tests.AlgebraicNotationGeneratorTests.PawnMoveTestCaptureAndSquaresForConstantCheckAndMateAsFalse(&quot;e2-e3&quot;,ChessWithTDD.Move,False)" methodname="PawnMoveTestCaptureAndSquaresForConstantCheckAndMateAsFalse" classname="ChessWithTDD.Tests.AlgebraicNotationGeneratorTests" runstate="Runnable" seed="1344021329" result="Passed" start-time="2017-07-31 23:04:27Z" end-time="2017-07-31 23:04:27Z" duration="0.000088" asserts="1" />
            <test-case id="0-1241" name="PawnMoveTestCaptureAndSquaresForConstantCheckAndMateAsFalse(&quot;f2-f3&quot;,ChessWithTDD.Move,False)" fullname="ChessWithTDD.Tests.AlgebraicNotationGeneratorTests.PawnMoveTestCaptureAndSquaresForConstantCheckAndMateAsFalse(&quot;f2-f3&quot;,ChessWithTDD.Move,False)" methodname="PawnMoveTestCaptureAndSquaresForConstantCheckAndMateAsFalse" classname="ChessWithTDD.Tests.AlgebraicNotationGeneratorTests" runstate="Runnable" seed="292581399" result="Passed" start-time="2017-07-31 23:04:27Z" end-time="2017-07-31 23:04:27Z" duration="0.000125" asserts="1" />
            <test-case id="0-1242" name="PawnMoveTestCaptureAndSquaresForConstantCheckAndMateAsFalse(&quot;g2-g3&quot;,ChessWithTDD.Move,False)" fullname="ChessWithTDD.Tests.AlgebraicNotationGeneratorTests.PawnMoveTestCaptureAndSquaresForConstantCheckAndMateAsFalse(&quot;g2-g3&quot;,ChessWithTDD.Move,False)" methodname="PawnMoveTestCaptureAndSquaresForConstantCheckAndMateAsFalse" classname="ChessWithTDD.Tests.AlgebraicNotationGeneratorTests" runstate="Runnable" seed="1095840478" result="Passed" start-time="2017-07-31 23:04:27Z" end-time="2017-07-31 23:04:27Z" duration="0.000133" asserts="1" />
            <test-case id="0-1243" name="PawnMoveTestCaptureAndSquaresForConstantCheckAndMateAsFalse(&quot;h2-h3&quot;,ChessWithTDD.Move,False)" fullname="ChessWithTDD.Tests.AlgebraicNotationGeneratorTests.PawnMoveTestCaptureAndSquaresForConstantCheckAndMateAsFalse(&quot;h2-h3&quot;,ChessWithTDD.Move,False)" methodname="PawnMoveTestCaptureAndSquaresForConstantCheckAndMateAsFalse" classname="ChessWithTDD.Tests.AlgebraicNotationGeneratorTests" runstate="Runnable" seed="72208841" result="Passed" start-time="2017-07-31 23:04:27Z" end-time="2017-07-31 23:04:27Z" duration="0.000099" asserts="1" />
            <test-case id="0-1244" name="PawnMoveTestCaptureAndSquaresForConstantCheckAndMateAsFalse(&quot;a7-a6&quot;,ChessWithTDD.Move,False)" fullname="ChessWithTDD.Tests.AlgebraicNotationGeneratorTests.PawnMoveTestCaptureAndSquaresForConstantCheckAndMateAsFalse(&quot;a7-a6&quot;,ChessWithTDD.Move,False)" methodname="PawnMoveTestCaptureAndSquaresForConstantCheckAndMateAsFalse" classname="ChessWithTDD.Tests.AlgebraicNotationGeneratorTests" runstate="Runnable" seed="778251087" result="Passed" start-time="2017-07-31 23:04:27Z" end-time="2017-07-31 23:04:27Z" duration="0.000080" asserts="1" />
            <test-case id="0-1245" name="PawnMoveTestCaptureAndSquaresForConstantCheckAndMateAsFalse(&quot;b7-b6&quot;,ChessWithTDD.Move,False)" fullname="ChessWithTDD.Tests.AlgebraicNotationGeneratorTests.PawnMoveTestCaptureAndSquaresForConstantCheckAndMateAsFalse(&quot;b7-b6&quot;,ChessWithTDD.Move,False)" methodname="PawnMoveTestCaptureAndSquaresForConstantCheckAndMateAsFalse" classname="ChessWithTDD.Tests.AlgebraicNotationGeneratorTests" runstate="Runnable" seed="261207095" result="Passed" start-time="2017-07-31 23:04:27Z" end-time="2017-07-31 23:04:27Z" duration="0.000091" asserts="1" />
            <test-case id="0-1246" name="PawnMoveTestCaptureAndSquaresForConstantCheckAndMateAsFalse(&quot;c7-c6&quot;,ChessWithTDD.Move,False)" fullname="ChessWithTDD.Tests.AlgebraicNotationGeneratorTests.PawnMoveTestCaptureAndSquaresForConstantCheckAndMateAsFalse(&quot;c7-c6&quot;,ChessWithTDD.Move,False)" methodname="PawnMoveTestCaptureAndSquaresForConstantCheckAndMateAsFalse" classname="ChessWithTDD.Tests.AlgebraicNotationGeneratorTests" runstate="Runnable" seed="1863404687" result="Passed" start-time="2017-07-31 23:04:27Z" end-time="2017-07-31 23:04:27Z" duration="0.000107" asserts="1" />
            <test-case id="0-1247" name="PawnMoveTestCaptureAndSquaresForConstantCheckAndMateAsFalse(&quot;d7-d6&quot;,ChessWithTDD.Move,False)" fullname="ChessWithTDD.Tests.AlgebraicNotationGeneratorTests.PawnMoveTestCaptureAndSquaresForConstantCheckAndMateAsFalse(&quot;d7-d6&quot;,ChessWithTDD.Move,False)" methodname="PawnMoveTestCaptureAndSquaresForConstantCheckAndMateAsFalse" classname="ChessWithTDD.Tests.AlgebraicNotationGeneratorTests" runstate="Runnable" seed="1001901610" result="Passed" start-time="2017-07-31 23:04:27Z" end-time="2017-07-31 23:04:27Z" duration="0.000086" asserts="1" />
            <test-case id="0-1248" name="PawnMoveTestCaptureAndSquaresForConstantCheckAndMateAsFalse(&quot;e7-e6&quot;,ChessWithTDD.Move,False)" fullname="ChessWithTDD.Tests.AlgebraicNotationGeneratorTests.PawnMoveTestCaptureAndSquaresForConstantCheckAndMateAsFalse(&quot;e7-e6&quot;,ChessWithTDD.Move,False)" methodname="PawnMoveTestCaptureAndSquaresForConstantCheckAndMateAsFalse" classname="ChessWithTDD.Tests.AlgebraicNotationGeneratorTests" runstate="Runnable" seed="1844193902" result="Passed" start-time="2017-07-31 23:04:27Z" end-time="2017-07-31 23:04:27Z" duration="0.000084" asserts="1" />
            <test-case id="0-1249" name="PawnMoveTestCaptureAndSquaresForConstantCheckAndMateAsFalse(&quot;f7-f6&quot;,ChessWithTDD.Move,False)" fullname="ChessWithTDD.Tests.AlgebraicNotationGeneratorTests.PawnMoveTestCaptureAndSquaresForConstantCheckAndMateAsFalse(&quot;f7-f6&quot;,ChessWithTDD.Move,False)" methodname="PawnMoveTestCaptureAndSquaresForConstantCheckAndMateAsFalse" classname="ChessWithTDD.Tests.AlgebraicNotationGeneratorTests" runstate="Runnable" seed="686662332" result="Passed" start-time="2017-07-31 23:04:27Z" end-time="2017-07-31 23:04:27Z" duration="0.000108" asserts="1" />
            <test-case id="0-1250" name="PawnMoveTestCaptureAndSquaresForConstantCheckAndMateAsFalse(&quot;g7-g6&quot;,ChessWithTDD.Move,False)" fullname="ChessWithTDD.Tests.AlgebraicNotationGeneratorTests.PawnMoveTestCaptureAndSquaresForConstantCheckAndMateAsFalse(&quot;g7-g6&quot;,ChessWithTDD.Move,False)" methodname="PawnMoveTestCaptureAndSquaresForConstantCheckAndMateAsFalse" classname="ChessWithTDD.Tests.AlgebraicNotationGeneratorTests" runstate="Runnable" seed="859057206" result="Passed" start-time="2017-07-31 23:04:27Z" end-time="2017-07-31 23:04:27Z" duration="0.000084" asserts="1" />
            <test-case id="0-1251" name="PawnMoveTestCaptureAndSquaresForConstantCheckAndMateAsFalse(&quot;h7-h6&quot;,ChessWithTDD.Move,False)" fullname="ChessWithTDD.Tests.AlgebraicNotationGeneratorTests.PawnMoveTestCaptureAndSquaresForConstantCheckAndMateAsFalse(&quot;h7-h6&quot;,ChessWithTDD.Move,False)" methodname="PawnMoveTestCaptureAndSquaresForConstantCheckAndMateAsFalse" classname="ChessWithTDD.Tests.AlgebraicNotationGeneratorTests" runstate="Runnable" seed="109124286" result="Passed" start-time="2017-07-31 23:04:27Z" end-time="2017-07-31 23:04:27Z" duration="0.000101" asserts="1" />
            <test-case id="0-1252" name="PawnMoveTestCaptureAndSquaresForConstantCheckAndMateAsFalse(&quot;a2xb3&quot;,ChessWithTDD.Move,True)" fullname="ChessWithTDD.Tests.AlgebraicNotationGeneratorTests.PawnMoveTestCaptureAndSquaresForConstantCheckAndMateAsFalse(&quot;a2xb3&quot;,ChessWithTDD.Move,True)" methodname="PawnMoveTestCaptureAndSquaresForConstantCheckAndMateAsFalse" classname="ChessWithTDD.Tests.AlgebraicNotationGeneratorTests" runstate="Runnable" seed="1774266760" result="Passed" start-time="2017-07-31 23:04:27Z" end-time="2017-07-31 23:04:27Z" duration="0.000095" asserts="1" />
            <test-case id="0-1253" name="PawnMoveTestCaptureAndSquaresForConstantCheckAndMateAsFalse(&quot;b2xc3&quot;,ChessWithTDD.Move,True)" fullname="ChessWithTDD.Tests.AlgebraicNotationGeneratorTests.PawnMoveTestCaptureAndSquaresForConstantCheckAndMateAsFalse(&quot;b2xc3&quot;,ChessWithTDD.Move,True)" methodname="PawnMoveTestCaptureAndSquaresForConstantCheckAndMateAsFalse" classname="ChessWithTDD.Tests.AlgebraicNotationGeneratorTests" runstate="Runnable" seed="746833383" result="Passed" start-time="2017-07-31 23:04:27Z" end-time="2017-07-31 23:04:27Z" duration="0.000112" asserts="1" />
            <test-case id="0-1254" name="PawnMoveTestCaptureAndSquaresForConstantCheckAndMateAsFalse(&quot;c2xd3&quot;,ChessWithTDD.Move,True)" fullname="ChessWithTDD.Tests.AlgebraicNotationGeneratorTests.PawnMoveTestCaptureAndSquaresForConstantCheckAndMateAsFalse(&quot;c2xd3&quot;,ChessWithTDD.Move,True)" methodname="PawnMoveTestCaptureAndSquaresForConstantCheckAndMateAsFalse" classname="ChessWithTDD.Tests.AlgebraicNotationGeneratorTests" runstate="Runnable" seed="1749302276" result="Passed" start-time="2017-07-31 23:04:27Z" end-time="2017-07-31 23:04:27Z" duration="0.000083" asserts="1" />
            <test-case id="0-1255" name="PawnMoveTestCaptureAndSquaresForConstantCheckAndMateAsFalse(&quot;d2xe3&quot;,ChessWithTDD.Move,True)" fullname="ChessWithTDD.Tests.AlgebraicNotationGeneratorTests.PawnMoveTestCaptureAndSquaresForConstantCheckAndMateAsFalse(&quot;d2xe3&quot;,ChessWithTDD.Move,True)" methodname="PawnMoveTestCaptureAndSquaresForConstantCheckAndMateAsFalse" classname="ChessWithTDD.Tests.AlgebraicNotationGeneratorTests" runstate="Runnable" seed="786189798" result="Passed" start-time="2017-07-31 23:04:27Z" end-time="2017-07-31 23:04:27Z" duration="0.000084" asserts="1" />
            <test-case id="0-1256" name="PawnMoveTestCaptureAndSquaresForConstantCheckAndMateAsFalse(&quot;e2xf3&quot;,ChessWithTDD.Move,True)" fullname="ChessWithTDD.Tests.AlgebraicNotationGeneratorTests.PawnMoveTestCaptureAndSquaresForConstantCheckAndMateAsFalse(&quot;e2xf3&quot;,ChessWithTDD.Move,True)" methodname="PawnMoveTestCaptureAndSquaresForConstantCheckAndMateAsFalse" classname="ChessWithTDD.Tests.AlgebraicNotationGeneratorTests" runstate="Runnable" seed="1480276310" result="Passed" start-time="2017-07-31 23:04:27Z" end-time="2017-07-31 23:04:27Z" duration="0.000127" asserts="1" />
            <test-case id="0-1257" name="PawnMoveTestCaptureAndSquaresForConstantCheckAndMateAsFalse(&quot;f2xg3&quot;,ChessWithTDD.Move,True)" fullname="ChessWithTDD.Tests.AlgebraicNotationGeneratorTests.PawnMoveTestCaptureAndSquaresForConstantCheckAndMateAsFalse(&quot;f2xg3&quot;,ChessWithTDD.Move,True)" methodname="PawnMoveTestCaptureAndSquaresForConstantCheckAndMateAsFalse" classname="ChessWithTDD.Tests.AlgebraicNotationGeneratorTests" runstate="Runnable" seed="1699884312" result="Passed" start-time="2017-07-31 23:04:27Z" end-time="2017-07-31 23:04:27Z" duration="0.000132" asserts="1" />
            <test-case id="0-1258" name="PawnMoveTestCaptureAndSquaresForConstantCheckAndMateAsFalse(&quot;g2xh3&quot;,ChessWithTDD.Move,True)" fullname="ChessWithTDD.Tests.AlgebraicNotationGeneratorTests.PawnMoveTestCaptureAndSquaresForConstantCheckAndMateAsFalse(&quot;g2xh3&quot;,ChessWithTDD.Move,True)" methodname="PawnMoveTestCaptureAndSquaresForConstantCheckAndMateAsFalse" classname="ChessWithTDD.Tests.AlgebraicNotationGeneratorTests" runstate="Runnable" seed="138422540" result="Passed" start-time="2017-07-31 23:04:27Z" end-time="2017-07-31 23:04:27Z" duration="0.000159" asserts="1" />
            <test-case id="0-1259" name="PawnMoveTestCaptureAndSquaresForConstantCheckAndMateAsFalse(&quot;h2xg3&quot;,ChessWithTDD.Move,True)" fullname="ChessWithTDD.Tests.AlgebraicNotationGeneratorTests.PawnMoveTestCaptureAndSquaresForConstantCheckAndMateAsFalse(&quot;h2xg3&quot;,ChessWithTDD.Move,True)" methodname="PawnMoveTestCaptureAndSquaresForConstantCheckAndMateAsFalse" classname="ChessWithTDD.Tests.AlgebraicNotationGeneratorTests" runstate="Runnable" seed="1755849479" result="Passed" start-time="2017-07-31 23:04:27Z" end-time="2017-07-31 23:04:27Z" duration="0.000086" asserts="1" />
          </test-suite>
          <test-suite type="ParameterizedMethod" id="0-1276" name="PawnMoveTestCheckAndMateForConstantCaptureAsFalse" fullname="ChessWithTDD.Tests.AlgebraicNotationGeneratorTests.PawnMoveTestCheckAndMateForConstantCaptureAsFalse" classname="ChessWithTDD.Tests.AlgebraicNotationGeneratorTests" runstate="Runnable" testcasecount="6" result="Passed" start-time="2017-07-31 23:04:27Z" end-time="2017-07-31 23:04:27Z" duration="0.019509" total="6" passed="6" failed="0" warnings="0" inconclusive="0" skipped="0" asserts="6">
            <test-case id="0-1270" name="PawnMoveTestCheckAndMateForConstantCaptureAsFalse(&quot;a2-b3&quot;,ChessWithTDD.Move,False,False)" fullname="ChessWithTDD.Tests.AlgebraicNotationGeneratorTests.PawnMoveTestCheckAndMateForConstantCaptureAsFalse(&quot;a2-b3&quot;,ChessWithTDD.Move,False,False)" methodname="PawnMoveTestCheckAndMateForConstantCaptureAsFalse" classname="ChessWithTDD.Tests.AlgebraicNotationGeneratorTests" runstate="Runnable" seed="556115952" result="Passed" start-time="2017-07-31 23:04:27Z" end-time="2017-07-31 23:04:27Z" duration="0.000713" asserts="1" />
            <test-case id="0-1271" name="PawnMoveTestCheckAndMateForConstantCaptureAsFalse(&quot;b2-c3&quot;,ChessWithTDD.Move,False,False)" fullname="ChessWithTDD.Tests.AlgebraicNotationGeneratorTests.PawnMoveTestCheckAndMateForConstantCaptureAsFalse(&quot;b2-c3&quot;,ChessWithTDD.Move,False,False)" methodname="PawnMoveTestCheckAndMateForConstantCaptureAsFalse" classname="ChessWithTDD.Tests.AlgebraicNotationGeneratorTests" runstate="Runnable" seed="1568799257" result="Passed" start-time="2017-07-31 23:04:27Z" end-time="2017-07-31 23:04:27Z" duration="0.000101" asserts="1" />
            <test-case id="0-1272" name="PawnMoveTestCheckAndMateForConstantCaptureAsFalse(&quot;c2-d3+&quot;,ChessWithTDD.Move,True,False)" fullname="ChessWithTDD.Tests.AlgebraicNotationGeneratorTests.PawnMoveTestCheckAndMateForConstantCaptureAsFalse(&quot;c2-d3+&quot;,ChessWithTDD.Move,True,False)" methodname="PawnMoveTestCheckAndMateForConstantCaptureAsFalse" classname="ChessWithTDD.Tests.AlgebraicNotationGeneratorTests" runstate="Runnable" seed="561516941" result="Passed" start-time="2017-07-31 23:04:27Z" end-time="2017-07-31 23:04:27Z" duration="0.000085" asserts="1" />
            <test-case id="0-1273" name="PawnMoveTestCheckAndMateForConstantCaptureAsFalse(&quot;d2-e3+&quot;,ChessWithTDD.Move,True,False)" fullname="ChessWithTDD.Tests.AlgebraicNotationGeneratorTests.PawnMoveTestCheckAndMateForConstantCaptureAsFalse(&quot;d2-e3+&quot;,ChessWithTDD.Move,True,False)" methodname="PawnMoveTestCheckAndMateForConstantCaptureAsFalse" classname="ChessWithTDD.Tests.AlgebraicNotationGeneratorTests" runstate="Runnable" seed="117222140" result="Passed" start-time="2017-07-31 23:04:27Z" end-time="2017-07-31 23:04:27Z" duration="0.000083" asserts="1" />
            <test-case id="0-1274" name="PawnMoveTestCheckAndMateForConstantCaptureAsFalse(&quot;e2-f3#&quot;,ChessWithTDD.Move,True,True)" fullname="ChessWithTDD.Tests.AlgebraicNotationGeneratorTests.PawnMoveTestCheckAndMateForConstantCaptureAsFalse(&quot;e2-f3#&quot;,ChessWithTDD.Move,True,True)" methodname="PawnMoveTestCheckAndMateForConstantCaptureAsFalse" classname="ChessWithTDD.Tests.AlgebraicNotationGeneratorTests" runstate="Runnable" seed="1906597763" result="Passed" start-time="2017-07-31 23:04:27Z" end-time="2017-07-31 23:04:27Z" duration="0.000084" asserts="1" />
            <test-case id="0-1275" name="PawnMoveTestCheckAndMateForConstantCaptureAsFalse(&quot;f2-g3#&quot;,ChessWithTDD.Move,True,True)" fullname="ChessWithTDD.Tests.AlgebraicNotationGeneratorTests.PawnMoveTestCheckAndMateForConstantCaptureAsFalse(&quot;f2-g3#&quot;,ChessWithTDD.Move,True,True)" methodname="PawnMoveTestCheckAndMateForConstantCaptureAsFalse" classname="ChessWithTDD.Tests.AlgebraicNotationGeneratorTests" runstate="Runnable" seed="1169375040" result="Passed" start-time="2017-07-31 23:04:27Z" end-time="2017-07-31 23:04:27Z" duration="0.000085" asserts="1" />
          </test-suite>
          <test-suite type="ParameterizedMethod" id="0-1279" name="PawnMoveTestInvalidCheckAndMate" fullname="ChessWithTDD.Tests.AlgebraicNotationGeneratorTests.PawnMoveTestInvalidCheckAndMate" classname="ChessWithTDD.Tests.AlgebraicNotationGeneratorTests" runstate="Runnable" testcasecount="2" result="Passed" start-time="2017-07-31 23:04:27Z" end-time="2017-07-31 23:04:27Z" duration="0.006677" total="2" passed="2" failed="0" warnings="0" inconclusive="0" skipped="0" asserts="2">
            <test-case id="0-1277" name="PawnMoveTestInvalidCheckAndMate(&quot;&quot;,ChessWithTDD.Move,False,True)" fullname="ChessWithTDD.Tests.AlgebraicNotationGeneratorTests.PawnMoveTestInvalidCheckAndMate(&quot;&quot;,ChessWithTDD.Move,False,True)" methodname="PawnMoveTestInvalidCheckAndMate" classname="ChessWithTDD.Tests.AlgebraicNotationGeneratorTests" runstate="Runnable" seed="320479465" result="Passed" start-time="2017-07-31 23:04:27Z" end-time="2017-07-31 23:04:27Z" duration="0.000387" asserts="1" />
            <test-case id="0-1278" name="PawnMoveTestInvalidCheckAndMate(&quot;&quot;,ChessWithTDD.Move,False,True)" fullname="ChessWithTDD.Tests.AlgebraicNotationGeneratorTests.PawnMoveTestInvalidCheckAndMate(&quot;&quot;,ChessWithTDD.Move,False,True)" methodname="PawnMoveTestInvalidCheckAndMate" classname="ChessWithTDD.Tests.AlgebraicNotationGeneratorTests" runstate="Runnable" seed="623848471" result="Passed" start-time="2017-07-31 23:04:27Z" end-time="2017-07-31 23:04:27Z" duration="0.000102" asserts="1" />
          </test-suite>
          <test-suite type="ParameterizedMethod" id="0-1269" name="PawnMoveTestInvalidMove" fullname="ChessWithTDD.Tests.AlgebraicNotationGeneratorTests.PawnMoveTestInvalidMove" classname="ChessWithTDD.Tests.AlgebraicNotationGeneratorTests" runstate="Runnable" testcasecount="8" result="Passed" start-time="2017-07-31 23:04:27Z" end-time="2017-07-31 23:04:27Z" duration="0.025027" total="8" passed="8" failed="0" warnings="0" inconclusive="0" skipped="0" asserts="8">
            <test-case id="0-1261" name="PawnMoveTestInvalidMove(&quot;&quot;,ChessWithTDD.Move,False)" fullname="ChessWithTDD.Tests.AlgebraicNotationGeneratorTests.PawnMoveTestInvalidMove(&quot;&quot;,ChessWithTDD.Move,False)" methodname="PawnMoveTestInvalidMove" classname="ChessWithTDD.Tests.AlgebraicNotationGeneratorTests" runstate="Runnable" seed="777397150" result="Passed" start-time="2017-07-31 23:04:27Z" end-time="2017-07-31 23:04:27Z" duration="0.000401" asserts="1" />
            <test-case id="0-1262" name="PawnMoveTestInvalidMove(&quot;&quot;,ChessWithTDD.Move,True)" fullname="ChessWithTDD.Tests.AlgebraicNotationGeneratorTests.PawnMoveTestInvalidMove(&quot;&quot;,ChessWithTDD.Move,True)" methodname="PawnMoveTestInvalidMove" classname="ChessWithTDD.Tests.AlgebraicNotationGeneratorTests" runstate="Runnable" seed="655900106" result="Passed" start-time="2017-07-31 23:04:27Z" end-time="2017-07-31 23:04:27Z" duration="0.000076" asserts="1" />
            <test-case id="0-1263" name="PawnMoveTestInvalidMove(&quot;&quot;,ChessWithTDD.Move,False)" fullname="ChessWithTDD.Tests.AlgebraicNotationGeneratorTests.PawnMoveTestInvalidMove(&quot;&quot;,ChessWithTDD.Move,False)" methodname="PawnMoveTestInvalidMove" classname="ChessWithTDD.Tests.AlgebraicNotationGeneratorTests" runstate="Runnable" seed="1807833261" result="Passed" start-time="2017-07-31 23:04:27Z" end-time="2017-07-31 23:04:27Z" duration="0.000071" asserts="1" />
            <test-case id="0-1264" name="PawnMoveTestInvalidMove(&quot;&quot;,ChessWithTDD.Move,True)" fullname="ChessWithTDD.Tests.AlgebraicNotationGeneratorTests.PawnMoveTestInvalidMove(&quot;&quot;,ChessWithTDD.Move,True)" methodname="PawnMoveTestInvalidMove" classname="ChessWithTDD.Tests.AlgebraicNotationGeneratorTests" runstate="Runnable" seed="735754762" result="Passed" start-time="2017-07-31 23:04:27Z" end-time="2017-07-31 23:04:27Z" duration="0.000073" asserts="1" />
            <test-case id="0-1265" name="PawnMoveTestInvalidMove(&quot;&quot;,ChessWithTDD.Move,False)" fullname="ChessWithTDD.Tests.AlgebraicNotationGeneratorTests.PawnMoveTestInvalidMove(&quot;&quot;,ChessWithTDD.Move,False)" methodname="PawnMoveTestInvalidMove" classname="ChessWithTDD.Tests.AlgebraicNotationGeneratorTests" runstate="Runnable" seed="911291903" result="Passed" start-time="2017-07-31 23:04:27Z" end-time="2017-07-31 23:04:27Z" duration="0.000072" asserts="1" />
            <test-case id="0-1266" name="PawnMoveTestInvalidMove(&quot;&quot;,ChessWithTDD.Move,True)" fullname="ChessWithTDD.Tests.AlgebraicNotationGeneratorTests.PawnMoveTestInvalidMove(&quot;&quot;,ChessWithTDD.Move,True)" methodname="PawnMoveTestInvalidMove" classname="ChessWithTDD.Tests.AlgebraicNotationGeneratorTests" runstate="Runnable" seed="602617587" result="Passed" start-time="2017-07-31 23:04:27Z" end-time="2017-07-31 23:04:27Z" duration="0.000072" asserts="1" />
            <test-case id="0-1267" name="PawnMoveTestInvalidMove(&quot;&quot;,ChessWithTDD.Move,False)" fullname="ChessWithTDD.Tests.AlgebraicNotationGeneratorTests.PawnMoveTestInvalidMove(&quot;&quot;,ChessWithTDD.Move,False)" methodname="PawnMoveTestInvalidMove" classname="ChessWithTDD.Tests.AlgebraicNotationGeneratorTests" runstate="Runnable" seed="2091371889" result="Passed" start-time="2017-07-31 23:04:27Z" end-time="2017-07-31 23:04:27Z" duration="0.000078" asserts="1" />
            <test-case id="0-1268" name="PawnMoveTestInvalidMove(&quot;&quot;,ChessWithTDD.Move,True)" fullname="ChessWithTDD.Tests.AlgebraicNotationGeneratorTests.PawnMoveTestInvalidMove(&quot;&quot;,ChessWithTDD.Move,True)" methodname="PawnMoveTestInvalidMove" classname="ChessWithTDD.Tests.AlgebraicNotationGeneratorTests" runstate="Runnable" seed="606666031" result="Passed" start-time="2017-07-31 23:04:27Z" end-time="2017-07-31 23:04:27Z" duration="0.000086" asserts="1" />
          </test-suite>
        </test-suite>
        <test-suite type="TestFixture" id="0-1340" name="AlgebraicNotationParserTests" fullname="ChessWithTDD.Tests.AlgebraicNotationParserTests" classname="ChessWithTDD.Tests.AlgebraicNotationParserTests" runstate="Runnable" testcasecount="144" result="Passed" start-time="2017-07-31 23:04:27Z" end-time="2017-07-31 23:04:27Z" duration="0.521071" total="144" passed="144" failed="0" warnings="0" inconclusive="0" skipped="0" asserts="168">
          <test-suite type="ParameterizedMethod" id="0-1489" name="NonPawnMoveCheckAndMateFalse" fullname="ChessWithTDD.Tests.AlgebraicNotationParserTests.NonPawnMoveCheckAndMateFalse" classname="ChessWithTDD.Tests.AlgebraicNotationParserTests" runstate="Runnable" testcasecount="4" result="Passed" start-time="2017-07-31 23:04:27Z" end-time="2017-07-31 23:04:27Z" duration="0.026215" total="4" passed="4" failed="0" warnings="0" inconclusive="0" skipped="0" asserts="8">
            <test-case id="0-1485" name="NonPawnMoveCheckAndMateFalse(&quot;Ka2-a4&quot;)" fullname="ChessWithTDD.Tests.AlgebraicNotationParserTests.NonPawnMoveCheckAndMateFalse(&quot;Ka2-a4&quot;)" methodname="NonPawnMoveCheckAndMateFalse" classname="ChessWithTDD.Tests.AlgebraicNotationParserTests" runstate="Runnable" seed="503145856" result="Passed" start-time="2017-07-31 23:04:27Z" end-time="2017-07-31 23:04:27Z" duration="0.014578" asserts="2" />
            <test-case id="0-1486" name="NonPawnMoveCheckAndMateFalse(&quot;Bd7-d5&quot;)" fullname="ChessWithTDD.Tests.AlgebraicNotationParserTests.NonPawnMoveCheckAndMateFalse(&quot;Bd7-d5&quot;)" methodname="NonPawnMoveCheckAndMateFalse" classname="ChessWithTDD.Tests.AlgebraicNotationParserTests" runstate="Runnable" seed="1913763489" result="Passed" start-time="2017-07-31 23:04:27Z" end-time="2017-07-31 23:04:27Z" duration="0.000253" asserts="2" />
            <test-case id="0-1487" name="NonPawnMoveCheckAndMateFalse(&quot;Rc2-c3&quot;)" fullname="ChessWithTDD.Tests.AlgebraicNotationParserTests.NonPawnMoveCheckAndMateFalse(&quot;Rc2-c3&quot;)" methodname="NonPawnMoveCheckAndMateFalse" classname="ChessWithTDD.Tests.AlgebraicNotationParserTests" runstate="Runnable" seed="739495523" result="Passed" start-time="2017-07-31 23:04:27Z" end-time="2017-07-31 23:04:27Z" duration="0.000219" asserts="2" />
            <test-case id="0-1488" name="NonPawnMoveCheckAndMateFalse(&quot;Qf2xg3&quot;)" fullname="ChessWithTDD.Tests.AlgebraicNotationParserTests.NonPawnMoveCheckAndMateFalse(&quot;Qf2xg3&quot;)" methodname="NonPawnMoveCheckAndMateFalse" classname="ChessWithTDD.Tests.AlgebraicNotationParserTests" runstate="Runnable" seed="847662245" result="Passed" start-time="2017-07-31 23:04:27Z" end-time="2017-07-31 23:04:27Z" duration="0.000213" asserts="2" />
          </test-suite>
          <test-suite type="ParameterizedMethod" id="0-1494" name="NonPawnMoveCheckAndMateTrue" fullname="ChessWithTDD.Tests.AlgebraicNotationParserTests.NonPawnMoveCheckAndMateTrue" classname="ChessWithTDD.Tests.AlgebraicNotationParserTests" runstate="Runnable" testcasecount="4" result="Passed" start-time="2017-07-31 23:04:27Z" end-time="2017-07-31 23:04:27Z" duration="0.013007" total="4" passed="4" failed="0" warnings="0" inconclusive="0" skipped="0" asserts="8">
            <test-case id="0-1490" name="NonPawnMoveCheckAndMateTrue(&quot;Ka2-a4#&quot;)" fullname="ChessWithTDD.Tests.AlgebraicNotationParserTests.NonPawnMoveCheckAndMateTrue(&quot;Ka2-a4#&quot;)" methodname="NonPawnMoveCheckAndMateTrue" classname="ChessWithTDD.Tests.AlgebraicNotationParserTests" runstate="Runnable" seed="1677118938" result="Passed" start-time="2017-07-31 23:04:27Z" end-time="2017-07-31 23:04:27Z" duration="0.000748" asserts="2" />
            <test-case id="0-1491" name="NonPawnMoveCheckAndMateTrue(&quot;Bd7-d5#&quot;)" fullname="ChessWithTDD.Tests.AlgebraicNotationParserTests.NonPawnMoveCheckAndMateTrue(&quot;Bd7-d5#&quot;)" methodname="NonPawnMoveCheckAndMateTrue" classname="ChessWithTDD.Tests.AlgebraicNotationParserTests" runstate="Runnable" seed="1002672610" result="Passed" start-time="2017-07-31 23:04:27Z" end-time="2017-07-31 23:04:27Z" duration="0.000212" asserts="2" />
            <test-case id="0-1492" name="NonPawnMoveCheckAndMateTrue(&quot;Rc2-c3#&quot;)" fullname="ChessWithTDD.Tests.AlgebraicNotationParserTests.NonPawnMoveCheckAndMateTrue(&quot;Rc2-c3#&quot;)" methodname="NonPawnMoveCheckAndMateTrue" classname="ChessWithTDD.Tests.AlgebraicNotationParserTests" runstate="Runnable" seed="2064866825" result="Passed" start-time="2017-07-31 23:04:27Z" end-time="2017-07-31 23:04:27Z" duration="0.000223" asserts="2" />
            <test-case id="0-1493" name="NonPawnMoveCheckAndMateTrue(&quot;Qf2xg3#&quot;)" fullname="ChessWithTDD.Tests.AlgebraicNotationParserTests.NonPawnMoveCheckAndMateTrue(&quot;Qf2xg3#&quot;)" methodname="NonPawnMoveCheckAndMateTrue" classname="ChessWithTDD.Tests.AlgebraicNotationParserTests" runstate="Runnable" seed="193918424" result="Passed" start-time="2017-07-31 23:04:27Z" end-time="2017-07-31 23:04:27Z" duration="0.000212" asserts="2" />
          </test-suite>
          <test-suite type="ParameterizedMethod" id="0-1484" name="NonPawnMoveCheckTrueMateFalse" fullname="ChessWithTDD.Tests.AlgebraicNotationParserTests.NonPawnMoveCheckTrueMateFalse" classname="ChessWithTDD.Tests.AlgebraicNotationParserTests" runstate="Runnable" testcasecount="4" result="Passed" start-time="2017-07-31 23:04:27Z" end-time="2017-07-31 23:04:27Z" duration="0.015069" total="4" passed="4" failed="0" warnings="0" inconclusive="0" skipped="0" asserts="8">
            <test-case id="0-1480" name="NonPawnMoveCheckTrueMateFalse(&quot;Ka2-a4+&quot;)" fullname="ChessWithTDD.Tests.AlgebraicNotationParserTests.NonPawnMoveCheckTrueMateFalse(&quot;Ka2-a4+&quot;)" methodname="NonPawnMoveCheckTrueMateFalse" classname="ChessWithTDD.Tests.AlgebraicNotationParserTests" runstate="Runnable" seed="1719976778" result="Passed" start-time="2017-07-31 23:04:27Z" end-time="2017-07-31 23:04:27Z" duration="0.000504" asserts="2" />
            <test-case id="0-1481" name="NonPawnMoveCheckTrueMateFalse(&quot;Bd7-d5+&quot;)" fullname="ChessWithTDD.Tests.AlgebraicNotationParserTests.NonPawnMoveCheckTrueMateFalse(&quot;Bd7-d5+&quot;)" methodname="NonPawnMoveCheckTrueMateFalse" classname="ChessWithTDD.Tests.AlgebraicNotationParserTests" runstate="Runnable" seed="76441867" result="Passed" start-time="2017-07-31 23:04:27Z" end-time="2017-07-31 23:04:27Z" duration="0.000137" asserts="2" />
            <test-case id="0-1482" name="NonPawnMoveCheckTrueMateFalse(&quot;Rc2-c3+&quot;)" fullname="ChessWithTDD.Tests.AlgebraicNotationParserTests.NonPawnMoveCheckTrueMateFalse(&quot;Rc2-c3+&quot;)" methodname="NonPawnMoveCheckTrueMateFalse" classname="ChessWithTDD.Tests.AlgebraicNotationParserTests" runstate="Runnable" seed="1520175311" result="Passed" start-time="2017-07-31 23:04:27Z" end-time="2017-07-31 23:04:27Z" duration="0.000117" asserts="2" />
            <test-case id="0-1483" name="NonPawnMoveCheckTrueMateFalse(&quot;Qf2xg3+&quot;)" fullname="ChessWithTDD.Tests.AlgebraicNotationParserTests.NonPawnMoveCheckTrueMateFalse(&quot;Qf2xg3+&quot;)" methodname="NonPawnMoveCheckTrueMateFalse" classname="ChessWithTDD.Tests.AlgebraicNotationParserTests" runstate="Runnable" seed="1849158452" result="Passed" start-time="2017-07-31 23:04:27Z" end-time="2017-07-31 23:04:27Z" duration="0.000115" asserts="2" />
          </test-suite>
          <test-suite type="ParameterizedMethod" id="0-1447" name="NonPawnMoveParse" fullname="ChessWithTDD.Tests.AlgebraicNotationParserTests.NonPawnMoveParse" classname="ChessWithTDD.Tests.AlgebraicNotationParserTests" runstate="Runnable" testcasecount="44" result="Passed" start-time="2017-07-31 23:04:27Z" end-time="2017-07-31 23:04:27Z" duration="0.141007" total="44" passed="44" failed="0" warnings="0" inconclusive="0" skipped="0" asserts="44">
            <test-case id="0-1403" name="NonPawnMoveParse(&quot;Ka2-a4&quot;,ChessWithTDD.Move)" fullname="ChessWithTDD.Tests.AlgebraicNotationParserTests.NonPawnMoveParse(&quot;Ka2-a4&quot;,ChessWithTDD.Move)" methodname="NonPawnMoveParse" classname="ChessWithTDD.Tests.AlgebraicNotationParserTests" runstate="Runnable" seed="1840031278" result="Passed" start-time="2017-07-31 23:04:27Z" end-time="2017-07-31 23:04:27Z" duration="0.000924" asserts="1" />
            <test-case id="0-1404" name="NonPawnMoveParse(&quot;Kb2-b4&quot;,ChessWithTDD.Move)" fullname="ChessWithTDD.Tests.AlgebraicNotationParserTests.NonPawnMoveParse(&quot;Kb2-b4&quot;,ChessWithTDD.Move)" methodname="NonPawnMoveParse" classname="ChessWithTDD.Tests.AlgebraicNotationParserTests" runstate="Runnable" seed="1046192022" result="Passed" start-time="2017-07-31 23:04:27Z" end-time="2017-07-31 23:04:27Z" duration="0.000158" asserts="1" />
            <test-case id="0-1405" name="NonPawnMoveParse(&quot;Kc2-c4&quot;,ChessWithTDD.Move)" fullname="ChessWithTDD.Tests.AlgebraicNotationParserTests.NonPawnMoveParse(&quot;Kc2-c4&quot;,ChessWithTDD.Move)" methodname="NonPawnMoveParse" classname="ChessWithTDD.Tests.AlgebraicNotationParserTests" runstate="Runnable" seed="697683045" result="Passed" start-time="2017-07-31 23:04:27Z" end-time="2017-07-31 23:04:27Z" duration="0.000099" asserts="1" />
            <test-case id="0-1406" name="NonPawnMoveParse(&quot;Kd2-d4&quot;,ChessWithTDD.Move)" fullname="ChessWithTDD.Tests.AlgebraicNotationParserTests.NonPawnMoveParse(&quot;Kd2-d4&quot;,ChessWithTDD.Move)" methodname="NonPawnMoveParse" classname="ChessWithTDD.Tests.AlgebraicNotationParserTests" runstate="Runnable" seed="1850050317" result="Passed" start-time="2017-07-31 23:04:27Z" end-time="2017-07-31 23:04:27Z" duration="0.000172" asserts="1" />
            <test-case id="0-1407" name="NonPawnMoveParse(&quot;Ke2-e4&quot;,ChessWithTDD.Move)" fullname="ChessWithTDD.Tests.AlgebraicNotationParserTests.NonPawnMoveParse(&quot;Ke2-e4&quot;,ChessWithTDD.Move)" methodname="NonPawnMoveParse" classname="ChessWithTDD.Tests.AlgebraicNotationParserTests" runstate="Runnable" seed="2015578165" result="Passed" start-time="2017-07-31 23:04:27Z" end-time="2017-07-31 23:04:27Z" duration="0.000102" asserts="1" />
            <test-case id="0-1408" name="NonPawnMoveParse(&quot;Kf2-f4&quot;,ChessWithTDD.Move)" fullname="ChessWithTDD.Tests.AlgebraicNotationParserTests.NonPawnMoveParse(&quot;Kf2-f4&quot;,ChessWithTDD.Move)" methodname="NonPawnMoveParse" classname="ChessWithTDD.Tests.AlgebraicNotationParserTests" runstate="Runnable" seed="369278685" result="Passed" start-time="2017-07-31 23:04:27Z" end-time="2017-07-31 23:04:27Z" duration="0.000221" asserts="1" />
            <test-case id="0-1409" name="NonPawnMoveParse(&quot;Kg2-g4&quot;,ChessWithTDD.Move)" fullname="ChessWithTDD.Tests.AlgebraicNotationParserTests.NonPawnMoveParse(&quot;Kg2-g4&quot;,ChessWithTDD.Move)" methodname="NonPawnMoveParse" classname="ChessWithTDD.Tests.AlgebraicNotationParserTests" runstate="Runnable" seed="224129004" result="Passed" start-time="2017-07-31 23:04:27Z" end-time="2017-07-31 23:04:27Z" duration="0.000134" asserts="1" />
            <test-case id="0-1410" name="NonPawnMoveParse(&quot;Kh2-h4&quot;,ChessWithTDD.Move)" fullname="ChessWithTDD.Tests.AlgebraicNotationParserTests.NonPawnMoveParse(&quot;Kh2-h4&quot;,ChessWithTDD.Move)" methodname="NonPawnMoveParse" classname="ChessWithTDD.Tests.AlgebraicNotationParserTests" runstate="Runnable" seed="824417380" result="Passed" start-time="2017-07-31 23:04:27Z" end-time="2017-07-31 23:04:27Z" duration="0.000089" asserts="1" />
            <test-case id="0-1411" name="NonPawnMoveParse(&quot;Qa7-a5&quot;,ChessWithTDD.Move)" fullname="ChessWithTDD.Tests.AlgebraicNotationParserTests.NonPawnMoveParse(&quot;Qa7-a5&quot;,ChessWithTDD.Move)" methodname="NonPawnMoveParse" classname="ChessWithTDD.Tests.AlgebraicNotationParserTests" runstate="Runnable" seed="1716654301" result="Passed" start-time="2017-07-31 23:04:27Z" end-time="2017-07-31 23:04:27Z" duration="0.000086" asserts="1" />
            <test-case id="0-1412" name="NonPawnMoveParse(&quot;Qb7-b5&quot;,ChessWithTDD.Move)" fullname="ChessWithTDD.Tests.AlgebraicNotationParserTests.NonPawnMoveParse(&quot;Qb7-b5&quot;,ChessWithTDD.Move)" methodname="NonPawnMoveParse" classname="ChessWithTDD.Tests.AlgebraicNotationParserTests" runstate="Runnable" seed="1531786946" result="Passed" start-time="2017-07-31 23:04:27Z" end-time="2017-07-31 23:04:27Z" duration="0.000119" asserts="1" />
            <test-case id="0-1413" name="NonPawnMoveParse(&quot;Qc7-c5&quot;,ChessWithTDD.Move)" fullname="ChessWithTDD.Tests.AlgebraicNotationParserTests.NonPawnMoveParse(&quot;Qc7-c5&quot;,ChessWithTDD.Move)" methodname="NonPawnMoveParse" classname="ChessWithTDD.Tests.AlgebraicNotationParserTests" runstate="Runnable" seed="117225133" result="Passed" start-time="2017-07-31 23:04:27Z" end-time="2017-07-31 23:04:27Z" duration="0.000102" asserts="1" />
            <test-case id="0-1414" name="NonPawnMoveParse(&quot;Qd7-d5&quot;,ChessWithTDD.Move)" fullname="ChessWithTDD.Tests.AlgebraicNotationParserTests.NonPawnMoveParse(&quot;Qd7-d5&quot;,ChessWithTDD.Move)" methodname="NonPawnMoveParse" classname="ChessWithTDD.Tests.AlgebraicNotationParserTests" runstate="Runnable" seed="1993347664" result="Passed" start-time="2017-07-31 23:04:27Z" end-time="2017-07-31 23:04:27Z" duration="0.000078" asserts="1" />
            <test-case id="0-1415" name="NonPawnMoveParse(&quot;Qe7-e5&quot;,ChessWithTDD.Move)" fullname="ChessWithTDD.Tests.AlgebraicNotationParserTests.NonPawnMoveParse(&quot;Qe7-e5&quot;,ChessWithTDD.Move)" methodname="NonPawnMoveParse" classname="ChessWithTDD.Tests.AlgebraicNotationParserTests" runstate="Runnable" seed="777750806" result="Passed" start-time="2017-07-31 23:04:27Z" end-time="2017-07-31 23:04:27Z" duration="0.000123" asserts="1" />
            <test-case id="0-1416" name="NonPawnMoveParse(&quot;Qf7-f5&quot;,ChessWithTDD.Move)" fullname="ChessWithTDD.Tests.AlgebraicNotationParserTests.NonPawnMoveParse(&quot;Qf7-f5&quot;,ChessWithTDD.Move)" methodname="NonPawnMoveParse" classname="ChessWithTDD.Tests.AlgebraicNotationParserTests" runstate="Runnable" seed="754435503" result="Passed" start-time="2017-07-31 23:04:27Z" end-time="2017-07-31 23:04:27Z" duration="0.000100" asserts="1" />
            <test-case id="0-1417" name="NonPawnMoveParse(&quot;Qg7-g5&quot;,ChessWithTDD.Move)" fullname="ChessWithTDD.Tests.AlgebraicNotationParserTests.NonPawnMoveParse(&quot;Qg7-g5&quot;,ChessWithTDD.Move)" methodname="NonPawnMoveParse" classname="ChessWithTDD.Tests.AlgebraicNotationParserTests" runstate="Runnable" seed="1571944472" result="Passed" start-time="2017-07-31 23:04:27Z" end-time="2017-07-31 23:04:27Z" duration="0.000146" asserts="1" />
            <test-case id="0-1418" name="NonPawnMoveParse(&quot;Qh7-h5&quot;,ChessWithTDD.Move)" fullname="ChessWithTDD.Tests.AlgebraicNotationParserTests.NonPawnMoveParse(&quot;Qh7-h5&quot;,ChessWithTDD.Move)" methodname="NonPawnMoveParse" classname="ChessWithTDD.Tests.AlgebraicNotationParserTests" runstate="Runnable" seed="2144552210" result="Passed" start-time="2017-07-31 23:04:27Z" end-time="2017-07-31 23:04:27Z" duration="0.000106" asserts="1" />
            <test-case id="0-1419" name="NonPawnMoveParse(&quot;Ra2-a3&quot;,ChessWithTDD.Move)" fullname="ChessWithTDD.Tests.AlgebraicNotationParserTests.NonPawnMoveParse(&quot;Ra2-a3&quot;,ChessWithTDD.Move)" methodname="NonPawnMoveParse" classname="ChessWithTDD.Tests.AlgebraicNotationParserTests" runstate="Runnable" seed="1347838709" result="Passed" start-time="2017-07-31 23:04:27Z" end-time="2017-07-31 23:04:27Z" duration="0.000102" asserts="1" />
            <test-case id="0-1420" name="NonPawnMoveParse(&quot;Rb2-b3&quot;,ChessWithTDD.Move)" fullname="ChessWithTDD.Tests.AlgebraicNotationParserTests.NonPawnMoveParse(&quot;Rb2-b3&quot;,ChessWithTDD.Move)" methodname="NonPawnMoveParse" classname="ChessWithTDD.Tests.AlgebraicNotationParserTests" runstate="Runnable" seed="1864559289" result="Passed" start-time="2017-07-31 23:04:27Z" end-time="2017-07-31 23:04:27Z" duration="0.000124" asserts="1" />
            <test-case id="0-1421" name="NonPawnMoveParse(&quot;Rc2-c3&quot;,ChessWithTDD.Move)" fullname="ChessWithTDD.Tests.AlgebraicNotationParserTests.NonPawnMoveParse(&quot;Rc2-c3&quot;,ChessWithTDD.Move)" methodname="NonPawnMoveParse" classname="ChessWithTDD.Tests.AlgebraicNotationParserTests" runstate="Runnable" seed="1246230827" result="Passed" start-time="2017-07-31 23:04:27Z" end-time="2017-07-31 23:04:27Z" duration="0.000094" asserts="1" />
            <test-case id="0-1422" name="NonPawnMoveParse(&quot;Rd2-d3&quot;,ChessWithTDD.Move)" fullname="ChessWithTDD.Tests.AlgebraicNotationParserTests.NonPawnMoveParse(&quot;Rd2-d3&quot;,ChessWithTDD.Move)" methodname="NonPawnMoveParse" classname="ChessWithTDD.Tests.AlgebraicNotationParserTests" runstate="Runnable" seed="637124085" result="Passed" start-time="2017-07-31 23:04:27Z" end-time="2017-07-31 23:04:27Z" duration="0.000136" asserts="1" />
            <test-case id="0-1423" name="NonPawnMoveParse(&quot;Re2-e3&quot;,ChessWithTDD.Move)" fullname="ChessWithTDD.Tests.AlgebraicNotationParserTests.NonPawnMoveParse(&quot;Re2-e3&quot;,ChessWithTDD.Move)" methodname="NonPawnMoveParse" classname="ChessWithTDD.Tests.AlgebraicNotationParserTests" runstate="Runnable" seed="1469315536" result="Passed" start-time="2017-07-31 23:04:27Z" end-time="2017-07-31 23:04:27Z" duration="0.000136" asserts="1" />
            <test-case id="0-1424" name="NonPawnMoveParse(&quot;Rf2-f3&quot;,ChessWithTDD.Move)" fullname="ChessWithTDD.Tests.AlgebraicNotationParserTests.NonPawnMoveParse(&quot;Rf2-f3&quot;,ChessWithTDD.Move)" methodname="NonPawnMoveParse" classname="ChessWithTDD.Tests.AlgebraicNotationParserTests" runstate="Runnable" seed="1835337466" result="Passed" start-time="2017-07-31 23:04:27Z" end-time="2017-07-31 23:04:27Z" duration="0.000105" asserts="1" />
            <test-case id="0-1425" name="NonPawnMoveParse(&quot;Rg2-g3&quot;,ChessWithTDD.Move)" fullname="ChessWithTDD.Tests.AlgebraicNotationParserTests.NonPawnMoveParse(&quot;Rg2-g3&quot;,ChessWithTDD.Move)" methodname="NonPawnMoveParse" classname="ChessWithTDD.Tests.AlgebraicNotationParserTests" runstate="Runnable" seed="796177665" result="Passed" start-time="2017-07-31 23:04:27Z" end-time="2017-07-31 23:04:27Z" duration="0.000127" asserts="1" />
            <test-case id="0-1426" name="NonPawnMoveParse(&quot;Rh2-h3&quot;,ChessWithTDD.Move)" fullname="ChessWithTDD.Tests.AlgebraicNotationParserTests.NonPawnMoveParse(&quot;Rh2-h3&quot;,ChessWithTDD.Move)" methodname="NonPawnMoveParse" classname="ChessWithTDD.Tests.AlgebraicNotationParserTests" runstate="Runnable" seed="28477641" result="Passed" start-time="2017-07-31 23:04:27Z" end-time="2017-07-31 23:04:27Z" duration="0.000096" asserts="1" />
            <test-case id="0-1427" name="NonPawnMoveParse(&quot;Ba7-a6&quot;,ChessWithTDD.Move)" fullname="ChessWithTDD.Tests.AlgebraicNotationParserTests.NonPawnMoveParse(&quot;Ba7-a6&quot;,ChessWithTDD.Move)" methodname="NonPawnMoveParse" classname="ChessWithTDD.Tests.AlgebraicNotationParserTests" runstate="Runnable" seed="884980640" result="Passed" start-time="2017-07-31 23:04:27Z" end-time="2017-07-31 23:04:27Z" duration="0.000093" asserts="1" />
            <test-case id="0-1428" name="NonPawnMoveParse(&quot;Bb7-b6&quot;,ChessWithTDD.Move)" fullname="ChessWithTDD.Tests.AlgebraicNotationParserTests.NonPawnMoveParse(&quot;Bb7-b6&quot;,ChessWithTDD.Move)" methodname="NonPawnMoveParse" classname="ChessWithTDD.Tests.AlgebraicNotationParserTests" runstate="Runnable" seed="921430177" result="Passed" start-time="2017-07-31 23:04:27Z" end-time="2017-07-31 23:04:27Z" duration="0.000102" asserts="1" />
            <test-case id="0-1429" name="NonPawnMoveParse(&quot;Bc7-c6&quot;,ChessWithTDD.Move)" fullname="ChessWithTDD.Tests.AlgebraicNotationParserTests.NonPawnMoveParse(&quot;Bc7-c6&quot;,ChessWithTDD.Move)" methodname="NonPawnMoveParse" classname="ChessWithTDD.Tests.AlgebraicNotationParserTests" runstate="Runnable" seed="1979737785" result="Passed" start-time="2017-07-31 23:04:27Z" end-time="2017-07-31 23:04:27Z" duration="0.000153" asserts="1" />
            <test-case id="0-1430" name="NonPawnMoveParse(&quot;Bd7-d6&quot;,ChessWithTDD.Move)" fullname="ChessWithTDD.Tests.AlgebraicNotationParserTests.NonPawnMoveParse(&quot;Bd7-d6&quot;,ChessWithTDD.Move)" methodname="NonPawnMoveParse" classname="ChessWithTDD.Tests.AlgebraicNotationParserTests" runstate="Runnable" seed="1649775579" result="Passed" start-time="2017-07-31 23:04:27Z" end-time="2017-07-31 23:04:27Z" duration="0.000094" asserts="1" />
            <test-case id="0-1431" name="NonPawnMoveParse(&quot;Be7-e6&quot;,ChessWithTDD.Move)" fullname="ChessWithTDD.Tests.AlgebraicNotationParserTests.NonPawnMoveParse(&quot;Be7-e6&quot;,ChessWithTDD.Move)" methodname="NonPawnMoveParse" classname="ChessWithTDD.Tests.AlgebraicNotationParserTests" runstate="Runnable" seed="1958890813" result="Passed" start-time="2017-07-31 23:04:27Z" end-time="2017-07-31 23:04:27Z" duration="0.000094" asserts="1" />
            <test-case id="0-1432" name="NonPawnMoveParse(&quot;Bf7-f6&quot;,ChessWithTDD.Move)" fullname="ChessWithTDD.Tests.AlgebraicNotationParserTests.NonPawnMoveParse(&quot;Bf7-f6&quot;,ChessWithTDD.Move)" methodname="NonPawnMoveParse" classname="ChessWithTDD.Tests.AlgebraicNotationParserTests" runstate="Runnable" seed="1923581475" result="Passed" start-time="2017-07-31 23:04:27Z" end-time="2017-07-31 23:04:27Z" duration="0.000095" asserts="1" />
            <test-case id="0-1433" name="NonPawnMoveParse(&quot;Bg7-g6&quot;,ChessWithTDD.Move)" fullname="ChessWithTDD.Tests.AlgebraicNotationParserTests.NonPawnMoveParse(&quot;Bg7-g6&quot;,ChessWithTDD.Move)" methodname="NonPawnMoveParse" classname="ChessWithTDD.Tests.AlgebraicNotationParserTests" runstate="Runnable" seed="1957233787" result="Passed" start-time="2017-07-31 23:04:27Z" end-time="2017-07-31 23:04:27Z" duration="0.000096" asserts="1" />
            <test-case id="0-1434" name="NonPawnMoveParse(&quot;Bh7-h6&quot;,ChessWithTDD.Move)" fullname="ChessWithTDD.Tests.AlgebraicNotationParserTests.NonPawnMoveParse(&quot;Bh7-h6&quot;,ChessWithTDD.Move)" methodname="NonPawnMoveParse" classname="ChessWithTDD.Tests.AlgebraicNotationParserTests" runstate="Runnable" seed="1414922518" result="Passed" start-time="2017-07-31 23:04:27Z" end-time="2017-07-31 23:04:27Z" duration="0.000095" asserts="1" />
            <test-case id="0-1435" name="NonPawnMoveParse(&quot;Na2xb3&quot;,ChessWithTDD.Move)" fullname="ChessWithTDD.Tests.AlgebraicNotationParserTests.NonPawnMoveParse(&quot;Na2xb3&quot;,ChessWithTDD.Move)" methodname="NonPawnMoveParse" classname="ChessWithTDD.Tests.AlgebraicNotationParserTests" runstate="Runnable" seed="2013746045" result="Passed" start-time="2017-07-31 23:04:27Z" end-time="2017-07-31 23:04:27Z" duration="0.000109" asserts="1" />
            <test-case id="0-1436" name="NonPawnMoveParse(&quot;Nb2xc3&quot;,ChessWithTDD.Move)" fullname="ChessWithTDD.Tests.AlgebraicNotationParserTests.NonPawnMoveParse(&quot;Nb2xc3&quot;,ChessWithTDD.Move)" methodname="NonPawnMoveParse" classname="ChessWithTDD.Tests.AlgebraicNotationParserTests" runstate="Runnable" seed="2146197579" result="Passed" start-time="2017-07-31 23:04:27Z" end-time="2017-07-31 23:04:27Z" duration="0.000151" asserts="1" />
            <test-case id="0-1437" name="NonPawnMoveParse(&quot;Nc2xd3&quot;,ChessWithTDD.Move)" fullname="ChessWithTDD.Tests.AlgebraicNotationParserTests.NonPawnMoveParse(&quot;Nc2xd3&quot;,ChessWithTDD.Move)" methodname="NonPawnMoveParse" classname="ChessWithTDD.Tests.AlgebraicNotationParserTests" runstate="Runnable" seed="157467667" result="Passed" start-time="2017-07-31 23:04:27Z" end-time="2017-07-31 23:04:27Z" duration="0.000111" asserts="1" />
            <test-case id="0-1438" name="NonPawnMoveParse(&quot;Nd2xe3&quot;,ChessWithTDD.Move)" fullname="ChessWithTDD.Tests.AlgebraicNotationParserTests.NonPawnMoveParse(&quot;Nd2xe3&quot;,ChessWithTDD.Move)" methodname="NonPawnMoveParse" classname="ChessWithTDD.Tests.AlgebraicNotationParserTests" runstate="Runnable" seed="1200802015" result="Passed" start-time="2017-07-31 23:04:27Z" end-time="2017-07-31 23:04:27Z" duration="0.000105" asserts="1" />
            <test-case id="0-1439" name="NonPawnMoveParse(&quot;Ne2xf3&quot;,ChessWithTDD.Move)" fullname="ChessWithTDD.Tests.AlgebraicNotationParserTests.NonPawnMoveParse(&quot;Ne2xf3&quot;,ChessWithTDD.Move)" methodname="NonPawnMoveParse" classname="ChessWithTDD.Tests.AlgebraicNotationParserTests" runstate="Runnable" seed="846078235" result="Passed" start-time="2017-07-31 23:04:27Z" end-time="2017-07-31 23:04:27Z" duration="0.000092" asserts="1" />
            <test-case id="0-1440" name="NonPawnMoveParse(&quot;Nf2xg3&quot;,ChessWithTDD.Move)" fullname="ChessWithTDD.Tests.AlgebraicNotationParserTests.NonPawnMoveParse(&quot;Nf2xg3&quot;,ChessWithTDD.Move)" methodname="NonPawnMoveParse" classname="ChessWithTDD.Tests.AlgebraicNotationParserTests" runstate="Runnable" seed="995001542" result="Passed" start-time="2017-07-31 23:04:27Z" end-time="2017-07-31 23:04:27Z" duration="0.000105" asserts="1" />
            <test-case id="0-1441" name="NonPawnMoveParse(&quot;Ng2xh3&quot;,ChessWithTDD.Move)" fullname="ChessWithTDD.Tests.AlgebraicNotationParserTests.NonPawnMoveParse(&quot;Ng2xh3&quot;,ChessWithTDD.Move)" methodname="NonPawnMoveParse" classname="ChessWithTDD.Tests.AlgebraicNotationParserTests" runstate="Runnable" seed="1593111207" result="Passed" start-time="2017-07-31 23:04:27Z" end-time="2017-07-31 23:04:27Z" duration="0.000117" asserts="1" />
            <test-case id="0-1442" name="NonPawnMoveParse(&quot;Nh2xg3&quot;,ChessWithTDD.Move)" fullname="ChessWithTDD.Tests.AlgebraicNotationParserTests.NonPawnMoveParse(&quot;Nh2xg3&quot;,ChessWithTDD.Move)" methodname="NonPawnMoveParse" classname="ChessWithTDD.Tests.AlgebraicNotationParserTests" runstate="Runnable" seed="2123134982" result="Passed" start-time="2017-07-31 23:04:27Z" end-time="2017-07-31 23:04:27Z" duration="0.000107" asserts="1" />
            <test-case id="0-1443" name="NonPawnMoveParse(&quot;Qa2xb3+&quot;,ChessWithTDD.Move)" fullname="ChessWithTDD.Tests.AlgebraicNotationParserTests.NonPawnMoveParse(&quot;Qa2xb3+&quot;,ChessWithTDD.Move)" methodname="NonPawnMoveParse" classname="ChessWithTDD.Tests.AlgebraicNotationParserTests" runstate="Runnable" seed="707963205" result="Passed" start-time="2017-07-31 23:04:27Z" end-time="2017-07-31 23:04:27Z" duration="0.000121" asserts="1" />
            <test-case id="0-1444" name="NonPawnMoveParse(&quot;Kb2xc3#&quot;,ChessWithTDD.Move)" fullname="ChessWithTDD.Tests.AlgebraicNotationParserTests.NonPawnMoveParse(&quot;Kb2xc3#&quot;,ChessWithTDD.Move)" methodname="NonPawnMoveParse" classname="ChessWithTDD.Tests.AlgebraicNotationParserTests" runstate="Runnable" seed="63113577" result="Passed" start-time="2017-07-31 23:04:27Z" end-time="2017-07-31 23:04:27Z" duration="0.000107" asserts="1" />
            <test-case id="0-1445" name="NonPawnMoveParse(&quot;Ng7-g6+&quot;,ChessWithTDD.Move)" fullname="ChessWithTDD.Tests.AlgebraicNotationParserTests.NonPawnMoveParse(&quot;Ng7-g6+&quot;,ChessWithTDD.Move)" methodname="NonPawnMoveParse" classname="ChessWithTDD.Tests.AlgebraicNotationParserTests" runstate="Runnable" seed="787666223" result="Passed" start-time="2017-07-31 23:04:27Z" end-time="2017-07-31 23:04:27Z" duration="0.000108" asserts="1" />
            <test-case id="0-1446" name="NonPawnMoveParse(&quot;Bh7-h6#&quot;,ChessWithTDD.Move)" fullname="ChessWithTDD.Tests.AlgebraicNotationParserTests.NonPawnMoveParse(&quot;Bh7-h6#&quot;,ChessWithTDD.Move)" methodname="NonPawnMoveParse" classname="ChessWithTDD.Tests.AlgebraicNotationParserTests" runstate="Runnable" seed="2131039605" result="Passed" start-time="2017-07-31 23:04:27Z" end-time="2017-07-31 23:04:27Z" duration="0.000094" asserts="1" />
          </test-suite>
          <test-suite type="ParameterizedMethod" id="0-1464" name="NonPawnMoveParseFails" fullname="ChessWithTDD.Tests.AlgebraicNotationParserTests.NonPawnMoveParseFails" classname="ChessWithTDD.Tests.AlgebraicNotationParserTests" runstate="Runnable" testcasecount="16" result="Passed" start-time="2017-07-31 23:04:27Z" end-time="2017-07-31 23:04:27Z" duration="0.052021" total="16" passed="16" failed="0" warnings="0" inconclusive="0" skipped="0" asserts="16">
            <test-case id="0-1448" name="NonPawnMoveParseFails(&quot;Ka2ga4&quot;)" fullname="ChessWithTDD.Tests.AlgebraicNotationParserTests.NonPawnMoveParseFails(&quot;Ka2ga4&quot;)" methodname="NonPawnMoveParseFails" classname="ChessWithTDD.Tests.AlgebraicNotationParserTests" runstate="Runnable" seed="1847721818" result="Passed" start-time="2017-07-31 23:04:27Z" end-time="2017-07-31 23:04:27Z" duration="0.000334" asserts="1" />
            <test-case id="0-1449" name="NonPawnMoveParseFails(&quot;Bb25b4&quot;)" fullname="ChessWithTDD.Tests.AlgebraicNotationParserTests.NonPawnMoveParseFails(&quot;Bb25b4&quot;)" methodname="NonPawnMoveParseFails" classname="ChessWithTDD.Tests.AlgebraicNotationParserTests" runstate="Runnable" seed="148659853" result="Passed" start-time="2017-07-31 23:04:27Z" end-time="2017-07-31 23:04:27Z" duration="0.000079" asserts="1" />
            <test-case id="0-1450" name="NonPawnMoveParseFails(&quot;Qc26c4&quot;)" fullname="ChessWithTDD.Tests.AlgebraicNotationParserTests.NonPawnMoveParseFails(&quot;Qc26c4&quot;)" methodname="NonPawnMoveParseFails" classname="ChessWithTDD.Tests.AlgebraicNotationParserTests" runstate="Runnable" seed="579404891" result="Passed" start-time="2017-07-31 23:04:27Z" end-time="2017-07-31 23:04:27Z" duration="0.000068" asserts="1" />
            <test-case id="0-1451" name="NonPawnMoveParseFails(&quot;Nd2ld4&quot;)" fullname="ChessWithTDD.Tests.AlgebraicNotationParserTests.NonPawnMoveParseFails(&quot;Nd2ld4&quot;)" methodname="NonPawnMoveParseFails" classname="ChessWithTDD.Tests.AlgebraicNotationParserTests" runstate="Runnable" seed="695660087" result="Passed" start-time="2017-07-31 23:04:27Z" end-time="2017-07-31 23:04:27Z" duration="0.000078" asserts="1" />
            <test-case id="0-1452" name="NonPawnMoveParseFails(&quot;Re2;e4&quot;)" fullname="ChessWithTDD.Tests.AlgebraicNotationParserTests.NonPawnMoveParseFails(&quot;Re2;e4&quot;)" methodname="NonPawnMoveParseFails" classname="ChessWithTDD.Tests.AlgebraicNotationParserTests" runstate="Runnable" seed="1466599107" result="Passed" start-time="2017-07-31 23:04:27Z" end-time="2017-07-31 23:04:27Z" duration="0.000108" asserts="1" />
            <test-case id="0-1453" name="NonPawnMoveParseFails(&quot;Kf2+f4&quot;)" fullname="ChessWithTDD.Tests.AlgebraicNotationParserTests.NonPawnMoveParseFails(&quot;Kf2+f4&quot;)" methodname="NonPawnMoveParseFails" classname="ChessWithTDD.Tests.AlgebraicNotationParserTests" runstate="Runnable" seed="2036866848" result="Passed" start-time="2017-07-31 23:04:27Z" end-time="2017-07-31 23:04:27Z" duration="0.000097" asserts="1" />
            <test-case id="0-1454" name="NonPawnMoveParseFails(&quot;Bg2--g4&quot;)" fullname="ChessWithTDD.Tests.AlgebraicNotationParserTests.NonPawnMoveParseFails(&quot;Bg2--g4&quot;)" methodname="NonPawnMoveParseFails" classname="ChessWithTDD.Tests.AlgebraicNotationParserTests" runstate="Runnable" seed="1877830604" result="Passed" start-time="2017-07-31 23:04:27Z" end-time="2017-07-31 23:04:27Z" duration="0.000085" asserts="1" />
            <test-case id="0-1455" name="NonPawnMoveParseFails(&quot;Qh2=h4&quot;)" fullname="ChessWithTDD.Tests.AlgebraicNotationParserTests.NonPawnMoveParseFails(&quot;Qh2=h4&quot;)" methodname="NonPawnMoveParseFails" classname="ChessWithTDD.Tests.AlgebraicNotationParserTests" runstate="Runnable" seed="566937753" result="Passed" start-time="2017-07-31 23:04:27Z" end-time="2017-07-31 23:04:27Z" duration="0.000143" asserts="1" />
            <test-case id="0-1456" name="NonPawnMoveParseFails(&quot;Nz2-a4&quot;)" fullname="ChessWithTDD.Tests.AlgebraicNotationParserTests.NonPawnMoveParseFails(&quot;Nz2-a4&quot;)" methodname="NonPawnMoveParseFails" classname="ChessWithTDD.Tests.AlgebraicNotationParserTests" runstate="Runnable" seed="674723380" result="Passed" start-time="2017-07-31 23:04:27Z" end-time="2017-07-31 23:04:27Z" duration="0.000072" asserts="1" />
            <test-case id="0-1457" name="NonPawnMoveParseFails(&quot;Ra2-z4&quot;)" fullname="ChessWithTDD.Tests.AlgebraicNotationParserTests.NonPawnMoveParseFails(&quot;Ra2-z4&quot;)" methodname="NonPawnMoveParseFails" classname="ChessWithTDD.Tests.AlgebraicNotationParserTests" runstate="Runnable" seed="38603086" result="Passed" start-time="2017-07-31 23:04:27Z" end-time="2017-07-31 23:04:27Z" duration="0.000076" asserts="1" />
            <test-case id="0-1458" name="NonPawnMoveParseFails(&quot;Kb9-b4&quot;)" fullname="ChessWithTDD.Tests.AlgebraicNotationParserTests.NonPawnMoveParseFails(&quot;Kb9-b4&quot;)" methodname="NonPawnMoveParseFails" classname="ChessWithTDD.Tests.AlgebraicNotationParserTests" runstate="Runnable" seed="588467498" result="Passed" start-time="2017-07-31 23:04:27Z" end-time="2017-07-31 23:04:27Z" duration="0.000101" asserts="1" />
            <test-case id="0-1459" name="NonPawnMoveParseFails(&quot;Bc2-c9&quot;)" fullname="ChessWithTDD.Tests.AlgebraicNotationParserTests.NonPawnMoveParseFails(&quot;Bc2-c9&quot;)" methodname="NonPawnMoveParseFails" classname="ChessWithTDD.Tests.AlgebraicNotationParserTests" runstate="Runnable" seed="1066293503" result="Passed" start-time="2017-07-31 23:04:27Z" end-time="2017-07-31 23:04:27Z" duration="0.000079" asserts="1" />
            <test-case id="0-1460" name="NonPawnMoveParseFails(&quot;Qc29-c9&quot;)" fullname="ChessWithTDD.Tests.AlgebraicNotationParserTests.NonPawnMoveParseFails(&quot;Qc29-c9&quot;)" methodname="NonPawnMoveParseFails" classname="ChessWithTDD.Tests.AlgebraicNotationParserTests" runstate="Runnable" seed="1112045701" result="Passed" start-time="2017-07-31 23:04:27Z" end-time="2017-07-31 23:04:27Z" duration="0.000068" asserts="1" />
            <test-case id="0-1461" name="NonPawnMoveParseFails(&quot;Nc2-c7x&quot;)" fullname="ChessWithTDD.Tests.AlgebraicNotationParserTests.NonPawnMoveParseFails(&quot;Nc2-c7x&quot;)" methodname="NonPawnMoveParseFails" classname="ChessWithTDD.Tests.AlgebraicNotationParserTests" runstate="Runnable" seed="1658480137" result="Passed" start-time="2017-07-31 23:04:27Z" end-time="2017-07-31 23:04:27Z" duration="0.000076" asserts="1" />
            <test-case id="0-1462" name="NonPawnMoveParseFails(&quot;Re0-e4&quot;)" fullname="ChessWithTDD.Tests.AlgebraicNotationParserTests.NonPawnMoveParseFails(&quot;Re0-e4&quot;)" methodname="NonPawnMoveParseFails" classname="ChessWithTDD.Tests.AlgebraicNotationParserTests" runstate="Runnable" seed="304441902" result="Passed" start-time="2017-07-31 23:04:27Z" end-time="2017-07-31 23:04:27Z" duration="0.000096" asserts="1" />
            <test-case id="0-1463" name="NonPawnMoveParseFails(&quot;Ke4-e0&quot;)" fullname="ChessWithTDD.Tests.AlgebraicNotationParserTests.NonPawnMoveParseFails(&quot;Ke4-e0&quot;)" methodname="NonPawnMoveParseFails" classname="ChessWithTDD.Tests.AlgebraicNotationParserTests" runstate="Runnable" seed="6831411" result="Passed" start-time="2017-07-31 23:04:27Z" end-time="2017-07-31 23:04:27Z" duration="0.000093" asserts="1" />
          </test-suite>
          <test-suite type="ParameterizedMethod" id="0-1474" name="PawnMoveCheckAndMateFalse" fullname="ChessWithTDD.Tests.AlgebraicNotationParserTests.PawnMoveCheckAndMateFalse" classname="ChessWithTDD.Tests.AlgebraicNotationParserTests" runstate="Runnable" testcasecount="4" result="Passed" start-time="2017-07-31 23:04:27Z" end-time="2017-07-31 23:04:27Z" duration="0.014033" total="4" passed="4" failed="0" warnings="0" inconclusive="0" skipped="0" asserts="8">
            <test-case id="0-1470" name="PawnMoveCheckAndMateFalse(&quot;a2-a4&quot;)" fullname="ChessWithTDD.Tests.AlgebraicNotationParserTests.PawnMoveCheckAndMateFalse(&quot;a2-a4&quot;)" methodname="PawnMoveCheckAndMateFalse" classname="ChessWithTDD.Tests.AlgebraicNotationParserTests" runstate="Runnable" seed="2070603144" result="Passed" start-time="2017-07-31 23:04:27Z" end-time="2017-07-31 23:04:27Z" duration="0.001675" asserts="2" />
            <test-case id="0-1471" name="PawnMoveCheckAndMateFalse(&quot;d7-d5&quot;)" fullname="ChessWithTDD.Tests.AlgebraicNotationParserTests.PawnMoveCheckAndMateFalse(&quot;d7-d5&quot;)" methodname="PawnMoveCheckAndMateFalse" classname="ChessWithTDD.Tests.AlgebraicNotationParserTests" runstate="Runnable" seed="686753448" result="Passed" start-time="2017-07-31 23:04:27Z" end-time="2017-07-31 23:04:27Z" duration="0.000122" asserts="2" />
            <test-case id="0-1472" name="PawnMoveCheckAndMateFalse(&quot;c2-c3&quot;)" fullname="ChessWithTDD.Tests.AlgebraicNotationParserTests.PawnMoveCheckAndMateFalse(&quot;c2-c3&quot;)" methodname="PawnMoveCheckAndMateFalse" classname="ChessWithTDD.Tests.AlgebraicNotationParserTests" runstate="Runnable" seed="1168590922" result="Passed" start-time="2017-07-31 23:04:27Z" end-time="2017-07-31 23:04:27Z" duration="0.000114" asserts="2" />
            <test-case id="0-1473" name="PawnMoveCheckAndMateFalse(&quot;f2xg3&quot;)" fullname="ChessWithTDD.Tests.AlgebraicNotationParserTests.PawnMoveCheckAndMateFalse(&quot;f2xg3&quot;)" methodname="PawnMoveCheckAndMateFalse" classname="ChessWithTDD.Tests.AlgebraicNotationParserTests" runstate="Runnable" seed="229474509" result="Passed" start-time="2017-07-31 23:04:27Z" end-time="2017-07-31 23:04:27Z" duration="0.000111" asserts="2" />
          </test-suite>
          <test-suite type="ParameterizedMethod" id="0-1479" name="PawnMoveCheckAndMateTrue" fullname="ChessWithTDD.Tests.AlgebraicNotationParserTests.PawnMoveCheckAndMateTrue" classname="ChessWithTDD.Tests.AlgebraicNotationParserTests" runstate="Runnable" testcasecount="4" result="Passed" start-time="2017-07-31 23:04:27Z" end-time="2017-07-31 23:04:27Z" duration="0.012497" total="4" passed="4" failed="0" warnings="0" inconclusive="0" skipped="0" asserts="8">
            <test-case id="0-1475" name="PawnMoveCheckAndMateTrue(&quot;a2-a4#&quot;)" fullname="ChessWithTDD.Tests.AlgebraicNotationParserTests.PawnMoveCheckAndMateTrue(&quot;a2-a4#&quot;)" methodname="PawnMoveCheckAndMateTrue" classname="ChessWithTDD.Tests.AlgebraicNotationParserTests" runstate="Runnable" seed="787140788" result="Passed" start-time="2017-07-31 23:04:27Z" end-time="2017-07-31 23:04:27Z" duration="0.000522" asserts="2" />
            <test-case id="0-1476" name="PawnMoveCheckAndMateTrue(&quot;d7-d5#&quot;)" fullname="ChessWithTDD.Tests.AlgebraicNotationParserTests.PawnMoveCheckAndMateTrue(&quot;d7-d5#&quot;)" methodname="PawnMoveCheckAndMateTrue" classname="ChessWithTDD.Tests.AlgebraicNotationParserTests" runstate="Runnable" seed="474208541" result="Passed" start-time="2017-07-31 23:04:27Z" end-time="2017-07-31 23:04:27Z" duration="0.000113" asserts="2" />
            <test-case id="0-1477" name="PawnMoveCheckAndMateTrue(&quot;c2-c3#&quot;)" fullname="ChessWithTDD.Tests.AlgebraicNotationParserTests.PawnMoveCheckAndMateTrue(&quot;c2-c3#&quot;)" methodname="PawnMoveCheckAndMateTrue" classname="ChessWithTDD.Tests.AlgebraicNotationParserTests" runstate="Runnable" seed="1936832380" result="Passed" start-time="2017-07-31 23:04:27Z" end-time="2017-07-31 23:04:27Z" duration="0.000124" asserts="2" />
            <test-case id="0-1478" name="PawnMoveCheckAndMateTrue(&quot;f2xg3#&quot;)" fullname="ChessWithTDD.Tests.AlgebraicNotationParserTests.PawnMoveCheckAndMateTrue(&quot;f2xg3#&quot;)" methodname="PawnMoveCheckAndMateTrue" classname="ChessWithTDD.Tests.AlgebraicNotationParserTests" runstate="Runnable" seed="1530742906" result="Passed" start-time="2017-07-31 23:04:27Z" end-time="2017-07-31 23:04:27Z" duration="0.000113" asserts="2" />
          </test-suite>
          <test-suite type="ParameterizedMethod" id="0-1469" name="PawnMoveCheckTrueMateFalse" fullname="ChessWithTDD.Tests.AlgebraicNotationParserTests.PawnMoveCheckTrueMateFalse" classname="ChessWithTDD.Tests.AlgebraicNotationParserTests" runstate="Runnable" testcasecount="4" result="Passed" start-time="2017-07-31 23:04:27Z" end-time="2017-07-31 23:04:27Z" duration="0.014509" total="4" passed="4" failed="0" warnings="0" inconclusive="0" skipped="0" asserts="8">
            <test-case id="0-1465" name="PawnMoveCheckTrueMateFalse(&quot;a2-a4+&quot;)" fullname="ChessWithTDD.Tests.AlgebraicNotationParserTests.PawnMoveCheckTrueMateFalse(&quot;a2-a4+&quot;)" methodname="PawnMoveCheckTrueMateFalse" classname="ChessWithTDD.Tests.AlgebraicNotationParserTests" runstate="Runnable" seed="1894083359" result="Passed" start-time="2017-07-31 23:04:27Z" end-time="2017-07-31 23:04:27Z" duration="0.000468" asserts="2" />
            <test-case id="0-1466" name="PawnMoveCheckTrueMateFalse(&quot;d7-d5+&quot;)" fullname="ChessWithTDD.Tests.AlgebraicNotationParserTests.PawnMoveCheckTrueMateFalse(&quot;d7-d5+&quot;)" methodname="PawnMoveCheckTrueMateFalse" classname="ChessWithTDD.Tests.AlgebraicNotationParserTests" runstate="Runnable" seed="1374960268" result="Passed" start-time="2017-07-31 23:04:27Z" end-time="2017-07-31 23:04:27Z" duration="0.000115" asserts="2" />
            <test-case id="0-1467" name="PawnMoveCheckTrueMateFalse(&quot;c2-c3+&quot;)" fullname="ChessWithTDD.Tests.AlgebraicNotationParserTests.PawnMoveCheckTrueMateFalse(&quot;c2-c3+&quot;)" methodname="PawnMoveCheckTrueMateFalse" classname="ChessWithTDD.Tests.AlgebraicNotationParserTests" runstate="Runnable" seed="1774565962" result="Passed" start-time="2017-07-31 23:04:27Z" end-time="2017-07-31 23:04:27Z" duration="0.000115" asserts="2" />
            <test-case id="0-1468" name="PawnMoveCheckTrueMateFalse(&quot;f2xg3+&quot;)" fullname="ChessWithTDD.Tests.AlgebraicNotationParserTests.PawnMoveCheckTrueMateFalse(&quot;f2xg3+&quot;)" methodname="PawnMoveCheckTrueMateFalse" classname="ChessWithTDD.Tests.AlgebraicNotationParserTests" runstate="Runnable" seed="1816776923" result="Passed" start-time="2017-07-31 23:04:27Z" end-time="2017-07-31 23:04:27Z" duration="0.000102" asserts="2" />
          </test-suite>
          <test-suite type="ParameterizedMethod" id="0-1385" name="PawnMoveParse" fullname="ChessWithTDD.Tests.AlgebraicNotationParserTests.PawnMoveParse" classname="ChessWithTDD.Tests.AlgebraicNotationParserTests" runstate="Runnable" testcasecount="44" result="Passed" start-time="2017-07-31 23:04:27Z" end-time="2017-07-31 23:04:27Z" duration="0.150043" total="44" passed="44" failed="0" warnings="0" inconclusive="0" skipped="0" asserts="44">
            <test-case id="0-1341" name="PawnMoveParse(&quot;a2-a4&quot;,ChessWithTDD.Move)" fullname="ChessWithTDD.Tests.AlgebraicNotationParserTests.PawnMoveParse(&quot;a2-a4&quot;,ChessWithTDD.Move)" methodname="PawnMoveParse" classname="ChessWithTDD.Tests.AlgebraicNotationParserTests" runstate="Runnable" seed="1212529435" result="Passed" start-time="2017-07-31 23:04:27Z" end-time="2017-07-31 23:04:27Z" duration="0.000614" asserts="1" />
            <test-case id="0-1342" name="PawnMoveParse(&quot;b2-b4&quot;,ChessWithTDD.Move)" fullname="ChessWithTDD.Tests.AlgebraicNotationParserTests.PawnMoveParse(&quot;b2-b4&quot;,ChessWithTDD.Move)" methodname="PawnMoveParse" classname="ChessWithTDD.Tests.AlgebraicNotationParserTests" runstate="Runnable" seed="1345192100" result="Passed" start-time="2017-07-31 23:04:27Z" end-time="2017-07-31 23:04:27Z" duration="0.000193" asserts="1" />
            <test-case id="0-1343" name="PawnMoveParse(&quot;c2-c4&quot;,ChessWithTDD.Move)" fullname="ChessWithTDD.Tests.AlgebraicNotationParserTests.PawnMoveParse(&quot;c2-c4&quot;,ChessWithTDD.Move)" methodname="PawnMoveParse" classname="ChessWithTDD.Tests.AlgebraicNotationParserTests" runstate="Runnable" seed="845715146" result="Passed" start-time="2017-07-31 23:04:27Z" end-time="2017-07-31 23:04:27Z" duration="0.000183" asserts="1" />
            <test-case id="0-1344" name="PawnMoveParse(&quot;d2-d4&quot;,ChessWithTDD.Move)" fullname="ChessWithTDD.Tests.AlgebraicNotationParserTests.PawnMoveParse(&quot;d2-d4&quot;,ChessWithTDD.Move)" methodname="PawnMoveParse" classname="ChessWithTDD.Tests.AlgebraicNotationParserTests" runstate="Runnable" seed="1149183021" result="Passed" start-time="2017-07-31 23:04:27Z" end-time="2017-07-31 23:04:27Z" duration="0.000178" asserts="1" />
            <test-case id="0-1345" name="PawnMoveParse(&quot;e2-e4&quot;,ChessWithTDD.Move)" fullname="ChessWithTDD.Tests.AlgebraicNotationParserTests.PawnMoveParse(&quot;e2-e4&quot;,ChessWithTDD.Move)" methodname="PawnMoveParse" classname="ChessWithTDD.Tests.AlgebraicNotationParserTests" runstate="Runnable" seed="1506718704" result="Passed" start-time="2017-07-31 23:04:27Z" end-time="2017-07-31 23:04:27Z" duration="0.000197" asserts="1" />
            <test-case id="0-1346" name="PawnMoveParse(&quot;f2-f4&quot;,ChessWithTDD.Move)" fullname="ChessWithTDD.Tests.AlgebraicNotationParserTests.PawnMoveParse(&quot;f2-f4&quot;,ChessWithTDD.Move)" methodname="PawnMoveParse" classname="ChessWithTDD.Tests.AlgebraicNotationParserTests" runstate="Runnable" seed="1188893365" result="Passed" start-time="2017-07-31 23:04:27Z" end-time="2017-07-31 23:04:27Z" duration="0.000199" asserts="1" />
            <test-case id="0-1347" name="PawnMoveParse(&quot;g2-g4&quot;,ChessWithTDD.Move)" fullname="ChessWithTDD.Tests.AlgebraicNotationParserTests.PawnMoveParse(&quot;g2-g4&quot;,ChessWithTDD.Move)" methodname="PawnMoveParse" classname="ChessWithTDD.Tests.AlgebraicNotationParserTests" runstate="Runnable" seed="69942290" result="Passed" start-time="2017-07-31 23:04:27Z" end-time="2017-07-31 23:04:27Z" duration="0.000193" asserts="1" />
            <test-case id="0-1348" name="PawnMoveParse(&quot;h2-h4&quot;,ChessWithTDD.Move)" fullname="ChessWithTDD.Tests.AlgebraicNotationParserTests.PawnMoveParse(&quot;h2-h4&quot;,ChessWithTDD.Move)" methodname="PawnMoveParse" classname="ChessWithTDD.Tests.AlgebraicNotationParserTests" runstate="Runnable" seed="953111547" result="Passed" start-time="2017-07-31 23:04:27Z" end-time="2017-07-31 23:04:27Z" duration="0.000093" asserts="1" />
            <test-case id="0-1349" name="PawnMoveParse(&quot;a7-a5&quot;,ChessWithTDD.Move)" fullname="ChessWithTDD.Tests.AlgebraicNotationParserTests.PawnMoveParse(&quot;a7-a5&quot;,ChessWithTDD.Move)" methodname="PawnMoveParse" classname="ChessWithTDD.Tests.AlgebraicNotationParserTests" runstate="Runnable" seed="1788614050" result="Passed" start-time="2017-07-31 23:04:27Z" end-time="2017-07-31 23:04:27Z" duration="0.000110" asserts="1" />
            <test-case id="0-1350" name="PawnMoveParse(&quot;b7-b5&quot;,ChessWithTDD.Move)" fullname="ChessWithTDD.Tests.AlgebraicNotationParserTests.PawnMoveParse(&quot;b7-b5&quot;,ChessWithTDD.Move)" methodname="PawnMoveParse" classname="ChessWithTDD.Tests.AlgebraicNotationParserTests" runstate="Runnable" seed="505110520" result="Passed" start-time="2017-07-31 23:04:27Z" end-time="2017-07-31 23:04:27Z" duration="0.000146" asserts="1" />
            <test-case id="0-1351" name="PawnMoveParse(&quot;c7-c5&quot;,ChessWithTDD.Move)" fullname="ChessWithTDD.Tests.AlgebraicNotationParserTests.PawnMoveParse(&quot;c7-c5&quot;,ChessWithTDD.Move)" methodname="PawnMoveParse" classname="ChessWithTDD.Tests.AlgebraicNotationParserTests" runstate="Runnable" seed="1287206909" result="Passed" start-time="2017-07-31 23:04:27Z" end-time="2017-07-31 23:04:27Z" duration="0.000109" asserts="1" />
            <test-case id="0-1352" name="PawnMoveParse(&quot;d7-d5&quot;,ChessWithTDD.Move)" fullname="ChessWithTDD.Tests.AlgebraicNotationParserTests.PawnMoveParse(&quot;d7-d5&quot;,ChessWithTDD.Move)" methodname="PawnMoveParse" classname="ChessWithTDD.Tests.AlgebraicNotationParserTests" runstate="Runnable" seed="721241732" result="Passed" start-time="2017-07-31 23:04:27Z" end-time="2017-07-31 23:04:27Z" duration="0.000110" asserts="1" />
            <test-case id="0-1353" name="PawnMoveParse(&quot;e7-e5&quot;,ChessWithTDD.Move)" fullname="ChessWithTDD.Tests.AlgebraicNotationParserTests.PawnMoveParse(&quot;e7-e5&quot;,ChessWithTDD.Move)" methodname="PawnMoveParse" classname="ChessWithTDD.Tests.AlgebraicNotationParserTests" runstate="Runnable" seed="791293807" result="Passed" start-time="2017-07-31 23:04:27Z" end-time="2017-07-31 23:04:27Z" duration="0.000107" asserts="1" />
            <test-case id="0-1354" name="PawnMoveParse(&quot;f7-f5&quot;,ChessWithTDD.Move)" fullname="ChessWithTDD.Tests.AlgebraicNotationParserTests.PawnMoveParse(&quot;f7-f5&quot;,ChessWithTDD.Move)" methodname="PawnMoveParse" classname="ChessWithTDD.Tests.AlgebraicNotationParserTests" runstate="Runnable" seed="949674137" result="Passed" start-time="2017-07-31 23:04:27Z" end-time="2017-07-31 23:04:27Z" duration="0.000113" asserts="1" />
            <test-case id="0-1355" name="PawnMoveParse(&quot;g7-g5&quot;,ChessWithTDD.Move)" fullname="ChessWithTDD.Tests.AlgebraicNotationParserTests.PawnMoveParse(&quot;g7-g5&quot;,ChessWithTDD.Move)" methodname="PawnMoveParse" classname="ChessWithTDD.Tests.AlgebraicNotationParserTests" runstate="Runnable" seed="127592031" result="Passed" start-time="2017-07-31 23:04:27Z" end-time="2017-07-31 23:04:27Z" duration="0.000095" asserts="1" />
            <test-case id="0-1356" name="PawnMoveParse(&quot;h7-h5&quot;,ChessWithTDD.Move)" fullname="ChessWithTDD.Tests.AlgebraicNotationParserTests.PawnMoveParse(&quot;h7-h5&quot;,ChessWithTDD.Move)" methodname="PawnMoveParse" classname="ChessWithTDD.Tests.AlgebraicNotationParserTests" runstate="Runnable" seed="18004483" result="Passed" start-time="2017-07-31 23:04:27Z" end-time="2017-07-31 23:04:27Z" duration="0.000122" asserts="1" />
            <test-case id="0-1357" name="PawnMoveParse(&quot;a2-a3&quot;,ChessWithTDD.Move)" fullname="ChessWithTDD.Tests.AlgebraicNotationParserTests.PawnMoveParse(&quot;a2-a3&quot;,ChessWithTDD.Move)" methodname="PawnMoveParse" classname="ChessWithTDD.Tests.AlgebraicNotationParserTests" runstate="Runnable" seed="1105097699" result="Passed" start-time="2017-07-31 23:04:27Z" end-time="2017-07-31 23:04:27Z" duration="0.000095" asserts="1" />
            <test-case id="0-1358" name="PawnMoveParse(&quot;b2-b3&quot;,ChessWithTDD.Move)" fullname="ChessWithTDD.Tests.AlgebraicNotationParserTests.PawnMoveParse(&quot;b2-b3&quot;,ChessWithTDD.Move)" methodname="PawnMoveParse" classname="ChessWithTDD.Tests.AlgebraicNotationParserTests" runstate="Runnable" seed="526645018" result="Passed" start-time="2017-07-31 23:04:27Z" end-time="2017-07-31 23:04:27Z" duration="0.000096" asserts="1" />
            <test-case id="0-1359" name="PawnMoveParse(&quot;c2-c3&quot;,ChessWithTDD.Move)" fullname="ChessWithTDD.Tests.AlgebraicNotationParserTests.PawnMoveParse(&quot;c2-c3&quot;,ChessWithTDD.Move)" methodname="PawnMoveParse" classname="ChessWithTDD.Tests.AlgebraicNotationParserTests" runstate="Runnable" seed="296044705" result="Passed" start-time="2017-07-31 23:04:27Z" end-time="2017-07-31 23:04:27Z" duration="0.000110" asserts="1" />
            <test-case id="0-1360" name="PawnMoveParse(&quot;d2-d3&quot;,ChessWithTDD.Move)" fullname="ChessWithTDD.Tests.AlgebraicNotationParserTests.PawnMoveParse(&quot;d2-d3&quot;,ChessWithTDD.Move)" methodname="PawnMoveParse" classname="ChessWithTDD.Tests.AlgebraicNotationParserTests" runstate="Runnable" seed="371290572" result="Passed" start-time="2017-07-31 23:04:27Z" end-time="2017-07-31 23:04:27Z" duration="0.000094" asserts="1" />
            <test-case id="0-1361" name="PawnMoveParse(&quot;e2-e3&quot;,ChessWithTDD.Move)" fullname="ChessWithTDD.Tests.AlgebraicNotationParserTests.PawnMoveParse(&quot;e2-e3&quot;,ChessWithTDD.Move)" methodname="PawnMoveParse" classname="ChessWithTDD.Tests.AlgebraicNotationParserTests" runstate="Runnable" seed="1542074400" result="Passed" start-time="2017-07-31 23:04:27Z" end-time="2017-07-31 23:04:27Z" duration="0.000092" asserts="1" />
            <test-case id="0-1362" name="PawnMoveParse(&quot;f2-f3&quot;,ChessWithTDD.Move)" fullname="ChessWithTDD.Tests.AlgebraicNotationParserTests.PawnMoveParse(&quot;f2-f3&quot;,ChessWithTDD.Move)" methodname="PawnMoveParse" classname="ChessWithTDD.Tests.AlgebraicNotationParserTests" runstate="Runnable" seed="1360371462" result="Passed" start-time="2017-07-31 23:04:27Z" end-time="2017-07-31 23:04:27Z" duration="0.000860" asserts="1" />
            <test-case id="0-1363" name="PawnMoveParse(&quot;g2-g3&quot;,ChessWithTDD.Move)" fullname="ChessWithTDD.Tests.AlgebraicNotationParserTests.PawnMoveParse(&quot;g2-g3&quot;,ChessWithTDD.Move)" methodname="PawnMoveParse" classname="ChessWithTDD.Tests.AlgebraicNotationParserTests" runstate="Runnable" seed="347026211" result="Passed" start-time="2017-07-31 23:04:27Z" end-time="2017-07-31 23:04:27Z" duration="0.000124" asserts="1" />
            <test-case id="0-1364" name="PawnMoveParse(&quot;h2-h3&quot;,ChessWithTDD.Move)" fullname="ChessWithTDD.Tests.AlgebraicNotationParserTests.PawnMoveParse(&quot;h2-h3&quot;,ChessWithTDD.Move)" methodname="PawnMoveParse" classname="ChessWithTDD.Tests.AlgebraicNotationParserTests" runstate="Runnable" seed="1138293184" result="Passed" start-time="2017-07-31 23:04:27Z" end-time="2017-07-31 23:04:27Z" duration="0.000094" asserts="1" />
            <test-case id="0-1365" name="PawnMoveParse(&quot;a7-a6&quot;,ChessWithTDD.Move)" fullname="ChessWithTDD.Tests.AlgebraicNotationParserTests.PawnMoveParse(&quot;a7-a6&quot;,ChessWithTDD.Move)" methodname="PawnMoveParse" classname="ChessWithTDD.Tests.AlgebraicNotationParserTests" runstate="Runnable" seed="26482999" result="Passed" start-time="2017-07-31 23:04:27Z" end-time="2017-07-31 23:04:27Z" duration="0.000104" asserts="1" />
            <test-case id="0-1366" name="PawnMoveParse(&quot;b7-b6&quot;,ChessWithTDD.Move)" fullname="ChessWithTDD.Tests.AlgebraicNotationParserTests.PawnMoveParse(&quot;b7-b6&quot;,ChessWithTDD.Move)" methodname="PawnMoveParse" classname="ChessWithTDD.Tests.AlgebraicNotationParserTests" runstate="Runnable" seed="765882325" result="Passed" start-time="2017-07-31 23:04:27Z" end-time="2017-07-31 23:04:27Z" duration="0.000095" asserts="1" />
            <test-case id="0-1367" name="PawnMoveParse(&quot;c7-c6&quot;,ChessWithTDD.Move)" fullname="ChessWithTDD.Tests.AlgebraicNotationParserTests.PawnMoveParse(&quot;c7-c6&quot;,ChessWithTDD.Move)" methodname="PawnMoveParse" classname="ChessWithTDD.Tests.AlgebraicNotationParserTests" runstate="Runnable" seed="839763028" result="Passed" start-time="2017-07-31 23:04:27Z" end-time="2017-07-31 23:04:27Z" duration="0.000110" asserts="1" />
            <test-case id="0-1368" name="PawnMoveParse(&quot;d7-d6&quot;,ChessWithTDD.Move)" fullname="ChessWithTDD.Tests.AlgebraicNotationParserTests.PawnMoveParse(&quot;d7-d6&quot;,ChessWithTDD.Move)" methodname="PawnMoveParse" classname="ChessWithTDD.Tests.AlgebraicNotationParserTests" runstate="Runnable" seed="779131249" result="Passed" start-time="2017-07-31 23:04:27Z" end-time="2017-07-31 23:04:27Z" duration="0.000109" asserts="1" />
            <test-case id="0-1369" name="PawnMoveParse(&quot;e7-e6&quot;,ChessWithTDD.Move)" fullname="ChessWithTDD.Tests.AlgebraicNotationParserTests.PawnMoveParse(&quot;e7-e6&quot;,ChessWithTDD.Move)" methodname="PawnMoveParse" classname="ChessWithTDD.Tests.AlgebraicNotationParserTests" runstate="Runnable" seed="944640807" result="Passed" start-time="2017-07-31 23:04:27Z" end-time="2017-07-31 23:04:27Z" duration="0.000122" asserts="1" />
            <test-case id="0-1370" name="PawnMoveParse(&quot;f7-f6&quot;,ChessWithTDD.Move)" fullname="ChessWithTDD.Tests.AlgebraicNotationParserTests.PawnMoveParse(&quot;f7-f6&quot;,ChessWithTDD.Move)" methodname="PawnMoveParse" classname="ChessWithTDD.Tests.AlgebraicNotationParserTests" runstate="Runnable" seed="61046391" result="Passed" start-time="2017-07-31 23:04:27Z" end-time="2017-07-31 23:04:27Z" duration="0.000108" asserts="1" />
            <test-case id="0-1371" name="PawnMoveParse(&quot;g7-g6&quot;,ChessWithTDD.Move)" fullname="ChessWithTDD.Tests.AlgebraicNotationParserTests.PawnMoveParse(&quot;g7-g6&quot;,ChessWithTDD.Move)" methodname="PawnMoveParse" classname="ChessWithTDD.Tests.AlgebraicNotationParserTests" runstate="Runnable" seed="1363680062" result="Passed" start-time="2017-07-31 23:04:27Z" end-time="2017-07-31 23:04:27Z" duration="0.000108" asserts="1" />
            <test-case id="0-1372" name="PawnMoveParse(&quot;h7-h6&quot;,ChessWithTDD.Move)" fullname="ChessWithTDD.Tests.AlgebraicNotationParserTests.PawnMoveParse(&quot;h7-h6&quot;,ChessWithTDD.Move)" methodname="PawnMoveParse" classname="ChessWithTDD.Tests.AlgebraicNotationParserTests" runstate="Runnable" seed="424123921" result="Passed" start-time="2017-07-31 23:04:27Z" end-time="2017-07-31 23:04:27Z" duration="0.000172" asserts="1" />
            <test-case id="0-1373" name="PawnMoveParse(&quot;a2xb3&quot;,ChessWithTDD.Move)" fullname="ChessWithTDD.Tests.AlgebraicNotationParserTests.PawnMoveParse(&quot;a2xb3&quot;,ChessWithTDD.Move)" methodname="PawnMoveParse" classname="ChessWithTDD.Tests.AlgebraicNotationParserTests" runstate="Runnable" seed="1929717387" result="Passed" start-time="2017-07-31 23:04:27Z" end-time="2017-07-31 23:04:27Z" duration="0.000096" asserts="1" />
            <test-case id="0-1374" name="PawnMoveParse(&quot;b2xc3&quot;,ChessWithTDD.Move)" fullname="ChessWithTDD.Tests.AlgebraicNotationParserTests.PawnMoveParse(&quot;b2xc3&quot;,ChessWithTDD.Move)" methodname="PawnMoveParse" classname="ChessWithTDD.Tests.AlgebraicNotationParserTests" runstate="Runnable" seed="2053696848" result="Passed" start-time="2017-07-31 23:04:27Z" end-time="2017-07-31 23:04:27Z" duration="0.000109" asserts="1" />
            <test-case id="0-1375" name="PawnMoveParse(&quot;c2xd3&quot;,ChessWithTDD.Move)" fullname="ChessWithTDD.Tests.AlgebraicNotationParserTests.PawnMoveParse(&quot;c2xd3&quot;,ChessWithTDD.Move)" methodname="PawnMoveParse" classname="ChessWithTDD.Tests.AlgebraicNotationParserTests" runstate="Runnable" seed="1045270799" result="Passed" start-time="2017-07-31 23:04:27Z" end-time="2017-07-31 23:04:27Z" duration="0.000287" asserts="1" />
            <test-case id="0-1376" name="PawnMoveParse(&quot;d2xe3&quot;,ChessWithTDD.Move)" fullname="ChessWithTDD.Tests.AlgebraicNotationParserTests.PawnMoveParse(&quot;d2xe3&quot;,ChessWithTDD.Move)" methodname="PawnMoveParse" classname="ChessWithTDD.Tests.AlgebraicNotationParserTests" runstate="Runnable" seed="1156670914" result="Passed" start-time="2017-07-31 23:04:27Z" end-time="2017-07-31 23:04:27Z" duration="0.000259" asserts="1" />
            <test-case id="0-1377" name="PawnMoveParse(&quot;e2xf3&quot;,ChessWithTDD.Move)" fullname="ChessWithTDD.Tests.AlgebraicNotationParserTests.PawnMoveParse(&quot;e2xf3&quot;,ChessWithTDD.Move)" methodname="PawnMoveParse" classname="ChessWithTDD.Tests.AlgebraicNotationParserTests" runstate="Runnable" seed="1805881269" result="Passed" start-time="2017-07-31 23:04:27Z" end-time="2017-07-31 23:04:27Z" duration="0.000227" asserts="1" />
            <test-case id="0-1378" name="PawnMoveParse(&quot;f2xg3&quot;,ChessWithTDD.Move)" fullname="ChessWithTDD.Tests.AlgebraicNotationParserTests.PawnMoveParse(&quot;f2xg3&quot;,ChessWithTDD.Move)" methodname="PawnMoveParse" classname="ChessWithTDD.Tests.AlgebraicNotationParserTests" runstate="Runnable" seed="1697445267" result="Passed" start-time="2017-07-31 23:04:27Z" end-time="2017-07-31 23:04:27Z" duration="0.000224" asserts="1" />
            <test-case id="0-1379" name="PawnMoveParse(&quot;g2xh3&quot;,ChessWithTDD.Move)" fullname="ChessWithTDD.Tests.AlgebraicNotationParserTests.PawnMoveParse(&quot;g2xh3&quot;,ChessWithTDD.Move)" methodname="PawnMoveParse" classname="ChessWithTDD.Tests.AlgebraicNotationParserTests" runstate="Runnable" seed="1898764205" result="Passed" start-time="2017-07-31 23:04:27Z" end-time="2017-07-31 23:04:27Z" duration="0.000226" asserts="1" />
            <test-case id="0-1380" name="PawnMoveParse(&quot;h2xg3&quot;,ChessWithTDD.Move)" fullname="ChessWithTDD.Tests.AlgebraicNotationParserTests.PawnMoveParse(&quot;h2xg3&quot;,ChessWithTDD.Move)" methodname="PawnMoveParse" classname="ChessWithTDD.Tests.AlgebraicNotationParserTests" runstate="Runnable" seed="2105586163" result="Passed" start-time="2017-07-31 23:04:27Z" end-time="2017-07-31 23:04:27Z" duration="0.000226" asserts="1" />
            <test-case id="0-1381" name="PawnMoveParse(&quot;a2xb3+&quot;,ChessWithTDD.Move)" fullname="ChessWithTDD.Tests.AlgebraicNotationParserTests.PawnMoveParse(&quot;a2xb3+&quot;,ChessWithTDD.Move)" methodname="PawnMoveParse" classname="ChessWithTDD.Tests.AlgebraicNotationParserTests" runstate="Runnable" seed="505539085" result="Passed" start-time="2017-07-31 23:04:27Z" end-time="2017-07-31 23:04:27Z" duration="0.000230" asserts="1" />
            <test-case id="0-1382" name="PawnMoveParse(&quot;b2xc3#&quot;,ChessWithTDD.Move)" fullname="ChessWithTDD.Tests.AlgebraicNotationParserTests.PawnMoveParse(&quot;b2xc3#&quot;,ChessWithTDD.Move)" methodname="PawnMoveParse" classname="ChessWithTDD.Tests.AlgebraicNotationParserTests" runstate="Runnable" seed="434991282" result="Passed" start-time="2017-07-31 23:04:27Z" end-time="2017-07-31 23:04:27Z" duration="0.000226" asserts="1" />
            <test-case id="0-1383" name="PawnMoveParse(&quot;g7-g6+&quot;,ChessWithTDD.Move)" fullname="ChessWithTDD.Tests.AlgebraicNotationParserTests.PawnMoveParse(&quot;g7-g6+&quot;,ChessWithTDD.Move)" methodname="PawnMoveParse" classname="ChessWithTDD.Tests.AlgebraicNotationParserTests" runstate="Runnable" seed="738014372" result="Passed" start-time="2017-07-31 23:04:27Z" end-time="2017-07-31 23:04:27Z" duration="0.000231" asserts="1" />
            <test-case id="0-1384" name="PawnMoveParse(&quot;h7-h6#&quot;,ChessWithTDD.Move)" fullname="ChessWithTDD.Tests.AlgebraicNotationParserTests.PawnMoveParse(&quot;h7-h6#&quot;,ChessWithTDD.Move)" methodname="PawnMoveParse" classname="ChessWithTDD.Tests.AlgebraicNotationParserTests" runstate="Runnable" seed="782197055" result="Passed" start-time="2017-07-31 23:04:27Z" end-time="2017-07-31 23:04:27Z" duration="0.000223" asserts="1" />
          </test-suite>
          <test-suite type="ParameterizedMethod" id="0-1402" name="PawnMoveParseFails" fullname="ChessWithTDD.Tests.AlgebraicNotationParserTests.PawnMoveParseFails" classname="ChessWithTDD.Tests.AlgebraicNotationParserTests" runstate="Runnable" testcasecount="16" result="Passed" start-time="2017-07-31 23:04:27Z" end-time="2017-07-31 23:04:27Z" duration="0.051379" total="16" passed="16" failed="0" warnings="0" inconclusive="0" skipped="0" asserts="16">
            <test-case id="0-1386" name="PawnMoveParseFails(&quot;a2ga4&quot;)" fullname="ChessWithTDD.Tests.AlgebraicNotationParserTests.PawnMoveParseFails(&quot;a2ga4&quot;)" methodname="PawnMoveParseFails" classname="ChessWithTDD.Tests.AlgebraicNotationParserTests" runstate="Runnable" seed="1214431221" result="Passed" start-time="2017-07-31 23:04:27Z" end-time="2017-07-31 23:04:27Z" duration="0.000366" asserts="1" />
            <test-case id="0-1387" name="PawnMoveParseFails(&quot;b25b4&quot;)" fullname="ChessWithTDD.Tests.AlgebraicNotationParserTests.PawnMoveParseFails(&quot;b25b4&quot;)" methodname="PawnMoveParseFails" classname="ChessWithTDD.Tests.AlgebraicNotationParserTests" runstate="Runnable" seed="399153244" result="Passed" start-time="2017-07-31 23:04:27Z" end-time="2017-07-31 23:04:27Z" duration="0.000093" asserts="1" />
            <test-case id="0-1388" name="PawnMoveParseFails(&quot;c26c4&quot;)" fullname="ChessWithTDD.Tests.AlgebraicNotationParserTests.PawnMoveParseFails(&quot;c26c4&quot;)" methodname="PawnMoveParseFails" classname="ChessWithTDD.Tests.AlgebraicNotationParserTests" runstate="Runnable" seed="1235740671" result="Passed" start-time="2017-07-31 23:04:27Z" end-time="2017-07-31 23:04:27Z" duration="0.000081" asserts="1" />
            <test-case id="0-1389" name="PawnMoveParseFails(&quot;d2ld4&quot;)" fullname="ChessWithTDD.Tests.AlgebraicNotationParserTests.PawnMoveParseFails(&quot;d2ld4&quot;)" methodname="PawnMoveParseFails" classname="ChessWithTDD.Tests.AlgebraicNotationParserTests" runstate="Runnable" seed="445099587" result="Passed" start-time="2017-07-31 23:04:27Z" end-time="2017-07-31 23:04:27Z" duration="0.000098" asserts="1" />
            <test-case id="0-1390" name="PawnMoveParseFails(&quot;e2;e4&quot;)" fullname="ChessWithTDD.Tests.AlgebraicNotationParserTests.PawnMoveParseFails(&quot;e2;e4&quot;)" methodname="PawnMoveParseFails" classname="ChessWithTDD.Tests.AlgebraicNotationParserTests" runstate="Runnable" seed="2095946469" result="Passed" start-time="2017-07-31 23:04:27Z" end-time="2017-07-31 23:04:27Z" duration="0.000077" asserts="1" />
            <test-case id="0-1391" name="PawnMoveParseFails(&quot;f2+f4&quot;)" fullname="ChessWithTDD.Tests.AlgebraicNotationParserTests.PawnMoveParseFails(&quot;f2+f4&quot;)" methodname="PawnMoveParseFails" classname="ChessWithTDD.Tests.AlgebraicNotationParserTests" runstate="Runnable" seed="1551529090" result="Passed" start-time="2017-07-31 23:04:27Z" end-time="2017-07-31 23:04:27Z" duration="0.000104" asserts="1" />
            <test-case id="0-1392" name="PawnMoveParseFails(&quot;g2--g4&quot;)" fullname="ChessWithTDD.Tests.AlgebraicNotationParserTests.PawnMoveParseFails(&quot;g2--g4&quot;)" methodname="PawnMoveParseFails" classname="ChessWithTDD.Tests.AlgebraicNotationParserTests" runstate="Runnable" seed="1547854179" result="Passed" start-time="2017-07-31 23:04:27Z" end-time="2017-07-31 23:04:27Z" duration="0.000090" asserts="1" />
            <test-case id="0-1393" name="PawnMoveParseFails(&quot;h2=h4&quot;)" fullname="ChessWithTDD.Tests.AlgebraicNotationParserTests.PawnMoveParseFails(&quot;h2=h4&quot;)" methodname="PawnMoveParseFails" classname="ChessWithTDD.Tests.AlgebraicNotationParserTests" runstate="Runnable" seed="2033118082" result="Passed" start-time="2017-07-31 23:04:27Z" end-time="2017-07-31 23:04:27Z" duration="0.000069" asserts="1" />
            <test-case id="0-1394" name="PawnMoveParseFails(&quot;z2-a4&quot;)" fullname="ChessWithTDD.Tests.AlgebraicNotationParserTests.PawnMoveParseFails(&quot;z2-a4&quot;)" methodname="PawnMoveParseFails" classname="ChessWithTDD.Tests.AlgebraicNotationParserTests" runstate="Runnable" seed="949963668" result="Passed" start-time="2017-07-31 23:04:27Z" end-time="2017-07-31 23:04:27Z" duration="0.000084" asserts="1" />
            <test-case id="0-1395" name="PawnMoveParseFails(&quot;a2-z4&quot;)" fullname="ChessWithTDD.Tests.AlgebraicNotationParserTests.PawnMoveParseFails(&quot;a2-z4&quot;)" methodname="PawnMoveParseFails" classname="ChessWithTDD.Tests.AlgebraicNotationParserTests" runstate="Runnable" seed="238550308" result="Passed" start-time="2017-07-31 23:04:27Z" end-time="2017-07-31 23:04:27Z" duration="0.000085" asserts="1" />
            <test-case id="0-1396" name="PawnMoveParseFails(&quot;b9-b4&quot;)" fullname="ChessWithTDD.Tests.AlgebraicNotationParserTests.PawnMoveParseFails(&quot;b9-b4&quot;)" methodname="PawnMoveParseFails" classname="ChessWithTDD.Tests.AlgebraicNotationParserTests" runstate="Runnable" seed="1474663382" result="Passed" start-time="2017-07-31 23:04:27Z" end-time="2017-07-31 23:04:27Z" duration="0.000086" asserts="1" />
            <test-case id="0-1397" name="PawnMoveParseFails(&quot;c2-c9&quot;)" fullname="ChessWithTDD.Tests.AlgebraicNotationParserTests.PawnMoveParseFails(&quot;c2-c9&quot;)" methodname="PawnMoveParseFails" classname="ChessWithTDD.Tests.AlgebraicNotationParserTests" runstate="Runnable" seed="1303258251" result="Passed" start-time="2017-07-31 23:04:27Z" end-time="2017-07-31 23:04:27Z" duration="0.000136" asserts="1" />
            <test-case id="0-1398" name="PawnMoveParseFails(&quot;c29-c9&quot;)" fullname="ChessWithTDD.Tests.AlgebraicNotationParserTests.PawnMoveParseFails(&quot;c29-c9&quot;)" methodname="PawnMoveParseFails" classname="ChessWithTDD.Tests.AlgebraicNotationParserTests" runstate="Runnable" seed="120087696" result="Passed" start-time="2017-07-31 23:04:27Z" end-time="2017-07-31 23:04:27Z" duration="0.000068" asserts="1" />
            <test-case id="0-1399" name="PawnMoveParseFails(&quot;c2-c7x&quot;)" fullname="ChessWithTDD.Tests.AlgebraicNotationParserTests.PawnMoveParseFails(&quot;c2-c7x&quot;)" methodname="PawnMoveParseFails" classname="ChessWithTDD.Tests.AlgebraicNotationParserTests" runstate="Runnable" seed="1362553801" result="Passed" start-time="2017-07-31 23:04:27Z" end-time="2017-07-31 23:04:27Z" duration="0.000078" asserts="1" />
            <test-case id="0-1400" name="PawnMoveParseFails(&quot;e0-e4&quot;)" fullname="ChessWithTDD.Tests.AlgebraicNotationParserTests.PawnMoveParseFails(&quot;e0-e4&quot;)" methodname="PawnMoveParseFails" classname="ChessWithTDD.Tests.AlgebraicNotationParserTests" runstate="Runnable" seed="1282855653" result="Passed" start-time="2017-07-31 23:04:27Z" end-time="2017-07-31 23:04:27Z" duration="0.000078" asserts="1" />
            <test-case id="0-1401" name="PawnMoveParseFails(&quot;e4-e0&quot;)" fullname="ChessWithTDD.Tests.AlgebraicNotationParserTests.PawnMoveParseFails(&quot;e4-e0&quot;)" methodname="PawnMoveParseFails" classname="ChessWithTDD.Tests.AlgebraicNotationParserTests" runstate="Runnable" seed="833935642" result="Passed" start-time="2017-07-31 23:04:27Z" end-time="2017-07-31 23:04:27Z" duration="0.000078" asserts="1" />
          </test-suite>
        </test-suite>
        <test-suite type="TestFixture" id="0-1517" name="BishopTests" fullname="ChessWithTDD.Tests.BishopTests" classname="ChessWithTDD.Tests.BishopTests" runstate="Runnable" testcasecount="12" result="Passed" start-time="2017-07-31 23:04:27Z" end-time="2017-07-31 23:04:28Z" duration="0.276011" total="12" passed="12" failed="0" warnings="0" inconclusive="0" skipped="0" asserts="12">
          <test-suite type="ParameterizedMethod" id="0-1523" name="BishopCanMoveDiagonally" fullname="ChessWithTDD.Tests.BishopTests.BishopCanMoveDiagonally" classname="ChessWithTDD.Tests.BishopTests" runstate="Runnable" testcasecount="5" result="Passed" start-time="2017-07-31 23:04:27Z" end-time="2017-07-31 23:04:28Z" duration="0.234478" total="5" passed="5" failed="0" warnings="0" inconclusive="0" skipped="0" asserts="5">
            <test-case id="0-1518" name="BishopCanMoveDiagonally(2,5,5,2)" fullname="ChessWithTDD.Tests.BishopTests.BishopCanMoveDiagonally(2,5,5,2)" methodname="BishopCanMoveDiagonally" classname="ChessWithTDD.Tests.BishopTests" runstate="Runnable" seed="893476904" result="Passed" start-time="2017-07-31 23:04:27Z" end-time="2017-07-31 23:04:28Z" duration="0.216202" asserts="1" />
            <test-case id="0-1519" name="BishopCanMoveDiagonally(2,3,5,6)" fullname="ChessWithTDD.Tests.BishopTests.BishopCanMoveDiagonally(2,3,5,6)" methodname="BishopCanMoveDiagonally" classname="ChessWithTDD.Tests.BishopTests" runstate="Runnable" seed="1006996240" result="Passed" start-time="2017-07-31 23:04:28Z" end-time="2017-07-31 23:04:28Z" duration="0.000797" asserts="1" />
            <test-case id="0-1520" name="BishopCanMoveDiagonally(5,5,2,2)" fullname="ChessWithTDD.Tests.BishopTests.BishopCanMoveDiagonally(5,5,2,2)" methodname="BishopCanMoveDiagonally" classname="ChessWithTDD.Tests.BishopTests" runstate="Runnable" seed="2073304139" result="Passed" start-time="2017-07-31 23:04:28Z" end-time="2017-07-31 23:04:28Z" duration="0.000730" asserts="1" />
            <test-case id="0-1521" name="BishopCanMoveDiagonally(5,2,2,5)" fullname="ChessWithTDD.Tests.BishopTests.BishopCanMoveDiagonally(5,2,2,5)" methodname="BishopCanMoveDiagonally" classname="ChessWithTDD.Tests.BishopTests" runstate="Runnable" seed="511740640" result="Passed" start-time="2017-07-31 23:04:28Z" end-time="2017-07-31 23:04:28Z" duration="0.000718" asserts="1" />
            <test-case id="0-1522" name="BishopCanMoveDiagonally(3,3,4,4)" fullname="ChessWithTDD.Tests.BishopTests.BishopCanMoveDiagonally(3,3,4,4)" methodname="BishopCanMoveDiagonally" classname="ChessWithTDD.Tests.BishopTests" runstate="Runnable" seed="765310413" result="Passed" start-time="2017-07-31 23:04:28Z" end-time="2017-07-31 23:04:28Z" duration="0.000766" asserts="1" />
          </test-suite>
          <test-suite type="ParameterizedMethod" id="0-1529" name="BishopCannotMoveHorizontally" fullname="ChessWithTDD.Tests.BishopTests.BishopCannotMoveHorizontally" classname="ChessWithTDD.Tests.BishopTests" runstate="Runnable" testcasecount="2" result="Passed" start-time="2017-07-31 23:04:28Z" end-time="2017-07-31 23:04:28Z" duration="0.008966" total="2" passed="2" failed="0" warnings="0" inconclusive="0" skipped="0" asserts="2">
            <test-case id="0-1527" name="BishopCannotMoveHorizontally(2,6,2,0)" fullname="ChessWithTDD.Tests.BishopTests.BishopCannotMoveHorizontally(2,6,2,0)" methodname="BishopCannotMoveHorizontally" classname="ChessWithTDD.Tests.BishopTests" runstate="Runnable" seed="2057932900" result="Passed" start-time="2017-07-31 23:04:28Z" end-time="2017-07-31 23:04:28Z" duration="0.001475" asserts="1" />
            <test-case id="0-1528" name="BishopCannotMoveHorizontally(2,2,2,7)" fullname="ChessWithTDD.Tests.BishopTests.BishopCannotMoveHorizontally(2,2,2,7)" methodname="BishopCannotMoveHorizontally" classname="ChessWithTDD.Tests.BishopTests" runstate="Runnable" seed="1047873230" result="Passed" start-time="2017-07-31 23:04:28Z" end-time="2017-07-31 23:04:28Z" duration="0.000803" asserts="1" />
          </test-suite>
          <test-suite type="ParameterizedMethod" id="0-1533" name="BishopCannotMoveRandomlyIfNotDiagonal" fullname="ChessWithTDD.Tests.BishopTests.BishopCannotMoveRandomlyIfNotDiagonal" classname="ChessWithTDD.Tests.BishopTests" runstate="Runnable" testcasecount="3" result="Passed" start-time="2017-07-31 23:04:28Z" end-time="2017-07-31 23:04:28Z" duration="0.011576" total="3" passed="3" failed="0" warnings="0" inconclusive="0" skipped="0" asserts="3">
            <test-case id="0-1530" name="BishopCannotMoveRandomlyIfNotDiagonal(2,6,3,3)" fullname="ChessWithTDD.Tests.BishopTests.BishopCannotMoveRandomlyIfNotDiagonal(2,6,3,3)" methodname="BishopCannotMoveRandomlyIfNotDiagonal" classname="ChessWithTDD.Tests.BishopTests" runstate="Runnable" seed="253785684" result="Passed" start-time="2017-07-31 23:04:28Z" end-time="2017-07-31 23:04:28Z" duration="0.001069" asserts="1" />
            <test-case id="0-1531" name="BishopCannotMoveRandomlyIfNotDiagonal(3,1,4,5)" fullname="ChessWithTDD.Tests.BishopTests.BishopCannotMoveRandomlyIfNotDiagonal(3,1,4,5)" methodname="BishopCannotMoveRandomlyIfNotDiagonal" classname="ChessWithTDD.Tests.BishopTests" runstate="Runnable" seed="1210629789" result="Passed" start-time="2017-07-31 23:04:28Z" end-time="2017-07-31 23:04:28Z" duration="0.000762" asserts="1" />
            <test-case id="0-1532" name="BishopCannotMoveRandomlyIfNotDiagonal(6,6,2,7)" fullname="ChessWithTDD.Tests.BishopTests.BishopCannotMoveRandomlyIfNotDiagonal(6,6,2,7)" methodname="BishopCannotMoveRandomlyIfNotDiagonal" classname="ChessWithTDD.Tests.BishopTests" runstate="Runnable" seed="696234649" result="Passed" start-time="2017-07-31 23:04:28Z" end-time="2017-07-31 23:04:28Z" duration="0.000798" asserts="1" />
          </test-suite>
          <test-suite type="ParameterizedMethod" id="0-1526" name="BishopCannotMoveVertically" fullname="ChessWithTDD.Tests.BishopTests.BishopCannotMoveVertically" classname="ChessWithTDD.Tests.BishopTests" runstate="Runnable" testcasecount="2" result="Passed" start-time="2017-07-31 23:04:28Z" end-time="2017-07-31 23:04:28Z" duration="0.008970" total="2" passed="2" failed="0" warnings="0" inconclusive="0" skipped="0" asserts="2">
            <test-case id="0-1524" name="BishopCannotMoveVertically(5,2,2,2)" fullname="ChessWithTDD.Tests.BishopTests.BishopCannotMoveVertically(5,2,2,2)" methodname="BishopCannotMoveVertically" classname="ChessWithTDD.Tests.BishopTests" runstate="Runnable" seed="986116626" result="Passed" start-time="2017-07-31 23:04:28Z" end-time="2017-07-31 23:04:28Z" duration="0.001147" asserts="1" />
            <test-case id="0-1525" name="BishopCannotMoveVertically(2,2,5,2)" fullname="ChessWithTDD.Tests.BishopTests.BishopCannotMoveVertically(2,2,5,2)" methodname="BishopCannotMoveVertically" classname="ChessWithTDD.Tests.BishopTests" runstate="Runnable" seed="1787221660" result="Passed" start-time="2017-07-31 23:04:28Z" end-time="2017-07-31 23:04:28Z" duration="0.000960" asserts="1" />
          </test-suite>
        </test-suite>
        <test-suite type="TestFixture" id="0-1534" name="BlackPawnTests" fullname="ChessWithTDD.Tests.BlackPawnTests" classname="ChessWithTDD.Tests.BlackPawnTests" runstate="Runnable" testcasecount="21" result="Passed" start-time="2017-07-31 23:04:28Z" end-time="2017-07-31 23:04:28Z" duration="0.124524" total="21" passed="21" failed="0" warnings="0" inconclusive="0" skipped="0" asserts="21">
          <test-suite type="ParameterizedMethod" id="0-1543" name="BlackPawnCanMoveDiagonallyDownTheBoardIfWhitePieceThere" fullname="ChessWithTDD.Tests.BlackPawnTests.BlackPawnCanMoveDiagonallyDownTheBoardIfWhitePieceThere" classname="ChessWithTDD.Tests.BlackPawnTests" runstate="Runnable" testcasecount="2" result="Passed" start-time="2017-07-31 23:04:28Z" end-time="2017-07-31 23:04:28Z" duration="0.012511" total="2" passed="2" failed="0" warnings="0" inconclusive="0" skipped="0" asserts="2">
            <test-case id="0-1541" name="BlackPawnCanMoveDiagonallyDownTheBoardIfWhitePieceThere(6,6,5,7)" fullname="ChessWithTDD.Tests.BlackPawnTests.BlackPawnCanMoveDiagonallyDownTheBoardIfWhitePieceThere(6,6,5,7)" methodname="BlackPawnCanMoveDiagonallyDownTheBoardIfWhitePieceThere" classname="ChessWithTDD.Tests.BlackPawnTests" runstate="Runnable" seed="1795560997" result="Passed" start-time="2017-07-31 23:04:28Z" end-time="2017-07-31 23:04:28Z" duration="0.005664" asserts="1" />
            <test-case id="0-1542" name="BlackPawnCanMoveDiagonallyDownTheBoardIfWhitePieceThere(6,6,5,5)" fullname="ChessWithTDD.Tests.BlackPawnTests.BlackPawnCanMoveDiagonallyDownTheBoardIfWhitePieceThere(6,6,5,5)" methodname="BlackPawnCanMoveDiagonallyDownTheBoardIfWhitePieceThere" classname="ChessWithTDD.Tests.BlackPawnTests" runstate="Runnable" seed="1138346358" result="Passed" start-time="2017-07-31 23:04:28Z" end-time="2017-07-31 23:04:28Z" duration="0.000925" asserts="1" />
          </test-suite>
          <test-suite type="ParameterizedMethod" id="0-1549" name="BlackPawnCanMoveDiagonallyDownwardsToEmptySquareIfToSquareHasEnPassantMark" fullname="ChessWithTDD.Tests.BlackPawnTests.BlackPawnCanMoveDiagonallyDownwardsToEmptySquareIfToSquareHasEnPassantMark" classname="ChessWithTDD.Tests.BlackPawnTests" runstate="Runnable" testcasecount="2" result="Passed" start-time="2017-07-31 23:04:28Z" end-time="2017-07-31 23:04:28Z" duration="0.009999" total="2" passed="2" failed="0" warnings="0" inconclusive="0" skipped="0" asserts="2">
            <test-case id="0-1547" name="BlackPawnCanMoveDiagonallyDownwardsToEmptySquareIfToSquareHasEnPassantMark(6,6,5,7)" fullname="ChessWithTDD.Tests.BlackPawnTests.BlackPawnCanMoveDiagonallyDownwardsToEmptySquareIfToSquareHasEnPassantMark(6,6,5,7)" methodname="BlackPawnCanMoveDiagonallyDownwardsToEmptySquareIfToSquareHasEnPassantMark" classname="ChessWithTDD.Tests.BlackPawnTests" runstate="Runnable" seed="1188576205" result="Passed" start-time="2017-07-31 23:04:28Z" end-time="2017-07-31 23:04:28Z" duration="0.003665" asserts="1" />
            <test-case id="0-1548" name="BlackPawnCanMoveDiagonallyDownwardsToEmptySquareIfToSquareHasEnPassantMark(6,6,5,5)" fullname="ChessWithTDD.Tests.BlackPawnTests.BlackPawnCanMoveDiagonallyDownwardsToEmptySquareIfToSquareHasEnPassantMark(6,6,5,5)" methodname="BlackPawnCanMoveDiagonallyDownwardsToEmptySquareIfToSquareHasEnPassantMark" classname="ChessWithTDD.Tests.BlackPawnTests" runstate="Runnable" seed="1046585415" result="Passed" start-time="2017-07-31 23:04:28Z" end-time="2017-07-31 23:04:28Z" duration="0.000921" asserts="1" />
          </test-suite>
          <test-suite type="ParameterizedMethod" id="0-1537" name="BlackPawnCanMoveOneVerticalPositionDownTheBoard" fullname="ChessWithTDD.Tests.BlackPawnTests.BlackPawnCanMoveOneVerticalPositionDownTheBoard" classname="ChessWithTDD.Tests.BlackPawnTests" runstate="Runnable" testcasecount="2" result="Passed" start-time="2017-07-31 23:04:28Z" end-time="2017-07-31 23:04:28Z" duration="0.008535" total="2" passed="2" failed="0" warnings="0" inconclusive="0" skipped="0" asserts="2">
            <test-case id="0-1535" name="BlackPawnCanMoveOneVerticalPositionDownTheBoard(5,2,4,2)" fullname="ChessWithTDD.Tests.BlackPawnTests.BlackPawnCanMoveOneVerticalPositionDownTheBoard(5,2,4,2)" methodname="BlackPawnCanMoveOneVerticalPositionDownTheBoard" classname="ChessWithTDD.Tests.BlackPawnTests" runstate="Runnable" seed="1887002998" result="Passed" start-time="2017-07-31 23:04:28Z" end-time="2017-07-31 23:04:28Z" duration="0.001739" asserts="1" />
            <test-case id="0-1536" name="BlackPawnCanMoveOneVerticalPositionDownTheBoard(3,3,2,3)" fullname="ChessWithTDD.Tests.BlackPawnTests.BlackPawnCanMoveOneVerticalPositionDownTheBoard(3,3,2,3)" methodname="BlackPawnCanMoveOneVerticalPositionDownTheBoard" classname="ChessWithTDD.Tests.BlackPawnTests" runstate="Runnable" seed="1683287410" result="Passed" start-time="2017-07-31 23:04:28Z" end-time="2017-07-31 23:04:28Z" duration="0.000870" asserts="1" />
          </test-suite>
          <test-suite type="ParameterizedMethod" id="0-1555" name="BlackPawnCanMoveTwoVerticalSpacesDownTheBoardIfItHasNotMovedBefore" fullname="ChessWithTDD.Tests.BlackPawnTests.BlackPawnCanMoveTwoVerticalSpacesDownTheBoardIfItHasNotMovedBefore" classname="ChessWithTDD.Tests.BlackPawnTests" runstate="Runnable" testcasecount="2" result="Passed" start-time="2017-07-31 23:04:28Z" end-time="2017-07-31 23:04:28Z" duration="0.008505" total="2" passed="2" failed="0" warnings="0" inconclusive="0" skipped="0" asserts="2">
            <test-case id="0-1553" name="BlackPawnCanMoveTwoVerticalSpacesDownTheBoardIfItHasNotMovedBefore(4,4,2,4)" fullname="ChessWithTDD.Tests.BlackPawnTests.BlackPawnCanMoveTwoVerticalSpacesDownTheBoardIfItHasNotMovedBefore(4,4,2,4)" methodname="BlackPawnCanMoveTwoVerticalSpacesDownTheBoardIfItHasNotMovedBefore" classname="ChessWithTDD.Tests.BlackPawnTests" runstate="Runnable" seed="1786603357" result="Passed" start-time="2017-07-31 23:04:28Z" end-time="2017-07-31 23:04:28Z" duration="0.002268" asserts="1" />
            <test-case id="0-1554" name="BlackPawnCanMoveTwoVerticalSpacesDownTheBoardIfItHasNotMovedBefore(6,1,4,1)" fullname="ChessWithTDD.Tests.BlackPawnTests.BlackPawnCanMoveTwoVerticalSpacesDownTheBoardIfItHasNotMovedBefore(6,1,4,1)" methodname="BlackPawnCanMoveTwoVerticalSpacesDownTheBoardIfItHasNotMovedBefore" classname="ChessWithTDD.Tests.BlackPawnTests" runstate="Runnable" seed="1491774432" result="Passed" start-time="2017-07-31 23:04:28Z" end-time="2017-07-31 23:04:28Z" duration="0.000943" asserts="1" />
          </test-suite>
          <test-suite type="ParameterizedMethod" id="0-1546" name="BlackPawnCannotMoveDiagonallyBelowIfNoPieceThere" fullname="ChessWithTDD.Tests.BlackPawnTests.BlackPawnCannotMoveDiagonallyBelowIfNoPieceThere" classname="ChessWithTDD.Tests.BlackPawnTests" runstate="Runnable" testcasecount="2" result="Passed" start-time="2017-07-31 23:04:28Z" end-time="2017-07-31 23:04:28Z" duration="0.007534" total="2" passed="2" failed="0" warnings="0" inconclusive="0" skipped="0" asserts="2">
            <test-case id="0-1544" name="BlackPawnCannotMoveDiagonallyBelowIfNoPieceThere(6,6,5,7)" fullname="ChessWithTDD.Tests.BlackPawnTests.BlackPawnCannotMoveDiagonallyBelowIfNoPieceThere(6,6,5,7)" methodname="BlackPawnCannotMoveDiagonallyBelowIfNoPieceThere" classname="ChessWithTDD.Tests.BlackPawnTests" runstate="Runnable" seed="1017549528" result="Passed" start-time="2017-07-31 23:04:28Z" end-time="2017-07-31 23:04:28Z" duration="0.001206" asserts="1" />
            <test-case id="0-1545" name="BlackPawnCannotMoveDiagonallyBelowIfNoPieceThere(6,6,5,5)" fullname="ChessWithTDD.Tests.BlackPawnTests.BlackPawnCannotMoveDiagonallyBelowIfNoPieceThere(6,6,5,5)" methodname="BlackPawnCannotMoveDiagonallyBelowIfNoPieceThere" classname="ChessWithTDD.Tests.BlackPawnTests" runstate="Runnable" seed="722473004" result="Passed" start-time="2017-07-31 23:04:28Z" end-time="2017-07-31 23:04:28Z" duration="0.000835" asserts="1" />
          </test-suite>
          <test-suite type="ParameterizedMethod" id="0-1552" name="BlackPawnCannotMoveDiagonallyDownwardsToEmptySquareIfToSquareHasNoEnPassantMark" fullname="ChessWithTDD.Tests.BlackPawnTests.BlackPawnCannotMoveDiagonallyDownwardsToEmptySquareIfToSquareHasNoEnPassantMark" classname="ChessWithTDD.Tests.BlackPawnTests" runstate="Runnable" testcasecount="2" result="Passed" start-time="2017-07-31 23:04:28Z" end-time="2017-07-31 23:04:28Z" duration="0.007561" total="2" passed="2" failed="0" warnings="0" inconclusive="0" skipped="0" asserts="2">
            <test-case id="0-1550" name="BlackPawnCannotMoveDiagonallyDownwardsToEmptySquareIfToSquareHasNoEnPassantMark(6,6,5,7)" fullname="ChessWithTDD.Tests.BlackPawnTests.BlackPawnCannotMoveDiagonallyDownwardsToEmptySquareIfToSquareHasNoEnPassantMark(6,6,5,7)" methodname="BlackPawnCannotMoveDiagonallyDownwardsToEmptySquareIfToSquareHasNoEnPassantMark" classname="ChessWithTDD.Tests.BlackPawnTests" runstate="Runnable" seed="1147458783" result="Passed" start-time="2017-07-31 23:04:28Z" end-time="2017-07-31 23:04:28Z" duration="0.001220" asserts="1" />
            <test-case id="0-1551" name="BlackPawnCannotMoveDiagonallyDownwardsToEmptySquareIfToSquareHasNoEnPassantMark(6,6,5,5)" fullname="ChessWithTDD.Tests.BlackPawnTests.BlackPawnCannotMoveDiagonallyDownwardsToEmptySquareIfToSquareHasNoEnPassantMark(6,6,5,5)" methodname="BlackPawnCannotMoveDiagonallyDownwardsToEmptySquareIfToSquareHasNoEnPassantMark" classname="ChessWithTDD.Tests.BlackPawnTests" runstate="Runnable" seed="1685678249" result="Passed" start-time="2017-07-31 23:04:28Z" end-time="2017-07-31 23:04:28Z" duration="0.000951" asserts="1" />
          </test-suite>
          <test-suite type="ParameterizedMethod" id="0-1566" name="BlackPawnCannotMoveOneHorizontalPositionAcrossTheBoard" fullname="ChessWithTDD.Tests.BlackPawnTests.BlackPawnCannotMoveOneHorizontalPositionAcrossTheBoard" classname="ChessWithTDD.Tests.BlackPawnTests" runstate="Runnable" testcasecount="2" result="Passed" start-time="2017-07-31 23:04:28Z" end-time="2017-07-31 23:04:28Z" duration="0.007992" total="2" passed="2" failed="0" warnings="0" inconclusive="0" skipped="0" asserts="2">
            <test-case id="0-1564" name="BlackPawnCannotMoveOneHorizontalPositionAcrossTheBoard(5,2,5,3)" fullname="ChessWithTDD.Tests.BlackPawnTests.BlackPawnCannotMoveOneHorizontalPositionAcrossTheBoard(5,2,5,3)" methodname="BlackPawnCannotMoveOneHorizontalPositionAcrossTheBoard" classname="ChessWithTDD.Tests.BlackPawnTests" runstate="Runnable" seed="1238280667" result="Passed" start-time="2017-07-31 23:04:28Z" end-time="2017-07-31 23:04:28Z" duration="0.001143" asserts="1" />
            <test-case id="0-1565" name="BlackPawnCannotMoveOneHorizontalPositionAcrossTheBoard(3,3,3,2)" fullname="ChessWithTDD.Tests.BlackPawnTests.BlackPawnCannotMoveOneHorizontalPositionAcrossTheBoard(3,3,3,2)" methodname="BlackPawnCannotMoveOneHorizontalPositionAcrossTheBoard" classname="ChessWithTDD.Tests.BlackPawnTests" runstate="Runnable" seed="2104874337" result="Passed" start-time="2017-07-31 23:04:28Z" end-time="2017-07-31 23:04:28Z" duration="0.000746" asserts="1" />
          </test-suite>
          <test-suite type="ParameterizedMethod" id="0-1540" name="BlackPawnCannotMoveOneVerticalPositionDownTheBoardIfWhitePieceThere" fullname="ChessWithTDD.Tests.BlackPawnTests.BlackPawnCannotMoveOneVerticalPositionDownTheBoardIfWhitePieceThere" classname="ChessWithTDD.Tests.BlackPawnTests" runstate="Runnable" testcasecount="2" result="Passed" start-time="2017-07-31 23:04:28Z" end-time="2017-07-31 23:04:28Z" duration="0.008026" total="2" passed="2" failed="0" warnings="0" inconclusive="0" skipped="0" asserts="2">
            <test-case id="0-1538" name="BlackPawnCannotMoveOneVerticalPositionDownTheBoardIfWhitePieceThere(5,2,4,2)" fullname="ChessWithTDD.Tests.BlackPawnTests.BlackPawnCannotMoveOneVerticalPositionDownTheBoardIfWhitePieceThere(5,2,4,2)" methodname="BlackPawnCannotMoveOneVerticalPositionDownTheBoardIfWhitePieceThere" classname="ChessWithTDD.Tests.BlackPawnTests" runstate="Runnable" seed="2087269424" result="Passed" start-time="2017-07-31 23:04:28Z" end-time="2017-07-31 23:04:28Z" duration="0.001820" asserts="1" />
            <test-case id="0-1539" name="BlackPawnCannotMoveOneVerticalPositionDownTheBoardIfWhitePieceThere(3,3,2,3)" fullname="ChessWithTDD.Tests.BlackPawnTests.BlackPawnCannotMoveOneVerticalPositionDownTheBoardIfWhitePieceThere(3,3,2,3)" methodname="BlackPawnCannotMoveOneVerticalPositionDownTheBoardIfWhitePieceThere" classname="ChessWithTDD.Tests.BlackPawnTests" runstate="Runnable" seed="1002716827" result="Passed" start-time="2017-07-31 23:04:28Z" end-time="2017-07-31 23:04:28Z" duration="0.000879" asserts="1" />
          </test-suite>
          <test-suite type="ParameterizedMethod" id="0-1563" name="BlackPawnCannotMoveOneVerticalPositionUpTheBoard" fullname="ChessWithTDD.Tests.BlackPawnTests.BlackPawnCannotMoveOneVerticalPositionUpTheBoard" classname="ChessWithTDD.Tests.BlackPawnTests" runstate="Runnable" testcasecount="1" result="Passed" start-time="2017-07-31 23:04:28Z" end-time="2017-07-31 23:04:28Z" duration="0.004534" total="1" passed="1" failed="0" warnings="0" inconclusive="0" skipped="0" asserts="1">
            <test-case id="0-1562" name="BlackPawnCannotMoveOneVerticalPositionUpTheBoard(0,1,1,1)" fullname="ChessWithTDD.Tests.BlackPawnTests.BlackPawnCannotMoveOneVerticalPositionUpTheBoard(0,1,1,1)" methodname="BlackPawnCannotMoveOneVerticalPositionUpTheBoard" classname="ChessWithTDD.Tests.BlackPawnTests" runstate="Runnable" seed="1469122418" result="Passed" start-time="2017-07-31 23:04:28Z" end-time="2017-07-31 23:04:28Z" duration="0.001080" asserts="1" />
          </test-suite>
          <test-suite type="ParameterizedMethod" id="0-1558" name="BlackPawnCannotMoveTwoVerticalSpacesDownTheBoardIfItHasMovedBefore" fullname="ChessWithTDD.Tests.BlackPawnTests.BlackPawnCannotMoveTwoVerticalSpacesDownTheBoardIfItHasMovedBefore" classname="ChessWithTDD.Tests.BlackPawnTests" runstate="Runnable" testcasecount="2" result="Passed" start-time="2017-07-31 23:04:28Z" end-time="2017-07-31 23:04:28Z" duration="0.008011" total="2" passed="2" failed="0" warnings="0" inconclusive="0" skipped="0" asserts="2">
            <test-case id="0-1556" name="BlackPawnCannotMoveTwoVerticalSpacesDownTheBoardIfItHasMovedBefore(4,4,2,4)" fullname="ChessWithTDD.Tests.BlackPawnTests.BlackPawnCannotMoveTwoVerticalSpacesDownTheBoardIfItHasMovedBefore(4,4,2,4)" methodname="BlackPawnCannotMoveTwoVerticalSpacesDownTheBoardIfItHasMovedBefore" classname="ChessWithTDD.Tests.BlackPawnTests" runstate="Runnable" seed="277439314" result="Passed" start-time="2017-07-31 23:04:28Z" end-time="2017-07-31 23:04:28Z" duration="0.001107" asserts="1" />
            <test-case id="0-1557" name="BlackPawnCannotMoveTwoVerticalSpacesDownTheBoardIfItHasMovedBefore(6,1,4,1)" fullname="ChessWithTDD.Tests.BlackPawnTests.BlackPawnCannotMoveTwoVerticalSpacesDownTheBoardIfItHasMovedBefore(6,1,4,1)" methodname="BlackPawnCannotMoveTwoVerticalSpacesDownTheBoardIfItHasMovedBefore" classname="ChessWithTDD.Tests.BlackPawnTests" runstate="Runnable" seed="1276481196" result="Passed" start-time="2017-07-31 23:04:28Z" end-time="2017-07-31 23:04:28Z" duration="0.001340" asserts="1" />
          </test-suite>
          <test-suite type="ParameterizedMethod" id="0-1561" name="BlackPawnCannotMoveTwoVerticalSpacesDownTheBoardIfItHasNotMovedButToSquareContainsAPiece" fullname="ChessWithTDD.Tests.BlackPawnTests.BlackPawnCannotMoveTwoVerticalSpacesDownTheBoardIfItHasNotMovedButToSquareContainsAPiece" classname="ChessWithTDD.Tests.BlackPawnTests" runstate="Runnable" testcasecount="2" result="Passed" start-time="2017-07-31 23:04:28Z" end-time="2017-07-31 23:04:28Z" duration="0.008007" total="2" passed="2" failed="0" warnings="0" inconclusive="0" skipped="0" asserts="2">
            <test-case id="0-1559" name="BlackPawnCannotMoveTwoVerticalSpacesDownTheBoardIfItHasNotMovedButToSquareContainsAPiece(4,4,2,4)" fullname="ChessWithTDD.Tests.BlackPawnTests.BlackPawnCannotMoveTwoVerticalSpacesDownTheBoardIfItHasNotMovedButToSquareContainsAPiece(4,4,2,4)" methodname="BlackPawnCannotMoveTwoVerticalSpacesDownTheBoardIfItHasNotMovedButToSquareContainsAPiece" classname="ChessWithTDD.Tests.BlackPawnTests" runstate="Runnable" seed="1322189132" result="Passed" start-time="2017-07-31 23:04:28Z" end-time="2017-07-31 23:04:28Z" duration="0.001238" asserts="1" />
            <test-case id="0-1560" name="BlackPawnCannotMoveTwoVerticalSpacesDownTheBoardIfItHasNotMovedButToSquareContainsAPiece(6,1,4,1)" fullname="ChessWithTDD.Tests.BlackPawnTests.BlackPawnCannotMoveTwoVerticalSpacesDownTheBoardIfItHasNotMovedButToSquareContainsAPiece(6,1,4,1)" methodname="BlackPawnCannotMoveTwoVerticalSpacesDownTheBoardIfItHasNotMovedButToSquareContainsAPiece" classname="ChessWithTDD.Tests.BlackPawnTests" runstate="Runnable" seed="14167691" result="Passed" start-time="2017-07-31 23:04:28Z" end-time="2017-07-31 23:04:28Z" duration="0.001384" asserts="1" />
          </test-suite>
        </test-suite>
        <test-suite type="TestFixture" id="0-1000" name="BoardCacheTests" fullname="ChessWithTDD.Tests.BoardCacheTests" classname="ChessWithTDD.Tests.BoardCacheTests" runstate="Runnable" testcasecount="13" result="Passed" start-time="2017-07-31 23:04:28Z" end-time="2017-07-31 23:04:28Z" duration="0.248005" total="13" passed="13" failed="0" warnings="0" inconclusive="0" skipped="0" asserts="48">
          <test-case id="0-1001" name="BlackKingIsSavedToBlackKingSquareIfInPendingUpdatesOfBoardAndUpdatesCleared" fullname="ChessWithTDD.Tests.BoardCacheTests.BlackKingIsSavedToBlackKingSquareIfInPendingUpdatesOfBoardAndUpdatesCleared" methodname="BlackKingIsSavedToBlackKingSquareIfInPendingUpdatesOfBoardAndUpdatesCleared" classname="ChessWithTDD.Tests.BoardCacheTests" runstate="Runnable" seed="268069491" result="Passed" start-time="2017-07-31 23:04:28Z" end-time="2017-07-31 23:04:28Z" duration="0.081928" asserts="3" />
          <test-case id="0-1013" name="BoardCacheInitialisedWithBlackBackRowCorrectly" fullname="ChessWithTDD.Tests.BoardCacheTests.BoardCacheInitialisedWithBlackBackRowCorrectly" methodname="BoardCacheInitialisedWithBlackBackRowCorrectly" classname="ChessWithTDD.Tests.BoardCacheTests" runstate="Runnable" seed="868168636" result="Passed" start-time="2017-07-31 23:04:28Z" end-time="2017-07-31 23:04:28Z" duration="0.099846" asserts="7" />
          <test-case id="0-1009" name="BoardCacheInitialisedWithBlackKingCorrectly" fullname="ChessWithTDD.Tests.BoardCacheTests.BoardCacheInitialisedWithBlackKingCorrectly" methodname="BoardCacheInitialisedWithBlackKingCorrectly" classname="ChessWithTDD.Tests.BoardCacheTests" runstate="Runnable" seed="800071356" result="Passed" start-time="2017-07-31 23:04:28Z" end-time="2017-07-31 23:04:28Z" duration="0.001733" asserts="1" />
          <test-case id="0-1011" name="BoardCacheInitialisedWithBlackPawnsCorrectly" fullname="ChessWithTDD.Tests.BoardCacheTests.BoardCacheInitialisedWithBlackPawnsCorrectly" methodname="BoardCacheInitialisedWithBlackPawnsCorrectly" classname="ChessWithTDD.Tests.BoardCacheTests" runstate="Runnable" seed="1238379510" result="Passed" start-time="2017-07-31 23:04:28Z" end-time="2017-07-31 23:04:28Z" duration="0.002342" asserts="8" />
          <test-case id="0-1007" name="BoardCacheInitialisedWithCorrectBoard" fullname="ChessWithTDD.Tests.BoardCacheTests.BoardCacheInitialisedWithCorrectBoard" methodname="BoardCacheInitialisedWithCorrectBoard" classname="ChessWithTDD.Tests.BoardCacheTests" runstate="Runnable" seed="1653803295" result="Passed" start-time="2017-07-31 23:04:28Z" end-time="2017-07-31 23:04:28Z" duration="0.000985" asserts="1" />
          <test-case id="0-1012" name="BoardCacheInitialisedWithWhiteBackRowCorrectly" fullname="ChessWithTDD.Tests.BoardCacheTests.BoardCacheInitialisedWithWhiteBackRowCorrectly" methodname="BoardCacheInitialisedWithWhiteBackRowCorrectly" classname="ChessWithTDD.Tests.BoardCacheTests" runstate="Runnable" seed="1288429819" result="Passed" start-time="2017-07-31 23:04:28Z" end-time="2017-07-31 23:04:28Z" duration="0.002471" asserts="7" />
          <test-case id="0-1008" name="BoardCacheInitialisedWithWhiteKingCorrectly" fullname="ChessWithTDD.Tests.BoardCacheTests.BoardCacheInitialisedWithWhiteKingCorrectly" methodname="BoardCacheInitialisedWithWhiteKingCorrectly" classname="ChessWithTDD.Tests.BoardCacheTests" runstate="Runnable" seed="1022571433" result="Passed" start-time="2017-07-31 23:04:28Z" end-time="2017-07-31 23:04:28Z" duration="0.001912" asserts="1" />
          <test-case id="0-1010" name="BoardCacheInitialisedWithWhitePawnsCorrectly" fullname="ChessWithTDD.Tests.BoardCacheTests.BoardCacheInitialisedWithWhitePawnsCorrectly" methodname="BoardCacheInitialisedWithWhitePawnsCorrectly" classname="ChessWithTDD.Tests.BoardCacheTests" runstate="Runnable" seed="877756594" result="Passed" start-time="2017-07-31 23:04:28Z" end-time="2017-07-31 23:04:28Z" duration="0.002521" asserts="8" />
          <test-case id="0-1003" name="NothingIsSavedForSquaresWithNoPieceButItIsRemoved" fullname="ChessWithTDD.Tests.BoardCacheTests.NothingIsSavedForSquaresWithNoPieceButItIsRemoved" methodname="NothingIsSavedForSquaresWithNoPieceButItIsRemoved" classname="ChessWithTDD.Tests.BoardCacheTests" runstate="Runnable" seed="207674489" result="Passed" start-time="2017-07-31 23:04:28Z" end-time="2017-07-31 23:04:28Z" duration="0.002740" asserts="3" />
          <test-case id="0-1006" name="SquareInPendingUpdatesWithBlackPieceIsAddedToBlackPieceCacheAndRemovedFromPendingUpdates" fullname="ChessWithTDD.Tests.BoardCacheTests.SquareInPendingUpdatesWithBlackPieceIsAddedToBlackPieceCacheAndRemovedFromPendingUpdates" methodname="SquareInPendingUpdatesWithBlackPieceIsAddedToBlackPieceCacheAndRemovedFromPendingUpdates" classname="ChessWithTDD.Tests.BoardCacheTests" runstate="Runnable" seed="1640424708" result="Passed" start-time="2017-07-31 23:04:28Z" end-time="2017-07-31 23:04:28Z" duration="0.003462" asserts="2" />
          <test-case id="0-1004" name="SquareInPendingUpdatesWithNoPieceIsRemovedFromBoardCacheAndPendingUpdates" fullname="ChessWithTDD.Tests.BoardCacheTests.SquareInPendingUpdatesWithNoPieceIsRemovedFromBoardCacheAndPendingUpdates" methodname="SquareInPendingUpdatesWithNoPieceIsRemovedFromBoardCacheAndPendingUpdates" classname="ChessWithTDD.Tests.BoardCacheTests" runstate="Runnable" seed="41043032" result="Passed" start-time="2017-07-31 23:04:28Z" end-time="2017-07-31 23:04:28Z" duration="0.001294" asserts="2" />
          <test-case id="0-1005" name="SquareInPendingUpdatesWithWhitePieceIsAddedToWhitePieceCacheAndRemovedFromPendingUpdates" fullname="ChessWithTDD.Tests.BoardCacheTests.SquareInPendingUpdatesWithWhitePieceIsAddedToWhitePieceCacheAndRemovedFromPendingUpdates" methodname="SquareInPendingUpdatesWithWhitePieceIsAddedToWhitePieceCacheAndRemovedFromPendingUpdates" classname="ChessWithTDD.Tests.BoardCacheTests" runstate="Runnable" seed="581117949" result="Passed" start-time="2017-07-31 23:04:28Z" end-time="2017-07-31 23:04:28Z" duration="0.002258" asserts="2" />
          <test-case id="0-1002" name="WhiteKingIsSavedToWhiteKingSquareAndWhitePiecesIfInPendingUpdatesOfBoardAndUpdatesCleared" fullname="ChessWithTDD.Tests.BoardCacheTests.WhiteKingIsSavedToWhiteKingSquareAndWhitePiecesIfInPendingUpdatesOfBoardAndUpdatesCleared" methodname="WhiteKingIsSavedToWhiteKingSquareAndWhitePiecesIfInPendingUpdatesOfBoardAndUpdatesCleared" classname="ChessWithTDD.Tests.BoardCacheTests" runstate="Runnable" seed="677696606" result="Passed" start-time="2017-07-31 23:04:28Z" end-time="2017-07-31 23:04:28Z" duration="0.003124" asserts="3" />
        </test-suite>
        <test-suite type="TestFixture" id="0-1014" name="BoardInitialiserTests" fullname="ChessWithTDD.Tests.BoardInitialiserTests" classname="ChessWithTDD.Tests.BoardInitialiserTests" runstate="Runnable" testcasecount="11" result="Passed" start-time="2017-07-31 23:04:28Z" end-time="2017-07-31 23:04:29Z" duration="0.526024" total="11" passed="11" failed="0" warnings="0" inconclusive="0" skipped="0" asserts="1">
          <test-case id="0-1022" name="BoardBlackBishopsSetupCorrectly" fullname="ChessWithTDD.Tests.BoardInitialiserTests.BoardBlackBishopsSetupCorrectly" methodname="BoardBlackBishopsSetupCorrectly" classname="ChessWithTDD.Tests.BoardInitialiserTests" runstate="Runnable" seed="707341417" result="Passed" start-time="2017-07-31 23:04:28Z" end-time="2017-07-31 23:04:28Z" duration="0.131929" asserts="0" />
          <test-case id="0-1020" name="BoardBlackKnightsSetupCorrectly" fullname="ChessWithTDD.Tests.BoardInitialiserTests.BoardBlackKnightsSetupCorrectly" methodname="BoardBlackKnightsSetupCorrectly" classname="ChessWithTDD.Tests.BoardInitialiserTests" runstate="Runnable" seed="1350630540" result="Passed" start-time="2017-07-31 23:04:28Z" end-time="2017-07-31 23:04:28Z" duration="0.019850" asserts="0" />
          <test-case id="0-1016" name="BoardBlackPawnRowSetupCorrectly" fullname="ChessWithTDD.Tests.BoardInitialiserTests.BoardBlackPawnRowSetupCorrectly" methodname="BoardBlackPawnRowSetupCorrectly" classname="ChessWithTDD.Tests.BoardInitialiserTests" runstate="Runnable" seed="490725354" result="Passed" start-time="2017-07-31 23:04:28Z" end-time="2017-07-31 23:04:28Z" duration="0.114977" asserts="0" />
          <test-case id="0-1018" name="BoardBlackRooksSetupCorrectly" fullname="ChessWithTDD.Tests.BoardInitialiserTests.BoardBlackRooksSetupCorrectly" methodname="BoardBlackRooksSetupCorrectly" classname="ChessWithTDD.Tests.BoardInitialiserTests" runstate="Runnable" seed="972201579" result="Passed" start-time="2017-07-31 23:04:28Z" end-time="2017-07-31 23:04:28Z" duration="0.020438" asserts="0" />
          <test-case id="0-1024" name="BoardKingsSetupCorrectly" fullname="ChessWithTDD.Tests.BoardInitialiserTests.BoardKingsSetupCorrectly" methodname="BoardKingsSetupCorrectly" classname="ChessWithTDD.Tests.BoardInitialiserTests" runstate="Runnable" seed="2139413278" result="Passed" start-time="2017-07-31 23:04:28Z" end-time="2017-07-31 23:04:28Z" duration="0.020031" asserts="0" />
          <test-case id="0-1023" name="BoardQueensSetupCorrectly" fullname="ChessWithTDD.Tests.BoardInitialiserTests.BoardQueensSetupCorrectly" methodname="BoardQueensSetupCorrectly" classname="ChessWithTDD.Tests.BoardInitialiserTests" runstate="Runnable" seed="531605549" result="Passed" start-time="2017-07-31 23:04:28Z" end-time="2017-07-31 23:04:28Z" duration="0.019205" asserts="0" />
          <test-case id="0-1025" name="BoardSetSquareCalledCorrectNumberOfTimesDuringInitialisation" fullname="ChessWithTDD.Tests.BoardInitialiserTests.BoardSetSquareCalledCorrectNumberOfTimesDuringInitialisation" methodname="BoardSetSquareCalledCorrectNumberOfTimesDuringInitialisation" classname="ChessWithTDD.Tests.BoardInitialiserTests" runstate="Runnable" seed="900060160" result="Passed" start-time="2017-07-31 23:04:28Z" end-time="2017-07-31 23:04:28Z" duration="0.003214" asserts="1" />
          <test-case id="0-1021" name="BoardWhiteBishopsSetupCorrectly" fullname="ChessWithTDD.Tests.BoardInitialiserTests.BoardWhiteBishopsSetupCorrectly" methodname="BoardWhiteBishopsSetupCorrectly" classname="ChessWithTDD.Tests.BoardInitialiserTests" runstate="Runnable" seed="1251748329" result="Passed" start-time="2017-07-31 23:04:28Z" end-time="2017-07-31 23:04:28Z" duration="0.020201" asserts="0" />
          <test-case id="0-1019" name="BoardWhiteKnightsSetupCorrectly" fullname="ChessWithTDD.Tests.BoardInitialiserTests.BoardWhiteKnightsSetupCorrectly" methodname="BoardWhiteKnightsSetupCorrectly" classname="ChessWithTDD.Tests.BoardInitialiserTests" runstate="Runnable" seed="1769227882" result="Passed" start-time="2017-07-31 23:04:28Z" end-time="2017-07-31 23:04:28Z" duration="0.019640" asserts="0" />
          <test-case id="0-1015" name="BoardWhitePawnRowSetupCorrectly" fullname="ChessWithTDD.Tests.BoardInitialiserTests.BoardWhitePawnRowSetupCorrectly" methodname="BoardWhitePawnRowSetupCorrectly" classname="ChessWithTDD.Tests.BoardInitialiserTests" runstate="Runnable" seed="1672656508" result="Passed" start-time="2017-07-31 23:04:28Z" end-time="2017-07-31 23:04:29Z" duration="0.103581" asserts="0" />
          <test-case id="0-1017" name="BoardWhiteRooksSetupCorrectly" fullname="ChessWithTDD.Tests.BoardInitialiserTests.BoardWhiteRooksSetupCorrectly" methodname="BoardWhiteRooksSetupCorrectly" classname="ChessWithTDD.Tests.BoardInitialiserTests" runstate="Runnable" seed="1585900423" result="Passed" start-time="2017-07-31 23:04:29Z" end-time="2017-07-31 23:04:29Z" duration="0.020770" asserts="0" />
        </test-suite>
        <test-suite type="TestFixture" id="0-1567" name="BoardTests" fullname="ChessWithTDD.Tests.BoardTests" classname="ChessWithTDD.Tests.BoardTests" runstate="Runnable" testcasecount="62" result="Passed" start-time="2017-07-31 23:04:29Z" end-time="2017-07-31 23:04:29Z" duration="0.420382" total="62" passed="62" failed="0" warnings="0" inconclusive="0" skipped="0" asserts="115">
          <test-suite type="ParameterizedMethod" id="0-1589" name="ApplyingMoveAddsMoveDataToMoveListAtTheEnd" fullname="ChessWithTDD.Tests.BoardTests.ApplyingMoveAddsMoveDataToMoveListAtTheEnd" classname="ChessWithTDD.Tests.BoardTests" runstate="Runnable" testcasecount="2" result="Passed" start-time="2017-07-31 23:04:29Z" end-time="2017-07-31 23:04:29Z" duration="0.019501" total="2" passed="2" failed="0" warnings="0" inconclusive="0" skipped="0" asserts="4">
            <test-case id="0-1587" name="ApplyingMoveAddsMoveDataToMoveListAtTheEnd(1,2,3,4,True,False,False)" fullname="ChessWithTDD.Tests.BoardTests.ApplyingMoveAddsMoveDataToMoveListAtTheEnd(1,2,3,4,True,False,False)" methodname="ApplyingMoveAddsMoveDataToMoveListAtTheEnd" classname="ChessWithTDD.Tests.BoardTests" runstate="Runnable" seed="3248146" result="Passed" start-time="2017-07-31 23:04:29Z" end-time="2017-07-31 23:04:29Z" duration="0.010411" asserts="2" />
            <test-case id="0-1588" name="ApplyingMoveAddsMoveDataToMoveListAtTheEnd(1,2,3,4,True,True,False)" fullname="ChessWithTDD.Tests.BoardTests.ApplyingMoveAddsMoveDataToMoveListAtTheEnd(1,2,3,4,True,True,False)" methodname="ApplyingMoveAddsMoveDataToMoveListAtTheEnd" classname="ChessWithTDD.Tests.BoardTests" runstate="Runnable" seed="630432854" result="Passed" start-time="2017-07-31 23:04:29Z" end-time="2017-07-31 23:04:29Z" duration="0.002969" asserts="2" />
          </test-suite>
          <test-case id="0-1578" name="ApplyingMoveCallsMoveExecutorWithCorrectArguments" fullname="ChessWithTDD.Tests.BoardTests.ApplyingMoveCallsMoveExecutorWithCorrectArguments" methodname="ApplyingMoveCallsMoveExecutorWithCorrectArguments" classname="ChessWithTDD.Tests.BoardTests" runstate="Runnable" seed="12380917" result="Passed" start-time="2017-07-31 23:04:29Z" end-time="2017-07-31 23:04:29Z" duration="0.003887" asserts="0" />
          <test-suite type="ParameterizedMethod" id="0-1586" name="ApplyingMoveFiresMoveAppliedEvent" fullname="ChessWithTDD.Tests.BoardTests.ApplyingMoveFiresMoveAppliedEvent" classname="ChessWithTDD.Tests.BoardTests" runstate="Runnable" testcasecount="6" result="Passed" start-time="2017-07-31 23:04:29Z" end-time="2017-07-31 23:04:29Z" duration="0.030580" total="6" passed="6" failed="0" warnings="0" inconclusive="0" skipped="0" asserts="30">
            <test-case id="0-1580" name="ApplyingMoveFiresMoveAppliedEvent(1,2,3,4,False,False,False)" fullname="ChessWithTDD.Tests.BoardTests.ApplyingMoveFiresMoveAppliedEvent(1,2,3,4,False,False,False)" methodname="ApplyingMoveFiresMoveAppliedEvent" classname="ChessWithTDD.Tests.BoardTests" runstate="Runnable" seed="550285458" result="Passed" start-time="2017-07-31 23:04:29Z" end-time="2017-07-31 23:04:29Z" duration="0.002773" asserts="5" />
            <test-case id="0-1581" name="ApplyingMoveFiresMoveAppliedEvent(1,2,3,4,False,True,False)" fullname="ChessWithTDD.Tests.BoardTests.ApplyingMoveFiresMoveAppliedEvent(1,2,3,4,False,True,False)" methodname="ApplyingMoveFiresMoveAppliedEvent" classname="ChessWithTDD.Tests.BoardTests" runstate="Runnable" seed="1426442651" result="Passed" start-time="2017-07-31 23:04:29Z" end-time="2017-07-31 23:04:29Z" duration="0.001909" asserts="5" />
            <test-case id="0-1582" name="ApplyingMoveFiresMoveAppliedEvent(1,2,3,4,False,True,True)" fullname="ChessWithTDD.Tests.BoardTests.ApplyingMoveFiresMoveAppliedEvent(1,2,3,4,False,True,True)" methodname="ApplyingMoveFiresMoveAppliedEvent" classname="ChessWithTDD.Tests.BoardTests" runstate="Runnable" seed="1747328811" result="Passed" start-time="2017-07-31 23:04:29Z" end-time="2017-07-31 23:04:29Z" duration="0.001797" asserts="5" />
            <test-case id="0-1583" name="ApplyingMoveFiresMoveAppliedEvent(1,2,3,4,True,False,False)" fullname="ChessWithTDD.Tests.BoardTests.ApplyingMoveFiresMoveAppliedEvent(1,2,3,4,True,False,False)" methodname="ApplyingMoveFiresMoveAppliedEvent" classname="ChessWithTDD.Tests.BoardTests" runstate="Runnable" seed="1472027526" result="Passed" start-time="2017-07-31 23:04:29Z" end-time="2017-07-31 23:04:29Z" duration="0.001863" asserts="5" />
            <test-case id="0-1584" name="ApplyingMoveFiresMoveAppliedEvent(1,2,3,4,True,True,False)" fullname="ChessWithTDD.Tests.BoardTests.ApplyingMoveFiresMoveAppliedEvent(1,2,3,4,True,True,False)" methodname="ApplyingMoveFiresMoveAppliedEvent" classname="ChessWithTDD.Tests.BoardTests" runstate="Runnable" seed="1626651281" result="Passed" start-time="2017-07-31 23:04:29Z" end-time="2017-07-31 23:04:29Z" duration="0.001989" asserts="5" />
            <test-case id="0-1585" name="ApplyingMoveFiresMoveAppliedEvent(1,2,3,4,True,True,True)" fullname="ChessWithTDD.Tests.BoardTests.ApplyingMoveFiresMoveAppliedEvent(1,2,3,4,True,True,True)" methodname="ApplyingMoveFiresMoveAppliedEvent" classname="ChessWithTDD.Tests.BoardTests" runstate="Runnable" seed="1754876930" result="Passed" start-time="2017-07-31 23:04:29Z" end-time="2017-07-31 23:04:29Z" duration="0.001771" asserts="5" />
          </test-suite>
          <test-case id="0-1579" name="ApplyingMoveIncrementsTurnCounter" fullname="ChessWithTDD.Tests.BoardTests.ApplyingMoveIncrementsTurnCounter" methodname="ApplyingMoveIncrementsTurnCounter" classname="ChessWithTDD.Tests.BoardTests" runstate="Runnable" seed="747769806" result="Passed" start-time="2017-07-31 23:04:29Z" end-time="2017-07-31 23:04:29Z" duration="0.001801" asserts="1" />
          <test-suite type="ParameterizedMethod" id="0-1601" name="ApplyingWithoutCheckAndMateAddsMoveDataToMoveListAtTheEnd" fullname="ChessWithTDD.Tests.BoardTests.ApplyingWithoutCheckAndMateAddsMoveDataToMoveListAtTheEnd" classname="ChessWithTDD.Tests.BoardTests" runstate="Runnable" testcasecount="2" result="Passed" start-time="2017-07-31 23:04:29Z" end-time="2017-07-31 23:04:29Z" duration="0.011492" total="2" passed="2" failed="0" warnings="0" inconclusive="0" skipped="0" asserts="4">
            <test-case id="0-1599" name="ApplyingWithoutCheckAndMateAddsMoveDataToMoveListAtTheEnd(1,2,3,4,True,False,False)" fullname="ChessWithTDD.Tests.BoardTests.ApplyingWithoutCheckAndMateAddsMoveDataToMoveListAtTheEnd(1,2,3,4,True,False,False)" methodname="ApplyingWithoutCheckAndMateAddsMoveDataToMoveListAtTheEnd" classname="ChessWithTDD.Tests.BoardTests" runstate="Runnable" seed="2030606636" result="Passed" start-time="2017-07-31 23:04:29Z" end-time="2017-07-31 23:04:29Z" duration="0.003561" asserts="2" />
            <test-case id="0-1600" name="ApplyingWithoutCheckAndMateAddsMoveDataToMoveListAtTheEnd(1,2,3,4,True,True,False)" fullname="ChessWithTDD.Tests.BoardTests.ApplyingWithoutCheckAndMateAddsMoveDataToMoveListAtTheEnd(1,2,3,4,True,True,False)" methodname="ApplyingWithoutCheckAndMateAddsMoveDataToMoveListAtTheEnd" classname="ChessWithTDD.Tests.BoardTests" runstate="Runnable" seed="1654626962" result="Passed" start-time="2017-07-31 23:04:29Z" end-time="2017-07-31 23:04:29Z" duration="0.002336" asserts="2" />
          </test-suite>
          <test-case id="0-1590" name="ApplyingWithoutCheckAndMateCallsMoveExecutorWithCorrectArguments" fullname="ChessWithTDD.Tests.BoardTests.ApplyingWithoutCheckAndMateCallsMoveExecutorWithCorrectArguments" methodname="ApplyingWithoutCheckAndMateCallsMoveExecutorWithCorrectArguments" classname="ChessWithTDD.Tests.BoardTests" runstate="Runnable" seed="188939093" result="Passed" start-time="2017-07-31 23:04:29Z" end-time="2017-07-31 23:04:29Z" duration="0.003044" asserts="0" />
          <test-suite type="ParameterizedMethod" id="0-1598" name="ApplyingWithoutCheckAndMateFiresMoveAppliedEvent" fullname="ChessWithTDD.Tests.BoardTests.ApplyingWithoutCheckAndMateFiresMoveAppliedEvent" classname="ChessWithTDD.Tests.BoardTests" runstate="Runnable" testcasecount="6" result="Passed" start-time="2017-07-31 23:04:29Z" end-time="2017-07-31 23:04:29Z" duration="0.030027" total="6" passed="6" failed="0" warnings="0" inconclusive="0" skipped="0" asserts="30">
            <test-case id="0-1592" name="ApplyingWithoutCheckAndMateFiresMoveAppliedEvent(1,2,3,4,False,False,False)" fullname="ChessWithTDD.Tests.BoardTests.ApplyingWithoutCheckAndMateFiresMoveAppliedEvent(1,2,3,4,False,False,False)" methodname="ApplyingWithoutCheckAndMateFiresMoveAppliedEvent" classname="ChessWithTDD.Tests.BoardTests" runstate="Runnable" seed="1872432064" result="Passed" start-time="2017-07-31 23:04:29Z" end-time="2017-07-31 23:04:29Z" duration="0.002920" asserts="5" />
            <test-case id="0-1593" name="ApplyingWithoutCheckAndMateFiresMoveAppliedEvent(1,2,3,4,False,True,False)" fullname="ChessWithTDD.Tests.BoardTests.ApplyingWithoutCheckAndMateFiresMoveAppliedEvent(1,2,3,4,False,True,False)" methodname="ApplyingWithoutCheckAndMateFiresMoveAppliedEvent" classname="ChessWithTDD.Tests.BoardTests" runstate="Runnable" seed="2049757651" result="Passed" start-time="2017-07-31 23:04:29Z" end-time="2017-07-31 23:04:29Z" duration="0.001872" asserts="5" />
            <test-case id="0-1594" name="ApplyingWithoutCheckAndMateFiresMoveAppliedEvent(1,2,3,4,False,True,True)" fullname="ChessWithTDD.Tests.BoardTests.ApplyingWithoutCheckAndMateFiresMoveAppliedEvent(1,2,3,4,False,True,True)" methodname="ApplyingWithoutCheckAndMateFiresMoveAppliedEvent" classname="ChessWithTDD.Tests.BoardTests" runstate="Runnable" seed="150439030" result="Passed" start-time="2017-07-31 23:04:29Z" end-time="2017-07-31 23:04:29Z" duration="0.001777" asserts="5" />
            <test-case id="0-1595" name="ApplyingWithoutCheckAndMateFiresMoveAppliedEvent(1,2,3,4,True,False,False)" fullname="ChessWithTDD.Tests.BoardTests.ApplyingWithoutCheckAndMateFiresMoveAppliedEvent(1,2,3,4,True,False,False)" methodname="ApplyingWithoutCheckAndMateFiresMoveAppliedEvent" classname="ChessWithTDD.Tests.BoardTests" runstate="Runnable" seed="1712899027" result="Passed" start-time="2017-07-31 23:04:29Z" end-time="2017-07-31 23:04:29Z" duration="0.001985" asserts="5" />
            <test-case id="0-1596" name="ApplyingWithoutCheckAndMateFiresMoveAppliedEvent(1,2,3,4,True,True,False)" fullname="ChessWithTDD.Tests.BoardTests.ApplyingWithoutCheckAndMateFiresMoveAppliedEvent(1,2,3,4,True,True,False)" methodname="ApplyingWithoutCheckAndMateFiresMoveAppliedEvent" classname="ChessWithTDD.Tests.BoardTests" runstate="Runnable" seed="793305949" result="Passed" start-time="2017-07-31 23:04:29Z" end-time="2017-07-31 23:04:29Z" duration="0.002458" asserts="5" />
            <test-case id="0-1597" name="ApplyingWithoutCheckAndMateFiresMoveAppliedEvent(1,2,3,4,True,True,True)" fullname="ChessWithTDD.Tests.BoardTests.ApplyingWithoutCheckAndMateFiresMoveAppliedEvent(1,2,3,4,True,True,True)" methodname="ApplyingWithoutCheckAndMateFiresMoveAppliedEvent" classname="ChessWithTDD.Tests.BoardTests" runstate="Runnable" seed="2007612791" result="Passed" start-time="2017-07-31 23:04:29Z" end-time="2017-07-31 23:04:29Z" duration="0.002004" asserts="5" />
          </test-suite>
          <test-case id="0-1591" name="ApplyingWithoutCheckAndMateIncrementsTurnCounter" fullname="ChessWithTDD.Tests.BoardTests.ApplyingWithoutCheckAndMateIncrementsTurnCounter" methodname="ApplyingWithoutCheckAndMateIncrementsTurnCounter" classname="ChessWithTDD.Tests.BoardTests" runstate="Runnable" seed="542025551" result="Passed" start-time="2017-07-31 23:04:29Z" end-time="2017-07-31 23:04:29Z" duration="0.001928" asserts="1" />
          <test-case id="0-1568" name="BoardIsInitialisedWithCorrectDimensions" fullname="ChessWithTDD.Tests.BoardTests.BoardIsInitialisedWithCorrectDimensions" methodname="BoardIsInitialisedWithCorrectDimensions" classname="ChessWithTDD.Tests.BoardTests" runstate="Runnable" seed="1689601385" result="Passed" start-time="2017-07-31 23:04:29Z" end-time="2017-07-31 23:04:29Z" duration="0.002026" asserts="1" />
          <test-case id="0-1571" name="InitialiseBoardCacheIsCalledWhenCreatingABoardInstance" fullname="ChessWithTDD.Tests.BoardTests.InitialiseBoardCacheIsCalledWhenCreatingABoardInstance" methodname="InitialiseBoardCacheIsCalledWhenCreatingABoardInstance" classname="ChessWithTDD.Tests.BoardTests" runstate="Runnable" seed="1757955084" result="Passed" start-time="2017-07-31 23:04:29Z" end-time="2017-07-31 23:04:29Z" duration="0.003293" asserts="0" />
          <test-case id="0-1570" name="InitialiseBoardIsCalledWhenCreatingABoardInstance" fullname="ChessWithTDD.Tests.BoardTests.InitialiseBoardIsCalledWhenCreatingABoardInstance" methodname="InitialiseBoardIsCalledWhenCreatingABoardInstance" classname="ChessWithTDD.Tests.BoardTests" runstate="Runnable" seed="2241051" result="Passed" start-time="2017-07-31 23:04:29Z" end-time="2017-07-31 23:04:29Z" duration="0.003123" asserts="0" />
          <test-case id="0-1575" name="MoveIsNotValidIfMoveValidatorAndPiecePassButMoveIntoCheckValidatorFails" fullname="ChessWithTDD.Tests.BoardTests.MoveIsNotValidIfMoveValidatorAndPiecePassButMoveIntoCheckValidatorFails" methodname="MoveIsNotValidIfMoveValidatorAndPiecePassButMoveIntoCheckValidatorFails" classname="ChessWithTDD.Tests.BoardTests" runstate="Runnable" seed="1844386983" result="Passed" start-time="2017-07-31 23:04:29Z" end-time="2017-07-31 23:04:29Z" duration="0.018894" asserts="1" />
          <test-case id="0-1573" name="MoveIsNotValidIfMoveValidatorReturnsFalse" fullname="ChessWithTDD.Tests.BoardTests.MoveIsNotValidIfMoveValidatorReturnsFalse" methodname="MoveIsNotValidIfMoveValidatorReturnsFalse" classname="ChessWithTDD.Tests.BoardTests" runstate="Runnable" seed="1769056661" result="Passed" start-time="2017-07-31 23:04:29Z" end-time="2017-07-31 23:04:29Z" duration="0.002189" asserts="1" />
          <test-case id="0-1574" name="MoveIsNotValidIfMoveValidatorReturnsTrueButFromSquarePieceCannotMove" fullname="ChessWithTDD.Tests.BoardTests.MoveIsNotValidIfMoveValidatorReturnsTrueButFromSquarePieceCannotMove" methodname="MoveIsNotValidIfMoveValidatorReturnsTrueButFromSquarePieceCannotMove" classname="ChessWithTDD.Tests.BoardTests" runstate="Runnable" seed="1705930781" result="Passed" start-time="2017-07-31 23:04:29Z" end-time="2017-07-31 23:04:29Z" duration="0.002437" asserts="1" />
          <test-case id="0-1576" name="MoveIsValidIfAllValidationPasses" fullname="ChessWithTDD.Tests.BoardTests.MoveIsValidIfAllValidationPasses" methodname="MoveIsValidIfAllValidationPasses" classname="ChessWithTDD.Tests.BoardTests" runstate="Runnable" seed="1050065573" result="Passed" start-time="2017-07-31 23:04:29Z" end-time="2017-07-31 23:04:29Z" duration="0.002994" asserts="1" />
          <test-case id="0-1572" name="MoveValidatorIsCalledWhenMoveIsValidIsCalled" fullname="ChessWithTDD.Tests.BoardTests.MoveValidatorIsCalledWhenMoveIsValidIsCalled" methodname="MoveValidatorIsCalledWhenMoveIsValidIsCalled" classname="ChessWithTDD.Tests.BoardTests" runstate="Runnable" seed="90543585" result="Passed" start-time="2017-07-31 23:04:29Z" end-time="2017-07-31 23:04:29Z" duration="0.003619" asserts="0" />
          <test-suite type="ParameterizedMethod" id="0-1609" name="MovingTeamKingSquareIsBlackKingOfBoardCacheForOddTurnCounters" fullname="ChessWithTDD.Tests.BoardTests.MovingTeamKingSquareIsBlackKingOfBoardCacheForOddTurnCounters" classname="ChessWithTDD.Tests.BoardTests" runstate="Runnable" testcasecount="3" result="Passed" start-time="2017-07-31 23:04:29Z" end-time="2017-07-31 23:04:29Z" duration="0.017019" total="3" passed="3" failed="0" warnings="0" inconclusive="0" skipped="0" asserts="3">
            <test-case id="0-1606" name="MovingTeamKingSquareIsBlackKingOfBoardCacheForOddTurnCounters(1)" fullname="ChessWithTDD.Tests.BoardTests.MovingTeamKingSquareIsBlackKingOfBoardCacheForOddTurnCounters(1)" methodname="MovingTeamKingSquareIsBlackKingOfBoardCacheForOddTurnCounters" classname="ChessWithTDD.Tests.BoardTests" runstate="Runnable" seed="1247928553" result="Passed" start-time="2017-07-31 23:04:29Z" end-time="2017-07-31 23:04:29Z" duration="0.003347" asserts="1" />
            <test-case id="0-1607" name="MovingTeamKingSquareIsBlackKingOfBoardCacheForOddTurnCounters(3)" fullname="ChessWithTDD.Tests.BoardTests.MovingTeamKingSquareIsBlackKingOfBoardCacheForOddTurnCounters(3)" methodname="MovingTeamKingSquareIsBlackKingOfBoardCacheForOddTurnCounters" classname="ChessWithTDD.Tests.BoardTests" runstate="Runnable" seed="338073231" result="Passed" start-time="2017-07-31 23:04:29Z" end-time="2017-07-31 23:04:29Z" duration="0.003583" asserts="1" />
            <test-case id="0-1608" name="MovingTeamKingSquareIsBlackKingOfBoardCacheForOddTurnCounters(19)" fullname="ChessWithTDD.Tests.BoardTests.MovingTeamKingSquareIsBlackKingOfBoardCacheForOddTurnCounters(19)" methodname="MovingTeamKingSquareIsBlackKingOfBoardCacheForOddTurnCounters" classname="ChessWithTDD.Tests.BoardTests" runstate="Runnable" seed="798713643" result="Passed" start-time="2017-07-31 23:04:29Z" end-time="2017-07-31 23:04:29Z" duration="0.001294" asserts="1" />
          </test-suite>
          <test-suite type="ParameterizedMethod" id="0-1613" name="MovingTeamKingSquareIsWhiteKingOfBoardCacheForEvenTurnCounters" fullname="ChessWithTDD.Tests.BoardTests.MovingTeamKingSquareIsWhiteKingOfBoardCacheForEvenTurnCounters" classname="ChessWithTDD.Tests.BoardTests" runstate="Runnable" testcasecount="3" result="Passed" start-time="2017-07-31 23:04:29Z" end-time="2017-07-31 23:04:29Z" duration="0.014049" total="3" passed="3" failed="0" warnings="0" inconclusive="0" skipped="0" asserts="3">
            <test-case id="0-1610" name="MovingTeamKingSquareIsWhiteKingOfBoardCacheForEvenTurnCounters(0)" fullname="ChessWithTDD.Tests.BoardTests.MovingTeamKingSquareIsWhiteKingOfBoardCacheForEvenTurnCounters(0)" methodname="MovingTeamKingSquareIsWhiteKingOfBoardCacheForEvenTurnCounters" classname="ChessWithTDD.Tests.BoardTests" runstate="Runnable" seed="183424070" result="Passed" start-time="2017-07-31 23:04:29Z" end-time="2017-07-31 23:04:29Z" duration="0.002675" asserts="1" />
            <test-case id="0-1611" name="MovingTeamKingSquareIsWhiteKingOfBoardCacheForEvenTurnCounters(2)" fullname="ChessWithTDD.Tests.BoardTests.MovingTeamKingSquareIsWhiteKingOfBoardCacheForEvenTurnCounters(2)" methodname="MovingTeamKingSquareIsWhiteKingOfBoardCacheForEvenTurnCounters" classname="ChessWithTDD.Tests.BoardTests" runstate="Runnable" seed="65555203" result="Passed" start-time="2017-07-31 23:04:29Z" end-time="2017-07-31 23:04:29Z" duration="0.001281" asserts="1" />
            <test-case id="0-1612" name="MovingTeamKingSquareIsWhiteKingOfBoardCacheForEvenTurnCounters(22)" fullname="ChessWithTDD.Tests.BoardTests.MovingTeamKingSquareIsWhiteKingOfBoardCacheForEvenTurnCounters(22)" methodname="MovingTeamKingSquareIsWhiteKingOfBoardCacheForEvenTurnCounters" classname="ChessWithTDD.Tests.BoardTests" runstate="Runnable" seed="116601799" result="Passed" start-time="2017-07-31 23:04:29Z" end-time="2017-07-31 23:04:29Z" duration="0.001353" asserts="1" />
          </test-suite>
          <test-suite type="ParameterizedMethod" id="0-1625" name="MovingTeamPieceSquaresIsBlackTeamOfBoardCacheForOddTurnCounters" fullname="ChessWithTDD.Tests.BoardTests.MovingTeamPieceSquaresIsBlackTeamOfBoardCacheForOddTurnCounters" classname="ChessWithTDD.Tests.BoardTests" runstate="Runnable" testcasecount="3" result="Passed" start-time="2017-07-31 23:04:29Z" end-time="2017-07-31 23:04:29Z" duration="0.035586" total="3" passed="3" failed="0" warnings="0" inconclusive="0" skipped="0" asserts="3">
            <test-case id="0-1622" name="MovingTeamPieceSquaresIsBlackTeamOfBoardCacheForOddTurnCounters(1)" fullname="ChessWithTDD.Tests.BoardTests.MovingTeamPieceSquaresIsBlackTeamOfBoardCacheForOddTurnCounters(1)" methodname="MovingTeamPieceSquaresIsBlackTeamOfBoardCacheForOddTurnCounters" classname="ChessWithTDD.Tests.BoardTests" runstate="Runnable" seed="284552503" result="Passed" start-time="2017-07-31 23:04:29Z" end-time="2017-07-31 23:04:29Z" duration="0.023962" asserts="1" />
            <test-case id="0-1623" name="MovingTeamPieceSquaresIsBlackTeamOfBoardCacheForOddTurnCounters(3)" fullname="ChessWithTDD.Tests.BoardTests.MovingTeamPieceSquaresIsBlackTeamOfBoardCacheForOddTurnCounters(3)" methodname="MovingTeamPieceSquaresIsBlackTeamOfBoardCacheForOddTurnCounters" classname="ChessWithTDD.Tests.BoardTests" runstate="Runnable" seed="2011305785" result="Passed" start-time="2017-07-31 23:04:29Z" end-time="2017-07-31 23:04:29Z" duration="0.001422" asserts="1" />
            <test-case id="0-1624" name="MovingTeamPieceSquaresIsBlackTeamOfBoardCacheForOddTurnCounters(19)" fullname="ChessWithTDD.Tests.BoardTests.MovingTeamPieceSquaresIsBlackTeamOfBoardCacheForOddTurnCounters(19)" methodname="MovingTeamPieceSquaresIsBlackTeamOfBoardCacheForOddTurnCounters" classname="ChessWithTDD.Tests.BoardTests" runstate="Runnable" seed="1864689278" result="Passed" start-time="2017-07-31 23:04:29Z" end-time="2017-07-31 23:04:29Z" duration="0.001300" asserts="1" />
          </test-suite>
          <test-suite type="ParameterizedMethod" id="0-1629" name="MovingTeamPieceSquaresIsWhiteTeamOfBoardCacheForEvenTurnCounters" fullname="ChessWithTDD.Tests.BoardTests.MovingTeamPieceSquaresIsWhiteTeamOfBoardCacheForEvenTurnCounters" classname="ChessWithTDD.Tests.BoardTests" runstate="Runnable" testcasecount="3" result="Passed" start-time="2017-07-31 23:04:29Z" end-time="2017-07-31 23:04:29Z" duration="0.014524" total="3" passed="3" failed="0" warnings="0" inconclusive="0" skipped="0" asserts="3">
            <test-case id="0-1626" name="MovingTeamPieceSquaresIsWhiteTeamOfBoardCacheForEvenTurnCounters(0)" fullname="ChessWithTDD.Tests.BoardTests.MovingTeamPieceSquaresIsWhiteTeamOfBoardCacheForEvenTurnCounters(0)" methodname="MovingTeamPieceSquaresIsWhiteTeamOfBoardCacheForEvenTurnCounters" classname="ChessWithTDD.Tests.BoardTests" runstate="Runnable" seed="408997432" result="Passed" start-time="2017-07-31 23:04:29Z" end-time="2017-07-31 23:04:29Z" duration="0.002494" asserts="1" />
            <test-case id="0-1627" name="MovingTeamPieceSquaresIsWhiteTeamOfBoardCacheForEvenTurnCounters(2)" fullname="ChessWithTDD.Tests.BoardTests.MovingTeamPieceSquaresIsWhiteTeamOfBoardCacheForEvenTurnCounters(2)" methodname="MovingTeamPieceSquaresIsWhiteTeamOfBoardCacheForEvenTurnCounters" classname="ChessWithTDD.Tests.BoardTests" runstate="Runnable" seed="720516820" result="Passed" start-time="2017-07-31 23:04:29Z" end-time="2017-07-31 23:04:29Z" duration="0.001237" asserts="1" />
            <test-case id="0-1628" name="MovingTeamPieceSquaresIsWhiteTeamOfBoardCacheForEvenTurnCounters(22)" fullname="ChessWithTDD.Tests.BoardTests.MovingTeamPieceSquaresIsWhiteTeamOfBoardCacheForEvenTurnCounters(22)" methodname="MovingTeamPieceSquaresIsWhiteTeamOfBoardCacheForEvenTurnCounters" classname="ChessWithTDD.Tests.BoardTests" runstate="Runnable" seed="1933904890" result="Passed" start-time="2017-07-31 23:04:29Z" end-time="2017-07-31 23:04:29Z" duration="0.001522" asserts="1" />
          </test-suite>
          <test-suite type="ParameterizedMethod" id="0-1617" name="OtherTeamKingSquareIsBlackKingOfBoardCacheForEvenTurnCounters" fullname="ChessWithTDD.Tests.BoardTests.OtherTeamKingSquareIsBlackKingOfBoardCacheForEvenTurnCounters" classname="ChessWithTDD.Tests.BoardTests" runstate="Runnable" testcasecount="3" result="Passed" start-time="2017-07-31 23:04:29Z" end-time="2017-07-31 23:04:29Z" duration="0.014511" total="3" passed="3" failed="0" warnings="0" inconclusive="0" skipped="0" asserts="3">
            <test-case id="0-1614" name="OtherTeamKingSquareIsBlackKingOfBoardCacheForEvenTurnCounters(0)" fullname="ChessWithTDD.Tests.BoardTests.OtherTeamKingSquareIsBlackKingOfBoardCacheForEvenTurnCounters(0)" methodname="OtherTeamKingSquareIsBlackKingOfBoardCacheForEvenTurnCounters" classname="ChessWithTDD.Tests.BoardTests" runstate="Runnable" seed="1197180403" result="Passed" start-time="2017-07-31 23:04:29Z" end-time="2017-07-31 23:04:29Z" duration="0.002551" asserts="1" />
            <test-case id="0-1615" name="OtherTeamKingSquareIsBlackKingOfBoardCacheForEvenTurnCounters(2)" fullname="ChessWithTDD.Tests.BoardTests.OtherTeamKingSquareIsBlackKingOfBoardCacheForEvenTurnCounters(2)" methodname="OtherTeamKingSquareIsBlackKingOfBoardCacheForEvenTurnCounters" classname="ChessWithTDD.Tests.BoardTests" runstate="Runnable" seed="40144298" result="Passed" start-time="2017-07-31 23:04:29Z" end-time="2017-07-31 23:04:29Z" duration="0.001308" asserts="1" />
            <test-case id="0-1616" name="OtherTeamKingSquareIsBlackKingOfBoardCacheForEvenTurnCounters(22)" fullname="ChessWithTDD.Tests.BoardTests.OtherTeamKingSquareIsBlackKingOfBoardCacheForEvenTurnCounters(22)" methodname="OtherTeamKingSquareIsBlackKingOfBoardCacheForEvenTurnCounters" classname="ChessWithTDD.Tests.BoardTests" runstate="Runnable" seed="1238512840" result="Passed" start-time="2017-07-31 23:04:29Z" end-time="2017-07-31 23:04:29Z" duration="0.001662" asserts="1" />
          </test-suite>
          <test-suite type="ParameterizedMethod" id="0-1621" name="OtherTeamKingSquareIsWhiteKingOfBoardCacheForOddTurnCounters" fullname="ChessWithTDD.Tests.BoardTests.OtherTeamKingSquareIsWhiteKingOfBoardCacheForOddTurnCounters" classname="ChessWithTDD.Tests.BoardTests" runstate="Runnable" testcasecount="3" result="Passed" start-time="2017-07-31 23:04:29Z" end-time="2017-07-31 23:04:29Z" duration="0.014014" total="3" passed="3" failed="0" warnings="0" inconclusive="0" skipped="0" asserts="3">
            <test-case id="0-1618" name="OtherTeamKingSquareIsWhiteKingOfBoardCacheForOddTurnCounters(1)" fullname="ChessWithTDD.Tests.BoardTests.OtherTeamKingSquareIsWhiteKingOfBoardCacheForOddTurnCounters(1)" methodname="OtherTeamKingSquareIsWhiteKingOfBoardCacheForOddTurnCounters" classname="ChessWithTDD.Tests.BoardTests" runstate="Runnable" seed="2023392702" result="Passed" start-time="2017-07-31 23:04:29Z" end-time="2017-07-31 23:04:29Z" duration="0.002120" asserts="1" />
            <test-case id="0-1619" name="OtherTeamKingSquareIsWhiteKingOfBoardCacheForOddTurnCounters(3)" fullname="ChessWithTDD.Tests.BoardTests.OtherTeamKingSquareIsWhiteKingOfBoardCacheForOddTurnCounters(3)" methodname="OtherTeamKingSquareIsWhiteKingOfBoardCacheForOddTurnCounters" classname="ChessWithTDD.Tests.BoardTests" runstate="Runnable" seed="978041894" result="Passed" start-time="2017-07-31 23:04:29Z" end-time="2017-07-31 23:04:29Z" duration="0.001371" asserts="1" />
            <test-case id="0-1620" name="OtherTeamKingSquareIsWhiteKingOfBoardCacheForOddTurnCounters(19)" fullname="ChessWithTDD.Tests.BoardTests.OtherTeamKingSquareIsWhiteKingOfBoardCacheForOddTurnCounters(19)" methodname="OtherTeamKingSquareIsWhiteKingOfBoardCacheForOddTurnCounters" classname="ChessWithTDD.Tests.BoardTests" runstate="Runnable" seed="1391827200" result="Passed" start-time="2017-07-31 23:04:29Z" end-time="2017-07-31 23:04:29Z" duration="0.001531" asserts="1" />
          </test-suite>
          <test-suite type="ParameterizedMethod" id="0-1633" name="OtherTeamPieceSquaresIsBlackTeamOfBoardCacheForEvenTurnCounters" fullname="ChessWithTDD.Tests.BoardTests.OtherTeamPieceSquaresIsBlackTeamOfBoardCacheForEvenTurnCounters" classname="ChessWithTDD.Tests.BoardTests" runstate="Runnable" testcasecount="3" result="Passed" start-time="2017-07-31 23:04:29Z" end-time="2017-07-31 23:04:29Z" duration="0.014481" total="3" passed="3" failed="0" warnings="0" inconclusive="0" skipped="0" asserts="3">
            <test-case id="0-1630" name="OtherTeamPieceSquaresIsBlackTeamOfBoardCacheForEvenTurnCounters(0)" fullname="ChessWithTDD.Tests.BoardTests.OtherTeamPieceSquaresIsBlackTeamOfBoardCacheForEvenTurnCounters(0)" methodname="OtherTeamPieceSquaresIsBlackTeamOfBoardCacheForEvenTurnCounters" classname="ChessWithTDD.Tests.BoardTests" runstate="Runnable" seed="327400231" result="Passed" start-time="2017-07-31 23:04:29Z" end-time="2017-07-31 23:04:29Z" duration="0.002612" asserts="1" />
            <test-case id="0-1631" name="OtherTeamPieceSquaresIsBlackTeamOfBoardCacheForEvenTurnCounters(2)" fullname="ChessWithTDD.Tests.BoardTests.OtherTeamPieceSquaresIsBlackTeamOfBoardCacheForEvenTurnCounters(2)" methodname="OtherTeamPieceSquaresIsBlackTeamOfBoardCacheForEvenTurnCounters" classname="ChessWithTDD.Tests.BoardTests" runstate="Runnable" seed="1024582847" result="Passed" start-time="2017-07-31 23:04:29Z" end-time="2017-07-31 23:04:29Z" duration="0.001469" asserts="1" />
            <test-case id="0-1632" name="OtherTeamPieceSquaresIsBlackTeamOfBoardCacheForEvenTurnCounters(22)" fullname="ChessWithTDD.Tests.BoardTests.OtherTeamPieceSquaresIsBlackTeamOfBoardCacheForEvenTurnCounters(22)" methodname="OtherTeamPieceSquaresIsBlackTeamOfBoardCacheForEvenTurnCounters" classname="ChessWithTDD.Tests.BoardTests" runstate="Runnable" seed="1056265223" result="Passed" start-time="2017-07-31 23:04:29Z" end-time="2017-07-31 23:04:29Z" duration="0.001388" asserts="1" />
          </test-suite>
          <test-suite type="ParameterizedMethod" id="0-1637" name="OtherTeamPieceSquaresIsWhiteTeamOfBoardCacheForOddTurnCounters" fullname="ChessWithTDD.Tests.BoardTests.OtherTeamPieceSquaresIsWhiteTeamOfBoardCacheForOddTurnCounters" classname="ChessWithTDD.Tests.BoardTests" runstate="Runnable" testcasecount="3" result="Passed" start-time="2017-07-31 23:04:29Z" end-time="2017-07-31 23:04:29Z" duration="0.014024" total="3" passed="3" failed="0" warnings="0" inconclusive="0" skipped="0" asserts="3">
            <test-case id="0-1634" name="OtherTeamPieceSquaresIsWhiteTeamOfBoardCacheForOddTurnCounters(1)" fullname="ChessWithTDD.Tests.BoardTests.OtherTeamPieceSquaresIsWhiteTeamOfBoardCacheForOddTurnCounters(1)" methodname="OtherTeamPieceSquaresIsWhiteTeamOfBoardCacheForOddTurnCounters" classname="ChessWithTDD.Tests.BoardTests" runstate="Runnable" seed="745236295" result="Passed" start-time="2017-07-31 23:04:29Z" end-time="2017-07-31 23:04:29Z" duration="0.002225" asserts="1" />
            <test-case id="0-1635" name="OtherTeamPieceSquaresIsWhiteTeamOfBoardCacheForOddTurnCounters(3)" fullname="ChessWithTDD.Tests.BoardTests.OtherTeamPieceSquaresIsWhiteTeamOfBoardCacheForOddTurnCounters(3)" methodname="OtherTeamPieceSquaresIsWhiteTeamOfBoardCacheForOddTurnCounters" classname="ChessWithTDD.Tests.BoardTests" runstate="Runnable" seed="578306311" result="Passed" start-time="2017-07-31 23:04:29Z" end-time="2017-07-31 23:04:29Z" duration="0.001284" asserts="1" />
            <test-case id="0-1636" name="OtherTeamPieceSquaresIsWhiteTeamOfBoardCacheForOddTurnCounters(19)" fullname="ChessWithTDD.Tests.BoardTests.OtherTeamPieceSquaresIsWhiteTeamOfBoardCacheForOddTurnCounters(19)" methodname="OtherTeamPieceSquaresIsWhiteTeamOfBoardCacheForOddTurnCounters" classname="ChessWithTDD.Tests.BoardTests" runstate="Runnable" seed="387711923" result="Passed" start-time="2017-07-31 23:04:29Z" end-time="2017-07-31 23:04:29Z" duration="0.001320" asserts="1" />
          </test-suite>
          <test-case id="0-1569" name="SquareAtPositionFiveSixOnBoardHasRowFiveAndColSix" fullname="ChessWithTDD.Tests.BoardTests.SquareAtPositionFiveSixOnBoardHasRowFiveAndColSix" methodname="SquareAtPositionFiveSixOnBoardHasRowFiveAndColSix" classname="ChessWithTDD.Tests.BoardTests" runstate="Runnable" seed="1050149696" result="Passed" start-time="2017-07-31 23:04:29Z" end-time="2017-07-31 23:04:29Z" duration="0.001366" asserts="1" />
          <test-suite type="ParameterizedMethod" id="0-1645" name="TeamWithTurnIsBlackForOddTurnCounters" fullname="ChessWithTDD.Tests.BoardTests.TeamWithTurnIsBlackForOddTurnCounters" classname="ChessWithTDD.Tests.BoardTests" runstate="Runnable" testcasecount="3" result="Passed" start-time="2017-07-31 23:04:29Z" end-time="2017-07-31 23:04:29Z" duration="0.014017" total="3" passed="3" failed="0" warnings="0" inconclusive="0" skipped="0" asserts="3">
            <test-case id="0-1642" name="TeamWithTurnIsBlackForOddTurnCounters(1)" fullname="ChessWithTDD.Tests.BoardTests.TeamWithTurnIsBlackForOddTurnCounters(1)" methodname="TeamWithTurnIsBlackForOddTurnCounters" classname="ChessWithTDD.Tests.BoardTests" runstate="Runnable" seed="1847883060" result="Passed" start-time="2017-07-31 23:04:29Z" end-time="2017-07-31 23:04:29Z" duration="0.001600" asserts="1" />
            <test-case id="0-1643" name="TeamWithTurnIsBlackForOddTurnCounters(3)" fullname="ChessWithTDD.Tests.BoardTests.TeamWithTurnIsBlackForOddTurnCounters(3)" methodname="TeamWithTurnIsBlackForOddTurnCounters" classname="ChessWithTDD.Tests.BoardTests" runstate="Runnable" seed="1204072794" result="Passed" start-time="2017-07-31 23:04:29Z" end-time="2017-07-31 23:04:29Z" duration="0.001114" asserts="1" />
            <test-case id="0-1644" name="TeamWithTurnIsBlackForOddTurnCounters(19)" fullname="ChessWithTDD.Tests.BoardTests.TeamWithTurnIsBlackForOddTurnCounters(19)" methodname="TeamWithTurnIsBlackForOddTurnCounters" classname="ChessWithTDD.Tests.BoardTests" runstate="Runnable" seed="775372364" result="Passed" start-time="2017-07-31 23:04:29Z" end-time="2017-07-31 23:04:29Z" duration="0.001227" asserts="1" />
          </test-suite>
          <test-suite type="ParameterizedMethod" id="0-1641" name="TeamWithTurnIsWhiteForEvenTurnCounters" fullname="ChessWithTDD.Tests.BoardTests.TeamWithTurnIsWhiteForEvenTurnCounters" classname="ChessWithTDD.Tests.BoardTests" runstate="Runnable" testcasecount="3" result="Passed" start-time="2017-07-31 23:04:29Z" end-time="2017-07-31 23:04:29Z" duration="0.013026" total="3" passed="3" failed="0" warnings="0" inconclusive="0" skipped="0" asserts="3">
            <test-case id="0-1638" name="TeamWithTurnIsWhiteForEvenTurnCounters(0)" fullname="ChessWithTDD.Tests.BoardTests.TeamWithTurnIsWhiteForEvenTurnCounters(0)" methodname="TeamWithTurnIsWhiteForEvenTurnCounters" classname="ChessWithTDD.Tests.BoardTests" runstate="Runnable" seed="716943120" result="Passed" start-time="2017-07-31 23:04:29Z" end-time="2017-07-31 23:04:29Z" duration="0.001339" asserts="1" />
            <test-case id="0-1639" name="TeamWithTurnIsWhiteForEvenTurnCounters(2)" fullname="ChessWithTDD.Tests.BoardTests.TeamWithTurnIsWhiteForEvenTurnCounters(2)" methodname="TeamWithTurnIsWhiteForEvenTurnCounters" classname="ChessWithTDD.Tests.BoardTests" runstate="Runnable" seed="619551489" result="Passed" start-time="2017-07-31 23:04:29Z" end-time="2017-07-31 23:04:29Z" duration="0.001077" asserts="1" />
            <test-case id="0-1640" name="TeamWithTurnIsWhiteForEvenTurnCounters(22)" fullname="ChessWithTDD.Tests.BoardTests.TeamWithTurnIsWhiteForEvenTurnCounters(22)" methodname="TeamWithTurnIsWhiteForEvenTurnCounters" classname="ChessWithTDD.Tests.BoardTests" runstate="Runnable" seed="1558978308" result="Passed" start-time="2017-07-31 23:04:29Z" end-time="2017-07-31 23:04:29Z" duration="0.001063" asserts="1" />
          </test-suite>
          <test-suite type="ParameterizedMethod" id="0-1603" name="TestOrderingOfCallsInApplyMethod" fullname="ChessWithTDD.Tests.BoardTests.TestOrderingOfCallsInApplyMethod" classname="ChessWithTDD.Tests.BoardTests" runstate="Runnable" testcasecount="1" result="Passed" start-time="2017-07-31 23:04:29Z" end-time="2017-07-31 23:04:29Z" duration="0.010488" total="1" passed="1" failed="0" warnings="0" inconclusive="0" skipped="0" asserts="3">
            <test-case id="0-1602" name="TestOrderingOfCallsInApplyMethod(1,2,3,4,True,True,True)" fullname="ChessWithTDD.Tests.BoardTests.TestOrderingOfCallsInApplyMethod(1,2,3,4,True,True,True)" methodname="TestOrderingOfCallsInApplyMethod" classname="ChessWithTDD.Tests.BoardTests" runstate="Runnable" seed="1659534806" result="Passed" start-time="2017-07-31 23:04:29Z" end-time="2017-07-31 23:04:29Z" duration="0.007465" asserts="3" />
          </test-suite>
          <test-suite type="ParameterizedMethod" id="0-1605" name="TestOrderingOfCallsInApplyWithoutCheckAndMateMethod" fullname="ChessWithTDD.Tests.BoardTests.TestOrderingOfCallsInApplyWithoutCheckAndMateMethod" classname="ChessWithTDD.Tests.BoardTests" runstate="Runnable" testcasecount="1" result="Passed" start-time="2017-07-31 23:04:29Z" end-time="2017-07-31 23:04:29Z" duration="0.006998" total="1" passed="1" failed="0" warnings="0" inconclusive="0" skipped="0" asserts="3">
            <test-case id="0-1604" name="TestOrderingOfCallsInApplyWithoutCheckAndMateMethod(1,2,3,4,True,True,True)" fullname="ChessWithTDD.Tests.BoardTests.TestOrderingOfCallsInApplyWithoutCheckAndMateMethod(1,2,3,4,True,True,True)" methodname="TestOrderingOfCallsInApplyWithoutCheckAndMateMethod" classname="ChessWithTDD.Tests.BoardTests" runstate="Runnable" seed="2016066979" result="Passed" start-time="2017-07-31 23:04:29Z" end-time="2017-07-31 23:04:29Z" duration="0.004007" asserts="3" />
          </test-suite>
          <test-case id="0-1577" name="TestOrderingOfCallsInMoveIsValidMethod" fullname="ChessWithTDD.Tests.BoardTests.TestOrderingOfCallsInMoveIsValidMethod" methodname="TestOrderingOfCallsInMoveIsValidMethod" classname="ChessWithTDD.Tests.BoardTests" runstate="Runnable" seed="605819620" result="Passed" start-time="2017-07-31 23:04:29Z" end-time="2017-07-31 23:04:29Z" duration="0.004219" asserts="3" />
        </test-suite>
        <test-suite type="TestFixture" id="0-1026" name="CheckManagerTests" fullname="ChessWithTDD.Tests.CheckManagerTests" classname="ChessWithTDD.Tests.CheckManagerTests" runstate="Runnable" testcasecount="8" result="Passed" start-time="2017-07-31 23:04:29Z" end-time="2017-07-31 23:04:29Z" duration="0.067289" total="8" passed="8" failed="0" warnings="0" inconclusive="0" skipped="0" asserts="0">
          <test-case id="0-1031" name="IfBlackPieceMovedToCheckTheWhiteKingThenBoardAndWhiteKingPutInCheckState" fullname="ChessWithTDD.Tests.CheckManagerTests.IfBlackPieceMovedToCheckTheWhiteKingThenBoardAndWhiteKingPutInCheckState" methodname="IfBlackPieceMovedToCheckTheWhiteKingThenBoardAndWhiteKingPutInCheckState" classname="ChessWithTDD.Tests.CheckManagerTests" runstate="Runnable" seed="707970181" result="Passed" start-time="2017-07-31 23:04:29Z" end-time="2017-07-31 23:04:29Z" duration="0.018397" asserts="0" />
          <test-suite type="ParameterizedMethod" id="0-1034" name="IfBlackPieceMovedToCheckTheWhiteKingThenCheckMateManagerCalledAndBoardCheckMateStateSetToValue" fullname="ChessWithTDD.Tests.CheckManagerTests.IfBlackPieceMovedToCheckTheWhiteKingThenCheckMateManagerCalledAndBoardCheckMateStateSetToValue" classname="ChessWithTDD.Tests.CheckManagerTests" runstate="Runnable" testcasecount="2" result="Passed" start-time="2017-07-31 23:04:29Z" end-time="2017-07-31 23:04:29Z" duration="0.010399" total="2" passed="2" failed="0" warnings="0" inconclusive="0" skipped="0" asserts="0">
            <test-case id="0-1032" name="IfBlackPieceMovedToCheckTheWhiteKingThenCheckMateManagerCalledAndBoardCheckMateStateSetToValue(True)" fullname="ChessWithTDD.Tests.CheckManagerTests.IfBlackPieceMovedToCheckTheWhiteKingThenCheckMateManagerCalledAndBoardCheckMateStateSetToValue(True)" methodname="IfBlackPieceMovedToCheckTheWhiteKingThenCheckMateManagerCalledAndBoardCheckMateStateSetToValue" classname="ChessWithTDD.Tests.CheckManagerTests" runstate="Runnable" seed="1854459366" result="Passed" start-time="2017-07-31 23:04:29Z" end-time="2017-07-31 23:04:29Z" duration="0.003817" asserts="0" />
            <test-case id="0-1033" name="IfBlackPieceMovedToCheckTheWhiteKingThenCheckMateManagerCalledAndBoardCheckMateStateSetToValue(False)" fullname="ChessWithTDD.Tests.CheckManagerTests.IfBlackPieceMovedToCheckTheWhiteKingThenCheckMateManagerCalledAndBoardCheckMateStateSetToValue(False)" methodname="IfBlackPieceMovedToCheckTheWhiteKingThenCheckMateManagerCalledAndBoardCheckMateStateSetToValue" classname="ChessWithTDD.Tests.CheckManagerTests" runstate="Runnable" seed="463442449" result="Passed" start-time="2017-07-31 23:04:29Z" end-time="2017-07-31 23:04:29Z" duration="0.001406" asserts="0" />
          </test-suite>
          <test-case id="0-1036" name="IfBoardAndBlackKingInCheckStateRemoveCheckStates" fullname="ChessWithTDD.Tests.CheckManagerTests.IfBoardAndBlackKingInCheckStateRemoveCheckStates" methodname="IfBoardAndBlackKingInCheckStateRemoveCheckStates" classname="ChessWithTDD.Tests.CheckManagerTests" runstate="Runnable" seed="270232658" result="Passed" start-time="2017-07-31 23:04:29Z" end-time="2017-07-31 23:04:29Z" duration="0.003991" asserts="0" />
          <test-case id="0-1035" name="IfBoardAndWhiteKingInCheckStateRemoveCheckStates" fullname="ChessWithTDD.Tests.CheckManagerTests.IfBoardAndWhiteKingInCheckStateRemoveCheckStates" methodname="IfBoardAndWhiteKingInCheckStateRemoveCheckStates" classname="ChessWithTDD.Tests.CheckManagerTests" runstate="Runnable" seed="471806932" result="Passed" start-time="2017-07-31 23:04:29Z" end-time="2017-07-31 23:04:29Z" duration="0.002841" asserts="0" />
          <test-case id="0-1027" name="IfWhitePieceMovedToCheckTheBlackKingThenBoardAndBlackKingPutInCheckState" fullname="ChessWithTDD.Tests.CheckManagerTests.IfWhitePieceMovedToCheckTheBlackKingThenBoardAndBlackKingPutInCheckState" methodname="IfWhitePieceMovedToCheckTheBlackKingThenBoardAndBlackKingPutInCheckState" classname="ChessWithTDD.Tests.CheckManagerTests" runstate="Runnable" seed="1357647899" result="Passed" start-time="2017-07-31 23:04:29Z" end-time="2017-07-31 23:04:29Z" duration="0.003607" asserts="0" />
          <test-suite type="ParameterizedMethod" id="0-1030" name="IfWhitePieceMovedToCheckTheBlackKingThenCheckMateManagerCalledAndBoardCheckMateStateSetToValue" fullname="ChessWithTDD.Tests.CheckManagerTests.IfWhitePieceMovedToCheckTheBlackKingThenCheckMateManagerCalledAndBoardCheckMateStateSetToValue" classname="ChessWithTDD.Tests.CheckManagerTests" runstate="Runnable" testcasecount="2" result="Passed" start-time="2017-07-31 23:04:29Z" end-time="2017-07-31 23:04:29Z" duration="0.009997" total="2" passed="2" failed="0" warnings="0" inconclusive="0" skipped="0" asserts="0">
            <test-case id="0-1028" name="IfWhitePieceMovedToCheckTheBlackKingThenCheckMateManagerCalledAndBoardCheckMateStateSetToValue(True)" fullname="ChessWithTDD.Tests.CheckManagerTests.IfWhitePieceMovedToCheckTheBlackKingThenCheckMateManagerCalledAndBoardCheckMateStateSetToValue(True)" methodname="IfWhitePieceMovedToCheckTheBlackKingThenCheckMateManagerCalledAndBoardCheckMateStateSetToValue" classname="ChessWithTDD.Tests.CheckManagerTests" runstate="Runnable" seed="620212808" result="Passed" start-time="2017-07-31 23:04:29Z" end-time="2017-07-31 23:04:29Z" duration="0.002957" asserts="0" />
            <test-case id="0-1029" name="IfWhitePieceMovedToCheckTheBlackKingThenCheckMateManagerCalledAndBoardCheckMateStateSetToValue(False)" fullname="ChessWithTDD.Tests.CheckManagerTests.IfWhitePieceMovedToCheckTheBlackKingThenCheckMateManagerCalledAndBoardCheckMateStateSetToValue(False)" methodname="IfWhitePieceMovedToCheckTheBlackKingThenCheckMateManagerCalledAndBoardCheckMateStateSetToValue" classname="ChessWithTDD.Tests.CheckManagerTests" runstate="Runnable" seed="1220507193" result="Passed" start-time="2017-07-31 23:04:29Z" end-time="2017-07-31 23:04:29Z" duration="0.001297" asserts="0" />
          </test-suite>
        </test-suite>
        <test-suite type="TestFixture" id="0-1037" name="CheckMateEscapeManagerTests" fullname="ChessWithTDD.Tests.CheckMateEscapeManagerTests" classname="ChessWithTDD.Tests.CheckMateEscapeManagerTests" runstate="Runnable" testcasecount="41" result="Passed" start-time="2017-07-31 23:04:29Z" end-time="2017-07-31 23:04:29Z" duration="0.233020" total="41" passed="41" failed="0" warnings="0" inconclusive="0" skipped="0" asserts="41">
          <test-case id="0-1048" name="IfAFriendlySquareCanTakeTheThreateningPieceReturnTrue" fullname="ChessWithTDD.Tests.CheckMateEscapeManagerTests.IfAFriendlySquareCanTakeTheThreateningPieceReturnTrue" methodname="IfAFriendlySquareCanTakeTheThreateningPieceReturnTrue" classname="ChessWithTDD.Tests.CheckMateEscapeManagerTests" runstate="Runnable" seed="1101056619" result="Passed" start-time="2017-07-31 23:04:29Z" end-time="2017-07-31 23:04:29Z" duration="0.001980" asserts="1" />
          <test-suite type="ParameterizedMethod" id="0-1073" name="IfFriendlyPieceCanInterceptThreateningPieceThenReturnTrue" fullname="ChessWithTDD.Tests.CheckMateEscapeManagerTests.IfFriendlyPieceCanInterceptThreateningPieceThenReturnTrue" classname="ChessWithTDD.Tests.CheckMateEscapeManagerTests" runstate="Runnable" testcasecount="8" result="Passed" start-time="2017-07-31 23:04:29Z" end-time="2017-07-31 23:04:29Z" duration="0.051015" total="8" passed="8" failed="0" warnings="0" inconclusive="0" skipped="0" asserts="8">
            <test-case id="0-1065" name="IfFriendlyPieceCanInterceptThreateningPieceThenReturnTrue(3,2,3,7,3,5)" fullname="ChessWithTDD.Tests.CheckMateEscapeManagerTests.IfFriendlyPieceCanInterceptThreateningPieceThenReturnTrue(3,2,3,7,3,5)" methodname="IfFriendlyPieceCanInterceptThreateningPieceThenReturnTrue" classname="ChessWithTDD.Tests.CheckMateEscapeManagerTests" runstate="Runnable" seed="774643165" result="Passed" start-time="2017-07-31 23:04:29Z" end-time="2017-07-31 23:04:29Z" duration="0.004597" asserts="1" />
            <test-case id="0-1066" name="IfFriendlyPieceCanInterceptThreateningPieceThenReturnTrue(3,6,3,0,3,2)" fullname="ChessWithTDD.Tests.CheckMateEscapeManagerTests.IfFriendlyPieceCanInterceptThreateningPieceThenReturnTrue(3,6,3,0,3,2)" methodname="IfFriendlyPieceCanInterceptThreateningPieceThenReturnTrue" classname="ChessWithTDD.Tests.CheckMateEscapeManagerTests" runstate="Runnable" seed="1902124416" result="Passed" start-time="2017-07-31 23:04:29Z" end-time="2017-07-31 23:04:29Z" duration="0.003109" asserts="1" />
            <test-case id="0-1067" name="IfFriendlyPieceCanInterceptThreateningPieceThenReturnTrue(2,2,6,2,4,2)" fullname="ChessWithTDD.Tests.CheckMateEscapeManagerTests.IfFriendlyPieceCanInterceptThreateningPieceThenReturnTrue(2,2,6,2,4,2)" methodname="IfFriendlyPieceCanInterceptThreateningPieceThenReturnTrue" classname="ChessWithTDD.Tests.CheckMateEscapeManagerTests" runstate="Runnable" seed="450717310" result="Passed" start-time="2017-07-31 23:04:29Z" end-time="2017-07-31 23:04:29Z" duration="0.003666" asserts="1" />
            <test-case id="0-1068" name="IfFriendlyPieceCanInterceptThreateningPieceThenReturnTrue(5,2,2,2,3,2)" fullname="ChessWithTDD.Tests.CheckMateEscapeManagerTests.IfFriendlyPieceCanInterceptThreateningPieceThenReturnTrue(5,2,2,2,3,2)" methodname="IfFriendlyPieceCanInterceptThreateningPieceThenReturnTrue" classname="ChessWithTDD.Tests.CheckMateEscapeManagerTests" runstate="Runnable" seed="1652805252" result="Passed" start-time="2017-07-31 23:04:29Z" end-time="2017-07-31 23:04:29Z" duration="0.002879" asserts="1" />
            <test-case id="0-1069" name="IfFriendlyPieceCanInterceptThreateningPieceThenReturnTrue(2,5,5,2,4,3)" fullname="ChessWithTDD.Tests.CheckMateEscapeManagerTests.IfFriendlyPieceCanInterceptThreateningPieceThenReturnTrue(2,5,5,2,4,3)" methodname="IfFriendlyPieceCanInterceptThreateningPieceThenReturnTrue" classname="ChessWithTDD.Tests.CheckMateEscapeManagerTests" runstate="Runnable" seed="1987947646" result="Passed" start-time="2017-07-31 23:04:29Z" end-time="2017-07-31 23:04:29Z" duration="0.003129" asserts="1" />
            <test-case id="0-1070" name="IfFriendlyPieceCanInterceptThreateningPieceThenReturnTrue(2,3,5,6,4,5)" fullname="ChessWithTDD.Tests.CheckMateEscapeManagerTests.IfFriendlyPieceCanInterceptThreateningPieceThenReturnTrue(2,3,5,6,4,5)" methodname="IfFriendlyPieceCanInterceptThreateningPieceThenReturnTrue" classname="ChessWithTDD.Tests.CheckMateEscapeManagerTests" runstate="Runnable" seed="1554984717" result="Passed" start-time="2017-07-31 23:04:29Z" end-time="2017-07-31 23:04:29Z" duration="0.002994" asserts="1" />
            <test-case id="0-1071" name="IfFriendlyPieceCanInterceptThreateningPieceThenReturnTrue(5,5,2,2,3,3)" fullname="ChessWithTDD.Tests.CheckMateEscapeManagerTests.IfFriendlyPieceCanInterceptThreateningPieceThenReturnTrue(5,5,2,2,3,3)" methodname="IfFriendlyPieceCanInterceptThreateningPieceThenReturnTrue" classname="ChessWithTDD.Tests.CheckMateEscapeManagerTests" runstate="Runnable" seed="249427531" result="Passed" start-time="2017-07-31 23:04:29Z" end-time="2017-07-31 23:04:29Z" duration="0.003168" asserts="1" />
            <test-case id="0-1072" name="IfFriendlyPieceCanInterceptThreateningPieceThenReturnTrue(5,2,2,5,3,4)" fullname="ChessWithTDD.Tests.CheckMateEscapeManagerTests.IfFriendlyPieceCanInterceptThreateningPieceThenReturnTrue(5,2,2,5,3,4)" methodname="IfFriendlyPieceCanInterceptThreateningPieceThenReturnTrue" classname="ChessWithTDD.Tests.CheckMateEscapeManagerTests" runstate="Runnable" seed="1824420541" result="Passed" start-time="2017-07-31 23:04:29Z" end-time="2017-07-31 23:04:29Z" duration="0.003155" asserts="1" />
          </test-suite>
          <test-suite type="ParameterizedMethod" id="0-1085" name="IfKingSquareAdjacentToThreateningSquareThenReturnFalse" fullname="ChessWithTDD.Tests.CheckMateEscapeManagerTests.IfKingSquareAdjacentToThreateningSquareThenReturnFalse" classname="ChessWithTDD.Tests.CheckMateEscapeManagerTests" runstate="Runnable" testcasecount="2" result="Passed" start-time="2017-07-31 23:04:29Z" end-time="2017-07-31 23:04:29Z" duration="0.009020" total="2" passed="2" failed="0" warnings="0" inconclusive="0" skipped="0" asserts="2">
            <test-case id="0-1083" name="IfKingSquareAdjacentToThreateningSquareThenReturnFalse(5,5,5,4,3,3)" fullname="ChessWithTDD.Tests.CheckMateEscapeManagerTests.IfKingSquareAdjacentToThreateningSquareThenReturnFalse(5,5,5,4,3,3)" methodname="IfKingSquareAdjacentToThreateningSquareThenReturnFalse" classname="ChessWithTDD.Tests.CheckMateEscapeManagerTests" runstate="Runnable" seed="1499407242" result="Passed" start-time="2017-07-31 23:04:29Z" end-time="2017-07-31 23:04:29Z" duration="0.001506" asserts="1" />
            <test-case id="0-1084" name="IfKingSquareAdjacentToThreateningSquareThenReturnFalse(5,2,4,3,3,4)" fullname="ChessWithTDD.Tests.CheckMateEscapeManagerTests.IfKingSquareAdjacentToThreateningSquareThenReturnFalse(5,2,4,3,3,4)" methodname="IfKingSquareAdjacentToThreateningSquareThenReturnFalse" classname="ChessWithTDD.Tests.CheckMateEscapeManagerTests" runstate="Runnable" seed="1788027908" result="Passed" start-time="2017-07-31 23:04:29Z" end-time="2017-07-31 23:04:29Z" duration="0.001194" asserts="1" />
          </test-suite>
          <test-suite type="ParameterizedMethod" id="0-1082" name="IfNoFriendlyPieceCanInterceptThreateningPieceThenReturnFalse" fullname="ChessWithTDD.Tests.CheckMateEscapeManagerTests.IfNoFriendlyPieceCanInterceptThreateningPieceThenReturnFalse" classname="ChessWithTDD.Tests.CheckMateEscapeManagerTests" runstate="Runnable" testcasecount="8" result="Passed" start-time="2017-07-31 23:04:29Z" end-time="2017-07-31 23:04:29Z" duration="0.040070" total="8" passed="8" failed="0" warnings="0" inconclusive="0" skipped="0" asserts="8">
            <test-case id="0-1074" name="IfNoFriendlyPieceCanInterceptThreateningPieceThenReturnFalse(3,2,3,7,3,5)" fullname="ChessWithTDD.Tests.CheckMateEscapeManagerTests.IfNoFriendlyPieceCanInterceptThreateningPieceThenReturnFalse(3,2,3,7,3,5)" methodname="IfNoFriendlyPieceCanInterceptThreateningPieceThenReturnFalse" classname="ChessWithTDD.Tests.CheckMateEscapeManagerTests" runstate="Runnable" seed="159508002" result="Passed" start-time="2017-07-31 23:04:29Z" end-time="2017-07-31 23:04:29Z" duration="0.002762" asserts="1" />
            <test-case id="0-1075" name="IfNoFriendlyPieceCanInterceptThreateningPieceThenReturnFalse(3,6,3,0,3,2)" fullname="ChessWithTDD.Tests.CheckMateEscapeManagerTests.IfNoFriendlyPieceCanInterceptThreateningPieceThenReturnFalse(3,6,3,0,3,2)" methodname="IfNoFriendlyPieceCanInterceptThreateningPieceThenReturnFalse" classname="ChessWithTDD.Tests.CheckMateEscapeManagerTests" runstate="Runnable" seed="299464149" result="Passed" start-time="2017-07-31 23:04:29Z" end-time="2017-07-31 23:04:29Z" duration="0.002091" asserts="1" />
            <test-case id="0-1076" name="IfNoFriendlyPieceCanInterceptThreateningPieceThenReturnFalse(2,2,6,2,4,2)" fullname="ChessWithTDD.Tests.CheckMateEscapeManagerTests.IfNoFriendlyPieceCanInterceptThreateningPieceThenReturnFalse(2,2,6,2,4,2)" methodname="IfNoFriendlyPieceCanInterceptThreateningPieceThenReturnFalse" classname="ChessWithTDD.Tests.CheckMateEscapeManagerTests" runstate="Runnable" seed="1552505696" result="Passed" start-time="2017-07-31 23:04:29Z" end-time="2017-07-31 23:04:29Z" duration="0.001703" asserts="1" />
            <test-case id="0-1077" name="IfNoFriendlyPieceCanInterceptThreateningPieceThenReturnFalse(5,2,2,2,3,2)" fullname="ChessWithTDD.Tests.CheckMateEscapeManagerTests.IfNoFriendlyPieceCanInterceptThreateningPieceThenReturnFalse(5,2,2,2,3,2)" methodname="IfNoFriendlyPieceCanInterceptThreateningPieceThenReturnFalse" classname="ChessWithTDD.Tests.CheckMateEscapeManagerTests" runstate="Runnable" seed="275499147" result="Passed" start-time="2017-07-31 23:04:29Z" end-time="2017-07-31 23:04:29Z" duration="0.001770" asserts="1" />
            <test-case id="0-1078" name="IfNoFriendlyPieceCanInterceptThreateningPieceThenReturnFalse(2,5,5,2,4,3)" fullname="ChessWithTDD.Tests.CheckMateEscapeManagerTests.IfNoFriendlyPieceCanInterceptThreateningPieceThenReturnFalse(2,5,5,2,4,3)" methodname="IfNoFriendlyPieceCanInterceptThreateningPieceThenReturnFalse" classname="ChessWithTDD.Tests.CheckMateEscapeManagerTests" runstate="Runnable" seed="1999729306" result="Passed" start-time="2017-07-31 23:04:29Z" end-time="2017-07-31 23:04:29Z" duration="0.001847" asserts="1" />
            <test-case id="0-1079" name="IfNoFriendlyPieceCanInterceptThreateningPieceThenReturnFalse(2,3,5,6,4,5)" fullname="ChessWithTDD.Tests.CheckMateEscapeManagerTests.IfNoFriendlyPieceCanInterceptThreateningPieceThenReturnFalse(2,3,5,6,4,5)" methodname="IfNoFriendlyPieceCanInterceptThreateningPieceThenReturnFalse" classname="ChessWithTDD.Tests.CheckMateEscapeManagerTests" runstate="Runnable" seed="1499109739" result="Passed" start-time="2017-07-31 23:04:29Z" end-time="2017-07-31 23:04:29Z" duration="0.001782" asserts="1" />
            <test-case id="0-1080" name="IfNoFriendlyPieceCanInterceptThreateningPieceThenReturnFalse(5,5,2,2,3,3)" fullname="ChessWithTDD.Tests.CheckMateEscapeManagerTests.IfNoFriendlyPieceCanInterceptThreateningPieceThenReturnFalse(5,5,2,2,3,3)" methodname="IfNoFriendlyPieceCanInterceptThreateningPieceThenReturnFalse" classname="ChessWithTDD.Tests.CheckMateEscapeManagerTests" runstate="Runnable" seed="336293238" result="Passed" start-time="2017-07-31 23:04:29Z" end-time="2017-07-31 23:04:29Z" duration="0.001784" asserts="1" />
            <test-case id="0-1081" name="IfNoFriendlyPieceCanInterceptThreateningPieceThenReturnFalse(5,2,2,5,3,4)" fullname="ChessWithTDD.Tests.CheckMateEscapeManagerTests.IfNoFriendlyPieceCanInterceptThreateningPieceThenReturnFalse(5,2,2,5,3,4)" methodname="IfNoFriendlyPieceCanInterceptThreateningPieceThenReturnFalse" classname="ChessWithTDD.Tests.CheckMateEscapeManagerTests" runstate="Runnable" seed="744226651" result="Passed" start-time="2017-07-31 23:04:29Z" end-time="2017-07-31 23:04:29Z" duration="0.001824" asserts="1" />
          </test-suite>
          <test-case id="0-1049" name="IfNoFriendlySquareCanTakeTheThreateningPieceReturnFalse" fullname="ChessWithTDD.Tests.CheckMateEscapeManagerTests.IfNoFriendlySquareCanTakeTheThreateningPieceReturnFalse" methodname="IfNoFriendlySquareCanTakeTheThreateningPieceReturnFalse" classname="ChessWithTDD.Tests.CheckMateEscapeManagerTests" runstate="Runnable" seed="91164710" result="Passed" start-time="2017-07-31 23:04:29Z" end-time="2017-07-31 23:04:29Z" duration="0.001387" asserts="1" />
          <test-case id="0-1047" name="IfNoMoveIsValidForKingThenReturnFalse" fullname="ChessWithTDD.Tests.CheckMateEscapeManagerTests.IfNoMoveIsValidForKingThenReturnFalse" methodname="IfNoMoveIsValidForKingThenReturnFalse" classname="ChessWithTDD.Tests.CheckMateEscapeManagerTests" runstate="Runnable" seed="1059231985" result="Passed" start-time="2017-07-31 23:04:29Z" end-time="2017-07-31 23:04:29Z" duration="0.002534" asserts="1" />
          <test-suite type="ParameterizedMethod" id="0-1046" name="IfThereIsAValidMoveForKingThenReturnTrue" fullname="ChessWithTDD.Tests.CheckMateEscapeManagerTests.IfThereIsAValidMoveForKingThenReturnTrue" classname="ChessWithTDD.Tests.CheckMateEscapeManagerTests" runstate="Runnable" testcasecount="8" result="Passed" start-time="2017-07-31 23:04:29Z" end-time="2017-07-31 23:04:29Z" duration="0.036047" total="8" passed="8" failed="0" warnings="0" inconclusive="0" skipped="0" asserts="8">
            <test-case id="0-1038" name="IfThereIsAValidMoveForKingThenReturnTrue(3,3,3,4)" fullname="ChessWithTDD.Tests.CheckMateEscapeManagerTests.IfThereIsAValidMoveForKingThenReturnTrue(3,3,3,4)" methodname="IfThereIsAValidMoveForKingThenReturnTrue" classname="ChessWithTDD.Tests.CheckMateEscapeManagerTests" runstate="Runnable" seed="1053779815" result="Passed" start-time="2017-07-31 23:04:29Z" end-time="2017-07-31 23:04:29Z" duration="0.002176" asserts="1" />
            <test-case id="0-1039" name="IfThereIsAValidMoveForKingThenReturnTrue(3,3,3,2)" fullname="ChessWithTDD.Tests.CheckMateEscapeManagerTests.IfThereIsAValidMoveForKingThenReturnTrue(3,3,3,2)" methodname="IfThereIsAValidMoveForKingThenReturnTrue" classname="ChessWithTDD.Tests.CheckMateEscapeManagerTests" runstate="Runnable" seed="724319139" result="Passed" start-time="2017-07-31 23:04:29Z" end-time="2017-07-31 23:04:29Z" duration="0.001143" asserts="1" />
            <test-case id="0-1040" name="IfThereIsAValidMoveForKingThenReturnTrue(3,3,4,3)" fullname="ChessWithTDD.Tests.CheckMateEscapeManagerTests.IfThereIsAValidMoveForKingThenReturnTrue(3,3,4,3)" methodname="IfThereIsAValidMoveForKingThenReturnTrue" classname="ChessWithTDD.Tests.CheckMateEscapeManagerTests" runstate="Runnable" seed="1905306781" result="Passed" start-time="2017-07-31 23:04:29Z" end-time="2017-07-31 23:04:29Z" duration="0.001207" asserts="1" />
            <test-case id="0-1041" name="IfThereIsAValidMoveForKingThenReturnTrue(3,3,2,3)" fullname="ChessWithTDD.Tests.CheckMateEscapeManagerTests.IfThereIsAValidMoveForKingThenReturnTrue(3,3,2,3)" methodname="IfThereIsAValidMoveForKingThenReturnTrue" classname="ChessWithTDD.Tests.CheckMateEscapeManagerTests" runstate="Runnable" seed="2027116941" result="Passed" start-time="2017-07-31 23:04:29Z" end-time="2017-07-31 23:04:29Z" duration="0.001199" asserts="1" />
            <test-case id="0-1042" name="IfThereIsAValidMoveForKingThenReturnTrue(3,3,4,4)" fullname="ChessWithTDD.Tests.CheckMateEscapeManagerTests.IfThereIsAValidMoveForKingThenReturnTrue(3,3,4,4)" methodname="IfThereIsAValidMoveForKingThenReturnTrue" classname="ChessWithTDD.Tests.CheckMateEscapeManagerTests" runstate="Runnable" seed="1089188362" result="Passed" start-time="2017-07-31 23:04:29Z" end-time="2017-07-31 23:04:29Z" duration="0.001504" asserts="1" />
            <test-case id="0-1043" name="IfThereIsAValidMoveForKingThenReturnTrue(3,3,2,2)" fullname="ChessWithTDD.Tests.CheckMateEscapeManagerTests.IfThereIsAValidMoveForKingThenReturnTrue(3,3,2,2)" methodname="IfThereIsAValidMoveForKingThenReturnTrue" classname="ChessWithTDD.Tests.CheckMateEscapeManagerTests" runstate="Runnable" seed="1826982751" result="Passed" start-time="2017-07-31 23:04:29Z" end-time="2017-07-31 23:04:29Z" duration="0.001403" asserts="1" />
            <test-case id="0-1044" name="IfThereIsAValidMoveForKingThenReturnTrue(3,3,4,2)" fullname="ChessWithTDD.Tests.CheckMateEscapeManagerTests.IfThereIsAValidMoveForKingThenReturnTrue(3,3,4,2)" methodname="IfThereIsAValidMoveForKingThenReturnTrue" classname="ChessWithTDD.Tests.CheckMateEscapeManagerTests" runstate="Runnable" seed="546542702" result="Passed" start-time="2017-07-31 23:04:29Z" end-time="2017-07-31 23:04:29Z" duration="0.001464" asserts="1" />
            <test-case id="0-1045" name="IfThereIsAValidMoveForKingThenReturnTrue(3,3,2,4)" fullname="ChessWithTDD.Tests.CheckMateEscapeManagerTests.IfThereIsAValidMoveForKingThenReturnTrue(3,3,2,4)" methodname="IfThereIsAValidMoveForKingThenReturnTrue" classname="ChessWithTDD.Tests.CheckMateEscapeManagerTests" runstate="Runnable" seed="179547544" result="Passed" start-time="2017-07-31 23:04:29Z" end-time="2017-07-31 23:04:29Z" duration="0.001478" asserts="1" />
          </test-suite>
          <test-suite type="ParameterizedMethod" id="0-1052" name="IfTheThreateningPieceIsAKnightButNotAdjacentItIsUnblockable" fullname="ChessWithTDD.Tests.CheckMateEscapeManagerTests.IfTheThreateningPieceIsAKnightButNotAdjacentItIsUnblockable" classname="ChessWithTDD.Tests.CheckMateEscapeManagerTests" runstate="Runnable" testcasecount="2" result="Passed" start-time="2017-07-31 23:04:29Z" end-time="2017-07-31 23:04:29Z" duration="0.018999" total="2" passed="2" failed="0" warnings="0" inconclusive="0" skipped="0" asserts="2">
            <test-case id="0-1050" name="IfTheThreateningPieceIsAKnightButNotAdjacentItIsUnblockable(3,3,5,5)" fullname="ChessWithTDD.Tests.CheckMateEscapeManagerTests.IfTheThreateningPieceIsAKnightButNotAdjacentItIsUnblockable(3,3,5,5)" methodname="IfTheThreateningPieceIsAKnightButNotAdjacentItIsUnblockable" classname="ChessWithTDD.Tests.CheckMateEscapeManagerTests" runstate="Runnable" seed="608118744" result="Passed" start-time="2017-07-31 23:04:29Z" end-time="2017-07-31 23:04:29Z" duration="0.012372" asserts="1" />
            <test-case id="0-1051" name="IfTheThreateningPieceIsAKnightButNotAdjacentItIsUnblockable(4,4,2,3)" fullname="ChessWithTDD.Tests.CheckMateEscapeManagerTests.IfTheThreateningPieceIsAKnightButNotAdjacentItIsUnblockable(4,4,2,3)" methodname="IfTheThreateningPieceIsAKnightButNotAdjacentItIsUnblockable" classname="ChessWithTDD.Tests.CheckMateEscapeManagerTests" runstate="Runnable" seed="1746950908" result="Passed" start-time="2017-07-31 23:04:29Z" end-time="2017-07-31 23:04:29Z" duration="0.000741" asserts="1" />
          </test-suite>
          <test-suite type="ParameterizedMethod" id="0-1064" name="IfTheThreateningPieceNotAKnightAndNotAdjacentItIsNotUnblockable" fullname="ChessWithTDD.Tests.CheckMateEscapeManagerTests.IfTheThreateningPieceNotAKnightAndNotAdjacentItIsNotUnblockable" classname="ChessWithTDD.Tests.CheckMateEscapeManagerTests" runstate="Runnable" testcasecount="2" result="Passed" start-time="2017-07-31 23:04:29Z" end-time="2017-07-31 23:04:29Z" duration="0.008529" total="2" passed="2" failed="0" warnings="0" inconclusive="0" skipped="0" asserts="2">
            <test-case id="0-1062" name="IfTheThreateningPieceNotAKnightAndNotAdjacentItIsNotUnblockable(3,3,5,5)" fullname="ChessWithTDD.Tests.CheckMateEscapeManagerTests.IfTheThreateningPieceNotAKnightAndNotAdjacentItIsNotUnblockable(3,3,5,5)" methodname="IfTheThreateningPieceNotAKnightAndNotAdjacentItIsNotUnblockable" classname="ChessWithTDD.Tests.CheckMateEscapeManagerTests" runstate="Runnable" seed="1372539522" result="Passed" start-time="2017-07-31 23:04:29Z" end-time="2017-07-31 23:04:29Z" duration="0.001708" asserts="1" />
            <test-case id="0-1063" name="IfTheThreateningPieceNotAKnightAndNotAdjacentItIsNotUnblockable(4,4,2,3)" fullname="ChessWithTDD.Tests.CheckMateEscapeManagerTests.IfTheThreateningPieceNotAKnightAndNotAdjacentItIsNotUnblockable(4,4,2,3)" methodname="IfTheThreateningPieceNotAKnightAndNotAdjacentItIsNotUnblockable" classname="ChessWithTDD.Tests.CheckMateEscapeManagerTests" runstate="Runnable" seed="913542012" result="Passed" start-time="2017-07-31 23:04:29Z" end-time="2017-07-31 23:04:29Z" duration="0.000965" asserts="1" />
          </test-suite>
          <test-suite type="ParameterizedMethod" id="0-1061" name="IfTheThreateningPieceNotAKnightButIsAdjacentItIsUnblockable" fullname="ChessWithTDD.Tests.CheckMateEscapeManagerTests.IfTheThreateningPieceNotAKnightButIsAdjacentItIsUnblockable" classname="ChessWithTDD.Tests.CheckMateEscapeManagerTests" runstate="Runnable" testcasecount="8" result="Passed" start-time="2017-07-31 23:04:29Z" end-time="2017-07-31 23:04:29Z" duration="0.031509" total="8" passed="8" failed="0" warnings="0" inconclusive="0" skipped="0" asserts="8">
            <test-case id="0-1053" name="IfTheThreateningPieceNotAKnightButIsAdjacentItIsUnblockable(3,3,3,4)" fullname="ChessWithTDD.Tests.CheckMateEscapeManagerTests.IfTheThreateningPieceNotAKnightButIsAdjacentItIsUnblockable(3,3,3,4)" methodname="IfTheThreateningPieceNotAKnightButIsAdjacentItIsUnblockable" classname="ChessWithTDD.Tests.CheckMateEscapeManagerTests" runstate="Runnable" seed="1543246588" result="Passed" start-time="2017-07-31 23:04:29Z" end-time="2017-07-31 23:04:29Z" duration="0.001137" asserts="1" />
            <test-case id="0-1054" name="IfTheThreateningPieceNotAKnightButIsAdjacentItIsUnblockable(3,3,4,3)" fullname="ChessWithTDD.Tests.CheckMateEscapeManagerTests.IfTheThreateningPieceNotAKnightButIsAdjacentItIsUnblockable(3,3,4,3)" methodname="IfTheThreateningPieceNotAKnightButIsAdjacentItIsUnblockable" classname="ChessWithTDD.Tests.CheckMateEscapeManagerTests" runstate="Runnable" seed="184249155" result="Passed" start-time="2017-07-31 23:04:29Z" end-time="2017-07-31 23:04:29Z" duration="0.000861" asserts="1" />
            <test-case id="0-1055" name="IfTheThreateningPieceNotAKnightButIsAdjacentItIsUnblockable(3,3,3,2)" fullname="ChessWithTDD.Tests.CheckMateEscapeManagerTests.IfTheThreateningPieceNotAKnightButIsAdjacentItIsUnblockable(3,3,3,2)" methodname="IfTheThreateningPieceNotAKnightButIsAdjacentItIsUnblockable" classname="ChessWithTDD.Tests.CheckMateEscapeManagerTests" runstate="Runnable" seed="1386937971" result="Passed" start-time="2017-07-31 23:04:29Z" end-time="2017-07-31 23:04:29Z" duration="0.000816" asserts="1" />
            <test-case id="0-1056" name="IfTheThreateningPieceNotAKnightButIsAdjacentItIsUnblockable(3,3,2,3)" fullname="ChessWithTDD.Tests.CheckMateEscapeManagerTests.IfTheThreateningPieceNotAKnightButIsAdjacentItIsUnblockable(3,3,2,3)" methodname="IfTheThreateningPieceNotAKnightButIsAdjacentItIsUnblockable" classname="ChessWithTDD.Tests.CheckMateEscapeManagerTests" runstate="Runnable" seed="933849633" result="Passed" start-time="2017-07-31 23:04:29Z" end-time="2017-07-31 23:04:29Z" duration="0.000816" asserts="1" />
            <test-case id="0-1057" name="IfTheThreateningPieceNotAKnightButIsAdjacentItIsUnblockable(3,3,4,4)" fullname="ChessWithTDD.Tests.CheckMateEscapeManagerTests.IfTheThreateningPieceNotAKnightButIsAdjacentItIsUnblockable(3,3,4,4)" methodname="IfTheThreateningPieceNotAKnightButIsAdjacentItIsUnblockable" classname="ChessWithTDD.Tests.CheckMateEscapeManagerTests" runstate="Runnable" seed="1952185259" result="Passed" start-time="2017-07-31 23:04:29Z" end-time="2017-07-31 23:04:29Z" duration="0.000803" asserts="1" />
            <test-case id="0-1058" name="IfTheThreateningPieceNotAKnightButIsAdjacentItIsUnblockable(3,3,2,2)" fullname="ChessWithTDD.Tests.CheckMateEscapeManagerTests.IfTheThreateningPieceNotAKnightButIsAdjacentItIsUnblockable(3,3,2,2)" methodname="IfTheThreateningPieceNotAKnightButIsAdjacentItIsUnblockable" classname="ChessWithTDD.Tests.CheckMateEscapeManagerTests" runstate="Runnable" seed="1484859776" result="Passed" start-time="2017-07-31 23:04:29Z" end-time="2017-07-31 23:04:29Z" duration="0.000809" asserts="1" />
            <test-case id="0-1059" name="IfTheThreateningPieceNotAKnightButIsAdjacentItIsUnblockable(3,3,4,2)" fullname="ChessWithTDD.Tests.CheckMateEscapeManagerTests.IfTheThreateningPieceNotAKnightButIsAdjacentItIsUnblockable(3,3,4,2)" methodname="IfTheThreateningPieceNotAKnightButIsAdjacentItIsUnblockable" classname="ChessWithTDD.Tests.CheckMateEscapeManagerTests" runstate="Runnable" seed="263794945" result="Passed" start-time="2017-07-31 23:04:29Z" end-time="2017-07-31 23:04:29Z" duration="0.000908" asserts="1" />
            <test-case id="0-1060" name="IfTheThreateningPieceNotAKnightButIsAdjacentItIsUnblockable(3,3,2,4)" fullname="ChessWithTDD.Tests.CheckMateEscapeManagerTests.IfTheThreateningPieceNotAKnightButIsAdjacentItIsUnblockable(3,3,2,4)" methodname="IfTheThreateningPieceNotAKnightButIsAdjacentItIsUnblockable" classname="ChessWithTDD.Tests.CheckMateEscapeManagerTests" runstate="Runnable" seed="1227451251" result="Passed" start-time="2017-07-31 23:04:29Z" end-time="2017-07-31 23:04:29Z" duration="0.000852" asserts="1" />
          </test-suite>
        </test-suite>
        <test-suite type="TestFixture" id="0-1086" name="CheckMateManagerTests" fullname="ChessWithTDD.Tests.CheckMateManagerTests" classname="ChessWithTDD.Tests.CheckMateManagerTests" runstate="Runnable" testcasecount="7" result="Passed" start-time="2017-07-31 23:04:29Z" end-time="2017-07-31 23:04:29Z" duration="0.058020" total="7" passed="7" failed="0" warnings="0" inconclusive="0" skipped="0" asserts="10">
          <test-case id="0-1087" name="IfBoardNotInCheckThenNoCheckMate" fullname="ChessWithTDD.Tests.CheckMateManagerTests.IfBoardNotInCheckThenNoCheckMate" methodname="IfBoardNotInCheckThenNoCheckMate" classname="ChessWithTDD.Tests.CheckMateManagerTests" runstate="Runnable" seed="1921970752" result="Passed" start-time="2017-07-31 23:04:29Z" end-time="2017-07-31 23:04:29Z" duration="0.013378" asserts="1" />
          <test-case id="0-1092" name="IfWhiteKingAndBoardInCheckAndAllEscapeManagerMethodsReturnFalseThenCheckMate" fullname="ChessWithTDD.Tests.CheckMateManagerTests.IfWhiteKingAndBoardInCheckAndAllEscapeManagerMethodsReturnFalseThenCheckMate" methodname="IfWhiteKingAndBoardInCheckAndAllEscapeManagerMethodsReturnFalseThenCheckMate" classname="ChessWithTDD.Tests.CheckMateManagerTests" runstate="Runnable" seed="1520777387" result="Passed" start-time="2017-07-31 23:04:29Z" end-time="2017-07-31 23:04:29Z" duration="0.004974" asserts="1" />
          <test-case id="0-1091" name="IfWhiteKingAndBoardInCheckAndAttackingMoveCanBeBlockedThenNoCheckMate" fullname="ChessWithTDD.Tests.CheckMateManagerTests.IfWhiteKingAndBoardInCheckAndAttackingMoveCanBeBlockedThenNoCheckMate" methodname="IfWhiteKingAndBoardInCheckAndAttackingMoveCanBeBlockedThenNoCheckMate" classname="ChessWithTDD.Tests.CheckMateManagerTests" runstate="Runnable" seed="1952318935" result="Passed" start-time="2017-07-31 23:04:29Z" end-time="2017-07-31 23:04:29Z" duration="0.003328" asserts="1" />
          <test-case id="0-1088" name="IfWhiteKingAndBoardInCheckAndKingCanEscapeThenNoCheckMate" fullname="ChessWithTDD.Tests.CheckMateManagerTests.IfWhiteKingAndBoardInCheckAndKingCanEscapeThenNoCheckMate" methodname="IfWhiteKingAndBoardInCheckAndKingCanEscapeThenNoCheckMate" classname="ChessWithTDD.Tests.CheckMateManagerTests" runstate="Runnable" seed="1228734488" result="Passed" start-time="2017-07-31 23:04:29Z" end-time="2017-07-31 23:04:29Z" duration="0.002311" asserts="1" />
          <test-case id="0-1089" name="IfWhiteKingAndBoardInCheckAndThreateningPieceCanBeTakenThenNoCheckMate" fullname="ChessWithTDD.Tests.CheckMateManagerTests.IfWhiteKingAndBoardInCheckAndThreateningPieceCanBeTakenThenNoCheckMate" methodname="IfWhiteKingAndBoardInCheckAndThreateningPieceCanBeTakenThenNoCheckMate" classname="ChessWithTDD.Tests.CheckMateManagerTests" runstate="Runnable" seed="491635065" result="Passed" start-time="2017-07-31 23:04:29Z" end-time="2017-07-31 23:04:29Z" duration="0.002714" asserts="1" />
          <test-case id="0-1090" name="IfWhiteKingAndBoardInCheckAndThreateningPieceIsUnblockableThenCheckMate" fullname="ChessWithTDD.Tests.CheckMateManagerTests.IfWhiteKingAndBoardInCheckAndThreateningPieceIsUnblockableThenCheckMate" methodname="IfWhiteKingAndBoardInCheckAndThreateningPieceIsUnblockableThenCheckMate" classname="ChessWithTDD.Tests.CheckMateManagerTests" runstate="Runnable" seed="1408984626" result="Passed" start-time="2017-07-31 23:04:29Z" end-time="2017-07-31 23:04:29Z" duration="0.002653" asserts="1" />
          <test-case id="0-1093" name="TestOrderingOfCheckMateManagerCallsForBlackKing" fullname="ChessWithTDD.Tests.CheckMateManagerTests.TestOrderingOfCheckMateManagerCallsForBlackKing" methodname="TestOrderingOfCheckMateManagerCallsForBlackKing" classname="ChessWithTDD.Tests.CheckMateManagerTests" runstate="Runnable" seed="1157868677" result="Passed" start-time="2017-07-31 23:04:29Z" end-time="2017-07-31 23:04:29Z" duration="0.005740" asserts="4" />
        </test-suite>
        <test-suite type="TestFixture" id="0-1173" name="EnPassantManagerTests" fullname="ChessWithTDD.Tests.EnPassantManagerTests" classname="ChessWithTDD.Tests.EnPassantManagerTests" runstate="Runnable" testcasecount="26" result="Passed" start-time="2017-07-31 23:04:29Z" end-time="2017-07-31 23:04:30Z" duration="0.193222" total="26" passed="26" failed="0" warnings="0" inconclusive="0" skipped="0" asserts="4">
          <test-suite type="ParameterizedMethod" id="0-1185" name="DoNotMarkPassedSquareWithEnPassantMarkIfMovingOneSquareDown" fullname="ChessWithTDD.Tests.EnPassantManagerTests.DoNotMarkPassedSquareWithEnPassantMarkIfMovingOneSquareDown" classname="ChessWithTDD.Tests.EnPassantManagerTests" runstate="Runnable" testcasecount="2" result="Passed" start-time="2017-07-31 23:04:29Z" end-time="2017-07-31 23:04:29Z" duration="0.023513" total="2" passed="2" failed="0" warnings="0" inconclusive="0" skipped="0" asserts="0">
            <test-case id="0-1183" name="DoNotMarkPassedSquareWithEnPassantMarkIfMovingOneSquareDown(6,4,5,4)" fullname="ChessWithTDD.Tests.EnPassantManagerTests.DoNotMarkPassedSquareWithEnPassantMarkIfMovingOneSquareDown(6,4,5,4)" methodname="DoNotMarkPassedSquareWithEnPassantMarkIfMovingOneSquareDown" classname="ChessWithTDD.Tests.EnPassantManagerTests" runstate="Runnable" seed="478964000" result="Passed" start-time="2017-07-31 23:04:29Z" end-time="2017-07-31 23:04:29Z" duration="0.016810" asserts="0" />
            <test-case id="0-1184" name="DoNotMarkPassedSquareWithEnPassantMarkIfMovingOneSquareDown(5,3,4,3)" fullname="ChessWithTDD.Tests.EnPassantManagerTests.DoNotMarkPassedSquareWithEnPassantMarkIfMovingOneSquareDown(5,3,4,3)" methodname="DoNotMarkPassedSquareWithEnPassantMarkIfMovingOneSquareDown" classname="ChessWithTDD.Tests.EnPassantManagerTests" runstate="Runnable" seed="461188342" result="Passed" start-time="2017-07-31 23:04:29Z" end-time="2017-07-31 23:04:29Z" duration="0.001084" asserts="0" />
          </test-suite>
          <test-suite type="ParameterizedMethod" id="0-1182" name="DoNotMarkPassedSquareWithEnPassantMarkIfMovingOneSquareUp" fullname="ChessWithTDD.Tests.EnPassantManagerTests.DoNotMarkPassedSquareWithEnPassantMarkIfMovingOneSquareUp" classname="ChessWithTDD.Tests.EnPassantManagerTests" runstate="Runnable" testcasecount="2" result="Passed" start-time="2017-07-31 23:04:29Z" end-time="2017-07-31 23:04:29Z" duration="0.010012" total="2" passed="2" failed="0" warnings="0" inconclusive="0" skipped="0" asserts="0">
            <test-case id="0-1180" name="DoNotMarkPassedSquareWithEnPassantMarkIfMovingOneSquareUp(2,4,3,4)" fullname="ChessWithTDD.Tests.EnPassantManagerTests.DoNotMarkPassedSquareWithEnPassantMarkIfMovingOneSquareUp(2,4,3,4)" methodname="DoNotMarkPassedSquareWithEnPassantMarkIfMovingOneSquareUp" classname="ChessWithTDD.Tests.EnPassantManagerTests" runstate="Runnable" seed="1285591158" result="Passed" start-time="2017-07-31 23:04:29Z" end-time="2017-07-31 23:04:29Z" duration="0.001872" asserts="0" />
            <test-case id="0-1181" name="DoNotMarkPassedSquareWithEnPassantMarkIfMovingOneSquareUp(1,3,2,3)" fullname="ChessWithTDD.Tests.EnPassantManagerTests.DoNotMarkPassedSquareWithEnPassantMarkIfMovingOneSquareUp(1,3,2,3)" methodname="DoNotMarkPassedSquareWithEnPassantMarkIfMovingOneSquareUp" classname="ChessWithTDD.Tests.EnPassantManagerTests" runstate="Runnable" seed="1660464162" result="Passed" start-time="2017-07-31 23:04:29Z" end-time="2017-07-31 23:04:29Z" duration="0.001833" asserts="0" />
          </test-suite>
          <test-suite type="ParameterizedMethod" id="0-1191" name="IfBoardIsMarkedTwoTurnsAgoTheMarkIsRemovedForPawnMovingDown" fullname="ChessWithTDD.Tests.EnPassantManagerTests.IfBoardIsMarkedTwoTurnsAgoTheMarkIsRemovedForPawnMovingDown" classname="ChessWithTDD.Tests.EnPassantManagerTests" runstate="Runnable" testcasecount="2" result="Passed" start-time="2017-07-31 23:04:29Z" end-time="2017-07-31 23:04:29Z" duration="0.012480" total="2" passed="2" failed="0" warnings="0" inconclusive="0" skipped="0" asserts="0">
            <test-case id="0-1189" name="IfBoardIsMarkedTwoTurnsAgoTheMarkIsRemovedForPawnMovingDown(6,4,4,4,2)" fullname="ChessWithTDD.Tests.EnPassantManagerTests.IfBoardIsMarkedTwoTurnsAgoTheMarkIsRemovedForPawnMovingDown(6,4,4,4,2)" methodname="IfBoardIsMarkedTwoTurnsAgoTheMarkIsRemovedForPawnMovingDown" classname="ChessWithTDD.Tests.EnPassantManagerTests" runstate="Runnable" seed="512921444" result="Passed" start-time="2017-07-31 23:04:29Z" end-time="2017-07-31 23:04:29Z" duration="0.005695" asserts="0" />
            <test-case id="0-1190" name="IfBoardIsMarkedTwoTurnsAgoTheMarkIsRemovedForPawnMovingDown(5,3,3,3,5)" fullname="ChessWithTDD.Tests.EnPassantManagerTests.IfBoardIsMarkedTwoTurnsAgoTheMarkIsRemovedForPawnMovingDown(5,3,3,3,5)" methodname="IfBoardIsMarkedTwoTurnsAgoTheMarkIsRemovedForPawnMovingDown" classname="ChessWithTDD.Tests.EnPassantManagerTests" runstate="Runnable" seed="2146584047" result="Passed" start-time="2017-07-31 23:04:29Z" end-time="2017-07-31 23:04:29Z" duration="0.001106" asserts="0" />
          </test-suite>
          <test-suite type="ParameterizedMethod" id="0-1188" name="IfBoardIsMarkedTwoTurnsAgoTheMarkIsRemovedForPawnMovingUp" fullname="ChessWithTDD.Tests.EnPassantManagerTests.IfBoardIsMarkedTwoTurnsAgoTheMarkIsRemovedForPawnMovingUp" classname="ChessWithTDD.Tests.EnPassantManagerTests" runstate="Runnable" testcasecount="2" result="Passed" start-time="2017-07-31 23:04:29Z" end-time="2017-07-31 23:04:29Z" duration="0.009099" total="2" passed="2" failed="0" warnings="0" inconclusive="0" skipped="0" asserts="0">
            <test-case id="0-1186" name="IfBoardIsMarkedTwoTurnsAgoTheMarkIsRemovedForPawnMovingUp(2,4,4,4,2)" fullname="ChessWithTDD.Tests.EnPassantManagerTests.IfBoardIsMarkedTwoTurnsAgoTheMarkIsRemovedForPawnMovingUp(2,4,4,4,2)" methodname="IfBoardIsMarkedTwoTurnsAgoTheMarkIsRemovedForPawnMovingUp" classname="ChessWithTDD.Tests.EnPassantManagerTests" runstate="Runnable" seed="1711925102" result="Passed" start-time="2017-07-31 23:04:29Z" end-time="2017-07-31 23:04:29Z" duration="0.002301" asserts="0" />
            <test-case id="0-1187" name="IfBoardIsMarkedTwoTurnsAgoTheMarkIsRemovedForPawnMovingUp(1,3,3,3,5)" fullname="ChessWithTDD.Tests.EnPassantManagerTests.IfBoardIsMarkedTwoTurnsAgoTheMarkIsRemovedForPawnMovingUp(1,3,3,3,5)" methodname="IfBoardIsMarkedTwoTurnsAgoTheMarkIsRemovedForPawnMovingUp" classname="ChessWithTDD.Tests.EnPassantManagerTests" runstate="Runnable" seed="2136743841" result="Passed" start-time="2017-07-31 23:04:29Z" end-time="2017-07-31 23:04:29Z" duration="0.001099" asserts="0" />
          </test-suite>
          <test-suite type="ParameterizedMethod" id="0-1194" name="IfBoardMarkedOneTurnAgoTheMarkIsNotRemoved" fullname="ChessWithTDD.Tests.EnPassantManagerTests.IfBoardMarkedOneTurnAgoTheMarkIsNotRemoved" classname="ChessWithTDD.Tests.EnPassantManagerTests" runstate="Runnable" testcasecount="2" result="Passed" start-time="2017-07-31 23:04:29Z" end-time="2017-07-31 23:04:29Z" duration="0.010028" total="2" passed="2" failed="0" warnings="0" inconclusive="0" skipped="0" asserts="0">
            <test-case id="0-1192" name="IfBoardMarkedOneTurnAgoTheMarkIsNotRemoved(6,4,4,4,2)" fullname="ChessWithTDD.Tests.EnPassantManagerTests.IfBoardMarkedOneTurnAgoTheMarkIsNotRemoved(6,4,4,4,2)" methodname="IfBoardMarkedOneTurnAgoTheMarkIsNotRemoved" classname="ChessWithTDD.Tests.EnPassantManagerTests" runstate="Runnable" seed="517271478" result="Passed" start-time="2017-07-31 23:04:29Z" end-time="2017-07-31 23:04:29Z" duration="0.003184" asserts="0" />
            <test-case id="0-1193" name="IfBoardMarkedOneTurnAgoTheMarkIsNotRemoved(5,3,3,3,5)" fullname="ChessWithTDD.Tests.EnPassantManagerTests.IfBoardMarkedOneTurnAgoTheMarkIsNotRemoved(5,3,3,3,5)" methodname="IfBoardMarkedOneTurnAgoTheMarkIsNotRemoved" classname="ChessWithTDD.Tests.EnPassantManagerTests" runstate="Runnable" seed="887933127" result="Passed" start-time="2017-07-31 23:04:29Z" end-time="2017-07-31 23:04:29Z" duration="0.001108" asserts="0" />
          </test-suite>
          <test-suite type="ParameterizedMethod" id="0-1212" name="IfToSquareDoesNotHaveEnPassantMarkAndTheMoveIsDiagonallyDownThenNothingHappens" fullname="ChessWithTDD.Tests.EnPassantManagerTests.IfToSquareDoesNotHaveEnPassantMarkAndTheMoveIsDiagonallyDownThenNothingHappens" classname="ChessWithTDD.Tests.EnPassantManagerTests" runstate="Runnable" testcasecount="2" result="Passed" start-time="2017-07-31 23:04:29Z" end-time="2017-07-31 23:04:29Z" duration="0.012019" total="2" passed="2" failed="0" warnings="0" inconclusive="0" skipped="0" asserts="0">
            <test-case id="0-1210" name="IfToSquareDoesNotHaveEnPassantMarkAndTheMoveIsDiagonallyDownThenNothingHappens(6,4,5,3)" fullname="ChessWithTDD.Tests.EnPassantManagerTests.IfToSquareDoesNotHaveEnPassantMarkAndTheMoveIsDiagonallyDownThenNothingHappens(6,4,5,3)" methodname="IfToSquareDoesNotHaveEnPassantMarkAndTheMoveIsDiagonallyDownThenNothingHappens" classname="ChessWithTDD.Tests.EnPassantManagerTests" runstate="Runnable" seed="1612691624" result="Passed" start-time="2017-07-31 23:04:29Z" end-time="2017-07-31 23:04:29Z" duration="0.004868" asserts="0" />
            <test-case id="0-1211" name="IfToSquareDoesNotHaveEnPassantMarkAndTheMoveIsDiagonallyDownThenNothingHappens(5,3,4,4)" fullname="ChessWithTDD.Tests.EnPassantManagerTests.IfToSquareDoesNotHaveEnPassantMarkAndTheMoveIsDiagonallyDownThenNothingHappens(5,3,4,4)" methodname="IfToSquareDoesNotHaveEnPassantMarkAndTheMoveIsDiagonallyDownThenNothingHappens" classname="ChessWithTDD.Tests.EnPassantManagerTests" runstate="Runnable" seed="13830848" result="Passed" start-time="2017-07-31 23:04:29Z" end-time="2017-07-31 23:04:29Z" duration="0.001625" asserts="0" />
          </test-suite>
          <test-suite type="ParameterizedMethod" id="0-1203" name="IfToSquareDoesNotHaveEnPassantMarkAndTheMoveIsDiagonallyUpThenNothingHappens" fullname="ChessWithTDD.Tests.EnPassantManagerTests.IfToSquareDoesNotHaveEnPassantMarkAndTheMoveIsDiagonallyUpThenNothingHappens" classname="ChessWithTDD.Tests.EnPassantManagerTests" runstate="Runnable" testcasecount="2" result="Passed" start-time="2017-07-31 23:04:29Z" end-time="2017-07-31 23:04:29Z" duration="0.011507" total="2" passed="2" failed="0" warnings="0" inconclusive="0" skipped="0" asserts="0">
            <test-case id="0-1201" name="IfToSquareDoesNotHaveEnPassantMarkAndTheMoveIsDiagonallyUpThenNothingHappens(2,4,3,5)" fullname="ChessWithTDD.Tests.EnPassantManagerTests.IfToSquareDoesNotHaveEnPassantMarkAndTheMoveIsDiagonallyUpThenNothingHappens(2,4,3,5)" methodname="IfToSquareDoesNotHaveEnPassantMarkAndTheMoveIsDiagonallyUpThenNothingHappens" classname="ChessWithTDD.Tests.EnPassantManagerTests" runstate="Runnable" seed="909162943" result="Passed" start-time="2017-07-31 23:04:29Z" end-time="2017-07-31 23:04:29Z" duration="0.003567" asserts="0" />
            <test-case id="0-1202" name="IfToSquareDoesNotHaveEnPassantMarkAndTheMoveIsDiagonallyUpThenNothingHappens(1,3,2,2)" fullname="ChessWithTDD.Tests.EnPassantManagerTests.IfToSquareDoesNotHaveEnPassantMarkAndTheMoveIsDiagonallyUpThenNothingHappens(1,3,2,2)" methodname="IfToSquareDoesNotHaveEnPassantMarkAndTheMoveIsDiagonallyUpThenNothingHappens" classname="ChessWithTDD.Tests.EnPassantManagerTests" runstate="Runnable" seed="497959958" result="Passed" start-time="2017-07-31 23:04:29Z" end-time="2017-07-31 23:04:29Z" duration="0.002214" asserts="0" />
          </test-suite>
          <test-suite type="ParameterizedMethod" id="0-1206" name="IfToSquareHasEnPassantMarkAndTheMoveIsDiagonallyDownThenSquareUnmarkedAndPieceAboveTakenAndSquareAddedToPendingUpdates" fullname="ChessWithTDD.Tests.EnPassantManagerTests.IfToSquareHasEnPassantMarkAndTheMoveIsDiagonallyDownThenSquareUnmarkedAndPieceAboveTakenAndSquareAddedToPendingUpdates" classname="ChessWithTDD.Tests.EnPassantManagerTests" runstate="Runnable" testcasecount="2" result="Passed" start-time="2017-07-31 23:04:29Z" end-time="2017-07-31 23:04:30Z" duration="0.013509" total="2" passed="2" failed="0" warnings="0" inconclusive="0" skipped="0" asserts="2">
            <test-case id="0-1204" name="IfToSquareHasEnPassantMarkAndTheMoveIsDiagonallyDownThenSquareUnmarkedAndPieceAboveTakenAndSquareAddedToPendingUpdates(6,4,5,3)" fullname="ChessWithTDD.Tests.EnPassantManagerTests.IfToSquareHasEnPassantMarkAndTheMoveIsDiagonallyDownThenSquareUnmarkedAndPieceAboveTakenAndSquareAddedToPendingUpdates(6,4,5,3)" methodname="IfToSquareHasEnPassantMarkAndTheMoveIsDiagonallyDownThenSquareUnmarkedAndPieceAboveTakenAndSquareAddedToPendingUpdates" classname="ChessWithTDD.Tests.EnPassantManagerTests" runstate="Runnable" seed="1727654246" result="Passed" start-time="2017-07-31 23:04:29Z" end-time="2017-07-31 23:04:29Z" duration="0.005211" asserts="1" />
            <test-case id="0-1205" name="IfToSquareHasEnPassantMarkAndTheMoveIsDiagonallyDownThenSquareUnmarkedAndPieceAboveTakenAndSquareAddedToPendingUpdates(5,3,4,4)" fullname="ChessWithTDD.Tests.EnPassantManagerTests.IfToSquareHasEnPassantMarkAndTheMoveIsDiagonallyDownThenSquareUnmarkedAndPieceAboveTakenAndSquareAddedToPendingUpdates(5,3,4,4)" methodname="IfToSquareHasEnPassantMarkAndTheMoveIsDiagonallyDownThenSquareUnmarkedAndPieceAboveTakenAndSquareAddedToPendingUpdates" classname="ChessWithTDD.Tests.EnPassantManagerTests" runstate="Runnable" seed="265649249" result="Passed" start-time="2017-07-31 23:04:29Z" end-time="2017-07-31 23:04:30Z" duration="0.002002" asserts="1" />
          </test-suite>
          <test-suite type="ParameterizedMethod" id="0-1197" name="IfToSquareHasEnPassantMarkAndTheMoveIsDiagonallyUpThenSquareUnmarkedAndPieceBelowTakenAndSquareAddedToPendingUpdates" fullname="ChessWithTDD.Tests.EnPassantManagerTests.IfToSquareHasEnPassantMarkAndTheMoveIsDiagonallyUpThenSquareUnmarkedAndPieceBelowTakenAndSquareAddedToPendingUpdates" classname="ChessWithTDD.Tests.EnPassantManagerTests" runstate="Runnable" testcasecount="2" result="Passed" start-time="2017-07-31 23:04:30Z" end-time="2017-07-31 23:04:30Z" duration="0.012577" total="2" passed="2" failed="0" warnings="0" inconclusive="0" skipped="0" asserts="2">
            <test-case id="0-1195" name="IfToSquareHasEnPassantMarkAndTheMoveIsDiagonallyUpThenSquareUnmarkedAndPieceBelowTakenAndSquareAddedToPendingUpdates(2,4,3,5)" fullname="ChessWithTDD.Tests.EnPassantManagerTests.IfToSquareHasEnPassantMarkAndTheMoveIsDiagonallyUpThenSquareUnmarkedAndPieceBelowTakenAndSquareAddedToPendingUpdates(2,4,3,5)" methodname="IfToSquareHasEnPassantMarkAndTheMoveIsDiagonallyUpThenSquareUnmarkedAndPieceBelowTakenAndSquareAddedToPendingUpdates" classname="ChessWithTDD.Tests.EnPassantManagerTests" runstate="Runnable" seed="767988364" result="Passed" start-time="2017-07-31 23:04:30Z" end-time="2017-07-31 23:04:30Z" duration="0.004342" asserts="1" />
            <test-case id="0-1196" name="IfToSquareHasEnPassantMarkAndTheMoveIsDiagonallyUpThenSquareUnmarkedAndPieceBelowTakenAndSquareAddedToPendingUpdates(1,3,2,2)" fullname="ChessWithTDD.Tests.EnPassantManagerTests.IfToSquareHasEnPassantMarkAndTheMoveIsDiagonallyUpThenSquareUnmarkedAndPieceBelowTakenAndSquareAddedToPendingUpdates(1,3,2,2)" methodname="IfToSquareHasEnPassantMarkAndTheMoveIsDiagonallyUpThenSquareUnmarkedAndPieceBelowTakenAndSquareAddedToPendingUpdates" classname="ChessWithTDD.Tests.EnPassantManagerTests" runstate="Runnable" seed="41030532" result="Passed" start-time="2017-07-31 23:04:30Z" end-time="2017-07-31 23:04:30Z" duration="0.002030" asserts="1" />
          </test-suite>
          <test-suite type="ParameterizedMethod" id="0-1209" name="IfToSquareHasEnPassantMarkButMoveNotDiagonallyDownThenNothingHappens" fullname="ChessWithTDD.Tests.EnPassantManagerTests.IfToSquareHasEnPassantMarkButMoveNotDiagonallyDownThenNothingHappens" classname="ChessWithTDD.Tests.EnPassantManagerTests" runstate="Runnable" testcasecount="2" result="Passed" start-time="2017-07-31 23:04:30Z" end-time="2017-07-31 23:04:30Z" duration="0.010982" total="2" passed="2" failed="0" warnings="0" inconclusive="0" skipped="0" asserts="0">
            <test-case id="0-1207" name="IfToSquareHasEnPassantMarkButMoveNotDiagonallyDownThenNothingHappens(6,4,3,3)" fullname="ChessWithTDD.Tests.EnPassantManagerTests.IfToSquareHasEnPassantMarkButMoveNotDiagonallyDownThenNothingHappens(6,4,3,3)" methodname="IfToSquareHasEnPassantMarkButMoveNotDiagonallyDownThenNothingHappens" classname="ChessWithTDD.Tests.EnPassantManagerTests" runstate="Runnable" seed="1775411732" result="Passed" start-time="2017-07-31 23:04:30Z" end-time="2017-07-31 23:04:30Z" duration="0.003627" asserts="0" />
            <test-case id="0-1208" name="IfToSquareHasEnPassantMarkButMoveNotDiagonallyDownThenNothingHappens(5,3,2,4)" fullname="ChessWithTDD.Tests.EnPassantManagerTests.IfToSquareHasEnPassantMarkButMoveNotDiagonallyDownThenNothingHappens(5,3,2,4)" methodname="IfToSquareHasEnPassantMarkButMoveNotDiagonallyDownThenNothingHappens" classname="ChessWithTDD.Tests.EnPassantManagerTests" runstate="Runnable" seed="1598455994" result="Passed" start-time="2017-07-31 23:04:30Z" end-time="2017-07-31 23:04:30Z" duration="0.001579" asserts="0" />
          </test-suite>
          <test-suite type="ParameterizedMethod" id="0-1200" name="IfToSquareHasEnPassantMarkButMoveNotDiagonallyUpThenNothingHappens" fullname="ChessWithTDD.Tests.EnPassantManagerTests.IfToSquareHasEnPassantMarkButMoveNotDiagonallyUpThenNothingHappens" classname="ChessWithTDD.Tests.EnPassantManagerTests" runstate="Runnable" testcasecount="2" result="Passed" start-time="2017-07-31 23:04:30Z" end-time="2017-07-31 23:04:30Z" duration="0.010452" total="2" passed="2" failed="0" warnings="0" inconclusive="0" skipped="0" asserts="0">
            <test-case id="0-1198" name="IfToSquareHasEnPassantMarkButMoveNotDiagonallyUpThenNothingHappens(2,4,4,5)" fullname="ChessWithTDD.Tests.EnPassantManagerTests.IfToSquareHasEnPassantMarkButMoveNotDiagonallyUpThenNothingHappens(2,4,4,5)" methodname="IfToSquareHasEnPassantMarkButMoveNotDiagonallyUpThenNothingHappens" classname="ChessWithTDD.Tests.EnPassantManagerTests" runstate="Runnable" seed="1174843919" result="Passed" start-time="2017-07-31 23:04:30Z" end-time="2017-07-31 23:04:30Z" duration="0.003425" asserts="0" />
            <test-case id="0-1199" name="IfToSquareHasEnPassantMarkButMoveNotDiagonallyUpThenNothingHappens(1,3,5,2)" fullname="ChessWithTDD.Tests.EnPassantManagerTests.IfToSquareHasEnPassantMarkButMoveNotDiagonallyUpThenNothingHappens(1,3,5,2)" methodname="IfToSquareHasEnPassantMarkButMoveNotDiagonallyUpThenNothingHappens" classname="ChessWithTDD.Tests.EnPassantManagerTests" runstate="Runnable" seed="1017790239" result="Passed" start-time="2017-07-31 23:04:30Z" end-time="2017-07-31 23:04:30Z" duration="0.001616" asserts="0" />
          </test-suite>
          <test-suite type="ParameterizedMethod" id="0-1179" name="MarkPassedSquareWithEnPassantMarkIfMovingTwoSquaresDown" fullname="ChessWithTDD.Tests.EnPassantManagerTests.MarkPassedSquareWithEnPassantMarkIfMovingTwoSquaresDown" classname="ChessWithTDD.Tests.EnPassantManagerTests" runstate="Runnable" testcasecount="2" result="Passed" start-time="2017-07-31 23:04:30Z" end-time="2017-07-31 23:04:30Z" duration="0.009015" total="2" passed="2" failed="0" warnings="0" inconclusive="0" skipped="0" asserts="0">
            <test-case id="0-1177" name="MarkPassedSquareWithEnPassantMarkIfMovingTwoSquaresDown(6,4,4,4)" fullname="ChessWithTDD.Tests.EnPassantManagerTests.MarkPassedSquareWithEnPassantMarkIfMovingTwoSquaresDown(6,4,4,4)" methodname="MarkPassedSquareWithEnPassantMarkIfMovingTwoSquaresDown" classname="ChessWithTDD.Tests.EnPassantManagerTests" runstate="Runnable" seed="855031070" result="Passed" start-time="2017-07-31 23:04:30Z" end-time="2017-07-31 23:04:30Z" duration="0.002097" asserts="0" />
            <test-case id="0-1178" name="MarkPassedSquareWithEnPassantMarkIfMovingTwoSquaresDown(5,3,3,3)" fullname="ChessWithTDD.Tests.EnPassantManagerTests.MarkPassedSquareWithEnPassantMarkIfMovingTwoSquaresDown(5,3,3,3)" methodname="MarkPassedSquareWithEnPassantMarkIfMovingTwoSquaresDown" classname="ChessWithTDD.Tests.EnPassantManagerTests" runstate="Runnable" seed="1853588042" result="Passed" start-time="2017-07-31 23:04:30Z" end-time="2017-07-31 23:04:30Z" duration="0.001067" asserts="0" />
          </test-suite>
          <test-suite type="ParameterizedMethod" id="0-1176" name="MarkPassedSquareWithEnPassantMarkIfMovingTwoSquaresUp" fullname="ChessWithTDD.Tests.EnPassantManagerTests.MarkPassedSquareWithEnPassantMarkIfMovingTwoSquaresUp" classname="ChessWithTDD.Tests.EnPassantManagerTests" runstate="Runnable" testcasecount="2" result="Passed" start-time="2017-07-31 23:04:30Z" end-time="2017-07-31 23:04:30Z" duration="0.009504" total="2" passed="2" failed="0" warnings="0" inconclusive="0" skipped="0" asserts="0">
            <test-case id="0-1174" name="MarkPassedSquareWithEnPassantMarkIfMovingTwoSquaresUp(2,4,4,4)" fullname="ChessWithTDD.Tests.EnPassantManagerTests.MarkPassedSquareWithEnPassantMarkIfMovingTwoSquaresUp(2,4,4,4)" methodname="MarkPassedSquareWithEnPassantMarkIfMovingTwoSquaresUp" classname="ChessWithTDD.Tests.EnPassantManagerTests" runstate="Runnable" seed="1816185927" result="Passed" start-time="2017-07-31 23:04:30Z" end-time="2017-07-31 23:04:30Z" duration="0.002044" asserts="0" />
            <test-case id="0-1175" name="MarkPassedSquareWithEnPassantMarkIfMovingTwoSquaresUp(1,3,3,3)" fullname="ChessWithTDD.Tests.EnPassantManagerTests.MarkPassedSquareWithEnPassantMarkIfMovingTwoSquaresUp(1,3,3,3)" methodname="MarkPassedSquareWithEnPassantMarkIfMovingTwoSquaresUp" classname="ChessWithTDD.Tests.EnPassantManagerTests" runstate="Runnable" seed="1512814173" result="Passed" start-time="2017-07-31 23:04:30Z" end-time="2017-07-31 23:04:30Z" duration="0.001049" asserts="0" />
          </test-suite>
        </test-suite>
        <test-suite type="TestFixture" id="0-1111" name="GenericMoveValidatorTests" fullname="ChessWithTDD.Tests.GenericMoveValidatorTests" classname="ChessWithTDD.Tests.GenericMoveValidatorTests" runstate="Runnable" testcasecount="19" result="Passed" start-time="2017-07-31 23:04:30Z" end-time="2017-07-31 23:04:30Z" duration="0.097504" total="19" passed="19" failed="0" warnings="0" inconclusive="0" skipped="0" asserts="19">
          <test-suite type="ParameterizedMethod" id="0-1126" name="MoveWhereFromSquareDoesNotContainPieceIsNotValid" fullname="ChessWithTDD.Tests.GenericMoveValidatorTests.MoveWhereFromSquareDoesNotContainPieceIsNotValid" classname="ChessWithTDD.Tests.GenericMoveValidatorTests" runstate="Runnable" testcasecount="2" result="Passed" start-time="2017-07-31 23:04:30Z" end-time="2017-07-31 23:04:30Z" duration="0.008530" total="2" passed="2" failed="0" warnings="0" inconclusive="0" skipped="0" asserts="2">
            <test-case id="0-1124" name="MoveWhereFromSquareDoesNotContainPieceIsNotValid(1,1,2,2)" fullname="ChessWithTDD.Tests.GenericMoveValidatorTests.MoveWhereFromSquareDoesNotContainPieceIsNotValid(1,1,2,2)" methodname="MoveWhereFromSquareDoesNotContainPieceIsNotValid" classname="ChessWithTDD.Tests.GenericMoveValidatorTests" runstate="Runnable" seed="2134508618" result="Passed" start-time="2017-07-31 23:04:30Z" end-time="2017-07-31 23:04:30Z" duration="0.002432" asserts="1" />
            <test-case id="0-1125" name="MoveWhereFromSquareDoesNotContainPieceIsNotValid(5,3,7,7)" fullname="ChessWithTDD.Tests.GenericMoveValidatorTests.MoveWhereFromSquareDoesNotContainPieceIsNotValid(5,3,7,7)" methodname="MoveWhereFromSquareDoesNotContainPieceIsNotValid" classname="ChessWithTDD.Tests.GenericMoveValidatorTests" runstate="Runnable" seed="1046216074" result="Passed" start-time="2017-07-31 23:04:30Z" end-time="2017-07-31 23:04:30Z" duration="0.000919" asserts="1" />
          </test-suite>
          <test-suite type="ParameterizedMethod" id="0-1136" name="MoveWhereFromSquareHasAPieceOfDifferentValidColourToToSquareIsValid" fullname="ChessWithTDD.Tests.GenericMoveValidatorTests.MoveWhereFromSquareHasAPieceOfDifferentValidColourToToSquareIsValid" classname="ChessWithTDD.Tests.GenericMoveValidatorTests" runstate="Runnable" testcasecount="2" result="Passed" start-time="2017-07-31 23:04:30Z" end-time="2017-07-31 23:04:30Z" duration="0.008509" total="2" passed="2" failed="0" warnings="0" inconclusive="0" skipped="0" asserts="2">
            <test-case id="0-1134" name="MoveWhereFromSquareHasAPieceOfDifferentValidColourToToSquareIsValid(2,2,2,3)" fullname="ChessWithTDD.Tests.GenericMoveValidatorTests.MoveWhereFromSquareHasAPieceOfDifferentValidColourToToSquareIsValid(2,2,2,3)" methodname="MoveWhereFromSquareHasAPieceOfDifferentValidColourToToSquareIsValid" classname="ChessWithTDD.Tests.GenericMoveValidatorTests" runstate="Runnable" seed="1076644929" result="Passed" start-time="2017-07-31 23:04:30Z" end-time="2017-07-31 23:04:30Z" duration="0.001349" asserts="1" />
            <test-case id="0-1135" name="MoveWhereFromSquareHasAPieceOfDifferentValidColourToToSquareIsValid(5,3,6,3)" fullname="ChessWithTDD.Tests.GenericMoveValidatorTests.MoveWhereFromSquareHasAPieceOfDifferentValidColourToToSquareIsValid(5,3,6,3)" methodname="MoveWhereFromSquareHasAPieceOfDifferentValidColourToToSquareIsValid" classname="ChessWithTDD.Tests.GenericMoveValidatorTests" runstate="Runnable" seed="1899263242" result="Passed" start-time="2017-07-31 23:04:30Z" end-time="2017-07-31 23:04:30Z" duration="0.001023" asserts="1" />
          </test-suite>
          <test-suite type="ParameterizedMethod" id="0-1129" name="MoveWhereFromSquareIsSamePositionAsToSquareIsNotValid" fullname="ChessWithTDD.Tests.GenericMoveValidatorTests.MoveWhereFromSquareIsSamePositionAsToSquareIsNotValid" classname="ChessWithTDD.Tests.GenericMoveValidatorTests" runstate="Runnable" testcasecount="2" result="Passed" start-time="2017-07-31 23:04:30Z" end-time="2017-07-31 23:04:30Z" duration="0.008544" total="2" passed="2" failed="0" warnings="0" inconclusive="0" skipped="0" asserts="2">
            <test-case id="0-1127" name="MoveWhereFromSquareIsSamePositionAsToSquareIsNotValid(1,2,1,2)" fullname="ChessWithTDD.Tests.GenericMoveValidatorTests.MoveWhereFromSquareIsSamePositionAsToSquareIsNotValid(1,2,1,2)" methodname="MoveWhereFromSquareIsSamePositionAsToSquareIsNotValid" classname="ChessWithTDD.Tests.GenericMoveValidatorTests" runstate="Runnable" seed="1617325904" result="Passed" start-time="2017-07-31 23:04:30Z" end-time="2017-07-31 23:04:30Z" duration="0.001352" asserts="1" />
            <test-case id="0-1128" name="MoveWhereFromSquareIsSamePositionAsToSquareIsNotValid(5,3,5,3)" fullname="ChessWithTDD.Tests.GenericMoveValidatorTests.MoveWhereFromSquareIsSamePositionAsToSquareIsNotValid(5,3,5,3)" methodname="MoveWhereFromSquareIsSamePositionAsToSquareIsNotValid" classname="ChessWithTDD.Tests.GenericMoveValidatorTests" runstate="Runnable" seed="488892276" result="Passed" start-time="2017-07-31 23:04:30Z" end-time="2017-07-31 23:04:30Z" duration="0.001056" asserts="1" />
          </test-suite>
          <test-suite type="ParameterizedMethod" id="0-1123" name="MoveWhereFromSquareOrToSquareIsOffTheBoardIsNotValid" fullname="ChessWithTDD.Tests.GenericMoveValidatorTests.MoveWhereFromSquareOrToSquareIsOffTheBoardIsNotValid" classname="ChessWithTDD.Tests.GenericMoveValidatorTests" runstate="Runnable" testcasecount="8" result="Passed" start-time="2017-07-31 23:04:30Z" end-time="2017-07-31 23:04:30Z" duration="0.031013" total="8" passed="8" failed="0" warnings="0" inconclusive="0" skipped="0" asserts="8">
            <test-case id="0-1115" name="MoveWhereFromSquareOrToSquareIsOffTheBoardIsNotValid(1,1,9,5)" fullname="ChessWithTDD.Tests.GenericMoveValidatorTests.MoveWhereFromSquareOrToSquareIsOffTheBoardIsNotValid(1,1,9,5)" methodname="MoveWhereFromSquareOrToSquareIsOffTheBoardIsNotValid" classname="ChessWithTDD.Tests.GenericMoveValidatorTests" runstate="Runnable" seed="1917361158" result="Passed" start-time="2017-07-31 23:04:30Z" end-time="2017-07-31 23:04:30Z" duration="0.001403" asserts="1" />
            <test-case id="0-1116" name="MoveWhereFromSquareOrToSquareIsOffTheBoardIsNotValid(5,3,6,8)" fullname="ChessWithTDD.Tests.GenericMoveValidatorTests.MoveWhereFromSquareOrToSquareIsOffTheBoardIsNotValid(5,3,6,8)" methodname="MoveWhereFromSquareOrToSquareIsOffTheBoardIsNotValid" classname="ChessWithTDD.Tests.GenericMoveValidatorTests" runstate="Runnable" seed="874735453" result="Passed" start-time="2017-07-31 23:04:30Z" end-time="2017-07-31 23:04:30Z" duration="0.000843" asserts="1" />
            <test-case id="0-1117" name="MoveWhereFromSquareOrToSquareIsOffTheBoardIsNotValid(7,8,2,2)" fullname="ChessWithTDD.Tests.GenericMoveValidatorTests.MoveWhereFromSquareOrToSquareIsOffTheBoardIsNotValid(7,8,2,2)" methodname="MoveWhereFromSquareOrToSquareIsOffTheBoardIsNotValid" classname="ChessWithTDD.Tests.GenericMoveValidatorTests" runstate="Runnable" seed="1263835229" result="Passed" start-time="2017-07-31 23:04:30Z" end-time="2017-07-31 23:04:30Z" duration="0.000794" asserts="1" />
            <test-case id="0-1118" name="MoveWhereFromSquareOrToSquareIsOffTheBoardIsNotValid(9,1,2,2)" fullname="ChessWithTDD.Tests.GenericMoveValidatorTests.MoveWhereFromSquareOrToSquareIsOffTheBoardIsNotValid(9,1,2,2)" methodname="MoveWhereFromSquareOrToSquareIsOffTheBoardIsNotValid" classname="ChessWithTDD.Tests.GenericMoveValidatorTests" runstate="Runnable" seed="2060862367" result="Passed" start-time="2017-07-31 23:04:30Z" end-time="2017-07-31 23:04:30Z" duration="0.000775" asserts="1" />
            <test-case id="0-1119" name="MoveWhereFromSquareOrToSquareIsOffTheBoardIsNotValid(1,1,-1,5)" fullname="ChessWithTDD.Tests.GenericMoveValidatorTests.MoveWhereFromSquareOrToSquareIsOffTheBoardIsNotValid(1,1,-1,5)" methodname="MoveWhereFromSquareOrToSquareIsOffTheBoardIsNotValid" classname="ChessWithTDD.Tests.GenericMoveValidatorTests" runstate="Runnable" seed="230648670" result="Passed" start-time="2017-07-31 23:04:30Z" end-time="2017-07-31 23:04:30Z" duration="0.000867" asserts="1" />
            <test-case id="0-1120" name="MoveWhereFromSquareOrToSquareIsOffTheBoardIsNotValid(5,3,6,-1)" fullname="ChessWithTDD.Tests.GenericMoveValidatorTests.MoveWhereFromSquareOrToSquareIsOffTheBoardIsNotValid(5,3,6,-1)" methodname="MoveWhereFromSquareOrToSquareIsOffTheBoardIsNotValid" classname="ChessWithTDD.Tests.GenericMoveValidatorTests" runstate="Runnable" seed="2045361425" result="Passed" start-time="2017-07-31 23:04:30Z" end-time="2017-07-31 23:04:30Z" duration="0.001045" asserts="1" />
            <test-case id="0-1121" name="MoveWhereFromSquareOrToSquareIsOffTheBoardIsNotValid(7,-1,2,2)" fullname="ChessWithTDD.Tests.GenericMoveValidatorTests.MoveWhereFromSquareOrToSquareIsOffTheBoardIsNotValid(7,-1,2,2)" methodname="MoveWhereFromSquareOrToSquareIsOffTheBoardIsNotValid" classname="ChessWithTDD.Tests.GenericMoveValidatorTests" runstate="Runnable" seed="280368396" result="Passed" start-time="2017-07-31 23:04:30Z" end-time="2017-07-31 23:04:30Z" duration="0.000989" asserts="1" />
            <test-case id="0-1122" name="MoveWhereFromSquareOrToSquareIsOffTheBoardIsNotValid(-1,1,2,2)" fullname="ChessWithTDD.Tests.GenericMoveValidatorTests.MoveWhereFromSquareOrToSquareIsOffTheBoardIsNotValid(-1,1,2,2)" methodname="MoveWhereFromSquareOrToSquareIsOffTheBoardIsNotValid" classname="ChessWithTDD.Tests.GenericMoveValidatorTests" runstate="Runnable" seed="2050107256" result="Passed" start-time="2017-07-31 23:04:30Z" end-time="2017-07-31 23:04:30Z" duration="0.001402" asserts="1" />
          </test-suite>
          <test-suite type="ParameterizedMethod" id="0-1114" name="MoveWhereFromSquarePieceDoesNotHaveAValidColourIsNotValid" fullname="ChessWithTDD.Tests.GenericMoveValidatorTests.MoveWhereFromSquarePieceDoesNotHaveAValidColourIsNotValid" classname="ChessWithTDD.Tests.GenericMoveValidatorTests" runstate="Runnable" testcasecount="2" result="Passed" start-time="2017-07-31 23:04:30Z" end-time="2017-07-31 23:04:30Z" duration="0.008019" total="2" passed="2" failed="0" warnings="0" inconclusive="0" skipped="0" asserts="2">
            <test-case id="0-1112" name="MoveWhereFromSquarePieceDoesNotHaveAValidColourIsNotValid(1,1,2,2)" fullname="ChessWithTDD.Tests.GenericMoveValidatorTests.MoveWhereFromSquarePieceDoesNotHaveAValidColourIsNotValid(1,1,2,2)" methodname="MoveWhereFromSquarePieceDoesNotHaveAValidColourIsNotValid" classname="ChessWithTDD.Tests.GenericMoveValidatorTests" runstate="Runnable" seed="611169428" result="Passed" start-time="2017-07-31 23:04:30Z" end-time="2017-07-31 23:04:30Z" duration="0.001400" asserts="1" />
            <test-case id="0-1113" name="MoveWhereFromSquarePieceDoesNotHaveAValidColourIsNotValid(5,3,7,7)" fullname="ChessWithTDD.Tests.GenericMoveValidatorTests.MoveWhereFromSquarePieceDoesNotHaveAValidColourIsNotValid(5,3,7,7)" methodname="MoveWhereFromSquarePieceDoesNotHaveAValidColourIsNotValid" classname="ChessWithTDD.Tests.GenericMoveValidatorTests" runstate="Runnable" seed="1644887816" result="Passed" start-time="2017-07-31 23:04:30Z" end-time="2017-07-31 23:04:30Z" duration="0.000977" asserts="1" />
          </test-suite>
          <test-suite type="ParameterizedMethod" id="0-1133" name="MoveWherePieceInToSquareIsOfSameColourAsMovingPieceIsInvalid" fullname="ChessWithTDD.Tests.GenericMoveValidatorTests.MoveWherePieceInToSquareIsOfSameColourAsMovingPieceIsInvalid" classname="ChessWithTDD.Tests.GenericMoveValidatorTests" runstate="Runnable" testcasecount="3" result="Passed" start-time="2017-07-31 23:04:30Z" end-time="2017-07-31 23:04:30Z" duration="0.013002" total="3" passed="3" failed="0" warnings="0" inconclusive="0" skipped="0" asserts="3">
            <test-case id="0-1130" name="MoveWherePieceInToSquareIsOfSameColourAsMovingPieceIsInvalid(2,2,3,2,White)" fullname="ChessWithTDD.Tests.GenericMoveValidatorTests.MoveWherePieceInToSquareIsOfSameColourAsMovingPieceIsInvalid(2,2,3,2,White)" methodname="MoveWherePieceInToSquareIsOfSameColourAsMovingPieceIsInvalid" classname="ChessWithTDD.Tests.GenericMoveValidatorTests" runstate="Runnable" seed="1607138367" result="Passed" start-time="2017-07-31 23:04:30Z" end-time="2017-07-31 23:04:30Z" duration="0.001571" asserts="1" />
            <test-case id="0-1131" name="MoveWherePieceInToSquareIsOfSameColourAsMovingPieceIsInvalid(5,3,4,3,Black)" fullname="ChessWithTDD.Tests.GenericMoveValidatorTests.MoveWherePieceInToSquareIsOfSameColourAsMovingPieceIsInvalid(5,3,4,3,Black)" methodname="MoveWherePieceInToSquareIsOfSameColourAsMovingPieceIsInvalid" classname="ChessWithTDD.Tests.GenericMoveValidatorTests" runstate="Runnable" seed="1909607585" result="Passed" start-time="2017-07-31 23:04:30Z" end-time="2017-07-31 23:04:30Z" duration="0.001271" asserts="1" />
            <test-case id="0-1132" name="MoveWherePieceInToSquareIsOfSameColourAsMovingPieceIsInvalid(5,3,4,3,Invalid)" fullname="ChessWithTDD.Tests.GenericMoveValidatorTests.MoveWherePieceInToSquareIsOfSameColourAsMovingPieceIsInvalid(5,3,4,3,Invalid)" methodname="MoveWherePieceInToSquareIsOfSameColourAsMovingPieceIsInvalid" classname="ChessWithTDD.Tests.GenericMoveValidatorTests" runstate="Runnable" seed="2087878515" result="Passed" start-time="2017-07-31 23:04:30Z" end-time="2017-07-31 23:04:30Z" duration="0.001178" asserts="1" />
          </test-suite>
        </test-suite>
        <test-suite type="TestFixture" id="0-1646" name="KingTests" fullname="ChessWithTDD.Tests.KingTests" classname="ChessWithTDD.Tests.KingTests" runstate="Runnable" testcasecount="16" result="Passed" start-time="2017-07-31 23:04:30Z" end-time="2017-07-31 23:04:30Z" duration="0.074130" total="16" passed="16" failed="0" warnings="0" inconclusive="0" skipped="0" asserts="16">
          <test-suite type="ParameterizedMethod" id="0-1655" name="KingCanMoveToAdjacentSquares" fullname="ChessWithTDD.Tests.KingTests.KingCanMoveToAdjacentSquares" classname="ChessWithTDD.Tests.KingTests" runstate="Runnable" testcasecount="8" result="Passed" start-time="2017-07-31 23:04:30Z" end-time="2017-07-31 23:04:30Z" duration="0.031079" total="8" passed="8" failed="0" warnings="0" inconclusive="0" skipped="0" asserts="8">
            <test-case id="0-1647" name="KingCanMoveToAdjacentSquares(3,3,3,4)" fullname="ChessWithTDD.Tests.KingTests.KingCanMoveToAdjacentSquares(3,3,3,4)" methodname="KingCanMoveToAdjacentSquares" classname="ChessWithTDD.Tests.KingTests" runstate="Runnable" seed="1329195635" result="Passed" start-time="2017-07-31 23:04:30Z" end-time="2017-07-31 23:04:30Z" duration="0.001404" asserts="1" />
            <test-case id="0-1648" name="KingCanMoveToAdjacentSquares(3,3,4,3)" fullname="ChessWithTDD.Tests.KingTests.KingCanMoveToAdjacentSquares(3,3,4,3)" methodname="KingCanMoveToAdjacentSquares" classname="ChessWithTDD.Tests.KingTests" runstate="Runnable" seed="2080961453" result="Passed" start-time="2017-07-31 23:04:30Z" end-time="2017-07-31 23:04:30Z" duration="0.000849" asserts="1" />
            <test-case id="0-1649" name="KingCanMoveToAdjacentSquares(3,3,3,2)" fullname="ChessWithTDD.Tests.KingTests.KingCanMoveToAdjacentSquares(3,3,3,2)" methodname="KingCanMoveToAdjacentSquares" classname="ChessWithTDD.Tests.KingTests" runstate="Runnable" seed="674467642" result="Passed" start-time="2017-07-31 23:04:30Z" end-time="2017-07-31 23:04:30Z" duration="0.000763" asserts="1" />
            <test-case id="0-1650" name="KingCanMoveToAdjacentSquares(3,3,2,3)" fullname="ChessWithTDD.Tests.KingTests.KingCanMoveToAdjacentSquares(3,3,2,3)" methodname="KingCanMoveToAdjacentSquares" classname="ChessWithTDD.Tests.KingTests" runstate="Runnable" seed="1334714545" result="Passed" start-time="2017-07-31 23:04:30Z" end-time="2017-07-31 23:04:30Z" duration="0.000735" asserts="1" />
            <test-case id="0-1651" name="KingCanMoveToAdjacentSquares(3,3,4,4)" fullname="ChessWithTDD.Tests.KingTests.KingCanMoveToAdjacentSquares(3,3,4,4)" methodname="KingCanMoveToAdjacentSquares" classname="ChessWithTDD.Tests.KingTests" runstate="Runnable" seed="1926641512" result="Passed" start-time="2017-07-31 23:04:30Z" end-time="2017-07-31 23:04:30Z" duration="0.000797" asserts="1" />
            <test-case id="0-1652" name="KingCanMoveToAdjacentSquares(3,3,2,2)" fullname="ChessWithTDD.Tests.KingTests.KingCanMoveToAdjacentSquares(3,3,2,2)" methodname="KingCanMoveToAdjacentSquares" classname="ChessWithTDD.Tests.KingTests" runstate="Runnable" seed="529067277" result="Passed" start-time="2017-07-31 23:04:30Z" end-time="2017-07-31 23:04:30Z" duration="0.000736" asserts="1" />
            <test-case id="0-1653" name="KingCanMoveToAdjacentSquares(3,3,4,2)" fullname="ChessWithTDD.Tests.KingTests.KingCanMoveToAdjacentSquares(3,3,4,2)" methodname="KingCanMoveToAdjacentSquares" classname="ChessWithTDD.Tests.KingTests" runstate="Runnable" seed="348524248" result="Passed" start-time="2017-07-31 23:04:30Z" end-time="2017-07-31 23:04:30Z" duration="0.001671" asserts="1" />
            <test-case id="0-1654" name="KingCanMoveToAdjacentSquares(3,3,2,4)" fullname="ChessWithTDD.Tests.KingTests.KingCanMoveToAdjacentSquares(3,3,2,4)" methodname="KingCanMoveToAdjacentSquares" classname="ChessWithTDD.Tests.KingTests" runstate="Runnable" seed="1562809618" result="Passed" start-time="2017-07-31 23:04:30Z" end-time="2017-07-31 23:04:30Z" duration="0.000867" asserts="1" />
          </test-suite>
          <test-suite type="ParameterizedMethod" id="0-1666" name="KingCannotMoveDiagonallyMoreThanOneSquare" fullname="ChessWithTDD.Tests.KingTests.KingCannotMoveDiagonallyMoreThanOneSquare" classname="ChessWithTDD.Tests.KingTests" runstate="Runnable" testcasecount="4" result="Passed" start-time="2017-07-31 23:04:30Z" end-time="2017-07-31 23:04:30Z" duration="0.015488" total="4" passed="4" failed="0" warnings="0" inconclusive="0" skipped="0" asserts="4">
            <test-case id="0-1662" name="KingCannotMoveDiagonallyMoreThanOneSquare(2,5,5,2)" fullname="ChessWithTDD.Tests.KingTests.KingCannotMoveDiagonallyMoreThanOneSquare(2,5,5,2)" methodname="KingCannotMoveDiagonallyMoreThanOneSquare" classname="ChessWithTDD.Tests.KingTests" runstate="Runnable" seed="654957379" result="Passed" start-time="2017-07-31 23:04:30Z" end-time="2017-07-31 23:04:30Z" duration="0.001033" asserts="1" />
            <test-case id="0-1663" name="KingCannotMoveDiagonallyMoreThanOneSquare(2,3,5,6)" fullname="ChessWithTDD.Tests.KingTests.KingCannotMoveDiagonallyMoreThanOneSquare(2,3,5,6)" methodname="KingCannotMoveDiagonallyMoreThanOneSquare" classname="ChessWithTDD.Tests.KingTests" runstate="Runnable" seed="1975458802" result="Passed" start-time="2017-07-31 23:04:30Z" end-time="2017-07-31 23:04:30Z" duration="0.000783" asserts="1" />
            <test-case id="0-1664" name="KingCannotMoveDiagonallyMoreThanOneSquare(5,5,2,2)" fullname="ChessWithTDD.Tests.KingTests.KingCannotMoveDiagonallyMoreThanOneSquare(5,5,2,2)" methodname="KingCannotMoveDiagonallyMoreThanOneSquare" classname="ChessWithTDD.Tests.KingTests" runstate="Runnable" seed="661187597" result="Passed" start-time="2017-07-31 23:04:30Z" end-time="2017-07-31 23:04:30Z" duration="0.000782" asserts="1" />
            <test-case id="0-1665" name="KingCannotMoveDiagonallyMoreThanOneSquare(5,2,2,5)" fullname="ChessWithTDD.Tests.KingTests.KingCannotMoveDiagonallyMoreThanOneSquare(5,2,2,5)" methodname="KingCannotMoveDiagonallyMoreThanOneSquare" classname="ChessWithTDD.Tests.KingTests" runstate="Runnable" seed="1209059043" result="Passed" start-time="2017-07-31 23:04:30Z" end-time="2017-07-31 23:04:30Z" duration="0.000758" asserts="1" />
          </test-suite>
          <test-suite type="ParameterizedMethod" id="0-1661" name="KingCannotMoveHorizontallyMoreThanOneSquare" fullname="ChessWithTDD.Tests.KingTests.KingCannotMoveHorizontallyMoreThanOneSquare" classname="ChessWithTDD.Tests.KingTests" runstate="Runnable" testcasecount="2" result="Passed" start-time="2017-07-31 23:04:30Z" end-time="2017-07-31 23:04:30Z" duration="0.007493" total="2" passed="2" failed="0" warnings="0" inconclusive="0" skipped="0" asserts="2">
            <test-case id="0-1659" name="KingCannotMoveHorizontallyMoreThanOneSquare(2,6,2,0)" fullname="ChessWithTDD.Tests.KingTests.KingCannotMoveHorizontallyMoreThanOneSquare(2,6,2,0)" methodname="KingCannotMoveHorizontallyMoreThanOneSquare" classname="ChessWithTDD.Tests.KingTests" runstate="Runnable" seed="1442751998" result="Passed" start-time="2017-07-31 23:04:30Z" end-time="2017-07-31 23:04:30Z" duration="0.001035" asserts="1" />
            <test-case id="0-1660" name="KingCannotMoveHorizontallyMoreThanOneSquare(2,2,2,7)" fullname="ChessWithTDD.Tests.KingTests.KingCannotMoveHorizontallyMoreThanOneSquare(2,2,2,7)" methodname="KingCannotMoveHorizontallyMoreThanOneSquare" classname="ChessWithTDD.Tests.KingTests" runstate="Runnable" seed="1092638553" result="Passed" start-time="2017-07-31 23:04:30Z" end-time="2017-07-31 23:04:30Z" duration="0.000867" asserts="1" />
          </test-suite>
          <test-suite type="ParameterizedMethod" id="0-1658" name="KingCannotMoveVerticallyMoreThanOneSquare" fullname="ChessWithTDD.Tests.KingTests.KingCannotMoveVerticallyMoreThanOneSquare" classname="ChessWithTDD.Tests.KingTests" runstate="Runnable" testcasecount="2" result="Passed" start-time="2017-07-31 23:04:30Z" end-time="2017-07-31 23:04:30Z" duration="0.007459" total="2" passed="2" failed="0" warnings="0" inconclusive="0" skipped="0" asserts="2">
            <test-case id="0-1656" name="KingCannotMoveVerticallyMoreThanOneSquare(5,2,2,2)" fullname="ChessWithTDD.Tests.KingTests.KingCannotMoveVerticallyMoreThanOneSquare(5,2,2,2)" methodname="KingCannotMoveVerticallyMoreThanOneSquare" classname="ChessWithTDD.Tests.KingTests" runstate="Runnable" seed="2128936981" result="Passed" start-time="2017-07-31 23:04:30Z" end-time="2017-07-31 23:04:30Z" duration="0.001076" asserts="1" />
            <test-case id="0-1657" name="KingCannotMoveVerticallyMoreThanOneSquare(2,2,5,2)" fullname="ChessWithTDD.Tests.KingTests.KingCannotMoveVerticallyMoreThanOneSquare(2,2,5,2)" methodname="KingCannotMoveVerticallyMoreThanOneSquare" classname="ChessWithTDD.Tests.KingTests" runstate="Runnable" seed="1040888950" result="Passed" start-time="2017-07-31 23:04:30Z" end-time="2017-07-31 23:04:30Z" duration="0.000800" asserts="1" />
          </test-suite>
        </test-suite>
        <test-suite type="TestFixture" id="0-1667" name="KnightTests" fullname="ChessWithTDD.Tests.KnightTests" classname="ChessWithTDD.Tests.KnightTests" runstate="Runnable" testcasecount="16" result="Passed" start-time="2017-07-31 23:04:30Z" end-time="2017-07-31 23:04:30Z" duration="0.071161" total="16" passed="16" failed="0" warnings="0" inconclusive="0" skipped="0" asserts="16">
          <test-suite type="ParameterizedMethod" id="0-1677" name="KnightCanMoveOneHorizontalAndTwoVerticalPositions" fullname="ChessWithTDD.Tests.KnightTests.KnightCanMoveOneHorizontalAndTwoVerticalPositions" classname="ChessWithTDD.Tests.KnightTests" runstate="Runnable" testcasecount="4" result="Passed" start-time="2017-07-31 23:04:30Z" end-time="2017-07-31 23:04:30Z" duration="0.015008" total="4" passed="4" failed="0" warnings="0" inconclusive="0" skipped="0" asserts="4">
            <test-case id="0-1673" name="KnightCanMoveOneHorizontalAndTwoVerticalPositions(1,2,3,3)" fullname="ChessWithTDD.Tests.KnightTests.KnightCanMoveOneHorizontalAndTwoVerticalPositions(1,2,3,3)" methodname="KnightCanMoveOneHorizontalAndTwoVerticalPositions" classname="ChessWithTDD.Tests.KnightTests" runstate="Runnable" seed="2142690428" result="Passed" start-time="2017-07-31 23:04:30Z" end-time="2017-07-31 23:04:30Z" duration="0.001924" asserts="1" />
            <test-case id="0-1674" name="KnightCanMoveOneHorizontalAndTwoVerticalPositions(1,2,3,1)" fullname="ChessWithTDD.Tests.KnightTests.KnightCanMoveOneHorizontalAndTwoVerticalPositions(1,2,3,1)" methodname="KnightCanMoveOneHorizontalAndTwoVerticalPositions" classname="ChessWithTDD.Tests.KnightTests" runstate="Runnable" seed="349897154" result="Passed" start-time="2017-07-31 23:04:30Z" end-time="2017-07-31 23:04:30Z" duration="0.000772" asserts="1" />
            <test-case id="0-1675" name="KnightCanMoveOneHorizontalAndTwoVerticalPositions(2,3,0,4)" fullname="ChessWithTDD.Tests.KnightTests.KnightCanMoveOneHorizontalAndTwoVerticalPositions(2,3,0,4)" methodname="KnightCanMoveOneHorizontalAndTwoVerticalPositions" classname="ChessWithTDD.Tests.KnightTests" runstate="Runnable" seed="1830622787" result="Passed" start-time="2017-07-31 23:04:30Z" end-time="2017-07-31 23:04:30Z" duration="0.000827" asserts="1" />
            <test-case id="0-1676" name="KnightCanMoveOneHorizontalAndTwoVerticalPositions(2,3,0,2)" fullname="ChessWithTDD.Tests.KnightTests.KnightCanMoveOneHorizontalAndTwoVerticalPositions(2,3,0,2)" methodname="KnightCanMoveOneHorizontalAndTwoVerticalPositions" classname="ChessWithTDD.Tests.KnightTests" runstate="Runnable" seed="271419337" result="Passed" start-time="2017-07-31 23:04:30Z" end-time="2017-07-31 23:04:30Z" duration="0.000782" asserts="1" />
          </test-suite>
          <test-suite type="ParameterizedMethod" id="0-1672" name="KnightCanMoveOneVerticalAndTwoHorizontalPositions" fullname="ChessWithTDD.Tests.KnightTests.KnightCanMoveOneVerticalAndTwoHorizontalPositions" classname="ChessWithTDD.Tests.KnightTests" runstate="Runnable" testcasecount="4" result="Passed" start-time="2017-07-31 23:04:30Z" end-time="2017-07-31 23:04:30Z" duration="0.014492" total="4" passed="4" failed="0" warnings="0" inconclusive="0" skipped="0" asserts="4">
            <test-case id="0-1668" name="KnightCanMoveOneVerticalAndTwoHorizontalPositions(1,2,2,4)" fullname="ChessWithTDD.Tests.KnightTests.KnightCanMoveOneVerticalAndTwoHorizontalPositions(1,2,2,4)" methodname="KnightCanMoveOneVerticalAndTwoHorizontalPositions" classname="ChessWithTDD.Tests.KnightTests" runstate="Runnable" seed="936875855" result="Passed" start-time="2017-07-31 23:04:30Z" end-time="2017-07-31 23:04:30Z" duration="0.001093" asserts="1" />
            <test-case id="0-1669" name="KnightCanMoveOneVerticalAndTwoHorizontalPositions(1,2,0,4)" fullname="ChessWithTDD.Tests.KnightTests.KnightCanMoveOneVerticalAndTwoHorizontalPositions(1,2,0,4)" methodname="KnightCanMoveOneVerticalAndTwoHorizontalPositions" classname="ChessWithTDD.Tests.KnightTests" runstate="Runnable" seed="1983334944" result="Passed" start-time="2017-07-31 23:04:30Z" end-time="2017-07-31 23:04:30Z" duration="0.000787" asserts="1" />
            <test-case id="0-1670" name="KnightCanMoveOneVerticalAndTwoHorizontalPositions(2,3,3,1)" fullname="ChessWithTDD.Tests.KnightTests.KnightCanMoveOneVerticalAndTwoHorizontalPositions(2,3,3,1)" methodname="KnightCanMoveOneVerticalAndTwoHorizontalPositions" classname="ChessWithTDD.Tests.KnightTests" runstate="Runnable" seed="25359655" result="Passed" start-time="2017-07-31 23:04:30Z" end-time="2017-07-31 23:04:30Z" duration="0.000806" asserts="1" />
            <test-case id="0-1671" name="KnightCanMoveOneVerticalAndTwoHorizontalPositions(2,3,1,1)" fullname="ChessWithTDD.Tests.KnightTests.KnightCanMoveOneVerticalAndTwoHorizontalPositions(2,3,1,1)" methodname="KnightCanMoveOneVerticalAndTwoHorizontalPositions" classname="ChessWithTDD.Tests.KnightTests" runstate="Runnable" seed="423540796" result="Passed" start-time="2017-07-31 23:04:30Z" end-time="2017-07-31 23:04:30Z" duration="0.000815" asserts="1" />
          </test-suite>
          <test-suite type="ParameterizedMethod" id="0-1686" name="KnightCannotMoveIfNotLShaped" fullname="ChessWithTDD.Tests.KnightTests.KnightCannotMoveIfNotLShaped" classname="ChessWithTDD.Tests.KnightTests" runstate="Runnable" testcasecount="8" result="Passed" start-time="2017-07-31 23:04:30Z" end-time="2017-07-31 23:04:30Z" duration="0.032014" total="8" passed="8" failed="0" warnings="0" inconclusive="0" skipped="0" asserts="8">
            <test-case id="0-1678" name="KnightCannotMoveIfNotLShaped(1,1,2,2)" fullname="ChessWithTDD.Tests.KnightTests.KnightCannotMoveIfNotLShaped(1,1,2,2)" methodname="KnightCannotMoveIfNotLShaped" classname="ChessWithTDD.Tests.KnightTests" runstate="Runnable" seed="1964726608" result="Passed" start-time="2017-07-31 23:04:30Z" end-time="2017-07-31 23:04:30Z" duration="0.002104" asserts="1" />
            <test-case id="0-1679" name="KnightCannotMoveIfNotLShaped(1,1,3,3)" fullname="ChessWithTDD.Tests.KnightTests.KnightCannotMoveIfNotLShaped(1,1,3,3)" methodname="KnightCannotMoveIfNotLShaped" classname="ChessWithTDD.Tests.KnightTests" runstate="Runnable" seed="56595549" result="Passed" start-time="2017-07-31 23:04:30Z" end-time="2017-07-31 23:04:30Z" duration="0.000838" asserts="1" />
            <test-case id="0-1680" name="KnightCannotMoveIfNotLShaped(1,1,4,4)" fullname="ChessWithTDD.Tests.KnightTests.KnightCannotMoveIfNotLShaped(1,1,4,4)" methodname="KnightCannotMoveIfNotLShaped" classname="ChessWithTDD.Tests.KnightTests" runstate="Runnable" seed="998173314" result="Passed" start-time="2017-07-31 23:04:30Z" end-time="2017-07-31 23:04:30Z" duration="0.000785" asserts="1" />
            <test-case id="0-1681" name="KnightCannotMoveIfNotLShaped(4,4,0,0)" fullname="ChessWithTDD.Tests.KnightTests.KnightCannotMoveIfNotLShaped(4,4,0,0)" methodname="KnightCannotMoveIfNotLShaped" classname="ChessWithTDD.Tests.KnightTests" runstate="Runnable" seed="952956111" result="Passed" start-time="2017-07-31 23:04:30Z" end-time="2017-07-31 23:04:30Z" duration="0.000776" asserts="1" />
            <test-case id="0-1682" name="KnightCannotMoveIfNotLShaped(1,2,3,4)" fullname="ChessWithTDD.Tests.KnightTests.KnightCannotMoveIfNotLShaped(1,2,3,4)" methodname="KnightCannotMoveIfNotLShaped" classname="ChessWithTDD.Tests.KnightTests" runstate="Runnable" seed="679606048" result="Passed" start-time="2017-07-31 23:04:30Z" end-time="2017-07-31 23:04:30Z" duration="0.000790" asserts="1" />
            <test-case id="0-1683" name="KnightCannotMoveIfNotLShaped(1,2,6,7)" fullname="ChessWithTDD.Tests.KnightTests.KnightCannotMoveIfNotLShaped(1,2,6,7)" methodname="KnightCannotMoveIfNotLShaped" classname="ChessWithTDD.Tests.KnightTests" runstate="Runnable" seed="1519068531" result="Passed" start-time="2017-07-31 23:04:30Z" end-time="2017-07-31 23:04:30Z" duration="0.000759" asserts="1" />
            <test-case id="0-1684" name="KnightCannotMoveIfNotLShaped(4,8,2,6)" fullname="ChessWithTDD.Tests.KnightTests.KnightCannotMoveIfNotLShaped(4,8,2,6)" methodname="KnightCannotMoveIfNotLShaped" classname="ChessWithTDD.Tests.KnightTests" runstate="Runnable" seed="541802777" result="Passed" start-time="2017-07-31 23:04:30Z" end-time="2017-07-31 23:04:30Z" duration="0.000939" asserts="1" />
            <test-case id="0-1685" name="KnightCannotMoveIfNotLShaped(5,1,3,4)" fullname="ChessWithTDD.Tests.KnightTests.KnightCannotMoveIfNotLShaped(5,1,3,4)" methodname="KnightCannotMoveIfNotLShaped" classname="ChessWithTDD.Tests.KnightTests" runstate="Runnable" seed="1151786968" result="Passed" start-time="2017-07-31 23:04:30Z" end-time="2017-07-31 23:04:30Z" duration="0.000825" asserts="1" />
          </test-suite>
        </test-suite>
        <test-suite type="TestFixture" id="0-1495" name="MoveConversionDataTests" fullname="ChessWithTDD.Tests.MoveConversionDataTests" classname="ChessWithTDD.Tests.MoveConversionDataTests" runstate="Runnable" testcasecount="8" result="Passed" start-time="2017-07-31 23:04:30Z" end-time="2017-07-31 23:04:30Z" duration="0.035016" total="8" passed="8" failed="0" warnings="0" inconclusive="0" skipped="0" asserts="32">
          <test-suite type="ParameterizedMethod" id="0-1500" name="NonTrivialConstructorTest" fullname="ChessWithTDD.Tests.MoveConversionDataTests.NonTrivialConstructorTest" classname="ChessWithTDD.Tests.MoveConversionDataTests" runstate="Runnable" testcasecount="4" result="Passed" start-time="2017-07-31 23:04:30Z" end-time="2017-07-31 23:04:30Z" duration="0.016008" total="4" passed="4" failed="0" warnings="0" inconclusive="0" skipped="0" asserts="16">
            <test-case id="0-1496" name="NonTrivialConstructorTest(1,2,3,4,False,False)" fullname="ChessWithTDD.Tests.MoveConversionDataTests.NonTrivialConstructorTest(1,2,3,4,False,False)" methodname="NonTrivialConstructorTest" classname="ChessWithTDD.Tests.MoveConversionDataTests" runstate="Runnable" seed="625103802" result="Passed" start-time="2017-07-31 23:04:30Z" end-time="2017-07-31 23:04:30Z" duration="0.002342" asserts="4" />
            <test-case id="0-1497" name="NonTrivialConstructorTest(5,6,7,8,False,True)" fullname="ChessWithTDD.Tests.MoveConversionDataTests.NonTrivialConstructorTest(5,6,7,8,False,True)" methodname="NonTrivialConstructorTest" classname="ChessWithTDD.Tests.MoveConversionDataTests" runstate="Runnable" seed="698039534" result="Passed" start-time="2017-07-31 23:04:30Z" end-time="2017-07-31 23:04:30Z" duration="0.000822" asserts="4" />
            <test-case id="0-1498" name="NonTrivialConstructorTest(2,3,4,5,True,False)" fullname="ChessWithTDD.Tests.MoveConversionDataTests.NonTrivialConstructorTest(2,3,4,5,True,False)" methodname="NonTrivialConstructorTest" classname="ChessWithTDD.Tests.MoveConversionDataTests" runstate="Runnable" seed="109780892" result="Passed" start-time="2017-07-31 23:04:30Z" end-time="2017-07-31 23:04:30Z" duration="0.000699" asserts="4" />
            <test-case id="0-1499" name="NonTrivialConstructorTest(0,0,0,0,True,True)" fullname="ChessWithTDD.Tests.MoveConversionDataTests.NonTrivialConstructorTest(0,0,0,0,True,True)" methodname="NonTrivialConstructorTest" classname="ChessWithTDD.Tests.MoveConversionDataTests" runstate="Runnable" seed="2006126613" result="Passed" start-time="2017-07-31 23:04:30Z" end-time="2017-07-31 23:04:30Z" duration="0.000707" asserts="4" />
          </test-suite>
          <test-suite type="ParameterizedMethod" id="0-1505" name="SimpleConstructorTest" fullname="ChessWithTDD.Tests.MoveConversionDataTests.SimpleConstructorTest" classname="ChessWithTDD.Tests.MoveConversionDataTests" runstate="Runnable" testcasecount="4" result="Passed" start-time="2017-07-31 23:04:30Z" end-time="2017-07-31 23:04:30Z" duration="0.012474" total="4" passed="4" failed="0" warnings="0" inconclusive="0" skipped="0" asserts="16">
            <test-case id="0-1501" name="SimpleConstructorTest(1,2,3,4,False,False)" fullname="ChessWithTDD.Tests.MoveConversionDataTests.SimpleConstructorTest(1,2,3,4,False,False)" methodname="SimpleConstructorTest" classname="ChessWithTDD.Tests.MoveConversionDataTests" runstate="Runnable" seed="1163410345" result="Passed" start-time="2017-07-31 23:04:30Z" end-time="2017-07-31 23:04:30Z" duration="0.000660" asserts="4" />
            <test-case id="0-1502" name="SimpleConstructorTest(5,6,7,8,False,True)" fullname="ChessWithTDD.Tests.MoveConversionDataTests.SimpleConstructorTest(5,6,7,8,False,True)" methodname="SimpleConstructorTest" classname="ChessWithTDD.Tests.MoveConversionDataTests" runstate="Runnable" seed="1796957743" result="Passed" start-time="2017-07-31 23:04:30Z" end-time="2017-07-31 23:04:30Z" duration="0.000084" asserts="4" />
            <test-case id="0-1503" name="SimpleConstructorTest(2,3,4,5,True,False)" fullname="ChessWithTDD.Tests.MoveConversionDataTests.SimpleConstructorTest(2,3,4,5,True,False)" methodname="SimpleConstructorTest" classname="ChessWithTDD.Tests.MoveConversionDataTests" runstate="Runnable" seed="490862098" result="Passed" start-time="2017-07-31 23:04:30Z" end-time="2017-07-31 23:04:30Z" duration="0.000139" asserts="4" />
            <test-case id="0-1504" name="SimpleConstructorTest(0,0,0,0,True,True)" fullname="ChessWithTDD.Tests.MoveConversionDataTests.SimpleConstructorTest(0,0,0,0,True,True)" methodname="SimpleConstructorTest" classname="ChessWithTDD.Tests.MoveConversionDataTests" runstate="Runnable" seed="1149553545" result="Passed" start-time="2017-07-31 23:04:30Z" end-time="2017-07-31 23:04:30Z" duration="0.000108" asserts="4" />
          </test-suite>
        </test-suite>
        <test-suite type="TestFixture" id="0-1094" name="MoveExecutorTests" fullname="ChessWithTDD.Tests.MoveExecutorTests" classname="ChessWithTDD.Tests.MoveExecutorTests" runstate="Runnable" testcasecount="14" result="Passed" start-time="2017-07-31 23:04:30Z" end-time="2017-07-31 23:04:30Z" duration="0.093500" total="14" passed="14" failed="0" warnings="0" inconclusive="0" skipped="0" asserts="21">
          <test-suite type="ParameterizedMethod" id="0-1109" name="ApplyMoveAddsToAndFromSquaresToPendingUpdatesForBoard" fullname="ChessWithTDD.Tests.MoveExecutorTests.ApplyMoveAddsToAndFromSquaresToPendingUpdatesForBoard" classname="ChessWithTDD.Tests.MoveExecutorTests" runstate="Runnable" testcasecount="3" result="Passed" start-time="2017-07-31 23:04:30Z" end-time="2017-07-31 23:04:30Z" duration="0.019510" total="3" passed="3" failed="0" warnings="0" inconclusive="0" skipped="0" asserts="6">
            <test-case id="0-1106" name="ApplyMoveAddsToAndFromSquaresToPendingUpdatesForBoard(2,4,6,7)" fullname="ChessWithTDD.Tests.MoveExecutorTests.ApplyMoveAddsToAndFromSquaresToPendingUpdatesForBoard(2,4,6,7)" methodname="ApplyMoveAddsToAndFromSquaresToPendingUpdatesForBoard" classname="ChessWithTDD.Tests.MoveExecutorTests" runstate="Runnable" seed="1415232546" result="Passed" start-time="2017-07-31 23:04:30Z" end-time="2017-07-31 23:04:30Z" duration="0.006575" asserts="2" />
            <test-case id="0-1107" name="ApplyMoveAddsToAndFromSquaresToPendingUpdatesForBoard(3,3,1,1)" fullname="ChessWithTDD.Tests.MoveExecutorTests.ApplyMoveAddsToAndFromSquaresToPendingUpdatesForBoard(3,3,1,1)" methodname="ApplyMoveAddsToAndFromSquaresToPendingUpdatesForBoard" classname="ChessWithTDD.Tests.MoveExecutorTests" runstate="Runnable" seed="780884612" result="Passed" start-time="2017-07-31 23:04:30Z" end-time="2017-07-31 23:04:30Z" duration="0.002119" asserts="2" />
            <test-case id="0-1108" name="ApplyMoveAddsToAndFromSquaresToPendingUpdatesForBoard(1,3,1,5)" fullname="ChessWithTDD.Tests.MoveExecutorTests.ApplyMoveAddsToAndFromSquaresToPendingUpdatesForBoard(1,3,1,5)" methodname="ApplyMoveAddsToAndFromSquaresToPendingUpdatesForBoard" classname="ChessWithTDD.Tests.MoveExecutorTests" runstate="Runnable" seed="253046416" result="Passed" start-time="2017-07-31 23:04:30Z" end-time="2017-07-31 23:04:30Z" duration="0.002212" asserts="2" />
          </test-suite>
          <test-suite type="ParameterizedMethod" id="0-1105" name="ApplyMoveToBoardChangesBoardStateCorrectly" fullname="ChessWithTDD.Tests.MoveExecutorTests.ApplyMoveToBoardChangesBoardStateCorrectly" classname="ChessWithTDD.Tests.MoveExecutorTests" runstate="Runnable" testcasecount="3" result="Passed" start-time="2017-07-31 23:04:30Z" end-time="2017-07-31 23:04:30Z" duration="0.019020" total="3" passed="3" failed="0" warnings="0" inconclusive="0" skipped="0" asserts="9">
            <test-case id="0-1102" name="ApplyMoveToBoardChangesBoardStateCorrectly(2,4,6,7)" fullname="ChessWithTDD.Tests.MoveExecutorTests.ApplyMoveToBoardChangesBoardStateCorrectly(2,4,6,7)" methodname="ApplyMoveToBoardChangesBoardStateCorrectly" classname="ChessWithTDD.Tests.MoveExecutorTests" runstate="Runnable" seed="1304444139" result="Passed" start-time="2017-07-31 23:04:30Z" end-time="2017-07-31 23:04:30Z" duration="0.006352" asserts="3" />
            <test-case id="0-1103" name="ApplyMoveToBoardChangesBoardStateCorrectly(3,3,1,1)" fullname="ChessWithTDD.Tests.MoveExecutorTests.ApplyMoveToBoardChangesBoardStateCorrectly(3,3,1,1)" methodname="ApplyMoveToBoardChangesBoardStateCorrectly" classname="ChessWithTDD.Tests.MoveExecutorTests" runstate="Runnable" seed="1692430637" result="Passed" start-time="2017-07-31 23:04:30Z" end-time="2017-07-31 23:04:30Z" duration="0.002150" asserts="3" />
            <test-case id="0-1104" name="ApplyMoveToBoardChangesBoardStateCorrectly(1,3,1,5)" fullname="ChessWithTDD.Tests.MoveExecutorTests.ApplyMoveToBoardChangesBoardStateCorrectly(1,3,1,5)" methodname="ApplyMoveToBoardChangesBoardStateCorrectly" classname="ChessWithTDD.Tests.MoveExecutorTests" runstate="Runnable" seed="1356714952" result="Passed" start-time="2017-07-31 23:04:30Z" end-time="2017-07-31 23:04:30Z" duration="0.002165" asserts="3" />
          </test-suite>
          <test-case id="0-1110" name="TestOrderingOfCallsInApplyMethod" fullname="ChessWithTDD.Tests.MoveExecutorTests.TestOrderingOfCallsInApplyMethod" methodname="TestOrderingOfCallsInApplyMethod" classname="ChessWithTDD.Tests.MoveExecutorTests" runstate="Runnable" seed="1304919775" result="Passed" start-time="2017-07-31 23:04:30Z" end-time="2017-07-31 23:04:30Z" duration="0.007838" asserts="4" />
          <test-case id="0-1096" name="WhenApplyMoveIsCalledAndFromSquareContainsAnyPieceDoNotCallPawnManager" fullname="ChessWithTDD.Tests.MoveExecutorTests.WhenApplyMoveIsCalledAndFromSquareContainsAnyPieceDoNotCallPawnManager" methodname="WhenApplyMoveIsCalledAndFromSquareContainsAnyPieceDoNotCallPawnManager" classname="ChessWithTDD.Tests.MoveExecutorTests" runstate="Runnable" seed="40211913" result="Passed" start-time="2017-07-31 23:04:30Z" end-time="2017-07-31 23:04:30Z" duration="0.002851" asserts="0" />
          <test-case id="0-1095" name="WhenApplyMoveIsCalledAndFromSquareContainsAPawnCallPawnManager" fullname="ChessWithTDD.Tests.MoveExecutorTests.WhenApplyMoveIsCalledAndFromSquareContainsAPawnCallPawnManager" methodname="WhenApplyMoveIsCalledAndFromSquareContainsAPawnCallPawnManager" classname="ChessWithTDD.Tests.MoveExecutorTests" runstate="Runnable" seed="1753070131" result="Passed" start-time="2017-07-31 23:04:30Z" end-time="2017-07-31 23:04:30Z" duration="0.002581" asserts="0" />
          <test-case id="0-1100" name="WhenApplyMoveIsCalledBoardCacheUpdatesBlackKingSquareIfBlackKingInFromSquareIsCalled" fullname="ChessWithTDD.Tests.MoveExecutorTests.WhenApplyMoveIsCalledBoardCacheUpdatesBlackKingSquareIfBlackKingInFromSquareIsCalled" methodname="WhenApplyMoveIsCalledBoardCacheUpdatesBlackKingSquareIfBlackKingInFromSquareIsCalled" classname="ChessWithTDD.Tests.MoveExecutorTests" runstate="Runnable" seed="1653053508" result="Passed" start-time="2017-07-31 23:04:30Z" end-time="2017-07-31 23:04:30Z" duration="0.002280" asserts="1" />
          <test-case id="0-1101" name="WhenApplyMoveIsCalledBoardCacheUpdatesWhiteKingSquareIfWhiteKingInFromSquareIsCalled" fullname="ChessWithTDD.Tests.MoveExecutorTests.WhenApplyMoveIsCalledBoardCacheUpdatesWhiteKingSquareIfWhiteKingInFromSquareIsCalled" methodname="WhenApplyMoveIsCalledBoardCacheUpdatesWhiteKingSquareIfWhiteKingInFromSquareIsCalled" classname="ChessWithTDD.Tests.MoveExecutorTests" runstate="Runnable" seed="807912348" result="Passed" start-time="2017-07-31 23:04:30Z" end-time="2017-07-31 23:04:30Z" duration="0.002184" asserts="1" />
          <test-case id="0-1097" name="WhenApplyMoveIsCalledUnmarkEnPassantSquaresIsCalledWithTurnCounter" fullname="ChessWithTDD.Tests.MoveExecutorTests.WhenApplyMoveIsCalledUnmarkEnPassantSquaresIsCalledWithTurnCounter" methodname="WhenApplyMoveIsCalledUnmarkEnPassantSquaresIsCalledWithTurnCounter" classname="ChessWithTDD.Tests.MoveExecutorTests" runstate="Runnable" seed="345184730" result="Passed" start-time="2017-07-31 23:04:30Z" end-time="2017-07-31 23:04:30Z" duration="0.002155" asserts="0" />
          <test-case id="0-1098" name="WhenApplyMoveIsCalledUpdateBoardCacheIsCalled" fullname="ChessWithTDD.Tests.MoveExecutorTests.WhenApplyMoveIsCalledUpdateBoardCacheIsCalled" methodname="WhenApplyMoveIsCalledUpdateBoardCacheIsCalled" classname="ChessWithTDD.Tests.MoveExecutorTests" runstate="Runnable" seed="1884079224" result="Passed" start-time="2017-07-31 23:04:30Z" end-time="2017-07-31 23:04:30Z" duration="0.001865" asserts="0" />
          <test-case id="0-1099" name="WhenApplyMoveIsCalledUpdateCheckStatesIsCalled" fullname="ChessWithTDD.Tests.MoveExecutorTests.WhenApplyMoveIsCalledUpdateCheckStatesIsCalled" methodname="WhenApplyMoveIsCalledUpdateCheckStatesIsCalled" classname="ChessWithTDD.Tests.MoveExecutorTests" runstate="Runnable" seed="2005411895" result="Passed" start-time="2017-07-31 23:04:30Z" end-time="2017-07-31 23:04:30Z" duration="0.002874" asserts="0" />
        </test-suite>
        <test-suite type="TestFixture" id="0-1506" name="MoveGenerationDataTests" fullname="ChessWithTDD.Tests.MoveGenerationDataTests" classname="ChessWithTDD.Tests.MoveGenerationDataTests" runstate="Runnable" testcasecount="8" result="Passed" start-time="2017-07-31 23:04:30Z" end-time="2017-07-31 23:04:30Z" duration="0.037705" total="8" passed="8" failed="0" warnings="0" inconclusive="0" skipped="0" asserts="48">
          <test-suite type="ParameterizedMethod" id="0-1511" name="NonTrivialConstructorTest" fullname="ChessWithTDD.Tests.MoveGenerationDataTests.NonTrivialConstructorTest" classname="ChessWithTDD.Tests.MoveGenerationDataTests" runstate="Runnable" testcasecount="4" result="Passed" start-time="2017-07-31 23:04:30Z" end-time="2017-07-31 23:04:30Z" duration="0.017505" total="4" passed="4" failed="0" warnings="0" inconclusive="0" skipped="0" asserts="24">
            <test-case id="0-1507" name="NonTrivialConstructorTest(1,2,3,4,False,False,False)" fullname="ChessWithTDD.Tests.MoveGenerationDataTests.NonTrivialConstructorTest(1,2,3,4,False,False,False)" methodname="NonTrivialConstructorTest" classname="ChessWithTDD.Tests.MoveGenerationDataTests" runstate="Runnable" seed="974069559" result="Passed" start-time="2017-07-31 23:04:30Z" end-time="2017-07-31 23:04:30Z" duration="0.003191" asserts="6" />
            <test-case id="0-1508" name="NonTrivialConstructorTest(5,6,7,8,False,True,True)" fullname="ChessWithTDD.Tests.MoveGenerationDataTests.NonTrivialConstructorTest(5,6,7,8,False,True,True)" methodname="NonTrivialConstructorTest" classname="ChessWithTDD.Tests.MoveGenerationDataTests" runstate="Runnable" seed="1561978112" result="Passed" start-time="2017-07-31 23:04:30Z" end-time="2017-07-31 23:04:30Z" duration="0.000825" asserts="6" />
            <test-case id="0-1509" name="NonTrivialConstructorTest(2,3,4,5,True,False,False)" fullname="ChessWithTDD.Tests.MoveGenerationDataTests.NonTrivialConstructorTest(2,3,4,5,True,False,False)" methodname="NonTrivialConstructorTest" classname="ChessWithTDD.Tests.MoveGenerationDataTests" runstate="Runnable" seed="1929857087" result="Passed" start-time="2017-07-31 23:04:30Z" end-time="2017-07-31 23:04:30Z" duration="0.000803" asserts="6" />
            <test-case id="0-1510" name="NonTrivialConstructorTest(0,0,0,0,True,True,True)" fullname="ChessWithTDD.Tests.MoveGenerationDataTests.NonTrivialConstructorTest(0,0,0,0,True,True,True)" methodname="NonTrivialConstructorTest" classname="ChessWithTDD.Tests.MoveGenerationDataTests" runstate="Runnable" seed="1882434749" result="Passed" start-time="2017-07-31 23:04:30Z" end-time="2017-07-31 23:04:30Z" duration="0.000888" asserts="6" />
          </test-suite>
          <test-suite type="ParameterizedMethod" id="0-1516" name="SimpleConstructorTest" fullname="ChessWithTDD.Tests.MoveGenerationDataTests.SimpleConstructorTest" classname="ChessWithTDD.Tests.MoveGenerationDataTests" runstate="Runnable" testcasecount="4" result="Passed" start-time="2017-07-31 23:04:30Z" end-time="2017-07-31 23:04:30Z" duration="0.012516" total="4" passed="4" failed="0" warnings="0" inconclusive="0" skipped="0" asserts="24">
            <test-case id="0-1512" name="SimpleConstructorTest(1,2,3,4,False,False,False)" fullname="ChessWithTDD.Tests.MoveGenerationDataTests.SimpleConstructorTest(1,2,3,4,False,False,False)" methodname="SimpleConstructorTest" classname="ChessWithTDD.Tests.MoveGenerationDataTests" runstate="Runnable" seed="635736467" result="Passed" start-time="2017-07-31 23:04:30Z" end-time="2017-07-31 23:04:30Z" duration="0.000874" asserts="6" />
            <test-case id="0-1513" name="SimpleConstructorTest(5,6,7,8,False,True,True)" fullname="ChessWithTDD.Tests.MoveGenerationDataTests.SimpleConstructorTest(5,6,7,8,False,True,True)" methodname="SimpleConstructorTest" classname="ChessWithTDD.Tests.MoveGenerationDataTests" runstate="Runnable" seed="206352815" result="Passed" start-time="2017-07-31 23:04:30Z" end-time="2017-07-31 23:04:30Z" duration="0.000133" asserts="6" />
            <test-case id="0-1514" name="SimpleConstructorTest(2,3,4,5,True,False,False)" fullname="ChessWithTDD.Tests.MoveGenerationDataTests.SimpleConstructorTest(2,3,4,5,True,False,False)" methodname="SimpleConstructorTest" classname="ChessWithTDD.Tests.MoveGenerationDataTests" runstate="Runnable" seed="1666396810" result="Passed" start-time="2017-07-31 23:04:30Z" end-time="2017-07-31 23:04:30Z" duration="0.000121" asserts="6" />
            <test-case id="0-1515" name="SimpleConstructorTest(0,0,0,0,True,True,True)" fullname="ChessWithTDD.Tests.MoveGenerationDataTests.SimpleConstructorTest(0,0,0,0,True,True,True)" methodname="SimpleConstructorTest" classname="ChessWithTDD.Tests.MoveGenerationDataTests" runstate="Runnable" seed="913588094" result="Passed" start-time="2017-07-31 23:04:30Z" end-time="2017-07-31 23:04:30Z" duration="0.000122" asserts="6" />
          </test-suite>
        </test-suite>
        <test-suite type="TestFixture" id="0-1137" name="MoveIntoCheckValidatorTests" fullname="ChessWithTDD.Tests.MoveIntoCheckValidatorTests" classname="ChessWithTDD.Tests.MoveIntoCheckValidatorTests" runstate="Runnable" testcasecount="0" result="Passed" start-time="2017-07-31 23:04:30Z" end-time="2017-07-31 23:04:30Z" duration="0.000065" total="0" passed="0" failed="0" warnings="0" inconclusive="0" skipped="0" asserts="0" />
        <test-suite type="TestFixture" id="0-1850" name="MoveTests" fullname="ChessWithTDD.Tests.MoveTests" classname="ChessWithTDD.Tests.MoveTests" runstate="Runnable" testcasecount="15" result="Passed" start-time="2017-07-31 23:04:30Z" end-time="2017-07-31 23:04:30Z" duration="0.068039" total="15" passed="15" failed="0" warnings="0" inconclusive="0" skipped="0" asserts="15">
          <test-suite type="ParameterizedMethod" id="0-1852" name="MoveIntialisesWithFromSquareAndToSquareCorrectly" fullname="ChessWithTDD.Tests.MoveTests.MoveIntialisesWithFromSquareAndToSquareCorrectly" classname="ChessWithTDD.Tests.MoveTests" runstate="Runnable" testcasecount="1" result="Passed" start-time="2017-07-31 23:04:30Z" end-time="2017-07-31 23:04:30Z" duration="0.003011" total="1" passed="1" failed="0" warnings="0" inconclusive="0" skipped="0" asserts="1">
            <test-case id="0-1851" name="MoveIntialisesWithFromSquareAndToSquareCorrectly(1,2,3,4)" fullname="ChessWithTDD.Tests.MoveTests.MoveIntialisesWithFromSquareAndToSquareCorrectly(1,2,3,4)" methodname="MoveIntialisesWithFromSquareAndToSquareCorrectly" classname="ChessWithTDD.Tests.MoveTests" runstate="Runnable" seed="772123363" result="Passed" start-time="2017-07-31 23:04:30Z" end-time="2017-07-31 23:04:30Z" duration="0.000367" asserts="1" />
          </test-suite>
          <test-suite type="ParameterizedMethod" id="0-1860" name="MoveObjectEqualsOverrideReturnsFalse" fullname="ChessWithTDD.Tests.MoveTests.MoveObjectEqualsOverrideReturnsFalse" classname="ChessWithTDD.Tests.MoveTests" runstate="Runnable" testcasecount="4" result="Passed" start-time="2017-07-31 23:04:30Z" end-time="2017-07-31 23:04:30Z" duration="0.014042" total="4" passed="4" failed="0" warnings="0" inconclusive="0" skipped="0" asserts="4">
            <test-case id="0-1856" name="MoveObjectEqualsOverrideReturnsFalse(1,2,3,5)" fullname="ChessWithTDD.Tests.MoveTests.MoveObjectEqualsOverrideReturnsFalse(1,2,3,5)" methodname="MoveObjectEqualsOverrideReturnsFalse" classname="ChessWithTDD.Tests.MoveTests" runstate="Runnable" seed="913633388" result="Passed" start-time="2017-07-31 23:04:30Z" end-time="2017-07-31 23:04:30Z" duration="0.000281" asserts="1" />
            <test-case id="0-1857" name="MoveObjectEqualsOverrideReturnsFalse(1,2,4,4)" fullname="ChessWithTDD.Tests.MoveTests.MoveObjectEqualsOverrideReturnsFalse(1,2,4,4)" methodname="MoveObjectEqualsOverrideReturnsFalse" classname="ChessWithTDD.Tests.MoveTests" runstate="Runnable" seed="2075570591" result="Passed" start-time="2017-07-31 23:04:30Z" end-time="2017-07-31 23:04:30Z" duration="0.000088" asserts="1" />
            <test-case id="0-1858" name="MoveObjectEqualsOverrideReturnsFalse(1,3,3,4)" fullname="ChessWithTDD.Tests.MoveTests.MoveObjectEqualsOverrideReturnsFalse(1,3,3,4)" methodname="MoveObjectEqualsOverrideReturnsFalse" classname="ChessWithTDD.Tests.MoveTests" runstate="Runnable" seed="1259118670" result="Passed" start-time="2017-07-31 23:04:30Z" end-time="2017-07-31 23:04:30Z" duration="0.000109" asserts="1" />
            <test-case id="0-1859" name="MoveObjectEqualsOverrideReturnsFalse(2,2,3,4)" fullname="ChessWithTDD.Tests.MoveTests.MoveObjectEqualsOverrideReturnsFalse(2,2,3,4)" methodname="MoveObjectEqualsOverrideReturnsFalse" classname="ChessWithTDD.Tests.MoveTests" runstate="Runnable" seed="1104528340" result="Passed" start-time="2017-07-31 23:04:30Z" end-time="2017-07-31 23:04:30Z" duration="0.000081" asserts="1" />
          </test-suite>
          <test-case id="0-1861" name="MoveObjectEqualsOverrideReturnsFalseForOtherObject" fullname="ChessWithTDD.Tests.MoveTests.MoveObjectEqualsOverrideReturnsFalseForOtherObject" methodname="MoveObjectEqualsOverrideReturnsFalseForOtherObject" classname="ChessWithTDD.Tests.MoveTests" runstate="Runnable" seed="264018477" result="Passed" start-time="2017-07-31 23:04:30Z" end-time="2017-07-31 23:04:30Z" duration="0.000298" asserts="1" />
          <test-suite type="ParameterizedMethod" id="0-1855" name="MoveObjectEqualsOverrideReturnsTrue" fullname="ChessWithTDD.Tests.MoveTests.MoveObjectEqualsOverrideReturnsTrue" classname="ChessWithTDD.Tests.MoveTests" runstate="Runnable" testcasecount="2" result="Passed" start-time="2017-07-31 23:04:30Z" end-time="2017-07-31 23:04:30Z" duration="0.006557" total="2" passed="2" failed="0" warnings="0" inconclusive="0" skipped="0" asserts="2">
            <test-case id="0-1853" name="MoveObjectEqualsOverrideReturnsTrue(1,2,3,4)" fullname="ChessWithTDD.Tests.MoveTests.MoveObjectEqualsOverrideReturnsTrue(1,2,3,4)" methodname="MoveObjectEqualsOverrideReturnsTrue" classname="ChessWithTDD.Tests.MoveTests" runstate="Runnable" seed="952211527" result="Passed" start-time="2017-07-31 23:04:30Z" end-time="2017-07-31 23:04:30Z" duration="0.000292" asserts="1" />
            <test-case id="0-1854" name="MoveObjectEqualsOverrideReturnsTrue(5,5,-5,5)" fullname="ChessWithTDD.Tests.MoveTests.MoveObjectEqualsOverrideReturnsTrue(5,5,-5,5)" methodname="MoveObjectEqualsOverrideReturnsTrue" classname="ChessWithTDD.Tests.MoveTests" runstate="Runnable" seed="1071018028" result="Passed" start-time="2017-07-31 23:04:30Z" end-time="2017-07-31 23:04:30Z" duration="0.000102" asserts="1" />
          </test-suite>
          <test-suite type="ParameterizedMethod" id="0-1869" name="MoveObjectGetHashCodeOverrideReturnsFalse" fullname="ChessWithTDD.Tests.MoveTests.MoveObjectGetHashCodeOverrideReturnsFalse" classname="ChessWithTDD.Tests.MoveTests" runstate="Runnable" testcasecount="4" result="Passed" start-time="2017-07-31 23:04:30Z" end-time="2017-07-31 23:04:30Z" duration="0.013517" total="4" passed="4" failed="0" warnings="0" inconclusive="0" skipped="0" asserts="4">
            <test-case id="0-1865" name="MoveObjectGetHashCodeOverrideReturnsFalse(1,2,3,5)" fullname="ChessWithTDD.Tests.MoveTests.MoveObjectGetHashCodeOverrideReturnsFalse(1,2,3,5)" methodname="MoveObjectGetHashCodeOverrideReturnsFalse" classname="ChessWithTDD.Tests.MoveTests" runstate="Runnable" seed="357298122" result="Passed" start-time="2017-07-31 23:04:30Z" end-time="2017-07-31 23:04:30Z" duration="0.001249" asserts="1" />
            <test-case id="0-1866" name="MoveObjectGetHashCodeOverrideReturnsFalse(1,2,4,4)" fullname="ChessWithTDD.Tests.MoveTests.MoveObjectGetHashCodeOverrideReturnsFalse(1,2,4,4)" methodname="MoveObjectGetHashCodeOverrideReturnsFalse" classname="ChessWithTDD.Tests.MoveTests" runstate="Runnable" seed="360639739" result="Passed" start-time="2017-07-31 23:04:30Z" end-time="2017-07-31 23:04:30Z" duration="0.000102" asserts="1" />
            <test-case id="0-1867" name="MoveObjectGetHashCodeOverrideReturnsFalse(1,3,3,4)" fullname="ChessWithTDD.Tests.MoveTests.MoveObjectGetHashCodeOverrideReturnsFalse(1,3,3,4)" methodname="MoveObjectGetHashCodeOverrideReturnsFalse" classname="ChessWithTDD.Tests.MoveTests" runstate="Runnable" seed="990044451" result="Passed" start-time="2017-07-31 23:04:30Z" end-time="2017-07-31 23:04:30Z" duration="0.000080" asserts="1" />
            <test-case id="0-1868" name="MoveObjectGetHashCodeOverrideReturnsFalse(2,2,3,4)" fullname="ChessWithTDD.Tests.MoveTests.MoveObjectGetHashCodeOverrideReturnsFalse(2,2,3,4)" methodname="MoveObjectGetHashCodeOverrideReturnsFalse" classname="ChessWithTDD.Tests.MoveTests" runstate="Runnable" seed="2137592106" result="Passed" start-time="2017-07-31 23:04:30Z" end-time="2017-07-31 23:04:30Z" duration="0.000092" asserts="1" />
          </test-suite>
          <test-case id="0-1870" name="MoveObjectGetHashCodeOverrideReturnsFalseForOtherObject" fullname="ChessWithTDD.Tests.MoveTests.MoveObjectGetHashCodeOverrideReturnsFalseForOtherObject" methodname="MoveObjectGetHashCodeOverrideReturnsFalseForOtherObject" classname="ChessWithTDD.Tests.MoveTests" runstate="Runnable" seed="421894124" result="Passed" start-time="2017-07-31 23:04:30Z" end-time="2017-07-31 23:04:30Z" duration="0.000402" asserts="1" />
          <test-suite type="ParameterizedMethod" id="0-1864" name="MoveObjectGetHashCodeOverrideReturnsTrue" fullname="ChessWithTDD.Tests.MoveTests.MoveObjectGetHashCodeOverrideReturnsTrue" classname="ChessWithTDD.Tests.MoveTests" runstate="Runnable" testcasecount="2" result="Passed" start-time="2017-07-31 23:04:30Z" end-time="2017-07-31 23:04:30Z" duration="0.007526" total="2" passed="2" failed="0" warnings="0" inconclusive="0" skipped="0" asserts="2">
            <test-case id="0-1862" name="MoveObjectGetHashCodeOverrideReturnsTrue(1,2,3,4)" fullname="ChessWithTDD.Tests.MoveTests.MoveObjectGetHashCodeOverrideReturnsTrue(1,2,3,4)" methodname="MoveObjectGetHashCodeOverrideReturnsTrue" classname="ChessWithTDD.Tests.MoveTests" runstate="Runnable" seed="1543556792" result="Passed" start-time="2017-07-31 23:04:30Z" end-time="2017-07-31 23:04:30Z" duration="0.000396" asserts="1" />
            <test-case id="0-1863" name="MoveObjectGetHashCodeOverrideReturnsTrue(5,5,-5,5)" fullname="ChessWithTDD.Tests.MoveTests.MoveObjectGetHashCodeOverrideReturnsTrue(5,5,-5,5)" methodname="MoveObjectGetHashCodeOverrideReturnsTrue" classname="ChessWithTDD.Tests.MoveTests" runstate="Runnable" seed="1135743830" result="Passed" start-time="2017-07-31 23:04:30Z" end-time="2017-07-31 23:04:30Z" duration="0.000157" asserts="1" />
          </test-suite>
        </test-suite>
        <test-suite type="TestFixture" id="0-1138" name="MoveValidatorTests" fullname="ChessWithTDD.Tests.MoveValidatorTests" classname="ChessWithTDD.Tests.MoveValidatorTests" runstate="Runnable" testcasecount="3" result="Passed" start-time="2017-07-31 23:04:30Z" end-time="2017-07-31 23:04:30Z" duration="0.036511" total="3" passed="3" failed="0" warnings="0" inconclusive="0" skipped="0" asserts="3">
          <test-case id="0-1140" name="MoveIsValidReturnsFalseIfJustGenericMoveValidationFails" fullname="ChessWithTDD.Tests.MoveValidatorTests.MoveIsValidReturnsFalseIfJustGenericMoveValidationFails" methodname="MoveIsValidReturnsFalseIfJustGenericMoveValidationFails" classname="ChessWithTDD.Tests.MoveValidatorTests" runstate="Runnable" seed="862885124" result="Passed" start-time="2017-07-31 23:04:30Z" end-time="2017-07-31 23:04:30Z" duration="0.025248" asserts="1" />
          <test-case id="0-1141" name="MoveIsValidReturnsFalseIfJustMultiSquareValidationFails" fullname="ChessWithTDD.Tests.MoveValidatorTests.MoveIsValidReturnsFalseIfJustMultiSquareValidationFails" methodname="MoveIsValidReturnsFalseIfJustMultiSquareValidationFails" classname="ChessWithTDD.Tests.MoveValidatorTests" runstate="Runnable" seed="518492809" result="Passed" start-time="2017-07-31 23:04:30Z" end-time="2017-07-31 23:04:30Z" duration="0.001342" asserts="1" />
          <test-case id="0-1139" name="MoveIsValidReturnsTrueIfAllValidationPasses" fullname="ChessWithTDD.Tests.MoveValidatorTests.MoveIsValidReturnsTrueIfAllValidationPasses" methodname="MoveIsValidReturnsTrueIfAllValidationPasses" classname="ChessWithTDD.Tests.MoveValidatorTests" runstate="Runnable" seed="328037212" result="Passed" start-time="2017-07-31 23:04:30Z" end-time="2017-07-31 23:04:30Z" duration="0.001224" asserts="1" />
        </test-suite>
        <test-suite type="TestFixture" id="0-1142" name="MultiSquareMoveValidatorTests" fullname="ChessWithTDD.Tests.MultiSquareMoveValidatorTests" classname="ChessWithTDD.Tests.MultiSquareMoveValidatorTests" runstate="Runnable" testcasecount="18" result="Passed" start-time="2017-07-31 23:04:30Z" end-time="2017-07-31 23:04:30Z" duration="0.246479" total="18" passed="18" failed="0" warnings="0" inconclusive="0" skipped="0" asserts="18">
          <test-suite type="ParameterizedMethod" id="0-1167" name="MoveAdjacentReturnsTrue" fullname="ChessWithTDD.Tests.MultiSquareMoveValidatorTests.MoveAdjacentReturnsTrue" classname="ChessWithTDD.Tests.MultiSquareMoveValidatorTests" runstate="Runnable" testcasecount="2" result="Passed" start-time="2017-07-31 23:04:30Z" end-time="2017-07-31 23:04:30Z" duration="0.024971" total="2" passed="2" failed="0" warnings="0" inconclusive="0" skipped="0" asserts="2">
            <test-case id="0-1165" name="MoveAdjacentReturnsTrue(5,2,5,3)" fullname="ChessWithTDD.Tests.MultiSquareMoveValidatorTests.MoveAdjacentReturnsTrue(5,2,5,3)" methodname="MoveAdjacentReturnsTrue" classname="ChessWithTDD.Tests.MultiSquareMoveValidatorTests" runstate="Runnable" seed="1080674373" result="Passed" start-time="2017-07-31 23:04:30Z" end-time="2017-07-31 23:04:30Z" duration="0.012076" asserts="1" />
            <test-case id="0-1166" name="MoveAdjacentReturnsTrue(5,2,4,2)" fullname="ChessWithTDD.Tests.MultiSquareMoveValidatorTests.MoveAdjacentReturnsTrue(5,2,4,2)" methodname="MoveAdjacentReturnsTrue" classname="ChessWithTDD.Tests.MultiSquareMoveValidatorTests" runstate="Runnable" seed="662106860" result="Passed" start-time="2017-07-31 23:04:30Z" end-time="2017-07-31 23:04:30Z" duration="0.007284" asserts="1" />
          </test-suite>
          <test-suite type="ParameterizedMethod" id="0-1172" name="MoveMultipleSquaresDiagonallyIsValidIfThereAreNoObstructionsAndCanMoveOfPieceIsTrue" fullname="ChessWithTDD.Tests.MultiSquareMoveValidatorTests.MoveMultipleSquaresDiagonallyIsValidIfThereAreNoObstructionsAndCanMoveOfPieceIsTrue" classname="ChessWithTDD.Tests.MultiSquareMoveValidatorTests" runstate="Runnable" testcasecount="4" result="Passed" start-time="2017-07-31 23:04:30Z" end-time="2017-07-31 23:04:30Z" duration="0.052006" total="4" passed="4" failed="0" warnings="0" inconclusive="0" skipped="0" asserts="4">
            <test-case id="0-1168" name="MoveMultipleSquaresDiagonallyIsValidIfThereAreNoObstructionsAndCanMoveOfPieceIsTrue(2,5,5,2)" fullname="ChessWithTDD.Tests.MultiSquareMoveValidatorTests.MoveMultipleSquaresDiagonallyIsValidIfThereAreNoObstructionsAndCanMoveOfPieceIsTrue(2,5,5,2)" methodname="MoveMultipleSquaresDiagonallyIsValidIfThereAreNoObstructionsAndCanMoveOfPieceIsTrue" classname="ChessWithTDD.Tests.MultiSquareMoveValidatorTests" runstate="Runnable" seed="1707949480" result="Passed" start-time="2017-07-31 23:04:30Z" end-time="2017-07-31 23:04:30Z" duration="0.011165" asserts="1" />
            <test-case id="0-1169" name="MoveMultipleSquaresDiagonallyIsValidIfThereAreNoObstructionsAndCanMoveOfPieceIsTrue(2,3,5,6)" fullname="ChessWithTDD.Tests.MultiSquareMoveValidatorTests.MoveMultipleSquaresDiagonallyIsValidIfThereAreNoObstructionsAndCanMoveOfPieceIsTrue(2,3,5,6)" methodname="MoveMultipleSquaresDiagonallyIsValidIfThereAreNoObstructionsAndCanMoveOfPieceIsTrue" classname="ChessWithTDD.Tests.MultiSquareMoveValidatorTests" runstate="Runnable" seed="1916335025" result="Passed" start-time="2017-07-31 23:04:30Z" end-time="2017-07-31 23:04:30Z" duration="0.010826" asserts="1" />
            <test-case id="0-1170" name="MoveMultipleSquaresDiagonallyIsValidIfThereAreNoObstructionsAndCanMoveOfPieceIsTrue(5,5,2,2)" fullname="ChessWithTDD.Tests.MultiSquareMoveValidatorTests.MoveMultipleSquaresDiagonallyIsValidIfThereAreNoObstructionsAndCanMoveOfPieceIsTrue(5,5,2,2)" methodname="MoveMultipleSquaresDiagonallyIsValidIfThereAreNoObstructionsAndCanMoveOfPieceIsTrue" classname="ChessWithTDD.Tests.MultiSquareMoveValidatorTests" runstate="Runnable" seed="1275712535" result="Passed" start-time="2017-07-31 23:04:30Z" end-time="2017-07-31 23:04:30Z" duration="0.008259" asserts="1" />
            <test-case id="0-1171" name="MoveMultipleSquaresDiagonallyIsValidIfThereAreNoObstructionsAndCanMoveOfPieceIsTrue(5,2,2,5)" fullname="ChessWithTDD.Tests.MultiSquareMoveValidatorTests.MoveMultipleSquaresDiagonallyIsValidIfThereAreNoObstructionsAndCanMoveOfPieceIsTrue(5,2,2,5)" methodname="MoveMultipleSquaresDiagonallyIsValidIfThereAreNoObstructionsAndCanMoveOfPieceIsTrue" classname="ChessWithTDD.Tests.MultiSquareMoveValidatorTests" runstate="Runnable" seed="1148663414" result="Passed" start-time="2017-07-31 23:04:30Z" end-time="2017-07-31 23:04:30Z" duration="0.010703" asserts="1" />
          </test-suite>
          <test-suite type="ParameterizedMethod" id="0-1149" name="MoveMultipleSquaresHorizontallyIsValidIfThereAreNoObstructions" fullname="ChessWithTDD.Tests.MultiSquareMoveValidatorTests.MoveMultipleSquaresHorizontallyIsValidIfThereAreNoObstructions" classname="ChessWithTDD.Tests.MultiSquareMoveValidatorTests" runstate="Runnable" testcasecount="2" result="Passed" start-time="2017-07-31 23:04:30Z" end-time="2017-07-31 23:04:30Z" duration="0.023467" total="2" passed="2" failed="0" warnings="0" inconclusive="0" skipped="0" asserts="2">
            <test-case id="0-1147" name="MoveMultipleSquaresHorizontallyIsValidIfThereAreNoObstructions(2,6,2,0)" fullname="ChessWithTDD.Tests.MultiSquareMoveValidatorTests.MoveMultipleSquaresHorizontallyIsValidIfThereAreNoObstructions(2,6,2,0)" methodname="MoveMultipleSquaresHorizontallyIsValidIfThereAreNoObstructions" classname="ChessWithTDD.Tests.MultiSquareMoveValidatorTests" runstate="Runnable" seed="1417142653" result="Passed" start-time="2017-07-31 23:04:30Z" end-time="2017-07-31 23:04:30Z" duration="0.009062" asserts="1" />
            <test-case id="0-1148" name="MoveMultipleSquaresHorizontallyIsValidIfThereAreNoObstructions(2,2,2,7)" fullname="ChessWithTDD.Tests.MultiSquareMoveValidatorTests.MoveMultipleSquaresHorizontallyIsValidIfThereAreNoObstructions(2,2,2,7)" methodname="MoveMultipleSquaresHorizontallyIsValidIfThereAreNoObstructions" classname="ChessWithTDD.Tests.MultiSquareMoveValidatorTests" runstate="Runnable" seed="1345360265" result="Passed" start-time="2017-07-31 23:04:30Z" end-time="2017-07-31 23:04:30Z" duration="0.008788" asserts="1" />
          </test-suite>
          <test-suite type="ParameterizedMethod" id="0-1146" name="MoveMultipleSquaresHorizontallyLeftIsNotValidIfThereAreObstructions" fullname="ChessWithTDD.Tests.MultiSquareMoveValidatorTests.MoveMultipleSquaresHorizontallyLeftIsNotValidIfThereAreObstructions" classname="ChessWithTDD.Tests.MultiSquareMoveValidatorTests" runstate="Runnable" testcasecount="1" result="Passed" start-time="2017-07-31 23:04:30Z" end-time="2017-07-31 23:04:30Z" duration="0.010994" total="1" passed="1" failed="0" warnings="0" inconclusive="0" skipped="0" asserts="1">
            <test-case id="0-1145" name="MoveMultipleSquaresHorizontallyLeftIsNotValidIfThereAreObstructions(3,6,3,0)" fullname="ChessWithTDD.Tests.MultiSquareMoveValidatorTests.MoveMultipleSquaresHorizontallyLeftIsNotValidIfThereAreObstructions(3,6,3,0)" methodname="MoveMultipleSquaresHorizontallyLeftIsNotValidIfThereAreObstructions" classname="ChessWithTDD.Tests.MultiSquareMoveValidatorTests" runstate="Runnable" seed="1416053039" result="Passed" start-time="2017-07-31 23:04:30Z" end-time="2017-07-31 23:04:30Z" duration="0.008163" asserts="1" />
          </test-suite>
          <test-suite type="ParameterizedMethod" id="0-1144" name="MoveMultipleSquaresHorizontallyRightIsNotValidIfThereAreObstructions" fullname="ChessWithTDD.Tests.MultiSquareMoveValidatorTests.MoveMultipleSquaresHorizontallyRightIsNotValidIfThereAreObstructions" classname="ChessWithTDD.Tests.MultiSquareMoveValidatorTests" runstate="Runnable" testcasecount="1" result="Passed" start-time="2017-07-31 23:04:30Z" end-time="2017-07-31 23:04:30Z" duration="0.011528" total="1" passed="1" failed="0" warnings="0" inconclusive="0" skipped="0" asserts="1">
            <test-case id="0-1143" name="MoveMultipleSquaresHorizontallyRightIsNotValidIfThereAreObstructions(3,2,3,7)" fullname="ChessWithTDD.Tests.MultiSquareMoveValidatorTests.MoveMultipleSquaresHorizontallyRightIsNotValidIfThereAreObstructions(3,2,3,7)" methodname="MoveMultipleSquaresHorizontallyRightIsNotValidIfThereAreObstructions" classname="ChessWithTDD.Tests.MultiSquareMoveValidatorTests" runstate="Runnable" seed="2124156708" result="Passed" start-time="2017-07-31 23:04:30Z" end-time="2017-07-31 23:04:30Z" duration="0.008127" asserts="1" />
          </test-suite>
          <test-suite type="ParameterizedMethod" id="0-1160" name="MoveMultipleSquaresNorthEastIsNotValidIfThereAreObstructions" fullname="ChessWithTDD.Tests.MultiSquareMoveValidatorTests.MoveMultipleSquaresNorthEastIsNotValidIfThereAreObstructions" classname="ChessWithTDD.Tests.MultiSquareMoveValidatorTests" runstate="Runnable" testcasecount="1" result="Passed" start-time="2017-07-31 23:04:30Z" end-time="2017-07-31 23:04:30Z" duration="0.010043" total="1" passed="1" failed="0" warnings="0" inconclusive="0" skipped="0" asserts="1">
            <test-case id="0-1159" name="MoveMultipleSquaresNorthEastIsNotValidIfThereAreObstructions(2,3,5,6)" fullname="ChessWithTDD.Tests.MultiSquareMoveValidatorTests.MoveMultipleSquaresNorthEastIsNotValidIfThereAreObstructions(2,3,5,6)" methodname="MoveMultipleSquaresNorthEastIsNotValidIfThereAreObstructions" classname="ChessWithTDD.Tests.MultiSquareMoveValidatorTests" runstate="Runnable" seed="662126756" result="Passed" start-time="2017-07-31 23:04:30Z" end-time="2017-07-31 23:04:30Z" duration="0.007297" asserts="1" />
          </test-suite>
          <test-suite type="ParameterizedMethod" id="0-1158" name="MoveMultipleSquaresNorthWestIsNotValidIfThereAreObstructions" fullname="ChessWithTDD.Tests.MultiSquareMoveValidatorTests.MoveMultipleSquaresNorthWestIsNotValidIfThereAreObstructions" classname="ChessWithTDD.Tests.MultiSquareMoveValidatorTests" runstate="Runnable" testcasecount="1" result="Passed" start-time="2017-07-31 23:04:30Z" end-time="2017-07-31 23:04:30Z" duration="0.010573" total="1" passed="1" failed="0" warnings="0" inconclusive="0" skipped="0" asserts="1">
            <test-case id="0-1157" name="MoveMultipleSquaresNorthWestIsNotValidIfThereAreObstructions(2,5,5,2)" fullname="ChessWithTDD.Tests.MultiSquareMoveValidatorTests.MoveMultipleSquaresNorthWestIsNotValidIfThereAreObstructions(2,5,5,2)" methodname="MoveMultipleSquaresNorthWestIsNotValidIfThereAreObstructions" classname="ChessWithTDD.Tests.MultiSquareMoveValidatorTests" runstate="Runnable" seed="64981124" result="Passed" start-time="2017-07-31 23:04:30Z" end-time="2017-07-31 23:04:30Z" duration="0.007637" asserts="1" />
          </test-suite>
          <test-suite type="ParameterizedMethod" id="0-1164" name="MoveMultipleSquaresSouthEastIsNotValidIfThereAreObstructions" fullname="ChessWithTDD.Tests.MultiSquareMoveValidatorTests.MoveMultipleSquaresSouthEastIsNotValidIfThereAreObstructions" classname="ChessWithTDD.Tests.MultiSquareMoveValidatorTests" runstate="Runnable" testcasecount="1" result="Passed" start-time="2017-07-31 23:04:30Z" end-time="2017-07-31 23:04:30Z" duration="0.011066" total="1" passed="1" failed="0" warnings="0" inconclusive="0" skipped="0" asserts="1">
            <test-case id="0-1163" name="MoveMultipleSquaresSouthEastIsNotValidIfThereAreObstructions(5,2,2,5)" fullname="ChessWithTDD.Tests.MultiSquareMoveValidatorTests.MoveMultipleSquaresSouthEastIsNotValidIfThereAreObstructions(5,2,2,5)" methodname="MoveMultipleSquaresSouthEastIsNotValidIfThereAreObstructions" classname="ChessWithTDD.Tests.MultiSquareMoveValidatorTests" runstate="Runnable" seed="2051010173" result="Passed" start-time="2017-07-31 23:04:30Z" end-time="2017-07-31 23:04:30Z" duration="0.008208" asserts="1" />
          </test-suite>
          <test-suite type="ParameterizedMethod" id="0-1162" name="MoveMultipleSquaresSouthhWestIsNotValidIfThereAreObstructions" fullname="ChessWithTDD.Tests.MultiSquareMoveValidatorTests.MoveMultipleSquaresSouthhWestIsNotValidIfThereAreObstructions" classname="ChessWithTDD.Tests.MultiSquareMoveValidatorTests" runstate="Runnable" testcasecount="1" result="Passed" start-time="2017-07-31 23:04:30Z" end-time="2017-07-31 23:04:30Z" duration="0.010994" total="1" passed="1" failed="0" warnings="0" inconclusive="0" skipped="0" asserts="1">
            <test-case id="0-1161" name="MoveMultipleSquaresSouthhWestIsNotValidIfThereAreObstructions(5,5,2,2)" fullname="ChessWithTDD.Tests.MultiSquareMoveValidatorTests.MoveMultipleSquaresSouthhWestIsNotValidIfThereAreObstructions(5,5,2,2)" methodname="MoveMultipleSquaresSouthhWestIsNotValidIfThereAreObstructions" classname="ChessWithTDD.Tests.MultiSquareMoveValidatorTests" runstate="Runnable" seed="1754836100" result="Passed" start-time="2017-07-31 23:04:30Z" end-time="2017-07-31 23:04:30Z" duration="0.008135" asserts="1" />
          </test-suite>
          <test-suite type="ParameterizedMethod" id="0-1153" name="MoveMultipleSquaresVerticallyDownIsNotValidIfThereAreObstructions" fullname="ChessWithTDD.Tests.MultiSquareMoveValidatorTests.MoveMultipleSquaresVerticallyDownIsNotValidIfThereAreObstructions" classname="ChessWithTDD.Tests.MultiSquareMoveValidatorTests" runstate="Runnable" testcasecount="1" result="Passed" start-time="2017-07-31 23:04:30Z" end-time="2017-07-31 23:04:30Z" duration="0.012065" total="1" passed="1" failed="0" warnings="0" inconclusive="0" skipped="0" asserts="1">
            <test-case id="0-1152" name="MoveMultipleSquaresVerticallyDownIsNotValidIfThereAreObstructions(5,2,2,2)" fullname="ChessWithTDD.Tests.MultiSquareMoveValidatorTests.MoveMultipleSquaresVerticallyDownIsNotValidIfThereAreObstructions(5,2,2,2)" methodname="MoveMultipleSquaresVerticallyDownIsNotValidIfThereAreObstructions" classname="ChessWithTDD.Tests.MultiSquareMoveValidatorTests" runstate="Runnable" seed="167095938" result="Passed" start-time="2017-07-31 23:04:30Z" end-time="2017-07-31 23:04:30Z" duration="0.009428" asserts="1" />
          </test-suite>
          <test-suite type="ParameterizedMethod" id="0-1156" name="MoveMultipleSquaresVerticallyIsValidIfThereAreNoObstructions" fullname="ChessWithTDD.Tests.MultiSquareMoveValidatorTests.MoveMultipleSquaresVerticallyIsValidIfThereAreNoObstructions" classname="ChessWithTDD.Tests.MultiSquareMoveValidatorTests" runstate="Runnable" testcasecount="2" result="Passed" start-time="2017-07-31 23:04:30Z" end-time="2017-07-31 23:04:30Z" duration="0.021027" total="2" passed="2" failed="0" warnings="0" inconclusive="0" skipped="0" asserts="2">
            <test-case id="0-1154" name="MoveMultipleSquaresVerticallyIsValidIfThereAreNoObstructions(5,2,2,2)" fullname="ChessWithTDD.Tests.MultiSquareMoveValidatorTests.MoveMultipleSquaresVerticallyIsValidIfThereAreNoObstructions(5,2,2,2)" methodname="MoveMultipleSquaresVerticallyIsValidIfThereAreNoObstructions" classname="ChessWithTDD.Tests.MultiSquareMoveValidatorTests" runstate="Runnable" seed="1874517187" result="Passed" start-time="2017-07-31 23:04:30Z" end-time="2017-07-31 23:04:30Z" duration="0.006912" asserts="1" />
            <test-case id="0-1155" name="MoveMultipleSquaresVerticallyIsValidIfThereAreNoObstructions(2,2,5,2)" fullname="ChessWithTDD.Tests.MultiSquareMoveValidatorTests.MoveMultipleSquaresVerticallyIsValidIfThereAreNoObstructions(2,2,5,2)" methodname="MoveMultipleSquaresVerticallyIsValidIfThereAreNoObstructions" classname="ChessWithTDD.Tests.MultiSquareMoveValidatorTests" runstate="Runnable" seed="1442048026" result="Passed" start-time="2017-07-31 23:04:30Z" end-time="2017-07-31 23:04:30Z" duration="0.007849" asserts="1" />
          </test-suite>
          <test-suite type="ParameterizedMethod" id="0-1151" name="MoveMultipleSquaresVerticallyUpIsNotValidIfThereAreObstructions" fullname="ChessWithTDD.Tests.MultiSquareMoveValidatorTests.MoveMultipleSquaresVerticallyUpIsNotValidIfThereAreObstructions" classname="ChessWithTDD.Tests.MultiSquareMoveValidatorTests" runstate="Runnable" testcasecount="1" result="Passed" start-time="2017-07-31 23:04:30Z" end-time="2017-07-31 23:04:30Z" duration="0.010026" total="1" passed="1" failed="0" warnings="0" inconclusive="0" skipped="0" asserts="1">
            <test-case id="0-1150" name="MoveMultipleSquaresVerticallyUpIsNotValidIfThereAreObstructions(2,2,6,2)" fullname="ChessWithTDD.Tests.MultiSquareMoveValidatorTests.MoveMultipleSquaresVerticallyUpIsNotValidIfThereAreObstructions(2,2,6,2)" methodname="MoveMultipleSquaresVerticallyUpIsNotValidIfThereAreObstructions" classname="ChessWithTDD.Tests.MultiSquareMoveValidatorTests" runstate="Runnable" seed="968311752" result="Passed" start-time="2017-07-31 23:04:30Z" end-time="2017-07-31 23:04:30Z" duration="0.007332" asserts="1" />
          </test-suite>
        </test-suite>
        <test-suite type="TestFixture" id="0-1213" name="PawnManagerTests" fullname="ChessWithTDD.Tests.PawnManagerTests" classname="ChessWithTDD.Tests.PawnManagerTests" runstate="Runnable" testcasecount="5" result="Passed" start-time="2017-07-31 23:04:30Z" end-time="2017-07-31 23:04:30Z" duration="0.038750" total="5" passed="5" failed="0" warnings="0" inconclusive="0" skipped="0" asserts="0">
          <test-case id="0-1217" name="MakePawnAmendmentsCallsEnPassantManagerToCapturePiecesThroughEnPassant" fullname="ChessWithTDD.Tests.PawnManagerTests.MakePawnAmendmentsCallsEnPassantManagerToCapturePiecesThroughEnPassant" methodname="MakePawnAmendmentsCallsEnPassantManagerToCapturePiecesThroughEnPassant" classname="ChessWithTDD.Tests.PawnManagerTests" runstate="Runnable" seed="320027397" result="Passed" start-time="2017-07-31 23:04:30Z" end-time="2017-07-31 23:04:30Z" duration="0.016871" asserts="0" />
          <test-case id="0-1216" name="MakePawnAmendmentsCallsEnPassantManagerToMarkSquares" fullname="ChessWithTDD.Tests.PawnManagerTests.MakePawnAmendmentsCallsEnPassantManagerToMarkSquares" methodname="MakePawnAmendmentsCallsEnPassantManagerToMarkSquares" classname="ChessWithTDD.Tests.PawnManagerTests" runstate="Runnable" seed="62743699" result="Passed" start-time="2017-07-31 23:04:30Z" end-time="2017-07-31 23:04:30Z" duration="0.002673" asserts="0" />
          <test-case id="0-1214" name="MakePawnAmendmentsWhereHasMovedIsFalseSetsHasMovedToTrue" fullname="ChessWithTDD.Tests.PawnManagerTests.MakePawnAmendmentsWhereHasMovedIsFalseSetsHasMovedToTrue" methodname="MakePawnAmendmentsWhereHasMovedIsFalseSetsHasMovedToTrue" classname="ChessWithTDD.Tests.PawnManagerTests" runstate="Runnable" seed="2120483573" result="Passed" start-time="2017-07-31 23:04:30Z" end-time="2017-07-31 23:04:30Z" duration="0.002485" asserts="0" />
          <test-case id="0-1215" name="MakePawnAmendmentsWhereHasMovedIsTrueDoesNothing" fullname="ChessWithTDD.Tests.PawnManagerTests.MakePawnAmendmentsWhereHasMovedIsTrueDoesNothing" methodname="MakePawnAmendmentsWhereHasMovedIsTrueDoesNothing" classname="ChessWithTDD.Tests.PawnManagerTests" runstate="Runnable" seed="1585777449" result="Passed" start-time="2017-07-31 23:04:30Z" end-time="2017-07-31 23:04:30Z" duration="0.001188" asserts="0" />
          <test-case id="0-1218" name="UnmarkEnPassantCallsEnPassantManagerToUnmark" fullname="ChessWithTDD.Tests.PawnManagerTests.UnmarkEnPassantCallsEnPassantManagerToUnmark" methodname="UnmarkEnPassantCallsEnPassantManagerToUnmark" classname="ChessWithTDD.Tests.PawnManagerTests" runstate="Runnable" seed="1112977916" result="Passed" start-time="2017-07-31 23:04:30Z" end-time="2017-07-31 23:04:30Z" duration="0.001338" asserts="0" />
        </test-suite>
        <test-suite type="TestFixture" id="0-1687" name="QueenTests" fullname="ChessWithTDD.Tests.QueenTests" classname="ChessWithTDD.Tests.QueenTests" runstate="Runnable" testcasecount="14" result="Passed" start-time="2017-07-31 23:04:30Z" end-time="2017-07-31 23:04:30Z" duration="0.067099" total="14" passed="14" failed="0" warnings="0" inconclusive="0" skipped="0" asserts="14">
          <test-suite type="ParameterizedMethod" id="0-1693" name="QueenCanMoveDiagonally" fullname="ChessWithTDD.Tests.QueenTests.QueenCanMoveDiagonally" classname="ChessWithTDD.Tests.QueenTests" runstate="Runnable" testcasecount="5" result="Passed" start-time="2017-07-31 23:04:30Z" end-time="2017-07-31 23:04:30Z" duration="0.019564" total="5" passed="5" failed="0" warnings="0" inconclusive="0" skipped="0" asserts="5">
            <test-case id="0-1688" name="QueenCanMoveDiagonally(2,5,5,2)" fullname="ChessWithTDD.Tests.QueenTests.QueenCanMoveDiagonally(2,5,5,2)" methodname="QueenCanMoveDiagonally" classname="ChessWithTDD.Tests.QueenTests" runstate="Runnable" seed="2092423929" result="Passed" start-time="2017-07-31 23:04:30Z" end-time="2017-07-31 23:04:30Z" duration="0.001428" asserts="1" />
            <test-case id="0-1689" name="QueenCanMoveDiagonally(2,3,5,6)" fullname="ChessWithTDD.Tests.QueenTests.QueenCanMoveDiagonally(2,3,5,6)" methodname="QueenCanMoveDiagonally" classname="ChessWithTDD.Tests.QueenTests" runstate="Runnable" seed="347481561" result="Passed" start-time="2017-07-31 23:04:30Z" end-time="2017-07-31 23:04:30Z" duration="0.000704" asserts="1" />
            <test-case id="0-1690" name="QueenCanMoveDiagonally(5,5,2,2)" fullname="ChessWithTDD.Tests.QueenTests.QueenCanMoveDiagonally(5,5,2,2)" methodname="QueenCanMoveDiagonally" classname="ChessWithTDD.Tests.QueenTests" runstate="Runnable" seed="921199869" result="Passed" start-time="2017-07-31 23:04:30Z" end-time="2017-07-31 23:04:30Z" duration="0.000719" asserts="1" />
            <test-case id="0-1691" name="QueenCanMoveDiagonally(5,2,2,5)" fullname="ChessWithTDD.Tests.QueenTests.QueenCanMoveDiagonally(5,2,2,5)" methodname="QueenCanMoveDiagonally" classname="ChessWithTDD.Tests.QueenTests" runstate="Runnable" seed="2034122265" result="Passed" start-time="2017-07-31 23:04:30Z" end-time="2017-07-31 23:04:30Z" duration="0.001481" asserts="1" />
            <test-case id="0-1692" name="QueenCanMoveDiagonally(3,3,4,4)" fullname="ChessWithTDD.Tests.QueenTests.QueenCanMoveDiagonally(3,3,4,4)" methodname="QueenCanMoveDiagonally" classname="ChessWithTDD.Tests.QueenTests" runstate="Runnable" seed="1231546763" result="Passed" start-time="2017-07-31 23:04:30Z" end-time="2017-07-31 23:04:30Z" duration="0.000835" asserts="1" />
          </test-suite>
          <test-suite type="ParameterizedMethod" id="0-1697" name="QueenCanMoveHorizontally" fullname="ChessWithTDD.Tests.QueenTests.QueenCanMoveHorizontally" classname="ChessWithTDD.Tests.QueenTests" runstate="Runnable" testcasecount="3" result="Passed" start-time="2017-07-31 23:04:30Z" end-time="2017-07-31 23:04:30Z" duration="0.012056" total="3" passed="3" failed="0" warnings="0" inconclusive="0" skipped="0" asserts="3">
            <test-case id="0-1694" name="QueenCanMoveHorizontally(2,6,2,0)" fullname="ChessWithTDD.Tests.QueenTests.QueenCanMoveHorizontally(2,6,2,0)" methodname="QueenCanMoveHorizontally" classname="ChessWithTDD.Tests.QueenTests" runstate="Runnable" seed="1728191371" result="Passed" start-time="2017-07-31 23:04:30Z" end-time="2017-07-31 23:04:30Z" duration="0.001614" asserts="1" />
            <test-case id="0-1695" name="QueenCanMoveHorizontally(2,2,2,7)" fullname="ChessWithTDD.Tests.QueenTests.QueenCanMoveHorizontally(2,2,2,7)" methodname="QueenCanMoveHorizontally" classname="ChessWithTDD.Tests.QueenTests" runstate="Runnable" seed="823740123" result="Passed" start-time="2017-07-31 23:04:30Z" end-time="2017-07-31 23:04:30Z" duration="0.000769" asserts="1" />
            <test-case id="0-1696" name="QueenCanMoveHorizontally(3,3,3,4)" fullname="ChessWithTDD.Tests.QueenTests.QueenCanMoveHorizontally(3,3,3,4)" methodname="QueenCanMoveHorizontally" classname="ChessWithTDD.Tests.QueenTests" runstate="Runnable" seed="1816899461" result="Passed" start-time="2017-07-31 23:04:30Z" end-time="2017-07-31 23:04:30Z" duration="0.000777" asserts="1" />
          </test-suite>
          <test-suite type="ParameterizedMethod" id="0-1701" name="QueenCanMoveVertically" fullname="ChessWithTDD.Tests.QueenTests.QueenCanMoveVertically" classname="ChessWithTDD.Tests.QueenTests" runstate="Runnable" testcasecount="3" result="Passed" start-time="2017-07-31 23:04:30Z" end-time="2017-07-31 23:04:30Z" duration="0.011999" total="3" passed="3" failed="0" warnings="0" inconclusive="0" skipped="0" asserts="3">
            <test-case id="0-1698" name="QueenCanMoveVertically(5,2,2,2)" fullname="ChessWithTDD.Tests.QueenTests.QueenCanMoveVertically(5,2,2,2)" methodname="QueenCanMoveVertically" classname="ChessWithTDD.Tests.QueenTests" runstate="Runnable" seed="1332263046" result="Passed" start-time="2017-07-31 23:04:30Z" end-time="2017-07-31 23:04:30Z" duration="0.001467" asserts="1" />
            <test-case id="0-1699" name="QueenCanMoveVertically(2,2,5,2)" fullname="ChessWithTDD.Tests.QueenTests.QueenCanMoveVertically(2,2,5,2)" methodname="QueenCanMoveVertically" classname="ChessWithTDD.Tests.QueenTests" runstate="Runnable" seed="350529494" result="Passed" start-time="2017-07-31 23:04:30Z" end-time="2017-07-31 23:04:30Z" duration="0.000809" asserts="1" />
            <test-case id="0-1700" name="QueenCanMoveVertically(3,3,4,3)" fullname="ChessWithTDD.Tests.QueenTests.QueenCanMoveVertically(3,3,4,3)" methodname="QueenCanMoveVertically" classname="ChessWithTDD.Tests.QueenTests" runstate="Runnable" seed="193108294" result="Passed" start-time="2017-07-31 23:04:30Z" end-time="2017-07-31 23:04:30Z" duration="0.000959" asserts="1" />
          </test-suite>
          <test-suite type="ParameterizedMethod" id="0-1705" name="QueenCannotMoveRandomly" fullname="ChessWithTDD.Tests.QueenTests.QueenCannotMoveRandomly" classname="ChessWithTDD.Tests.QueenTests" runstate="Runnable" testcasecount="3" result="Passed" start-time="2017-07-31 23:04:30Z" end-time="2017-07-31 23:04:30Z" duration="0.011058" total="3" passed="3" failed="0" warnings="0" inconclusive="0" skipped="0" asserts="3">
            <test-case id="0-1702" name="QueenCannotMoveRandomly(2,6,3,3)" fullname="ChessWithTDD.Tests.QueenTests.QueenCannotMoveRandomly(2,6,3,3)" methodname="QueenCannotMoveRandomly" classname="ChessWithTDD.Tests.QueenTests" runstate="Runnable" seed="1517850979" result="Passed" start-time="2017-07-31 23:04:30Z" end-time="2017-07-31 23:04:30Z" duration="0.001062" asserts="1" />
            <test-case id="0-1703" name="QueenCannotMoveRandomly(3,1,4,5)" fullname="ChessWithTDD.Tests.QueenTests.QueenCannotMoveRandomly(3,1,4,5)" methodname="QueenCannotMoveRandomly" classname="ChessWithTDD.Tests.QueenTests" runstate="Runnable" seed="813653526" result="Passed" start-time="2017-07-31 23:04:30Z" end-time="2017-07-31 23:04:30Z" duration="0.000810" asserts="1" />
            <test-case id="0-1704" name="QueenCannotMoveRandomly(6,6,2,7)" fullname="ChessWithTDD.Tests.QueenTests.QueenCannotMoveRandomly(6,6,2,7)" methodname="QueenCannotMoveRandomly" classname="ChessWithTDD.Tests.QueenTests" runstate="Runnable" seed="497975242" result="Passed" start-time="2017-07-31 23:04:30Z" end-time="2017-07-31 23:04:30Z" duration="0.000815" asserts="1" />
          </test-suite>
        </test-suite>
        <test-suite type="TestFixture" id="0-1706" name="RookTests" fullname="ChessWithTDD.Tests.RookTests" classname="ChessWithTDD.Tests.RookTests" runstate="Runnable" testcasecount="14" result="Passed" start-time="2017-07-31 23:04:30Z" end-time="2017-07-31 23:04:31Z" duration="0.066994" total="14" passed="14" failed="0" warnings="0" inconclusive="0" skipped="0" asserts="14">
          <test-suite type="ParameterizedMethod" id="0-1710" name="RookCanMoveHorizontally" fullname="ChessWithTDD.Tests.RookTests.RookCanMoveHorizontally" classname="ChessWithTDD.Tests.RookTests" runstate="Runnable" testcasecount="3" result="Passed" start-time="2017-07-31 23:04:30Z" end-time="2017-07-31 23:04:30Z" duration="0.011558" total="3" passed="3" failed="0" warnings="0" inconclusive="0" skipped="0" asserts="3">
            <test-case id="0-1707" name="RookCanMoveHorizontally(2,6,2,0)" fullname="ChessWithTDD.Tests.RookTests.RookCanMoveHorizontally(2,6,2,0)" methodname="RookCanMoveHorizontally" classname="ChessWithTDD.Tests.RookTests" runstate="Runnable" seed="38507893" result="Passed" start-time="2017-07-31 23:04:30Z" end-time="2017-07-31 23:04:30Z" duration="0.001444" asserts="1" />
            <test-case id="0-1708" name="RookCanMoveHorizontally(2,2,2,7)" fullname="ChessWithTDD.Tests.RookTests.RookCanMoveHorizontally(2,2,2,7)" methodname="RookCanMoveHorizontally" classname="ChessWithTDD.Tests.RookTests" runstate="Runnable" seed="890266995" result="Passed" start-time="2017-07-31 23:04:30Z" end-time="2017-07-31 23:04:30Z" duration="0.000831" asserts="1" />
            <test-case id="0-1709" name="RookCanMoveHorizontally(3,3,3,4)" fullname="ChessWithTDD.Tests.RookTests.RookCanMoveHorizontally(3,3,3,4)" methodname="RookCanMoveHorizontally" classname="ChessWithTDD.Tests.RookTests" runstate="Runnable" seed="1368854747" result="Passed" start-time="2017-07-31 23:04:30Z" end-time="2017-07-31 23:04:30Z" duration="0.000840" asserts="1" />
          </test-suite>
          <test-suite type="ParameterizedMethod" id="0-1714" name="RookCanMoveVertically" fullname="ChessWithTDD.Tests.RookTests.RookCanMoveVertically" classname="ChessWithTDD.Tests.RookTests" runstate="Runnable" testcasecount="3" result="Passed" start-time="2017-07-31 23:04:30Z" end-time="2017-07-31 23:04:31Z" duration="0.011015" total="3" passed="3" failed="0" warnings="0" inconclusive="0" skipped="0" asserts="3">
            <test-case id="0-1711" name="RookCanMoveVertically(5,2,2,2)" fullname="ChessWithTDD.Tests.RookTests.RookCanMoveVertically(5,2,2,2)" methodname="RookCanMoveVertically" classname="ChessWithTDD.Tests.RookTests" runstate="Runnable" seed="1644470152" result="Passed" start-time="2017-07-31 23:04:30Z" end-time="2017-07-31 23:04:30Z" duration="0.001108" asserts="1" />
            <test-case id="0-1712" name="RookCanMoveVertically(2,2,5,2)" fullname="ChessWithTDD.Tests.RookTests.RookCanMoveVertically(2,2,5,2)" methodname="RookCanMoveVertically" classname="ChessWithTDD.Tests.RookTests" runstate="Runnable" seed="1671415188" result="Passed" start-time="2017-07-31 23:04:30Z" end-time="2017-07-31 23:04:30Z" duration="0.000877" asserts="1" />
            <test-case id="0-1713" name="RookCanMoveVertically(3,3,4,3)" fullname="ChessWithTDD.Tests.RookTests.RookCanMoveVertically(3,3,4,3)" methodname="RookCanMoveVertically" classname="ChessWithTDD.Tests.RookTests" runstate="Runnable" seed="542587951" result="Passed" start-time="2017-07-31 23:04:31Z" end-time="2017-07-31 23:04:31Z" duration="0.000766" asserts="1" />
          </test-suite>
          <test-suite type="ParameterizedMethod" id="0-1720" name="RookCannotMoveDiagonally" fullname="ChessWithTDD.Tests.RookTests.RookCannotMoveDiagonally" classname="ChessWithTDD.Tests.RookTests" runstate="Runnable" testcasecount="5" result="Passed" start-time="2017-07-31 23:04:31Z" end-time="2017-07-31 23:04:31Z" duration="0.020004" total="5" passed="5" failed="0" warnings="0" inconclusive="0" skipped="0" asserts="5">
            <test-case id="0-1715" name="RookCannotMoveDiagonally(2,5,5,2)" fullname="ChessWithTDD.Tests.RookTests.RookCannotMoveDiagonally(2,5,5,2)" methodname="RookCannotMoveDiagonally" classname="ChessWithTDD.Tests.RookTests" runstate="Runnable" seed="1634720553" result="Passed" start-time="2017-07-31 23:04:31Z" end-time="2017-07-31 23:04:31Z" duration="0.001114" asserts="1" />
            <test-case id="0-1716" name="RookCannotMoveDiagonally(2,3,5,6)" fullname="ChessWithTDD.Tests.RookTests.RookCannotMoveDiagonally(2,3,5,6)" methodname="RookCannotMoveDiagonally" classname="ChessWithTDD.Tests.RookTests" runstate="Runnable" seed="742092432" result="Passed" start-time="2017-07-31 23:04:31Z" end-time="2017-07-31 23:04:31Z" duration="0.001761" asserts="1" />
            <test-case id="0-1717" name="RookCannotMoveDiagonally(5,5,2,2)" fullname="ChessWithTDD.Tests.RookTests.RookCannotMoveDiagonally(5,5,2,2)" methodname="RookCannotMoveDiagonally" classname="ChessWithTDD.Tests.RookTests" runstate="Runnable" seed="952455246" result="Passed" start-time="2017-07-31 23:04:31Z" end-time="2017-07-31 23:04:31Z" duration="0.000974" asserts="1" />
            <test-case id="0-1718" name="RookCannotMoveDiagonally(5,2,2,5)" fullname="ChessWithTDD.Tests.RookTests.RookCannotMoveDiagonally(5,2,2,5)" methodname="RookCannotMoveDiagonally" classname="ChessWithTDD.Tests.RookTests" runstate="Runnable" seed="913493510" result="Passed" start-time="2017-07-31 23:04:31Z" end-time="2017-07-31 23:04:31Z" duration="0.000744" asserts="1" />
            <test-case id="0-1719" name="RookCannotMoveDiagonally(3,3,4,4)" fullname="ChessWithTDD.Tests.RookTests.RookCannotMoveDiagonally(3,3,4,4)" methodname="RookCannotMoveDiagonally" classname="ChessWithTDD.Tests.RookTests" runstate="Runnable" seed="409905884" result="Passed" start-time="2017-07-31 23:04:31Z" end-time="2017-07-31 23:04:31Z" duration="0.000821" asserts="1" />
          </test-suite>
          <test-suite type="ParameterizedMethod" id="0-1724" name="RookCannotMoveRandomly" fullname="ChessWithTDD.Tests.RookTests.RookCannotMoveRandomly" classname="ChessWithTDD.Tests.RookTests" runstate="Runnable" testcasecount="3" result="Passed" start-time="2017-07-31 23:04:31Z" end-time="2017-07-31 23:04:31Z" duration="0.011527" total="3" passed="3" failed="0" warnings="0" inconclusive="0" skipped="0" asserts="3">
            <test-case id="0-1721" name="RookCannotMoveRandomly(2,6,3,3)" fullname="ChessWithTDD.Tests.RookTests.RookCannotMoveRandomly(2,6,3,3)" methodname="RookCannotMoveRandomly" classname="ChessWithTDD.Tests.RookTests" runstate="Runnable" seed="389835826" result="Passed" start-time="2017-07-31 23:04:31Z" end-time="2017-07-31 23:04:31Z" duration="0.001096" asserts="1" />
            <test-case id="0-1722" name="RookCannotMoveRandomly(3,1,4,5)" fullname="ChessWithTDD.Tests.RookTests.RookCannotMoveRandomly(3,1,4,5)" methodname="RookCannotMoveRandomly" classname="ChessWithTDD.Tests.RookTests" runstate="Runnable" seed="1667141889" result="Passed" start-time="2017-07-31 23:04:31Z" end-time="2017-07-31 23:04:31Z" duration="0.000750" asserts="1" />
            <test-case id="0-1723" name="RookCannotMoveRandomly(6,6,2,7)" fullname="ChessWithTDD.Tests.RookTests.RookCannotMoveRandomly(6,6,2,7)" methodname="RookCannotMoveRandomly" classname="ChessWithTDD.Tests.RookTests" runstate="Runnable" seed="1862977367" result="Passed" start-time="2017-07-31 23:04:31Z" end-time="2017-07-31 23:04:31Z" duration="0.000748" asserts="1" />
          </test-suite>
        </test-suite>
        <test-suite type="TestFixture" id="0-1733" name="SquareExtensionsTests" fullname="ChessWithTDD.Tests.SquareExtensionsTests" classname="ChessWithTDD.Tests.SquareExtensionsTests" runstate="Runnable" testcasecount="86" result="Passed" start-time="2017-07-31 23:04:31Z" end-time="2017-07-31 23:04:31Z" duration="0.407524" total="86" passed="86" failed="0" warnings="0" inconclusive="0" skipped="0" asserts="86">
          <test-suite type="ParameterizedMethod" id="0-1815" name="IsAdjacentTo_ReturnsFalse" fullname="ChessWithTDD.Tests.SquareExtensionsTests.IsAdjacentTo_ReturnsFalse" classname="ChessWithTDD.Tests.SquareExtensionsTests" runstate="Runnable" testcasecount="8" result="Passed" start-time="2017-07-31 23:04:31Z" end-time="2017-07-31 23:04:31Z" duration="0.029134" total="8" passed="8" failed="0" warnings="0" inconclusive="0" skipped="0" asserts="8">
            <test-case id="0-1807" name="IsAdjacentTo_ReturnsFalse(4,3,2,3)" fullname="ChessWithTDD.Tests.SquareExtensionsTests.IsAdjacentTo_ReturnsFalse(4,3,2,3)" methodname="IsAdjacentTo_ReturnsFalse" classname="ChessWithTDD.Tests.SquareExtensionsTests" runstate="Runnable" seed="1790316972" result="Passed" start-time="2017-07-31 23:04:31Z" end-time="2017-07-31 23:04:31Z" duration="0.000739" asserts="1" />
            <test-case id="0-1808" name="IsAdjacentTo_ReturnsFalse(4,4,2,2)" fullname="ChessWithTDD.Tests.SquareExtensionsTests.IsAdjacentTo_ReturnsFalse(4,4,2,2)" methodname="IsAdjacentTo_ReturnsFalse" classname="ChessWithTDD.Tests.SquareExtensionsTests" runstate="Runnable" seed="2075117029" result="Passed" start-time="2017-07-31 23:04:31Z" end-time="2017-07-31 23:04:31Z" duration="0.000480" asserts="1" />
            <test-case id="0-1809" name="IsAdjacentTo_ReturnsFalse(4,0,2,2)" fullname="ChessWithTDD.Tests.SquareExtensionsTests.IsAdjacentTo_ReturnsFalse(4,0,2,2)" methodname="IsAdjacentTo_ReturnsFalse" classname="ChessWithTDD.Tests.SquareExtensionsTests" runstate="Runnable" seed="521501981" result="Passed" start-time="2017-07-31 23:04:31Z" end-time="2017-07-31 23:04:31Z" duration="0.000483" asserts="1" />
            <test-case id="0-1810" name="IsAdjacentTo_ReturnsFalse(3,4,3,2)" fullname="ChessWithTDD.Tests.SquareExtensionsTests.IsAdjacentTo_ReturnsFalse(3,4,3,2)" methodname="IsAdjacentTo_ReturnsFalse" classname="ChessWithTDD.Tests.SquareExtensionsTests" runstate="Runnable" seed="211851991" result="Passed" start-time="2017-07-31 23:04:31Z" end-time="2017-07-31 23:04:31Z" duration="0.000461" asserts="1" />
            <test-case id="0-1811" name="IsAdjacentTo_ReturnsFalse(3,2,3,4)" fullname="ChessWithTDD.Tests.SquareExtensionsTests.IsAdjacentTo_ReturnsFalse(3,2,3,4)" methodname="IsAdjacentTo_ReturnsFalse" classname="ChessWithTDD.Tests.SquareExtensionsTests" runstate="Runnable" seed="683890124" result="Passed" start-time="2017-07-31 23:04:31Z" end-time="2017-07-31 23:04:31Z" duration="0.000496" asserts="1" />
            <test-case id="0-1812" name="IsAdjacentTo_ReturnsFalse(0,4,2,2)" fullname="ChessWithTDD.Tests.SquareExtensionsTests.IsAdjacentTo_ReturnsFalse(0,4,2,2)" methodname="IsAdjacentTo_ReturnsFalse" classname="ChessWithTDD.Tests.SquareExtensionsTests" runstate="Runnable" seed="747353833" result="Passed" start-time="2017-07-31 23:04:31Z" end-time="2017-07-31 23:04:31Z" duration="0.000490" asserts="1" />
            <test-case id="0-1813" name="IsAdjacentTo_ReturnsFalse(0,0,2,2)" fullname="ChessWithTDD.Tests.SquareExtensionsTests.IsAdjacentTo_ReturnsFalse(0,0,2,2)" methodname="IsAdjacentTo_ReturnsFalse" classname="ChessWithTDD.Tests.SquareExtensionsTests" runstate="Runnable" seed="308358648" result="Passed" start-time="2017-07-31 23:04:31Z" end-time="2017-07-31 23:04:31Z" duration="0.000471" asserts="1" />
            <test-case id="0-1814" name="IsAdjacentTo_ReturnsFalse(0,2,2,2)" fullname="ChessWithTDD.Tests.SquareExtensionsTests.IsAdjacentTo_ReturnsFalse(0,2,2,2)" methodname="IsAdjacentTo_ReturnsFalse" classname="ChessWithTDD.Tests.SquareExtensionsTests" runstate="Runnable" seed="1827435304" result="Passed" start-time="2017-07-31 23:04:31Z" end-time="2017-07-31 23:04:31Z" duration="0.000492" asserts="1" />
          </test-suite>
          <test-suite type="ParameterizedMethod" id="0-1806" name="IsAdjacentTo_ReturnsTrue" fullname="ChessWithTDD.Tests.SquareExtensionsTests.IsAdjacentTo_ReturnsTrue" classname="ChessWithTDD.Tests.SquareExtensionsTests" runstate="Runnable" testcasecount="8" result="Passed" start-time="2017-07-31 23:04:31Z" end-time="2017-07-31 23:04:31Z" duration="0.030992" total="8" passed="8" failed="0" warnings="0" inconclusive="0" skipped="0" asserts="8">
            <test-case id="0-1798" name="IsAdjacentTo_ReturnsTrue(3,3,2,3)" fullname="ChessWithTDD.Tests.SquareExtensionsTests.IsAdjacentTo_ReturnsTrue(3,3,2,3)" methodname="IsAdjacentTo_ReturnsTrue" classname="ChessWithTDD.Tests.SquareExtensionsTests" runstate="Runnable" seed="1618612741" result="Passed" start-time="2017-07-31 23:04:31Z" end-time="2017-07-31 23:04:31Z" duration="0.000796" asserts="1" />
            <test-case id="0-1799" name="IsAdjacentTo_ReturnsTrue(3,3,2,2)" fullname="ChessWithTDD.Tests.SquareExtensionsTests.IsAdjacentTo_ReturnsTrue(3,3,2,2)" methodname="IsAdjacentTo_ReturnsTrue" classname="ChessWithTDD.Tests.SquareExtensionsTests" runstate="Runnable" seed="1707701682" result="Passed" start-time="2017-07-31 23:04:31Z" end-time="2017-07-31 23:04:31Z" duration="0.000476" asserts="1" />
            <test-case id="0-1800" name="IsAdjacentTo_ReturnsTrue(3,1,2,2)" fullname="ChessWithTDD.Tests.SquareExtensionsTests.IsAdjacentTo_ReturnsTrue(3,1,2,2)" methodname="IsAdjacentTo_ReturnsTrue" classname="ChessWithTDD.Tests.SquareExtensionsTests" runstate="Runnable" seed="1960340690" result="Passed" start-time="2017-07-31 23:04:31Z" end-time="2017-07-31 23:04:31Z" duration="0.000469" asserts="1" />
            <test-case id="0-1801" name="IsAdjacentTo_ReturnsTrue(3,3,3,2)" fullname="ChessWithTDD.Tests.SquareExtensionsTests.IsAdjacentTo_ReturnsTrue(3,3,3,2)" methodname="IsAdjacentTo_ReturnsTrue" classname="ChessWithTDD.Tests.SquareExtensionsTests" runstate="Runnable" seed="1484360483" result="Passed" start-time="2017-07-31 23:04:31Z" end-time="2017-07-31 23:04:31Z" duration="0.000462" asserts="1" />
            <test-case id="0-1802" name="IsAdjacentTo_ReturnsTrue(3,3,3,4)" fullname="ChessWithTDD.Tests.SquareExtensionsTests.IsAdjacentTo_ReturnsTrue(3,3,3,4)" methodname="IsAdjacentTo_ReturnsTrue" classname="ChessWithTDD.Tests.SquareExtensionsTests" runstate="Runnable" seed="478372457" result="Passed" start-time="2017-07-31 23:04:31Z" end-time="2017-07-31 23:04:31Z" duration="0.000491" asserts="1" />
            <test-case id="0-1803" name="IsAdjacentTo_ReturnsTrue(1,3,2,2)" fullname="ChessWithTDD.Tests.SquareExtensionsTests.IsAdjacentTo_ReturnsTrue(1,3,2,2)" methodname="IsAdjacentTo_ReturnsTrue" classname="ChessWithTDD.Tests.SquareExtensionsTests" runstate="Runnable" seed="1845649956" result="Passed" start-time="2017-07-31 23:04:31Z" end-time="2017-07-31 23:04:31Z" duration="0.000474" asserts="1" />
            <test-case id="0-1804" name="IsAdjacentTo_ReturnsTrue(1,1,2,2)" fullname="ChessWithTDD.Tests.SquareExtensionsTests.IsAdjacentTo_ReturnsTrue(1,1,2,2)" methodname="IsAdjacentTo_ReturnsTrue" classname="ChessWithTDD.Tests.SquareExtensionsTests" runstate="Runnable" seed="1563007794" result="Passed" start-time="2017-07-31 23:04:31Z" end-time="2017-07-31 23:04:31Z" duration="0.000477" asserts="1" />
            <test-case id="0-1805" name="IsAdjacentTo_ReturnsTrue(1,2,2,2)" fullname="ChessWithTDD.Tests.SquareExtensionsTests.IsAdjacentTo_ReturnsTrue(1,2,2,2)" methodname="IsAdjacentTo_ReturnsTrue" classname="ChessWithTDD.Tests.SquareExtensionsTests" runstate="Runnable" seed="762317291" result="Passed" start-time="2017-07-31 23:04:31Z" end-time="2017-07-31 23:04:31Z" duration="0.001654" asserts="1" />
          </test-suite>
          <test-suite type="ParameterizedMethod" id="0-1849" name="IsAnLShapeAwayFrom_ReturnsFalse" fullname="ChessWithTDD.Tests.SquareExtensionsTests.IsAnLShapeAwayFrom_ReturnsFalse" classname="ChessWithTDD.Tests.SquareExtensionsTests" runstate="Runnable" testcasecount="6" result="Passed" start-time="2017-07-31 23:04:31Z" end-time="2017-07-31 23:04:31Z" duration="0.022514" total="6" passed="6" failed="0" warnings="0" inconclusive="0" skipped="0" asserts="6">
            <test-case id="0-1843" name="IsAnLShapeAwayFrom_ReturnsFalse(3,3,4,4)" fullname="ChessWithTDD.Tests.SquareExtensionsTests.IsAnLShapeAwayFrom_ReturnsFalse(3,3,4,4)" methodname="IsAnLShapeAwayFrom_ReturnsFalse" classname="ChessWithTDD.Tests.SquareExtensionsTests" runstate="Runnable" seed="1716045455" result="Passed" start-time="2017-07-31 23:04:31Z" end-time="2017-07-31 23:04:31Z" duration="0.000775" asserts="1" />
            <test-case id="0-1844" name="IsAnLShapeAwayFrom_ReturnsFalse(3,3,4,3)" fullname="ChessWithTDD.Tests.SquareExtensionsTests.IsAnLShapeAwayFrom_ReturnsFalse(3,3,4,3)" methodname="IsAnLShapeAwayFrom_ReturnsFalse" classname="ChessWithTDD.Tests.SquareExtensionsTests" runstate="Runnable" seed="1233464012" result="Passed" start-time="2017-07-31 23:04:31Z" end-time="2017-07-31 23:04:31Z" duration="0.000566" asserts="1" />
            <test-case id="0-1845" name="IsAnLShapeAwayFrom_ReturnsFalse(3,3,3,4)" fullname="ChessWithTDD.Tests.SquareExtensionsTests.IsAnLShapeAwayFrom_ReturnsFalse(3,3,3,4)" methodname="IsAnLShapeAwayFrom_ReturnsFalse" classname="ChessWithTDD.Tests.SquareExtensionsTests" runstate="Runnable" seed="1381863130" result="Passed" start-time="2017-07-31 23:04:31Z" end-time="2017-07-31 23:04:31Z" duration="0.000552" asserts="1" />
            <test-case id="0-1846" name="IsAnLShapeAwayFrom_ReturnsFalse(3,3,0,0)" fullname="ChessWithTDD.Tests.SquareExtensionsTests.IsAnLShapeAwayFrom_ReturnsFalse(3,3,0,0)" methodname="IsAnLShapeAwayFrom_ReturnsFalse" classname="ChessWithTDD.Tests.SquareExtensionsTests" runstate="Runnable" seed="2053588807" result="Passed" start-time="2017-07-31 23:04:31Z" end-time="2017-07-31 23:04:31Z" duration="0.000467" asserts="1" />
            <test-case id="0-1847" name="IsAnLShapeAwayFrom_ReturnsFalse(4,1,1,4)" fullname="ChessWithTDD.Tests.SquareExtensionsTests.IsAnLShapeAwayFrom_ReturnsFalse(4,1,1,4)" methodname="IsAnLShapeAwayFrom_ReturnsFalse" classname="ChessWithTDD.Tests.SquareExtensionsTests" runstate="Runnable" seed="1607496234" result="Passed" start-time="2017-07-31 23:04:31Z" end-time="2017-07-31 23:04:31Z" duration="0.000606" asserts="1" />
            <test-case id="0-1848" name="IsAnLShapeAwayFrom_ReturnsFalse(1,4,5,6)" fullname="ChessWithTDD.Tests.SquareExtensionsTests.IsAnLShapeAwayFrom_ReturnsFalse(1,4,5,6)" methodname="IsAnLShapeAwayFrom_ReturnsFalse" classname="ChessWithTDD.Tests.SquareExtensionsTests" runstate="Runnable" seed="650749242" result="Passed" start-time="2017-07-31 23:04:31Z" end-time="2017-07-31 23:04:31Z" duration="0.000502" asserts="1" />
          </test-suite>
          <test-suite type="ParameterizedMethod" id="0-1842" name="IsAnLShapeAwayFrom_ReturnsTrue" fullname="ChessWithTDD.Tests.SquareExtensionsTests.IsAnLShapeAwayFrom_ReturnsTrue" classname="ChessWithTDD.Tests.SquareExtensionsTests" runstate="Runnable" testcasecount="4" result="Passed" start-time="2017-07-31 23:04:31Z" end-time="2017-07-31 23:04:31Z" duration="0.015513" total="4" passed="4" failed="0" warnings="0" inconclusive="0" skipped="0" asserts="4">
            <test-case id="0-1838" name="IsAnLShapeAwayFrom_ReturnsTrue(3,3,5,4)" fullname="ChessWithTDD.Tests.SquareExtensionsTests.IsAnLShapeAwayFrom_ReturnsTrue(3,3,5,4)" methodname="IsAnLShapeAwayFrom_ReturnsTrue" classname="ChessWithTDD.Tests.SquareExtensionsTests" runstate="Runnable" seed="1273291470" result="Passed" start-time="2017-07-31 23:04:31Z" end-time="2017-07-31 23:04:31Z" duration="0.001935" asserts="1" />
            <test-case id="0-1839" name="IsAnLShapeAwayFrom_ReturnsTrue(3,3,4,5)" fullname="ChessWithTDD.Tests.SquareExtensionsTests.IsAnLShapeAwayFrom_ReturnsTrue(3,3,4,5)" methodname="IsAnLShapeAwayFrom_ReturnsTrue" classname="ChessWithTDD.Tests.SquareExtensionsTests" runstate="Runnable" seed="1903408284" result="Passed" start-time="2017-07-31 23:04:31Z" end-time="2017-07-31 23:04:31Z" duration="0.000598" asserts="1" />
            <test-case id="0-1840" name="IsAnLShapeAwayFrom_ReturnsTrue(4,5,3,3)" fullname="ChessWithTDD.Tests.SquareExtensionsTests.IsAnLShapeAwayFrom_ReturnsTrue(4,5,3,3)" methodname="IsAnLShapeAwayFrom_ReturnsTrue" classname="ChessWithTDD.Tests.SquareExtensionsTests" runstate="Runnable" seed="1169835448" result="Passed" start-time="2017-07-31 23:04:31Z" end-time="2017-07-31 23:04:31Z" duration="0.000495" asserts="1" />
            <test-case id="0-1841" name="IsAnLShapeAwayFrom_ReturnsTrue(5,4,3,3)" fullname="ChessWithTDD.Tests.SquareExtensionsTests.IsAnLShapeAwayFrom_ReturnsTrue(5,4,3,3)" methodname="IsAnLShapeAwayFrom_ReturnsTrue" classname="ChessWithTDD.Tests.SquareExtensionsTests" runstate="Runnable" seed="784148707" result="Passed" start-time="2017-07-31 23:04:31Z" end-time="2017-07-31 23:04:31Z" duration="0.000512" asserts="1" />
          </test-suite>
          <test-suite type="ParameterizedMethod" id="0-1833" name="IsDiagonalTo_ReturnsFalse" fullname="ChessWithTDD.Tests.SquareExtensionsTests.IsDiagonalTo_ReturnsFalse" classname="ChessWithTDD.Tests.SquareExtensionsTests" runstate="Runnable" testcasecount="8" result="Passed" start-time="2017-07-31 23:04:31Z" end-time="2017-07-31 23:04:31Z" duration="0.029015" total="8" passed="8" failed="0" warnings="0" inconclusive="0" skipped="0" asserts="8">
            <test-case id="0-1825" name="IsDiagonalTo_ReturnsFalse(3,3,3,2)" fullname="ChessWithTDD.Tests.SquareExtensionsTests.IsDiagonalTo_ReturnsFalse(3,3,3,2)" methodname="IsDiagonalTo_ReturnsFalse" classname="ChessWithTDD.Tests.SquareExtensionsTests" runstate="Runnable" seed="1186054084" result="Passed" start-time="2017-07-31 23:04:31Z" end-time="2017-07-31 23:04:31Z" duration="0.000818" asserts="1" />
            <test-case id="0-1826" name="IsDiagonalTo_ReturnsFalse(3,2,2,2)" fullname="ChessWithTDD.Tests.SquareExtensionsTests.IsDiagonalTo_ReturnsFalse(3,2,2,2)" methodname="IsDiagonalTo_ReturnsFalse" classname="ChessWithTDD.Tests.SquareExtensionsTests" runstate="Runnable" seed="1090039158" result="Passed" start-time="2017-07-31 23:04:31Z" end-time="2017-07-31 23:04:31Z" duration="0.000495" asserts="1" />
            <test-case id="0-1827" name="IsDiagonalTo_ReturnsFalse(1,3,3,2)" fullname="ChessWithTDD.Tests.SquareExtensionsTests.IsDiagonalTo_ReturnsFalse(1,3,3,2)" methodname="IsDiagonalTo_ReturnsFalse" classname="ChessWithTDD.Tests.SquareExtensionsTests" runstate="Runnable" seed="1887799229" result="Passed" start-time="2017-07-31 23:04:31Z" end-time="2017-07-31 23:04:31Z" duration="0.000476" asserts="1" />
            <test-case id="0-1828" name="IsDiagonalTo_ReturnsFalse(1,1,2,3)" fullname="ChessWithTDD.Tests.SquareExtensionsTests.IsDiagonalTo_ReturnsFalse(1,1,2,3)" methodname="IsDiagonalTo_ReturnsFalse" classname="ChessWithTDD.Tests.SquareExtensionsTests" runstate="Runnable" seed="443903716" result="Passed" start-time="2017-07-31 23:04:31Z" end-time="2017-07-31 23:04:31Z" duration="0.000770" asserts="1" />
            <test-case id="0-1829" name="IsDiagonalTo_ReturnsFalse(6,2,2,2)" fullname="ChessWithTDD.Tests.SquareExtensionsTests.IsDiagonalTo_ReturnsFalse(6,2,2,2)" methodname="IsDiagonalTo_ReturnsFalse" classname="ChessWithTDD.Tests.SquareExtensionsTests" runstate="Runnable" seed="516616637" result="Passed" start-time="2017-07-31 23:04:31Z" end-time="2017-07-31 23:04:31Z" duration="0.000484" asserts="1" />
            <test-case id="0-1830" name="IsDiagonalTo_ReturnsFalse(4,0,4,2)" fullname="ChessWithTDD.Tests.SquareExtensionsTests.IsDiagonalTo_ReturnsFalse(4,0,4,2)" methodname="IsDiagonalTo_ReturnsFalse" classname="ChessWithTDD.Tests.SquareExtensionsTests" runstate="Runnable" seed="1332183167" result="Passed" start-time="2017-07-31 23:04:31Z" end-time="2017-07-31 23:04:31Z" duration="0.000651" asserts="1" />
            <test-case id="0-1831" name="IsDiagonalTo_ReturnsFalse(1,4,2,2)" fullname="ChessWithTDD.Tests.SquareExtensionsTests.IsDiagonalTo_ReturnsFalse(1,4,2,2)" methodname="IsDiagonalTo_ReturnsFalse" classname="ChessWithTDD.Tests.SquareExtensionsTests" runstate="Runnable" seed="493143815" result="Passed" start-time="2017-07-31 23:04:31Z" end-time="2017-07-31 23:04:31Z" duration="0.000504" asserts="1" />
            <test-case id="0-1832" name="IsDiagonalTo_ReturnsFalse(1,1,5,7)" fullname="ChessWithTDD.Tests.SquareExtensionsTests.IsDiagonalTo_ReturnsFalse(1,1,5,7)" methodname="IsDiagonalTo_ReturnsFalse" classname="ChessWithTDD.Tests.SquareExtensionsTests" runstate="Runnable" seed="1480366494" result="Passed" start-time="2017-07-31 23:04:31Z" end-time="2017-07-31 23:04:31Z" duration="0.000487" asserts="1" />
          </test-suite>
          <test-suite type="ParameterizedMethod" id="0-1824" name="IsDiagonalTo_ReturnsTrue" fullname="ChessWithTDD.Tests.SquareExtensionsTests.IsDiagonalTo_ReturnsTrue" classname="ChessWithTDD.Tests.SquareExtensionsTests" runstate="Runnable" testcasecount="8" result="Passed" start-time="2017-07-31 23:04:31Z" end-time="2017-07-31 23:04:31Z" duration="0.029054" total="8" passed="8" failed="0" warnings="0" inconclusive="0" skipped="0" asserts="8">
            <test-case id="0-1816" name="IsDiagonalTo_ReturnsTrue(3,3,2,2)" fullname="ChessWithTDD.Tests.SquareExtensionsTests.IsDiagonalTo_ReturnsTrue(3,3,2,2)" methodname="IsDiagonalTo_ReturnsTrue" classname="ChessWithTDD.Tests.SquareExtensionsTests" runstate="Runnable" seed="330963515" result="Passed" start-time="2017-07-31 23:04:31Z" end-time="2017-07-31 23:04:31Z" duration="0.000849" asserts="1" />
            <test-case id="0-1817" name="IsDiagonalTo_ReturnsTrue(3,1,2,2)" fullname="ChessWithTDD.Tests.SquareExtensionsTests.IsDiagonalTo_ReturnsTrue(3,1,2,2)" methodname="IsDiagonalTo_ReturnsTrue" classname="ChessWithTDD.Tests.SquareExtensionsTests" runstate="Runnable" seed="1613889938" result="Passed" start-time="2017-07-31 23:04:31Z" end-time="2017-07-31 23:04:31Z" duration="0.000532" asserts="1" />
            <test-case id="0-1818" name="IsDiagonalTo_ReturnsTrue(1,3,2,2)" fullname="ChessWithTDD.Tests.SquareExtensionsTests.IsDiagonalTo_ReturnsTrue(1,3,2,2)" methodname="IsDiagonalTo_ReturnsTrue" classname="ChessWithTDD.Tests.SquareExtensionsTests" runstate="Runnable" seed="404157630" result="Passed" start-time="2017-07-31 23:04:31Z" end-time="2017-07-31 23:04:31Z" duration="0.000502" asserts="1" />
            <test-case id="0-1819" name="IsDiagonalTo_ReturnsTrue(1,1,2,2)" fullname="ChessWithTDD.Tests.SquareExtensionsTests.IsDiagonalTo_ReturnsTrue(1,1,2,2)" methodname="IsDiagonalTo_ReturnsTrue" classname="ChessWithTDD.Tests.SquareExtensionsTests" runstate="Runnable" seed="1033402348" result="Passed" start-time="2017-07-31 23:04:31Z" end-time="2017-07-31 23:04:31Z" duration="0.000519" asserts="1" />
            <test-case id="0-1820" name="IsDiagonalTo_ReturnsTrue(6,6,2,2)" fullname="ChessWithTDD.Tests.SquareExtensionsTests.IsDiagonalTo_ReturnsTrue(6,6,2,2)" methodname="IsDiagonalTo_ReturnsTrue" classname="ChessWithTDD.Tests.SquareExtensionsTests" runstate="Runnable" seed="1902215725" result="Passed" start-time="2017-07-31 23:04:31Z" end-time="2017-07-31 23:04:31Z" duration="0.000506" asserts="1" />
            <test-case id="0-1821" name="IsDiagonalTo_ReturnsTrue(4,0,2,2)" fullname="ChessWithTDD.Tests.SquareExtensionsTests.IsDiagonalTo_ReturnsTrue(4,0,2,2)" methodname="IsDiagonalTo_ReturnsTrue" classname="ChessWithTDD.Tests.SquareExtensionsTests" runstate="Runnable" seed="1338456198" result="Passed" start-time="2017-07-31 23:04:31Z" end-time="2017-07-31 23:04:31Z" duration="0.000528" asserts="1" />
            <test-case id="0-1822" name="IsDiagonalTo_ReturnsTrue(0,4,2,2)" fullname="ChessWithTDD.Tests.SquareExtensionsTests.IsDiagonalTo_ReturnsTrue(0,4,2,2)" methodname="IsDiagonalTo_ReturnsTrue" classname="ChessWithTDD.Tests.SquareExtensionsTests" runstate="Runnable" seed="1966437020" result="Passed" start-time="2017-07-31 23:04:31Z" end-time="2017-07-31 23:04:31Z" duration="0.000479" asserts="1" />
            <test-case id="0-1823" name="IsDiagonalTo_ReturnsTrue(1,1,7,7)" fullname="ChessWithTDD.Tests.SquareExtensionsTests.IsDiagonalTo_ReturnsTrue(1,1,7,7)" methodname="IsDiagonalTo_ReturnsTrue" classname="ChessWithTDD.Tests.SquareExtensionsTests" runstate="Runnable" seed="1800336394" result="Passed" start-time="2017-07-31 23:04:31Z" end-time="2017-07-31 23:04:31Z" duration="0.000457" asserts="1" />
          </test-suite>
          <test-suite type="ParameterizedMethod" id="0-1837" name="IsInSameColumnAs_ReturnsFalse" fullname="ChessWithTDD.Tests.SquareExtensionsTests.IsInSameColumnAs_ReturnsFalse" classname="ChessWithTDD.Tests.SquareExtensionsTests" runstate="Runnable" testcasecount="0" result="Passed" start-time="2017-07-31 23:04:31Z" end-time="2017-07-31 23:04:31Z" duration="0.000036" total="0" passed="0" failed="0" warnings="0" inconclusive="0" skipped="0" asserts="0" />
          <test-suite type="ParameterizedMethod" id="0-1836" name="IsInSameColumnAs_ReturnsTrue" fullname="ChessWithTDD.Tests.SquareExtensionsTests.IsInSameColumnAs_ReturnsTrue" classname="ChessWithTDD.Tests.SquareExtensionsTests" runstate="Runnable" testcasecount="0" result="Passed" start-time="2017-07-31 23:04:31Z" end-time="2017-07-31 23:04:31Z" duration="0.000036" total="0" passed="0" failed="0" warnings="0" inconclusive="0" skipped="0" asserts="0" />
          <test-suite type="ParameterizedMethod" id="0-1835" name="IsInSameRowAs_ReturnsFalse" fullname="ChessWithTDD.Tests.SquareExtensionsTests.IsInSameRowAs_ReturnsFalse" classname="ChessWithTDD.Tests.SquareExtensionsTests" runstate="Runnable" testcasecount="0" result="Passed" start-time="2017-07-31 23:04:31Z" end-time="2017-07-31 23:04:31Z" duration="0.000022" total="0" passed="0" failed="0" warnings="0" inconclusive="0" skipped="0" asserts="0" />
          <test-suite type="ParameterizedMethod" id="0-1834" name="IsInSameRowAs_ReturnsTrue" fullname="ChessWithTDD.Tests.SquareExtensionsTests.IsInSameRowAs_ReturnsTrue" classname="ChessWithTDD.Tests.SquareExtensionsTests" runstate="Runnable" testcasecount="0" result="Passed" start-time="2017-07-31 23:04:31Z" end-time="2017-07-31 23:04:31Z" duration="0.000036" total="0" passed="0" failed="0" warnings="0" inconclusive="0" skipped="0" asserts="0" />
          <test-suite type="ParameterizedMethod" id="0-1763" name="IsMultipleSquaresEastEastOf_ReturnsFalse" fullname="ChessWithTDD.Tests.SquareExtensionsTests.IsMultipleSquaresEastEastOf_ReturnsFalse" classname="ChessWithTDD.Tests.SquareExtensionsTests" runstate="Runnable" testcasecount="2" result="Passed" start-time="2017-07-31 23:04:31Z" end-time="2017-07-31 23:04:31Z" duration="0.007110" total="2" passed="2" failed="0" warnings="0" inconclusive="0" skipped="0" asserts="2">
            <test-case id="0-1761" name="IsMultipleSquaresEastEastOf_ReturnsFalse(4,4,4,3)" fullname="ChessWithTDD.Tests.SquareExtensionsTests.IsMultipleSquaresEastEastOf_ReturnsFalse(4,4,4,3)" methodname="IsMultipleSquaresEastEastOf_ReturnsFalse" classname="ChessWithTDD.Tests.SquareExtensionsTests" runstate="Runnable" seed="892761226" result="Passed" start-time="2017-07-31 23:04:31Z" end-time="2017-07-31 23:04:31Z" duration="0.000833" asserts="1" />
            <test-case id="0-1762" name="IsMultipleSquaresEastEastOf_ReturnsFalse(6,5,7,1)" fullname="ChessWithTDD.Tests.SquareExtensionsTests.IsMultipleSquaresEastEastOf_ReturnsFalse(6,5,7,1)" methodname="IsMultipleSquaresEastEastOf_ReturnsFalse" classname="ChessWithTDD.Tests.SquareExtensionsTests" runstate="Runnable" seed="1457550444" result="Passed" start-time="2017-07-31 23:04:31Z" end-time="2017-07-31 23:04:31Z" duration="0.000433" asserts="1" />
          </test-suite>
          <test-suite type="ParameterizedMethod" id="0-1760" name="IsMultipleSquaresEastEastOf_ReturnsTrue" fullname="ChessWithTDD.Tests.SquareExtensionsTests.IsMultipleSquaresEastEastOf_ReturnsTrue" classname="ChessWithTDD.Tests.SquareExtensionsTests" runstate="Runnable" testcasecount="2" result="Passed" start-time="2017-07-31 23:04:31Z" end-time="2017-07-31 23:04:31Z" duration="0.007027" total="2" passed="2" failed="0" warnings="0" inconclusive="0" skipped="0" asserts="2">
            <test-case id="0-1758" name="IsMultipleSquaresEastEastOf_ReturnsTrue(4,6,4,3)" fullname="ChessWithTDD.Tests.SquareExtensionsTests.IsMultipleSquaresEastEastOf_ReturnsTrue(4,6,4,3)" methodname="IsMultipleSquaresEastEastOf_ReturnsTrue" classname="ChessWithTDD.Tests.SquareExtensionsTests" runstate="Runnable" seed="2112299695" result="Passed" start-time="2017-07-31 23:04:31Z" end-time="2017-07-31 23:04:31Z" duration="0.000784" asserts="1" />
            <test-case id="0-1759" name="IsMultipleSquaresEastEastOf_ReturnsTrue(6,5,6,1)" fullname="ChessWithTDD.Tests.SquareExtensionsTests.IsMultipleSquaresEastEastOf_ReturnsTrue(6,5,6,1)" methodname="IsMultipleSquaresEastEastOf_ReturnsTrue" classname="ChessWithTDD.Tests.SquareExtensionsTests" runstate="Runnable" seed="210253256" result="Passed" start-time="2017-07-31 23:04:31Z" end-time="2017-07-31 23:04:31Z" duration="0.000473" asserts="1" />
          </test-suite>
          <test-suite type="ParameterizedMethod" id="0-1751" name="IsMultipleSquaresNorthEastOf_ReturnsFalse" fullname="ChessWithTDD.Tests.SquareExtensionsTests.IsMultipleSquaresNorthEastOf_ReturnsFalse" classname="ChessWithTDD.Tests.SquareExtensionsTests" runstate="Runnable" testcasecount="2" result="Passed" start-time="2017-07-31 23:04:31Z" end-time="2017-07-31 23:04:31Z" duration="0.007515" total="2" passed="2" failed="0" warnings="0" inconclusive="0" skipped="0" asserts="2">
            <test-case id="0-1749" name="IsMultipleSquaresNorthEastOf_ReturnsFalse(3,3,2,2)" fullname="ChessWithTDD.Tests.SquareExtensionsTests.IsMultipleSquaresNorthEastOf_ReturnsFalse(3,3,2,2)" methodname="IsMultipleSquaresNorthEastOf_ReturnsFalse" classname="ChessWithTDD.Tests.SquareExtensionsTests" runstate="Runnable" seed="1712463505" result="Passed" start-time="2017-07-31 23:04:31Z" end-time="2017-07-31 23:04:31Z" duration="0.000692" asserts="1" />
            <test-case id="0-1750" name="IsMultipleSquaresNorthEastOf_ReturnsFalse(5,7,2,3)" fullname="ChessWithTDD.Tests.SquareExtensionsTests.IsMultipleSquaresNorthEastOf_ReturnsFalse(5,7,2,3)" methodname="IsMultipleSquaresNorthEastOf_ReturnsFalse" classname="ChessWithTDD.Tests.SquareExtensionsTests" runstate="Runnable" seed="422976156" result="Passed" start-time="2017-07-31 23:04:31Z" end-time="2017-07-31 23:04:31Z" duration="0.000557" asserts="1" />
          </test-suite>
          <test-suite type="ParameterizedMethod" id="0-1748" name="IsMultipleSquaresNorthEastOf_ReturnsTrue" fullname="ChessWithTDD.Tests.SquareExtensionsTests.IsMultipleSquaresNorthEastOf_ReturnsTrue" classname="ChessWithTDD.Tests.SquareExtensionsTests" runstate="Runnable" testcasecount="2" result="Passed" start-time="2017-07-31 23:04:31Z" end-time="2017-07-31 23:04:31Z" duration="0.007763" total="2" passed="2" failed="0" warnings="0" inconclusive="0" skipped="0" asserts="2">
            <test-case id="0-1746" name="IsMultipleSquaresNorthEastOf_ReturnsTrue(4,4,2,2)" fullname="ChessWithTDD.Tests.SquareExtensionsTests.IsMultipleSquaresNorthEastOf_ReturnsTrue(4,4,2,2)" methodname="IsMultipleSquaresNorthEastOf_ReturnsTrue" classname="ChessWithTDD.Tests.SquareExtensionsTests" runstate="Runnable" seed="996859338" result="Passed" start-time="2017-07-31 23:04:31Z" end-time="2017-07-31 23:04:31Z" duration="0.000756" asserts="1" />
            <test-case id="0-1747" name="IsMultipleSquaresNorthEastOf_ReturnsTrue(6,7,2,3)" fullname="ChessWithTDD.Tests.SquareExtensionsTests.IsMultipleSquaresNorthEastOf_ReturnsTrue(6,7,2,3)" methodname="IsMultipleSquaresNorthEastOf_ReturnsTrue" classname="ChessWithTDD.Tests.SquareExtensionsTests" runstate="Runnable" seed="792004590" result="Passed" start-time="2017-07-31 23:04:31Z" end-time="2017-07-31 23:04:31Z" duration="0.000528" asserts="1" />
          </test-suite>
          <test-suite type="ParameterizedMethod" id="0-1739" name="IsMultipleSquaresNorthNorthOf_ReturnsFalse" fullname="ChessWithTDD.Tests.SquareExtensionsTests.IsMultipleSquaresNorthNorthOf_ReturnsFalse" classname="ChessWithTDD.Tests.SquareExtensionsTests" runstate="Runnable" testcasecount="2" result="Passed" start-time="2017-07-31 23:04:31Z" end-time="2017-07-31 23:04:31Z" duration="0.006503" total="2" passed="2" failed="0" warnings="0" inconclusive="0" skipped="0" asserts="2">
            <test-case id="0-1737" name="IsMultipleSquaresNorthNorthOf_ReturnsFalse(3,2,2,2)" fullname="ChessWithTDD.Tests.SquareExtensionsTests.IsMultipleSquaresNorthNorthOf_ReturnsFalse(3,2,2,2)" methodname="IsMultipleSquaresNorthNorthOf_ReturnsFalse" classname="ChessWithTDD.Tests.SquareExtensionsTests" runstate="Runnable" seed="2121741066" result="Passed" start-time="2017-07-31 23:04:31Z" end-time="2017-07-31 23:04:31Z" duration="0.000762" asserts="1" />
            <test-case id="0-1738" name="IsMultipleSquaresNorthNorthOf_ReturnsFalse(7,3,5,4)" fullname="ChessWithTDD.Tests.SquareExtensionsTests.IsMultipleSquaresNorthNorthOf_ReturnsFalse(7,3,5,4)" methodname="IsMultipleSquaresNorthNorthOf_ReturnsFalse" classname="ChessWithTDD.Tests.SquareExtensionsTests" runstate="Runnable" seed="1296232334" result="Passed" start-time="2017-07-31 23:04:31Z" end-time="2017-07-31 23:04:31Z" duration="0.000457" asserts="1" />
          </test-suite>
          <test-suite type="ParameterizedMethod" id="0-1736" name="IsMultipleSquaresNorthNorthOf_ReturnsTrue" fullname="ChessWithTDD.Tests.SquareExtensionsTests.IsMultipleSquaresNorthNorthOf_ReturnsTrue" classname="ChessWithTDD.Tests.SquareExtensionsTests" runstate="Runnable" testcasecount="2" result="Passed" start-time="2017-07-31 23:04:31Z" end-time="2017-07-31 23:04:31Z" duration="0.007511" total="2" passed="2" failed="0" warnings="0" inconclusive="0" skipped="0" asserts="2">
            <test-case id="0-1734" name="IsMultipleSquaresNorthNorthOf_ReturnsTrue(5,2,2,2)" fullname="ChessWithTDD.Tests.SquareExtensionsTests.IsMultipleSquaresNorthNorthOf_ReturnsTrue(5,2,2,2)" methodname="IsMultipleSquaresNorthNorthOf_ReturnsTrue" classname="ChessWithTDD.Tests.SquareExtensionsTests" runstate="Runnable" seed="135268165" result="Passed" start-time="2017-07-31 23:04:31Z" end-time="2017-07-31 23:04:31Z" duration="0.000769" asserts="1" />
            <test-case id="0-1735" name="IsMultipleSquaresNorthNorthOf_ReturnsTrue(7,3,5,3)" fullname="ChessWithTDD.Tests.SquareExtensionsTests.IsMultipleSquaresNorthNorthOf_ReturnsTrue(7,3,5,3)" methodname="IsMultipleSquaresNorthNorthOf_ReturnsTrue" classname="ChessWithTDD.Tests.SquareExtensionsTests" runstate="Runnable" seed="1094647511" result="Passed" start-time="2017-07-31 23:04:31Z" end-time="2017-07-31 23:04:31Z" duration="0.000477" asserts="1" />
          </test-suite>
          <test-suite type="ParameterizedMethod" id="0-1745" name="IsMultipleSquaresNorthWestOf_ReturnsFalse" fullname="ChessWithTDD.Tests.SquareExtensionsTests.IsMultipleSquaresNorthWestOf_ReturnsFalse" classname="ChessWithTDD.Tests.SquareExtensionsTests" runstate="Runnable" testcasecount="2" result="Passed" start-time="2017-07-31 23:04:31Z" end-time="2017-07-31 23:04:31Z" duration="0.007513" total="2" passed="2" failed="0" warnings="0" inconclusive="0" skipped="0" asserts="2">
            <test-case id="0-1743" name="IsMultipleSquaresNorthWestOf_ReturnsFalse(3,1,2,2)" fullname="ChessWithTDD.Tests.SquareExtensionsTests.IsMultipleSquaresNorthWestOf_ReturnsFalse(3,1,2,2)" methodname="IsMultipleSquaresNorthWestOf_ReturnsFalse" classname="ChessWithTDD.Tests.SquareExtensionsTests" runstate="Runnable" seed="1192376112" result="Passed" start-time="2017-07-31 23:04:31Z" end-time="2017-07-31 23:04:31Z" duration="0.000704" asserts="1" />
            <test-case id="0-1744" name="IsMultipleSquaresNorthWestOf_ReturnsFalse(7,3,4,5)" fullname="ChessWithTDD.Tests.SquareExtensionsTests.IsMultipleSquaresNorthWestOf_ReturnsFalse(7,3,4,5)" methodname="IsMultipleSquaresNorthWestOf_ReturnsFalse" classname="ChessWithTDD.Tests.SquareExtensionsTests" runstate="Runnable" seed="1346889705" result="Passed" start-time="2017-07-31 23:04:31Z" end-time="2017-07-31 23:04:31Z" duration="0.000532" asserts="1" />
          </test-suite>
          <test-suite type="ParameterizedMethod" id="0-1742" name="IsMultipleSquaresNorthWestOf_ReturnsTrue" fullname="ChessWithTDD.Tests.SquareExtensionsTests.IsMultipleSquaresNorthWestOf_ReturnsTrue" classname="ChessWithTDD.Tests.SquareExtensionsTests" runstate="Runnable" testcasecount="2" result="Passed" start-time="2017-07-31 23:04:31Z" end-time="2017-07-31 23:04:31Z" duration="0.007556" total="2" passed="2" failed="0" warnings="0" inconclusive="0" skipped="0" asserts="2">
            <test-case id="0-1740" name="IsMultipleSquaresNorthWestOf_ReturnsTrue(4,0,2,2)" fullname="ChessWithTDD.Tests.SquareExtensionsTests.IsMultipleSquaresNorthWestOf_ReturnsTrue(4,0,2,2)" methodname="IsMultipleSquaresNorthWestOf_ReturnsTrue" classname="ChessWithTDD.Tests.SquareExtensionsTests" runstate="Runnable" seed="1735370960" result="Passed" start-time="2017-07-31 23:04:31Z" end-time="2017-07-31 23:04:31Z" duration="0.000809" asserts="1" />
            <test-case id="0-1741" name="IsMultipleSquaresNorthWestOf_ReturnsTrue(7,2,4,5)" fullname="ChessWithTDD.Tests.SquareExtensionsTests.IsMultipleSquaresNorthWestOf_ReturnsTrue(7,2,4,5)" methodname="IsMultipleSquaresNorthWestOf_ReturnsTrue" classname="ChessWithTDD.Tests.SquareExtensionsTests" runstate="Runnable" seed="925397914" result="Passed" start-time="2017-07-31 23:04:31Z" end-time="2017-07-31 23:04:31Z" duration="0.000541" asserts="1" />
          </test-suite>
          <test-suite type="ParameterizedMethod" id="0-1781" name="IsMultipleSquaresSouthEastOf_ReturnsFalse" fullname="ChessWithTDD.Tests.SquareExtensionsTests.IsMultipleSquaresSouthEastOf_ReturnsFalse" classname="ChessWithTDD.Tests.SquareExtensionsTests" runstate="Runnable" testcasecount="2" result="Passed" start-time="2017-07-31 23:04:31Z" end-time="2017-07-31 23:04:31Z" duration="0.007010" total="2" passed="2" failed="0" warnings="0" inconclusive="0" skipped="0" asserts="2">
            <test-case id="0-1779" name="IsMultipleSquaresSouthEastOf_ReturnsFalse(4,6,5,5)" fullname="ChessWithTDD.Tests.SquareExtensionsTests.IsMultipleSquaresSouthEastOf_ReturnsFalse(4,6,5,5)" methodname="IsMultipleSquaresSouthEastOf_ReturnsFalse" classname="ChessWithTDD.Tests.SquareExtensionsTests" runstate="Runnable" seed="435733404" result="Passed" start-time="2017-07-31 23:04:31Z" end-time="2017-07-31 23:04:31Z" duration="0.000729" asserts="1" />
            <test-case id="0-1780" name="IsMultipleSquaresSouthEastOf_ReturnsFalse(1,6,3,3)" fullname="ChessWithTDD.Tests.SquareExtensionsTests.IsMultipleSquaresSouthEastOf_ReturnsFalse(1,6,3,3)" methodname="IsMultipleSquaresSouthEastOf_ReturnsFalse" classname="ChessWithTDD.Tests.SquareExtensionsTests" runstate="Runnable" seed="1258535251" result="Passed" start-time="2017-07-31 23:04:31Z" end-time="2017-07-31 23:04:31Z" duration="0.000569" asserts="1" />
          </test-suite>
          <test-suite type="ParameterizedMethod" id="0-1778" name="IsMultipleSquaresSouthEastOf_ReturnsTrue" fullname="ChessWithTDD.Tests.SquareExtensionsTests.IsMultipleSquaresSouthEastOf_ReturnsTrue" classname="ChessWithTDD.Tests.SquareExtensionsTests" runstate="Runnable" testcasecount="2" result="Passed" start-time="2017-07-31 23:04:31Z" end-time="2017-07-31 23:04:31Z" duration="0.007029" total="2" passed="2" failed="0" warnings="0" inconclusive="0" skipped="0" asserts="2">
            <test-case id="0-1776" name="IsMultipleSquaresSouthEastOf_ReturnsTrue(3,7,5,5)" fullname="ChessWithTDD.Tests.SquareExtensionsTests.IsMultipleSquaresSouthEastOf_ReturnsTrue(3,7,5,5)" methodname="IsMultipleSquaresSouthEastOf_ReturnsTrue" classname="ChessWithTDD.Tests.SquareExtensionsTests" runstate="Runnable" seed="1756830498" result="Passed" start-time="2017-07-31 23:04:31Z" end-time="2017-07-31 23:04:31Z" duration="0.000911" asserts="1" />
            <test-case id="0-1777" name="IsMultipleSquaresSouthEastOf_ReturnsTrue(0,6,3,3)" fullname="ChessWithTDD.Tests.SquareExtensionsTests.IsMultipleSquaresSouthEastOf_ReturnsTrue(0,6,3,3)" methodname="IsMultipleSquaresSouthEastOf_ReturnsTrue" classname="ChessWithTDD.Tests.SquareExtensionsTests" runstate="Runnable" seed="614500485" result="Passed" start-time="2017-07-31 23:04:31Z" end-time="2017-07-31 23:04:31Z" duration="0.000589" asserts="1" />
          </test-suite>
          <test-suite type="ParameterizedMethod" id="0-1769" name="IsMultipleSquaresSouthSouthOf_ReturnsFalse" fullname="ChessWithTDD.Tests.SquareExtensionsTests.IsMultipleSquaresSouthSouthOf_ReturnsFalse" classname="ChessWithTDD.Tests.SquareExtensionsTests" runstate="Runnable" testcasecount="2" result="Passed" start-time="2017-07-31 23:04:31Z" end-time="2017-07-31 23:04:31Z" duration="0.007541" total="2" passed="2" failed="0" warnings="0" inconclusive="0" skipped="0" asserts="2">
            <test-case id="0-1767" name="IsMultipleSquaresSouthSouthOf_ReturnsFalse(4,6,5,6)" fullname="ChessWithTDD.Tests.SquareExtensionsTests.IsMultipleSquaresSouthSouthOf_ReturnsFalse(4,6,5,6)" methodname="IsMultipleSquaresSouthSouthOf_ReturnsFalse" classname="ChessWithTDD.Tests.SquareExtensionsTests" runstate="Runnable" seed="1868345685" result="Passed" start-time="2017-07-31 23:04:31Z" end-time="2017-07-31 23:04:31Z" duration="0.000766" asserts="1" />
            <test-case id="0-1768" name="IsMultipleSquaresSouthSouthOf_ReturnsFalse(0,0,5,1)" fullname="ChessWithTDD.Tests.SquareExtensionsTests.IsMultipleSquaresSouthSouthOf_ReturnsFalse(0,0,5,1)" methodname="IsMultipleSquaresSouthSouthOf_ReturnsFalse" classname="ChessWithTDD.Tests.SquareExtensionsTests" runstate="Runnable" seed="1971945547" result="Passed" start-time="2017-07-31 23:04:31Z" end-time="2017-07-31 23:04:31Z" duration="0.000456" asserts="1" />
          </test-suite>
          <test-suite type="ParameterizedMethod" id="0-1766" name="IsMultipleSquaresSouthSouthOf_ReturnsTrue" fullname="ChessWithTDD.Tests.SquareExtensionsTests.IsMultipleSquaresSouthSouthOf_ReturnsTrue" classname="ChessWithTDD.Tests.SquareExtensionsTests" runstate="Runnable" testcasecount="2" result="Passed" start-time="2017-07-31 23:04:31Z" end-time="2017-07-31 23:04:31Z" duration="0.007508" total="2" passed="2" failed="0" warnings="0" inconclusive="0" skipped="0" asserts="2">
            <test-case id="0-1764" name="IsMultipleSquaresSouthSouthOf_ReturnsTrue(4,6,6,6)" fullname="ChessWithTDD.Tests.SquareExtensionsTests.IsMultipleSquaresSouthSouthOf_ReturnsTrue(4,6,6,6)" methodname="IsMultipleSquaresSouthSouthOf_ReturnsTrue" classname="ChessWithTDD.Tests.SquareExtensionsTests" runstate="Runnable" seed="1883685131" result="Passed" start-time="2017-07-31 23:04:31Z" end-time="2017-07-31 23:04:31Z" duration="0.000699" asserts="1" />
            <test-case id="0-1765" name="IsMultipleSquaresSouthSouthOf_ReturnsTrue(0,1,5,1)" fullname="ChessWithTDD.Tests.SquareExtensionsTests.IsMultipleSquaresSouthSouthOf_ReturnsTrue(0,1,5,1)" methodname="IsMultipleSquaresSouthSouthOf_ReturnsTrue" classname="ChessWithTDD.Tests.SquareExtensionsTests" runstate="Runnable" seed="1230744919" result="Passed" start-time="2017-07-31 23:04:31Z" end-time="2017-07-31 23:04:31Z" duration="0.000570" asserts="1" />
          </test-suite>
          <test-suite type="ParameterizedMethod" id="0-1775" name="IsMultipleSquaresSouthWestOf_ReturnsFalse" fullname="ChessWithTDD.Tests.SquareExtensionsTests.IsMultipleSquaresSouthWestOf_ReturnsFalse" classname="ChessWithTDD.Tests.SquareExtensionsTests" runstate="Runnable" testcasecount="2" result="Passed" start-time="2017-07-31 23:04:31Z" end-time="2017-07-31 23:04:31Z" duration="0.007023" total="2" passed="2" failed="0" warnings="0" inconclusive="0" skipped="0" asserts="2">
            <test-case id="0-1773" name="IsMultipleSquaresSouthWestOf_ReturnsFalse(5,5,6,6)" fullname="ChessWithTDD.Tests.SquareExtensionsTests.IsMultipleSquaresSouthWestOf_ReturnsFalse(5,5,6,6)" methodname="IsMultipleSquaresSouthWestOf_ReturnsFalse" classname="ChessWithTDD.Tests.SquareExtensionsTests" runstate="Runnable" seed="1045052774" result="Passed" start-time="2017-07-31 23:04:31Z" end-time="2017-07-31 23:04:31Z" duration="0.000652" asserts="1" />
            <test-case id="0-1774" name="IsMultipleSquaresSouthWestOf_ReturnsFalse(2,0,5,2)" fullname="ChessWithTDD.Tests.SquareExtensionsTests.IsMultipleSquaresSouthWestOf_ReturnsFalse(2,0,5,2)" methodname="IsMultipleSquaresSouthWestOf_ReturnsFalse" classname="ChessWithTDD.Tests.SquareExtensionsTests" runstate="Runnable" seed="1163948024" result="Passed" start-time="2017-07-31 23:04:31Z" end-time="2017-07-31 23:04:31Z" duration="0.000528" asserts="1" />
          </test-suite>
          <test-suite type="ParameterizedMethod" id="0-1772" name="IsMultipleSquaresSouthWestOf_ReturnsTrue" fullname="ChessWithTDD.Tests.SquareExtensionsTests.IsMultipleSquaresSouthWestOf_ReturnsTrue" classname="ChessWithTDD.Tests.SquareExtensionsTests" runstate="Runnable" testcasecount="2" result="Passed" start-time="2017-07-31 23:04:31Z" end-time="2017-07-31 23:04:31Z" duration="0.007017" total="2" passed="2" failed="0" warnings="0" inconclusive="0" skipped="0" asserts="2">
            <test-case id="0-1770" name="IsMultipleSquaresSouthWestOf_ReturnsTrue(4,4,6,6)" fullname="ChessWithTDD.Tests.SquareExtensionsTests.IsMultipleSquaresSouthWestOf_ReturnsTrue(4,4,6,6)" methodname="IsMultipleSquaresSouthWestOf_ReturnsTrue" classname="ChessWithTDD.Tests.SquareExtensionsTests" runstate="Runnable" seed="890247985" result="Passed" start-time="2017-07-31 23:04:31Z" end-time="2017-07-31 23:04:31Z" duration="0.000796" asserts="1" />
            <test-case id="0-1771" name="IsMultipleSquaresSouthWestOf_ReturnsTrue(2,0,5,3)" fullname="ChessWithTDD.Tests.SquareExtensionsTests.IsMultipleSquaresSouthWestOf_ReturnsTrue(2,0,5,3)" methodname="IsMultipleSquaresSouthWestOf_ReturnsTrue" classname="ChessWithTDD.Tests.SquareExtensionsTests" runstate="Runnable" seed="70292993" result="Passed" start-time="2017-07-31 23:04:31Z" end-time="2017-07-31 23:04:31Z" duration="0.000560" asserts="1" />
          </test-suite>
          <test-suite type="ParameterizedMethod" id="0-1757" name="IsMultipleSquaresWestWestOf_ReturnsFalse" fullname="ChessWithTDD.Tests.SquareExtensionsTests.IsMultipleSquaresWestWestOf_ReturnsFalse" classname="ChessWithTDD.Tests.SquareExtensionsTests" runstate="Runnable" testcasecount="2" result="Passed" start-time="2017-07-31 23:04:31Z" end-time="2017-07-31 23:04:31Z" duration="0.006488" total="2" passed="2" failed="0" warnings="0" inconclusive="0" skipped="0" asserts="2">
            <test-case id="0-1755" name="IsMultipleSquaresWestWestOf_ReturnsFalse(4,4,4,5)" fullname="ChessWithTDD.Tests.SquareExtensionsTests.IsMultipleSquaresWestWestOf_ReturnsFalse(4,4,4,5)" methodname="IsMultipleSquaresWestWestOf_ReturnsFalse" classname="ChessWithTDD.Tests.SquareExtensionsTests" runstate="Runnable" seed="1274934885" result="Passed" start-time="2017-07-31 23:04:31Z" end-time="2017-07-31 23:04:31Z" duration="0.000744" asserts="1" />
            <test-case id="0-1756" name="IsMultipleSquaresWestWestOf_ReturnsFalse(6,0,7,6)" fullname="ChessWithTDD.Tests.SquareExtensionsTests.IsMultipleSquaresWestWestOf_ReturnsFalse(6,0,7,6)" methodname="IsMultipleSquaresWestWestOf_ReturnsFalse" classname="ChessWithTDD.Tests.SquareExtensionsTests" runstate="Runnable" seed="1222898200" result="Passed" start-time="2017-07-31 23:04:31Z" end-time="2017-07-31 23:04:31Z" duration="0.000433" asserts="1" />
          </test-suite>
          <test-suite type="ParameterizedMethod" id="0-1754" name="IsMultipleSquaresWestWestOf_ReturnsTrue" fullname="ChessWithTDD.Tests.SquareExtensionsTests.IsMultipleSquaresWestWestOf_ReturnsTrue" classname="ChessWithTDD.Tests.SquareExtensionsTests" runstate="Runnable" testcasecount="2" result="Passed" start-time="2017-07-31 23:04:31Z" end-time="2017-07-31 23:04:31Z" duration="0.007038" total="2" passed="2" failed="0" warnings="0" inconclusive="0" skipped="0" asserts="2">
            <test-case id="0-1752" name="IsMultipleSquaresWestWestOf_ReturnsTrue(4,2,4,5)" fullname="ChessWithTDD.Tests.SquareExtensionsTests.IsMultipleSquaresWestWestOf_ReturnsTrue(4,2,4,5)" methodname="IsMultipleSquaresWestWestOf_ReturnsTrue" classname="ChessWithTDD.Tests.SquareExtensionsTests" runstate="Runnable" seed="1403014612" result="Passed" start-time="2017-07-31 23:04:31Z" end-time="2017-07-31 23:04:31Z" duration="0.000682" asserts="1" />
            <test-case id="0-1753" name="IsMultipleSquaresWestWestOf_ReturnsTrue(6,0,6,6)" fullname="ChessWithTDD.Tests.SquareExtensionsTests.IsMultipleSquaresWestWestOf_ReturnsTrue(6,0,6,6)" methodname="IsMultipleSquaresWestWestOf_ReturnsTrue" classname="ChessWithTDD.Tests.SquareExtensionsTests" runstate="Runnable" seed="1930183650" result="Passed" start-time="2017-07-31 23:04:31Z" end-time="2017-07-31 23:04:31Z" duration="0.000530" asserts="1" />
          </test-suite>
          <test-suite type="ParameterizedMethod" id="0-1789" name="IsOneSquareDiagonallyAbove_ReturnsFalse" fullname="ChessWithTDD.Tests.SquareExtensionsTests.IsOneSquareDiagonallyAbove_ReturnsFalse" classname="ChessWithTDD.Tests.SquareExtensionsTests" runstate="Runnable" testcasecount="3" result="Passed" start-time="2017-07-31 23:04:31Z" end-time="2017-07-31 23:04:31Z" duration="0.010016" total="3" passed="3" failed="0" warnings="0" inconclusive="0" skipped="0" asserts="3">
            <test-case id="0-1786" name="IsOneSquareDiagonallyAbove_ReturnsFalse(4,4,2,2)" fullname="ChessWithTDD.Tests.SquareExtensionsTests.IsOneSquareDiagonallyAbove_ReturnsFalse(4,4,2,2)" methodname="IsOneSquareDiagonallyAbove_ReturnsFalse" classname="ChessWithTDD.Tests.SquareExtensionsTests" runstate="Runnable" seed="82537570" result="Passed" start-time="2017-07-31 23:04:31Z" end-time="2017-07-31 23:04:31Z" duration="0.000716" asserts="1" />
            <test-case id="0-1787" name="IsOneSquareDiagonallyAbove_ReturnsFalse(3,2,2,2)" fullname="ChessWithTDD.Tests.SquareExtensionsTests.IsOneSquareDiagonallyAbove_ReturnsFalse(3,2,2,2)" methodname="IsOneSquareDiagonallyAbove_ReturnsFalse" classname="ChessWithTDD.Tests.SquareExtensionsTests" runstate="Runnable" seed="223895796" result="Passed" start-time="2017-07-31 23:04:31Z" end-time="2017-07-31 23:04:31Z" duration="0.000494" asserts="1" />
            <test-case id="0-1788" name="IsOneSquareDiagonallyAbove_ReturnsFalse(4,5,4,6)" fullname="ChessWithTDD.Tests.SquareExtensionsTests.IsOneSquareDiagonallyAbove_ReturnsFalse(4,5,4,6)" methodname="IsOneSquareDiagonallyAbove_ReturnsFalse" classname="ChessWithTDD.Tests.SquareExtensionsTests" runstate="Runnable" seed="450604512" result="Passed" start-time="2017-07-31 23:04:31Z" end-time="2017-07-31 23:04:31Z" duration="0.000430" asserts="1" />
          </test-suite>
          <test-suite type="ParameterizedMethod" id="0-1785" name="IsOneSquareDiagonallyAbove_ReturnsTrue" fullname="ChessWithTDD.Tests.SquareExtensionsTests.IsOneSquareDiagonallyAbove_ReturnsTrue" classname="ChessWithTDD.Tests.SquareExtensionsTests" runstate="Runnable" testcasecount="3" result="Passed" start-time="2017-07-31 23:04:31Z" end-time="2017-07-31 23:04:31Z" duration="0.010544" total="3" passed="3" failed="0" warnings="0" inconclusive="0" skipped="0" asserts="3">
            <test-case id="0-1782" name="IsOneSquareDiagonallyAbove_ReturnsTrue(3,3,2,2)" fullname="ChessWithTDD.Tests.SquareExtensionsTests.IsOneSquareDiagonallyAbove_ReturnsTrue(3,3,2,2)" methodname="IsOneSquareDiagonallyAbove_ReturnsTrue" classname="ChessWithTDD.Tests.SquareExtensionsTests" runstate="Runnable" seed="2146231210" result="Passed" start-time="2017-07-31 23:04:31Z" end-time="2017-07-31 23:04:31Z" duration="0.000798" asserts="1" />
            <test-case id="0-1783" name="IsOneSquareDiagonallyAbove_ReturnsTrue(3,1,2,2)" fullname="ChessWithTDD.Tests.SquareExtensionsTests.IsOneSquareDiagonallyAbove_ReturnsTrue(3,1,2,2)" methodname="IsOneSquareDiagonallyAbove_ReturnsTrue" classname="ChessWithTDD.Tests.SquareExtensionsTests" runstate="Runnable" seed="329840576" result="Passed" start-time="2017-07-31 23:04:31Z" end-time="2017-07-31 23:04:31Z" duration="0.000478" asserts="1" />
            <test-case id="0-1784" name="IsOneSquareDiagonallyAbove_ReturnsTrue(4,5,3,4)" fullname="ChessWithTDD.Tests.SquareExtensionsTests.IsOneSquareDiagonallyAbove_ReturnsTrue(4,5,3,4)" methodname="IsOneSquareDiagonallyAbove_ReturnsTrue" classname="ChessWithTDD.Tests.SquareExtensionsTests" runstate="Runnable" seed="1506871453" result="Passed" start-time="2017-07-31 23:04:31Z" end-time="2017-07-31 23:04:31Z" duration="0.000497" asserts="1" />
          </test-suite>
          <test-suite type="ParameterizedMethod" id="0-1797" name="IsOneSquareDiagonallyBelow_ReturnsFalse" fullname="ChessWithTDD.Tests.SquareExtensionsTests.IsOneSquareDiagonallyBelow_ReturnsFalse" classname="ChessWithTDD.Tests.SquareExtensionsTests" runstate="Runnable" testcasecount="3" result="Passed" start-time="2017-07-31 23:04:31Z" end-time="2017-07-31 23:04:31Z" duration="0.010498" total="3" passed="3" failed="0" warnings="0" inconclusive="0" skipped="0" asserts="3">
            <test-case id="0-1794" name="IsOneSquareDiagonallyBelow_ReturnsFalse(0,0,2,2)" fullname="ChessWithTDD.Tests.SquareExtensionsTests.IsOneSquareDiagonallyBelow_ReturnsFalse(0,0,2,2)" methodname="IsOneSquareDiagonallyBelow_ReturnsFalse" classname="ChessWithTDD.Tests.SquareExtensionsTests" runstate="Runnable" seed="2014110127" result="Passed" start-time="2017-07-31 23:04:31Z" end-time="2017-07-31 23:04:31Z" duration="0.000743" asserts="1" />
            <test-case id="0-1795" name="IsOneSquareDiagonallyBelow_ReturnsFalse(1,3,2,3)" fullname="ChessWithTDD.Tests.SquareExtensionsTests.IsOneSquareDiagonallyBelow_ReturnsFalse(1,3,2,3)" methodname="IsOneSquareDiagonallyBelow_ReturnsFalse" classname="ChessWithTDD.Tests.SquareExtensionsTests" runstate="Runnable" seed="566950586" result="Passed" start-time="2017-07-31 23:04:31Z" end-time="2017-07-31 23:04:31Z" duration="0.000543" asserts="1" />
            <test-case id="0-1796" name="IsOneSquareDiagonallyBelow_ReturnsFalse(2,5,2,4)" fullname="ChessWithTDD.Tests.SquareExtensionsTests.IsOneSquareDiagonallyBelow_ReturnsFalse(2,5,2,4)" methodname="IsOneSquareDiagonallyBelow_ReturnsFalse" classname="ChessWithTDD.Tests.SquareExtensionsTests" runstate="Runnable" seed="417854495" result="Passed" start-time="2017-07-31 23:04:31Z" end-time="2017-07-31 23:04:31Z" duration="0.000455" asserts="1" />
          </test-suite>
          <test-suite type="ParameterizedMethod" id="0-1793" name="IsOneSquareDiagonallyBelow_ReturnsTrue" fullname="ChessWithTDD.Tests.SquareExtensionsTests.IsOneSquareDiagonallyBelow_ReturnsTrue" classname="ChessWithTDD.Tests.SquareExtensionsTests" runstate="Runnable" testcasecount="3" result="Passed" start-time="2017-07-31 23:04:31Z" end-time="2017-07-31 23:04:31Z" duration="0.011509" total="3" passed="3" failed="0" warnings="0" inconclusive="0" skipped="0" asserts="3">
            <test-case id="0-1790" name="IsOneSquareDiagonallyBelow_ReturnsTrue(1,1,2,2)" fullname="ChessWithTDD.Tests.SquareExtensionsTests.IsOneSquareDiagonallyBelow_ReturnsTrue(1,1,2,2)" methodname="IsOneSquareDiagonallyBelow_ReturnsTrue" classname="ChessWithTDD.Tests.SquareExtensionsTests" runstate="Runnable" seed="594776831" result="Passed" start-time="2017-07-31 23:04:31Z" end-time="2017-07-31 23:04:31Z" duration="0.000763" asserts="1" />
            <test-case id="0-1791" name="IsOneSquareDiagonallyBelow_ReturnsTrue(1,3,2,2)" fullname="ChessWithTDD.Tests.SquareExtensionsTests.IsOneSquareDiagonallyBelow_ReturnsTrue(1,3,2,2)" methodname="IsOneSquareDiagonallyBelow_ReturnsTrue" classname="ChessWithTDD.Tests.SquareExtensionsTests" runstate="Runnable" seed="400598196" result="Passed" start-time="2017-07-31 23:04:31Z" end-time="2017-07-31 23:04:31Z" duration="0.000515" asserts="1" />
            <test-case id="0-1792" name="IsOneSquareDiagonallyBelow_ReturnsTrue(2,5,3,4)" fullname="ChessWithTDD.Tests.SquareExtensionsTests.IsOneSquareDiagonallyBelow_ReturnsTrue(2,5,3,4)" methodname="IsOneSquareDiagonallyBelow_ReturnsTrue" classname="ChessWithTDD.Tests.SquareExtensionsTests" runstate="Runnable" seed="1164851325" result="Passed" start-time="2017-07-31 23:04:31Z" end-time="2017-07-31 23:04:31Z" duration="0.000520" asserts="1" />
          </test-suite>
        </test-suite>
        <test-suite type="TestFixture" id="0-1871" name="SquareTests" fullname="ChessWithTDD.Tests.SquareTests" classname="ChessWithTDD.Tests.SquareTests" runstate="Runnable" testcasecount="3" result="Passed" start-time="2017-07-31 23:04:31Z" end-time="2017-07-31 23:04:31Z" duration="0.009498" total="3" passed="3" failed="0" warnings="0" inconclusive="0" skipped="0" asserts="4">
          <test-case id="0-1873" name="SquareContainsPieceAfterCallingAddPiece" fullname="ChessWithTDD.Tests.SquareTests.SquareContainsPieceAfterCallingAddPiece" methodname="SquareContainsPieceAfterCallingAddPiece" classname="ChessWithTDD.Tests.SquareTests" runstate="Runnable" seed="223709950" result="Passed" start-time="2017-07-31 23:04:31Z" end-time="2017-07-31 23:04:31Z" duration="0.000392" asserts="1" />
          <test-case id="0-1872" name="SquareInitialisedHasNoPieceInIt" fullname="ChessWithTDD.Tests.SquareTests.SquareInitialisedHasNoPieceInIt" methodname="SquareInitialisedHasNoPieceInIt" classname="ChessWithTDD.Tests.SquareTests" runstate="Runnable" seed="1445193379" result="Passed" start-time="2017-07-31 23:04:31Z" end-time="2017-07-31 23:04:31Z" duration="0.000234" asserts="1" />
          <test-case id="0-1874" name="SquareInitialisedWithRowAndColCorrectly" fullname="ChessWithTDD.Tests.SquareTests.SquareInitialisedWithRowAndColCorrectly" methodname="SquareInitialisedWithRowAndColCorrectly" classname="ChessWithTDD.Tests.SquareTests" runstate="Runnable" seed="1289706997" result="Passed" start-time="2017-07-31 23:04:31Z" end-time="2017-07-31 23:04:31Z" duration="0.000295" asserts="2" />
        </test-suite>
        <test-suite type="TestFixture" id="0-1725" name="StrictServiceLocatorTests" fullname="ChessWithTDD.Tests.StrictServiceLocatorTests" classname="ChessWithTDD.Tests.StrictServiceLocatorTests" runstate="Runnable" testcasecount="7" result="Passed" start-time="2017-07-31 23:04:31Z" end-time="2017-07-31 23:04:31Z" duration="0.026068" total="7" passed="7" failed="0" warnings="0" inconclusive="0" skipped="0" asserts="7">
          <test-case id="0-1726" name="BoardCacheServiceIsImplemented" fullname="ChessWithTDD.Tests.StrictServiceLocatorTests.BoardCacheServiceIsImplemented" methodname="BoardCacheServiceIsImplemented" classname="ChessWithTDD.Tests.StrictServiceLocatorTests" runstate="Runnable" seed="763994457" result="Passed" start-time="2017-07-31 23:04:31Z" end-time="2017-07-31 23:04:31Z" duration="0.000462" asserts="1" />
          <test-case id="0-1727" name="BoardInitialiserServiceIsImplemented" fullname="ChessWithTDD.Tests.StrictServiceLocatorTests.BoardInitialiserServiceIsImplemented" methodname="BoardInitialiserServiceIsImplemented" classname="ChessWithTDD.Tests.StrictServiceLocatorTests" runstate="Runnable" seed="578370171" result="Passed" start-time="2017-07-31 23:04:31Z" end-time="2017-07-31 23:04:31Z" duration="0.000506" asserts="1" />
          <test-case id="0-1728" name="CheckManagerServiceIsImplemented" fullname="ChessWithTDD.Tests.StrictServiceLocatorTests.CheckManagerServiceIsImplemented" methodname="CheckManagerServiceIsImplemented" classname="ChessWithTDD.Tests.StrictServiceLocatorTests" runstate="Runnable" seed="234130470" result="Passed" start-time="2017-07-31 23:04:31Z" end-time="2017-07-31 23:04:31Z" duration="0.000470" asserts="1" />
          <test-case id="0-1731" name="MoveExecutorServiceIsImplemented" fullname="ChessWithTDD.Tests.StrictServiceLocatorTests.MoveExecutorServiceIsImplemented" methodname="MoveExecutorServiceIsImplemented" classname="ChessWithTDD.Tests.StrictServiceLocatorTests" runstate="Runnable" seed="89009521" result="Passed" start-time="2017-07-31 23:04:31Z" end-time="2017-07-31 23:04:31Z" duration="0.000604" asserts="1" />
          <test-case id="0-1732" name="MoveIntoCheckValidatorServiceIsImplemented" fullname="ChessWithTDD.Tests.StrictServiceLocatorTests.MoveIntoCheckValidatorServiceIsImplemented" methodname="MoveIntoCheckValidatorServiceIsImplemented" classname="ChessWithTDD.Tests.StrictServiceLocatorTests" runstate="Runnable" seed="1740696535" result="Passed" start-time="2017-07-31 23:04:31Z" end-time="2017-07-31 23:04:31Z" duration="0.000488" asserts="1" />
          <test-case id="0-1729" name="MoveValidatorServiceIsImplemented" fullname="ChessWithTDD.Tests.StrictServiceLocatorTests.MoveValidatorServiceIsImplemented" methodname="MoveValidatorServiceIsImplemented" classname="ChessWithTDD.Tests.StrictServiceLocatorTests" runstate="Runnable" seed="985484014" result="Passed" start-time="2017-07-31 23:04:31Z" end-time="2017-07-31 23:04:31Z" duration="0.000450" asserts="1" />
          <test-case id="0-1730" name="PawnManagerServiceIsImplemented" fullname="ChessWithTDD.Tests.StrictServiceLocatorTests.PawnManagerServiceIsImplemented" methodname="PawnManagerServiceIsImplemented" classname="ChessWithTDD.Tests.StrictServiceLocatorTests" runstate="Runnable" seed="1746530904" result="Passed" start-time="2017-07-31 23:04:31Z" end-time="2017-07-31 23:04:31Z" duration="0.000479" asserts="1" />
        </test-suite>
        <test-suite type="TestFixture" id="0-1875" name="WhitePawnTests" fullname="ChessWithTDD.Tests.WhitePawnTests" classname="ChessWithTDD.Tests.WhitePawnTests" runstate="Runnable" testcasecount="21" result="Passed" start-time="2017-07-31 23:04:31Z" end-time="2017-07-31 23:04:31Z" duration="0.119539" total="21" passed="21" failed="0" warnings="0" inconclusive="0" skipped="0" asserts="21">
          <test-suite type="ParameterizedMethod" id="0-1884" name="WhitePawnCanMoveDiagonallyUpTheBoardIfBlackPieceThere" fullname="ChessWithTDD.Tests.WhitePawnTests.WhitePawnCanMoveDiagonallyUpTheBoardIfBlackPieceThere" classname="ChessWithTDD.Tests.WhitePawnTests" runstate="Runnable" testcasecount="2" result="Passed" start-time="2017-07-31 23:04:31Z" end-time="2017-07-31 23:04:31Z" duration="0.008537" total="2" passed="2" failed="0" warnings="0" inconclusive="0" skipped="0" asserts="2">
            <test-case id="0-1882" name="WhitePawnCanMoveDiagonallyUpTheBoardIfBlackPieceThere(4,4,5,5)" fullname="ChessWithTDD.Tests.WhitePawnTests.WhitePawnCanMoveDiagonallyUpTheBoardIfBlackPieceThere(4,4,5,5)" methodname="WhitePawnCanMoveDiagonallyUpTheBoardIfBlackPieceThere" classname="ChessWithTDD.Tests.WhitePawnTests" runstate="Runnable" seed="633072969" result="Passed" start-time="2017-07-31 23:04:31Z" end-time="2017-07-31 23:04:31Z" duration="0.001857" asserts="1" />
            <test-case id="0-1883" name="WhitePawnCanMoveDiagonallyUpTheBoardIfBlackPieceThere(4,4,5,3)" fullname="ChessWithTDD.Tests.WhitePawnTests.WhitePawnCanMoveDiagonallyUpTheBoardIfBlackPieceThere(4,4,5,3)" methodname="WhitePawnCanMoveDiagonallyUpTheBoardIfBlackPieceThere" classname="ChessWithTDD.Tests.WhitePawnTests" runstate="Runnable" seed="167461042" result="Passed" start-time="2017-07-31 23:04:31Z" end-time="2017-07-31 23:04:31Z" duration="0.001023" asserts="1" />
          </test-suite>
          <test-suite type="ParameterizedMethod" id="0-1890" name="WhitePawnCanMoveDiagonallyUpwardsToEmptySquareIfToSquareHasEnPassantMark" fullname="ChessWithTDD.Tests.WhitePawnTests.WhitePawnCanMoveDiagonallyUpwardsToEmptySquareIfToSquareHasEnPassantMark" classname="ChessWithTDD.Tests.WhitePawnTests" runstate="Runnable" testcasecount="2" result="Passed" start-time="2017-07-31 23:04:31Z" end-time="2017-07-31 23:04:31Z" duration="0.008481" total="2" passed="2" failed="0" warnings="0" inconclusive="0" skipped="0" asserts="2">
            <test-case id="0-1888" name="WhitePawnCanMoveDiagonallyUpwardsToEmptySquareIfToSquareHasEnPassantMark(4,4,5,5)" fullname="ChessWithTDD.Tests.WhitePawnTests.WhitePawnCanMoveDiagonallyUpwardsToEmptySquareIfToSquareHasEnPassantMark(4,4,5,5)" methodname="WhitePawnCanMoveDiagonallyUpwardsToEmptySquareIfToSquareHasEnPassantMark" classname="ChessWithTDD.Tests.WhitePawnTests" runstate="Runnable" seed="982346202" result="Passed" start-time="2017-07-31 23:04:31Z" end-time="2017-07-31 23:04:31Z" duration="0.001481" asserts="1" />
            <test-case id="0-1889" name="WhitePawnCanMoveDiagonallyUpwardsToEmptySquareIfToSquareHasEnPassantMark(4,4,5,3)" fullname="ChessWithTDD.Tests.WhitePawnTests.WhitePawnCanMoveDiagonallyUpwardsToEmptySquareIfToSquareHasEnPassantMark(4,4,5,3)" methodname="WhitePawnCanMoveDiagonallyUpwardsToEmptySquareIfToSquareHasEnPassantMark" classname="ChessWithTDD.Tests.WhitePawnTests" runstate="Runnable" seed="449932847" result="Passed" start-time="2017-07-31 23:04:31Z" end-time="2017-07-31 23:04:31Z" duration="0.000898" asserts="1" />
          </test-suite>
          <test-suite type="ParameterizedMethod" id="0-1878" name="WhitePawnCanMoveOneVerticalPositionUpTheBoard" fullname="ChessWithTDD.Tests.WhitePawnTests.WhitePawnCanMoveOneVerticalPositionUpTheBoard" classname="ChessWithTDD.Tests.WhitePawnTests" runstate="Runnable" testcasecount="2" result="Passed" start-time="2017-07-31 23:04:31Z" end-time="2017-07-31 23:04:31Z" duration="0.007519" total="2" passed="2" failed="0" warnings="0" inconclusive="0" skipped="0" asserts="2">
            <test-case id="0-1876" name="WhitePawnCanMoveOneVerticalPositionUpTheBoard(5,2,6,2)" fullname="ChessWithTDD.Tests.WhitePawnTests.WhitePawnCanMoveOneVerticalPositionUpTheBoard(5,2,6,2)" methodname="WhitePawnCanMoveOneVerticalPositionUpTheBoard" classname="ChessWithTDD.Tests.WhitePawnTests" runstate="Runnable" seed="1683866536" result="Passed" start-time="2017-07-31 23:04:31Z" end-time="2017-07-31 23:04:31Z" duration="0.001190" asserts="1" />
            <test-case id="0-1877" name="WhitePawnCanMoveOneVerticalPositionUpTheBoard(3,3,4,3)" fullname="ChessWithTDD.Tests.WhitePawnTests.WhitePawnCanMoveOneVerticalPositionUpTheBoard(3,3,4,3)" methodname="WhitePawnCanMoveOneVerticalPositionUpTheBoard" classname="ChessWithTDD.Tests.WhitePawnTests" runstate="Runnable" seed="1766994152" result="Passed" start-time="2017-07-31 23:04:31Z" end-time="2017-07-31 23:04:31Z" duration="0.000800" asserts="1" />
          </test-suite>
          <test-suite type="ParameterizedMethod" id="0-1896" name="WhitePawnCanMoveTwoVerticalSpacesUpTheBoardIfItHasNotMovedBefore" fullname="ChessWithTDD.Tests.WhitePawnTests.WhitePawnCanMoveTwoVerticalSpacesUpTheBoardIfItHasNotMovedBefore" classname="ChessWithTDD.Tests.WhitePawnTests" runstate="Runnable" testcasecount="2" result="Passed" start-time="2017-07-31 23:04:31Z" end-time="2017-07-31 23:04:31Z" duration="0.008045" total="2" passed="2" failed="0" warnings="0" inconclusive="0" skipped="0" asserts="2">
            <test-case id="0-1894" name="WhitePawnCanMoveTwoVerticalSpacesUpTheBoardIfItHasNotMovedBefore(4,4,6,4)" fullname="ChessWithTDD.Tests.WhitePawnTests.WhitePawnCanMoveTwoVerticalSpacesUpTheBoardIfItHasNotMovedBefore(4,4,6,4)" methodname="WhitePawnCanMoveTwoVerticalSpacesUpTheBoardIfItHasNotMovedBefore" classname="ChessWithTDD.Tests.WhitePawnTests" runstate="Runnable" seed="1845381345" result="Passed" start-time="2017-07-31 23:04:31Z" end-time="2017-07-31 23:04:31Z" duration="0.001892" asserts="1" />
            <test-case id="0-1895" name="WhitePawnCanMoveTwoVerticalSpacesUpTheBoardIfItHasNotMovedBefore(2,1,4,1)" fullname="ChessWithTDD.Tests.WhitePawnTests.WhitePawnCanMoveTwoVerticalSpacesUpTheBoardIfItHasNotMovedBefore(2,1,4,1)" methodname="WhitePawnCanMoveTwoVerticalSpacesUpTheBoardIfItHasNotMovedBefore" classname="ChessWithTDD.Tests.WhitePawnTests" runstate="Runnable" seed="1522299715" result="Passed" start-time="2017-07-31 23:04:31Z" end-time="2017-07-31 23:04:31Z" duration="0.000803" asserts="1" />
          </test-suite>
          <test-suite type="ParameterizedMethod" id="0-1887" name="WhitePawnCannotMoveDiagonallyUpTheBoardIfNoPieceThere" fullname="ChessWithTDD.Tests.WhitePawnTests.WhitePawnCannotMoveDiagonallyUpTheBoardIfNoPieceThere" classname="ChessWithTDD.Tests.WhitePawnTests" runstate="Runnable" testcasecount="2" result="Passed" start-time="2017-07-31 23:04:31Z" end-time="2017-07-31 23:04:31Z" duration="0.008484" total="2" passed="2" failed="0" warnings="0" inconclusive="0" skipped="0" asserts="2">
            <test-case id="0-1885" name="WhitePawnCannotMoveDiagonallyUpTheBoardIfNoPieceThere(4,4,5,5)" fullname="ChessWithTDD.Tests.WhitePawnTests.WhitePawnCannotMoveDiagonallyUpTheBoardIfNoPieceThere(4,4,5,5)" methodname="WhitePawnCannotMoveDiagonallyUpTheBoardIfNoPieceThere" classname="ChessWithTDD.Tests.WhitePawnTests" runstate="Runnable" seed="1529556679" result="Passed" start-time="2017-07-31 23:04:31Z" end-time="2017-07-31 23:04:31Z" duration="0.001200" asserts="1" />
            <test-case id="0-1886" name="WhitePawnCannotMoveDiagonallyUpTheBoardIfNoPieceThere(4,4,5,3)" fullname="ChessWithTDD.Tests.WhitePawnTests.WhitePawnCannotMoveDiagonallyUpTheBoardIfNoPieceThere(4,4,5,3)" methodname="WhitePawnCannotMoveDiagonallyUpTheBoardIfNoPieceThere" classname="ChessWithTDD.Tests.WhitePawnTests" runstate="Runnable" seed="445829849" result="Passed" start-time="2017-07-31 23:04:31Z" end-time="2017-07-31 23:04:31Z" duration="0.000824" asserts="1" />
          </test-suite>
          <test-suite type="ParameterizedMethod" id="0-1893" name="WhitePawnCannotMoveDiagonallyUpwardsToEmptySquareIfToSquareHasNoEnPassantMark" fullname="ChessWithTDD.Tests.WhitePawnTests.WhitePawnCannotMoveDiagonallyUpwardsToEmptySquareIfToSquareHasNoEnPassantMark" classname="ChessWithTDD.Tests.WhitePawnTests" runstate="Runnable" testcasecount="2" result="Passed" start-time="2017-07-31 23:04:31Z" end-time="2017-07-31 23:04:31Z" duration="0.008540" total="2" passed="2" failed="0" warnings="0" inconclusive="0" skipped="0" asserts="2">
            <test-case id="0-1891" name="WhitePawnCannotMoveDiagonallyUpwardsToEmptySquareIfToSquareHasNoEnPassantMark(4,4,5,5)" fullname="ChessWithTDD.Tests.WhitePawnTests.WhitePawnCannotMoveDiagonallyUpwardsToEmptySquareIfToSquareHasNoEnPassantMark(4,4,5,5)" methodname="WhitePawnCannotMoveDiagonallyUpwardsToEmptySquareIfToSquareHasNoEnPassantMark" classname="ChessWithTDD.Tests.WhitePawnTests" runstate="Runnable" seed="1778171988" result="Passed" start-time="2017-07-31 23:04:31Z" end-time="2017-07-31 23:04:31Z" duration="0.001876" asserts="1" />
            <test-case id="0-1892" name="WhitePawnCannotMoveDiagonallyUpwardsToEmptySquareIfToSquareHasNoEnPassantMark(4,4,5,3)" fullname="ChessWithTDD.Tests.WhitePawnTests.WhitePawnCannotMoveDiagonallyUpwardsToEmptySquareIfToSquareHasNoEnPassantMark(4,4,5,3)" methodname="WhitePawnCannotMoveDiagonallyUpwardsToEmptySquareIfToSquareHasNoEnPassantMark" classname="ChessWithTDD.Tests.WhitePawnTests" runstate="Runnable" seed="881131262" result="Passed" start-time="2017-07-31 23:04:31Z" end-time="2017-07-31 23:04:31Z" duration="0.000961" asserts="1" />
          </test-suite>
          <test-suite type="ParameterizedMethod" id="0-1905" name="WhitePawnCannotMoveOneHorizontalPositionAcrossTheBoard" fullname="ChessWithTDD.Tests.WhitePawnTests.WhitePawnCannotMoveOneHorizontalPositionAcrossTheBoard" classname="ChessWithTDD.Tests.WhitePawnTests" runstate="Runnable" testcasecount="2" result="Passed" start-time="2017-07-31 23:04:31Z" end-time="2017-07-31 23:04:31Z" duration="0.007533" total="2" passed="2" failed="0" warnings="0" inconclusive="0" skipped="0" asserts="2">
            <test-case id="0-1903" name="WhitePawnCannotMoveOneHorizontalPositionAcrossTheBoard(5,2,5,3)" fullname="ChessWithTDD.Tests.WhitePawnTests.WhitePawnCannotMoveOneHorizontalPositionAcrossTheBoard(5,2,5,3)" methodname="WhitePawnCannotMoveOneHorizontalPositionAcrossTheBoard" classname="ChessWithTDD.Tests.WhitePawnTests" runstate="Runnable" seed="1530856184" result="Passed" start-time="2017-07-31 23:04:31Z" end-time="2017-07-31 23:04:31Z" duration="0.001040" asserts="1" />
            <test-case id="0-1904" name="WhitePawnCannotMoveOneHorizontalPositionAcrossTheBoard(3,3,3,2)" fullname="ChessWithTDD.Tests.WhitePawnTests.WhitePawnCannotMoveOneHorizontalPositionAcrossTheBoard(3,3,3,2)" methodname="WhitePawnCannotMoveOneHorizontalPositionAcrossTheBoard" classname="ChessWithTDD.Tests.WhitePawnTests" runstate="Runnable" seed="871534735" result="Passed" start-time="2017-07-31 23:04:31Z" end-time="2017-07-31 23:04:31Z" duration="0.000777" asserts="1" />
          </test-suite>
          <test-suite type="ParameterizedMethod" id="0-1907" name="WhitePawnCannotMoveOneVerticalPositionDownTheBoard" fullname="ChessWithTDD.Tests.WhitePawnTests.WhitePawnCannotMoveOneVerticalPositionDownTheBoard" classname="ChessWithTDD.Tests.WhitePawnTests" runstate="Runnable" testcasecount="1" result="Passed" start-time="2017-07-31 23:04:31Z" end-time="2017-07-31 23:04:31Z" duration="0.004057" total="1" passed="1" failed="0" warnings="0" inconclusive="0" skipped="0" asserts="1">
            <test-case id="0-1906" name="WhitePawnCannotMoveOneVerticalPositionDownTheBoard(1,1,0,1)" fullname="ChessWithTDD.Tests.WhitePawnTests.WhitePawnCannotMoveOneVerticalPositionDownTheBoard(1,1,0,1)" methodname="WhitePawnCannotMoveOneVerticalPositionDownTheBoard" classname="ChessWithTDD.Tests.WhitePawnTests" runstate="Runnable" seed="647210013" result="Passed" start-time="2017-07-31 23:04:31Z" end-time="2017-07-31 23:04:31Z" duration="0.001075" asserts="1" />
          </test-suite>
          <test-suite type="ParameterizedMethod" id="0-1881" name="WhitePawnCannotMoveOneVerticalPositionUpTheBoardIfBlackPieceThere" fullname="ChessWithTDD.Tests.WhitePawnTests.WhitePawnCannotMoveOneVerticalPositionUpTheBoardIfBlackPieceThere" classname="ChessWithTDD.Tests.WhitePawnTests" runstate="Runnable" testcasecount="2" result="Passed" start-time="2017-07-31 23:04:31Z" end-time="2017-07-31 23:04:31Z" duration="0.009018" total="2" passed="2" failed="0" warnings="0" inconclusive="0" skipped="0" asserts="2">
            <test-case id="0-1879" name="WhitePawnCannotMoveOneVerticalPositionUpTheBoardIfBlackPieceThere(5,2,6,2)" fullname="ChessWithTDD.Tests.WhitePawnTests.WhitePawnCannotMoveOneVerticalPositionUpTheBoardIfBlackPieceThere(5,2,6,2)" methodname="WhitePawnCannotMoveOneVerticalPositionUpTheBoardIfBlackPieceThere" classname="ChessWithTDD.Tests.WhitePawnTests" runstate="Runnable" seed="59217376" result="Passed" start-time="2017-07-31 23:04:31Z" end-time="2017-07-31 23:04:31Z" duration="0.001522" asserts="1" />
            <test-case id="0-1880" name="WhitePawnCannotMoveOneVerticalPositionUpTheBoardIfBlackPieceThere(3,3,4,3)" fullname="ChessWithTDD.Tests.WhitePawnTests.WhitePawnCannotMoveOneVerticalPositionUpTheBoardIfBlackPieceThere(3,3,4,3)" methodname="WhitePawnCannotMoveOneVerticalPositionUpTheBoardIfBlackPieceThere" classname="ChessWithTDD.Tests.WhitePawnTests" runstate="Runnable" seed="1755012045" result="Passed" start-time="2017-07-31 23:04:31Z" end-time="2017-07-31 23:04:31Z" duration="0.000972" asserts="1" />
          </test-suite>
          <test-suite type="ParameterizedMethod" id="0-1899" name="WhitePawnCannotMoveTwoVerticalSpacesUpTheBoardIfItHasMovedBefore" fullname="ChessWithTDD.Tests.WhitePawnTests.WhitePawnCannotMoveTwoVerticalSpacesUpTheBoardIfItHasMovedBefore" classname="ChessWithTDD.Tests.WhitePawnTests" runstate="Runnable" testcasecount="2" result="Passed" start-time="2017-07-31 23:04:31Z" end-time="2017-07-31 23:04:31Z" duration="0.007501" total="2" passed="2" failed="0" warnings="0" inconclusive="0" skipped="0" asserts="2">
            <test-case id="0-1897" name="WhitePawnCannotMoveTwoVerticalSpacesUpTheBoardIfItHasMovedBefore(4,4,6,4)" fullname="ChessWithTDD.Tests.WhitePawnTests.WhitePawnCannotMoveTwoVerticalSpacesUpTheBoardIfItHasMovedBefore(4,4,6,4)" methodname="WhitePawnCannotMoveTwoVerticalSpacesUpTheBoardIfItHasMovedBefore" classname="ChessWithTDD.Tests.WhitePawnTests" runstate="Runnable" seed="291449807" result="Passed" start-time="2017-07-31 23:04:31Z" end-time="2017-07-31 23:04:31Z" duration="0.001149" asserts="1" />
            <test-case id="0-1898" name="WhitePawnCannotMoveTwoVerticalSpacesUpTheBoardIfItHasMovedBefore(2,1,4,1)" fullname="ChessWithTDD.Tests.WhitePawnTests.WhitePawnCannotMoveTwoVerticalSpacesUpTheBoardIfItHasMovedBefore(2,1,4,1)" methodname="WhitePawnCannotMoveTwoVerticalSpacesUpTheBoardIfItHasMovedBefore" classname="ChessWithTDD.Tests.WhitePawnTests" runstate="Runnable" seed="899501413" result="Passed" start-time="2017-07-31 23:04:31Z" end-time="2017-07-31 23:04:31Z" duration="0.000895" asserts="1" />
          </test-suite>
          <test-suite type="ParameterizedMethod" id="0-1902" name="WhitePawnCannotMoveTwoVerticalSpacesUpTheBoardIfItHasNotMovedButToSquareContainsAPiece" fullname="ChessWithTDD.Tests.WhitePawnTests.WhitePawnCannotMoveTwoVerticalSpacesUpTheBoardIfItHasNotMovedButToSquareContainsAPiece" classname="ChessWithTDD.Tests.WhitePawnTests" runstate="Runnable" testcasecount="2" result="Passed" start-time="2017-07-31 23:04:31Z" end-time="2017-07-31 23:04:31Z" duration="0.007530" total="2" passed="2" failed="0" warnings="0" inconclusive="0" skipped="0" asserts="2">
            <test-case id="0-1900" name="WhitePawnCannotMoveTwoVerticalSpacesUpTheBoardIfItHasNotMovedButToSquareContainsAPiece(4,4,6,4)" fullname="ChessWithTDD.Tests.WhitePawnTests.WhitePawnCannotMoveTwoVerticalSpacesUpTheBoardIfItHasNotMovedButToSquareContainsAPiece(4,4,6,4)" methodname="WhitePawnCannotMoveTwoVerticalSpacesUpTheBoardIfItHasNotMovedButToSquareContainsAPiece" classname="ChessWithTDD.Tests.WhitePawnTests" runstate="Runnable" seed="1249776880" result="Passed" start-time="2017-07-31 23:04:31Z" end-time="2017-07-31 23:04:31Z" duration="0.001086" asserts="1" />
            <test-case id="0-1901" name="WhitePawnCannotMoveTwoVerticalSpacesUpTheBoardIfItHasNotMovedButToSquareContainsAPiece(2,1,4,1)" fullname="ChessWithTDD.Tests.WhitePawnTests.WhitePawnCannotMoveTwoVerticalSpacesUpTheBoardIfItHasNotMovedButToSquareContainsAPiece(2,1,4,1)" methodname="WhitePawnCannotMoveTwoVerticalSpacesUpTheBoardIfItHasNotMovedButToSquareContainsAPiece" classname="ChessWithTDD.Tests.WhitePawnTests" runstate="Runnable" seed="1289066497" result="Passed" start-time="2017-07-31 23:04:31Z" end-time="2017-07-31 23:04:31Z" duration="0.000837" asserts="1" />
          </test-suite>
        </test-suite>
      </test-suite>
    </test-suite>
  </test-suite>
</test-run>