<?xml version="1.0" encoding="utf-8" standalone="no"?>
<test-run id="2" testcasecount="553" result="Passed" total="553" passed="553" failed="0" inconclusive="0" skipped="0" asserts="590" engine-version="3.6.1.0" clr-version="4.0.30319.42000" start-time="2017-07-19 22:26:29Z" end-time="2017-07-19 22:26:36Z" duration="7.062556">
  <command-line><![CDATA["C:\Programming\GithubRepos\chess-with-tdd\ChessWithTDD\UnitTestingMetrics\..\..\packages\NUnit.ConsoleRunner.3.6.1\tools\nunit3-console.exe" C:\Programming\GithubRepos\chess-with-tdd\ChessWithTDD\UnitTestingMetrics\..\bin\Debug\ChessWithTDD.dll --work=C:\Programming\GithubRepos\chess-with-tdd\ChessWithTDD\UnitTestingMetrics\.\NUnitResults]]></command-line>
  <test-suite type="Assembly" id="0-1712" name="ChessWithTDD.dll" fullname="C:\Programming\GithubRepos\chess-with-tdd\ChessWithTDD\bin\Debug\ChessWithTDD.dll" runstate="Runnable" testcasecount="553" result="Passed" start-time="2017-07-19 22:26:31Z" end-time="2017-07-19 22:26:35Z" duration="4.675248" total="553" passed="553" failed="0" warnings="0" inconclusive="0" skipped="0" asserts="590">
    <environment framework-version="3.6.0.0" clr-version="4.0.30319.42000" os-version="Microsoft Windows NT 10.0.14393.0" platform="Win32NT" cwd="C:\Programming\GithubRepos\chess-with-tdd\ChessWithTDD\UnitTestingMetrics" machine-name="DESKTOP-KCJFP9V" user="dantb" user-domain="DESKTOP-KCJFP9V" culture="en-GB" uiculture="en-GB" os-architecture="x64" />
    <settings>
      <setting name="DisposeRunners" value="True" />
      <setting name="WorkDirectory" value="C:\Programming\GithubRepos\chess-with-tdd\ChessWithTDD\UnitTestingMetrics\.\NUnitResults" />
      <setting name="ImageRuntimeVersion" value="4.0.30319" />
      <setting name="ImageTargetFrameworkName" value=".NETFramework,Version=v4.5.2" />
      <setting name="ImageRequiresX86" value="False" />
      <setting name="ImageRequiresDefaultAppDomainAssemblyResolver" value="False" />
      <setting name="NumberOfTestWorkers" value="8" />
    </settings>
    <properties>
      <property name="_PID" value="3636" />
      <property name="_APPDOMAIN" value="domain-" />
    </properties>
    <test-suite type="TestSuite" id="0-1713" name="ChessWithTDD" fullname="ChessWithTDD" runstate="Runnable" testcasecount="553" result="Passed" start-time="2017-07-19 22:26:31Z" end-time="2017-07-19 22:26:35Z" duration="4.656963" total="553" passed="553" failed="0" warnings="0" inconclusive="0" skipped="0" asserts="590">
      <test-suite type="TestSuite" id="0-1714" name="Tests" fullname="ChessWithTDD.Tests" runstate="Runnable" testcasecount="553" result="Passed" start-time="2017-07-19 22:26:31Z" end-time="2017-07-19 22:26:35Z" duration="4.652971" total="553" passed="553" failed="0" warnings="0" inconclusive="0" skipped="0" asserts="590">
        <test-suite type="TestFixture" id="0-1216" name="AlgebraicNotationGeneratorTests" fullname="ChessWithTDD.Tests.AlgebraicNotationGeneratorTests" classname="ChessWithTDD.Tests.AlgebraicNotationGeneratorTests" runstate="Runnable" testcasecount="0" result="Passed" start-time="2017-07-19 22:26:31Z" end-time="2017-07-19 22:26:31Z" duration="0.002452" total="0" passed="0" failed="0" warnings="0" inconclusive="0" skipped="0" asserts="0" />
        <test-suite type="TestFixture" id="0-1217" name="AlgebraicNotationParserTests" fullname="ChessWithTDD.Tests.AlgebraicNotationParserTests" classname="ChessWithTDD.Tests.AlgebraicNotationParserTests" runstate="Runnable" testcasecount="120" result="Passed" start-time="2017-07-19 22:26:31Z" end-time="2017-07-19 22:26:31Z" duration="0.548013" total="120" passed="120" failed="0" warnings="0" inconclusive="0" skipped="0" asserts="120">
          <test-suite type="ParameterizedMethod" id="0-1324" name="NonPawnMoveParse" fullname="ChessWithTDD.Tests.AlgebraicNotationParserTests.NonPawnMoveParse" classname="ChessWithTDD.Tests.AlgebraicNotationParserTests" runstate="Runnable" testcasecount="44" result="Passed" start-time="2017-07-19 22:26:31Z" end-time="2017-07-19 22:26:31Z" duration="0.224601" total="44" passed="44" failed="0" warnings="0" inconclusive="0" skipped="0" asserts="44">
            <test-case id="0-1280" name="NonPawnMoveParse(&quot;Ka2-a4&quot;,ChessWithTDD.Move)" fullname="ChessWithTDD.Tests.AlgebraicNotationParserTests.NonPawnMoveParse(&quot;Ka2-a4&quot;,ChessWithTDD.Move)" methodname="NonPawnMoveParse" classname="ChessWithTDD.Tests.AlgebraicNotationParserTests" runstate="Runnable" seed="1523137560" result="Passed" start-time="2017-07-19 22:26:31Z" end-time="2017-07-19 22:26:31Z" duration="0.040111" asserts="1" />
            <test-case id="0-1281" name="NonPawnMoveParse(&quot;Kb2-b4&quot;,ChessWithTDD.Move)" fullname="ChessWithTDD.Tests.AlgebraicNotationParserTests.NonPawnMoveParse(&quot;Kb2-b4&quot;,ChessWithTDD.Move)" methodname="NonPawnMoveParse" classname="ChessWithTDD.Tests.AlgebraicNotationParserTests" runstate="Runnable" seed="1948041453" result="Passed" start-time="2017-07-19 22:26:31Z" end-time="2017-07-19 22:26:31Z" duration="0.000160" asserts="1" />
            <test-case id="0-1282" name="NonPawnMoveParse(&quot;Kc2-c4&quot;,ChessWithTDD.Move)" fullname="ChessWithTDD.Tests.AlgebraicNotationParserTests.NonPawnMoveParse(&quot;Kc2-c4&quot;,ChessWithTDD.Move)" methodname="NonPawnMoveParse" classname="ChessWithTDD.Tests.AlgebraicNotationParserTests" runstate="Runnable" seed="1004115786" result="Passed" start-time="2017-07-19 22:26:31Z" end-time="2017-07-19 22:26:31Z" duration="0.000111" asserts="1" />
            <test-case id="0-1283" name="NonPawnMoveParse(&quot;Kd2-d4&quot;,ChessWithTDD.Move)" fullname="ChessWithTDD.Tests.AlgebraicNotationParserTests.NonPawnMoveParse(&quot;Kd2-d4&quot;,ChessWithTDD.Move)" methodname="NonPawnMoveParse" classname="ChessWithTDD.Tests.AlgebraicNotationParserTests" runstate="Runnable" seed="2123398846" result="Passed" start-time="2017-07-19 22:26:31Z" end-time="2017-07-19 22:26:31Z" duration="0.000085" asserts="1" />
            <test-case id="0-1284" name="NonPawnMoveParse(&quot;Ke2-e4&quot;,ChessWithTDD.Move)" fullname="ChessWithTDD.Tests.AlgebraicNotationParserTests.NonPawnMoveParse(&quot;Ke2-e4&quot;,ChessWithTDD.Move)" methodname="NonPawnMoveParse" classname="ChessWithTDD.Tests.AlgebraicNotationParserTests" runstate="Runnable" seed="1594728222" result="Passed" start-time="2017-07-19 22:26:31Z" end-time="2017-07-19 22:26:31Z" duration="0.000084" asserts="1" />
            <test-case id="0-1285" name="NonPawnMoveParse(&quot;Kf2-f4&quot;,ChessWithTDD.Move)" fullname="ChessWithTDD.Tests.AlgebraicNotationParserTests.NonPawnMoveParse(&quot;Kf2-f4&quot;,ChessWithTDD.Move)" methodname="NonPawnMoveParse" classname="ChessWithTDD.Tests.AlgebraicNotationParserTests" runstate="Runnable" seed="1155413171" result="Passed" start-time="2017-07-19 22:26:31Z" end-time="2017-07-19 22:26:31Z" duration="0.000098" asserts="1" />
            <test-case id="0-1286" name="NonPawnMoveParse(&quot;Kg2-g4&quot;,ChessWithTDD.Move)" fullname="ChessWithTDD.Tests.AlgebraicNotationParserTests.NonPawnMoveParse(&quot;Kg2-g4&quot;,ChessWithTDD.Move)" methodname="NonPawnMoveParse" classname="ChessWithTDD.Tests.AlgebraicNotationParserTests" runstate="Runnable" seed="65125088" result="Passed" start-time="2017-07-19 22:26:31Z" end-time="2017-07-19 22:26:31Z" duration="0.000149" asserts="1" />
            <test-case id="0-1287" name="NonPawnMoveParse(&quot;Kh2-h4&quot;,ChessWithTDD.Move)" fullname="ChessWithTDD.Tests.AlgebraicNotationParserTests.NonPawnMoveParse(&quot;Kh2-h4&quot;,ChessWithTDD.Move)" methodname="NonPawnMoveParse" classname="ChessWithTDD.Tests.AlgebraicNotationParserTests" runstate="Runnable" seed="1053246095" result="Passed" start-time="2017-07-19 22:26:31Z" end-time="2017-07-19 22:26:31Z" duration="0.000093" asserts="1" />
            <test-case id="0-1288" name="NonPawnMoveParse(&quot;Qa7-a5&quot;,ChessWithTDD.Move)" fullname="ChessWithTDD.Tests.AlgebraicNotationParserTests.NonPawnMoveParse(&quot;Qa7-a5&quot;,ChessWithTDD.Move)" methodname="NonPawnMoveParse" classname="ChessWithTDD.Tests.AlgebraicNotationParserTests" runstate="Runnable" seed="1432978736" result="Passed" start-time="2017-07-19 22:26:31Z" end-time="2017-07-19 22:26:31Z" duration="0.000123" asserts="1" />
            <test-case id="0-1289" name="NonPawnMoveParse(&quot;Qb7-b5&quot;,ChessWithTDD.Move)" fullname="ChessWithTDD.Tests.AlgebraicNotationParserTests.NonPawnMoveParse(&quot;Qb7-b5&quot;,ChessWithTDD.Move)" methodname="NonPawnMoveParse" classname="ChessWithTDD.Tests.AlgebraicNotationParserTests" runstate="Runnable" seed="1116764372" result="Passed" start-time="2017-07-19 22:26:31Z" end-time="2017-07-19 22:26:31Z" duration="0.000204" asserts="1" />
            <test-case id="0-1290" name="NonPawnMoveParse(&quot;Qc7-c5&quot;,ChessWithTDD.Move)" fullname="ChessWithTDD.Tests.AlgebraicNotationParserTests.NonPawnMoveParse(&quot;Qc7-c5&quot;,ChessWithTDD.Move)" methodname="NonPawnMoveParse" classname="ChessWithTDD.Tests.AlgebraicNotationParserTests" runstate="Runnable" seed="1734204745" result="Passed" start-time="2017-07-19 22:26:31Z" end-time="2017-07-19 22:26:31Z" duration="0.000106" asserts="1" />
            <test-case id="0-1291" name="NonPawnMoveParse(&quot;Qd7-d5&quot;,ChessWithTDD.Move)" fullname="ChessWithTDD.Tests.AlgebraicNotationParserTests.NonPawnMoveParse(&quot;Qd7-d5&quot;,ChessWithTDD.Move)" methodname="NonPawnMoveParse" classname="ChessWithTDD.Tests.AlgebraicNotationParserTests" runstate="Runnable" seed="1390603345" result="Passed" start-time="2017-07-19 22:26:31Z" end-time="2017-07-19 22:26:31Z" duration="0.000084" asserts="1" />
            <test-case id="0-1292" name="NonPawnMoveParse(&quot;Qe7-e5&quot;,ChessWithTDD.Move)" fullname="ChessWithTDD.Tests.AlgebraicNotationParserTests.NonPawnMoveParse(&quot;Qe7-e5&quot;,ChessWithTDD.Move)" methodname="NonPawnMoveParse" classname="ChessWithTDD.Tests.AlgebraicNotationParserTests" runstate="Runnable" seed="528892518" result="Passed" start-time="2017-07-19 22:26:31Z" end-time="2017-07-19 22:26:31Z" duration="0.000109" asserts="1" />
            <test-case id="0-1293" name="NonPawnMoveParse(&quot;Qf7-f5&quot;,ChessWithTDD.Move)" fullname="ChessWithTDD.Tests.AlgebraicNotationParserTests.NonPawnMoveParse(&quot;Qf7-f5&quot;,ChessWithTDD.Move)" methodname="NonPawnMoveParse" classname="ChessWithTDD.Tests.AlgebraicNotationParserTests" runstate="Runnable" seed="1329140513" result="Passed" start-time="2017-07-19 22:26:31Z" end-time="2017-07-19 22:26:31Z" duration="0.000079" asserts="1" />
            <test-case id="0-1294" name="NonPawnMoveParse(&quot;Qg7-g5&quot;,ChessWithTDD.Move)" fullname="ChessWithTDD.Tests.AlgebraicNotationParserTests.NonPawnMoveParse(&quot;Qg7-g5&quot;,ChessWithTDD.Move)" methodname="NonPawnMoveParse" classname="ChessWithTDD.Tests.AlgebraicNotationParserTests" runstate="Runnable" seed="1565234420" result="Passed" start-time="2017-07-19 22:26:31Z" end-time="2017-07-19 22:26:31Z" duration="0.000133" asserts="1" />
            <test-case id="0-1295" name="NonPawnMoveParse(&quot;Qh7-h5&quot;,ChessWithTDD.Move)" fullname="ChessWithTDD.Tests.AlgebraicNotationParserTests.NonPawnMoveParse(&quot;Qh7-h5&quot;,ChessWithTDD.Move)" methodname="NonPawnMoveParse" classname="ChessWithTDD.Tests.AlgebraicNotationParserTests" runstate="Runnable" seed="275589642" result="Passed" start-time="2017-07-19 22:26:31Z" end-time="2017-07-19 22:26:31Z" duration="0.000082" asserts="1" />
            <test-case id="0-1296" name="NonPawnMoveParse(&quot;Ra2-a3&quot;,ChessWithTDD.Move)" fullname="ChessWithTDD.Tests.AlgebraicNotationParserTests.NonPawnMoveParse(&quot;Ra2-a3&quot;,ChessWithTDD.Move)" methodname="NonPawnMoveParse" classname="ChessWithTDD.Tests.AlgebraicNotationParserTests" runstate="Runnable" seed="1262256939" result="Passed" start-time="2017-07-19 22:26:31Z" end-time="2017-07-19 22:26:31Z" duration="0.000098" asserts="1" />
            <test-case id="0-1297" name="NonPawnMoveParse(&quot;Rb2-b3&quot;,ChessWithTDD.Move)" fullname="ChessWithTDD.Tests.AlgebraicNotationParserTests.NonPawnMoveParse(&quot;Rb2-b3&quot;,ChessWithTDD.Move)" methodname="NonPawnMoveParse" classname="ChessWithTDD.Tests.AlgebraicNotationParserTests" runstate="Runnable" seed="1889508375" result="Passed" start-time="2017-07-19 22:26:31Z" end-time="2017-07-19 22:26:31Z" duration="0.000080" asserts="1" />
            <test-case id="0-1298" name="NonPawnMoveParse(&quot;Rc2-c3&quot;,ChessWithTDD.Move)" fullname="ChessWithTDD.Tests.AlgebraicNotationParserTests.NonPawnMoveParse(&quot;Rc2-c3&quot;,ChessWithTDD.Move)" methodname="NonPawnMoveParse" classname="ChessWithTDD.Tests.AlgebraicNotationParserTests" runstate="Runnable" seed="2126484475" result="Passed" start-time="2017-07-19 22:26:31Z" end-time="2017-07-19 22:26:31Z" duration="0.000158" asserts="1" />
            <test-case id="0-1299" name="NonPawnMoveParse(&quot;Rd2-d3&quot;,ChessWithTDD.Move)" fullname="ChessWithTDD.Tests.AlgebraicNotationParserTests.NonPawnMoveParse(&quot;Rd2-d3&quot;,ChessWithTDD.Move)" methodname="NonPawnMoveParse" classname="ChessWithTDD.Tests.AlgebraicNotationParserTests" runstate="Runnable" seed="1505409936" result="Passed" start-time="2017-07-19 22:26:31Z" end-time="2017-07-19 22:26:31Z" duration="0.000087" asserts="1" />
            <test-case id="0-1300" name="NonPawnMoveParse(&quot;Re2-e3&quot;,ChessWithTDD.Move)" fullname="ChessWithTDD.Tests.AlgebraicNotationParserTests.NonPawnMoveParse(&quot;Re2-e3&quot;,ChessWithTDD.Move)" methodname="NonPawnMoveParse" classname="ChessWithTDD.Tests.AlgebraicNotationParserTests" runstate="Runnable" seed="1975559954" result="Passed" start-time="2017-07-19 22:26:31Z" end-time="2017-07-19 22:26:31Z" duration="0.000130" asserts="1" />
            <test-case id="0-1301" name="NonPawnMoveParse(&quot;Rf2-f3&quot;,ChessWithTDD.Move)" fullname="ChessWithTDD.Tests.AlgebraicNotationParserTests.NonPawnMoveParse(&quot;Rf2-f3&quot;,ChessWithTDD.Move)" methodname="NonPawnMoveParse" classname="ChessWithTDD.Tests.AlgebraicNotationParserTests" runstate="Runnable" seed="1009526238" result="Passed" start-time="2017-07-19 22:26:31Z" end-time="2017-07-19 22:26:31Z" duration="0.000123" asserts="1" />
            <test-case id="0-1302" name="NonPawnMoveParse(&quot;Rg2-g3&quot;,ChessWithTDD.Move)" fullname="ChessWithTDD.Tests.AlgebraicNotationParserTests.NonPawnMoveParse(&quot;Rg2-g3&quot;,ChessWithTDD.Move)" methodname="NonPawnMoveParse" classname="ChessWithTDD.Tests.AlgebraicNotationParserTests" runstate="Runnable" seed="1368351874" result="Passed" start-time="2017-07-19 22:26:31Z" end-time="2017-07-19 22:26:31Z" duration="0.000079" asserts="1" />
            <test-case id="0-1303" name="NonPawnMoveParse(&quot;Rh2-h3&quot;,ChessWithTDD.Move)" fullname="ChessWithTDD.Tests.AlgebraicNotationParserTests.NonPawnMoveParse(&quot;Rh2-h3&quot;,ChessWithTDD.Move)" methodname="NonPawnMoveParse" classname="ChessWithTDD.Tests.AlgebraicNotationParserTests" runstate="Runnable" seed="615349519" result="Passed" start-time="2017-07-19 22:26:31Z" end-time="2017-07-19 22:26:31Z" duration="0.000123" asserts="1" />
            <test-case id="0-1304" name="NonPawnMoveParse(&quot;Ba7-a6&quot;,ChessWithTDD.Move)" fullname="ChessWithTDD.Tests.AlgebraicNotationParserTests.NonPawnMoveParse(&quot;Ba7-a6&quot;,ChessWithTDD.Move)" methodname="NonPawnMoveParse" classname="ChessWithTDD.Tests.AlgebraicNotationParserTests" runstate="Runnable" seed="1861918260" result="Passed" start-time="2017-07-19 22:26:31Z" end-time="2017-07-19 22:26:31Z" duration="0.000081" asserts="1" />
            <test-case id="0-1305" name="NonPawnMoveParse(&quot;Bb7-b6&quot;,ChessWithTDD.Move)" fullname="ChessWithTDD.Tests.AlgebraicNotationParserTests.NonPawnMoveParse(&quot;Bb7-b6&quot;,ChessWithTDD.Move)" methodname="NonPawnMoveParse" classname="ChessWithTDD.Tests.AlgebraicNotationParserTests" runstate="Runnable" seed="1144060590" result="Passed" start-time="2017-07-19 22:26:31Z" end-time="2017-07-19 22:26:31Z" duration="0.000159" asserts="1" />
            <test-case id="0-1306" name="NonPawnMoveParse(&quot;Bc7-c6&quot;,ChessWithTDD.Move)" fullname="ChessWithTDD.Tests.AlgebraicNotationParserTests.NonPawnMoveParse(&quot;Bc7-c6&quot;,ChessWithTDD.Move)" methodname="NonPawnMoveParse" classname="ChessWithTDD.Tests.AlgebraicNotationParserTests" runstate="Runnable" seed="1356832649" result="Passed" start-time="2017-07-19 22:26:31Z" end-time="2017-07-19 22:26:31Z" duration="0.000080" asserts="1" />
            <test-case id="0-1307" name="NonPawnMoveParse(&quot;Bd7-d6&quot;,ChessWithTDD.Move)" fullname="ChessWithTDD.Tests.AlgebraicNotationParserTests.NonPawnMoveParse(&quot;Bd7-d6&quot;,ChessWithTDD.Move)" methodname="NonPawnMoveParse" classname="ChessWithTDD.Tests.AlgebraicNotationParserTests" runstate="Runnable" seed="913976655" result="Passed" start-time="2017-07-19 22:26:31Z" end-time="2017-07-19 22:26:31Z" duration="0.000084" asserts="1" />
            <test-case id="0-1308" name="NonPawnMoveParse(&quot;Be7-e6&quot;,ChessWithTDD.Move)" fullname="ChessWithTDD.Tests.AlgebraicNotationParserTests.NonPawnMoveParse(&quot;Be7-e6&quot;,ChessWithTDD.Move)" methodname="NonPawnMoveParse" classname="ChessWithTDD.Tests.AlgebraicNotationParserTests" runstate="Runnable" seed="1813572213" result="Passed" start-time="2017-07-19 22:26:31Z" end-time="2017-07-19 22:26:31Z" duration="0.000092" asserts="1" />
            <test-case id="0-1309" name="NonPawnMoveParse(&quot;Bf7-f6&quot;,ChessWithTDD.Move)" fullname="ChessWithTDD.Tests.AlgebraicNotationParserTests.NonPawnMoveParse(&quot;Bf7-f6&quot;,ChessWithTDD.Move)" methodname="NonPawnMoveParse" classname="ChessWithTDD.Tests.AlgebraicNotationParserTests" runstate="Runnable" seed="1241194381" result="Passed" start-time="2017-07-19 22:26:31Z" end-time="2017-07-19 22:26:31Z" duration="0.000096" asserts="1" />
            <test-case id="0-1310" name="NonPawnMoveParse(&quot;Bg7-g6&quot;,ChessWithTDD.Move)" fullname="ChessWithTDD.Tests.AlgebraicNotationParserTests.NonPawnMoveParse(&quot;Bg7-g6&quot;,ChessWithTDD.Move)" methodname="NonPawnMoveParse" classname="ChessWithTDD.Tests.AlgebraicNotationParserTests" runstate="Runnable" seed="887362460" result="Passed" start-time="2017-07-19 22:26:31Z" end-time="2017-07-19 22:26:31Z" duration="0.000112" asserts="1" />
            <test-case id="0-1311" name="NonPawnMoveParse(&quot;Bh7-h6&quot;,ChessWithTDD.Move)" fullname="ChessWithTDD.Tests.AlgebraicNotationParserTests.NonPawnMoveParse(&quot;Bh7-h6&quot;,ChessWithTDD.Move)" methodname="NonPawnMoveParse" classname="ChessWithTDD.Tests.AlgebraicNotationParserTests" runstate="Runnable" seed="1820604651" result="Passed" start-time="2017-07-19 22:26:31Z" end-time="2017-07-19 22:26:31Z" duration="0.000094" asserts="1" />
            <test-case id="0-1312" name="NonPawnMoveParse(&quot;Na2xb3&quot;,ChessWithTDD.Move)" fullname="ChessWithTDD.Tests.AlgebraicNotationParserTests.NonPawnMoveParse(&quot;Na2xb3&quot;,ChessWithTDD.Move)" methodname="NonPawnMoveParse" classname="ChessWithTDD.Tests.AlgebraicNotationParserTests" runstate="Runnable" seed="1445436624" result="Passed" start-time="2017-07-19 22:26:31Z" end-time="2017-07-19 22:26:31Z" duration="0.000092" asserts="1" />
            <test-case id="0-1313" name="NonPawnMoveParse(&quot;Nb2xc3&quot;,ChessWithTDD.Move)" fullname="ChessWithTDD.Tests.AlgebraicNotationParserTests.NonPawnMoveParse(&quot;Nb2xc3&quot;,ChessWithTDD.Move)" methodname="NonPawnMoveParse" classname="ChessWithTDD.Tests.AlgebraicNotationParserTests" runstate="Runnable" seed="1718611961" result="Passed" start-time="2017-07-19 22:26:31Z" end-time="2017-07-19 22:26:31Z" duration="0.000092" asserts="1" />
            <test-case id="0-1314" name="NonPawnMoveParse(&quot;Nc2xd3&quot;,ChessWithTDD.Move)" fullname="ChessWithTDD.Tests.AlgebraicNotationParserTests.NonPawnMoveParse(&quot;Nc2xd3&quot;,ChessWithTDD.Move)" methodname="NonPawnMoveParse" classname="ChessWithTDD.Tests.AlgebraicNotationParserTests" runstate="Runnable" seed="1035742284" result="Passed" start-time="2017-07-19 22:26:31Z" end-time="2017-07-19 22:26:31Z" duration="0.000091" asserts="1" />
            <test-case id="0-1315" name="NonPawnMoveParse(&quot;Nd2xe3&quot;,ChessWithTDD.Move)" fullname="ChessWithTDD.Tests.AlgebraicNotationParserTests.NonPawnMoveParse(&quot;Nd2xe3&quot;,ChessWithTDD.Move)" methodname="NonPawnMoveParse" classname="ChessWithTDD.Tests.AlgebraicNotationParserTests" runstate="Runnable" seed="2129162287" result="Passed" start-time="2017-07-19 22:26:31Z" end-time="2017-07-19 22:26:31Z" duration="0.000082" asserts="1" />
            <test-case id="0-1316" name="NonPawnMoveParse(&quot;Ne2xf3&quot;,ChessWithTDD.Move)" fullname="ChessWithTDD.Tests.AlgebraicNotationParserTests.NonPawnMoveParse(&quot;Ne2xf3&quot;,ChessWithTDD.Move)" methodname="NonPawnMoveParse" classname="ChessWithTDD.Tests.AlgebraicNotationParserTests" runstate="Runnable" seed="1995921832" result="Passed" start-time="2017-07-19 22:26:31Z" end-time="2017-07-19 22:26:31Z" duration="0.000092" asserts="1" />
            <test-case id="0-1317" name="NonPawnMoveParse(&quot;Nf2xg3&quot;,ChessWithTDD.Move)" fullname="ChessWithTDD.Tests.AlgebraicNotationParserTests.NonPawnMoveParse(&quot;Nf2xg3&quot;,ChessWithTDD.Move)" methodname="NonPawnMoveParse" classname="ChessWithTDD.Tests.AlgebraicNotationParserTests" runstate="Runnable" seed="933038208" result="Passed" start-time="2017-07-19 22:26:31Z" end-time="2017-07-19 22:26:31Z" duration="0.000097" asserts="1" />
            <test-case id="0-1318" name="NonPawnMoveParse(&quot;Ng2xh3&quot;,ChessWithTDD.Move)" fullname="ChessWithTDD.Tests.AlgebraicNotationParserTests.NonPawnMoveParse(&quot;Ng2xh3&quot;,ChessWithTDD.Move)" methodname="NonPawnMoveParse" classname="ChessWithTDD.Tests.AlgebraicNotationParserTests" runstate="Runnable" seed="1332994845" result="Passed" start-time="2017-07-19 22:26:31Z" end-time="2017-07-19 22:26:31Z" duration="0.000093" asserts="1" />
            <test-case id="0-1319" name="NonPawnMoveParse(&quot;Nh2xg3&quot;,ChessWithTDD.Move)" fullname="ChessWithTDD.Tests.AlgebraicNotationParserTests.NonPawnMoveParse(&quot;Nh2xg3&quot;,ChessWithTDD.Move)" methodname="NonPawnMoveParse" classname="ChessWithTDD.Tests.AlgebraicNotationParserTests" runstate="Runnable" seed="2059951670" result="Passed" start-time="2017-07-19 22:26:31Z" end-time="2017-07-19 22:26:31Z" duration="0.000106" asserts="1" />
            <test-case id="0-1320" name="NonPawnMoveParse(&quot;Qa2xb3+&quot;,ChessWithTDD.Move)" fullname="ChessWithTDD.Tests.AlgebraicNotationParserTests.NonPawnMoveParse(&quot;Qa2xb3+&quot;,ChessWithTDD.Move)" methodname="NonPawnMoveParse" classname="ChessWithTDD.Tests.AlgebraicNotationParserTests" runstate="Runnable" seed="673386730" result="Passed" start-time="2017-07-19 22:26:31Z" end-time="2017-07-19 22:26:31Z" duration="0.000127" asserts="1" />
            <test-case id="0-1321" name="NonPawnMoveParse(&quot;Kb2xc3#&quot;,ChessWithTDD.Move)" fullname="ChessWithTDD.Tests.AlgebraicNotationParserTests.NonPawnMoveParse(&quot;Kb2xc3#&quot;,ChessWithTDD.Move)" methodname="NonPawnMoveParse" classname="ChessWithTDD.Tests.AlgebraicNotationParserTests" runstate="Runnable" seed="424811058" result="Passed" start-time="2017-07-19 22:26:31Z" end-time="2017-07-19 22:26:31Z" duration="0.000113" asserts="1" />
            <test-case id="0-1322" name="NonPawnMoveParse(&quot;Ng7-g6+&quot;,ChessWithTDD.Move)" fullname="ChessWithTDD.Tests.AlgebraicNotationParserTests.NonPawnMoveParse(&quot;Ng7-g6+&quot;,ChessWithTDD.Move)" methodname="NonPawnMoveParse" classname="ChessWithTDD.Tests.AlgebraicNotationParserTests" runstate="Runnable" seed="557530559" result="Passed" start-time="2017-07-19 22:26:31Z" end-time="2017-07-19 22:26:31Z" duration="0.000086" asserts="1" />
            <test-case id="0-1323" name="NonPawnMoveParse(&quot;Bh7-h6#&quot;,ChessWithTDD.Move)" fullname="ChessWithTDD.Tests.AlgebraicNotationParserTests.NonPawnMoveParse(&quot;Bh7-h6#&quot;,ChessWithTDD.Move)" methodname="NonPawnMoveParse" classname="ChessWithTDD.Tests.AlgebraicNotationParserTests" runstate="Runnable" seed="1536836663" result="Passed" start-time="2017-07-19 22:26:31Z" end-time="2017-07-19 22:26:31Z" duration="0.000094" asserts="1" />
          </test-suite>
          <test-suite type="ParameterizedMethod" id="0-1341" name="NonPawnMoveParseFails" fullname="ChessWithTDD.Tests.AlgebraicNotationParserTests.NonPawnMoveParseFails" classname="ChessWithTDD.Tests.AlgebraicNotationParserTests" runstate="Runnable" testcasecount="16" result="Passed" start-time="2017-07-19 22:26:31Z" end-time="2017-07-19 22:26:31Z" duration="0.064047" total="16" passed="16" failed="0" warnings="0" inconclusive="0" skipped="0" asserts="16">
            <test-case id="0-1325" name="NonPawnMoveParseFails(&quot;Ka2ga4&quot;)" fullname="ChessWithTDD.Tests.AlgebraicNotationParserTests.NonPawnMoveParseFails(&quot;Ka2ga4&quot;)" methodname="NonPawnMoveParseFails" classname="ChessWithTDD.Tests.AlgebraicNotationParserTests" runstate="Runnable" seed="1042435197" result="Passed" start-time="2017-07-19 22:26:31Z" end-time="2017-07-19 22:26:31Z" duration="0.000278" asserts="1" />
            <test-case id="0-1326" name="NonPawnMoveParseFails(&quot;Bb25b4&quot;)" fullname="ChessWithTDD.Tests.AlgebraicNotationParserTests.NonPawnMoveParseFails(&quot;Bb25b4&quot;)" methodname="NonPawnMoveParseFails" classname="ChessWithTDD.Tests.AlgebraicNotationParserTests" runstate="Runnable" seed="1727768605" result="Passed" start-time="2017-07-19 22:26:31Z" end-time="2017-07-19 22:26:31Z" duration="0.000077" asserts="1" />
            <test-case id="0-1327" name="NonPawnMoveParseFails(&quot;Qc26c4&quot;)" fullname="ChessWithTDD.Tests.AlgebraicNotationParserTests.NonPawnMoveParseFails(&quot;Qc26c4&quot;)" methodname="NonPawnMoveParseFails" classname="ChessWithTDD.Tests.AlgebraicNotationParserTests" runstate="Runnable" seed="328734463" result="Passed" start-time="2017-07-19 22:26:31Z" end-time="2017-07-19 22:26:31Z" duration="0.000070" asserts="1" />
            <test-case id="0-1328" name="NonPawnMoveParseFails(&quot;Nd2ld4&quot;)" fullname="ChessWithTDD.Tests.AlgebraicNotationParserTests.NonPawnMoveParseFails(&quot;Nd2ld4&quot;)" methodname="NonPawnMoveParseFails" classname="ChessWithTDD.Tests.AlgebraicNotationParserTests" runstate="Runnable" seed="925179353" result="Passed" start-time="2017-07-19 22:26:31Z" end-time="2017-07-19 22:26:31Z" duration="0.000098" asserts="1" />
            <test-case id="0-1329" name="NonPawnMoveParseFails(&quot;Re2;e4&quot;)" fullname="ChessWithTDD.Tests.AlgebraicNotationParserTests.NonPawnMoveParseFails(&quot;Re2;e4&quot;)" methodname="NonPawnMoveParseFails" classname="ChessWithTDD.Tests.AlgebraicNotationParserTests" runstate="Runnable" seed="179898481" result="Passed" start-time="2017-07-19 22:26:31Z" end-time="2017-07-19 22:26:31Z" duration="0.000071" asserts="1" />
            <test-case id="0-1330" name="NonPawnMoveParseFails(&quot;Kf2+f4&quot;)" fullname="ChessWithTDD.Tests.AlgebraicNotationParserTests.NonPawnMoveParseFails(&quot;Kf2+f4&quot;)" methodname="NonPawnMoveParseFails" classname="ChessWithTDD.Tests.AlgebraicNotationParserTests" runstate="Runnable" seed="1826419012" result="Passed" start-time="2017-07-19 22:26:31Z" end-time="2017-07-19 22:26:31Z" duration="0.000129" asserts="1" />
            <test-case id="0-1331" name="NonPawnMoveParseFails(&quot;Bg2--g4&quot;)" fullname="ChessWithTDD.Tests.AlgebraicNotationParserTests.NonPawnMoveParseFails(&quot;Bg2--g4&quot;)" methodname="NonPawnMoveParseFails" classname="ChessWithTDD.Tests.AlgebraicNotationParserTests" runstate="Runnable" seed="1405893804" result="Passed" start-time="2017-07-19 22:26:31Z" end-time="2017-07-19 22:26:31Z" duration="0.000081" asserts="1" />
            <test-case id="0-1332" name="NonPawnMoveParseFails(&quot;Qh2=h4&quot;)" fullname="ChessWithTDD.Tests.AlgebraicNotationParserTests.NonPawnMoveParseFails(&quot;Qh2=h4&quot;)" methodname="NonPawnMoveParseFails" classname="ChessWithTDD.Tests.AlgebraicNotationParserTests" runstate="Runnable" seed="1837525367" result="Passed" start-time="2017-07-19 22:26:31Z" end-time="2017-07-19 22:26:31Z" duration="0.000070" asserts="1" />
            <test-case id="0-1333" name="NonPawnMoveParseFails(&quot;Nz2-a4&quot;)" fullname="ChessWithTDD.Tests.AlgebraicNotationParserTests.NonPawnMoveParseFails(&quot;Nz2-a4&quot;)" methodname="NonPawnMoveParseFails" classname="ChessWithTDD.Tests.AlgebraicNotationParserTests" runstate="Runnable" seed="1670156406" result="Passed" start-time="2017-07-19 22:26:31Z" end-time="2017-07-19 22:26:31Z" duration="0.000074" asserts="1" />
            <test-case id="0-1334" name="NonPawnMoveParseFails(&quot;Ra2-z4&quot;)" fullname="ChessWithTDD.Tests.AlgebraicNotationParserTests.NonPawnMoveParseFails(&quot;Ra2-z4&quot;)" methodname="NonPawnMoveParseFails" classname="ChessWithTDD.Tests.AlgebraicNotationParserTests" runstate="Runnable" seed="129016920" result="Passed" start-time="2017-07-19 22:26:31Z" end-time="2017-07-19 22:26:31Z" duration="0.000076" asserts="1" />
            <test-case id="0-1335" name="NonPawnMoveParseFails(&quot;Kb9-b4&quot;)" fullname="ChessWithTDD.Tests.AlgebraicNotationParserTests.NonPawnMoveParseFails(&quot;Kb9-b4&quot;)" methodname="NonPawnMoveParseFails" classname="ChessWithTDD.Tests.AlgebraicNotationParserTests" runstate="Runnable" seed="1911833642" result="Passed" start-time="2017-07-19 22:26:31Z" end-time="2017-07-19 22:26:31Z" duration="0.000072" asserts="1" />
            <test-case id="0-1336" name="NonPawnMoveParseFails(&quot;Bc2-c9&quot;)" fullname="ChessWithTDD.Tests.AlgebraicNotationParserTests.NonPawnMoveParseFails(&quot;Bc2-c9&quot;)" methodname="NonPawnMoveParseFails" classname="ChessWithTDD.Tests.AlgebraicNotationParserTests" runstate="Runnable" seed="883935767" result="Passed" start-time="2017-07-19 22:26:31Z" end-time="2017-07-19 22:26:31Z" duration="0.000072" asserts="1" />
            <test-case id="0-1337" name="NonPawnMoveParseFails(&quot;Qc29-c9&quot;)" fullname="ChessWithTDD.Tests.AlgebraicNotationParserTests.NonPawnMoveParseFails(&quot;Qc29-c9&quot;)" methodname="NonPawnMoveParseFails" classname="ChessWithTDD.Tests.AlgebraicNotationParserTests" runstate="Runnable" seed="1636276963" result="Passed" start-time="2017-07-19 22:26:31Z" end-time="2017-07-19 22:26:31Z" duration="0.000059" asserts="1" />
            <test-case id="0-1338" name="NonPawnMoveParseFails(&quot;Nc2-c7x&quot;)" fullname="ChessWithTDD.Tests.AlgebraicNotationParserTests.NonPawnMoveParseFails(&quot;Nc2-c7x&quot;)" methodname="NonPawnMoveParseFails" classname="ChessWithTDD.Tests.AlgebraicNotationParserTests" runstate="Runnable" seed="1251083667" result="Passed" start-time="2017-07-19 22:26:31Z" end-time="2017-07-19 22:26:31Z" duration="0.000067" asserts="1" />
            <test-case id="0-1339" name="NonPawnMoveParseFails(&quot;Re0-e4&quot;)" fullname="ChessWithTDD.Tests.AlgebraicNotationParserTests.NonPawnMoveParseFails(&quot;Re0-e4&quot;)" methodname="NonPawnMoveParseFails" classname="ChessWithTDD.Tests.AlgebraicNotationParserTests" runstate="Runnable" seed="2014684672" result="Passed" start-time="2017-07-19 22:26:31Z" end-time="2017-07-19 22:26:31Z" duration="0.000092" asserts="1" />
            <test-case id="0-1340" name="NonPawnMoveParseFails(&quot;Ke4-e0&quot;)" fullname="ChessWithTDD.Tests.AlgebraicNotationParserTests.NonPawnMoveParseFails(&quot;Ke4-e0&quot;)" methodname="NonPawnMoveParseFails" classname="ChessWithTDD.Tests.AlgebraicNotationParserTests" runstate="Runnable" seed="1732562625" result="Passed" start-time="2017-07-19 22:26:31Z" end-time="2017-07-19 22:26:31Z" duration="0.000083" asserts="1" />
          </test-suite>
          <test-suite type="ParameterizedMethod" id="0-1262" name="PawnMoveParse" fullname="ChessWithTDD.Tests.AlgebraicNotationParserTests.PawnMoveParse" classname="ChessWithTDD.Tests.AlgebraicNotationParserTests" runstate="Runnable" testcasecount="44" result="Passed" start-time="2017-07-19 22:26:31Z" end-time="2017-07-19 22:26:31Z" duration="0.179042" total="44" passed="44" failed="0" warnings="0" inconclusive="0" skipped="0" asserts="44">
            <test-case id="0-1218" name="PawnMoveParse(&quot;a2-a4&quot;,ChessWithTDD.Move)" fullname="ChessWithTDD.Tests.AlgebraicNotationParserTests.PawnMoveParse(&quot;a2-a4&quot;,ChessWithTDD.Move)" methodname="PawnMoveParse" classname="ChessWithTDD.Tests.AlgebraicNotationParserTests" runstate="Runnable" seed="400288004" result="Passed" start-time="2017-07-19 22:26:31Z" end-time="2017-07-19 22:26:31Z" duration="0.001788" asserts="1" />
            <test-case id="0-1219" name="PawnMoveParse(&quot;b2-b4&quot;,ChessWithTDD.Move)" fullname="ChessWithTDD.Tests.AlgebraicNotationParserTests.PawnMoveParse(&quot;b2-b4&quot;,ChessWithTDD.Move)" methodname="PawnMoveParse" classname="ChessWithTDD.Tests.AlgebraicNotationParserTests" runstate="Runnable" seed="926606913" result="Passed" start-time="2017-07-19 22:26:31Z" end-time="2017-07-19 22:26:31Z" duration="0.000114" asserts="1" />
            <test-case id="0-1220" name="PawnMoveParse(&quot;c2-c4&quot;,ChessWithTDD.Move)" fullname="ChessWithTDD.Tests.AlgebraicNotationParserTests.PawnMoveParse(&quot;c2-c4&quot;,ChessWithTDD.Move)" methodname="PawnMoveParse" classname="ChessWithTDD.Tests.AlgebraicNotationParserTests" runstate="Runnable" seed="452040159" result="Passed" start-time="2017-07-19 22:26:31Z" end-time="2017-07-19 22:26:31Z" duration="0.000083" asserts="1" />
            <test-case id="0-1221" name="PawnMoveParse(&quot;d2-d4&quot;,ChessWithTDD.Move)" fullname="ChessWithTDD.Tests.AlgebraicNotationParserTests.PawnMoveParse(&quot;d2-d4&quot;,ChessWithTDD.Move)" methodname="PawnMoveParse" classname="ChessWithTDD.Tests.AlgebraicNotationParserTests" runstate="Runnable" seed="969718250" result="Passed" start-time="2017-07-19 22:26:31Z" end-time="2017-07-19 22:26:31Z" duration="0.000100" asserts="1" />
            <test-case id="0-1222" name="PawnMoveParse(&quot;e2-e4&quot;,ChessWithTDD.Move)" fullname="ChessWithTDD.Tests.AlgebraicNotationParserTests.PawnMoveParse(&quot;e2-e4&quot;,ChessWithTDD.Move)" methodname="PawnMoveParse" classname="ChessWithTDD.Tests.AlgebraicNotationParserTests" runstate="Runnable" seed="118726452" result="Passed" start-time="2017-07-19 22:26:31Z" end-time="2017-07-19 22:26:31Z" duration="0.000081" asserts="1" />
            <test-case id="0-1223" name="PawnMoveParse(&quot;f2-f4&quot;,ChessWithTDD.Move)" fullname="ChessWithTDD.Tests.AlgebraicNotationParserTests.PawnMoveParse(&quot;f2-f4&quot;,ChessWithTDD.Move)" methodname="PawnMoveParse" classname="ChessWithTDD.Tests.AlgebraicNotationParserTests" runstate="Runnable" seed="2057345610" result="Passed" start-time="2017-07-19 22:26:31Z" end-time="2017-07-19 22:26:31Z" duration="0.000080" asserts="1" />
            <test-case id="0-1224" name="PawnMoveParse(&quot;g2-g4&quot;,ChessWithTDD.Move)" fullname="ChessWithTDD.Tests.AlgebraicNotationParserTests.PawnMoveParse(&quot;g2-g4&quot;,ChessWithTDD.Move)" methodname="PawnMoveParse" classname="ChessWithTDD.Tests.AlgebraicNotationParserTests" runstate="Runnable" seed="106196109" result="Passed" start-time="2017-07-19 22:26:31Z" end-time="2017-07-19 22:26:31Z" duration="0.000115" asserts="1" />
            <test-case id="0-1225" name="PawnMoveParse(&quot;h2-h4&quot;,ChessWithTDD.Move)" fullname="ChessWithTDD.Tests.AlgebraicNotationParserTests.PawnMoveParse(&quot;h2-h4&quot;,ChessWithTDD.Move)" methodname="PawnMoveParse" classname="ChessWithTDD.Tests.AlgebraicNotationParserTests" runstate="Runnable" seed="1312006931" result="Passed" start-time="2017-07-19 22:26:31Z" end-time="2017-07-19 22:26:31Z" duration="0.000142" asserts="1" />
            <test-case id="0-1226" name="PawnMoveParse(&quot;a7-a5&quot;,ChessWithTDD.Move)" fullname="ChessWithTDD.Tests.AlgebraicNotationParserTests.PawnMoveParse(&quot;a7-a5&quot;,ChessWithTDD.Move)" methodname="PawnMoveParse" classname="ChessWithTDD.Tests.AlgebraicNotationParserTests" runstate="Runnable" seed="518622823" result="Passed" start-time="2017-07-19 22:26:31Z" end-time="2017-07-19 22:26:31Z" duration="0.000163" asserts="1" />
            <test-case id="0-1227" name="PawnMoveParse(&quot;b7-b5&quot;,ChessWithTDD.Move)" fullname="ChessWithTDD.Tests.AlgebraicNotationParserTests.PawnMoveParse(&quot;b7-b5&quot;,ChessWithTDD.Move)" methodname="PawnMoveParse" classname="ChessWithTDD.Tests.AlgebraicNotationParserTests" runstate="Runnable" seed="1235670800" result="Passed" start-time="2017-07-19 22:26:31Z" end-time="2017-07-19 22:26:31Z" duration="0.000110" asserts="1" />
            <test-case id="0-1228" name="PawnMoveParse(&quot;c7-c5&quot;,ChessWithTDD.Move)" fullname="ChessWithTDD.Tests.AlgebraicNotationParserTests.PawnMoveParse(&quot;c7-c5&quot;,ChessWithTDD.Move)" methodname="PawnMoveParse" classname="ChessWithTDD.Tests.AlgebraicNotationParserTests" runstate="Runnable" seed="675547239" result="Passed" start-time="2017-07-19 22:26:31Z" end-time="2017-07-19 22:26:31Z" duration="0.000096" asserts="1" />
            <test-case id="0-1229" name="PawnMoveParse(&quot;d7-d5&quot;,ChessWithTDD.Move)" fullname="ChessWithTDD.Tests.AlgebraicNotationParserTests.PawnMoveParse(&quot;d7-d5&quot;,ChessWithTDD.Move)" methodname="PawnMoveParse" classname="ChessWithTDD.Tests.AlgebraicNotationParserTests" runstate="Runnable" seed="66932743" result="Passed" start-time="2017-07-19 22:26:31Z" end-time="2017-07-19 22:26:31Z" duration="0.000119" asserts="1" />
            <test-case id="0-1230" name="PawnMoveParse(&quot;e7-e5&quot;,ChessWithTDD.Move)" fullname="ChessWithTDD.Tests.AlgebraicNotationParserTests.PawnMoveParse(&quot;e7-e5&quot;,ChessWithTDD.Move)" methodname="PawnMoveParse" classname="ChessWithTDD.Tests.AlgebraicNotationParserTests" runstate="Runnable" seed="815480570" result="Passed" start-time="2017-07-19 22:26:31Z" end-time="2017-07-19 22:26:31Z" duration="0.000093" asserts="1" />
            <test-case id="0-1231" name="PawnMoveParse(&quot;f7-f5&quot;,ChessWithTDD.Move)" fullname="ChessWithTDD.Tests.AlgebraicNotationParserTests.PawnMoveParse(&quot;f7-f5&quot;,ChessWithTDD.Move)" methodname="PawnMoveParse" classname="ChessWithTDD.Tests.AlgebraicNotationParserTests" runstate="Runnable" seed="175352906" result="Passed" start-time="2017-07-19 22:26:31Z" end-time="2017-07-19 22:26:31Z" duration="0.000119" asserts="1" />
            <test-case id="0-1232" name="PawnMoveParse(&quot;g7-g5&quot;,ChessWithTDD.Move)" fullname="ChessWithTDD.Tests.AlgebraicNotationParserTests.PawnMoveParse(&quot;g7-g5&quot;,ChessWithTDD.Move)" methodname="PawnMoveParse" classname="ChessWithTDD.Tests.AlgebraicNotationParserTests" runstate="Runnable" seed="618014530" result="Passed" start-time="2017-07-19 22:26:31Z" end-time="2017-07-19 22:26:31Z" duration="0.000093" asserts="1" />
            <test-case id="0-1233" name="PawnMoveParse(&quot;h7-h5&quot;,ChessWithTDD.Move)" fullname="ChessWithTDD.Tests.AlgebraicNotationParserTests.PawnMoveParse(&quot;h7-h5&quot;,ChessWithTDD.Move)" methodname="PawnMoveParse" classname="ChessWithTDD.Tests.AlgebraicNotationParserTests" runstate="Runnable" seed="1265559624" result="Passed" start-time="2017-07-19 22:26:31Z" end-time="2017-07-19 22:26:31Z" duration="0.000095" asserts="1" />
            <test-case id="0-1234" name="PawnMoveParse(&quot;a2-a3&quot;,ChessWithTDD.Move)" fullname="ChessWithTDD.Tests.AlgebraicNotationParserTests.PawnMoveParse(&quot;a2-a3&quot;,ChessWithTDD.Move)" methodname="PawnMoveParse" classname="ChessWithTDD.Tests.AlgebraicNotationParserTests" runstate="Runnable" seed="1983138508" result="Passed" start-time="2017-07-19 22:26:31Z" end-time="2017-07-19 22:26:31Z" duration="0.000106" asserts="1" />
            <test-case id="0-1235" name="PawnMoveParse(&quot;b2-b3&quot;,ChessWithTDD.Move)" fullname="ChessWithTDD.Tests.AlgebraicNotationParserTests.PawnMoveParse(&quot;b2-b3&quot;,ChessWithTDD.Move)" methodname="PawnMoveParse" classname="ChessWithTDD.Tests.AlgebraicNotationParserTests" runstate="Runnable" seed="1572211166" result="Passed" start-time="2017-07-19 22:26:31Z" end-time="2017-07-19 22:26:31Z" duration="0.000079" asserts="1" />
            <test-case id="0-1236" name="PawnMoveParse(&quot;c2-c3&quot;,ChessWithTDD.Move)" fullname="ChessWithTDD.Tests.AlgebraicNotationParserTests.PawnMoveParse(&quot;c2-c3&quot;,ChessWithTDD.Move)" methodname="PawnMoveParse" classname="ChessWithTDD.Tests.AlgebraicNotationParserTests" runstate="Runnable" seed="1309917508" result="Passed" start-time="2017-07-19 22:26:31Z" end-time="2017-07-19 22:26:31Z" duration="0.000107" asserts="1" />
            <test-case id="0-1237" name="PawnMoveParse(&quot;d2-d3&quot;,ChessWithTDD.Move)" fullname="ChessWithTDD.Tests.AlgebraicNotationParserTests.PawnMoveParse(&quot;d2-d3&quot;,ChessWithTDD.Move)" methodname="PawnMoveParse" classname="ChessWithTDD.Tests.AlgebraicNotationParserTests" runstate="Runnable" seed="469364781" result="Passed" start-time="2017-07-19 22:26:31Z" end-time="2017-07-19 22:26:31Z" duration="0.000106" asserts="1" />
            <test-case id="0-1238" name="PawnMoveParse(&quot;e2-e3&quot;,ChessWithTDD.Move)" fullname="ChessWithTDD.Tests.AlgebraicNotationParserTests.PawnMoveParse(&quot;e2-e3&quot;,ChessWithTDD.Move)" methodname="PawnMoveParse" classname="ChessWithTDD.Tests.AlgebraicNotationParserTests" runstate="Runnable" seed="1021183165" result="Passed" start-time="2017-07-19 22:26:31Z" end-time="2017-07-19 22:26:31Z" duration="0.000093" asserts="1" />
            <test-case id="0-1239" name="PawnMoveParse(&quot;f2-f3&quot;,ChessWithTDD.Move)" fullname="ChessWithTDD.Tests.AlgebraicNotationParserTests.PawnMoveParse(&quot;f2-f3&quot;,ChessWithTDD.Move)" methodname="PawnMoveParse" classname="ChessWithTDD.Tests.AlgebraicNotationParserTests" runstate="Runnable" seed="264025204" result="Passed" start-time="2017-07-19 22:26:31Z" end-time="2017-07-19 22:26:31Z" duration="0.000092" asserts="1" />
            <test-case id="0-1240" name="PawnMoveParse(&quot;g2-g3&quot;,ChessWithTDD.Move)" fullname="ChessWithTDD.Tests.AlgebraicNotationParserTests.PawnMoveParse(&quot;g2-g3&quot;,ChessWithTDD.Move)" methodname="PawnMoveParse" classname="ChessWithTDD.Tests.AlgebraicNotationParserTests" runstate="Runnable" seed="146846119" result="Passed" start-time="2017-07-19 22:26:31Z" end-time="2017-07-19 22:26:31Z" duration="0.000081" asserts="1" />
            <test-case id="0-1241" name="PawnMoveParse(&quot;h2-h3&quot;,ChessWithTDD.Move)" fullname="ChessWithTDD.Tests.AlgebraicNotationParserTests.PawnMoveParse(&quot;h2-h3&quot;,ChessWithTDD.Move)" methodname="PawnMoveParse" classname="ChessWithTDD.Tests.AlgebraicNotationParserTests" runstate="Runnable" seed="1599241428" result="Passed" start-time="2017-07-19 22:26:31Z" end-time="2017-07-19 22:26:31Z" duration="0.000095" asserts="1" />
            <test-case id="0-1242" name="PawnMoveParse(&quot;a7-a6&quot;,ChessWithTDD.Move)" fullname="ChessWithTDD.Tests.AlgebraicNotationParserTests.PawnMoveParse(&quot;a7-a6&quot;,ChessWithTDD.Move)" methodname="PawnMoveParse" classname="ChessWithTDD.Tests.AlgebraicNotationParserTests" runstate="Runnable" seed="1115129465" result="Passed" start-time="2017-07-19 22:26:31Z" end-time="2017-07-19 22:26:31Z" duration="0.000080" asserts="1" />
            <test-case id="0-1243" name="PawnMoveParse(&quot;b7-b6&quot;,ChessWithTDD.Move)" fullname="ChessWithTDD.Tests.AlgebraicNotationParserTests.PawnMoveParse(&quot;b7-b6&quot;,ChessWithTDD.Move)" methodname="PawnMoveParse" classname="ChessWithTDD.Tests.AlgebraicNotationParserTests" runstate="Runnable" seed="1172883855" result="Passed" start-time="2017-07-19 22:26:31Z" end-time="2017-07-19 22:26:31Z" duration="0.000136" asserts="1" />
            <test-case id="0-1244" name="PawnMoveParse(&quot;c7-c6&quot;,ChessWithTDD.Move)" fullname="ChessWithTDD.Tests.AlgebraicNotationParserTests.PawnMoveParse(&quot;c7-c6&quot;,ChessWithTDD.Move)" methodname="PawnMoveParse" classname="ChessWithTDD.Tests.AlgebraicNotationParserTests" runstate="Runnable" seed="243408853" result="Passed" start-time="2017-07-19 22:26:31Z" end-time="2017-07-19 22:26:31Z" duration="0.000126" asserts="1" />
            <test-case id="0-1245" name="PawnMoveParse(&quot;d7-d6&quot;,ChessWithTDD.Move)" fullname="ChessWithTDD.Tests.AlgebraicNotationParserTests.PawnMoveParse(&quot;d7-d6&quot;,ChessWithTDD.Move)" methodname="PawnMoveParse" classname="ChessWithTDD.Tests.AlgebraicNotationParserTests" runstate="Runnable" seed="1187796634" result="Passed" start-time="2017-07-19 22:26:31Z" end-time="2017-07-19 22:26:31Z" duration="0.000081" asserts="1" />
            <test-case id="0-1246" name="PawnMoveParse(&quot;e7-e6&quot;,ChessWithTDD.Move)" fullname="ChessWithTDD.Tests.AlgebraicNotationParserTests.PawnMoveParse(&quot;e7-e6&quot;,ChessWithTDD.Move)" methodname="PawnMoveParse" classname="ChessWithTDD.Tests.AlgebraicNotationParserTests" runstate="Runnable" seed="1215575266" result="Passed" start-time="2017-07-19 22:26:31Z" end-time="2017-07-19 22:26:31Z" duration="0.000133" asserts="1" />
            <test-case id="0-1247" name="PawnMoveParse(&quot;f7-f6&quot;,ChessWithTDD.Move)" fullname="ChessWithTDD.Tests.AlgebraicNotationParserTests.PawnMoveParse(&quot;f7-f6&quot;,ChessWithTDD.Move)" methodname="PawnMoveParse" classname="ChessWithTDD.Tests.AlgebraicNotationParserTests" runstate="Runnable" seed="945825882" result="Passed" start-time="2017-07-19 22:26:31Z" end-time="2017-07-19 22:26:31Z" duration="0.000093" asserts="1" />
            <test-case id="0-1248" name="PawnMoveParse(&quot;g7-g6&quot;,ChessWithTDD.Move)" fullname="ChessWithTDD.Tests.AlgebraicNotationParserTests.PawnMoveParse(&quot;g7-g6&quot;,ChessWithTDD.Move)" methodname="PawnMoveParse" classname="ChessWithTDD.Tests.AlgebraicNotationParserTests" runstate="Runnable" seed="1151969331" result="Passed" start-time="2017-07-19 22:26:31Z" end-time="2017-07-19 22:26:31Z" duration="0.000117" asserts="1" />
            <test-case id="0-1249" name="PawnMoveParse(&quot;h7-h6&quot;,ChessWithTDD.Move)" fullname="ChessWithTDD.Tests.AlgebraicNotationParserTests.PawnMoveParse(&quot;h7-h6&quot;,ChessWithTDD.Move)" methodname="PawnMoveParse" classname="ChessWithTDD.Tests.AlgebraicNotationParserTests" runstate="Runnable" seed="224500692" result="Passed" start-time="2017-07-19 22:26:31Z" end-time="2017-07-19 22:26:31Z" duration="0.000108" asserts="1" />
            <test-case id="0-1250" name="PawnMoveParse(&quot;a2xb3&quot;,ChessWithTDD.Move)" fullname="ChessWithTDD.Tests.AlgebraicNotationParserTests.PawnMoveParse(&quot;a2xb3&quot;,ChessWithTDD.Move)" methodname="PawnMoveParse" classname="ChessWithTDD.Tests.AlgebraicNotationParserTests" runstate="Runnable" seed="306301584" result="Passed" start-time="2017-07-19 22:26:31Z" end-time="2017-07-19 22:26:31Z" duration="0.000079" asserts="1" />
            <test-case id="0-1251" name="PawnMoveParse(&quot;b2xc3&quot;,ChessWithTDD.Move)" fullname="ChessWithTDD.Tests.AlgebraicNotationParserTests.PawnMoveParse(&quot;b2xc3&quot;,ChessWithTDD.Move)" methodname="PawnMoveParse" classname="ChessWithTDD.Tests.AlgebraicNotationParserTests" runstate="Runnable" seed="634373674" result="Passed" start-time="2017-07-19 22:26:31Z" end-time="2017-07-19 22:26:31Z" duration="0.000095" asserts="1" />
            <test-case id="0-1252" name="PawnMoveParse(&quot;c2xd3&quot;,ChessWithTDD.Move)" fullname="ChessWithTDD.Tests.AlgebraicNotationParserTests.PawnMoveParse(&quot;c2xd3&quot;,ChessWithTDD.Move)" methodname="PawnMoveParse" classname="ChessWithTDD.Tests.AlgebraicNotationParserTests" runstate="Runnable" seed="1916053119" result="Passed" start-time="2017-07-19 22:26:31Z" end-time="2017-07-19 22:26:31Z" duration="0.000092" asserts="1" />
            <test-case id="0-1253" name="PawnMoveParse(&quot;d2xe3&quot;,ChessWithTDD.Move)" fullname="ChessWithTDD.Tests.AlgebraicNotationParserTests.PawnMoveParse(&quot;d2xe3&quot;,ChessWithTDD.Move)" methodname="PawnMoveParse" classname="ChessWithTDD.Tests.AlgebraicNotationParserTests" runstate="Runnable" seed="925795391" result="Passed" start-time="2017-07-19 22:26:31Z" end-time="2017-07-19 22:26:31Z" duration="0.000098" asserts="1" />
            <test-case id="0-1254" name="PawnMoveParse(&quot;e2xf3&quot;,ChessWithTDD.Move)" fullname="ChessWithTDD.Tests.AlgebraicNotationParserTests.PawnMoveParse(&quot;e2xf3&quot;,ChessWithTDD.Move)" methodname="PawnMoveParse" classname="ChessWithTDD.Tests.AlgebraicNotationParserTests" runstate="Runnable" seed="1223919426" result="Passed" start-time="2017-07-19 22:26:31Z" end-time="2017-07-19 22:26:31Z" duration="0.000091" asserts="1" />
            <test-case id="0-1255" name="PawnMoveParse(&quot;f2xg3&quot;,ChessWithTDD.Move)" fullname="ChessWithTDD.Tests.AlgebraicNotationParserTests.PawnMoveParse(&quot;f2xg3&quot;,ChessWithTDD.Move)" methodname="PawnMoveParse" classname="ChessWithTDD.Tests.AlgebraicNotationParserTests" runstate="Runnable" seed="1475656552" result="Passed" start-time="2017-07-19 22:26:31Z" end-time="2017-07-19 22:26:31Z" duration="0.000079" asserts="1" />
            <test-case id="0-1256" name="PawnMoveParse(&quot;g2xh3&quot;,ChessWithTDD.Move)" fullname="ChessWithTDD.Tests.AlgebraicNotationParserTests.PawnMoveParse(&quot;g2xh3&quot;,ChessWithTDD.Move)" methodname="PawnMoveParse" classname="ChessWithTDD.Tests.AlgebraicNotationParserTests" runstate="Runnable" seed="190536607" result="Passed" start-time="2017-07-19 22:26:31Z" end-time="2017-07-19 22:26:31Z" duration="0.000091" asserts="1" />
            <test-case id="0-1257" name="PawnMoveParse(&quot;h2xg3&quot;,ChessWithTDD.Move)" fullname="ChessWithTDD.Tests.AlgebraicNotationParserTests.PawnMoveParse(&quot;h2xg3&quot;,ChessWithTDD.Move)" methodname="PawnMoveParse" classname="ChessWithTDD.Tests.AlgebraicNotationParserTests" runstate="Runnable" seed="2121977390" result="Passed" start-time="2017-07-19 22:26:31Z" end-time="2017-07-19 22:26:31Z" duration="0.000094" asserts="1" />
            <test-case id="0-1258" name="PawnMoveParse(&quot;a2xb3+&quot;,ChessWithTDD.Move)" fullname="ChessWithTDD.Tests.AlgebraicNotationParserTests.PawnMoveParse(&quot;a2xb3+&quot;,ChessWithTDD.Move)" methodname="PawnMoveParse" classname="ChessWithTDD.Tests.AlgebraicNotationParserTests" runstate="Runnable" seed="453982633" result="Passed" start-time="2017-07-19 22:26:31Z" end-time="2017-07-19 22:26:31Z" duration="0.000101" asserts="1" />
            <test-case id="0-1259" name="PawnMoveParse(&quot;b2xc3#&quot;,ChessWithTDD.Move)" fullname="ChessWithTDD.Tests.AlgebraicNotationParserTests.PawnMoveParse(&quot;b2xc3#&quot;,ChessWithTDD.Move)" methodname="PawnMoveParse" classname="ChessWithTDD.Tests.AlgebraicNotationParserTests" runstate="Runnable" seed="1298737690" result="Passed" start-time="2017-07-19 22:26:31Z" end-time="2017-07-19 22:26:31Z" duration="0.000121" asserts="1" />
            <test-case id="0-1260" name="PawnMoveParse(&quot;g7-g6+&quot;,ChessWithTDD.Move)" fullname="ChessWithTDD.Tests.AlgebraicNotationParserTests.PawnMoveParse(&quot;g7-g6+&quot;,ChessWithTDD.Move)" methodname="PawnMoveParse" classname="ChessWithTDD.Tests.AlgebraicNotationParserTests" runstate="Runnable" seed="1877807712" result="Passed" start-time="2017-07-19 22:26:31Z" end-time="2017-07-19 22:26:31Z" duration="0.000091" asserts="1" />
            <test-case id="0-1261" name="PawnMoveParse(&quot;h7-h6#&quot;,ChessWithTDD.Move)" fullname="ChessWithTDD.Tests.AlgebraicNotationParserTests.PawnMoveParse(&quot;h7-h6#&quot;,ChessWithTDD.Move)" methodname="PawnMoveParse" classname="ChessWithTDD.Tests.AlgebraicNotationParserTests" runstate="Runnable" seed="1010689308" result="Passed" start-time="2017-07-19 22:26:31Z" end-time="2017-07-19 22:26:31Z" duration="0.000091" asserts="1" />
          </test-suite>
          <test-suite type="ParameterizedMethod" id="0-1279" name="PawnMoveParseFails" fullname="ChessWithTDD.Tests.AlgebraicNotationParserTests.PawnMoveParseFails" classname="ChessWithTDD.Tests.AlgebraicNotationParserTests" runstate="Runnable" testcasecount="16" result="Passed" start-time="2017-07-19 22:26:31Z" end-time="2017-07-19 22:26:31Z" duration="0.064012" total="16" passed="16" failed="0" warnings="0" inconclusive="0" skipped="0" asserts="16">
            <test-case id="0-1263" name="PawnMoveParseFails(&quot;a2ga4&quot;)" fullname="ChessWithTDD.Tests.AlgebraicNotationParserTests.PawnMoveParseFails(&quot;a2ga4&quot;)" methodname="PawnMoveParseFails" classname="ChessWithTDD.Tests.AlgebraicNotationParserTests" runstate="Runnable" seed="994120499" result="Passed" start-time="2017-07-19 22:26:31Z" end-time="2017-07-19 22:26:31Z" duration="0.000332" asserts="1" />
            <test-case id="0-1264" name="PawnMoveParseFails(&quot;b25b4&quot;)" fullname="ChessWithTDD.Tests.AlgebraicNotationParserTests.PawnMoveParseFails(&quot;b25b4&quot;)" methodname="PawnMoveParseFails" classname="ChessWithTDD.Tests.AlgebraicNotationParserTests" runstate="Runnable" seed="1186464265" result="Passed" start-time="2017-07-19 22:26:31Z" end-time="2017-07-19 22:26:31Z" duration="0.000059" asserts="1" />
            <test-case id="0-1265" name="PawnMoveParseFails(&quot;c26c4&quot;)" fullname="ChessWithTDD.Tests.AlgebraicNotationParserTests.PawnMoveParseFails(&quot;c26c4&quot;)" methodname="PawnMoveParseFails" classname="ChessWithTDD.Tests.AlgebraicNotationParserTests" runstate="Runnable" seed="2039724731" result="Passed" start-time="2017-07-19 22:26:31Z" end-time="2017-07-19 22:26:31Z" duration="0.000063" asserts="1" />
            <test-case id="0-1266" name="PawnMoveParseFails(&quot;d2ld4&quot;)" fullname="ChessWithTDD.Tests.AlgebraicNotationParserTests.PawnMoveParseFails(&quot;d2ld4&quot;)" methodname="PawnMoveParseFails" classname="ChessWithTDD.Tests.AlgebraicNotationParserTests" runstate="Runnable" seed="2118202806" result="Passed" start-time="2017-07-19 22:26:31Z" end-time="2017-07-19 22:26:31Z" duration="0.000114" asserts="1" />
            <test-case id="0-1267" name="PawnMoveParseFails(&quot;e2;e4&quot;)" fullname="ChessWithTDD.Tests.AlgebraicNotationParserTests.PawnMoveParseFails(&quot;e2;e4&quot;)" methodname="PawnMoveParseFails" classname="ChessWithTDD.Tests.AlgebraicNotationParserTests" runstate="Runnable" seed="1949533925" result="Passed" start-time="2017-07-19 22:26:31Z" end-time="2017-07-19 22:26:31Z" duration="0.000058" asserts="1" />
            <test-case id="0-1268" name="PawnMoveParseFails(&quot;f2+f4&quot;)" fullname="ChessWithTDD.Tests.AlgebraicNotationParserTests.PawnMoveParseFails(&quot;f2+f4&quot;)" methodname="PawnMoveParseFails" classname="ChessWithTDD.Tests.AlgebraicNotationParserTests" runstate="Runnable" seed="1230040475" result="Passed" start-time="2017-07-19 22:26:31Z" end-time="2017-07-19 22:26:31Z" duration="0.000066" asserts="1" />
            <test-case id="0-1269" name="PawnMoveParseFails(&quot;g2--g4&quot;)" fullname="ChessWithTDD.Tests.AlgebraicNotationParserTests.PawnMoveParseFails(&quot;g2--g4&quot;)" methodname="PawnMoveParseFails" classname="ChessWithTDD.Tests.AlgebraicNotationParserTests" runstate="Runnable" seed="1388059203" result="Passed" start-time="2017-07-19 22:26:31Z" end-time="2017-07-19 22:26:31Z" duration="0.000105" asserts="1" />
            <test-case id="0-1270" name="PawnMoveParseFails(&quot;h2=h4&quot;)" fullname="ChessWithTDD.Tests.AlgebraicNotationParserTests.PawnMoveParseFails(&quot;h2=h4&quot;)" methodname="PawnMoveParseFails" classname="ChessWithTDD.Tests.AlgebraicNotationParserTests" runstate="Runnable" seed="1901719700" result="Passed" start-time="2017-07-19 22:26:31Z" end-time="2017-07-19 22:26:31Z" duration="0.000059" asserts="1" />
            <test-case id="0-1271" name="PawnMoveParseFails(&quot;z2-a4&quot;)" fullname="ChessWithTDD.Tests.AlgebraicNotationParserTests.PawnMoveParseFails(&quot;z2-a4&quot;)" methodname="PawnMoveParseFails" classname="ChessWithTDD.Tests.AlgebraicNotationParserTests" runstate="Runnable" seed="1811082948" result="Passed" start-time="2017-07-19 22:26:31Z" end-time="2017-07-19 22:26:31Z" duration="0.000105" asserts="1" />
            <test-case id="0-1272" name="PawnMoveParseFails(&quot;a2-z4&quot;)" fullname="ChessWithTDD.Tests.AlgebraicNotationParserTests.PawnMoveParseFails(&quot;a2-z4&quot;)" methodname="PawnMoveParseFails" classname="ChessWithTDD.Tests.AlgebraicNotationParserTests" runstate="Runnable" seed="1387332481" result="Passed" start-time="2017-07-19 22:26:31Z" end-time="2017-07-19 22:26:31Z" duration="0.000063" asserts="1" />
            <test-case id="0-1273" name="PawnMoveParseFails(&quot;b9-b4&quot;)" fullname="ChessWithTDD.Tests.AlgebraicNotationParserTests.PawnMoveParseFails(&quot;b9-b4&quot;)" methodname="PawnMoveParseFails" classname="ChessWithTDD.Tests.AlgebraicNotationParserTests" runstate="Runnable" seed="2018168564" result="Passed" start-time="2017-07-19 22:26:31Z" end-time="2017-07-19 22:26:31Z" duration="0.000087" asserts="1" />
            <test-case id="0-1274" name="PawnMoveParseFails(&quot;c2-c9&quot;)" fullname="ChessWithTDD.Tests.AlgebraicNotationParserTests.PawnMoveParseFails(&quot;c2-c9&quot;)" methodname="PawnMoveParseFails" classname="ChessWithTDD.Tests.AlgebraicNotationParserTests" runstate="Runnable" seed="1808147338" result="Passed" start-time="2017-07-19 22:26:31Z" end-time="2017-07-19 22:26:31Z" duration="0.000074" asserts="1" />
            <test-case id="0-1275" name="PawnMoveParseFails(&quot;c29-c9&quot;)" fullname="ChessWithTDD.Tests.AlgebraicNotationParserTests.PawnMoveParseFails(&quot;c29-c9&quot;)" methodname="PawnMoveParseFails" classname="ChessWithTDD.Tests.AlgebraicNotationParserTests" runstate="Runnable" seed="697025216" result="Passed" start-time="2017-07-19 22:26:31Z" end-time="2017-07-19 22:26:31Z" duration="0.000058" asserts="1" />
            <test-case id="0-1276" name="PawnMoveParseFails(&quot;c2-c7x&quot;)" fullname="ChessWithTDD.Tests.AlgebraicNotationParserTests.PawnMoveParseFails(&quot;c2-c7x&quot;)" methodname="PawnMoveParseFails" classname="ChessWithTDD.Tests.AlgebraicNotationParserTests" runstate="Runnable" seed="1532566514" result="Passed" start-time="2017-07-19 22:26:31Z" end-time="2017-07-19 22:26:31Z" duration="0.000068" asserts="1" />
            <test-case id="0-1277" name="PawnMoveParseFails(&quot;e0-e4&quot;)" fullname="ChessWithTDD.Tests.AlgebraicNotationParserTests.PawnMoveParseFails(&quot;e0-e4&quot;)" methodname="PawnMoveParseFails" classname="ChessWithTDD.Tests.AlgebraicNotationParserTests" runstate="Runnable" seed="707691510" result="Passed" start-time="2017-07-19 22:26:31Z" end-time="2017-07-19 22:26:31Z" duration="0.000124" asserts="1" />
            <test-case id="0-1278" name="PawnMoveParseFails(&quot;e4-e0&quot;)" fullname="ChessWithTDD.Tests.AlgebraicNotationParserTests.PawnMoveParseFails(&quot;e4-e0&quot;)" methodname="PawnMoveParseFails" classname="ChessWithTDD.Tests.AlgebraicNotationParserTests" runstate="Runnable" seed="1127993392" result="Passed" start-time="2017-07-19 22:26:31Z" end-time="2017-07-19 22:26:31Z" duration="0.000087" asserts="1" />
          </test-suite>
        </test-suite>
        <test-suite type="TestFixture" id="0-1359" name="BishopTests" fullname="ChessWithTDD.Tests.BishopTests" classname="ChessWithTDD.Tests.BishopTests" runstate="Runnable" testcasecount="12" result="Passed" start-time="2017-07-19 22:26:31Z" end-time="2017-07-19 22:26:32Z" duration="0.314994" total="12" passed="12" failed="0" warnings="0" inconclusive="0" skipped="0" asserts="12">
          <test-suite type="ParameterizedMethod" id="0-1365" name="BishopCanMoveDiagonally" fullname="ChessWithTDD.Tests.BishopTests.BishopCanMoveDiagonally" classname="ChessWithTDD.Tests.BishopTests" runstate="Runnable" testcasecount="5" result="Passed" start-time="2017-07-19 22:26:31Z" end-time="2017-07-19 22:26:32Z" duration="0.267025" total="5" passed="5" failed="0" warnings="0" inconclusive="0" skipped="0" asserts="5">
            <test-case id="0-1360" name="BishopCanMoveDiagonally(2,5,5,2)" fullname="ChessWithTDD.Tests.BishopTests.BishopCanMoveDiagonally(2,5,5,2)" methodname="BishopCanMoveDiagonally" classname="ChessWithTDD.Tests.BishopTests" runstate="Runnable" seed="1992852034" result="Passed" start-time="2017-07-19 22:26:31Z" end-time="2017-07-19 22:26:32Z" duration="0.244856" asserts="1" />
            <test-case id="0-1361" name="BishopCanMoveDiagonally(2,3,5,6)" fullname="ChessWithTDD.Tests.BishopTests.BishopCanMoveDiagonally(2,3,5,6)" methodname="BishopCanMoveDiagonally" classname="ChessWithTDD.Tests.BishopTests" runstate="Runnable" seed="878131120" result="Passed" start-time="2017-07-19 22:26:32Z" end-time="2017-07-19 22:26:32Z" duration="0.000974" asserts="1" />
            <test-case id="0-1362" name="BishopCanMoveDiagonally(5,5,2,2)" fullname="ChessWithTDD.Tests.BishopTests.BishopCanMoveDiagonally(5,5,2,2)" methodname="BishopCanMoveDiagonally" classname="ChessWithTDD.Tests.BishopTests" runstate="Runnable" seed="1308188371" result="Passed" start-time="2017-07-19 22:26:32Z" end-time="2017-07-19 22:26:32Z" duration="0.001001" asserts="1" />
            <test-case id="0-1363" name="BishopCanMoveDiagonally(5,2,2,5)" fullname="ChessWithTDD.Tests.BishopTests.BishopCanMoveDiagonally(5,2,2,5)" methodname="BishopCanMoveDiagonally" classname="ChessWithTDD.Tests.BishopTests" runstate="Runnable" seed="2019494386" result="Passed" start-time="2017-07-19 22:26:32Z" end-time="2017-07-19 22:26:32Z" duration="0.000893" asserts="1" />
            <test-case id="0-1364" name="BishopCanMoveDiagonally(3,3,4,4)" fullname="ChessWithTDD.Tests.BishopTests.BishopCanMoveDiagonally(3,3,4,4)" methodname="BishopCanMoveDiagonally" classname="ChessWithTDD.Tests.BishopTests" runstate="Runnable" seed="2106861240" result="Passed" start-time="2017-07-19 22:26:32Z" end-time="2017-07-19 22:26:32Z" duration="0.001088" asserts="1" />
          </test-suite>
          <test-suite type="ParameterizedMethod" id="0-1371" name="BishopCannotMoveHorizontally" fullname="ChessWithTDD.Tests.BishopTests.BishopCannotMoveHorizontally" classname="ChessWithTDD.Tests.BishopTests" runstate="Runnable" testcasecount="2" result="Passed" start-time="2017-07-19 22:26:32Z" end-time="2017-07-19 22:26:32Z" duration="0.010050" total="2" passed="2" failed="0" warnings="0" inconclusive="0" skipped="0" asserts="2">
            <test-case id="0-1369" name="BishopCannotMoveHorizontally(2,6,2,0)" fullname="ChessWithTDD.Tests.BishopTests.BishopCannotMoveHorizontally(2,6,2,0)" methodname="BishopCannotMoveHorizontally" classname="ChessWithTDD.Tests.BishopTests" runstate="Runnable" seed="1249348561" result="Passed" start-time="2017-07-19 22:26:32Z" end-time="2017-07-19 22:26:32Z" duration="0.001769" asserts="1" />
            <test-case id="0-1370" name="BishopCannotMoveHorizontally(2,2,2,7)" fullname="ChessWithTDD.Tests.BishopTests.BishopCannotMoveHorizontally(2,2,2,7)" methodname="BishopCannotMoveHorizontally" classname="ChessWithTDD.Tests.BishopTests" runstate="Runnable" seed="1812728393" result="Passed" start-time="2017-07-19 22:26:32Z" end-time="2017-07-19 22:26:32Z" duration="0.001093" asserts="1" />
          </test-suite>
          <test-suite type="ParameterizedMethod" id="0-1375" name="BishopCannotMoveRandomlyIfNotDiagonal" fullname="ChessWithTDD.Tests.BishopTests.BishopCannotMoveRandomlyIfNotDiagonal" classname="ChessWithTDD.Tests.BishopTests" runstate="Runnable" testcasecount="3" result="Passed" start-time="2017-07-19 22:26:32Z" end-time="2017-07-19 22:26:32Z" duration="0.013047" total="3" passed="3" failed="0" warnings="0" inconclusive="0" skipped="0" asserts="3">
            <test-case id="0-1372" name="BishopCannotMoveRandomlyIfNotDiagonal(2,6,3,3)" fullname="ChessWithTDD.Tests.BishopTests.BishopCannotMoveRandomlyIfNotDiagonal(2,6,3,3)" methodname="BishopCannotMoveRandomlyIfNotDiagonal" classname="ChessWithTDD.Tests.BishopTests" runstate="Runnable" seed="2140589327" result="Passed" start-time="2017-07-19 22:26:32Z" end-time="2017-07-19 22:26:32Z" duration="0.001292" asserts="1" />
            <test-case id="0-1373" name="BishopCannotMoveRandomlyIfNotDiagonal(3,1,4,5)" fullname="ChessWithTDD.Tests.BishopTests.BishopCannotMoveRandomlyIfNotDiagonal(3,1,4,5)" methodname="BishopCannotMoveRandomlyIfNotDiagonal" classname="ChessWithTDD.Tests.BishopTests" runstate="Runnable" seed="1273567877" result="Passed" start-time="2017-07-19 22:26:32Z" end-time="2017-07-19 22:26:32Z" duration="0.000879" asserts="1" />
            <test-case id="0-1374" name="BishopCannotMoveRandomlyIfNotDiagonal(6,6,2,7)" fullname="ChessWithTDD.Tests.BishopTests.BishopCannotMoveRandomlyIfNotDiagonal(6,6,2,7)" methodname="BishopCannotMoveRandomlyIfNotDiagonal" classname="ChessWithTDD.Tests.BishopTests" runstate="Runnable" seed="1718851261" result="Passed" start-time="2017-07-19 22:26:32Z" end-time="2017-07-19 22:26:32Z" duration="0.000919" asserts="1" />
          </test-suite>
          <test-suite type="ParameterizedMethod" id="0-1368" name="BishopCannotMoveVertically" fullname="ChessWithTDD.Tests.BishopTests.BishopCannotMoveVertically" classname="ChessWithTDD.Tests.BishopTests" runstate="Runnable" testcasecount="2" result="Passed" start-time="2017-07-19 22:26:32Z" end-time="2017-07-19 22:26:32Z" duration="0.009023" total="2" passed="2" failed="0" warnings="0" inconclusive="0" skipped="0" asserts="2">
            <test-case id="0-1366" name="BishopCannotMoveVertically(5,2,2,2)" fullname="ChessWithTDD.Tests.BishopTests.BishopCannotMoveVertically(5,2,2,2)" methodname="BishopCannotMoveVertically" classname="ChessWithTDD.Tests.BishopTests" runstate="Runnable" seed="1040603454" result="Passed" start-time="2017-07-19 22:26:32Z" end-time="2017-07-19 22:26:32Z" duration="0.001358" asserts="1" />
            <test-case id="0-1367" name="BishopCannotMoveVertically(2,2,5,2)" fullname="ChessWithTDD.Tests.BishopTests.BishopCannotMoveVertically(2,2,5,2)" methodname="BishopCannotMoveVertically" classname="ChessWithTDD.Tests.BishopTests" runstate="Runnable" seed="345080776" result="Passed" start-time="2017-07-19 22:26:32Z" end-time="2017-07-19 22:26:32Z" duration="0.000876" asserts="1" />
          </test-suite>
        </test-suite>
        <test-suite type="TestFixture" id="0-1376" name="BlackPawnTests" fullname="ChessWithTDD.Tests.BlackPawnTests" classname="ChessWithTDD.Tests.BlackPawnTests" runstate="Runnable" testcasecount="21" result="Passed" start-time="2017-07-19 22:26:32Z" end-time="2017-07-19 22:26:32Z" duration="0.157992" total="21" passed="21" failed="0" warnings="0" inconclusive="0" skipped="0" asserts="21">
          <test-suite type="ParameterizedMethod" id="0-1385" name="BlackPawnCanMoveDiagonallyDownTheBoardIfWhitePieceThere" fullname="ChessWithTDD.Tests.BlackPawnTests.BlackPawnCanMoveDiagonallyDownTheBoardIfWhitePieceThere" classname="ChessWithTDD.Tests.BlackPawnTests" runstate="Runnable" testcasecount="2" result="Passed" start-time="2017-07-19 22:26:32Z" end-time="2017-07-19 22:26:32Z" duration="0.015060" total="2" passed="2" failed="0" warnings="0" inconclusive="0" skipped="0" asserts="2">
            <test-case id="0-1383" name="BlackPawnCanMoveDiagonallyDownTheBoardIfWhitePieceThere(6,6,5,7)" fullname="ChessWithTDD.Tests.BlackPawnTests.BlackPawnCanMoveDiagonallyDownTheBoardIfWhitePieceThere(6,6,5,7)" methodname="BlackPawnCanMoveDiagonallyDownTheBoardIfWhitePieceThere" classname="ChessWithTDD.Tests.BlackPawnTests" runstate="Runnable" seed="1579313844" result="Passed" start-time="2017-07-19 22:26:32Z" end-time="2017-07-19 22:26:32Z" duration="0.006908" asserts="1" />
            <test-case id="0-1384" name="BlackPawnCanMoveDiagonallyDownTheBoardIfWhitePieceThere(6,6,5,5)" fullname="ChessWithTDD.Tests.BlackPawnTests.BlackPawnCanMoveDiagonallyDownTheBoardIfWhitePieceThere(6,6,5,5)" methodname="BlackPawnCanMoveDiagonallyDownTheBoardIfWhitePieceThere" classname="ChessWithTDD.Tests.BlackPawnTests" runstate="Runnable" seed="105138392" result="Passed" start-time="2017-07-19 22:26:32Z" end-time="2017-07-19 22:26:32Z" duration="0.001157" asserts="1" />
          </test-suite>
          <test-suite type="ParameterizedMethod" id="0-1391" name="BlackPawnCanMoveDiagonallyDownwardsToEmptySquareIfToSquareHasEnPassantMark" fullname="ChessWithTDD.Tests.BlackPawnTests.BlackPawnCanMoveDiagonallyDownwardsToEmptySquareIfToSquareHasEnPassantMark" classname="ChessWithTDD.Tests.BlackPawnTests" runstate="Runnable" testcasecount="2" result="Passed" start-time="2017-07-19 22:26:32Z" end-time="2017-07-19 22:26:32Z" duration="0.011997" total="2" passed="2" failed="0" warnings="0" inconclusive="0" skipped="0" asserts="2">
            <test-case id="0-1389" name="BlackPawnCanMoveDiagonallyDownwardsToEmptySquareIfToSquareHasEnPassantMark(6,6,5,7)" fullname="ChessWithTDD.Tests.BlackPawnTests.BlackPawnCanMoveDiagonallyDownwardsToEmptySquareIfToSquareHasEnPassantMark(6,6,5,7)" methodname="BlackPawnCanMoveDiagonallyDownwardsToEmptySquareIfToSquareHasEnPassantMark" classname="ChessWithTDD.Tests.BlackPawnTests" runstate="Runnable" seed="292363674" result="Passed" start-time="2017-07-19 22:26:32Z" end-time="2017-07-19 22:26:32Z" duration="0.003354" asserts="1" />
            <test-case id="0-1390" name="BlackPawnCanMoveDiagonallyDownwardsToEmptySquareIfToSquareHasEnPassantMark(6,6,5,5)" fullname="ChessWithTDD.Tests.BlackPawnTests.BlackPawnCanMoveDiagonallyDownwardsToEmptySquareIfToSquareHasEnPassantMark(6,6,5,5)" methodname="BlackPawnCanMoveDiagonallyDownwardsToEmptySquareIfToSquareHasEnPassantMark" classname="ChessWithTDD.Tests.BlackPawnTests" runstate="Runnable" seed="275627768" result="Passed" start-time="2017-07-19 22:26:32Z" end-time="2017-07-19 22:26:32Z" duration="0.001084" asserts="1" />
          </test-suite>
          <test-suite type="ParameterizedMethod" id="0-1379" name="BlackPawnCanMoveOneVerticalPositionDownTheBoard" fullname="ChessWithTDD.Tests.BlackPawnTests.BlackPawnCanMoveOneVerticalPositionDownTheBoard" classname="ChessWithTDD.Tests.BlackPawnTests" runstate="Runnable" testcasecount="2" result="Passed" start-time="2017-07-19 22:26:32Z" end-time="2017-07-19 22:26:32Z" duration="0.009023" total="2" passed="2" failed="0" warnings="0" inconclusive="0" skipped="0" asserts="2">
            <test-case id="0-1377" name="BlackPawnCanMoveOneVerticalPositionDownTheBoard(5,2,4,2)" fullname="ChessWithTDD.Tests.BlackPawnTests.BlackPawnCanMoveOneVerticalPositionDownTheBoard(5,2,4,2)" methodname="BlackPawnCanMoveOneVerticalPositionDownTheBoard" classname="ChessWithTDD.Tests.BlackPawnTests" runstate="Runnable" seed="4803381" result="Passed" start-time="2017-07-19 22:26:32Z" end-time="2017-07-19 22:26:32Z" duration="0.001799" asserts="1" />
            <test-case id="0-1378" name="BlackPawnCanMoveOneVerticalPositionDownTheBoard(3,3,2,3)" fullname="ChessWithTDD.Tests.BlackPawnTests.BlackPawnCanMoveOneVerticalPositionDownTheBoard(3,3,2,3)" methodname="BlackPawnCanMoveOneVerticalPositionDownTheBoard" classname="ChessWithTDD.Tests.BlackPawnTests" runstate="Runnable" seed="1501666312" result="Passed" start-time="2017-07-19 22:26:32Z" end-time="2017-07-19 22:26:32Z" duration="0.000912" asserts="1" />
          </test-suite>
          <test-suite type="ParameterizedMethod" id="0-1397" name="BlackPawnCanMoveTwoVerticalSpacesDownTheBoardIfItHasNotMovedBefore" fullname="ChessWithTDD.Tests.BlackPawnTests.BlackPawnCanMoveTwoVerticalSpacesDownTheBoardIfItHasNotMovedBefore" classname="ChessWithTDD.Tests.BlackPawnTests" runstate="Runnable" testcasecount="2" result="Passed" start-time="2017-07-19 22:26:32Z" end-time="2017-07-19 22:26:32Z" duration="0.011059" total="2" passed="2" failed="0" warnings="0" inconclusive="0" skipped="0" asserts="2">
            <test-case id="0-1395" name="BlackPawnCanMoveTwoVerticalSpacesDownTheBoardIfItHasNotMovedBefore(4,4,2,4)" fullname="ChessWithTDD.Tests.BlackPawnTests.BlackPawnCanMoveTwoVerticalSpacesDownTheBoardIfItHasNotMovedBefore(4,4,2,4)" methodname="BlackPawnCanMoveTwoVerticalSpacesDownTheBoardIfItHasNotMovedBefore" classname="ChessWithTDD.Tests.BlackPawnTests" runstate="Runnable" seed="1258847873" result="Passed" start-time="2017-07-19 22:26:32Z" end-time="2017-07-19 22:26:32Z" duration="0.002421" asserts="1" />
            <test-case id="0-1396" name="BlackPawnCanMoveTwoVerticalSpacesDownTheBoardIfItHasNotMovedBefore(6,1,4,1)" fullname="ChessWithTDD.Tests.BlackPawnTests.BlackPawnCanMoveTwoVerticalSpacesDownTheBoardIfItHasNotMovedBefore(6,1,4,1)" methodname="BlackPawnCanMoveTwoVerticalSpacesDownTheBoardIfItHasNotMovedBefore" classname="ChessWithTDD.Tests.BlackPawnTests" runstate="Runnable" seed="632108123" result="Passed" start-time="2017-07-19 22:26:32Z" end-time="2017-07-19 22:26:32Z" duration="0.001010" asserts="1" />
          </test-suite>
          <test-suite type="ParameterizedMethod" id="0-1388" name="BlackPawnCannotMoveDiagonallyBelowIfNoPieceThere" fullname="ChessWithTDD.Tests.BlackPawnTests.BlackPawnCannotMoveDiagonallyBelowIfNoPieceThere" classname="ChessWithTDD.Tests.BlackPawnTests" runstate="Runnable" testcasecount="2" result="Passed" start-time="2017-07-19 22:26:32Z" end-time="2017-07-19 22:26:32Z" duration="0.009990" total="2" passed="2" failed="0" warnings="0" inconclusive="0" skipped="0" asserts="2">
            <test-case id="0-1386" name="BlackPawnCannotMoveDiagonallyBelowIfNoPieceThere(6,6,5,7)" fullname="ChessWithTDD.Tests.BlackPawnTests.BlackPawnCannotMoveDiagonallyBelowIfNoPieceThere(6,6,5,7)" methodname="BlackPawnCannotMoveDiagonallyBelowIfNoPieceThere" classname="ChessWithTDD.Tests.BlackPawnTests" runstate="Runnable" seed="747547419" result="Passed" start-time="2017-07-19 22:26:32Z" end-time="2017-07-19 22:26:32Z" duration="0.001616" asserts="1" />
            <test-case id="0-1387" name="BlackPawnCannotMoveDiagonallyBelowIfNoPieceThere(6,6,5,5)" fullname="ChessWithTDD.Tests.BlackPawnTests.BlackPawnCannotMoveDiagonallyBelowIfNoPieceThere(6,6,5,5)" methodname="BlackPawnCannotMoveDiagonallyBelowIfNoPieceThere" classname="ChessWithTDD.Tests.BlackPawnTests" runstate="Runnable" seed="653290382" result="Passed" start-time="2017-07-19 22:26:32Z" end-time="2017-07-19 22:26:32Z" duration="0.001040" asserts="1" />
          </test-suite>
          <test-suite type="ParameterizedMethod" id="0-1394" name="BlackPawnCannotMoveDiagonallyDownwardsToEmptySquareIfToSquareHasNoEnPassantMark" fullname="ChessWithTDD.Tests.BlackPawnTests.BlackPawnCannotMoveDiagonallyDownwardsToEmptySquareIfToSquareHasNoEnPassantMark" classname="ChessWithTDD.Tests.BlackPawnTests" runstate="Runnable" testcasecount="2" result="Passed" start-time="2017-07-19 22:26:32Z" end-time="2017-07-19 22:26:32Z" duration="0.010022" total="2" passed="2" failed="0" warnings="0" inconclusive="0" skipped="0" asserts="2">
            <test-case id="0-1392" name="BlackPawnCannotMoveDiagonallyDownwardsToEmptySquareIfToSquareHasNoEnPassantMark(6,6,5,7)" fullname="ChessWithTDD.Tests.BlackPawnTests.BlackPawnCannotMoveDiagonallyDownwardsToEmptySquareIfToSquareHasNoEnPassantMark(6,6,5,7)" methodname="BlackPawnCannotMoveDiagonallyDownwardsToEmptySquareIfToSquareHasNoEnPassantMark" classname="ChessWithTDD.Tests.BlackPawnTests" runstate="Runnable" seed="66679979" result="Passed" start-time="2017-07-19 22:26:32Z" end-time="2017-07-19 22:26:32Z" duration="0.001379" asserts="1" />
            <test-case id="0-1393" name="BlackPawnCannotMoveDiagonallyDownwardsToEmptySquareIfToSquareHasNoEnPassantMark(6,6,5,5)" fullname="ChessWithTDD.Tests.BlackPawnTests.BlackPawnCannotMoveDiagonallyDownwardsToEmptySquareIfToSquareHasNoEnPassantMark(6,6,5,5)" methodname="BlackPawnCannotMoveDiagonallyDownwardsToEmptySquareIfToSquareHasNoEnPassantMark" classname="ChessWithTDD.Tests.BlackPawnTests" runstate="Runnable" seed="1548209992" result="Passed" start-time="2017-07-19 22:26:32Z" end-time="2017-07-19 22:26:32Z" duration="0.001696" asserts="1" />
          </test-suite>
          <test-suite type="ParameterizedMethod" id="0-1408" name="BlackPawnCannotMoveOneHorizontalPositionAcrossTheBoard" fullname="ChessWithTDD.Tests.BlackPawnTests.BlackPawnCannotMoveOneHorizontalPositionAcrossTheBoard" classname="ChessWithTDD.Tests.BlackPawnTests" runstate="Runnable" testcasecount="2" result="Passed" start-time="2017-07-19 22:26:32Z" end-time="2017-07-19 22:26:32Z" duration="0.010049" total="2" passed="2" failed="0" warnings="0" inconclusive="0" skipped="0" asserts="2">
            <test-case id="0-1406" name="BlackPawnCannotMoveOneHorizontalPositionAcrossTheBoard(5,2,5,3)" fullname="ChessWithTDD.Tests.BlackPawnTests.BlackPawnCannotMoveOneHorizontalPositionAcrossTheBoard(5,2,5,3)" methodname="BlackPawnCannotMoveOneHorizontalPositionAcrossTheBoard" classname="ChessWithTDD.Tests.BlackPawnTests" runstate="Runnable" seed="383415741" result="Passed" start-time="2017-07-19 22:26:32Z" end-time="2017-07-19 22:26:32Z" duration="0.001234" asserts="1" />
            <test-case id="0-1407" name="BlackPawnCannotMoveOneHorizontalPositionAcrossTheBoard(3,3,3,2)" fullname="ChessWithTDD.Tests.BlackPawnTests.BlackPawnCannotMoveOneHorizontalPositionAcrossTheBoard(3,3,3,2)" methodname="BlackPawnCannotMoveOneHorizontalPositionAcrossTheBoard" classname="ChessWithTDD.Tests.BlackPawnTests" runstate="Runnable" seed="1560335656" result="Passed" start-time="2017-07-19 22:26:32Z" end-time="2017-07-19 22:26:32Z" duration="0.001273" asserts="1" />
          </test-suite>
          <test-suite type="ParameterizedMethod" id="0-1382" name="BlackPawnCannotMoveOneVerticalPositionDownTheBoardIfWhitePieceThere" fullname="ChessWithTDD.Tests.BlackPawnTests.BlackPawnCannotMoveOneVerticalPositionDownTheBoardIfWhitePieceThere" classname="ChessWithTDD.Tests.BlackPawnTests" runstate="Runnable" testcasecount="2" result="Passed" start-time="2017-07-19 22:26:32Z" end-time="2017-07-19 22:26:32Z" duration="0.010022" total="2" passed="2" failed="0" warnings="0" inconclusive="0" skipped="0" asserts="2">
            <test-case id="0-1380" name="BlackPawnCannotMoveOneVerticalPositionDownTheBoardIfWhitePieceThere(5,2,4,2)" fullname="ChessWithTDD.Tests.BlackPawnTests.BlackPawnCannotMoveOneVerticalPositionDownTheBoardIfWhitePieceThere(5,2,4,2)" methodname="BlackPawnCannotMoveOneVerticalPositionDownTheBoardIfWhitePieceThere" classname="ChessWithTDD.Tests.BlackPawnTests" runstate="Runnable" seed="1084230709" result="Passed" start-time="2017-07-19 22:26:32Z" end-time="2017-07-19 22:26:32Z" duration="0.001788" asserts="1" />
            <test-case id="0-1381" name="BlackPawnCannotMoveOneVerticalPositionDownTheBoardIfWhitePieceThere(3,3,2,3)" fullname="ChessWithTDD.Tests.BlackPawnTests.BlackPawnCannotMoveOneVerticalPositionDownTheBoardIfWhitePieceThere(3,3,2,3)" methodname="BlackPawnCannotMoveOneVerticalPositionDownTheBoardIfWhitePieceThere" classname="ChessWithTDD.Tests.BlackPawnTests" runstate="Runnable" seed="1723858768" result="Passed" start-time="2017-07-19 22:26:32Z" end-time="2017-07-19 22:26:32Z" duration="0.001086" asserts="1" />
          </test-suite>
          <test-suite type="ParameterizedMethod" id="0-1405" name="BlackPawnCannotMoveOneVerticalPositionUpTheBoard" fullname="ChessWithTDD.Tests.BlackPawnTests.BlackPawnCannotMoveOneVerticalPositionUpTheBoard" classname="ChessWithTDD.Tests.BlackPawnTests" runstate="Runnable" testcasecount="1" result="Passed" start-time="2017-07-19 22:26:32Z" end-time="2017-07-19 22:26:32Z" duration="0.005027" total="1" passed="1" failed="0" warnings="0" inconclusive="0" skipped="0" asserts="1">
            <test-case id="0-1404" name="BlackPawnCannotMoveOneVerticalPositionUpTheBoard(0,1,1,1)" fullname="ChessWithTDD.Tests.BlackPawnTests.BlackPawnCannotMoveOneVerticalPositionUpTheBoard(0,1,1,1)" methodname="BlackPawnCannotMoveOneVerticalPositionUpTheBoard" classname="ChessWithTDD.Tests.BlackPawnTests" runstate="Runnable" seed="1119701900" result="Passed" start-time="2017-07-19 22:26:32Z" end-time="2017-07-19 22:26:32Z" duration="0.001395" asserts="1" />
          </test-suite>
          <test-suite type="ParameterizedMethod" id="0-1400" name="BlackPawnCannotMoveTwoVerticalSpacesDownTheBoardIfItHasMovedBefore" fullname="ChessWithTDD.Tests.BlackPawnTests.BlackPawnCannotMoveTwoVerticalSpacesDownTheBoardIfItHasMovedBefore" classname="ChessWithTDD.Tests.BlackPawnTests" runstate="Runnable" testcasecount="2" result="Passed" start-time="2017-07-19 22:26:32Z" end-time="2017-07-19 22:26:32Z" duration="0.010043" total="2" passed="2" failed="0" warnings="0" inconclusive="0" skipped="0" asserts="2">
            <test-case id="0-1398" name="BlackPawnCannotMoveTwoVerticalSpacesDownTheBoardIfItHasMovedBefore(4,4,2,4)" fullname="ChessWithTDD.Tests.BlackPawnTests.BlackPawnCannotMoveTwoVerticalSpacesDownTheBoardIfItHasMovedBefore(4,4,2,4)" methodname="BlackPawnCannotMoveTwoVerticalSpacesDownTheBoardIfItHasMovedBefore" classname="ChessWithTDD.Tests.BlackPawnTests" runstate="Runnable" seed="1109128214" result="Passed" start-time="2017-07-19 22:26:32Z" end-time="2017-07-19 22:26:32Z" duration="0.001445" asserts="1" />
            <test-case id="0-1399" name="BlackPawnCannotMoveTwoVerticalSpacesDownTheBoardIfItHasMovedBefore(6,1,4,1)" fullname="ChessWithTDD.Tests.BlackPawnTests.BlackPawnCannotMoveTwoVerticalSpacesDownTheBoardIfItHasMovedBefore(6,1,4,1)" methodname="BlackPawnCannotMoveTwoVerticalSpacesDownTheBoardIfItHasMovedBefore" classname="ChessWithTDD.Tests.BlackPawnTests" runstate="Runnable" seed="1389869329" result="Passed" start-time="2017-07-19 22:26:32Z" end-time="2017-07-19 22:26:32Z" duration="0.001045" asserts="1" />
          </test-suite>
          <test-suite type="ParameterizedMethod" id="0-1403" name="BlackPawnCannotMoveTwoVerticalSpacesDownTheBoardIfItHasNotMovedButToSquareContainsAPiece" fullname="ChessWithTDD.Tests.BlackPawnTests.BlackPawnCannotMoveTwoVerticalSpacesDownTheBoardIfItHasNotMovedButToSquareContainsAPiece" classname="ChessWithTDD.Tests.BlackPawnTests" runstate="Runnable" testcasecount="2" result="Passed" start-time="2017-07-19 22:26:32Z" end-time="2017-07-19 22:26:32Z" duration="0.010040" total="2" passed="2" failed="0" warnings="0" inconclusive="0" skipped="0" asserts="2">
            <test-case id="0-1401" name="BlackPawnCannotMoveTwoVerticalSpacesDownTheBoardIfItHasNotMovedButToSquareContainsAPiece(4,4,2,4)" fullname="ChessWithTDD.Tests.BlackPawnTests.BlackPawnCannotMoveTwoVerticalSpacesDownTheBoardIfItHasNotMovedButToSquareContainsAPiece(4,4,2,4)" methodname="BlackPawnCannotMoveTwoVerticalSpacesDownTheBoardIfItHasNotMovedButToSquareContainsAPiece" classname="ChessWithTDD.Tests.BlackPawnTests" runstate="Runnable" seed="1942598018" result="Passed" start-time="2017-07-19 22:26:32Z" end-time="2017-07-19 22:26:32Z" duration="0.001346" asserts="1" />
            <test-case id="0-1402" name="BlackPawnCannotMoveTwoVerticalSpacesDownTheBoardIfItHasNotMovedButToSquareContainsAPiece(6,1,4,1)" fullname="ChessWithTDD.Tests.BlackPawnTests.BlackPawnCannotMoveTwoVerticalSpacesDownTheBoardIfItHasNotMovedButToSquareContainsAPiece(6,1,4,1)" methodname="BlackPawnCannotMoveTwoVerticalSpacesDownTheBoardIfItHasNotMovedButToSquareContainsAPiece" classname="ChessWithTDD.Tests.BlackPawnTests" runstate="Runnable" seed="1303666269" result="Passed" start-time="2017-07-19 22:26:32Z" end-time="2017-07-19 22:26:32Z" duration="0.001126" asserts="1" />
          </test-suite>
        </test-suite>
        <test-suite type="TestFixture" id="0-1000" name="BoardCacheTests" fullname="ChessWithTDD.Tests.BoardCacheTests" classname="ChessWithTDD.Tests.BoardCacheTests" runstate="Runnable" testcasecount="13" result="Passed" start-time="2017-07-19 22:26:32Z" end-time="2017-07-19 22:26:32Z" duration="0.254021" total="13" passed="13" failed="0" warnings="0" inconclusive="0" skipped="0" asserts="48">
          <test-case id="0-1001" name="BlackKingIsSavedToBlackKingSquareIfInPendingUpdatesOfBoardAndUpdatesCleared" fullname="ChessWithTDD.Tests.BoardCacheTests.BlackKingIsSavedToBlackKingSquareIfInPendingUpdatesOfBoardAndUpdatesCleared" methodname="BlackKingIsSavedToBlackKingSquareIfInPendingUpdatesOfBoardAndUpdatesCleared" classname="ChessWithTDD.Tests.BoardCacheTests" runstate="Runnable" seed="986104909" result="Passed" start-time="2017-07-19 22:26:32Z" end-time="2017-07-19 22:26:32Z" duration="0.088386" asserts="3" />
          <test-case id="0-1013" name="BoardCacheInitialisedWithBlackBackRowCorrectly" fullname="ChessWithTDD.Tests.BoardCacheTests.BoardCacheInitialisedWithBlackBackRowCorrectly" methodname="BoardCacheInitialisedWithBlackBackRowCorrectly" classname="ChessWithTDD.Tests.BoardCacheTests" runstate="Runnable" seed="735140187" result="Passed" start-time="2017-07-19 22:26:32Z" end-time="2017-07-19 22:26:32Z" duration="0.092826" asserts="7" />
          <test-case id="0-1009" name="BoardCacheInitialisedWithBlackKingCorrectly" fullname="ChessWithTDD.Tests.BoardCacheTests.BoardCacheInitialisedWithBlackKingCorrectly" methodname="BoardCacheInitialisedWithBlackKingCorrectly" classname="ChessWithTDD.Tests.BoardCacheTests" runstate="Runnable" seed="954393754" result="Passed" start-time="2017-07-19 22:26:32Z" end-time="2017-07-19 22:26:32Z" duration="0.001925" asserts="1" />
          <test-case id="0-1011" name="BoardCacheInitialisedWithBlackPawnsCorrectly" fullname="ChessWithTDD.Tests.BoardCacheTests.BoardCacheInitialisedWithBlackPawnsCorrectly" methodname="BoardCacheInitialisedWithBlackPawnsCorrectly" classname="ChessWithTDD.Tests.BoardCacheTests" runstate="Runnable" seed="2127969230" result="Passed" start-time="2017-07-19 22:26:32Z" end-time="2017-07-19 22:26:32Z" duration="0.002915" asserts="8" />
          <test-case id="0-1007" name="BoardCacheInitialisedWithCorrectBoard" fullname="ChessWithTDD.Tests.BoardCacheTests.BoardCacheInitialisedWithCorrectBoard" methodname="BoardCacheInitialisedWithCorrectBoard" classname="ChessWithTDD.Tests.BoardCacheTests" runstate="Runnable" seed="470711501" result="Passed" start-time="2017-07-19 22:26:32Z" end-time="2017-07-19 22:26:32Z" duration="0.000952" asserts="1" />
          <test-case id="0-1012" name="BoardCacheInitialisedWithWhiteBackRowCorrectly" fullname="ChessWithTDD.Tests.BoardCacheTests.BoardCacheInitialisedWithWhiteBackRowCorrectly" methodname="BoardCacheInitialisedWithWhiteBackRowCorrectly" classname="ChessWithTDD.Tests.BoardCacheTests" runstate="Runnable" seed="1507846705" result="Passed" start-time="2017-07-19 22:26:32Z" end-time="2017-07-19 22:26:32Z" duration="0.002895" asserts="7" />
          <test-case id="0-1008" name="BoardCacheInitialisedWithWhiteKingCorrectly" fullname="ChessWithTDD.Tests.BoardCacheTests.BoardCacheInitialisedWithWhiteKingCorrectly" methodname="BoardCacheInitialisedWithWhiteKingCorrectly" classname="ChessWithTDD.Tests.BoardCacheTests" runstate="Runnable" seed="445215303" result="Passed" start-time="2017-07-19 22:26:32Z" end-time="2017-07-19 22:26:32Z" duration="0.002062" asserts="1" />
          <test-case id="0-1010" name="BoardCacheInitialisedWithWhitePawnsCorrectly" fullname="ChessWithTDD.Tests.BoardCacheTests.BoardCacheInitialisedWithWhitePawnsCorrectly" methodname="BoardCacheInitialisedWithWhitePawnsCorrectly" classname="ChessWithTDD.Tests.BoardCacheTests" runstate="Runnable" seed="1752164000" result="Passed" start-time="2017-07-19 22:26:32Z" end-time="2017-07-19 22:26:32Z" duration="0.002661" asserts="8" />
          <test-case id="0-1003" name="NothingIsSavedForSquaresWithNoPieceButItIsRemoved" fullname="ChessWithTDD.Tests.BoardCacheTests.NothingIsSavedForSquaresWithNoPieceButItIsRemoved" methodname="NothingIsSavedForSquaresWithNoPieceButItIsRemoved" classname="ChessWithTDD.Tests.BoardCacheTests" runstate="Runnable" seed="1741382132" result="Passed" start-time="2017-07-19 22:26:32Z" end-time="2017-07-19 22:26:32Z" duration="0.003144" asserts="3" />
          <test-case id="0-1006" name="SquareInPendingUpdatesWithBlackPieceIsAddedToBlackPieceCacheAndRemovedFromPendingUpdates" fullname="ChessWithTDD.Tests.BoardCacheTests.SquareInPendingUpdatesWithBlackPieceIsAddedToBlackPieceCacheAndRemovedFromPendingUpdates" methodname="SquareInPendingUpdatesWithBlackPieceIsAddedToBlackPieceCacheAndRemovedFromPendingUpdates" classname="ChessWithTDD.Tests.BoardCacheTests" runstate="Runnable" seed="932742155" result="Passed" start-time="2017-07-19 22:26:32Z" end-time="2017-07-19 22:26:32Z" duration="0.003501" asserts="2" />
          <test-case id="0-1004" name="SquareInPendingUpdatesWithNoPieceIsRemovedFromBoardCacheAndPendingUpdates" fullname="ChessWithTDD.Tests.BoardCacheTests.SquareInPendingUpdatesWithNoPieceIsRemovedFromBoardCacheAndPendingUpdates" methodname="SquareInPendingUpdatesWithNoPieceIsRemovedFromBoardCacheAndPendingUpdates" classname="ChessWithTDD.Tests.BoardCacheTests" runstate="Runnable" seed="1034778225" result="Passed" start-time="2017-07-19 22:26:32Z" end-time="2017-07-19 22:26:32Z" duration="0.001291" asserts="2" />
          <test-case id="0-1005" name="SquareInPendingUpdatesWithWhitePieceIsAddedToWhitePieceCacheAndRemovedFromPendingUpdates" fullname="ChessWithTDD.Tests.BoardCacheTests.SquareInPendingUpdatesWithWhitePieceIsAddedToWhitePieceCacheAndRemovedFromPendingUpdates" methodname="SquareInPendingUpdatesWithWhitePieceIsAddedToWhitePieceCacheAndRemovedFromPendingUpdates" classname="ChessWithTDD.Tests.BoardCacheTests" runstate="Runnable" seed="879661830" result="Passed" start-time="2017-07-19 22:26:32Z" end-time="2017-07-19 22:26:32Z" duration="0.002364" asserts="2" />
          <test-case id="0-1002" name="WhiteKingIsSavedToWhiteKingSquareAndWhitePiecesIfInPendingUpdatesOfBoardAndUpdatesCleared" fullname="ChessWithTDD.Tests.BoardCacheTests.WhiteKingIsSavedToWhiteKingSquareAndWhitePiecesIfInPendingUpdatesOfBoardAndUpdatesCleared" methodname="WhiteKingIsSavedToWhiteKingSquareAndWhitePiecesIfInPendingUpdatesOfBoardAndUpdatesCleared" classname="ChessWithTDD.Tests.BoardCacheTests" runstate="Runnable" seed="1406204889" result="Passed" start-time="2017-07-19 22:26:32Z" end-time="2017-07-19 22:26:32Z" duration="0.003129" asserts="3" />
        </test-suite>
        <test-suite type="TestFixture" id="0-1014" name="BoardInitialiserTests" fullname="ChessWithTDD.Tests.BoardInitialiserTests" classname="ChessWithTDD.Tests.BoardInitialiserTests" runstate="Runnable" testcasecount="11" result="Passed" start-time="2017-07-19 22:26:32Z" end-time="2017-07-19 22:26:33Z" duration="0.598036" total="11" passed="11" failed="0" warnings="0" inconclusive="0" skipped="0" asserts="1">
          <test-case id="0-1022" name="BoardBlackBishopsSetupCorrectly" fullname="ChessWithTDD.Tests.BoardInitialiserTests.BoardBlackBishopsSetupCorrectly" methodname="BoardBlackBishopsSetupCorrectly" classname="ChessWithTDD.Tests.BoardInitialiserTests" runstate="Runnable" seed="574984891" result="Passed" start-time="2017-07-19 22:26:32Z" end-time="2017-07-19 22:26:32Z" duration="0.117840" asserts="0" />
          <test-case id="0-1020" name="BoardBlackKnightsSetupCorrectly" fullname="ChessWithTDD.Tests.BoardInitialiserTests.BoardBlackKnightsSetupCorrectly" methodname="BoardBlackKnightsSetupCorrectly" classname="ChessWithTDD.Tests.BoardInitialiserTests" runstate="Runnable" seed="1759366941" result="Passed" start-time="2017-07-19 22:26:32Z" end-time="2017-07-19 22:26:32Z" duration="0.030261" asserts="0" />
          <test-case id="0-1016" name="BoardBlackPawnRowSetupCorrectly" fullname="ChessWithTDD.Tests.BoardInitialiserTests.BoardBlackPawnRowSetupCorrectly" methodname="BoardBlackPawnRowSetupCorrectly" classname="ChessWithTDD.Tests.BoardInitialiserTests" runstate="Runnable" seed="1364620546" result="Passed" start-time="2017-07-19 22:26:32Z" end-time="2017-07-19 22:26:32Z" duration="0.140957" asserts="0" />
          <test-case id="0-1018" name="BoardBlackRooksSetupCorrectly" fullname="ChessWithTDD.Tests.BoardInitialiserTests.BoardBlackRooksSetupCorrectly" methodname="BoardBlackRooksSetupCorrectly" classname="ChessWithTDD.Tests.BoardInitialiserTests" runstate="Runnable" seed="87822810" result="Passed" start-time="2017-07-19 22:26:32Z" end-time="2017-07-19 22:26:32Z" duration="0.022743" asserts="0" />
          <test-case id="0-1024" name="BoardKingsSetupCorrectly" fullname="ChessWithTDD.Tests.BoardInitialiserTests.BoardKingsSetupCorrectly" methodname="BoardKingsSetupCorrectly" classname="ChessWithTDD.Tests.BoardInitialiserTests" runstate="Runnable" seed="1618782707" result="Passed" start-time="2017-07-19 22:26:32Z" end-time="2017-07-19 22:26:32Z" duration="0.021774" asserts="0" />
          <test-case id="0-1023" name="BoardQueensSetupCorrectly" fullname="ChessWithTDD.Tests.BoardInitialiserTests.BoardQueensSetupCorrectly" methodname="BoardQueensSetupCorrectly" classname="ChessWithTDD.Tests.BoardInitialiserTests" runstate="Runnable" seed="244940448" result="Passed" start-time="2017-07-19 22:26:32Z" end-time="2017-07-19 22:26:32Z" duration="0.038988" asserts="0" />
          <test-case id="0-1025" name="BoardSetSquareCalledCorrectNumberOfTimesDuringInitialisation" fullname="ChessWithTDD.Tests.BoardInitialiserTests.BoardSetSquareCalledCorrectNumberOfTimesDuringInitialisation" methodname="BoardSetSquareCalledCorrectNumberOfTimesDuringInitialisation" classname="ChessWithTDD.Tests.BoardInitialiserTests" runstate="Runnable" seed="962608123" result="Passed" start-time="2017-07-19 22:26:32Z" end-time="2017-07-19 22:26:32Z" duration="0.003831" asserts="1" />
          <test-case id="0-1021" name="BoardWhiteBishopsSetupCorrectly" fullname="ChessWithTDD.Tests.BoardInitialiserTests.BoardWhiteBishopsSetupCorrectly" methodname="BoardWhiteBishopsSetupCorrectly" classname="ChessWithTDD.Tests.BoardInitialiserTests" runstate="Runnable" seed="1146291639" result="Passed" start-time="2017-07-19 22:26:32Z" end-time="2017-07-19 22:26:32Z" duration="0.024263" asserts="0" />
          <test-case id="0-1019" name="BoardWhiteKnightsSetupCorrectly" fullname="ChessWithTDD.Tests.BoardInitialiserTests.BoardWhiteKnightsSetupCorrectly" methodname="BoardWhiteKnightsSetupCorrectly" classname="ChessWithTDD.Tests.BoardInitialiserTests" runstate="Runnable" seed="1195578318" result="Passed" start-time="2017-07-19 22:26:32Z" end-time="2017-07-19 22:26:32Z" duration="0.022279" asserts="0" />
          <test-case id="0-1015" name="BoardWhitePawnRowSetupCorrectly" fullname="ChessWithTDD.Tests.BoardInitialiserTests.BoardWhitePawnRowSetupCorrectly" methodname="BoardWhitePawnRowSetupCorrectly" classname="ChessWithTDD.Tests.BoardInitialiserTests" runstate="Runnable" seed="529653721" result="Passed" start-time="2017-07-19 22:26:32Z" end-time="2017-07-19 22:26:33Z" duration="0.112027" asserts="0" />
          <test-case id="0-1017" name="BoardWhiteRooksSetupCorrectly" fullname="ChessWithTDD.Tests.BoardInitialiserTests.BoardWhiteRooksSetupCorrectly" methodname="BoardWhiteRooksSetupCorrectly" classname="ChessWithTDD.Tests.BoardInitialiserTests" runstate="Runnable" seed="266755310" result="Passed" start-time="2017-07-19 22:26:33Z" end-time="2017-07-19 22:26:33Z" duration="0.022112" asserts="0" />
        </test-suite>
        <test-suite type="TestFixture" id="0-1409" name="BoardTests" fullname="ChessWithTDD.Tests.BoardTests" classname="ChessWithTDD.Tests.BoardTests" runstate="Runnable" testcasecount="40" result="Passed" start-time="2017-07-19 22:26:33Z" end-time="2017-07-19 22:26:33Z" duration="0.298044" total="40" passed="40" failed="0" warnings="0" inconclusive="0" skipped="0" asserts="36">
          <test-case id="0-1418" name="ApplyingMoveCallsMoveExecutorWithCorrectArguments" fullname="ChessWithTDD.Tests.BoardTests.ApplyingMoveCallsMoveExecutorWithCorrectArguments" methodname="ApplyingMoveCallsMoveExecutorWithCorrectArguments" classname="ChessWithTDD.Tests.BoardTests" runstate="Runnable" seed="285270471" result="Passed" start-time="2017-07-19 22:26:33Z" end-time="2017-07-19 22:26:33Z" duration="0.017327" asserts="0" />
          <test-case id="0-1419" name="ApplyingMoveIncrementsTurnCounter" fullname="ChessWithTDD.Tests.BoardTests.ApplyingMoveIncrementsTurnCounter" methodname="ApplyingMoveIncrementsTurnCounter" classname="ChessWithTDD.Tests.BoardTests" runstate="Runnable" seed="766002478" result="Passed" start-time="2017-07-19 22:26:33Z" end-time="2017-07-19 22:26:33Z" duration="0.001864" asserts="1" />
          <test-case id="0-1410" name="BoardIsInitialisedWithCorrectDimensions" fullname="ChessWithTDD.Tests.BoardTests.BoardIsInitialisedWithCorrectDimensions" methodname="BoardIsInitialisedWithCorrectDimensions" classname="ChessWithTDD.Tests.BoardTests" runstate="Runnable" seed="1299062382" result="Passed" start-time="2017-07-19 22:26:33Z" end-time="2017-07-19 22:26:33Z" duration="0.002061" asserts="1" />
          <test-case id="0-1413" name="InitialiseBoardCacheIsCalledWhenCreatingABoardInstance" fullname="ChessWithTDD.Tests.BoardTests.InitialiseBoardCacheIsCalledWhenCreatingABoardInstance" methodname="InitialiseBoardCacheIsCalledWhenCreatingABoardInstance" classname="ChessWithTDD.Tests.BoardTests" runstate="Runnable" seed="635040944" result="Passed" start-time="2017-07-19 22:26:33Z" end-time="2017-07-19 22:26:33Z" duration="0.003699" asserts="0" />
          <test-case id="0-1412" name="InitialiseBoardIsCalledWhenCreatingABoardInstance" fullname="ChessWithTDD.Tests.BoardTests.InitialiseBoardIsCalledWhenCreatingABoardInstance" methodname="InitialiseBoardIsCalledWhenCreatingABoardInstance" classname="ChessWithTDD.Tests.BoardTests" runstate="Runnable" seed="753976127" result="Passed" start-time="2017-07-19 22:26:33Z" end-time="2017-07-19 22:26:33Z" duration="0.002894" asserts="0" />
          <test-case id="0-1415" name="MoveIsNotValidIfMoveValidatorReturnsFalse" fullname="ChessWithTDD.Tests.BoardTests.MoveIsNotValidIfMoveValidatorReturnsFalse" methodname="MoveIsNotValidIfMoveValidatorReturnsFalse" classname="ChessWithTDD.Tests.BoardTests" runstate="Runnable" seed="1509295707" result="Passed" start-time="2017-07-19 22:26:33Z" end-time="2017-07-19 22:26:33Z" duration="0.004093" asserts="1" />
          <test-case id="0-1416" name="MoveIsNotValidIfMoveValidatorReturnsTrueButFromSquarePieceCannotMove" fullname="ChessWithTDD.Tests.BoardTests.MoveIsNotValidIfMoveValidatorReturnsTrueButFromSquarePieceCannotMove" methodname="MoveIsNotValidIfMoveValidatorReturnsTrueButFromSquarePieceCannotMove" classname="ChessWithTDD.Tests.BoardTests" runstate="Runnable" seed="1143724782" result="Passed" start-time="2017-07-19 22:26:33Z" end-time="2017-07-19 22:26:33Z" duration="0.003241" asserts="1" />
          <test-case id="0-1417" name="MoveIsValidIfMoveValidatorReturnsTrueAndFromSquarePieceCanMove" fullname="ChessWithTDD.Tests.BoardTests.MoveIsValidIfMoveValidatorReturnsTrueAndFromSquarePieceCanMove" methodname="MoveIsValidIfMoveValidatorReturnsTrueAndFromSquarePieceCanMove" classname="ChessWithTDD.Tests.BoardTests" runstate="Runnable" seed="1368734580" result="Passed" start-time="2017-07-19 22:26:33Z" end-time="2017-07-19 22:26:33Z" duration="0.002716" asserts="1" />
          <test-case id="0-1414" name="MoveValidatorIsCalledWhenMoveIsValidIsCalled" fullname="ChessWithTDD.Tests.BoardTests.MoveValidatorIsCalledWhenMoveIsValidIsCalled" methodname="MoveValidatorIsCalledWhenMoveIsValidIsCalled" classname="ChessWithTDD.Tests.BoardTests" runstate="Runnable" seed="1590146613" result="Passed" start-time="2017-07-19 22:26:33Z" end-time="2017-07-19 22:26:33Z" duration="0.003718" asserts="0" />
          <test-suite type="ParameterizedMethod" id="0-1423" name="MovingTeamKingSquareIsBlackKingOfBoardCacheForOddTurnCounters" fullname="ChessWithTDD.Tests.BoardTests.MovingTeamKingSquareIsBlackKingOfBoardCacheForOddTurnCounters" classname="ChessWithTDD.Tests.BoardTests" runstate="Runnable" testcasecount="3" result="Passed" start-time="2017-07-19 22:26:33Z" end-time="2017-07-19 22:26:33Z" duration="0.017013" total="3" passed="3" failed="0" warnings="0" inconclusive="0" skipped="0" asserts="3">
            <test-case id="0-1420" name="MovingTeamKingSquareIsBlackKingOfBoardCacheForOddTurnCounters(1)" fullname="ChessWithTDD.Tests.BoardTests.MovingTeamKingSquareIsBlackKingOfBoardCacheForOddTurnCounters(1)" methodname="MovingTeamKingSquareIsBlackKingOfBoardCacheForOddTurnCounters" classname="ChessWithTDD.Tests.BoardTests" runstate="Runnable" seed="48784400" result="Passed" start-time="2017-07-19 22:26:33Z" end-time="2017-07-19 22:26:33Z" duration="0.003709" asserts="1" />
            <test-case id="0-1421" name="MovingTeamKingSquareIsBlackKingOfBoardCacheForOddTurnCounters(3)" fullname="ChessWithTDD.Tests.BoardTests.MovingTeamKingSquareIsBlackKingOfBoardCacheForOddTurnCounters(3)" methodname="MovingTeamKingSquareIsBlackKingOfBoardCacheForOddTurnCounters" classname="ChessWithTDD.Tests.BoardTests" runstate="Runnable" seed="1189352062" result="Passed" start-time="2017-07-19 22:26:33Z" end-time="2017-07-19 22:26:33Z" duration="0.001218" asserts="1" />
            <test-case id="0-1422" name="MovingTeamKingSquareIsBlackKingOfBoardCacheForOddTurnCounters(19)" fullname="ChessWithTDD.Tests.BoardTests.MovingTeamKingSquareIsBlackKingOfBoardCacheForOddTurnCounters(19)" methodname="MovingTeamKingSquareIsBlackKingOfBoardCacheForOddTurnCounters" classname="ChessWithTDD.Tests.BoardTests" runstate="Runnable" seed="550307308" result="Passed" start-time="2017-07-19 22:26:33Z" end-time="2017-07-19 22:26:33Z" duration="0.001157" asserts="1" />
          </test-suite>
          <test-suite type="ParameterizedMethod" id="0-1427" name="MovingTeamKingSquareIsWhiteKingOfBoardCacheForEvenTurnCounters" fullname="ChessWithTDD.Tests.BoardTests.MovingTeamKingSquareIsWhiteKingOfBoardCacheForEvenTurnCounters" classname="ChessWithTDD.Tests.BoardTests" runstate="Runnable" testcasecount="3" result="Passed" start-time="2017-07-19 22:26:33Z" end-time="2017-07-19 22:26:33Z" duration="0.016047" total="3" passed="3" failed="0" warnings="0" inconclusive="0" skipped="0" asserts="3">
            <test-case id="0-1424" name="MovingTeamKingSquareIsWhiteKingOfBoardCacheForEvenTurnCounters(0)" fullname="ChessWithTDD.Tests.BoardTests.MovingTeamKingSquareIsWhiteKingOfBoardCacheForEvenTurnCounters(0)" methodname="MovingTeamKingSquareIsWhiteKingOfBoardCacheForEvenTurnCounters" classname="ChessWithTDD.Tests.BoardTests" runstate="Runnable" seed="553529097" result="Passed" start-time="2017-07-19 22:26:33Z" end-time="2017-07-19 22:26:33Z" duration="0.002386" asserts="1" />
            <test-case id="0-1425" name="MovingTeamKingSquareIsWhiteKingOfBoardCacheForEvenTurnCounters(2)" fullname="ChessWithTDD.Tests.BoardTests.MovingTeamKingSquareIsWhiteKingOfBoardCacheForEvenTurnCounters(2)" methodname="MovingTeamKingSquareIsWhiteKingOfBoardCacheForEvenTurnCounters" classname="ChessWithTDD.Tests.BoardTests" runstate="Runnable" seed="1529784589" result="Passed" start-time="2017-07-19 22:26:33Z" end-time="2017-07-19 22:26:33Z" duration="0.001096" asserts="1" />
            <test-case id="0-1426" name="MovingTeamKingSquareIsWhiteKingOfBoardCacheForEvenTurnCounters(22)" fullname="ChessWithTDD.Tests.BoardTests.MovingTeamKingSquareIsWhiteKingOfBoardCacheForEvenTurnCounters(22)" methodname="MovingTeamKingSquareIsWhiteKingOfBoardCacheForEvenTurnCounters" classname="ChessWithTDD.Tests.BoardTests" runstate="Runnable" seed="1295356477" result="Passed" start-time="2017-07-19 22:26:33Z" end-time="2017-07-19 22:26:33Z" duration="0.001120" asserts="1" />
          </test-suite>
          <test-suite type="ParameterizedMethod" id="0-1439" name="MovingTeamPieceSquaresIsBlackTeamOfBoardCacheForOddTurnCounters" fullname="ChessWithTDD.Tests.BoardTests.MovingTeamPieceSquaresIsBlackTeamOfBoardCacheForOddTurnCounters" classname="ChessWithTDD.Tests.BoardTests" runstate="Runnable" testcasecount="3" result="Passed" start-time="2017-07-19 22:26:33Z" end-time="2017-07-19 22:26:33Z" duration="0.037997" total="3" passed="3" failed="0" warnings="0" inconclusive="0" skipped="0" asserts="3">
            <test-case id="0-1436" name="MovingTeamPieceSquaresIsBlackTeamOfBoardCacheForOddTurnCounters(1)" fullname="ChessWithTDD.Tests.BoardTests.MovingTeamPieceSquaresIsBlackTeamOfBoardCacheForOddTurnCounters(1)" methodname="MovingTeamPieceSquaresIsBlackTeamOfBoardCacheForOddTurnCounters" classname="ChessWithTDD.Tests.BoardTests" runstate="Runnable" seed="1766768127" result="Passed" start-time="2017-07-19 22:26:33Z" end-time="2017-07-19 22:26:33Z" duration="0.024901" asserts="1" />
            <test-case id="0-1437" name="MovingTeamPieceSquaresIsBlackTeamOfBoardCacheForOddTurnCounters(3)" fullname="ChessWithTDD.Tests.BoardTests.MovingTeamPieceSquaresIsBlackTeamOfBoardCacheForOddTurnCounters(3)" methodname="MovingTeamPieceSquaresIsBlackTeamOfBoardCacheForOddTurnCounters" classname="ChessWithTDD.Tests.BoardTests" runstate="Runnable" seed="297065345" result="Passed" start-time="2017-07-19 22:26:33Z" end-time="2017-07-19 22:26:33Z" duration="0.001397" asserts="1" />
            <test-case id="0-1438" name="MovingTeamPieceSquaresIsBlackTeamOfBoardCacheForOddTurnCounters(19)" fullname="ChessWithTDD.Tests.BoardTests.MovingTeamPieceSquaresIsBlackTeamOfBoardCacheForOddTurnCounters(19)" methodname="MovingTeamPieceSquaresIsBlackTeamOfBoardCacheForOddTurnCounters" classname="ChessWithTDD.Tests.BoardTests" runstate="Runnable" seed="1821734155" result="Passed" start-time="2017-07-19 22:26:33Z" end-time="2017-07-19 22:26:33Z" duration="0.001088" asserts="1" />
          </test-suite>
          <test-suite type="ParameterizedMethod" id="0-1443" name="MovingTeamPieceSquaresIsWhiteTeamOfBoardCacheForEvenTurnCounters" fullname="ChessWithTDD.Tests.BoardTests.MovingTeamPieceSquaresIsWhiteTeamOfBoardCacheForEvenTurnCounters" classname="ChessWithTDD.Tests.BoardTests" runstate="Runnable" testcasecount="3" result="Passed" start-time="2017-07-19 22:26:33Z" end-time="2017-07-19 22:26:33Z" duration="0.016021" total="3" passed="3" failed="0" warnings="0" inconclusive="0" skipped="0" asserts="3">
            <test-case id="0-1440" name="MovingTeamPieceSquaresIsWhiteTeamOfBoardCacheForEvenTurnCounters(0)" fullname="ChessWithTDD.Tests.BoardTests.MovingTeamPieceSquaresIsWhiteTeamOfBoardCacheForEvenTurnCounters(0)" methodname="MovingTeamPieceSquaresIsWhiteTeamOfBoardCacheForEvenTurnCounters" classname="ChessWithTDD.Tests.BoardTests" runstate="Runnable" seed="7590091" result="Passed" start-time="2017-07-19 22:26:33Z" end-time="2017-07-19 22:26:33Z" duration="0.002833" asserts="1" />
            <test-case id="0-1441" name="MovingTeamPieceSquaresIsWhiteTeamOfBoardCacheForEvenTurnCounters(2)" fullname="ChessWithTDD.Tests.BoardTests.MovingTeamPieceSquaresIsWhiteTeamOfBoardCacheForEvenTurnCounters(2)" methodname="MovingTeamPieceSquaresIsWhiteTeamOfBoardCacheForEvenTurnCounters" classname="ChessWithTDD.Tests.BoardTests" runstate="Runnable" seed="76413469" result="Passed" start-time="2017-07-19 22:26:33Z" end-time="2017-07-19 22:26:33Z" duration="0.001173" asserts="1" />
            <test-case id="0-1442" name="MovingTeamPieceSquaresIsWhiteTeamOfBoardCacheForEvenTurnCounters(22)" fullname="ChessWithTDD.Tests.BoardTests.MovingTeamPieceSquaresIsWhiteTeamOfBoardCacheForEvenTurnCounters(22)" methodname="MovingTeamPieceSquaresIsWhiteTeamOfBoardCacheForEvenTurnCounters" classname="ChessWithTDD.Tests.BoardTests" runstate="Runnable" seed="266520463" result="Passed" start-time="2017-07-19 22:26:33Z" end-time="2017-07-19 22:26:33Z" duration="0.001133" asserts="1" />
          </test-suite>
          <test-suite type="ParameterizedMethod" id="0-1431" name="OtherTeamKingSquareIsBlackKingOfBoardCacheForEvenTurnCounters" fullname="ChessWithTDD.Tests.BoardTests.OtherTeamKingSquareIsBlackKingOfBoardCacheForEvenTurnCounters" classname="ChessWithTDD.Tests.BoardTests" runstate="Runnable" testcasecount="3" result="Passed" start-time="2017-07-19 22:26:33Z" end-time="2017-07-19 22:26:33Z" duration="0.016018" total="3" passed="3" failed="0" warnings="0" inconclusive="0" skipped="0" asserts="3">
            <test-case id="0-1428" name="OtherTeamKingSquareIsBlackKingOfBoardCacheForEvenTurnCounters(0)" fullname="ChessWithTDD.Tests.BoardTests.OtherTeamKingSquareIsBlackKingOfBoardCacheForEvenTurnCounters(0)" methodname="OtherTeamKingSquareIsBlackKingOfBoardCacheForEvenTurnCounters" classname="ChessWithTDD.Tests.BoardTests" runstate="Runnable" seed="1725352534" result="Passed" start-time="2017-07-19 22:26:33Z" end-time="2017-07-19 22:26:33Z" duration="0.002491" asserts="1" />
            <test-case id="0-1429" name="OtherTeamKingSquareIsBlackKingOfBoardCacheForEvenTurnCounters(2)" fullname="ChessWithTDD.Tests.BoardTests.OtherTeamKingSquareIsBlackKingOfBoardCacheForEvenTurnCounters(2)" methodname="OtherTeamKingSquareIsBlackKingOfBoardCacheForEvenTurnCounters" classname="ChessWithTDD.Tests.BoardTests" runstate="Runnable" seed="1236123288" result="Passed" start-time="2017-07-19 22:26:33Z" end-time="2017-07-19 22:26:33Z" duration="0.001100" asserts="1" />
            <test-case id="0-1430" name="OtherTeamKingSquareIsBlackKingOfBoardCacheForEvenTurnCounters(22)" fullname="ChessWithTDD.Tests.BoardTests.OtherTeamKingSquareIsBlackKingOfBoardCacheForEvenTurnCounters(22)" methodname="OtherTeamKingSquareIsBlackKingOfBoardCacheForEvenTurnCounters" classname="ChessWithTDD.Tests.BoardTests" runstate="Runnable" seed="510781699" result="Passed" start-time="2017-07-19 22:26:33Z" end-time="2017-07-19 22:26:33Z" duration="0.001086" asserts="1" />
          </test-suite>
          <test-suite type="ParameterizedMethod" id="0-1435" name="OtherTeamKingSquareIsWhiteKingOfBoardCacheForOddTurnCounters" fullname="ChessWithTDD.Tests.BoardTests.OtherTeamKingSquareIsWhiteKingOfBoardCacheForOddTurnCounters" classname="ChessWithTDD.Tests.BoardTests" runstate="Runnable" testcasecount="3" result="Passed" start-time="2017-07-19 22:26:33Z" end-time="2017-07-19 22:26:33Z" duration="0.015038" total="3" passed="3" failed="0" warnings="0" inconclusive="0" skipped="0" asserts="3">
            <test-case id="0-1432" name="OtherTeamKingSquareIsWhiteKingOfBoardCacheForOddTurnCounters(1)" fullname="ChessWithTDD.Tests.BoardTests.OtherTeamKingSquareIsWhiteKingOfBoardCacheForOddTurnCounters(1)" methodname="OtherTeamKingSquareIsWhiteKingOfBoardCacheForOddTurnCounters" classname="ChessWithTDD.Tests.BoardTests" runstate="Runnable" seed="62822690" result="Passed" start-time="2017-07-19 22:26:33Z" end-time="2017-07-19 22:26:33Z" duration="0.001921" asserts="1" />
            <test-case id="0-1433" name="OtherTeamKingSquareIsWhiteKingOfBoardCacheForOddTurnCounters(3)" fullname="ChessWithTDD.Tests.BoardTests.OtherTeamKingSquareIsWhiteKingOfBoardCacheForOddTurnCounters(3)" methodname="OtherTeamKingSquareIsWhiteKingOfBoardCacheForOddTurnCounters" classname="ChessWithTDD.Tests.BoardTests" runstate="Runnable" seed="995941572" result="Passed" start-time="2017-07-19 22:26:33Z" end-time="2017-07-19 22:26:33Z" duration="0.001110" asserts="1" />
            <test-case id="0-1434" name="OtherTeamKingSquareIsWhiteKingOfBoardCacheForOddTurnCounters(19)" fullname="ChessWithTDD.Tests.BoardTests.OtherTeamKingSquareIsWhiteKingOfBoardCacheForOddTurnCounters(19)" methodname="OtherTeamKingSquareIsWhiteKingOfBoardCacheForOddTurnCounters" classname="ChessWithTDD.Tests.BoardTests" runstate="Runnable" seed="992551990" result="Passed" start-time="2017-07-19 22:26:33Z" end-time="2017-07-19 22:26:33Z" duration="0.001087" asserts="1" />
          </test-suite>
          <test-suite type="ParameterizedMethod" id="0-1447" name="OtherTeamPieceSquaresIsBlackTeamOfBoardCacheForEvenTurnCounters" fullname="ChessWithTDD.Tests.BoardTests.OtherTeamPieceSquaresIsBlackTeamOfBoardCacheForEvenTurnCounters" classname="ChessWithTDD.Tests.BoardTests" runstate="Runnable" testcasecount="3" result="Passed" start-time="2017-07-19 22:26:33Z" end-time="2017-07-19 22:26:33Z" duration="0.016002" total="3" passed="3" failed="0" warnings="0" inconclusive="0" skipped="0" asserts="3">
            <test-case id="0-1444" name="OtherTeamPieceSquaresIsBlackTeamOfBoardCacheForEvenTurnCounters(0)" fullname="ChessWithTDD.Tests.BoardTests.OtherTeamPieceSquaresIsBlackTeamOfBoardCacheForEvenTurnCounters(0)" methodname="OtherTeamPieceSquaresIsBlackTeamOfBoardCacheForEvenTurnCounters" classname="ChessWithTDD.Tests.BoardTests" runstate="Runnable" seed="934092074" result="Passed" start-time="2017-07-19 22:26:33Z" end-time="2017-07-19 22:26:33Z" duration="0.002697" asserts="1" />
            <test-case id="0-1445" name="OtherTeamPieceSquaresIsBlackTeamOfBoardCacheForEvenTurnCounters(2)" fullname="ChessWithTDD.Tests.BoardTests.OtherTeamPieceSquaresIsBlackTeamOfBoardCacheForEvenTurnCounters(2)" methodname="OtherTeamPieceSquaresIsBlackTeamOfBoardCacheForEvenTurnCounters" classname="ChessWithTDD.Tests.BoardTests" runstate="Runnable" seed="77789304" result="Passed" start-time="2017-07-19 22:26:33Z" end-time="2017-07-19 22:26:33Z" duration="0.001202" asserts="1" />
            <test-case id="0-1446" name="OtherTeamPieceSquaresIsBlackTeamOfBoardCacheForEvenTurnCounters(22)" fullname="ChessWithTDD.Tests.BoardTests.OtherTeamPieceSquaresIsBlackTeamOfBoardCacheForEvenTurnCounters(22)" methodname="OtherTeamPieceSquaresIsBlackTeamOfBoardCacheForEvenTurnCounters" classname="ChessWithTDD.Tests.BoardTests" runstate="Runnable" seed="1685554595" result="Passed" start-time="2017-07-19 22:26:33Z" end-time="2017-07-19 22:26:33Z" duration="0.001207" asserts="1" />
          </test-suite>
          <test-suite type="ParameterizedMethod" id="0-1451" name="OtherTeamPieceSquaresIsWhiteTeamOfBoardCacheForOddTurnCounters" fullname="ChessWithTDD.Tests.BoardTests.OtherTeamPieceSquaresIsWhiteTeamOfBoardCacheForOddTurnCounters" classname="ChessWithTDD.Tests.BoardTests" runstate="Runnable" testcasecount="3" result="Passed" start-time="2017-07-19 22:26:33Z" end-time="2017-07-19 22:26:33Z" duration="0.015028" total="3" passed="3" failed="0" warnings="0" inconclusive="0" skipped="0" asserts="3">
            <test-case id="0-1448" name="OtherTeamPieceSquaresIsWhiteTeamOfBoardCacheForOddTurnCounters(1)" fullname="ChessWithTDD.Tests.BoardTests.OtherTeamPieceSquaresIsWhiteTeamOfBoardCacheForOddTurnCounters(1)" methodname="OtherTeamPieceSquaresIsWhiteTeamOfBoardCacheForOddTurnCounters" classname="ChessWithTDD.Tests.BoardTests" runstate="Runnable" seed="439476822" result="Passed" start-time="2017-07-19 22:26:33Z" end-time="2017-07-19 22:26:33Z" duration="0.001912" asserts="1" />
            <test-case id="0-1449" name="OtherTeamPieceSquaresIsWhiteTeamOfBoardCacheForOddTurnCounters(3)" fullname="ChessWithTDD.Tests.BoardTests.OtherTeamPieceSquaresIsWhiteTeamOfBoardCacheForOddTurnCounters(3)" methodname="OtherTeamPieceSquaresIsWhiteTeamOfBoardCacheForOddTurnCounters" classname="ChessWithTDD.Tests.BoardTests" runstate="Runnable" seed="1965073917" result="Passed" start-time="2017-07-19 22:26:33Z" end-time="2017-07-19 22:26:33Z" duration="0.001089" asserts="1" />
            <test-case id="0-1450" name="OtherTeamPieceSquaresIsWhiteTeamOfBoardCacheForOddTurnCounters(19)" fullname="ChessWithTDD.Tests.BoardTests.OtherTeamPieceSquaresIsWhiteTeamOfBoardCacheForOddTurnCounters(19)" methodname="OtherTeamPieceSquaresIsWhiteTeamOfBoardCacheForOddTurnCounters" classname="ChessWithTDD.Tests.BoardTests" runstate="Runnable" seed="70746485" result="Passed" start-time="2017-07-19 22:26:33Z" end-time="2017-07-19 22:26:33Z" duration="0.001876" asserts="1" />
          </test-suite>
          <test-case id="0-1411" name="SquareAtPositionFiveSixOnBoardHasRowFiveAndColSix" fullname="ChessWithTDD.Tests.BoardTests.SquareAtPositionFiveSixOnBoardHasRowFiveAndColSix" methodname="SquareAtPositionFiveSixOnBoardHasRowFiveAndColSix" classname="ChessWithTDD.Tests.BoardTests" runstate="Runnable" seed="1616477677" result="Passed" start-time="2017-07-19 22:26:33Z" end-time="2017-07-19 22:26:33Z" duration="0.001334" asserts="1" />
          <test-suite type="ParameterizedMethod" id="0-1459" name="TeamWithTurnIsBlackForOddTurnCounters" fullname="ChessWithTDD.Tests.BoardTests.TeamWithTurnIsBlackForOddTurnCounters" classname="ChessWithTDD.Tests.BoardTests" runstate="Runnable" testcasecount="3" result="Passed" start-time="2017-07-19 22:26:33Z" end-time="2017-07-19 22:26:33Z" duration="0.015029" total="3" passed="3" failed="0" warnings="0" inconclusive="0" skipped="0" asserts="3">
            <test-case id="0-1456" name="TeamWithTurnIsBlackForOddTurnCounters(1)" fullname="ChessWithTDD.Tests.BoardTests.TeamWithTurnIsBlackForOddTurnCounters(1)" methodname="TeamWithTurnIsBlackForOddTurnCounters" classname="ChessWithTDD.Tests.BoardTests" runstate="Runnable" seed="1526418233" result="Passed" start-time="2017-07-19 22:26:33Z" end-time="2017-07-19 22:26:33Z" duration="0.001231" asserts="1" />
            <test-case id="0-1457" name="TeamWithTurnIsBlackForOddTurnCounters(3)" fullname="ChessWithTDD.Tests.BoardTests.TeamWithTurnIsBlackForOddTurnCounters(3)" methodname="TeamWithTurnIsBlackForOddTurnCounters" classname="ChessWithTDD.Tests.BoardTests" runstate="Runnable" seed="1281034366" result="Passed" start-time="2017-07-19 22:26:33Z" end-time="2017-07-19 22:26:33Z" duration="0.001058" asserts="1" />
            <test-case id="0-1458" name="TeamWithTurnIsBlackForOddTurnCounters(19)" fullname="ChessWithTDD.Tests.BoardTests.TeamWithTurnIsBlackForOddTurnCounters(19)" methodname="TeamWithTurnIsBlackForOddTurnCounters" classname="ChessWithTDD.Tests.BoardTests" runstate="Runnable" seed="344457077" result="Passed" start-time="2017-07-19 22:26:33Z" end-time="2017-07-19 22:26:33Z" duration="0.001007" asserts="1" />
          </test-suite>
          <test-suite type="ParameterizedMethod" id="0-1455" name="TeamWithTurnIsWhiteForEvenTurnCounters" fullname="ChessWithTDD.Tests.BoardTests.TeamWithTurnIsWhiteForEvenTurnCounters" classname="ChessWithTDD.Tests.BoardTests" runstate="Runnable" testcasecount="3" result="Passed" start-time="2017-07-19 22:26:33Z" end-time="2017-07-19 22:26:33Z" duration="0.015005" total="3" passed="3" failed="0" warnings="0" inconclusive="0" skipped="0" asserts="3">
            <test-case id="0-1452" name="TeamWithTurnIsWhiteForEvenTurnCounters(0)" fullname="ChessWithTDD.Tests.BoardTests.TeamWithTurnIsWhiteForEvenTurnCounters(0)" methodname="TeamWithTurnIsWhiteForEvenTurnCounters" classname="ChessWithTDD.Tests.BoardTests" runstate="Runnable" seed="1533114220" result="Passed" start-time="2017-07-19 22:26:33Z" end-time="2017-07-19 22:26:33Z" duration="0.001288" asserts="1" />
            <test-case id="0-1453" name="TeamWithTurnIsWhiteForEvenTurnCounters(2)" fullname="ChessWithTDD.Tests.BoardTests.TeamWithTurnIsWhiteForEvenTurnCounters(2)" methodname="TeamWithTurnIsWhiteForEvenTurnCounters" classname="ChessWithTDD.Tests.BoardTests" runstate="Runnable" seed="495526131" result="Passed" start-time="2017-07-19 22:26:33Z" end-time="2017-07-19 22:26:33Z" duration="0.001028" asserts="1" />
            <test-case id="0-1454" name="TeamWithTurnIsWhiteForEvenTurnCounters(22)" fullname="ChessWithTDD.Tests.BoardTests.TeamWithTurnIsWhiteForEvenTurnCounters(22)" methodname="TeamWithTurnIsWhiteForEvenTurnCounters" classname="ChessWithTDD.Tests.BoardTests" runstate="Runnable" seed="2124357543" result="Passed" start-time="2017-07-19 22:26:33Z" end-time="2017-07-19 22:26:33Z" duration="0.000989" asserts="1" />
          </test-suite>
        </test-suite>
        <test-suite type="TestFixture" id="0-1026" name="CheckManagerTests" fullname="ChessWithTDD.Tests.CheckManagerTests" classname="ChessWithTDD.Tests.CheckManagerTests" runstate="Runnable" testcasecount="8" result="Passed" start-time="2017-07-19 22:26:33Z" end-time="2017-07-19 22:26:33Z" duration="0.080996" total="8" passed="8" failed="0" warnings="0" inconclusive="0" skipped="0" asserts="0">
          <test-case id="0-1031" name="IfBlackPieceMovedToCheckTheWhiteKingThenBoardAndWhiteKingPutInCheckState" fullname="ChessWithTDD.Tests.CheckManagerTests.IfBlackPieceMovedToCheckTheWhiteKingThenBoardAndWhiteKingPutInCheckState" methodname="IfBlackPieceMovedToCheckTheWhiteKingThenBoardAndWhiteKingPutInCheckState" classname="ChessWithTDD.Tests.CheckManagerTests" runstate="Runnable" seed="1091197636" result="Passed" start-time="2017-07-19 22:26:33Z" end-time="2017-07-19 22:26:33Z" duration="0.019491" asserts="0" />
          <test-suite type="ParameterizedMethod" id="0-1034" name="IfBlackPieceMovedToCheckTheWhiteKingThenCheckMateManagerCalledAndBoardCheckMateStateSetToValue" fullname="ChessWithTDD.Tests.CheckManagerTests.IfBlackPieceMovedToCheckTheWhiteKingThenCheckMateManagerCalledAndBoardCheckMateStateSetToValue" classname="ChessWithTDD.Tests.CheckManagerTests" runstate="Runnable" testcasecount="2" result="Passed" start-time="2017-07-19 22:26:33Z" end-time="2017-07-19 22:26:33Z" duration="0.012986" total="2" passed="2" failed="0" warnings="0" inconclusive="0" skipped="0" asserts="0">
            <test-case id="0-1032" name="IfBlackPieceMovedToCheckTheWhiteKingThenCheckMateManagerCalledAndBoardCheckMateStateSetToValue(True)" fullname="ChessWithTDD.Tests.CheckManagerTests.IfBlackPieceMovedToCheckTheWhiteKingThenCheckMateManagerCalledAndBoardCheckMateStateSetToValue(True)" methodname="IfBlackPieceMovedToCheckTheWhiteKingThenCheckMateManagerCalledAndBoardCheckMateStateSetToValue" classname="ChessWithTDD.Tests.CheckManagerTests" runstate="Runnable" seed="1364701057" result="Passed" start-time="2017-07-19 22:26:33Z" end-time="2017-07-19 22:26:33Z" duration="0.004204" asserts="0" />
            <test-case id="0-1033" name="IfBlackPieceMovedToCheckTheWhiteKingThenCheckMateManagerCalledAndBoardCheckMateStateSetToValue(False)" fullname="ChessWithTDD.Tests.CheckManagerTests.IfBlackPieceMovedToCheckTheWhiteKingThenCheckMateManagerCalledAndBoardCheckMateStateSetToValue(False)" methodname="IfBlackPieceMovedToCheckTheWhiteKingThenCheckMateManagerCalledAndBoardCheckMateStateSetToValue" classname="ChessWithTDD.Tests.CheckManagerTests" runstate="Runnable" seed="163390152" result="Passed" start-time="2017-07-19 22:26:33Z" end-time="2017-07-19 22:26:33Z" duration="0.001623" asserts="0" />
          </test-suite>
          <test-case id="0-1036" name="IfBoardAndBlackKingInCheckStateRemoveCheckStates" fullname="ChessWithTDD.Tests.CheckManagerTests.IfBoardAndBlackKingInCheckStateRemoveCheckStates" methodname="IfBoardAndBlackKingInCheckStateRemoveCheckStates" classname="ChessWithTDD.Tests.CheckManagerTests" runstate="Runnable" seed="1864615197" result="Passed" start-time="2017-07-19 22:26:33Z" end-time="2017-07-19 22:26:33Z" duration="0.006024" asserts="0" />
          <test-case id="0-1035" name="IfBoardAndWhiteKingInCheckStateRemoveCheckStates" fullname="ChessWithTDD.Tests.CheckManagerTests.IfBoardAndWhiteKingInCheckStateRemoveCheckStates" methodname="IfBoardAndWhiteKingInCheckStateRemoveCheckStates" classname="ChessWithTDD.Tests.CheckManagerTests" runstate="Runnable" seed="1729542331" result="Passed" start-time="2017-07-19 22:26:33Z" end-time="2017-07-19 22:26:33Z" duration="0.003517" asserts="0" />
          <test-case id="0-1027" name="IfWhitePieceMovedToCheckTheBlackKingThenBoardAndBlackKingPutInCheckState" fullname="ChessWithTDD.Tests.CheckManagerTests.IfWhitePieceMovedToCheckTheBlackKingThenBoardAndBlackKingPutInCheckState" methodname="IfWhitePieceMovedToCheckTheBlackKingThenBoardAndBlackKingPutInCheckState" classname="ChessWithTDD.Tests.CheckManagerTests" runstate="Runnable" seed="795311537" result="Passed" start-time="2017-07-19 22:26:33Z" end-time="2017-07-19 22:26:33Z" duration="0.004225" asserts="0" />
          <test-suite type="ParameterizedMethod" id="0-1030" name="IfWhitePieceMovedToCheckTheBlackKingThenCheckMateManagerCalledAndBoardCheckMateStateSetToValue" fullname="ChessWithTDD.Tests.CheckManagerTests.IfWhitePieceMovedToCheckTheBlackKingThenCheckMateManagerCalledAndBoardCheckMateStateSetToValue" classname="ChessWithTDD.Tests.CheckManagerTests" runstate="Runnable" testcasecount="2" result="Passed" start-time="2017-07-19 22:26:33Z" end-time="2017-07-19 22:26:33Z" duration="0.012006" total="2" passed="2" failed="0" warnings="0" inconclusive="0" skipped="0" asserts="0">
            <test-case id="0-1028" name="IfWhitePieceMovedToCheckTheBlackKingThenCheckMateManagerCalledAndBoardCheckMateStateSetToValue(True)" fullname="ChessWithTDD.Tests.CheckManagerTests.IfWhitePieceMovedToCheckTheBlackKingThenCheckMateManagerCalledAndBoardCheckMateStateSetToValue(True)" methodname="IfWhitePieceMovedToCheckTheBlackKingThenCheckMateManagerCalledAndBoardCheckMateStateSetToValue" classname="ChessWithTDD.Tests.CheckManagerTests" runstate="Runnable" seed="978817242" result="Passed" start-time="2017-07-19 22:26:33Z" end-time="2017-07-19 22:26:33Z" duration="0.003699" asserts="0" />
            <test-case id="0-1029" name="IfWhitePieceMovedToCheckTheBlackKingThenCheckMateManagerCalledAndBoardCheckMateStateSetToValue(False)" fullname="ChessWithTDD.Tests.CheckManagerTests.IfWhitePieceMovedToCheckTheBlackKingThenCheckMateManagerCalledAndBoardCheckMateStateSetToValue(False)" methodname="IfWhitePieceMovedToCheckTheBlackKingThenCheckMateManagerCalledAndBoardCheckMateStateSetToValue" classname="ChessWithTDD.Tests.CheckManagerTests" runstate="Runnable" seed="2078398145" result="Passed" start-time="2017-07-19 22:26:33Z" end-time="2017-07-19 22:26:33Z" duration="0.001708" asserts="0" />
          </test-suite>
        </test-suite>
        <test-suite type="TestFixture" id="0-1037" name="CheckMateEscapeManagerTests" fullname="ChessWithTDD.Tests.CheckMateEscapeManagerTests" classname="ChessWithTDD.Tests.CheckMateEscapeManagerTests" runstate="Runnable" testcasecount="39" result="Passed" start-time="2017-07-19 22:26:33Z" end-time="2017-07-19 22:26:33Z" duration="0.264029" total="39" passed="39" failed="0" warnings="0" inconclusive="0" skipped="0" asserts="39">
          <test-case id="0-1048" name="IfAFriendlySquareCanTakeTheThreateningPieceReturnTrue" fullname="ChessWithTDD.Tests.CheckMateEscapeManagerTests.IfAFriendlySquareCanTakeTheThreateningPieceReturnTrue" methodname="IfAFriendlySquareCanTakeTheThreateningPieceReturnTrue" classname="ChessWithTDD.Tests.CheckMateEscapeManagerTests" runstate="Runnable" seed="375302042" result="Passed" start-time="2017-07-19 22:26:33Z" end-time="2017-07-19 22:26:33Z" duration="0.002261" asserts="1" />
          <test-suite type="ParameterizedMethod" id="0-1073" name="IfFriendlyPieceCanInterceptThreateningPieceThenReturnTrue" fullname="ChessWithTDD.Tests.CheckMateEscapeManagerTests.IfFriendlyPieceCanInterceptThreateningPieceThenReturnTrue" classname="ChessWithTDD.Tests.CheckMateEscapeManagerTests" runstate="Runnable" testcasecount="8" result="Passed" start-time="2017-07-19 22:26:33Z" end-time="2017-07-19 22:26:33Z" duration="0.060014" total="8" passed="8" failed="0" warnings="0" inconclusive="0" skipped="0" asserts="8">
            <test-case id="0-1065" name="IfFriendlyPieceCanInterceptThreateningPieceThenReturnTrue(3,2,3,7,3,5)" fullname="ChessWithTDD.Tests.CheckMateEscapeManagerTests.IfFriendlyPieceCanInterceptThreateningPieceThenReturnTrue(3,2,3,7,3,5)" methodname="IfFriendlyPieceCanInterceptThreateningPieceThenReturnTrue" classname="ChessWithTDD.Tests.CheckMateEscapeManagerTests" runstate="Runnable" seed="1115299485" result="Passed" start-time="2017-07-19 22:26:33Z" end-time="2017-07-19 22:26:33Z" duration="0.005823" asserts="1" />
            <test-case id="0-1066" name="IfFriendlyPieceCanInterceptThreateningPieceThenReturnTrue(3,6,3,0,3,2)" fullname="ChessWithTDD.Tests.CheckMateEscapeManagerTests.IfFriendlyPieceCanInterceptThreateningPieceThenReturnTrue(3,6,3,0,3,2)" methodname="IfFriendlyPieceCanInterceptThreateningPieceThenReturnTrue" classname="ChessWithTDD.Tests.CheckMateEscapeManagerTests" runstate="Runnable" seed="1449930577" result="Passed" start-time="2017-07-19 22:26:33Z" end-time="2017-07-19 22:26:33Z" duration="0.003351" asserts="1" />
            <test-case id="0-1067" name="IfFriendlyPieceCanInterceptThreateningPieceThenReturnTrue(2,2,6,2,4,2)" fullname="ChessWithTDD.Tests.CheckMateEscapeManagerTests.IfFriendlyPieceCanInterceptThreateningPieceThenReturnTrue(2,2,6,2,4,2)" methodname="IfFriendlyPieceCanInterceptThreateningPieceThenReturnTrue" classname="ChessWithTDD.Tests.CheckMateEscapeManagerTests" runstate="Runnable" seed="165139656" result="Passed" start-time="2017-07-19 22:26:33Z" end-time="2017-07-19 22:26:33Z" duration="0.003340" asserts="1" />
            <test-case id="0-1068" name="IfFriendlyPieceCanInterceptThreateningPieceThenReturnTrue(5,2,2,2,3,2)" fullname="ChessWithTDD.Tests.CheckMateEscapeManagerTests.IfFriendlyPieceCanInterceptThreateningPieceThenReturnTrue(5,2,2,2,3,2)" methodname="IfFriendlyPieceCanInterceptThreateningPieceThenReturnTrue" classname="ChessWithTDD.Tests.CheckMateEscapeManagerTests" runstate="Runnable" seed="648747699" result="Passed" start-time="2017-07-19 22:26:33Z" end-time="2017-07-19 22:26:33Z" duration="0.003348" asserts="1" />
            <test-case id="0-1069" name="IfFriendlyPieceCanInterceptThreateningPieceThenReturnTrue(2,5,5,2,4,3)" fullname="ChessWithTDD.Tests.CheckMateEscapeManagerTests.IfFriendlyPieceCanInterceptThreateningPieceThenReturnTrue(2,5,5,2,4,3)" methodname="IfFriendlyPieceCanInterceptThreateningPieceThenReturnTrue" classname="ChessWithTDD.Tests.CheckMateEscapeManagerTests" runstate="Runnable" seed="1833408839" result="Passed" start-time="2017-07-19 22:26:33Z" end-time="2017-07-19 22:26:33Z" duration="0.003451" asserts="1" />
            <test-case id="0-1070" name="IfFriendlyPieceCanInterceptThreateningPieceThenReturnTrue(2,3,5,6,4,5)" fullname="ChessWithTDD.Tests.CheckMateEscapeManagerTests.IfFriendlyPieceCanInterceptThreateningPieceThenReturnTrue(2,3,5,6,4,5)" methodname="IfFriendlyPieceCanInterceptThreateningPieceThenReturnTrue" classname="ChessWithTDD.Tests.CheckMateEscapeManagerTests" runstate="Runnable" seed="498373564" result="Passed" start-time="2017-07-19 22:26:33Z" end-time="2017-07-19 22:26:33Z" duration="0.004566" asserts="1" />
            <test-case id="0-1071" name="IfFriendlyPieceCanInterceptThreateningPieceThenReturnTrue(5,5,2,2,3,3)" fullname="ChessWithTDD.Tests.CheckMateEscapeManagerTests.IfFriendlyPieceCanInterceptThreateningPieceThenReturnTrue(5,5,2,2,3,3)" methodname="IfFriendlyPieceCanInterceptThreateningPieceThenReturnTrue" classname="ChessWithTDD.Tests.CheckMateEscapeManagerTests" runstate="Runnable" seed="543416829" result="Passed" start-time="2017-07-19 22:26:33Z" end-time="2017-07-19 22:26:33Z" duration="0.003777" asserts="1" />
            <test-case id="0-1072" name="IfFriendlyPieceCanInterceptThreateningPieceThenReturnTrue(5,2,2,5,3,4)" fullname="ChessWithTDD.Tests.CheckMateEscapeManagerTests.IfFriendlyPieceCanInterceptThreateningPieceThenReturnTrue(5,2,2,5,3,4)" methodname="IfFriendlyPieceCanInterceptThreateningPieceThenReturnTrue" classname="ChessWithTDD.Tests.CheckMateEscapeManagerTests" runstate="Runnable" seed="916823572" result="Passed" start-time="2017-07-19 22:26:33Z" end-time="2017-07-19 22:26:33Z" duration="0.003618" asserts="1" />
          </test-suite>
          <test-suite type="ParameterizedMethod" id="0-1082" name="IfNoFriendlyPieceCanInterceptThreateningPieceThenReturnFalse" fullname="ChessWithTDD.Tests.CheckMateEscapeManagerTests.IfNoFriendlyPieceCanInterceptThreateningPieceThenReturnFalse" classname="ChessWithTDD.Tests.CheckMateEscapeManagerTests" runstate="Runnable" testcasecount="8" result="Passed" start-time="2017-07-19 22:26:33Z" end-time="2017-07-19 22:26:33Z" duration="0.049008" total="8" passed="8" failed="0" warnings="0" inconclusive="0" skipped="0" asserts="8">
            <test-case id="0-1074" name="IfNoFriendlyPieceCanInterceptThreateningPieceThenReturnFalse(3,2,3,7,3,5)" fullname="ChessWithTDD.Tests.CheckMateEscapeManagerTests.IfNoFriendlyPieceCanInterceptThreateningPieceThenReturnFalse(3,2,3,7,3,5)" methodname="IfNoFriendlyPieceCanInterceptThreateningPieceThenReturnFalse" classname="ChessWithTDD.Tests.CheckMateEscapeManagerTests" runstate="Runnable" seed="173145911" result="Passed" start-time="2017-07-19 22:26:33Z" end-time="2017-07-19 22:26:33Z" duration="0.003252" asserts="1" />
            <test-case id="0-1075" name="IfNoFriendlyPieceCanInterceptThreateningPieceThenReturnFalse(3,6,3,0,3,2)" fullname="ChessWithTDD.Tests.CheckMateEscapeManagerTests.IfNoFriendlyPieceCanInterceptThreateningPieceThenReturnFalse(3,6,3,0,3,2)" methodname="IfNoFriendlyPieceCanInterceptThreateningPieceThenReturnFalse" classname="ChessWithTDD.Tests.CheckMateEscapeManagerTests" runstate="Runnable" seed="1124909263" result="Passed" start-time="2017-07-19 22:26:33Z" end-time="2017-07-19 22:26:33Z" duration="0.002316" asserts="1" />
            <test-case id="0-1076" name="IfNoFriendlyPieceCanInterceptThreateningPieceThenReturnFalse(2,2,6,2,4,2)" fullname="ChessWithTDD.Tests.CheckMateEscapeManagerTests.IfNoFriendlyPieceCanInterceptThreateningPieceThenReturnFalse(2,2,6,2,4,2)" methodname="IfNoFriendlyPieceCanInterceptThreateningPieceThenReturnFalse" classname="ChessWithTDD.Tests.CheckMateEscapeManagerTests" runstate="Runnable" seed="1294733388" result="Passed" start-time="2017-07-19 22:26:33Z" end-time="2017-07-19 22:26:33Z" duration="0.002122" asserts="1" />
            <test-case id="0-1077" name="IfNoFriendlyPieceCanInterceptThreateningPieceThenReturnFalse(5,2,2,2,3,2)" fullname="ChessWithTDD.Tests.CheckMateEscapeManagerTests.IfNoFriendlyPieceCanInterceptThreateningPieceThenReturnFalse(5,2,2,2,3,2)" methodname="IfNoFriendlyPieceCanInterceptThreateningPieceThenReturnFalse" classname="ChessWithTDD.Tests.CheckMateEscapeManagerTests" runstate="Runnable" seed="2007468152" result="Passed" start-time="2017-07-19 22:26:33Z" end-time="2017-07-19 22:26:33Z" duration="0.002217" asserts="1" />
            <test-case id="0-1078" name="IfNoFriendlyPieceCanInterceptThreateningPieceThenReturnFalse(2,5,5,2,4,3)" fullname="ChessWithTDD.Tests.CheckMateEscapeManagerTests.IfNoFriendlyPieceCanInterceptThreateningPieceThenReturnFalse(2,5,5,2,4,3)" methodname="IfNoFriendlyPieceCanInterceptThreateningPieceThenReturnFalse" classname="ChessWithTDD.Tests.CheckMateEscapeManagerTests" runstate="Runnable" seed="1212953058" result="Passed" start-time="2017-07-19 22:26:33Z" end-time="2017-07-19 22:26:33Z" duration="0.002041" asserts="1" />
            <test-case id="0-1079" name="IfNoFriendlyPieceCanInterceptThreateningPieceThenReturnFalse(2,3,5,6,4,5)" fullname="ChessWithTDD.Tests.CheckMateEscapeManagerTests.IfNoFriendlyPieceCanInterceptThreateningPieceThenReturnFalse(2,3,5,6,4,5)" methodname="IfNoFriendlyPieceCanInterceptThreateningPieceThenReturnFalse" classname="ChessWithTDD.Tests.CheckMateEscapeManagerTests" runstate="Runnable" seed="1326457662" result="Passed" start-time="2017-07-19 22:26:33Z" end-time="2017-07-19 22:26:33Z" duration="0.002114" asserts="1" />
            <test-case id="0-1080" name="IfNoFriendlyPieceCanInterceptThreateningPieceThenReturnFalse(5,5,2,2,3,3)" fullname="ChessWithTDD.Tests.CheckMateEscapeManagerTests.IfNoFriendlyPieceCanInterceptThreateningPieceThenReturnFalse(5,5,2,2,3,3)" methodname="IfNoFriendlyPieceCanInterceptThreateningPieceThenReturnFalse" classname="ChessWithTDD.Tests.CheckMateEscapeManagerTests" runstate="Runnable" seed="1399403702" result="Passed" start-time="2017-07-19 22:26:33Z" end-time="2017-07-19 22:26:33Z" duration="0.002113" asserts="1" />
            <test-case id="0-1081" name="IfNoFriendlyPieceCanInterceptThreateningPieceThenReturnFalse(5,2,2,5,3,4)" fullname="ChessWithTDD.Tests.CheckMateEscapeManagerTests.IfNoFriendlyPieceCanInterceptThreateningPieceThenReturnFalse(5,2,2,5,3,4)" methodname="IfNoFriendlyPieceCanInterceptThreateningPieceThenReturnFalse" classname="ChessWithTDD.Tests.CheckMateEscapeManagerTests" runstate="Runnable" seed="2010868206" result="Passed" start-time="2017-07-19 22:26:33Z" end-time="2017-07-19 22:26:33Z" duration="0.002226" asserts="1" />
          </test-suite>
          <test-case id="0-1049" name="IfNoFriendlySquareCanTakeTheThreateningPieceReturnFalse" fullname="ChessWithTDD.Tests.CheckMateEscapeManagerTests.IfNoFriendlySquareCanTakeTheThreateningPieceReturnFalse" methodname="IfNoFriendlySquareCanTakeTheThreateningPieceReturnFalse" classname="ChessWithTDD.Tests.CheckMateEscapeManagerTests" runstate="Runnable" seed="207388062" result="Passed" start-time="2017-07-19 22:26:33Z" end-time="2017-07-19 22:26:33Z" duration="0.001996" asserts="1" />
          <test-case id="0-1047" name="IfNoMoveIsValidForKingThenReturnFalse" fullname="ChessWithTDD.Tests.CheckMateEscapeManagerTests.IfNoMoveIsValidForKingThenReturnFalse" methodname="IfNoMoveIsValidForKingThenReturnFalse" classname="ChessWithTDD.Tests.CheckMateEscapeManagerTests" runstate="Runnable" seed="30880090" result="Passed" start-time="2017-07-19 22:26:33Z" end-time="2017-07-19 22:26:33Z" duration="0.002423" asserts="1" />
          <test-suite type="ParameterizedMethod" id="0-1046" name="IfThereIsAValidMoveForKingThenReturnTrue" fullname="ChessWithTDD.Tests.CheckMateEscapeManagerTests.IfThereIsAValidMoveForKingThenReturnTrue" classname="ChessWithTDD.Tests.CheckMateEscapeManagerTests" runstate="Runnable" testcasecount="8" result="Passed" start-time="2017-07-19 22:26:33Z" end-time="2017-07-19 22:26:33Z" duration="0.041053" total="8" passed="8" failed="0" warnings="0" inconclusive="0" skipped="0" asserts="8">
            <test-case id="0-1038" name="IfThereIsAValidMoveForKingThenReturnTrue(3,3,3,4)" fullname="ChessWithTDD.Tests.CheckMateEscapeManagerTests.IfThereIsAValidMoveForKingThenReturnTrue(3,3,3,4)" methodname="IfThereIsAValidMoveForKingThenReturnTrue" classname="ChessWithTDD.Tests.CheckMateEscapeManagerTests" runstate="Runnable" seed="1179097100" result="Passed" start-time="2017-07-19 22:26:33Z" end-time="2017-07-19 22:26:33Z" duration="0.002386" asserts="1" />
            <test-case id="0-1039" name="IfThereIsAValidMoveForKingThenReturnTrue(3,3,3,2)" fullname="ChessWithTDD.Tests.CheckMateEscapeManagerTests.IfThereIsAValidMoveForKingThenReturnTrue(3,3,3,2)" methodname="IfThereIsAValidMoveForKingThenReturnTrue" classname="ChessWithTDD.Tests.CheckMateEscapeManagerTests" runstate="Runnable" seed="1284321358" result="Passed" start-time="2017-07-19 22:26:33Z" end-time="2017-07-19 22:26:33Z" duration="0.001251" asserts="1" />
            <test-case id="0-1040" name="IfThereIsAValidMoveForKingThenReturnTrue(3,3,4,3)" fullname="ChessWithTDD.Tests.CheckMateEscapeManagerTests.IfThereIsAValidMoveForKingThenReturnTrue(3,3,4,3)" methodname="IfThereIsAValidMoveForKingThenReturnTrue" classname="ChessWithTDD.Tests.CheckMateEscapeManagerTests" runstate="Runnable" seed="547950566" result="Passed" start-time="2017-07-19 22:26:33Z" end-time="2017-07-19 22:26:33Z" duration="0.001794" asserts="1" />
            <test-case id="0-1041" name="IfThereIsAValidMoveForKingThenReturnTrue(3,3,2,3)" fullname="ChessWithTDD.Tests.CheckMateEscapeManagerTests.IfThereIsAValidMoveForKingThenReturnTrue(3,3,2,3)" methodname="IfThereIsAValidMoveForKingThenReturnTrue" classname="ChessWithTDD.Tests.CheckMateEscapeManagerTests" runstate="Runnable" seed="139491140" result="Passed" start-time="2017-07-19 22:26:33Z" end-time="2017-07-19 22:26:33Z" duration="0.001389" asserts="1" />
            <test-case id="0-1042" name="IfThereIsAValidMoveForKingThenReturnTrue(3,3,4,4)" fullname="ChessWithTDD.Tests.CheckMateEscapeManagerTests.IfThereIsAValidMoveForKingThenReturnTrue(3,3,4,4)" methodname="IfThereIsAValidMoveForKingThenReturnTrue" classname="ChessWithTDD.Tests.CheckMateEscapeManagerTests" runstate="Runnable" seed="2044871977" result="Passed" start-time="2017-07-19 22:26:33Z" end-time="2017-07-19 22:26:33Z" duration="0.001702" asserts="1" />
            <test-case id="0-1043" name="IfThereIsAValidMoveForKingThenReturnTrue(3,3,2,2)" fullname="ChessWithTDD.Tests.CheckMateEscapeManagerTests.IfThereIsAValidMoveForKingThenReturnTrue(3,3,2,2)" methodname="IfThereIsAValidMoveForKingThenReturnTrue" classname="ChessWithTDD.Tests.CheckMateEscapeManagerTests" runstate="Runnable" seed="2069589938" result="Passed" start-time="2017-07-19 22:26:33Z" end-time="2017-07-19 22:26:33Z" duration="0.001557" asserts="1" />
            <test-case id="0-1044" name="IfThereIsAValidMoveForKingThenReturnTrue(3,3,4,2)" fullname="ChessWithTDD.Tests.CheckMateEscapeManagerTests.IfThereIsAValidMoveForKingThenReturnTrue(3,3,4,2)" methodname="IfThereIsAValidMoveForKingThenReturnTrue" classname="ChessWithTDD.Tests.CheckMateEscapeManagerTests" runstate="Runnable" seed="2130991426" result="Passed" start-time="2017-07-19 22:26:33Z" end-time="2017-07-19 22:26:33Z" duration="0.001575" asserts="1" />
            <test-case id="0-1045" name="IfThereIsAValidMoveForKingThenReturnTrue(3,3,2,4)" fullname="ChessWithTDD.Tests.CheckMateEscapeManagerTests.IfThereIsAValidMoveForKingThenReturnTrue(3,3,2,4)" methodname="IfThereIsAValidMoveForKingThenReturnTrue" classname="ChessWithTDD.Tests.CheckMateEscapeManagerTests" runstate="Runnable" seed="5482631" result="Passed" start-time="2017-07-19 22:26:33Z" end-time="2017-07-19 22:26:33Z" duration="0.001667" asserts="1" />
          </test-suite>
          <test-suite type="ParameterizedMethod" id="0-1052" name="IfTheThreateningPieceIsAKnightButNotAdjacentItIsUnblockable" fullname="ChessWithTDD.Tests.CheckMateEscapeManagerTests.IfTheThreateningPieceIsAKnightButNotAdjacentItIsUnblockable" classname="ChessWithTDD.Tests.CheckMateEscapeManagerTests" runstate="Runnable" testcasecount="2" result="Passed" start-time="2017-07-19 22:26:33Z" end-time="2017-07-19 22:26:33Z" duration="0.021007" total="2" passed="2" failed="0" warnings="0" inconclusive="0" skipped="0" asserts="2">
            <test-case id="0-1050" name="IfTheThreateningPieceIsAKnightButNotAdjacentItIsUnblockable(3,3,5,5)" fullname="ChessWithTDD.Tests.CheckMateEscapeManagerTests.IfTheThreateningPieceIsAKnightButNotAdjacentItIsUnblockable(3,3,5,5)" methodname="IfTheThreateningPieceIsAKnightButNotAdjacentItIsUnblockable" classname="ChessWithTDD.Tests.CheckMateEscapeManagerTests" runstate="Runnable" seed="402735438" result="Passed" start-time="2017-07-19 22:26:33Z" end-time="2017-07-19 22:26:33Z" duration="0.013777" asserts="1" />
            <test-case id="0-1051" name="IfTheThreateningPieceIsAKnightButNotAdjacentItIsUnblockable(4,4,2,3)" fullname="ChessWithTDD.Tests.CheckMateEscapeManagerTests.IfTheThreateningPieceIsAKnightButNotAdjacentItIsUnblockable(4,4,2,3)" methodname="IfTheThreateningPieceIsAKnightButNotAdjacentItIsUnblockable" classname="ChessWithTDD.Tests.CheckMateEscapeManagerTests" runstate="Runnable" seed="1351686683" result="Passed" start-time="2017-07-19 22:26:33Z" end-time="2017-07-19 22:26:33Z" duration="0.000937" asserts="1" />
          </test-suite>
          <test-suite type="ParameterizedMethod" id="0-1064" name="IfTheThreateningPieceNotAKnightAndNotAdjacentItIsNotUnblockable" fullname="ChessWithTDD.Tests.CheckMateEscapeManagerTests.IfTheThreateningPieceNotAKnightAndNotAdjacentItIsNotUnblockable" classname="ChessWithTDD.Tests.CheckMateEscapeManagerTests" runstate="Runnable" testcasecount="2" result="Passed" start-time="2017-07-19 22:26:33Z" end-time="2017-07-19 22:26:33Z" duration="0.011012" total="2" passed="2" failed="0" warnings="0" inconclusive="0" skipped="0" asserts="2">
            <test-case id="0-1062" name="IfTheThreateningPieceNotAKnightAndNotAdjacentItIsNotUnblockable(3,3,5,5)" fullname="ChessWithTDD.Tests.CheckMateEscapeManagerTests.IfTheThreateningPieceNotAKnightAndNotAdjacentItIsNotUnblockable(3,3,5,5)" methodname="IfTheThreateningPieceNotAKnightAndNotAdjacentItIsNotUnblockable" classname="ChessWithTDD.Tests.CheckMateEscapeManagerTests" runstate="Runnable" seed="295957811" result="Passed" start-time="2017-07-19 22:26:33Z" end-time="2017-07-19 22:26:33Z" duration="0.002138" asserts="1" />
            <test-case id="0-1063" name="IfTheThreateningPieceNotAKnightAndNotAdjacentItIsNotUnblockable(4,4,2,3)" fullname="ChessWithTDD.Tests.CheckMateEscapeManagerTests.IfTheThreateningPieceNotAKnightAndNotAdjacentItIsNotUnblockable(4,4,2,3)" methodname="IfTheThreateningPieceNotAKnightAndNotAdjacentItIsNotUnblockable" classname="ChessWithTDD.Tests.CheckMateEscapeManagerTests" runstate="Runnable" seed="92831378" result="Passed" start-time="2017-07-19 22:26:33Z" end-time="2017-07-19 22:26:33Z" duration="0.001074" asserts="1" />
          </test-suite>
          <test-suite type="ParameterizedMethod" id="0-1061" name="IfTheThreateningPieceNotAKnightButIsAdjacentItIsUnblockable" fullname="ChessWithTDD.Tests.CheckMateEscapeManagerTests.IfTheThreateningPieceNotAKnightButIsAdjacentItIsUnblockable" classname="ChessWithTDD.Tests.CheckMateEscapeManagerTests" runstate="Runnable" testcasecount="8" result="Passed" start-time="2017-07-19 22:26:33Z" end-time="2017-07-19 22:26:33Z" duration="0.040055" total="8" passed="8" failed="0" warnings="0" inconclusive="0" skipped="0" asserts="8">
            <test-case id="0-1053" name="IfTheThreateningPieceNotAKnightButIsAdjacentItIsUnblockable(3,3,3,4)" fullname="ChessWithTDD.Tests.CheckMateEscapeManagerTests.IfTheThreateningPieceNotAKnightButIsAdjacentItIsUnblockable(3,3,3,4)" methodname="IfTheThreateningPieceNotAKnightButIsAdjacentItIsUnblockable" classname="ChessWithTDD.Tests.CheckMateEscapeManagerTests" runstate="Runnable" seed="1366471824" result="Passed" start-time="2017-07-19 22:26:33Z" end-time="2017-07-19 22:26:33Z" duration="0.001309" asserts="1" />
            <test-case id="0-1054" name="IfTheThreateningPieceNotAKnightButIsAdjacentItIsUnblockable(3,3,4,3)" fullname="ChessWithTDD.Tests.CheckMateEscapeManagerTests.IfTheThreateningPieceNotAKnightButIsAdjacentItIsUnblockable(3,3,4,3)" methodname="IfTheThreateningPieceNotAKnightButIsAdjacentItIsUnblockable" classname="ChessWithTDD.Tests.CheckMateEscapeManagerTests" runstate="Runnable" seed="455617328" result="Passed" start-time="2017-07-19 22:26:33Z" end-time="2017-07-19 22:26:33Z" duration="0.001049" asserts="1" />
            <test-case id="0-1055" name="IfTheThreateningPieceNotAKnightButIsAdjacentItIsUnblockable(3,3,3,2)" fullname="ChessWithTDD.Tests.CheckMateEscapeManagerTests.IfTheThreateningPieceNotAKnightButIsAdjacentItIsUnblockable(3,3,3,2)" methodname="IfTheThreateningPieceNotAKnightButIsAdjacentItIsUnblockable" classname="ChessWithTDD.Tests.CheckMateEscapeManagerTests" runstate="Runnable" seed="637321816" result="Passed" start-time="2017-07-19 22:26:33Z" end-time="2017-07-19 22:26:33Z" duration="0.001009" asserts="1" />
            <test-case id="0-1056" name="IfTheThreateningPieceNotAKnightButIsAdjacentItIsUnblockable(3,3,2,3)" fullname="ChessWithTDD.Tests.CheckMateEscapeManagerTests.IfTheThreateningPieceNotAKnightButIsAdjacentItIsUnblockable(3,3,2,3)" methodname="IfTheThreateningPieceNotAKnightButIsAdjacentItIsUnblockable" classname="ChessWithTDD.Tests.CheckMateEscapeManagerTests" runstate="Runnable" seed="1825597368" result="Passed" start-time="2017-07-19 22:26:33Z" end-time="2017-07-19 22:26:33Z" duration="0.001045" asserts="1" />
            <test-case id="0-1057" name="IfTheThreateningPieceNotAKnightButIsAdjacentItIsUnblockable(3,3,4,4)" fullname="ChessWithTDD.Tests.CheckMateEscapeManagerTests.IfTheThreateningPieceNotAKnightButIsAdjacentItIsUnblockable(3,3,4,4)" methodname="IfTheThreateningPieceNotAKnightButIsAdjacentItIsUnblockable" classname="ChessWithTDD.Tests.CheckMateEscapeManagerTests" runstate="Runnable" seed="1854688304" result="Passed" start-time="2017-07-19 22:26:33Z" end-time="2017-07-19 22:26:33Z" duration="0.001233" asserts="1" />
            <test-case id="0-1058" name="IfTheThreateningPieceNotAKnightButIsAdjacentItIsUnblockable(3,3,2,2)" fullname="ChessWithTDD.Tests.CheckMateEscapeManagerTests.IfTheThreateningPieceNotAKnightButIsAdjacentItIsUnblockable(3,3,2,2)" methodname="IfTheThreateningPieceNotAKnightButIsAdjacentItIsUnblockable" classname="ChessWithTDD.Tests.CheckMateEscapeManagerTests" runstate="Runnable" seed="1158146451" result="Passed" start-time="2017-07-19 22:26:33Z" end-time="2017-07-19 22:26:33Z" duration="0.001117" asserts="1" />
            <test-case id="0-1059" name="IfTheThreateningPieceNotAKnightButIsAdjacentItIsUnblockable(3,3,4,2)" fullname="ChessWithTDD.Tests.CheckMateEscapeManagerTests.IfTheThreateningPieceNotAKnightButIsAdjacentItIsUnblockable(3,3,4,2)" methodname="IfTheThreateningPieceNotAKnightButIsAdjacentItIsUnblockable" classname="ChessWithTDD.Tests.CheckMateEscapeManagerTests" runstate="Runnable" seed="1031611383" result="Passed" start-time="2017-07-19 22:26:33Z" end-time="2017-07-19 22:26:33Z" duration="0.001000" asserts="1" />
            <test-case id="0-1060" name="IfTheThreateningPieceNotAKnightButIsAdjacentItIsUnblockable(3,3,2,4)" fullname="ChessWithTDD.Tests.CheckMateEscapeManagerTests.IfTheThreateningPieceNotAKnightButIsAdjacentItIsUnblockable(3,3,2,4)" methodname="IfTheThreateningPieceNotAKnightButIsAdjacentItIsUnblockable" classname="ChessWithTDD.Tests.CheckMateEscapeManagerTests" runstate="Runnable" seed="1225933385" result="Passed" start-time="2017-07-19 22:26:33Z" end-time="2017-07-19 22:26:33Z" duration="0.001167" asserts="1" />
          </test-suite>
        </test-suite>
        <test-suite type="TestFixture" id="0-1083" name="CheckMateManagerTests" fullname="ChessWithTDD.Tests.CheckMateManagerTests" classname="ChessWithTDD.Tests.CheckMateManagerTests" runstate="Runnable" testcasecount="7" result="Passed" start-time="2017-07-19 22:26:33Z" end-time="2017-07-19 22:26:33Z" duration="0.066992" total="7" passed="7" failed="0" warnings="0" inconclusive="0" skipped="0" asserts="10">
          <test-case id="0-1084" name="IfBoardNotInCheckThenNoCheckMate" fullname="ChessWithTDD.Tests.CheckMateManagerTests.IfBoardNotInCheckThenNoCheckMate" methodname="IfBoardNotInCheckThenNoCheckMate" classname="ChessWithTDD.Tests.CheckMateManagerTests" runstate="Runnable" seed="1454531382" result="Passed" start-time="2017-07-19 22:26:33Z" end-time="2017-07-19 22:26:33Z" duration="0.014679" asserts="1" />
          <test-case id="0-1089" name="IfWhiteKingAndBoardInCheckAndAllEscapeManagerMethodsReturnFalseThenCheckMate" fullname="ChessWithTDD.Tests.CheckMateManagerTests.IfWhiteKingAndBoardInCheckAndAllEscapeManagerMethodsReturnFalseThenCheckMate" methodname="IfWhiteKingAndBoardInCheckAndAllEscapeManagerMethodsReturnFalseThenCheckMate" classname="ChessWithTDD.Tests.CheckMateManagerTests" runstate="Runnable" seed="1547704602" result="Passed" start-time="2017-07-19 22:26:33Z" end-time="2017-07-19 22:26:33Z" duration="0.005879" asserts="1" />
          <test-case id="0-1088" name="IfWhiteKingAndBoardInCheckAndAttackingMoveCanBeBlockedThenNoCheckMate" fullname="ChessWithTDD.Tests.CheckMateManagerTests.IfWhiteKingAndBoardInCheckAndAttackingMoveCanBeBlockedThenNoCheckMate" methodname="IfWhiteKingAndBoardInCheckAndAttackingMoveCanBeBlockedThenNoCheckMate" classname="ChessWithTDD.Tests.CheckMateManagerTests" runstate="Runnable" seed="1219123449" result="Passed" start-time="2017-07-19 22:26:33Z" end-time="2017-07-19 22:26:33Z" duration="0.005779" asserts="1" />
          <test-case id="0-1085" name="IfWhiteKingAndBoardInCheckAndKingCanEscapeThenNoCheckMate" fullname="ChessWithTDD.Tests.CheckMateManagerTests.IfWhiteKingAndBoardInCheckAndKingCanEscapeThenNoCheckMate" methodname="IfWhiteKingAndBoardInCheckAndKingCanEscapeThenNoCheckMate" classname="ChessWithTDD.Tests.CheckMateManagerTests" runstate="Runnable" seed="1237458599" result="Passed" start-time="2017-07-19 22:26:33Z" end-time="2017-07-19 22:26:33Z" duration="0.002853" asserts="1" />
          <test-case id="0-1086" name="IfWhiteKingAndBoardInCheckAndThreateningPieceCanBeTakenThenNoCheckMate" fullname="ChessWithTDD.Tests.CheckMateManagerTests.IfWhiteKingAndBoardInCheckAndThreateningPieceCanBeTakenThenNoCheckMate" methodname="IfWhiteKingAndBoardInCheckAndThreateningPieceCanBeTakenThenNoCheckMate" classname="ChessWithTDD.Tests.CheckMateManagerTests" runstate="Runnable" seed="781323031" result="Passed" start-time="2017-07-19 22:26:33Z" end-time="2017-07-19 22:26:33Z" duration="0.003267" asserts="1" />
          <test-case id="0-1087" name="IfWhiteKingAndBoardInCheckAndThreateningPieceIsUnblockableThenCheckMate" fullname="ChessWithTDD.Tests.CheckMateManagerTests.IfWhiteKingAndBoardInCheckAndThreateningPieceIsUnblockableThenCheckMate" methodname="IfWhiteKingAndBoardInCheckAndThreateningPieceIsUnblockableThenCheckMate" classname="ChessWithTDD.Tests.CheckMateManagerTests" runstate="Runnable" seed="915779793" result="Passed" start-time="2017-07-19 22:26:33Z" end-time="2017-07-19 22:26:33Z" duration="0.002849" asserts="1" />
          <test-case id="0-1090" name="TestOrderingOfCheckMateManagerCallsForBlackKing" fullname="ChessWithTDD.Tests.CheckMateManagerTests.TestOrderingOfCheckMateManagerCallsForBlackKing" methodname="TestOrderingOfCheckMateManagerCallsForBlackKing" classname="ChessWithTDD.Tests.CheckMateManagerTests" runstate="Runnable" seed="1000930081" result="Passed" start-time="2017-07-19 22:26:33Z" end-time="2017-07-19 22:26:33Z" duration="0.008639" asserts="4" />
        </test-suite>
        <test-suite type="TestFixture" id="0-1170" name="EnPassantManagerTests" fullname="ChessWithTDD.Tests.EnPassantManagerTests" classname="ChessWithTDD.Tests.EnPassantManagerTests" runstate="Runnable" testcasecount="26" result="Passed" start-time="2017-07-19 22:26:33Z" end-time="2017-07-19 22:26:34Z" duration="0.236900" total="26" passed="26" failed="0" warnings="0" inconclusive="0" skipped="0" asserts="4">
          <test-suite type="ParameterizedMethod" id="0-1182" name="DoNotMarkPassedSquareWithEnPassantMarkIfMovingOneSquareDown" fullname="ChessWithTDD.Tests.EnPassantManagerTests.DoNotMarkPassedSquareWithEnPassantMarkIfMovingOneSquareDown" classname="ChessWithTDD.Tests.EnPassantManagerTests" runstate="Runnable" testcasecount="2" result="Passed" start-time="2017-07-19 22:26:33Z" end-time="2017-07-19 22:26:33Z" duration="0.025883" total="2" passed="2" failed="0" warnings="0" inconclusive="0" skipped="0" asserts="0">
            <test-case id="0-1180" name="DoNotMarkPassedSquareWithEnPassantMarkIfMovingOneSquareDown(6,4,5,4)" fullname="ChessWithTDD.Tests.EnPassantManagerTests.DoNotMarkPassedSquareWithEnPassantMarkIfMovingOneSquareDown(6,4,5,4)" methodname="DoNotMarkPassedSquareWithEnPassantMarkIfMovingOneSquareDown" classname="ChessWithTDD.Tests.EnPassantManagerTests" runstate="Runnable" seed="123655393" result="Passed" start-time="2017-07-19 22:26:33Z" end-time="2017-07-19 22:26:33Z" duration="0.017735" asserts="0" />
            <test-case id="0-1181" name="DoNotMarkPassedSquareWithEnPassantMarkIfMovingOneSquareDown(5,3,4,3)" fullname="ChessWithTDD.Tests.EnPassantManagerTests.DoNotMarkPassedSquareWithEnPassantMarkIfMovingOneSquareDown(5,3,4,3)" methodname="DoNotMarkPassedSquareWithEnPassantMarkIfMovingOneSquareDown" classname="ChessWithTDD.Tests.EnPassantManagerTests" runstate="Runnable" seed="804042893" result="Passed" start-time="2017-07-19 22:26:33Z" end-time="2017-07-19 22:26:33Z" duration="0.001283" asserts="0" />
          </test-suite>
          <test-suite type="ParameterizedMethod" id="0-1179" name="DoNotMarkPassedSquareWithEnPassantMarkIfMovingOneSquareUp" fullname="ChessWithTDD.Tests.EnPassantManagerTests.DoNotMarkPassedSquareWithEnPassantMarkIfMovingOneSquareUp" classname="ChessWithTDD.Tests.EnPassantManagerTests" runstate="Runnable" testcasecount="2" result="Passed" start-time="2017-07-19 22:26:33Z" end-time="2017-07-19 22:26:33Z" duration="0.011043" total="2" passed="2" failed="0" warnings="0" inconclusive="0" skipped="0" asserts="0">
            <test-case id="0-1177" name="DoNotMarkPassedSquareWithEnPassantMarkIfMovingOneSquareUp(2,4,3,4)" fullname="ChessWithTDD.Tests.EnPassantManagerTests.DoNotMarkPassedSquareWithEnPassantMarkIfMovingOneSquareUp(2,4,3,4)" methodname="DoNotMarkPassedSquareWithEnPassantMarkIfMovingOneSquareUp" classname="ChessWithTDD.Tests.EnPassantManagerTests" runstate="Runnable" seed="108565558" result="Passed" start-time="2017-07-19 22:26:33Z" end-time="2017-07-19 22:26:33Z" duration="0.002104" asserts="0" />
            <test-case id="0-1178" name="DoNotMarkPassedSquareWithEnPassantMarkIfMovingOneSquareUp(1,3,2,3)" fullname="ChessWithTDD.Tests.EnPassantManagerTests.DoNotMarkPassedSquareWithEnPassantMarkIfMovingOneSquareUp(1,3,2,3)" methodname="DoNotMarkPassedSquareWithEnPassantMarkIfMovingOneSquareUp" classname="ChessWithTDD.Tests.EnPassantManagerTests" runstate="Runnable" seed="2067333268" result="Passed" start-time="2017-07-19 22:26:33Z" end-time="2017-07-19 22:26:33Z" duration="0.001216" asserts="0" />
          </test-suite>
          <test-suite type="ParameterizedMethod" id="0-1188" name="IfBoardIsMarkedTwoTurnsAgoTheMarkIsRemovedForPawnMovingDown" fullname="ChessWithTDD.Tests.EnPassantManagerTests.IfBoardIsMarkedTwoTurnsAgoTheMarkIsRemovedForPawnMovingDown" classname="ChessWithTDD.Tests.EnPassantManagerTests" runstate="Runnable" testcasecount="2" result="Passed" start-time="2017-07-19 22:26:33Z" end-time="2017-07-19 22:26:33Z" duration="0.015017" total="2" passed="2" failed="0" warnings="0" inconclusive="0" skipped="0" asserts="0">
            <test-case id="0-1186" name="IfBoardIsMarkedTwoTurnsAgoTheMarkIsRemovedForPawnMovingDown(6,4,4,4,2)" fullname="ChessWithTDD.Tests.EnPassantManagerTests.IfBoardIsMarkedTwoTurnsAgoTheMarkIsRemovedForPawnMovingDown(6,4,4,4,2)" methodname="IfBoardIsMarkedTwoTurnsAgoTheMarkIsRemovedForPawnMovingDown" classname="ChessWithTDD.Tests.EnPassantManagerTests" runstate="Runnable" seed="1635304963" result="Passed" start-time="2017-07-19 22:26:33Z" end-time="2017-07-19 22:26:33Z" duration="0.006423" asserts="0" />
            <test-case id="0-1187" name="IfBoardIsMarkedTwoTurnsAgoTheMarkIsRemovedForPawnMovingDown(5,3,3,3,5)" fullname="ChessWithTDD.Tests.EnPassantManagerTests.IfBoardIsMarkedTwoTurnsAgoTheMarkIsRemovedForPawnMovingDown(5,3,3,3,5)" methodname="IfBoardIsMarkedTwoTurnsAgoTheMarkIsRemovedForPawnMovingDown" classname="ChessWithTDD.Tests.EnPassantManagerTests" runstate="Runnable" seed="1729833078" result="Passed" start-time="2017-07-19 22:26:33Z" end-time="2017-07-19 22:26:33Z" duration="0.001368" asserts="0" />
          </test-suite>
          <test-suite type="ParameterizedMethod" id="0-1185" name="IfBoardIsMarkedTwoTurnsAgoTheMarkIsRemovedForPawnMovingUp" fullname="ChessWithTDD.Tests.EnPassantManagerTests.IfBoardIsMarkedTwoTurnsAgoTheMarkIsRemovedForPawnMovingUp" classname="ChessWithTDD.Tests.EnPassantManagerTests" runstate="Runnable" testcasecount="2" result="Passed" start-time="2017-07-19 22:26:33Z" end-time="2017-07-19 22:26:33Z" duration="0.011012" total="2" passed="2" failed="0" warnings="0" inconclusive="0" skipped="0" asserts="0">
            <test-case id="0-1183" name="IfBoardIsMarkedTwoTurnsAgoTheMarkIsRemovedForPawnMovingUp(2,4,4,4,2)" fullname="ChessWithTDD.Tests.EnPassantManagerTests.IfBoardIsMarkedTwoTurnsAgoTheMarkIsRemovedForPawnMovingUp(2,4,4,4,2)" methodname="IfBoardIsMarkedTwoTurnsAgoTheMarkIsRemovedForPawnMovingUp" classname="ChessWithTDD.Tests.EnPassantManagerTests" runstate="Runnable" seed="1001690163" result="Passed" start-time="2017-07-19 22:26:33Z" end-time="2017-07-19 22:26:33Z" duration="0.002593" asserts="0" />
            <test-case id="0-1184" name="IfBoardIsMarkedTwoTurnsAgoTheMarkIsRemovedForPawnMovingUp(1,3,3,3,5)" fullname="ChessWithTDD.Tests.EnPassantManagerTests.IfBoardIsMarkedTwoTurnsAgoTheMarkIsRemovedForPawnMovingUp(1,3,3,3,5)" methodname="IfBoardIsMarkedTwoTurnsAgoTheMarkIsRemovedForPawnMovingUp" classname="ChessWithTDD.Tests.EnPassantManagerTests" runstate="Runnable" seed="2142423404" result="Passed" start-time="2017-07-19 22:26:33Z" end-time="2017-07-19 22:26:33Z" duration="0.001500" asserts="0" />
          </test-suite>
          <test-suite type="ParameterizedMethod" id="0-1191" name="IfBoardMarkedOneTurnAgoTheMarkIsNotRemoved" fullname="ChessWithTDD.Tests.EnPassantManagerTests.IfBoardMarkedOneTurnAgoTheMarkIsNotRemoved" classname="ChessWithTDD.Tests.EnPassantManagerTests" runstate="Runnable" testcasecount="2" result="Passed" start-time="2017-07-19 22:26:33Z" end-time="2017-07-19 22:26:33Z" duration="0.011012" total="2" passed="2" failed="0" warnings="0" inconclusive="0" skipped="0" asserts="0">
            <test-case id="0-1189" name="IfBoardMarkedOneTurnAgoTheMarkIsNotRemoved(6,4,4,4,2)" fullname="ChessWithTDD.Tests.EnPassantManagerTests.IfBoardMarkedOneTurnAgoTheMarkIsNotRemoved(6,4,4,4,2)" methodname="IfBoardMarkedOneTurnAgoTheMarkIsNotRemoved" classname="ChessWithTDD.Tests.EnPassantManagerTests" runstate="Runnable" seed="1300348788" result="Passed" start-time="2017-07-19 22:26:33Z" end-time="2017-07-19 22:26:33Z" duration="0.002623" asserts="0" />
            <test-case id="0-1190" name="IfBoardMarkedOneTurnAgoTheMarkIsNotRemoved(5,3,3,3,5)" fullname="ChessWithTDD.Tests.EnPassantManagerTests.IfBoardMarkedOneTurnAgoTheMarkIsNotRemoved(5,3,3,3,5)" methodname="IfBoardMarkedOneTurnAgoTheMarkIsNotRemoved" classname="ChessWithTDD.Tests.EnPassantManagerTests" runstate="Runnable" seed="996773506" result="Passed" start-time="2017-07-19 22:26:33Z" end-time="2017-07-19 22:26:33Z" duration="0.001373" asserts="0" />
          </test-suite>
          <test-suite type="ParameterizedMethod" id="0-1209" name="IfToSquareDoesNotHaveEnPassantMarkAndTheMoveIsDiagonallyDownThenNothingHappens" fullname="ChessWithTDD.Tests.EnPassantManagerTests.IfToSquareDoesNotHaveEnPassantMarkAndTheMoveIsDiagonallyDownThenNothingHappens" classname="ChessWithTDD.Tests.EnPassantManagerTests" runstate="Runnable" testcasecount="2" result="Passed" start-time="2017-07-19 22:26:33Z" end-time="2017-07-19 22:26:33Z" duration="0.015011" total="2" passed="2" failed="0" warnings="0" inconclusive="0" skipped="0" asserts="0">
            <test-case id="0-1207" name="IfToSquareDoesNotHaveEnPassantMarkAndTheMoveIsDiagonallyDownThenNothingHappens(6,4,5,3)" fullname="ChessWithTDD.Tests.EnPassantManagerTests.IfToSquareDoesNotHaveEnPassantMarkAndTheMoveIsDiagonallyDownThenNothingHappens(6,4,5,3)" methodname="IfToSquareDoesNotHaveEnPassantMarkAndTheMoveIsDiagonallyDownThenNothingHappens" classname="ChessWithTDD.Tests.EnPassantManagerTests" runstate="Runnable" seed="295624169" result="Passed" start-time="2017-07-19 22:26:33Z" end-time="2017-07-19 22:26:33Z" duration="0.005328" asserts="0" />
            <test-case id="0-1208" name="IfToSquareDoesNotHaveEnPassantMarkAndTheMoveIsDiagonallyDownThenNothingHappens(5,3,4,4)" fullname="ChessWithTDD.Tests.EnPassantManagerTests.IfToSquareDoesNotHaveEnPassantMarkAndTheMoveIsDiagonallyDownThenNothingHappens(5,3,4,4)" methodname="IfToSquareDoesNotHaveEnPassantMarkAndTheMoveIsDiagonallyDownThenNothingHappens" classname="ChessWithTDD.Tests.EnPassantManagerTests" runstate="Runnable" seed="742962240" result="Passed" start-time="2017-07-19 22:26:33Z" end-time="2017-07-19 22:26:33Z" duration="0.002046" asserts="0" />
          </test-suite>
          <test-suite type="ParameterizedMethod" id="0-1200" name="IfToSquareDoesNotHaveEnPassantMarkAndTheMoveIsDiagonallyUpThenNothingHappens" fullname="ChessWithTDD.Tests.EnPassantManagerTests.IfToSquareDoesNotHaveEnPassantMarkAndTheMoveIsDiagonallyUpThenNothingHappens" classname="ChessWithTDD.Tests.EnPassantManagerTests" runstate="Runnable" testcasecount="2" result="Passed" start-time="2017-07-19 22:26:33Z" end-time="2017-07-19 22:26:33Z" duration="0.014048" total="2" passed="2" failed="0" warnings="0" inconclusive="0" skipped="0" asserts="0">
            <test-case id="0-1198" name="IfToSquareDoesNotHaveEnPassantMarkAndTheMoveIsDiagonallyUpThenNothingHappens(2,4,3,5)" fullname="ChessWithTDD.Tests.EnPassantManagerTests.IfToSquareDoesNotHaveEnPassantMarkAndTheMoveIsDiagonallyUpThenNothingHappens(2,4,3,5)" methodname="IfToSquareDoesNotHaveEnPassantMarkAndTheMoveIsDiagonallyUpThenNothingHappens" classname="ChessWithTDD.Tests.EnPassantManagerTests" runstate="Runnable" seed="629625909" result="Passed" start-time="2017-07-19 22:26:33Z" end-time="2017-07-19 22:26:33Z" duration="0.004049" asserts="0" />
            <test-case id="0-1199" name="IfToSquareDoesNotHaveEnPassantMarkAndTheMoveIsDiagonallyUpThenNothingHappens(1,3,2,2)" fullname="ChessWithTDD.Tests.EnPassantManagerTests.IfToSquareDoesNotHaveEnPassantMarkAndTheMoveIsDiagonallyUpThenNothingHappens(1,3,2,2)" methodname="IfToSquareDoesNotHaveEnPassantMarkAndTheMoveIsDiagonallyUpThenNothingHappens" classname="ChessWithTDD.Tests.EnPassantManagerTests" runstate="Runnable" seed="561848113" result="Passed" start-time="2017-07-19 22:26:33Z" end-time="2017-07-19 22:26:33Z" duration="0.001981" asserts="0" />
          </test-suite>
          <test-suite type="ParameterizedMethod" id="0-1203" name="IfToSquareHasEnPassantMarkAndTheMoveIsDiagonallyDownThenSquareUnmarkedAndPieceAboveTakenAndSquareAddedToPendingUpdates" fullname="ChessWithTDD.Tests.EnPassantManagerTests.IfToSquareHasEnPassantMarkAndTheMoveIsDiagonallyDownThenSquareUnmarkedAndPieceAboveTakenAndSquareAddedToPendingUpdates" classname="ChessWithTDD.Tests.EnPassantManagerTests" runstate="Runnable" testcasecount="2" result="Passed" start-time="2017-07-19 22:26:33Z" end-time="2017-07-19 22:26:33Z" duration="0.016010" total="2" passed="2" failed="0" warnings="0" inconclusive="0" skipped="0" asserts="2">
            <test-case id="0-1201" name="IfToSquareHasEnPassantMarkAndTheMoveIsDiagonallyDownThenSquareUnmarkedAndPieceAboveTakenAndSquareAddedToPendingUpdates(6,4,5,3)" fullname="ChessWithTDD.Tests.EnPassantManagerTests.IfToSquareHasEnPassantMarkAndTheMoveIsDiagonallyDownThenSquareUnmarkedAndPieceAboveTakenAndSquareAddedToPendingUpdates(6,4,5,3)" methodname="IfToSquareHasEnPassantMarkAndTheMoveIsDiagonallyDownThenSquareUnmarkedAndPieceAboveTakenAndSquareAddedToPendingUpdates" classname="ChessWithTDD.Tests.EnPassantManagerTests" runstate="Runnable" seed="1282268221" result="Passed" start-time="2017-07-19 22:26:33Z" end-time="2017-07-19 22:26:33Z" duration="0.006084" asserts="1" />
            <test-case id="0-1202" name="IfToSquareHasEnPassantMarkAndTheMoveIsDiagonallyDownThenSquareUnmarkedAndPieceAboveTakenAndSquareAddedToPendingUpdates(5,3,4,4)" fullname="ChessWithTDD.Tests.EnPassantManagerTests.IfToSquareHasEnPassantMarkAndTheMoveIsDiagonallyDownThenSquareUnmarkedAndPieceAboveTakenAndSquareAddedToPendingUpdates(5,3,4,4)" methodname="IfToSquareHasEnPassantMarkAndTheMoveIsDiagonallyDownThenSquareUnmarkedAndPieceAboveTakenAndSquareAddedToPendingUpdates" classname="ChessWithTDD.Tests.EnPassantManagerTests" runstate="Runnable" seed="1658967152" result="Passed" start-time="2017-07-19 22:26:33Z" end-time="2017-07-19 22:26:33Z" duration="0.002388" asserts="1" />
          </test-suite>
          <test-suite type="ParameterizedMethod" id="0-1194" name="IfToSquareHasEnPassantMarkAndTheMoveIsDiagonallyUpThenSquareUnmarkedAndPieceBelowTakenAndSquareAddedToPendingUpdates" fullname="ChessWithTDD.Tests.EnPassantManagerTests.IfToSquareHasEnPassantMarkAndTheMoveIsDiagonallyUpThenSquareUnmarkedAndPieceBelowTakenAndSquareAddedToPendingUpdates" classname="ChessWithTDD.Tests.EnPassantManagerTests" runstate="Runnable" testcasecount="2" result="Passed" start-time="2017-07-19 22:26:33Z" end-time="2017-07-19 22:26:34Z" duration="0.015020" total="2" passed="2" failed="0" warnings="0" inconclusive="0" skipped="0" asserts="2">
            <test-case id="0-1192" name="IfToSquareHasEnPassantMarkAndTheMoveIsDiagonallyUpThenSquareUnmarkedAndPieceBelowTakenAndSquareAddedToPendingUpdates(2,4,3,5)" fullname="ChessWithTDD.Tests.EnPassantManagerTests.IfToSquareHasEnPassantMarkAndTheMoveIsDiagonallyUpThenSquareUnmarkedAndPieceBelowTakenAndSquareAddedToPendingUpdates(2,4,3,5)" methodname="IfToSquareHasEnPassantMarkAndTheMoveIsDiagonallyUpThenSquareUnmarkedAndPieceBelowTakenAndSquareAddedToPendingUpdates" classname="ChessWithTDD.Tests.EnPassantManagerTests" runstate="Runnable" seed="1721654988" result="Passed" start-time="2017-07-19 22:26:33Z" end-time="2017-07-19 22:26:33Z" duration="0.005085" asserts="1" />
            <test-case id="0-1193" name="IfToSquareHasEnPassantMarkAndTheMoveIsDiagonallyUpThenSquareUnmarkedAndPieceBelowTakenAndSquareAddedToPendingUpdates(1,3,2,2)" fullname="ChessWithTDD.Tests.EnPassantManagerTests.IfToSquareHasEnPassantMarkAndTheMoveIsDiagonallyUpThenSquareUnmarkedAndPieceBelowTakenAndSquareAddedToPendingUpdates(1,3,2,2)" methodname="IfToSquareHasEnPassantMarkAndTheMoveIsDiagonallyUpThenSquareUnmarkedAndPieceBelowTakenAndSquareAddedToPendingUpdates" classname="ChessWithTDD.Tests.EnPassantManagerTests" runstate="Runnable" seed="1561356652" result="Passed" start-time="2017-07-19 22:26:33Z" end-time="2017-07-19 22:26:33Z" duration="0.002350" asserts="1" />
          </test-suite>
          <test-suite type="ParameterizedMethod" id="0-1206" name="IfToSquareHasEnPassantMarkButMoveNotDiagonallyDownThenNothingHappens" fullname="ChessWithTDD.Tests.EnPassantManagerTests.IfToSquareHasEnPassantMarkButMoveNotDiagonallyDownThenNothingHappens" classname="ChessWithTDD.Tests.EnPassantManagerTests" runstate="Runnable" testcasecount="2" result="Passed" start-time="2017-07-19 22:26:34Z" end-time="2017-07-19 22:26:34Z" duration="0.014012" total="2" passed="2" failed="0" warnings="0" inconclusive="0" skipped="0" asserts="0">
            <test-case id="0-1204" name="IfToSquareHasEnPassantMarkButMoveNotDiagonallyDownThenNothingHappens(6,4,3,3)" fullname="ChessWithTDD.Tests.EnPassantManagerTests.IfToSquareHasEnPassantMarkButMoveNotDiagonallyDownThenNothingHappens(6,4,3,3)" methodname="IfToSquareHasEnPassantMarkButMoveNotDiagonallyDownThenNothingHappens" classname="ChessWithTDD.Tests.EnPassantManagerTests" runstate="Runnable" seed="171549911" result="Passed" start-time="2017-07-19 22:26:34Z" end-time="2017-07-19 22:26:34Z" duration="0.004100" asserts="0" />
            <test-case id="0-1205" name="IfToSquareHasEnPassantMarkButMoveNotDiagonallyDownThenNothingHappens(5,3,2,4)" fullname="ChessWithTDD.Tests.EnPassantManagerTests.IfToSquareHasEnPassantMarkButMoveNotDiagonallyDownThenNothingHappens(5,3,2,4)" methodname="IfToSquareHasEnPassantMarkButMoveNotDiagonallyDownThenNothingHappens" classname="ChessWithTDD.Tests.EnPassantManagerTests" runstate="Runnable" seed="1355098472" result="Passed" start-time="2017-07-19 22:26:34Z" end-time="2017-07-19 22:26:34Z" duration="0.001960" asserts="0" />
          </test-suite>
          <test-suite type="ParameterizedMethod" id="0-1197" name="IfToSquareHasEnPassantMarkButMoveNotDiagonallyUpThenNothingHappens" fullname="ChessWithTDD.Tests.EnPassantManagerTests.IfToSquareHasEnPassantMarkButMoveNotDiagonallyUpThenNothingHappens" classname="ChessWithTDD.Tests.EnPassantManagerTests" runstate="Runnable" testcasecount="2" result="Passed" start-time="2017-07-19 22:26:34Z" end-time="2017-07-19 22:26:34Z" duration="0.013948" total="2" passed="2" failed="0" warnings="0" inconclusive="0" skipped="0" asserts="0">
            <test-case id="0-1195" name="IfToSquareHasEnPassantMarkButMoveNotDiagonallyUpThenNothingHappens(2,4,4,5)" fullname="ChessWithTDD.Tests.EnPassantManagerTests.IfToSquareHasEnPassantMarkButMoveNotDiagonallyUpThenNothingHappens(2,4,4,5)" methodname="IfToSquareHasEnPassantMarkButMoveNotDiagonallyUpThenNothingHappens" classname="ChessWithTDD.Tests.EnPassantManagerTests" runstate="Runnable" seed="884579850" result="Passed" start-time="2017-07-19 22:26:34Z" end-time="2017-07-19 22:26:34Z" duration="0.004098" asserts="0" />
            <test-case id="0-1196" name="IfToSquareHasEnPassantMarkButMoveNotDiagonallyUpThenNothingHappens(1,3,5,2)" fullname="ChessWithTDD.Tests.EnPassantManagerTests.IfToSquareHasEnPassantMarkButMoveNotDiagonallyUpThenNothingHappens(1,3,5,2)" methodname="IfToSquareHasEnPassantMarkButMoveNotDiagonallyUpThenNothingHappens" classname="ChessWithTDD.Tests.EnPassantManagerTests" runstate="Runnable" seed="959203989" result="Passed" start-time="2017-07-19 22:26:34Z" end-time="2017-07-19 22:26:34Z" duration="0.002174" asserts="0" />
          </test-suite>
          <test-suite type="ParameterizedMethod" id="0-1176" name="MarkPassedSquareWithEnPassantMarkIfMovingTwoSquaresDown" fullname="ChessWithTDD.Tests.EnPassantManagerTests.MarkPassedSquareWithEnPassantMarkIfMovingTwoSquaresDown" classname="ChessWithTDD.Tests.EnPassantManagerTests" runstate="Runnable" testcasecount="2" result="Passed" start-time="2017-07-19 22:26:34Z" end-time="2017-07-19 22:26:34Z" duration="0.011997" total="2" passed="2" failed="0" warnings="0" inconclusive="0" skipped="0" asserts="0">
            <test-case id="0-1174" name="MarkPassedSquareWithEnPassantMarkIfMovingTwoSquaresDown(6,4,4,4)" fullname="ChessWithTDD.Tests.EnPassantManagerTests.MarkPassedSquareWithEnPassantMarkIfMovingTwoSquaresDown(6,4,4,4)" methodname="MarkPassedSquareWithEnPassantMarkIfMovingTwoSquaresDown" classname="ChessWithTDD.Tests.EnPassantManagerTests" runstate="Runnable" seed="566122789" result="Passed" start-time="2017-07-19 22:26:34Z" end-time="2017-07-19 22:26:34Z" duration="0.002502" asserts="0" />
            <test-case id="0-1175" name="MarkPassedSquareWithEnPassantMarkIfMovingTwoSquaresDown(5,3,3,3)" fullname="ChessWithTDD.Tests.EnPassantManagerTests.MarkPassedSquareWithEnPassantMarkIfMovingTwoSquaresDown(5,3,3,3)" methodname="MarkPassedSquareWithEnPassantMarkIfMovingTwoSquaresDown" classname="ChessWithTDD.Tests.EnPassantManagerTests" runstate="Runnable" seed="1877695833" result="Passed" start-time="2017-07-19 22:26:34Z" end-time="2017-07-19 22:26:34Z" duration="0.002132" asserts="0" />
          </test-suite>
          <test-suite type="ParameterizedMethod" id="0-1173" name="MarkPassedSquareWithEnPassantMarkIfMovingTwoSquaresUp" fullname="ChessWithTDD.Tests.EnPassantManagerTests.MarkPassedSquareWithEnPassantMarkIfMovingTwoSquaresUp" classname="ChessWithTDD.Tests.EnPassantManagerTests" runstate="Runnable" testcasecount="2" result="Passed" start-time="2017-07-19 22:26:34Z" end-time="2017-07-19 22:26:34Z" duration="0.011055" total="2" passed="2" failed="0" warnings="0" inconclusive="0" skipped="0" asserts="0">
            <test-case id="0-1171" name="MarkPassedSquareWithEnPassantMarkIfMovingTwoSquaresUp(2,4,4,4)" fullname="ChessWithTDD.Tests.EnPassantManagerTests.MarkPassedSquareWithEnPassantMarkIfMovingTwoSquaresUp(2,4,4,4)" methodname="MarkPassedSquareWithEnPassantMarkIfMovingTwoSquaresUp" classname="ChessWithTDD.Tests.EnPassantManagerTests" runstate="Runnable" seed="1447262002" result="Passed" start-time="2017-07-19 22:26:34Z" end-time="2017-07-19 22:26:34Z" duration="0.002339" asserts="0" />
            <test-case id="0-1172" name="MarkPassedSquareWithEnPassantMarkIfMovingTwoSquaresUp(1,3,3,3)" fullname="ChessWithTDD.Tests.EnPassantManagerTests.MarkPassedSquareWithEnPassantMarkIfMovingTwoSquaresUp(1,3,3,3)" methodname="MarkPassedSquareWithEnPassantMarkIfMovingTwoSquaresUp" classname="ChessWithTDD.Tests.EnPassantManagerTests" runstate="Runnable" seed="1963141156" result="Passed" start-time="2017-07-19 22:26:34Z" end-time="2017-07-19 22:26:34Z" duration="0.001225" asserts="0" />
          </test-suite>
        </test-suite>
        <test-suite type="TestFixture" id="0-1108" name="GenericMoveValidatorTests" fullname="ChessWithTDD.Tests.GenericMoveValidatorTests" classname="ChessWithTDD.Tests.GenericMoveValidatorTests" runstate="Runnable" testcasecount="19" result="Passed" start-time="2017-07-19 22:26:34Z" end-time="2017-07-19 22:26:34Z" duration="0.121607" total="19" passed="19" failed="0" warnings="0" inconclusive="0" skipped="0" asserts="19">
          <test-suite type="ParameterizedMethod" id="0-1123" name="MoveWhereFromSquareDoesNotContainPieceIsNotValid" fullname="ChessWithTDD.Tests.GenericMoveValidatorTests.MoveWhereFromSquareDoesNotContainPieceIsNotValid" classname="ChessWithTDD.Tests.GenericMoveValidatorTests" runstate="Runnable" testcasecount="2" result="Passed" start-time="2017-07-19 22:26:34Z" end-time="2017-07-19 22:26:34Z" duration="0.011612" total="2" passed="2" failed="0" warnings="0" inconclusive="0" skipped="0" asserts="2">
            <test-case id="0-1121" name="MoveWhereFromSquareDoesNotContainPieceIsNotValid(1,1,2,2)" fullname="ChessWithTDD.Tests.GenericMoveValidatorTests.MoveWhereFromSquareDoesNotContainPieceIsNotValid(1,1,2,2)" methodname="MoveWhereFromSquareDoesNotContainPieceIsNotValid" classname="ChessWithTDD.Tests.GenericMoveValidatorTests" runstate="Runnable" seed="830763318" result="Passed" start-time="2017-07-19 22:26:34Z" end-time="2017-07-19 22:26:34Z" duration="0.002604" asserts="1" />
            <test-case id="0-1122" name="MoveWhereFromSquareDoesNotContainPieceIsNotValid(5,3,7,7)" fullname="ChessWithTDD.Tests.GenericMoveValidatorTests.MoveWhereFromSquareDoesNotContainPieceIsNotValid(5,3,7,7)" methodname="MoveWhereFromSquareDoesNotContainPieceIsNotValid" classname="ChessWithTDD.Tests.GenericMoveValidatorTests" runstate="Runnable" seed="2129151832" result="Passed" start-time="2017-07-19 22:26:34Z" end-time="2017-07-19 22:26:34Z" duration="0.001050" asserts="1" />
          </test-suite>
          <test-suite type="ParameterizedMethod" id="0-1133" name="MoveWhereFromSquareHasAPieceOfDifferentValidColourToToSquareIsValid" fullname="ChessWithTDD.Tests.GenericMoveValidatorTests.MoveWhereFromSquareHasAPieceOfDifferentValidColourToToSquareIsValid" classname="ChessWithTDD.Tests.GenericMoveValidatorTests" runstate="Runnable" testcasecount="2" result="Passed" start-time="2017-07-19 22:26:34Z" end-time="2017-07-19 22:26:34Z" duration="0.009980" total="2" passed="2" failed="0" warnings="0" inconclusive="0" skipped="0" asserts="2">
            <test-case id="0-1131" name="MoveWhereFromSquareHasAPieceOfDifferentValidColourToToSquareIsValid(2,2,2,3)" fullname="ChessWithTDD.Tests.GenericMoveValidatorTests.MoveWhereFromSquareHasAPieceOfDifferentValidColourToToSquareIsValid(2,2,2,3)" methodname="MoveWhereFromSquareHasAPieceOfDifferentValidColourToToSquareIsValid" classname="ChessWithTDD.Tests.GenericMoveValidatorTests" runstate="Runnable" seed="1335148757" result="Passed" start-time="2017-07-19 22:26:34Z" end-time="2017-07-19 22:26:34Z" duration="0.001674" asserts="1" />
            <test-case id="0-1132" name="MoveWhereFromSquareHasAPieceOfDifferentValidColourToToSquareIsValid(5,3,6,3)" fullname="ChessWithTDD.Tests.GenericMoveValidatorTests.MoveWhereFromSquareHasAPieceOfDifferentValidColourToToSquareIsValid(5,3,6,3)" methodname="MoveWhereFromSquareHasAPieceOfDifferentValidColourToToSquareIsValid" classname="ChessWithTDD.Tests.GenericMoveValidatorTests" runstate="Runnable" seed="1939395077" result="Passed" start-time="2017-07-19 22:26:34Z" end-time="2017-07-19 22:26:34Z" duration="0.001212" asserts="1" />
          </test-suite>
          <test-suite type="ParameterizedMethod" id="0-1126" name="MoveWhereFromSquareIsSamePositionAsToSquareIsNotValid" fullname="ChessWithTDD.Tests.GenericMoveValidatorTests.MoveWhereFromSquareIsSamePositionAsToSquareIsNotValid" classname="ChessWithTDD.Tests.GenericMoveValidatorTests" runstate="Runnable" testcasecount="2" result="Passed" start-time="2017-07-19 22:26:34Z" end-time="2017-07-19 22:26:34Z" duration="0.010031" total="2" passed="2" failed="0" warnings="0" inconclusive="0" skipped="0" asserts="2">
            <test-case id="0-1124" name="MoveWhereFromSquareIsSamePositionAsToSquareIsNotValid(1,2,1,2)" fullname="ChessWithTDD.Tests.GenericMoveValidatorTests.MoveWhereFromSquareIsSamePositionAsToSquareIsNotValid(1,2,1,2)" methodname="MoveWhereFromSquareIsSamePositionAsToSquareIsNotValid" classname="ChessWithTDD.Tests.GenericMoveValidatorTests" runstate="Runnable" seed="177853210" result="Passed" start-time="2017-07-19 22:26:34Z" end-time="2017-07-19 22:26:34Z" duration="0.001616" asserts="1" />
            <test-case id="0-1125" name="MoveWhereFromSquareIsSamePositionAsToSquareIsNotValid(5,3,5,3)" fullname="ChessWithTDD.Tests.GenericMoveValidatorTests.MoveWhereFromSquareIsSamePositionAsToSquareIsNotValid(5,3,5,3)" methodname="MoveWhereFromSquareIsSamePositionAsToSquareIsNotValid" classname="ChessWithTDD.Tests.GenericMoveValidatorTests" runstate="Runnable" seed="686806096" result="Passed" start-time="2017-07-19 22:26:34Z" end-time="2017-07-19 22:26:34Z" duration="0.001248" asserts="1" />
          </test-suite>
          <test-suite type="ParameterizedMethod" id="0-1120" name="MoveWhereFromSquareOrToSquareIsOffTheBoardIsNotValid" fullname="ChessWithTDD.Tests.GenericMoveValidatorTests.MoveWhereFromSquareOrToSquareIsOffTheBoardIsNotValid" classname="ChessWithTDD.Tests.GenericMoveValidatorTests" runstate="Runnable" testcasecount="8" result="Passed" start-time="2017-07-19 22:26:34Z" end-time="2017-07-19 22:26:34Z" duration="0.041001" total="8" passed="8" failed="0" warnings="0" inconclusive="0" skipped="0" asserts="8">
            <test-case id="0-1112" name="MoveWhereFromSquareOrToSquareIsOffTheBoardIsNotValid(1,1,9,5)" fullname="ChessWithTDD.Tests.GenericMoveValidatorTests.MoveWhereFromSquareOrToSquareIsOffTheBoardIsNotValid(1,1,9,5)" methodname="MoveWhereFromSquareOrToSquareIsOffTheBoardIsNotValid" classname="ChessWithTDD.Tests.GenericMoveValidatorTests" runstate="Runnable" seed="761188483" result="Passed" start-time="2017-07-19 22:26:34Z" end-time="2017-07-19 22:26:34Z" duration="0.001432" asserts="1" />
            <test-case id="0-1113" name="MoveWhereFromSquareOrToSquareIsOffTheBoardIsNotValid(5,3,6,8)" fullname="ChessWithTDD.Tests.GenericMoveValidatorTests.MoveWhereFromSquareOrToSquareIsOffTheBoardIsNotValid(5,3,6,8)" methodname="MoveWhereFromSquareOrToSquareIsOffTheBoardIsNotValid" classname="ChessWithTDD.Tests.GenericMoveValidatorTests" runstate="Runnable" seed="358340813" result="Passed" start-time="2017-07-19 22:26:34Z" end-time="2017-07-19 22:26:34Z" duration="0.001071" asserts="1" />
            <test-case id="0-1114" name="MoveWhereFromSquareOrToSquareIsOffTheBoardIsNotValid(7,8,2,2)" fullname="ChessWithTDD.Tests.GenericMoveValidatorTests.MoveWhereFromSquareOrToSquareIsOffTheBoardIsNotValid(7,8,2,2)" methodname="MoveWhereFromSquareOrToSquareIsOffTheBoardIsNotValid" classname="ChessWithTDD.Tests.GenericMoveValidatorTests" runstate="Runnable" seed="1482659916" result="Passed" start-time="2017-07-19 22:26:34Z" end-time="2017-07-19 22:26:34Z" duration="0.001038" asserts="1" />
            <test-case id="0-1115" name="MoveWhereFromSquareOrToSquareIsOffTheBoardIsNotValid(9,1,2,2)" fullname="ChessWithTDD.Tests.GenericMoveValidatorTests.MoveWhereFromSquareOrToSquareIsOffTheBoardIsNotValid(9,1,2,2)" methodname="MoveWhereFromSquareOrToSquareIsOffTheBoardIsNotValid" classname="ChessWithTDD.Tests.GenericMoveValidatorTests" runstate="Runnable" seed="1760553982" result="Passed" start-time="2017-07-19 22:26:34Z" end-time="2017-07-19 22:26:34Z" duration="0.001262" asserts="1" />
            <test-case id="0-1116" name="MoveWhereFromSquareOrToSquareIsOffTheBoardIsNotValid(1,1,-1,5)" fullname="ChessWithTDD.Tests.GenericMoveValidatorTests.MoveWhereFromSquareOrToSquareIsOffTheBoardIsNotValid(1,1,-1,5)" methodname="MoveWhereFromSquareOrToSquareIsOffTheBoardIsNotValid" classname="ChessWithTDD.Tests.GenericMoveValidatorTests" runstate="Runnable" seed="1013563689" result="Passed" start-time="2017-07-19 22:26:34Z" end-time="2017-07-19 22:26:34Z" duration="0.001135" asserts="1" />
            <test-case id="0-1117" name="MoveWhereFromSquareOrToSquareIsOffTheBoardIsNotValid(5,3,6,-1)" fullname="ChessWithTDD.Tests.GenericMoveValidatorTests.MoveWhereFromSquareOrToSquareIsOffTheBoardIsNotValid(5,3,6,-1)" methodname="MoveWhereFromSquareOrToSquareIsOffTheBoardIsNotValid" classname="ChessWithTDD.Tests.GenericMoveValidatorTests" runstate="Runnable" seed="1993778327" result="Passed" start-time="2017-07-19 22:26:34Z" end-time="2017-07-19 22:26:34Z" duration="0.002290" asserts="1" />
            <test-case id="0-1118" name="MoveWhereFromSquareOrToSquareIsOffTheBoardIsNotValid(7,-1,2,2)" fullname="ChessWithTDD.Tests.GenericMoveValidatorTests.MoveWhereFromSquareOrToSquareIsOffTheBoardIsNotValid(7,-1,2,2)" methodname="MoveWhereFromSquareOrToSquareIsOffTheBoardIsNotValid" classname="ChessWithTDD.Tests.GenericMoveValidatorTests" runstate="Runnable" seed="1266540156" result="Passed" start-time="2017-07-19 22:26:34Z" end-time="2017-07-19 22:26:34Z" duration="0.001169" asserts="1" />
            <test-case id="0-1119" name="MoveWhereFromSquareOrToSquareIsOffTheBoardIsNotValid(-1,1,2,2)" fullname="ChessWithTDD.Tests.GenericMoveValidatorTests.MoveWhereFromSquareOrToSquareIsOffTheBoardIsNotValid(-1,1,2,2)" methodname="MoveWhereFromSquareOrToSquareIsOffTheBoardIsNotValid" classname="ChessWithTDD.Tests.GenericMoveValidatorTests" runstate="Runnable" seed="931369921" result="Passed" start-time="2017-07-19 22:26:34Z" end-time="2017-07-19 22:26:34Z" duration="0.001151" asserts="1" />
          </test-suite>
          <test-suite type="ParameterizedMethod" id="0-1111" name="MoveWhereFromSquarePieceDoesNotHaveAValidColourIsNotValid" fullname="ChessWithTDD.Tests.GenericMoveValidatorTests.MoveWhereFromSquarePieceDoesNotHaveAValidColourIsNotValid" classname="ChessWithTDD.Tests.GenericMoveValidatorTests" runstate="Runnable" testcasecount="2" result="Passed" start-time="2017-07-19 22:26:34Z" end-time="2017-07-19 22:26:34Z" duration="0.009997" total="2" passed="2" failed="0" warnings="0" inconclusive="0" skipped="0" asserts="2">
            <test-case id="0-1109" name="MoveWhereFromSquarePieceDoesNotHaveAValidColourIsNotValid(1,1,2,2)" fullname="ChessWithTDD.Tests.GenericMoveValidatorTests.MoveWhereFromSquarePieceDoesNotHaveAValidColourIsNotValid(1,1,2,2)" methodname="MoveWhereFromSquarePieceDoesNotHaveAValidColourIsNotValid" classname="ChessWithTDD.Tests.GenericMoveValidatorTests" runstate="Runnable" seed="904497416" result="Passed" start-time="2017-07-19 22:26:34Z" end-time="2017-07-19 22:26:34Z" duration="0.001506" asserts="1" />
            <test-case id="0-1110" name="MoveWhereFromSquarePieceDoesNotHaveAValidColourIsNotValid(5,3,7,7)" fullname="ChessWithTDD.Tests.GenericMoveValidatorTests.MoveWhereFromSquarePieceDoesNotHaveAValidColourIsNotValid(5,3,7,7)" methodname="MoveWhereFromSquarePieceDoesNotHaveAValidColourIsNotValid" classname="ChessWithTDD.Tests.GenericMoveValidatorTests" runstate="Runnable" seed="1302743413" result="Passed" start-time="2017-07-19 22:26:34Z" end-time="2017-07-19 22:26:34Z" duration="0.001324" asserts="1" />
          </test-suite>
          <test-suite type="ParameterizedMethod" id="0-1130" name="MoveWherePieceInToSquareIsOfSameColourAsMovingPieceIsInvalid" fullname="ChessWithTDD.Tests.GenericMoveValidatorTests.MoveWherePieceInToSquareIsOfSameColourAsMovingPieceIsInvalid" classname="ChessWithTDD.Tests.GenericMoveValidatorTests" runstate="Runnable" testcasecount="3" result="Passed" start-time="2017-07-19 22:26:34Z" end-time="2017-07-19 22:26:34Z" duration="0.015030" total="3" passed="3" failed="0" warnings="0" inconclusive="0" skipped="0" asserts="3">
            <test-case id="0-1127" name="MoveWherePieceInToSquareIsOfSameColourAsMovingPieceIsInvalid(2,2,3,2,White)" fullname="ChessWithTDD.Tests.GenericMoveValidatorTests.MoveWherePieceInToSquareIsOfSameColourAsMovingPieceIsInvalid(2,2,3,2,White)" methodname="MoveWherePieceInToSquareIsOfSameColourAsMovingPieceIsInvalid" classname="ChessWithTDD.Tests.GenericMoveValidatorTests" runstate="Runnable" seed="1340484996" result="Passed" start-time="2017-07-19 22:26:34Z" end-time="2017-07-19 22:26:34Z" duration="0.001755" asserts="1" />
            <test-case id="0-1128" name="MoveWherePieceInToSquareIsOfSameColourAsMovingPieceIsInvalid(5,3,4,3,Black)" fullname="ChessWithTDD.Tests.GenericMoveValidatorTests.MoveWherePieceInToSquareIsOfSameColourAsMovingPieceIsInvalid(5,3,4,3,Black)" methodname="MoveWherePieceInToSquareIsOfSameColourAsMovingPieceIsInvalid" classname="ChessWithTDD.Tests.GenericMoveValidatorTests" runstate="Runnable" seed="470989596" result="Passed" start-time="2017-07-19 22:26:34Z" end-time="2017-07-19 22:26:34Z" duration="0.001826" asserts="1" />
            <test-case id="0-1129" name="MoveWherePieceInToSquareIsOfSameColourAsMovingPieceIsInvalid(5,3,4,3,Invalid)" fullname="ChessWithTDD.Tests.GenericMoveValidatorTests.MoveWherePieceInToSquareIsOfSameColourAsMovingPieceIsInvalid(5,3,4,3,Invalid)" methodname="MoveWherePieceInToSquareIsOfSameColourAsMovingPieceIsInvalid" classname="ChessWithTDD.Tests.GenericMoveValidatorTests" runstate="Runnable" seed="1586392400" result="Passed" start-time="2017-07-19 22:26:34Z" end-time="2017-07-19 22:26:34Z" duration="0.001395" asserts="1" />
          </test-suite>
        </test-suite>
        <test-suite type="TestFixture" id="0-1460" name="KingTests" fullname="ChessWithTDD.Tests.KingTests" classname="ChessWithTDD.Tests.KingTests" runstate="Runnable" testcasecount="16" result="Passed" start-time="2017-07-19 22:26:34Z" end-time="2017-07-19 22:26:34Z" duration="0.093018" total="16" passed="16" failed="0" warnings="0" inconclusive="0" skipped="0" asserts="16">
          <test-suite type="ParameterizedMethod" id="0-1469" name="KingCanMoveToAdjacentSquares" fullname="ChessWithTDD.Tests.KingTests.KingCanMoveToAdjacentSquares" classname="ChessWithTDD.Tests.KingTests" runstate="Runnable" testcasecount="8" result="Passed" start-time="2017-07-19 22:26:34Z" end-time="2017-07-19 22:26:34Z" duration="0.037990" total="8" passed="8" failed="0" warnings="0" inconclusive="0" skipped="0" asserts="8">
            <test-case id="0-1461" name="KingCanMoveToAdjacentSquares(3,3,3,4)" fullname="ChessWithTDD.Tests.KingTests.KingCanMoveToAdjacentSquares(3,3,3,4)" methodname="KingCanMoveToAdjacentSquares" classname="ChessWithTDD.Tests.KingTests" runstate="Runnable" seed="1572498443" result="Passed" start-time="2017-07-19 22:26:34Z" end-time="2017-07-19 22:26:34Z" duration="0.001916" asserts="1" />
            <test-case id="0-1462" name="KingCanMoveToAdjacentSquares(3,3,4,3)" fullname="ChessWithTDD.Tests.KingTests.KingCanMoveToAdjacentSquares(3,3,4,3)" methodname="KingCanMoveToAdjacentSquares" classname="ChessWithTDD.Tests.KingTests" runstate="Runnable" seed="979080027" result="Passed" start-time="2017-07-19 22:26:34Z" end-time="2017-07-19 22:26:34Z" duration="0.000910" asserts="1" />
            <test-case id="0-1463" name="KingCanMoveToAdjacentSquares(3,3,3,2)" fullname="ChessWithTDD.Tests.KingTests.KingCanMoveToAdjacentSquares(3,3,3,2)" methodname="KingCanMoveToAdjacentSquares" classname="ChessWithTDD.Tests.KingTests" runstate="Runnable" seed="749316754" result="Passed" start-time="2017-07-19 22:26:34Z" end-time="2017-07-19 22:26:34Z" duration="0.000899" asserts="1" />
            <test-case id="0-1464" name="KingCanMoveToAdjacentSquares(3,3,2,3)" fullname="ChessWithTDD.Tests.KingTests.KingCanMoveToAdjacentSquares(3,3,2,3)" methodname="KingCanMoveToAdjacentSquares" classname="ChessWithTDD.Tests.KingTests" runstate="Runnable" seed="2039854039" result="Passed" start-time="2017-07-19 22:26:34Z" end-time="2017-07-19 22:26:34Z" duration="0.000911" asserts="1" />
            <test-case id="0-1465" name="KingCanMoveToAdjacentSquares(3,3,4,4)" fullname="ChessWithTDD.Tests.KingTests.KingCanMoveToAdjacentSquares(3,3,4,4)" methodname="KingCanMoveToAdjacentSquares" classname="ChessWithTDD.Tests.KingTests" runstate="Runnable" seed="1244259763" result="Passed" start-time="2017-07-19 22:26:34Z" end-time="2017-07-19 22:26:34Z" duration="0.001050" asserts="1" />
            <test-case id="0-1466" name="KingCanMoveToAdjacentSquares(3,3,2,2)" fullname="ChessWithTDD.Tests.KingTests.KingCanMoveToAdjacentSquares(3,3,2,2)" methodname="KingCanMoveToAdjacentSquares" classname="ChessWithTDD.Tests.KingTests" runstate="Runnable" seed="1661700773" result="Passed" start-time="2017-07-19 22:26:34Z" end-time="2017-07-19 22:26:34Z" duration="0.001049" asserts="1" />
            <test-case id="0-1467" name="KingCanMoveToAdjacentSquares(3,3,4,2)" fullname="ChessWithTDD.Tests.KingTests.KingCanMoveToAdjacentSquares(3,3,4,2)" methodname="KingCanMoveToAdjacentSquares" classname="ChessWithTDD.Tests.KingTests" runstate="Runnable" seed="1757564798" result="Passed" start-time="2017-07-19 22:26:34Z" end-time="2017-07-19 22:26:34Z" duration="0.000893" asserts="1" />
            <test-case id="0-1468" name="KingCanMoveToAdjacentSquares(3,3,2,4)" fullname="ChessWithTDD.Tests.KingTests.KingCanMoveToAdjacentSquares(3,3,2,4)" methodname="KingCanMoveToAdjacentSquares" classname="ChessWithTDD.Tests.KingTests" runstate="Runnable" seed="166952657" result="Passed" start-time="2017-07-19 22:26:34Z" end-time="2017-07-19 22:26:34Z" duration="0.001572" asserts="1" />
          </test-suite>
          <test-suite type="ParameterizedMethod" id="0-1480" name="KingCannotMoveDiagonallyMoreThanOneSquare" fullname="ChessWithTDD.Tests.KingTests.KingCannotMoveDiagonallyMoreThanOneSquare" classname="ChessWithTDD.Tests.KingTests" runstate="Runnable" testcasecount="4" result="Passed" start-time="2017-07-19 22:26:34Z" end-time="2017-07-19 22:26:34Z" duration="0.019010" total="4" passed="4" failed="0" warnings="0" inconclusive="0" skipped="0" asserts="4">
            <test-case id="0-1476" name="KingCannotMoveDiagonallyMoreThanOneSquare(2,5,5,2)" fullname="ChessWithTDD.Tests.KingTests.KingCannotMoveDiagonallyMoreThanOneSquare(2,5,5,2)" methodname="KingCannotMoveDiagonallyMoreThanOneSquare" classname="ChessWithTDD.Tests.KingTests" runstate="Runnable" seed="807009275" result="Passed" start-time="2017-07-19 22:26:34Z" end-time="2017-07-19 22:26:34Z" duration="0.001254" asserts="1" />
            <test-case id="0-1477" name="KingCannotMoveDiagonallyMoreThanOneSquare(2,3,5,6)" fullname="ChessWithTDD.Tests.KingTests.KingCannotMoveDiagonallyMoreThanOneSquare(2,3,5,6)" methodname="KingCannotMoveDiagonallyMoreThanOneSquare" classname="ChessWithTDD.Tests.KingTests" runstate="Runnable" seed="306231440" result="Passed" start-time="2017-07-19 22:26:34Z" end-time="2017-07-19 22:26:34Z" duration="0.000921" asserts="1" />
            <test-case id="0-1478" name="KingCannotMoveDiagonallyMoreThanOneSquare(5,5,2,2)" fullname="ChessWithTDD.Tests.KingTests.KingCannotMoveDiagonallyMoreThanOneSquare(5,5,2,2)" methodname="KingCannotMoveDiagonallyMoreThanOneSquare" classname="ChessWithTDD.Tests.KingTests" runstate="Runnable" seed="551660209" result="Passed" start-time="2017-07-19 22:26:34Z" end-time="2017-07-19 22:26:34Z" duration="0.001044" asserts="1" />
            <test-case id="0-1479" name="KingCannotMoveDiagonallyMoreThanOneSquare(5,2,2,5)" fullname="ChessWithTDD.Tests.KingTests.KingCannotMoveDiagonallyMoreThanOneSquare(5,2,2,5)" methodname="KingCannotMoveDiagonallyMoreThanOneSquare" classname="ChessWithTDD.Tests.KingTests" runstate="Runnable" seed="418276678" result="Passed" start-time="2017-07-19 22:26:34Z" end-time="2017-07-19 22:26:34Z" duration="0.000958" asserts="1" />
          </test-suite>
          <test-suite type="ParameterizedMethod" id="0-1475" name="KingCannotMoveHorizontallyMoreThanOneSquare" fullname="ChessWithTDD.Tests.KingTests.KingCannotMoveHorizontallyMoreThanOneSquare" classname="ChessWithTDD.Tests.KingTests" runstate="Runnable" testcasecount="2" result="Passed" start-time="2017-07-19 22:26:34Z" end-time="2017-07-19 22:26:34Z" duration="0.009993" total="2" passed="2" failed="0" warnings="0" inconclusive="0" skipped="0" asserts="2">
            <test-case id="0-1473" name="KingCannotMoveHorizontallyMoreThanOneSquare(2,6,2,0)" fullname="ChessWithTDD.Tests.KingTests.KingCannotMoveHorizontallyMoreThanOneSquare(2,6,2,0)" methodname="KingCannotMoveHorizontallyMoreThanOneSquare" classname="ChessWithTDD.Tests.KingTests" runstate="Runnable" seed="1695473727" result="Passed" start-time="2017-07-19 22:26:34Z" end-time="2017-07-19 22:26:34Z" duration="0.001210" asserts="1" />
            <test-case id="0-1474" name="KingCannotMoveHorizontallyMoreThanOneSquare(2,2,2,7)" fullname="ChessWithTDD.Tests.KingTests.KingCannotMoveHorizontallyMoreThanOneSquare(2,2,2,7)" methodname="KingCannotMoveHorizontallyMoreThanOneSquare" classname="ChessWithTDD.Tests.KingTests" runstate="Runnable" seed="390109584" result="Passed" start-time="2017-07-19 22:26:34Z" end-time="2017-07-19 22:26:34Z" duration="0.000974" asserts="1" />
          </test-suite>
          <test-suite type="ParameterizedMethod" id="0-1472" name="KingCannotMoveVerticallyMoreThanOneSquare" fullname="ChessWithTDD.Tests.KingTests.KingCannotMoveVerticallyMoreThanOneSquare" classname="ChessWithTDD.Tests.KingTests" runstate="Runnable" testcasecount="2" result="Passed" start-time="2017-07-19 22:26:34Z" end-time="2017-07-19 22:26:34Z" duration="0.010036" total="2" passed="2" failed="0" warnings="0" inconclusive="0" skipped="0" asserts="2">
            <test-case id="0-1470" name="KingCannotMoveVerticallyMoreThanOneSquare(5,2,2,2)" fullname="ChessWithTDD.Tests.KingTests.KingCannotMoveVerticallyMoreThanOneSquare(5,2,2,2)" methodname="KingCannotMoveVerticallyMoreThanOneSquare" classname="ChessWithTDD.Tests.KingTests" runstate="Runnable" seed="481283856" result="Passed" start-time="2017-07-19 22:26:34Z" end-time="2017-07-19 22:26:34Z" duration="0.001237" asserts="1" />
            <test-case id="0-1471" name="KingCannotMoveVerticallyMoreThanOneSquare(2,2,5,2)" fullname="ChessWithTDD.Tests.KingTests.KingCannotMoveVerticallyMoreThanOneSquare(2,2,5,2)" methodname="KingCannotMoveVerticallyMoreThanOneSquare" classname="ChessWithTDD.Tests.KingTests" runstate="Runnable" seed="561760613" result="Passed" start-time="2017-07-19 22:26:34Z" end-time="2017-07-19 22:26:34Z" duration="0.001229" asserts="1" />
          </test-suite>
        </test-suite>
        <test-suite type="TestFixture" id="0-1481" name="KnightTests" fullname="ChessWithTDD.Tests.KnightTests" classname="ChessWithTDD.Tests.KnightTests" runstate="Runnable" testcasecount="16" result="Passed" start-time="2017-07-19 22:26:34Z" end-time="2017-07-19 22:26:34Z" duration="0.088032" total="16" passed="16" failed="0" warnings="0" inconclusive="0" skipped="0" asserts="16">
          <test-suite type="ParameterizedMethod" id="0-1491" name="KnightCanMoveOneHorizontalAndTwoVerticalPositions" fullname="ChessWithTDD.Tests.KnightTests.KnightCanMoveOneHorizontalAndTwoVerticalPositions" classname="ChessWithTDD.Tests.KnightTests" runstate="Runnable" testcasecount="4" result="Passed" start-time="2017-07-19 22:26:34Z" end-time="2017-07-19 22:26:34Z" duration="0.019092" total="4" passed="4" failed="0" warnings="0" inconclusive="0" skipped="0" asserts="4">
            <test-case id="0-1487" name="KnightCanMoveOneHorizontalAndTwoVerticalPositions(1,2,3,3)" fullname="ChessWithTDD.Tests.KnightTests.KnightCanMoveOneHorizontalAndTwoVerticalPositions(1,2,3,3)" methodname="KnightCanMoveOneHorizontalAndTwoVerticalPositions" classname="ChessWithTDD.Tests.KnightTests" runstate="Runnable" seed="1625606013" result="Passed" start-time="2017-07-19 22:26:34Z" end-time="2017-07-19 22:26:34Z" duration="0.002558" asserts="1" />
            <test-case id="0-1488" name="KnightCanMoveOneHorizontalAndTwoVerticalPositions(1,2,3,1)" fullname="ChessWithTDD.Tests.KnightTests.KnightCanMoveOneHorizontalAndTwoVerticalPositions(1,2,3,1)" methodname="KnightCanMoveOneHorizontalAndTwoVerticalPositions" classname="ChessWithTDD.Tests.KnightTests" runstate="Runnable" seed="1848450003" result="Passed" start-time="2017-07-19 22:26:34Z" end-time="2017-07-19 22:26:34Z" duration="0.001007" asserts="1" />
            <test-case id="0-1489" name="KnightCanMoveOneHorizontalAndTwoVerticalPositions(2,3,0,4)" fullname="ChessWithTDD.Tests.KnightTests.KnightCanMoveOneHorizontalAndTwoVerticalPositions(2,3,0,4)" methodname="KnightCanMoveOneHorizontalAndTwoVerticalPositions" classname="ChessWithTDD.Tests.KnightTests" runstate="Runnable" seed="297556879" result="Passed" start-time="2017-07-19 22:26:34Z" end-time="2017-07-19 22:26:34Z" duration="0.000894" asserts="1" />
            <test-case id="0-1490" name="KnightCanMoveOneHorizontalAndTwoVerticalPositions(2,3,0,2)" fullname="ChessWithTDD.Tests.KnightTests.KnightCanMoveOneHorizontalAndTwoVerticalPositions(2,3,0,2)" methodname="KnightCanMoveOneHorizontalAndTwoVerticalPositions" classname="ChessWithTDD.Tests.KnightTests" runstate="Runnable" seed="279429850" result="Passed" start-time="2017-07-19 22:26:34Z" end-time="2017-07-19 22:26:34Z" duration="0.000889" asserts="1" />
          </test-suite>
          <test-suite type="ParameterizedMethod" id="0-1486" name="KnightCanMoveOneVerticalAndTwoHorizontalPositions" fullname="ChessWithTDD.Tests.KnightTests.KnightCanMoveOneVerticalAndTwoHorizontalPositions" classname="ChessWithTDD.Tests.KnightTests" runstate="Runnable" testcasecount="4" result="Passed" start-time="2017-07-19 22:26:34Z" end-time="2017-07-19 22:26:34Z" duration="0.019050" total="4" passed="4" failed="0" warnings="0" inconclusive="0" skipped="0" asserts="4">
            <test-case id="0-1482" name="KnightCanMoveOneVerticalAndTwoHorizontalPositions(1,2,2,4)" fullname="ChessWithTDD.Tests.KnightTests.KnightCanMoveOneVerticalAndTwoHorizontalPositions(1,2,2,4)" methodname="KnightCanMoveOneVerticalAndTwoHorizontalPositions" classname="ChessWithTDD.Tests.KnightTests" runstate="Runnable" seed="1498175477" result="Passed" start-time="2017-07-19 22:26:34Z" end-time="2017-07-19 22:26:34Z" duration="0.001298" asserts="1" />
            <test-case id="0-1483" name="KnightCanMoveOneVerticalAndTwoHorizontalPositions(1,2,0,4)" fullname="ChessWithTDD.Tests.KnightTests.KnightCanMoveOneVerticalAndTwoHorizontalPositions(1,2,0,4)" methodname="KnightCanMoveOneVerticalAndTwoHorizontalPositions" classname="ChessWithTDD.Tests.KnightTests" runstate="Runnable" seed="1826683167" result="Passed" start-time="2017-07-19 22:26:34Z" end-time="2017-07-19 22:26:34Z" duration="0.001200" asserts="1" />
            <test-case id="0-1484" name="KnightCanMoveOneVerticalAndTwoHorizontalPositions(2,3,3,1)" fullname="ChessWithTDD.Tests.KnightTests.KnightCanMoveOneVerticalAndTwoHorizontalPositions(2,3,3,1)" methodname="KnightCanMoveOneVerticalAndTwoHorizontalPositions" classname="ChessWithTDD.Tests.KnightTests" runstate="Runnable" seed="186349385" result="Passed" start-time="2017-07-19 22:26:34Z" end-time="2017-07-19 22:26:34Z" duration="0.000918" asserts="1" />
            <test-case id="0-1485" name="KnightCanMoveOneVerticalAndTwoHorizontalPositions(2,3,1,1)" fullname="ChessWithTDD.Tests.KnightTests.KnightCanMoveOneVerticalAndTwoHorizontalPositions(2,3,1,1)" methodname="KnightCanMoveOneVerticalAndTwoHorizontalPositions" classname="ChessWithTDD.Tests.KnightTests" runstate="Runnable" seed="1389842021" result="Passed" start-time="2017-07-19 22:26:34Z" end-time="2017-07-19 22:26:34Z" duration="0.001129" asserts="1" />
          </test-suite>
          <test-suite type="ParameterizedMethod" id="0-1500" name="KnightCannotMoveIfNotLShaped" fullname="ChessWithTDD.Tests.KnightTests.KnightCannotMoveIfNotLShaped" classname="ChessWithTDD.Tests.KnightTests" runstate="Runnable" testcasecount="8" result="Passed" start-time="2017-07-19 22:26:34Z" end-time="2017-07-19 22:26:34Z" duration="0.038015" total="8" passed="8" failed="0" warnings="0" inconclusive="0" skipped="0" asserts="8">
            <test-case id="0-1492" name="KnightCannotMoveIfNotLShaped(1,1,2,2)" fullname="ChessWithTDD.Tests.KnightTests.KnightCannotMoveIfNotLShaped(1,1,2,2)" methodname="KnightCannotMoveIfNotLShaped" classname="ChessWithTDD.Tests.KnightTests" runstate="Runnable" seed="1390540052" result="Passed" start-time="2017-07-19 22:26:34Z" end-time="2017-07-19 22:26:34Z" duration="0.001338" asserts="1" />
            <test-case id="0-1493" name="KnightCannotMoveIfNotLShaped(1,1,3,3)" fullname="ChessWithTDD.Tests.KnightTests.KnightCannotMoveIfNotLShaped(1,1,3,3)" methodname="KnightCannotMoveIfNotLShaped" classname="ChessWithTDD.Tests.KnightTests" runstate="Runnable" seed="1036062092" result="Passed" start-time="2017-07-19 22:26:34Z" end-time="2017-07-19 22:26:34Z" duration="0.000960" asserts="1" />
            <test-case id="0-1494" name="KnightCannotMoveIfNotLShaped(1,1,4,4)" fullname="ChessWithTDD.Tests.KnightTests.KnightCannotMoveIfNotLShaped(1,1,4,4)" methodname="KnightCannotMoveIfNotLShaped" classname="ChessWithTDD.Tests.KnightTests" runstate="Runnable" seed="1823120454" result="Passed" start-time="2017-07-19 22:26:34Z" end-time="2017-07-19 22:26:34Z" duration="0.000968" asserts="1" />
            <test-case id="0-1495" name="KnightCannotMoveIfNotLShaped(4,4,0,0)" fullname="ChessWithTDD.Tests.KnightTests.KnightCannotMoveIfNotLShaped(4,4,0,0)" methodname="KnightCannotMoveIfNotLShaped" classname="ChessWithTDD.Tests.KnightTests" runstate="Runnable" seed="110169806" result="Passed" start-time="2017-07-19 22:26:34Z" end-time="2017-07-19 22:26:34Z" duration="0.000907" asserts="1" />
            <test-case id="0-1496" name="KnightCannotMoveIfNotLShaped(1,2,3,4)" fullname="ChessWithTDD.Tests.KnightTests.KnightCannotMoveIfNotLShaped(1,2,3,4)" methodname="KnightCannotMoveIfNotLShaped" classname="ChessWithTDD.Tests.KnightTests" runstate="Runnable" seed="2111541846" result="Passed" start-time="2017-07-19 22:26:34Z" end-time="2017-07-19 22:26:34Z" duration="0.000970" asserts="1" />
            <test-case id="0-1497" name="KnightCannotMoveIfNotLShaped(1,2,6,7)" fullname="ChessWithTDD.Tests.KnightTests.KnightCannotMoveIfNotLShaped(1,2,6,7)" methodname="KnightCannotMoveIfNotLShaped" classname="ChessWithTDD.Tests.KnightTests" runstate="Runnable" seed="415014480" result="Passed" start-time="2017-07-19 22:26:34Z" end-time="2017-07-19 22:26:34Z" duration="0.001088" asserts="1" />
            <test-case id="0-1498" name="KnightCannotMoveIfNotLShaped(4,8,2,6)" fullname="ChessWithTDD.Tests.KnightTests.KnightCannotMoveIfNotLShaped(4,8,2,6)" methodname="KnightCannotMoveIfNotLShaped" classname="ChessWithTDD.Tests.KnightTests" runstate="Runnable" seed="2087765289" result="Passed" start-time="2017-07-19 22:26:34Z" end-time="2017-07-19 22:26:34Z" duration="0.001077" asserts="1" />
            <test-case id="0-1499" name="KnightCannotMoveIfNotLShaped(5,1,3,4)" fullname="ChessWithTDD.Tests.KnightTests.KnightCannotMoveIfNotLShaped(5,1,3,4)" methodname="KnightCannotMoveIfNotLShaped" classname="ChessWithTDD.Tests.KnightTests" runstate="Runnable" seed="1723120842" result="Passed" start-time="2017-07-19 22:26:34Z" end-time="2017-07-19 22:26:34Z" duration="0.000989" asserts="1" />
          </test-suite>
        </test-suite>
        <test-suite type="TestFixture" id="0-1342" name="MoveConversionDataTests" fullname="ChessWithTDD.Tests.MoveConversionDataTests" classname="ChessWithTDD.Tests.MoveConversionDataTests" runstate="Runnable" testcasecount="8" result="Passed" start-time="2017-07-19 22:26:34Z" end-time="2017-07-19 22:26:34Z" duration="0.048012" total="8" passed="8" failed="0" warnings="0" inconclusive="0" skipped="0" asserts="32">
          <test-suite type="ParameterizedMethod" id="0-1347" name="NonTrivialConstructorTest" fullname="ChessWithTDD.Tests.MoveConversionDataTests.NonTrivialConstructorTest" classname="ChessWithTDD.Tests.MoveConversionDataTests" runstate="Runnable" testcasecount="4" result="Passed" start-time="2017-07-19 22:26:34Z" end-time="2017-07-19 22:26:34Z" duration="0.023014" total="4" passed="4" failed="0" warnings="0" inconclusive="0" skipped="0" asserts="16">
            <test-case id="0-1343" name="NonTrivialConstructorTest(1,2,3,4,False,False)" fullname="ChessWithTDD.Tests.MoveConversionDataTests.NonTrivialConstructorTest(1,2,3,4,False,False)" methodname="NonTrivialConstructorTest" classname="ChessWithTDD.Tests.MoveConversionDataTests" runstate="Runnable" seed="1991931636" result="Passed" start-time="2017-07-19 22:26:34Z" end-time="2017-07-19 22:26:34Z" duration="0.005800" asserts="4" />
            <test-case id="0-1344" name="NonTrivialConstructorTest(5,6,7,8,False,True)" fullname="ChessWithTDD.Tests.MoveConversionDataTests.NonTrivialConstructorTest(5,6,7,8,False,True)" methodname="NonTrivialConstructorTest" classname="ChessWithTDD.Tests.MoveConversionDataTests" runstate="Runnable" seed="264749993" result="Passed" start-time="2017-07-19 22:26:34Z" end-time="2017-07-19 22:26:34Z" duration="0.001019" asserts="4" />
            <test-case id="0-1345" name="NonTrivialConstructorTest(2,3,4,5,True,False)" fullname="ChessWithTDD.Tests.MoveConversionDataTests.NonTrivialConstructorTest(2,3,4,5,True,False)" methodname="NonTrivialConstructorTest" classname="ChessWithTDD.Tests.MoveConversionDataTests" runstate="Runnable" seed="2085327409" result="Passed" start-time="2017-07-19 22:26:34Z" end-time="2017-07-19 22:26:34Z" duration="0.001023" asserts="4" />
            <test-case id="0-1346" name="NonTrivialConstructorTest(0,0,0,0,True,True)" fullname="ChessWithTDD.Tests.MoveConversionDataTests.NonTrivialConstructorTest(0,0,0,0,True,True)" methodname="NonTrivialConstructorTest" classname="ChessWithTDD.Tests.MoveConversionDataTests" runstate="Runnable" seed="1499086507" result="Passed" start-time="2017-07-19 22:26:34Z" end-time="2017-07-19 22:26:34Z" duration="0.000917" asserts="4" />
          </test-suite>
          <test-suite type="ParameterizedMethod" id="0-1352" name="SimpleConstructorTest" fullname="ChessWithTDD.Tests.MoveConversionDataTests.SimpleConstructorTest" classname="ChessWithTDD.Tests.MoveConversionDataTests" runstate="Runnable" testcasecount="4" result="Passed" start-time="2017-07-19 22:26:34Z" end-time="2017-07-19 22:26:34Z" duration="0.016980" total="4" passed="4" failed="0" warnings="0" inconclusive="0" skipped="0" asserts="16">
            <test-case id="0-1348" name="SimpleConstructorTest(1,2,3,4,False,False)" fullname="ChessWithTDD.Tests.MoveConversionDataTests.SimpleConstructorTest(1,2,3,4,False,False)" methodname="SimpleConstructorTest" classname="ChessWithTDD.Tests.MoveConversionDataTests" runstate="Runnable" seed="353258269" result="Passed" start-time="2017-07-19 22:26:34Z" end-time="2017-07-19 22:26:34Z" duration="0.001239" asserts="4" />
            <test-case id="0-1349" name="SimpleConstructorTest(5,6,7,8,False,True)" fullname="ChessWithTDD.Tests.MoveConversionDataTests.SimpleConstructorTest(5,6,7,8,False,True)" methodname="SimpleConstructorTest" classname="ChessWithTDD.Tests.MoveConversionDataTests" runstate="Runnable" seed="66082993" result="Passed" start-time="2017-07-19 22:26:34Z" end-time="2017-07-19 22:26:34Z" duration="0.000109" asserts="4" />
            <test-case id="0-1350" name="SimpleConstructorTest(2,3,4,5,True,False)" fullname="ChessWithTDD.Tests.MoveConversionDataTests.SimpleConstructorTest(2,3,4,5,True,False)" methodname="SimpleConstructorTest" classname="ChessWithTDD.Tests.MoveConversionDataTests" runstate="Runnable" seed="1113189222" result="Passed" start-time="2017-07-19 22:26:34Z" end-time="2017-07-19 22:26:34Z" duration="0.000094" asserts="4" />
            <test-case id="0-1351" name="SimpleConstructorTest(0,0,0,0,True,True)" fullname="ChessWithTDD.Tests.MoveConversionDataTests.SimpleConstructorTest(0,0,0,0,True,True)" methodname="SimpleConstructorTest" classname="ChessWithTDD.Tests.MoveConversionDataTests" runstate="Runnable" seed="894237833" result="Passed" start-time="2017-07-19 22:26:34Z" end-time="2017-07-19 22:26:34Z" duration="0.000095" asserts="4" />
          </test-suite>
        </test-suite>
        <test-suite type="TestFixture" id="0-1091" name="MoveExecutorTests" fullname="ChessWithTDD.Tests.MoveExecutorTests" classname="ChessWithTDD.Tests.MoveExecutorTests" runstate="Runnable" testcasecount="14" result="Passed" start-time="2017-07-19 22:26:34Z" end-time="2017-07-19 22:26:34Z" duration="0.105027" total="14" passed="14" failed="0" warnings="0" inconclusive="0" skipped="0" asserts="21">
          <test-suite type="ParameterizedMethod" id="0-1106" name="ApplyMoveAddsToAndFromSquaresToPendingUpdatesForBoard" fullname="ChessWithTDD.Tests.MoveExecutorTests.ApplyMoveAddsToAndFromSquaresToPendingUpdatesForBoard" classname="ChessWithTDD.Tests.MoveExecutorTests" runstate="Runnable" testcasecount="3" result="Passed" start-time="2017-07-19 22:26:34Z" end-time="2017-07-19 22:26:34Z" duration="0.022009" total="3" passed="3" failed="0" warnings="0" inconclusive="0" skipped="0" asserts="6">
            <test-case id="0-1103" name="ApplyMoveAddsToAndFromSquaresToPendingUpdatesForBoard(2,4,6,7)" fullname="ChessWithTDD.Tests.MoveExecutorTests.ApplyMoveAddsToAndFromSquaresToPendingUpdatesForBoard(2,4,6,7)" methodname="ApplyMoveAddsToAndFromSquaresToPendingUpdatesForBoard" classname="ChessWithTDD.Tests.MoveExecutorTests" runstate="Runnable" seed="2083768864" result="Passed" start-time="2017-07-19 22:26:34Z" end-time="2017-07-19 22:26:34Z" duration="0.006571" asserts="2" />
            <test-case id="0-1104" name="ApplyMoveAddsToAndFromSquaresToPendingUpdatesForBoard(3,3,1,1)" fullname="ChessWithTDD.Tests.MoveExecutorTests.ApplyMoveAddsToAndFromSquaresToPendingUpdatesForBoard(3,3,1,1)" methodname="ApplyMoveAddsToAndFromSquaresToPendingUpdatesForBoard" classname="ChessWithTDD.Tests.MoveExecutorTests" runstate="Runnable" seed="1258213127" result="Passed" start-time="2017-07-19 22:26:34Z" end-time="2017-07-19 22:26:34Z" duration="0.002115" asserts="2" />
            <test-case id="0-1105" name="ApplyMoveAddsToAndFromSquaresToPendingUpdatesForBoard(1,3,1,5)" fullname="ChessWithTDD.Tests.MoveExecutorTests.ApplyMoveAddsToAndFromSquaresToPendingUpdatesForBoard(1,3,1,5)" methodname="ApplyMoveAddsToAndFromSquaresToPendingUpdatesForBoard" classname="ChessWithTDD.Tests.MoveExecutorTests" runstate="Runnable" seed="2140353513" result="Passed" start-time="2017-07-19 22:26:34Z" end-time="2017-07-19 22:26:34Z" duration="0.002068" asserts="2" />
          </test-suite>
          <test-suite type="ParameterizedMethod" id="0-1102" name="ApplyMoveToBoardChangesBoardStateCorrectly" fullname="ChessWithTDD.Tests.MoveExecutorTests.ApplyMoveToBoardChangesBoardStateCorrectly" classname="ChessWithTDD.Tests.MoveExecutorTests" runstate="Runnable" testcasecount="3" result="Passed" start-time="2017-07-19 22:26:34Z" end-time="2017-07-19 22:26:34Z" duration="0.022005" total="3" passed="3" failed="0" warnings="0" inconclusive="0" skipped="0" asserts="9">
            <test-case id="0-1099" name="ApplyMoveToBoardChangesBoardStateCorrectly(2,4,6,7)" fullname="ChessWithTDD.Tests.MoveExecutorTests.ApplyMoveToBoardChangesBoardStateCorrectly(2,4,6,7)" methodname="ApplyMoveToBoardChangesBoardStateCorrectly" classname="ChessWithTDD.Tests.MoveExecutorTests" runstate="Runnable" seed="1209691869" result="Passed" start-time="2017-07-19 22:26:34Z" end-time="2017-07-19 22:26:34Z" duration="0.006848" asserts="3" />
            <test-case id="0-1100" name="ApplyMoveToBoardChangesBoardStateCorrectly(3,3,1,1)" fullname="ChessWithTDD.Tests.MoveExecutorTests.ApplyMoveToBoardChangesBoardStateCorrectly(3,3,1,1)" methodname="ApplyMoveToBoardChangesBoardStateCorrectly" classname="ChessWithTDD.Tests.MoveExecutorTests" runstate="Runnable" seed="1083632863" result="Passed" start-time="2017-07-19 22:26:34Z" end-time="2017-07-19 22:26:34Z" duration="0.001979" asserts="3" />
            <test-case id="0-1101" name="ApplyMoveToBoardChangesBoardStateCorrectly(1,3,1,5)" fullname="ChessWithTDD.Tests.MoveExecutorTests.ApplyMoveToBoardChangesBoardStateCorrectly(1,3,1,5)" methodname="ApplyMoveToBoardChangesBoardStateCorrectly" classname="ChessWithTDD.Tests.MoveExecutorTests" runstate="Runnable" seed="725733345" result="Passed" start-time="2017-07-19 22:26:34Z" end-time="2017-07-19 22:26:34Z" duration="0.002285" asserts="3" />
          </test-suite>
          <test-case id="0-1107" name="TestOrderingOfCallsInApplyMethod" fullname="ChessWithTDD.Tests.MoveExecutorTests.TestOrderingOfCallsInApplyMethod" methodname="TestOrderingOfCallsInApplyMethod" classname="ChessWithTDD.Tests.MoveExecutorTests" runstate="Runnable" seed="931477506" result="Passed" start-time="2017-07-19 22:26:34Z" end-time="2017-07-19 22:26:34Z" duration="0.008462" asserts="4" />
          <test-case id="0-1093" name="WhenApplyMoveIsCalledAndFromSquareContainsAnyPieceDoNotCallPawnManager" fullname="ChessWithTDD.Tests.MoveExecutorTests.WhenApplyMoveIsCalledAndFromSquareContainsAnyPieceDoNotCallPawnManager" methodname="WhenApplyMoveIsCalledAndFromSquareContainsAnyPieceDoNotCallPawnManager" classname="ChessWithTDD.Tests.MoveExecutorTests" runstate="Runnable" seed="1217162212" result="Passed" start-time="2017-07-19 22:26:34Z" end-time="2017-07-19 22:26:34Z" duration="0.003117" asserts="0" />
          <test-case id="0-1092" name="WhenApplyMoveIsCalledAndFromSquareContainsAPawnCallPawnManager" fullname="ChessWithTDD.Tests.MoveExecutorTests.WhenApplyMoveIsCalledAndFromSquareContainsAPawnCallPawnManager" methodname="WhenApplyMoveIsCalledAndFromSquareContainsAPawnCallPawnManager" classname="ChessWithTDD.Tests.MoveExecutorTests" runstate="Runnable" seed="1552933240" result="Passed" start-time="2017-07-19 22:26:34Z" end-time="2017-07-19 22:26:34Z" duration="0.001716" asserts="0" />
          <test-case id="0-1097" name="WhenApplyMoveIsCalledBoardCacheUpdatesBlackKingSquareIfBlackKingInFromSquareIsCalled" fullname="ChessWithTDD.Tests.MoveExecutorTests.WhenApplyMoveIsCalledBoardCacheUpdatesBlackKingSquareIfBlackKingInFromSquareIsCalled" methodname="WhenApplyMoveIsCalledBoardCacheUpdatesBlackKingSquareIfBlackKingInFromSquareIsCalled" classname="ChessWithTDD.Tests.MoveExecutorTests" runstate="Runnable" seed="495340458" result="Passed" start-time="2017-07-19 22:26:34Z" end-time="2017-07-19 22:26:34Z" duration="0.002331" asserts="1" />
          <test-case id="0-1098" name="WhenApplyMoveIsCalledBoardCacheUpdatesWhiteKingSquareIfWhiteKingInFromSquareIsCalled" fullname="ChessWithTDD.Tests.MoveExecutorTests.WhenApplyMoveIsCalledBoardCacheUpdatesWhiteKingSquareIfWhiteKingInFromSquareIsCalled" methodname="WhenApplyMoveIsCalledBoardCacheUpdatesWhiteKingSquareIfWhiteKingInFromSquareIsCalled" classname="ChessWithTDD.Tests.MoveExecutorTests" runstate="Runnable" seed="1626975828" result="Passed" start-time="2017-07-19 22:26:34Z" end-time="2017-07-19 22:26:34Z" duration="0.002235" asserts="1" />
          <test-case id="0-1094" name="WhenApplyMoveIsCalledUnmarkEnPassantSquaresIsCalledWithTurnCounter" fullname="ChessWithTDD.Tests.MoveExecutorTests.WhenApplyMoveIsCalledUnmarkEnPassantSquaresIsCalledWithTurnCounter" methodname="WhenApplyMoveIsCalledUnmarkEnPassantSquaresIsCalledWithTurnCounter" classname="ChessWithTDD.Tests.MoveExecutorTests" runstate="Runnable" seed="533805974" result="Passed" start-time="2017-07-19 22:26:34Z" end-time="2017-07-19 22:26:34Z" duration="0.002010" asserts="0" />
          <test-case id="0-1095" name="WhenApplyMoveIsCalledUpdateBoardCacheIsCalled" fullname="ChessWithTDD.Tests.MoveExecutorTests.WhenApplyMoveIsCalledUpdateBoardCacheIsCalled" methodname="WhenApplyMoveIsCalledUpdateBoardCacheIsCalled" classname="ChessWithTDD.Tests.MoveExecutorTests" runstate="Runnable" seed="1390188624" result="Passed" start-time="2017-07-19 22:26:34Z" end-time="2017-07-19 22:26:34Z" duration="0.001864" asserts="0" />
          <test-case id="0-1096" name="WhenApplyMoveIsCalledUpdateCheckStatesIsCalled" fullname="ChessWithTDD.Tests.MoveExecutorTests.WhenApplyMoveIsCalledUpdateCheckStatesIsCalled" methodname="WhenApplyMoveIsCalledUpdateCheckStatesIsCalled" classname="ChessWithTDD.Tests.MoveExecutorTests" runstate="Runnable" seed="420367671" result="Passed" start-time="2017-07-19 22:26:34Z" end-time="2017-07-19 22:26:34Z" duration="0.002845" asserts="0" />
        </test-suite>
        <test-suite type="TestFixture" id="0-1353" name="MoveGenerationDataTests" fullname="ChessWithTDD.Tests.MoveGenerationDataTests" classname="ChessWithTDD.Tests.MoveGenerationDataTests" runstate="Runnable" testcasecount="4" result="Passed" start-time="2017-07-19 22:26:34Z" end-time="2017-07-19 22:26:34Z" duration="0.023039" total="4" passed="4" failed="0" warnings="0" inconclusive="0" skipped="0" asserts="20">
          <test-suite type="ParameterizedMethod" id="0-1358" name="NonTrivialConstructorTest" fullname="ChessWithTDD.Tests.MoveGenerationDataTests.NonTrivialConstructorTest" classname="ChessWithTDD.Tests.MoveGenerationDataTests" runstate="Runnable" testcasecount="4" result="Passed" start-time="2017-07-19 22:26:34Z" end-time="2017-07-19 22:26:34Z" duration="0.019006" total="4" passed="4" failed="0" warnings="0" inconclusive="0" skipped="0" asserts="20">
            <test-case id="0-1354" name="NonTrivialConstructorTest(1,2,3,4,False,False)" fullname="ChessWithTDD.Tests.MoveGenerationDataTests.NonTrivialConstructorTest(1,2,3,4,False,False)" methodname="NonTrivialConstructorTest" classname="ChessWithTDD.Tests.MoveGenerationDataTests" runstate="Runnable" seed="319812826" result="Passed" start-time="2017-07-19 22:26:34Z" end-time="2017-07-19 22:26:34Z" duration="0.002523" asserts="5" />
            <test-case id="0-1355" name="NonTrivialConstructorTest(5,6,7,8,False,True)" fullname="ChessWithTDD.Tests.MoveGenerationDataTests.NonTrivialConstructorTest(5,6,7,8,False,True)" methodname="NonTrivialConstructorTest" classname="ChessWithTDD.Tests.MoveGenerationDataTests" runstate="Runnable" seed="100486771" result="Passed" start-time="2017-07-19 22:26:34Z" end-time="2017-07-19 22:26:34Z" duration="0.000957" asserts="5" />
            <test-case id="0-1356" name="NonTrivialConstructorTest(2,3,4,5,True,False)" fullname="ChessWithTDD.Tests.MoveGenerationDataTests.NonTrivialConstructorTest(2,3,4,5,True,False)" methodname="NonTrivialConstructorTest" classname="ChessWithTDD.Tests.MoveGenerationDataTests" runstate="Runnable" seed="200906577" result="Passed" start-time="2017-07-19 22:26:34Z" end-time="2017-07-19 22:26:34Z" duration="0.000918" asserts="5" />
            <test-case id="0-1357" name="NonTrivialConstructorTest(0,0,0,0,True,True)" fullname="ChessWithTDD.Tests.MoveGenerationDataTests.NonTrivialConstructorTest(0,0,0,0,True,True)" methodname="NonTrivialConstructorTest" classname="ChessWithTDD.Tests.MoveGenerationDataTests" runstate="Runnable" seed="1479368209" result="Passed" start-time="2017-07-19 22:26:34Z" end-time="2017-07-19 22:26:34Z" duration="0.000915" asserts="5" />
          </test-suite>
        </test-suite>
        <test-suite type="TestFixture" id="0-1134" name="MoveIntoCheckValidatorTests" fullname="ChessWithTDD.Tests.MoveIntoCheckValidatorTests" classname="ChessWithTDD.Tests.MoveIntoCheckValidatorTests" runstate="Runnable" testcasecount="2" result="Passed" start-time="2017-07-19 22:26:34Z" end-time="2017-07-19 22:26:34Z" duration="0.013040" total="2" passed="2" failed="0" warnings="0" inconclusive="0" skipped="0" asserts="2">
          <test-case id="0-1135" name="MovingWhiteKingIntoCheckReturnsTrue" fullname="ChessWithTDD.Tests.MoveIntoCheckValidatorTests.MovingWhiteKingIntoCheckReturnsTrue" methodname="MovingWhiteKingIntoCheckReturnsTrue" classname="ChessWithTDD.Tests.MoveIntoCheckValidatorTests" runstate="Runnable" seed="1838890861" result="Passed" start-time="2017-07-19 22:26:34Z" end-time="2017-07-19 22:26:34Z" duration="0.003778" asserts="1" />
          <test-case id="0-1136" name="MovingWhiteKingNotIntoCheckReturnsFalse" fullname="ChessWithTDD.Tests.MoveIntoCheckValidatorTests.MovingWhiteKingNotIntoCheckReturnsFalse" methodname="MovingWhiteKingNotIntoCheckReturnsFalse" classname="ChessWithTDD.Tests.MoveIntoCheckValidatorTests" runstate="Runnable" seed="1351494966" result="Passed" start-time="2017-07-19 22:26:34Z" end-time="2017-07-19 22:26:34Z" duration="0.002634" asserts="1" />
        </test-suite>
        <test-suite type="TestFixture" id="0-1663" name="MoveTests" fullname="ChessWithTDD.Tests.MoveTests" classname="ChessWithTDD.Tests.MoveTests" runstate="Runnable" testcasecount="8" result="Passed" start-time="2017-07-19 22:26:34Z" end-time="2017-07-19 22:26:34Z" duration="0.044012" total="8" passed="8" failed="0" warnings="0" inconclusive="0" skipped="0" asserts="8">
          <test-suite type="ParameterizedMethod" id="0-1665" name="MoveIntialisesWithFromSquareAndToSquareCorrectly" fullname="ChessWithTDD.Tests.MoveTests.MoveIntialisesWithFromSquareAndToSquareCorrectly" classname="ChessWithTDD.Tests.MoveTests" runstate="Runnable" testcasecount="1" result="Passed" start-time="2017-07-19 22:26:34Z" end-time="2017-07-19 22:26:34Z" duration="0.004030" total="1" passed="1" failed="0" warnings="0" inconclusive="0" skipped="0" asserts="1">
            <test-case id="0-1664" name="MoveIntialisesWithFromSquareAndToSquareCorrectly(1,2,3,4)" fullname="ChessWithTDD.Tests.MoveTests.MoveIntialisesWithFromSquareAndToSquareCorrectly(1,2,3,4)" methodname="MoveIntialisesWithFromSquareAndToSquareCorrectly" classname="ChessWithTDD.Tests.MoveTests" runstate="Runnable" seed="1456131196" result="Passed" start-time="2017-07-19 22:26:34Z" end-time="2017-07-19 22:26:34Z" duration="0.000347" asserts="1" />
          </test-suite>
          <test-suite type="ParameterizedMethod" id="0-1673" name="MoveObjectEqualsOverrideReturnsFalse" fullname="ChessWithTDD.Tests.MoveTests.MoveObjectEqualsOverrideReturnsFalse" classname="ChessWithTDD.Tests.MoveTests" runstate="Runnable" testcasecount="4" result="Passed" start-time="2017-07-19 22:26:34Z" end-time="2017-07-19 22:26:34Z" duration="0.016053" total="4" passed="4" failed="0" warnings="0" inconclusive="0" skipped="0" asserts="4">
            <test-case id="0-1669" name="MoveObjectEqualsOverrideReturnsFalse(1,2,3,5)" fullname="ChessWithTDD.Tests.MoveTests.MoveObjectEqualsOverrideReturnsFalse(1,2,3,5)" methodname="MoveObjectEqualsOverrideReturnsFalse" classname="ChessWithTDD.Tests.MoveTests" runstate="Runnable" seed="87268854" result="Passed" start-time="2017-07-19 22:26:34Z" end-time="2017-07-19 22:26:34Z" duration="0.000384" asserts="1" />
            <test-case id="0-1670" name="MoveObjectEqualsOverrideReturnsFalse(1,2,4,4)" fullname="ChessWithTDD.Tests.MoveTests.MoveObjectEqualsOverrideReturnsFalse(1,2,4,4)" methodname="MoveObjectEqualsOverrideReturnsFalse" classname="ChessWithTDD.Tests.MoveTests" runstate="Runnable" seed="694731156" result="Passed" start-time="2017-07-19 22:26:34Z" end-time="2017-07-19 22:26:34Z" duration="0.000070" asserts="1" />
            <test-case id="0-1671" name="MoveObjectEqualsOverrideReturnsFalse(1,3,3,4)" fullname="ChessWithTDD.Tests.MoveTests.MoveObjectEqualsOverrideReturnsFalse(1,3,3,4)" methodname="MoveObjectEqualsOverrideReturnsFalse" classname="ChessWithTDD.Tests.MoveTests" runstate="Runnable" seed="103399541" result="Passed" start-time="2017-07-19 22:26:34Z" end-time="2017-07-19 22:26:34Z" duration="0.000067" asserts="1" />
            <test-case id="0-1672" name="MoveObjectEqualsOverrideReturnsFalse(2,2,3,4)" fullname="ChessWithTDD.Tests.MoveTests.MoveObjectEqualsOverrideReturnsFalse(2,2,3,4)" methodname="MoveObjectEqualsOverrideReturnsFalse" classname="ChessWithTDD.Tests.MoveTests" runstate="Runnable" seed="1835528823" result="Passed" start-time="2017-07-19 22:26:34Z" end-time="2017-07-19 22:26:34Z" duration="0.000080" asserts="1" />
          </test-suite>
          <test-case id="0-1674" name="MoveObjectEqualsOverrideReturnsFalseForOtherObject" fullname="ChessWithTDD.Tests.MoveTests.MoveObjectEqualsOverrideReturnsFalseForOtherObject" methodname="MoveObjectEqualsOverrideReturnsFalseForOtherObject" classname="ChessWithTDD.Tests.MoveTests" runstate="Runnable" seed="492348989" result="Passed" start-time="2017-07-19 22:26:34Z" end-time="2017-07-19 22:26:34Z" duration="0.000354" asserts="1" />
          <test-suite type="ParameterizedMethod" id="0-1668" name="MoveObjectEqualsOverrideReturnsTrue" fullname="ChessWithTDD.Tests.MoveTests.MoveObjectEqualsOverrideReturnsTrue" classname="ChessWithTDD.Tests.MoveTests" runstate="Runnable" testcasecount="2" result="Passed" start-time="2017-07-19 22:26:34Z" end-time="2017-07-19 22:26:34Z" duration="0.008025" total="2" passed="2" failed="0" warnings="0" inconclusive="0" skipped="0" asserts="2">
            <test-case id="0-1666" name="MoveObjectEqualsOverrideReturnsTrue(1,2,3,4)" fullname="ChessWithTDD.Tests.MoveTests.MoveObjectEqualsOverrideReturnsTrue(1,2,3,4)" methodname="MoveObjectEqualsOverrideReturnsTrue" classname="ChessWithTDD.Tests.MoveTests" runstate="Runnable" seed="482873726" result="Passed" start-time="2017-07-19 22:26:34Z" end-time="2017-07-19 22:26:34Z" duration="0.000304" asserts="1" />
            <test-case id="0-1667" name="MoveObjectEqualsOverrideReturnsTrue(5,5,-5,5)" fullname="ChessWithTDD.Tests.MoveTests.MoveObjectEqualsOverrideReturnsTrue(5,5,-5,5)" methodname="MoveObjectEqualsOverrideReturnsTrue" classname="ChessWithTDD.Tests.MoveTests" runstate="Runnable" seed="1829434575" result="Passed" start-time="2017-07-19 22:26:34Z" end-time="2017-07-19 22:26:34Z" duration="0.000062" asserts="1" />
          </test-suite>
        </test-suite>
        <test-suite type="TestFixture" id="0-1137" name="MoveValidatorTests" fullname="ChessWithTDD.Tests.MoveValidatorTests" classname="ChessWithTDD.Tests.MoveValidatorTests" runstate="Runnable" testcasecount="4" result="Passed" start-time="2017-07-19 22:26:34Z" end-time="2017-07-19 22:26:34Z" duration="0.058983" total="4" passed="4" failed="0" warnings="0" inconclusive="0" skipped="0" asserts="4">
          <test-case id="0-1139" name="MoveIsValidReturnsFalseIfJustGenericMoveValidationFails" fullname="ChessWithTDD.Tests.MoveValidatorTests.MoveIsValidReturnsFalseIfJustGenericMoveValidationFails" methodname="MoveIsValidReturnsFalseIfJustGenericMoveValidationFails" classname="ChessWithTDD.Tests.MoveValidatorTests" runstate="Runnable" seed="378717624" result="Passed" start-time="2017-07-19 22:26:34Z" end-time="2017-07-19 22:26:34Z" duration="0.039629" asserts="1" />
          <test-case id="0-1141" name="MoveIsValidReturnsFalseIfJustMoveIntoCheckValidationFails" fullname="ChessWithTDD.Tests.MoveValidatorTests.MoveIsValidReturnsFalseIfJustMoveIntoCheckValidationFails" methodname="MoveIsValidReturnsFalseIfJustMoveIntoCheckValidationFails" classname="ChessWithTDD.Tests.MoveValidatorTests" runstate="Runnable" seed="1670545152" result="Passed" start-time="2017-07-19 22:26:34Z" end-time="2017-07-19 22:26:34Z" duration="0.002144" asserts="1" />
          <test-case id="0-1140" name="MoveIsValidReturnsFalseIfJustMultiSquareValidationFails" fullname="ChessWithTDD.Tests.MoveValidatorTests.MoveIsValidReturnsFalseIfJustMultiSquareValidationFails" methodname="MoveIsValidReturnsFalseIfJustMultiSquareValidationFails" classname="ChessWithTDD.Tests.MoveValidatorTests" runstate="Runnable" seed="1145681174" result="Passed" start-time="2017-07-19 22:26:34Z" end-time="2017-07-19 22:26:34Z" duration="0.001878" asserts="1" />
          <test-case id="0-1138" name="MoveIsValidReturnsTrueIfAllValidationPasses" fullname="ChessWithTDD.Tests.MoveValidatorTests.MoveIsValidReturnsTrueIfAllValidationPasses" methodname="MoveIsValidReturnsTrueIfAllValidationPasses" classname="ChessWithTDD.Tests.MoveValidatorTests" runstate="Runnable" seed="2002278777" result="Passed" start-time="2017-07-19 22:26:34Z" end-time="2017-07-19 22:26:34Z" duration="0.001824" asserts="1" />
        </test-suite>
        <test-suite type="TestFixture" id="0-1142" name="MultiSquareMoveValidatorTests" fullname="ChessWithTDD.Tests.MultiSquareMoveValidatorTests" classname="ChessWithTDD.Tests.MultiSquareMoveValidatorTests" runstate="Runnable" testcasecount="16" result="Passed" start-time="2017-07-19 22:26:34Z" end-time="2017-07-19 22:26:34Z" duration="0.241532" total="16" passed="16" failed="0" warnings="0" inconclusive="0" skipped="0" asserts="16">
          <test-suite type="ParameterizedMethod" id="0-1169" name="MoveMultipleSquaresDiagonallyIsValidIfThereAreNoObstructionsAndCanMoveOfPieceIsTrue" fullname="ChessWithTDD.Tests.MultiSquareMoveValidatorTests.MoveMultipleSquaresDiagonallyIsValidIfThereAreNoObstructionsAndCanMoveOfPieceIsTrue" classname="ChessWithTDD.Tests.MultiSquareMoveValidatorTests" runstate="Runnable" testcasecount="4" result="Passed" start-time="2017-07-19 22:26:34Z" end-time="2017-07-19 22:26:34Z" duration="0.055511" total="4" passed="4" failed="0" warnings="0" inconclusive="0" skipped="0" asserts="4">
            <test-case id="0-1165" name="MoveMultipleSquaresDiagonallyIsValidIfThereAreNoObstructionsAndCanMoveOfPieceIsTrue(2,5,5,2)" fullname="ChessWithTDD.Tests.MultiSquareMoveValidatorTests.MoveMultipleSquaresDiagonallyIsValidIfThereAreNoObstructionsAndCanMoveOfPieceIsTrue(2,5,5,2)" methodname="MoveMultipleSquaresDiagonallyIsValidIfThereAreNoObstructionsAndCanMoveOfPieceIsTrue" classname="ChessWithTDD.Tests.MultiSquareMoveValidatorTests" runstate="Runnable" seed="671005232" result="Passed" start-time="2017-07-19 22:26:34Z" end-time="2017-07-19 22:26:34Z" duration="0.014479" asserts="1" />
            <test-case id="0-1166" name="MoveMultipleSquaresDiagonallyIsValidIfThereAreNoObstructionsAndCanMoveOfPieceIsTrue(2,3,5,6)" fullname="ChessWithTDD.Tests.MultiSquareMoveValidatorTests.MoveMultipleSquaresDiagonallyIsValidIfThereAreNoObstructionsAndCanMoveOfPieceIsTrue(2,3,5,6)" methodname="MoveMultipleSquaresDiagonallyIsValidIfThereAreNoObstructionsAndCanMoveOfPieceIsTrue" classname="ChessWithTDD.Tests.MultiSquareMoveValidatorTests" runstate="Runnable" seed="632386141" result="Passed" start-time="2017-07-19 22:26:34Z" end-time="2017-07-19 22:26:34Z" duration="0.008175" asserts="1" />
            <test-case id="0-1167" name="MoveMultipleSquaresDiagonallyIsValidIfThereAreNoObstructionsAndCanMoveOfPieceIsTrue(5,5,2,2)" fullname="ChessWithTDD.Tests.MultiSquareMoveValidatorTests.MoveMultipleSquaresDiagonallyIsValidIfThereAreNoObstructionsAndCanMoveOfPieceIsTrue(5,5,2,2)" methodname="MoveMultipleSquaresDiagonallyIsValidIfThereAreNoObstructionsAndCanMoveOfPieceIsTrue" classname="ChessWithTDD.Tests.MultiSquareMoveValidatorTests" runstate="Runnable" seed="1392317572" result="Passed" start-time="2017-07-19 22:26:34Z" end-time="2017-07-19 22:26:34Z" duration="0.009900" asserts="1" />
            <test-case id="0-1168" name="MoveMultipleSquaresDiagonallyIsValidIfThereAreNoObstructionsAndCanMoveOfPieceIsTrue(5,2,2,5)" fullname="ChessWithTDD.Tests.MultiSquareMoveValidatorTests.MoveMultipleSquaresDiagonallyIsValidIfThereAreNoObstructionsAndCanMoveOfPieceIsTrue(5,2,2,5)" methodname="MoveMultipleSquaresDiagonallyIsValidIfThereAreNoObstructionsAndCanMoveOfPieceIsTrue" classname="ChessWithTDD.Tests.MultiSquareMoveValidatorTests" runstate="Runnable" seed="1468877979" result="Passed" start-time="2017-07-19 22:26:34Z" end-time="2017-07-19 22:26:34Z" duration="0.008311" asserts="1" />
          </test-suite>
          <test-suite type="ParameterizedMethod" id="0-1149" name="MoveMultipleSquaresHorizontallyIsValidIfThereAreNoObstructions" fullname="ChessWithTDD.Tests.MultiSquareMoveValidatorTests.MoveMultipleSquaresHorizontallyIsValidIfThereAreNoObstructions" classname="ChessWithTDD.Tests.MultiSquareMoveValidatorTests" runstate="Runnable" testcasecount="2" result="Passed" start-time="2017-07-19 22:26:34Z" end-time="2017-07-19 22:26:34Z" duration="0.025025" total="2" passed="2" failed="0" warnings="0" inconclusive="0" skipped="0" asserts="2">
            <test-case id="0-1147" name="MoveMultipleSquaresHorizontallyIsValidIfThereAreNoObstructions(2,6,2,0)" fullname="ChessWithTDD.Tests.MultiSquareMoveValidatorTests.MoveMultipleSquaresHorizontallyIsValidIfThereAreNoObstructions(2,6,2,0)" methodname="MoveMultipleSquaresHorizontallyIsValidIfThereAreNoObstructions" classname="ChessWithTDD.Tests.MultiSquareMoveValidatorTests" runstate="Runnable" seed="2046041542" result="Passed" start-time="2017-07-19 22:26:34Z" end-time="2017-07-19 22:26:34Z" duration="0.009906" asserts="1" />
            <test-case id="0-1148" name="MoveMultipleSquaresHorizontallyIsValidIfThereAreNoObstructions(2,2,2,7)" fullname="ChessWithTDD.Tests.MultiSquareMoveValidatorTests.MoveMultipleSquaresHorizontallyIsValidIfThereAreNoObstructions(2,2,2,7)" methodname="MoveMultipleSquaresHorizontallyIsValidIfThereAreNoObstructions" classname="ChessWithTDD.Tests.MultiSquareMoveValidatorTests" runstate="Runnable" seed="1840029520" result="Passed" start-time="2017-07-19 22:26:34Z" end-time="2017-07-19 22:26:34Z" duration="0.008199" asserts="1" />
          </test-suite>
          <test-suite type="ParameterizedMethod" id="0-1146" name="MoveMultipleSquaresHorizontallyLeftIsNotValidIfThereAreObstructions" fullname="ChessWithTDD.Tests.MultiSquareMoveValidatorTests.MoveMultipleSquaresHorizontallyLeftIsNotValidIfThereAreObstructions" classname="ChessWithTDD.Tests.MultiSquareMoveValidatorTests" runstate="Runnable" testcasecount="1" result="Passed" start-time="2017-07-19 22:26:34Z" end-time="2017-07-19 22:26:34Z" duration="0.013061" total="1" passed="1" failed="0" warnings="0" inconclusive="0" skipped="0" asserts="1">
            <test-case id="0-1145" name="MoveMultipleSquaresHorizontallyLeftIsNotValidIfThereAreObstructions(3,6,3,0)" fullname="ChessWithTDD.Tests.MultiSquareMoveValidatorTests.MoveMultipleSquaresHorizontallyLeftIsNotValidIfThereAreObstructions(3,6,3,0)" methodname="MoveMultipleSquaresHorizontallyLeftIsNotValidIfThereAreObstructions" classname="ChessWithTDD.Tests.MultiSquareMoveValidatorTests" runstate="Runnable" seed="1506759640" result="Passed" start-time="2017-07-19 22:26:34Z" end-time="2017-07-19 22:26:34Z" duration="0.009405" asserts="1" />
          </test-suite>
          <test-suite type="ParameterizedMethod" id="0-1144" name="MoveMultipleSquaresHorizontallyRightIsNotValidIfThereAreObstructions" fullname="ChessWithTDD.Tests.MultiSquareMoveValidatorTests.MoveMultipleSquaresHorizontallyRightIsNotValidIfThereAreObstructions" classname="ChessWithTDD.Tests.MultiSquareMoveValidatorTests" runstate="Runnable" testcasecount="1" result="Passed" start-time="2017-07-19 22:26:34Z" end-time="2017-07-19 22:26:34Z" duration="0.011062" total="1" passed="1" failed="0" warnings="0" inconclusive="0" skipped="0" asserts="1">
            <test-case id="0-1143" name="MoveMultipleSquaresHorizontallyRightIsNotValidIfThereAreObstructions(3,2,3,7)" fullname="ChessWithTDD.Tests.MultiSquareMoveValidatorTests.MoveMultipleSquaresHorizontallyRightIsNotValidIfThereAreObstructions(3,2,3,7)" methodname="MoveMultipleSquaresHorizontallyRightIsNotValidIfThereAreObstructions" classname="ChessWithTDD.Tests.MultiSquareMoveValidatorTests" runstate="Runnable" seed="2030594710" result="Passed" start-time="2017-07-19 22:26:34Z" end-time="2017-07-19 22:26:34Z" duration="0.007864" asserts="1" />
          </test-suite>
          <test-suite type="ParameterizedMethod" id="0-1160" name="MoveMultipleSquaresNorthEastIsNotValidIfThereAreObstructions" fullname="ChessWithTDD.Tests.MultiSquareMoveValidatorTests.MoveMultipleSquaresNorthEastIsNotValidIfThereAreObstructions" classname="ChessWithTDD.Tests.MultiSquareMoveValidatorTests" runstate="Runnable" testcasecount="1" result="Passed" start-time="2017-07-19 22:26:34Z" end-time="2017-07-19 22:26:34Z" duration="0.010990" total="1" passed="1" failed="0" warnings="0" inconclusive="0" skipped="0" asserts="1">
            <test-case id="0-1159" name="MoveMultipleSquaresNorthEastIsNotValidIfThereAreObstructions(2,3,5,6)" fullname="ChessWithTDD.Tests.MultiSquareMoveValidatorTests.MoveMultipleSquaresNorthEastIsNotValidIfThereAreObstructions(2,3,5,6)" methodname="MoveMultipleSquaresNorthEastIsNotValidIfThereAreObstructions" classname="ChessWithTDD.Tests.MultiSquareMoveValidatorTests" runstate="Runnable" seed="508012888" result="Passed" start-time="2017-07-19 22:26:34Z" end-time="2017-07-19 22:26:34Z" duration="0.007575" asserts="1" />
          </test-suite>
          <test-suite type="ParameterizedMethod" id="0-1158" name="MoveMultipleSquaresNorthWestIsNotValidIfThereAreObstructions" fullname="ChessWithTDD.Tests.MultiSquareMoveValidatorTests.MoveMultipleSquaresNorthWestIsNotValidIfThereAreObstructions" classname="ChessWithTDD.Tests.MultiSquareMoveValidatorTests" runstate="Runnable" testcasecount="1" result="Passed" start-time="2017-07-19 22:26:34Z" end-time="2017-07-19 22:26:34Z" duration="0.011032" total="1" passed="1" failed="0" warnings="0" inconclusive="0" skipped="0" asserts="1">
            <test-case id="0-1157" name="MoveMultipleSquaresNorthWestIsNotValidIfThereAreObstructions(2,5,5,2)" fullname="ChessWithTDD.Tests.MultiSquareMoveValidatorTests.MoveMultipleSquaresNorthWestIsNotValidIfThereAreObstructions(2,5,5,2)" methodname="MoveMultipleSquaresNorthWestIsNotValidIfThereAreObstructions" classname="ChessWithTDD.Tests.MultiSquareMoveValidatorTests" runstate="Runnable" seed="1452410472" result="Passed" start-time="2017-07-19 22:26:34Z" end-time="2017-07-19 22:26:34Z" duration="0.007481" asserts="1" />
          </test-suite>
          <test-suite type="ParameterizedMethod" id="0-1164" name="MoveMultipleSquaresSouthEastIsNotValidIfThereAreObstructions" fullname="ChessWithTDD.Tests.MultiSquareMoveValidatorTests.MoveMultipleSquaresSouthEastIsNotValidIfThereAreObstructions" classname="ChessWithTDD.Tests.MultiSquareMoveValidatorTests" runstate="Runnable" testcasecount="1" result="Passed" start-time="2017-07-19 22:26:34Z" end-time="2017-07-19 22:26:34Z" duration="0.011999" total="1" passed="1" failed="0" warnings="0" inconclusive="0" skipped="0" asserts="1">
            <test-case id="0-1163" name="MoveMultipleSquaresSouthEastIsNotValidIfThereAreObstructions(5,2,2,5)" fullname="ChessWithTDD.Tests.MultiSquareMoveValidatorTests.MoveMultipleSquaresSouthEastIsNotValidIfThereAreObstructions(5,2,2,5)" methodname="MoveMultipleSquaresSouthEastIsNotValidIfThereAreObstructions" classname="ChessWithTDD.Tests.MultiSquareMoveValidatorTests" runstate="Runnable" seed="1491618746" result="Passed" start-time="2017-07-19 22:26:34Z" end-time="2017-07-19 22:26:34Z" duration="0.008422" asserts="1" />
          </test-suite>
          <test-suite type="ParameterizedMethod" id="0-1162" name="MoveMultipleSquaresSouthhWestIsNotValidIfThereAreObstructions" fullname="ChessWithTDD.Tests.MultiSquareMoveValidatorTests.MoveMultipleSquaresSouthhWestIsNotValidIfThereAreObstructions" classname="ChessWithTDD.Tests.MultiSquareMoveValidatorTests" runstate="Runnable" testcasecount="1" result="Passed" start-time="2017-07-19 22:26:34Z" end-time="2017-07-19 22:26:34Z" duration="0.011023" total="1" passed="1" failed="0" warnings="0" inconclusive="0" skipped="0" asserts="1">
            <test-case id="0-1161" name="MoveMultipleSquaresSouthhWestIsNotValidIfThereAreObstructions(5,5,2,2)" fullname="ChessWithTDD.Tests.MultiSquareMoveValidatorTests.MoveMultipleSquaresSouthhWestIsNotValidIfThereAreObstructions(5,5,2,2)" methodname="MoveMultipleSquaresSouthhWestIsNotValidIfThereAreObstructions" classname="ChessWithTDD.Tests.MultiSquareMoveValidatorTests" runstate="Runnable" seed="1703894398" result="Passed" start-time="2017-07-19 22:26:34Z" end-time="2017-07-19 22:26:34Z" duration="0.007709" asserts="1" />
          </test-suite>
          <test-suite type="ParameterizedMethod" id="0-1153" name="MoveMultipleSquaresVerticallyDownIsNotValidIfThereAreObstructions" fullname="ChessWithTDD.Tests.MultiSquareMoveValidatorTests.MoveMultipleSquaresVerticallyDownIsNotValidIfThereAreObstructions" classname="ChessWithTDD.Tests.MultiSquareMoveValidatorTests" runstate="Runnable" testcasecount="1" result="Passed" start-time="2017-07-19 22:26:34Z" end-time="2017-07-19 22:26:34Z" duration="0.013063" total="1" passed="1" failed="0" warnings="0" inconclusive="0" skipped="0" asserts="1">
            <test-case id="0-1152" name="MoveMultipleSquaresVerticallyDownIsNotValidIfThereAreObstructions(5,2,2,2)" fullname="ChessWithTDD.Tests.MultiSquareMoveValidatorTests.MoveMultipleSquaresVerticallyDownIsNotValidIfThereAreObstructions(5,2,2,2)" methodname="MoveMultipleSquaresVerticallyDownIsNotValidIfThereAreObstructions" classname="ChessWithTDD.Tests.MultiSquareMoveValidatorTests" runstate="Runnable" seed="343743098" result="Passed" start-time="2017-07-19 22:26:34Z" end-time="2017-07-19 22:26:34Z" duration="0.009302" asserts="1" />
          </test-suite>
          <test-suite type="ParameterizedMethod" id="0-1156" name="MoveMultipleSquaresVerticallyIsValidIfThereAreNoObstructions" fullname="ChessWithTDD.Tests.MultiSquareMoveValidatorTests.MoveMultipleSquaresVerticallyIsValidIfThereAreNoObstructions" classname="ChessWithTDD.Tests.MultiSquareMoveValidatorTests" runstate="Runnable" testcasecount="2" result="Passed" start-time="2017-07-19 22:26:34Z" end-time="2017-07-19 22:26:34Z" duration="0.022976" total="2" passed="2" failed="0" warnings="0" inconclusive="0" skipped="0" asserts="2">
            <test-case id="0-1154" name="MoveMultipleSquaresVerticallyIsValidIfThereAreNoObstructions(5,2,2,2)" fullname="ChessWithTDD.Tests.MultiSquareMoveValidatorTests.MoveMultipleSquaresVerticallyIsValidIfThereAreNoObstructions(5,2,2,2)" methodname="MoveMultipleSquaresVerticallyIsValidIfThereAreNoObstructions" classname="ChessWithTDD.Tests.MultiSquareMoveValidatorTests" runstate="Runnable" seed="989070705" result="Passed" start-time="2017-07-19 22:26:34Z" end-time="2017-07-19 22:26:34Z" duration="0.006955" asserts="1" />
            <test-case id="0-1155" name="MoveMultipleSquaresVerticallyIsValidIfThereAreNoObstructions(2,2,5,2)" fullname="ChessWithTDD.Tests.MultiSquareMoveValidatorTests.MoveMultipleSquaresVerticallyIsValidIfThereAreNoObstructions(2,2,5,2)" methodname="MoveMultipleSquaresVerticallyIsValidIfThereAreNoObstructions" classname="ChessWithTDD.Tests.MultiSquareMoveValidatorTests" runstate="Runnable" seed="1531496177" result="Passed" start-time="2017-07-19 22:26:34Z" end-time="2017-07-19 22:26:34Z" duration="0.008296" asserts="1" />
          </test-suite>
          <test-suite type="ParameterizedMethod" id="0-1151" name="MoveMultipleSquaresVerticallyUpIsNotValidIfThereAreObstructions" fullname="ChessWithTDD.Tests.MultiSquareMoveValidatorTests.MoveMultipleSquaresVerticallyUpIsNotValidIfThereAreObstructions" classname="ChessWithTDD.Tests.MultiSquareMoveValidatorTests" runstate="Runnable" testcasecount="1" result="Passed" start-time="2017-07-19 22:26:34Z" end-time="2017-07-19 22:26:34Z" duration="0.012015" total="1" passed="1" failed="0" warnings="0" inconclusive="0" skipped="0" asserts="1">
            <test-case id="0-1150" name="MoveMultipleSquaresVerticallyUpIsNotValidIfThereAreObstructions(2,2,6,2)" fullname="ChessWithTDD.Tests.MultiSquareMoveValidatorTests.MoveMultipleSquaresVerticallyUpIsNotValidIfThereAreObstructions(2,2,6,2)" methodname="MoveMultipleSquaresVerticallyUpIsNotValidIfThereAreObstructions" classname="ChessWithTDD.Tests.MultiSquareMoveValidatorTests" runstate="Runnable" seed="161913770" result="Passed" start-time="2017-07-19 22:26:34Z" end-time="2017-07-19 22:26:34Z" duration="0.008713" asserts="1" />
          </test-suite>
        </test-suite>
        <test-suite type="TestFixture" id="0-1210" name="PawnManagerTests" fullname="ChessWithTDD.Tests.PawnManagerTests" classname="ChessWithTDD.Tests.PawnManagerTests" runstate="Runnable" testcasecount="5" result="Passed" start-time="2017-07-19 22:26:34Z" end-time="2017-07-19 22:26:34Z" duration="0.043004" total="5" passed="5" failed="0" warnings="0" inconclusive="0" skipped="0" asserts="0">
          <test-case id="0-1214" name="MakePawnAmendmentsCallsEnPassantManagerToCapturePiecesThroughEnPassant" fullname="ChessWithTDD.Tests.PawnManagerTests.MakePawnAmendmentsCallsEnPassantManagerToCapturePiecesThroughEnPassant" methodname="MakePawnAmendmentsCallsEnPassantManagerToCapturePiecesThroughEnPassant" classname="ChessWithTDD.Tests.PawnManagerTests" runstate="Runnable" seed="1523282743" result="Passed" start-time="2017-07-19 22:26:34Z" end-time="2017-07-19 22:26:34Z" duration="0.017488" asserts="0" />
          <test-case id="0-1213" name="MakePawnAmendmentsCallsEnPassantManagerToMarkSquares" fullname="ChessWithTDD.Tests.PawnManagerTests.MakePawnAmendmentsCallsEnPassantManagerToMarkSquares" methodname="MakePawnAmendmentsCallsEnPassantManagerToMarkSquares" classname="ChessWithTDD.Tests.PawnManagerTests" runstate="Runnable" seed="913032272" result="Passed" start-time="2017-07-19 22:26:34Z" end-time="2017-07-19 22:26:34Z" duration="0.001501" asserts="0" />
          <test-case id="0-1211" name="MakePawnAmendmentsWhereHasMovedIsFalseSetsHasMovedToTrue" fullname="ChessWithTDD.Tests.PawnManagerTests.MakePawnAmendmentsWhereHasMovedIsFalseSetsHasMovedToTrue" methodname="MakePawnAmendmentsWhereHasMovedIsFalseSetsHasMovedToTrue" classname="ChessWithTDD.Tests.PawnManagerTests" runstate="Runnable" seed="1401559693" result="Passed" start-time="2017-07-19 22:26:34Z" end-time="2017-07-19 22:26:34Z" duration="0.003057" asserts="0" />
          <test-case id="0-1212" name="MakePawnAmendmentsWhereHasMovedIsTrueDoesNothing" fullname="ChessWithTDD.Tests.PawnManagerTests.MakePawnAmendmentsWhereHasMovedIsTrueDoesNothing" methodname="MakePawnAmendmentsWhereHasMovedIsTrueDoesNothing" classname="ChessWithTDD.Tests.PawnManagerTests" runstate="Runnable" seed="86586618" result="Passed" start-time="2017-07-19 22:26:34Z" end-time="2017-07-19 22:26:34Z" duration="0.001243" asserts="0" />
          <test-case id="0-1215" name="UnmarkEnPassantCallsEnPassantManagerToUnmark" fullname="ChessWithTDD.Tests.PawnManagerTests.UnmarkEnPassantCallsEnPassantManagerToUnmark" methodname="UnmarkEnPassantCallsEnPassantManagerToUnmark" classname="ChessWithTDD.Tests.PawnManagerTests" runstate="Runnable" seed="924147360" result="Passed" start-time="2017-07-19 22:26:34Z" end-time="2017-07-19 22:26:34Z" duration="0.001544" asserts="0" />
        </test-suite>
        <test-suite type="TestFixture" id="0-1501" name="QueenTests" fullname="ChessWithTDD.Tests.QueenTests" classname="ChessWithTDD.Tests.QueenTests" runstate="Runnable" testcasecount="14" result="Passed" start-time="2017-07-19 22:26:34Z" end-time="2017-07-19 22:26:35Z" duration="0.083040" total="14" passed="14" failed="0" warnings="0" inconclusive="0" skipped="0" asserts="14">
          <test-suite type="ParameterizedMethod" id="0-1507" name="QueenCanMoveDiagonally" fullname="ChessWithTDD.Tests.QueenTests.QueenCanMoveDiagonally" classname="ChessWithTDD.Tests.QueenTests" runstate="Runnable" testcasecount="5" result="Passed" start-time="2017-07-19 22:26:34Z" end-time="2017-07-19 22:26:35Z" duration="0.021997" total="5" passed="5" failed="0" warnings="0" inconclusive="0" skipped="0" asserts="5">
            <test-case id="0-1502" name="QueenCanMoveDiagonally(2,5,5,2)" fullname="ChessWithTDD.Tests.QueenTests.QueenCanMoveDiagonally(2,5,5,2)" methodname="QueenCanMoveDiagonally" classname="ChessWithTDD.Tests.QueenTests" runstate="Runnable" seed="1112128775" result="Passed" start-time="2017-07-19 22:26:35Z" end-time="2017-07-19 22:26:35Z" duration="0.001665" asserts="1" />
            <test-case id="0-1503" name="QueenCanMoveDiagonally(2,3,5,6)" fullname="ChessWithTDD.Tests.QueenTests.QueenCanMoveDiagonally(2,3,5,6)" methodname="QueenCanMoveDiagonally" classname="ChessWithTDD.Tests.QueenTests" runstate="Runnable" seed="776039033" result="Passed" start-time="2017-07-19 22:26:35Z" end-time="2017-07-19 22:26:35Z" duration="0.000977" asserts="1" />
            <test-case id="0-1504" name="QueenCanMoveDiagonally(5,5,2,2)" fullname="ChessWithTDD.Tests.QueenTests.QueenCanMoveDiagonally(5,5,2,2)" methodname="QueenCanMoveDiagonally" classname="ChessWithTDD.Tests.QueenTests" runstate="Runnable" seed="1529582829" result="Passed" start-time="2017-07-19 22:26:35Z" end-time="2017-07-19 22:26:35Z" duration="0.000919" asserts="1" />
            <test-case id="0-1505" name="QueenCanMoveDiagonally(5,2,2,5)" fullname="ChessWithTDD.Tests.QueenTests.QueenCanMoveDiagonally(5,2,2,5)" methodname="QueenCanMoveDiagonally" classname="ChessWithTDD.Tests.QueenTests" runstate="Runnable" seed="1891861542" result="Passed" start-time="2017-07-19 22:26:35Z" end-time="2017-07-19 22:26:35Z" duration="0.000885" asserts="1" />
            <test-case id="0-1506" name="QueenCanMoveDiagonally(3,3,4,4)" fullname="ChessWithTDD.Tests.QueenTests.QueenCanMoveDiagonally(3,3,4,4)" methodname="QueenCanMoveDiagonally" classname="ChessWithTDD.Tests.QueenTests" runstate="Runnable" seed="873546383" result="Passed" start-time="2017-07-19 22:26:35Z" end-time="2017-07-19 22:26:35Z" duration="0.000890" asserts="1" />
          </test-suite>
          <test-suite type="ParameterizedMethod" id="0-1511" name="QueenCanMoveHorizontally" fullname="ChessWithTDD.Tests.QueenTests.QueenCanMoveHorizontally" classname="ChessWithTDD.Tests.QueenTests" runstate="Runnable" testcasecount="3" result="Passed" start-time="2017-07-19 22:26:35Z" end-time="2017-07-19 22:26:35Z" duration="0.015032" total="3" passed="3" failed="0" warnings="0" inconclusive="0" skipped="0" asserts="3">
            <test-case id="0-1508" name="QueenCanMoveHorizontally(2,6,2,0)" fullname="ChessWithTDD.Tests.QueenTests.QueenCanMoveHorizontally(2,6,2,0)" methodname="QueenCanMoveHorizontally" classname="ChessWithTDD.Tests.QueenTests" runstate="Runnable" seed="565709362" result="Passed" start-time="2017-07-19 22:26:35Z" end-time="2017-07-19 22:26:35Z" duration="0.001746" asserts="1" />
            <test-case id="0-1509" name="QueenCanMoveHorizontally(2,2,2,7)" fullname="ChessWithTDD.Tests.QueenTests.QueenCanMoveHorizontally(2,2,2,7)" methodname="QueenCanMoveHorizontally" classname="ChessWithTDD.Tests.QueenTests" runstate="Runnable" seed="884376156" result="Passed" start-time="2017-07-19 22:26:35Z" end-time="2017-07-19 22:26:35Z" duration="0.001520" asserts="1" />
            <test-case id="0-1510" name="QueenCanMoveHorizontally(3,3,3,4)" fullname="ChessWithTDD.Tests.QueenTests.QueenCanMoveHorizontally(3,3,3,4)" methodname="QueenCanMoveHorizontally" classname="ChessWithTDD.Tests.QueenTests" runstate="Runnable" seed="1003711792" result="Passed" start-time="2017-07-19 22:26:35Z" end-time="2017-07-19 22:26:35Z" duration="0.001349" asserts="1" />
          </test-suite>
          <test-suite type="ParameterizedMethod" id="0-1515" name="QueenCanMoveVertically" fullname="ChessWithTDD.Tests.QueenTests.QueenCanMoveVertically" classname="ChessWithTDD.Tests.QueenTests" runstate="Runnable" testcasecount="3" result="Passed" start-time="2017-07-19 22:26:35Z" end-time="2017-07-19 22:26:35Z" duration="0.015010" total="3" passed="3" failed="0" warnings="0" inconclusive="0" skipped="0" asserts="3">
            <test-case id="0-1512" name="QueenCanMoveVertically(5,2,2,2)" fullname="ChessWithTDD.Tests.QueenTests.QueenCanMoveVertically(5,2,2,2)" methodname="QueenCanMoveVertically" classname="ChessWithTDD.Tests.QueenTests" runstate="Runnable" seed="1992269250" result="Passed" start-time="2017-07-19 22:26:35Z" end-time="2017-07-19 22:26:35Z" duration="0.001784" asserts="1" />
            <test-case id="0-1513" name="QueenCanMoveVertically(2,2,5,2)" fullname="ChessWithTDD.Tests.QueenTests.QueenCanMoveVertically(2,2,5,2)" methodname="QueenCanMoveVertically" classname="ChessWithTDD.Tests.QueenTests" runstate="Runnable" seed="141310397" result="Passed" start-time="2017-07-19 22:26:35Z" end-time="2017-07-19 22:26:35Z" duration="0.001042" asserts="1" />
            <test-case id="0-1514" name="QueenCanMoveVertically(3,3,4,3)" fullname="ChessWithTDD.Tests.QueenTests.QueenCanMoveVertically(3,3,4,3)" methodname="QueenCanMoveVertically" classname="ChessWithTDD.Tests.QueenTests" runstate="Runnable" seed="626056147" result="Passed" start-time="2017-07-19 22:26:35Z" end-time="2017-07-19 22:26:35Z" duration="0.001035" asserts="1" />
          </test-suite>
          <test-suite type="ParameterizedMethod" id="0-1519" name="QueenCannotMoveRandomly" fullname="ChessWithTDD.Tests.QueenTests.QueenCannotMoveRandomly" classname="ChessWithTDD.Tests.QueenTests" runstate="Runnable" testcasecount="3" result="Passed" start-time="2017-07-19 22:26:35Z" end-time="2017-07-19 22:26:35Z" duration="0.015027" total="3" passed="3" failed="0" warnings="0" inconclusive="0" skipped="0" asserts="3">
            <test-case id="0-1516" name="QueenCannotMoveRandomly(2,6,3,3)" fullname="ChessWithTDD.Tests.QueenTests.QueenCannotMoveRandomly(2,6,3,3)" methodname="QueenCannotMoveRandomly" classname="ChessWithTDD.Tests.QueenTests" runstate="Runnable" seed="1954158435" result="Passed" start-time="2017-07-19 22:26:35Z" end-time="2017-07-19 22:26:35Z" duration="0.001303" asserts="1" />
            <test-case id="0-1517" name="QueenCannotMoveRandomly(3,1,4,5)" fullname="ChessWithTDD.Tests.QueenTests.QueenCannotMoveRandomly(3,1,4,5)" methodname="QueenCannotMoveRandomly" classname="ChessWithTDD.Tests.QueenTests" runstate="Runnable" seed="1173540144" result="Passed" start-time="2017-07-19 22:26:35Z" end-time="2017-07-19 22:26:35Z" duration="0.001303" asserts="1" />
            <test-case id="0-1518" name="QueenCannotMoveRandomly(6,6,2,7)" fullname="ChessWithTDD.Tests.QueenTests.QueenCannotMoveRandomly(6,6,2,7)" methodname="QueenCannotMoveRandomly" classname="ChessWithTDD.Tests.QueenTests" runstate="Runnable" seed="1051105470" result="Passed" start-time="2017-07-19 22:26:35Z" end-time="2017-07-19 22:26:35Z" duration="0.001049" asserts="1" />
          </test-suite>
        </test-suite>
        <test-suite type="TestFixture" id="0-1520" name="RookTests" fullname="ChessWithTDD.Tests.RookTests" classname="ChessWithTDD.Tests.RookTests" runstate="Runnable" testcasecount="14" result="Passed" start-time="2017-07-19 22:26:35Z" end-time="2017-07-19 22:26:35Z" duration="0.081013" total="14" passed="14" failed="0" warnings="0" inconclusive="0" skipped="0" asserts="14">
          <test-suite type="ParameterizedMethod" id="0-1524" name="RookCanMoveHorizontally" fullname="ChessWithTDD.Tests.RookTests.RookCanMoveHorizontally" classname="ChessWithTDD.Tests.RookTests" runstate="Runnable" testcasecount="3" result="Passed" start-time="2017-07-19 22:26:35Z" end-time="2017-07-19 22:26:35Z" duration="0.013988" total="3" passed="3" failed="0" warnings="0" inconclusive="0" skipped="0" asserts="3">
            <test-case id="0-1521" name="RookCanMoveHorizontally(2,6,2,0)" fullname="ChessWithTDD.Tests.RookTests.RookCanMoveHorizontally(2,6,2,0)" methodname="RookCanMoveHorizontally" classname="ChessWithTDD.Tests.RookTests" runstate="Runnable" seed="546648610" result="Passed" start-time="2017-07-19 22:26:35Z" end-time="2017-07-19 22:26:35Z" duration="0.001713" asserts="1" />
            <test-case id="0-1522" name="RookCanMoveHorizontally(2,2,2,7)" fullname="ChessWithTDD.Tests.RookTests.RookCanMoveHorizontally(2,2,2,7)" methodname="RookCanMoveHorizontally" classname="ChessWithTDD.Tests.RookTests" runstate="Runnable" seed="1036089790" result="Passed" start-time="2017-07-19 22:26:35Z" end-time="2017-07-19 22:26:35Z" duration="0.001023" asserts="1" />
            <test-case id="0-1523" name="RookCanMoveHorizontally(3,3,3,4)" fullname="ChessWithTDD.Tests.RookTests.RookCanMoveHorizontally(3,3,3,4)" methodname="RookCanMoveHorizontally" classname="ChessWithTDD.Tests.RookTests" runstate="Runnable" seed="730277101" result="Passed" start-time="2017-07-19 22:26:35Z" end-time="2017-07-19 22:26:35Z" duration="0.000855" asserts="1" />
          </test-suite>
          <test-suite type="ParameterizedMethod" id="0-1528" name="RookCanMoveVertically" fullname="ChessWithTDD.Tests.RookTests.RookCanMoveVertically" classname="ChessWithTDD.Tests.RookTests" runstate="Runnable" testcasecount="3" result="Passed" start-time="2017-07-19 22:26:35Z" end-time="2017-07-19 22:26:35Z" duration="0.014002" total="3" passed="3" failed="0" warnings="0" inconclusive="0" skipped="0" asserts="3">
            <test-case id="0-1525" name="RookCanMoveVertically(5,2,2,2)" fullname="ChessWithTDD.Tests.RookTests.RookCanMoveVertically(5,2,2,2)" methodname="RookCanMoveVertically" classname="ChessWithTDD.Tests.RookTests" runstate="Runnable" seed="1862567105" result="Passed" start-time="2017-07-19 22:26:35Z" end-time="2017-07-19 22:26:35Z" duration="0.001288" asserts="1" />
            <test-case id="0-1526" name="RookCanMoveVertically(2,2,5,2)" fullname="ChessWithTDD.Tests.RookTests.RookCanMoveVertically(2,2,5,2)" methodname="RookCanMoveVertically" classname="ChessWithTDD.Tests.RookTests" runstate="Runnable" seed="436710983" result="Passed" start-time="2017-07-19 22:26:35Z" end-time="2017-07-19 22:26:35Z" duration="0.000947" asserts="1" />
            <test-case id="0-1527" name="RookCanMoveVertically(3,3,4,3)" fullname="ChessWithTDD.Tests.RookTests.RookCanMoveVertically(3,3,4,3)" methodname="RookCanMoveVertically" classname="ChessWithTDD.Tests.RookTests" runstate="Runnable" seed="1431335657" result="Passed" start-time="2017-07-19 22:26:35Z" end-time="2017-07-19 22:26:35Z" duration="0.000916" asserts="1" />
          </test-suite>
          <test-suite type="ParameterizedMethod" id="0-1534" name="RookCannotMoveDiagonally" fullname="ChessWithTDD.Tests.RookTests.RookCannotMoveDiagonally" classname="ChessWithTDD.Tests.RookTests" runstate="Runnable" testcasecount="5" result="Passed" start-time="2017-07-19 22:26:35Z" end-time="2017-07-19 22:26:35Z" duration="0.023009" total="5" passed="5" failed="0" warnings="0" inconclusive="0" skipped="0" asserts="5">
            <test-case id="0-1529" name="RookCannotMoveDiagonally(2,5,5,2)" fullname="ChessWithTDD.Tests.RookTests.RookCannotMoveDiagonally(2,5,5,2)" methodname="RookCannotMoveDiagonally" classname="ChessWithTDD.Tests.RookTests" runstate="Runnable" seed="741175802" result="Passed" start-time="2017-07-19 22:26:35Z" end-time="2017-07-19 22:26:35Z" duration="0.001283" asserts="1" />
            <test-case id="0-1530" name="RookCannotMoveDiagonally(2,3,5,6)" fullname="ChessWithTDD.Tests.RookTests.RookCannotMoveDiagonally(2,3,5,6)" methodname="RookCannotMoveDiagonally" classname="ChessWithTDD.Tests.RookTests" runstate="Runnable" seed="427486836" result="Passed" start-time="2017-07-19 22:26:35Z" end-time="2017-07-19 22:26:35Z" duration="0.000903" asserts="1" />
            <test-case id="0-1531" name="RookCannotMoveDiagonally(5,5,2,2)" fullname="ChessWithTDD.Tests.RookTests.RookCannotMoveDiagonally(5,5,2,2)" methodname="RookCannotMoveDiagonally" classname="ChessWithTDD.Tests.RookTests" runstate="Runnable" seed="16980521" result="Passed" start-time="2017-07-19 22:26:35Z" end-time="2017-07-19 22:26:35Z" duration="0.000895" asserts="1" />
            <test-case id="0-1532" name="RookCannotMoveDiagonally(5,2,2,5)" fullname="ChessWithTDD.Tests.RookTests.RookCannotMoveDiagonally(5,2,2,5)" methodname="RookCannotMoveDiagonally" classname="ChessWithTDD.Tests.RookTests" runstate="Runnable" seed="294730140" result="Passed" start-time="2017-07-19 22:26:35Z" end-time="2017-07-19 22:26:35Z" duration="0.001164" asserts="1" />
            <test-case id="0-1533" name="RookCannotMoveDiagonally(3,3,4,4)" fullname="ChessWithTDD.Tests.RookTests.RookCannotMoveDiagonally(3,3,4,4)" methodname="RookCannotMoveDiagonally" classname="ChessWithTDD.Tests.RookTests" runstate="Runnable" seed="658502326" result="Passed" start-time="2017-07-19 22:26:35Z" end-time="2017-07-19 22:26:35Z" duration="0.000907" asserts="1" />
          </test-suite>
          <test-suite type="ParameterizedMethod" id="0-1538" name="RookCannotMoveRandomly" fullname="ChessWithTDD.Tests.RookTests.RookCannotMoveRandomly" classname="ChessWithTDD.Tests.RookTests" runstate="Runnable" testcasecount="3" result="Passed" start-time="2017-07-19 22:26:35Z" end-time="2017-07-19 22:26:35Z" duration="0.013990" total="3" passed="3" failed="0" warnings="0" inconclusive="0" skipped="0" asserts="3">
            <test-case id="0-1535" name="RookCannotMoveRandomly(2,6,3,3)" fullname="ChessWithTDD.Tests.RookTests.RookCannotMoveRandomly(2,6,3,3)" methodname="RookCannotMoveRandomly" classname="ChessWithTDD.Tests.RookTests" runstate="Runnable" seed="213071197" result="Passed" start-time="2017-07-19 22:26:35Z" end-time="2017-07-19 22:26:35Z" duration="0.001260" asserts="1" />
            <test-case id="0-1536" name="RookCannotMoveRandomly(3,1,4,5)" fullname="ChessWithTDD.Tests.RookTests.RookCannotMoveRandomly(3,1,4,5)" methodname="RookCannotMoveRandomly" classname="ChessWithTDD.Tests.RookTests" runstate="Runnable" seed="1915638231" result="Passed" start-time="2017-07-19 22:26:35Z" end-time="2017-07-19 22:26:35Z" duration="0.000992" asserts="1" />
            <test-case id="0-1537" name="RookCannotMoveRandomly(6,6,2,7)" fullname="ChessWithTDD.Tests.RookTests.RookCannotMoveRandomly(6,6,2,7)" methodname="RookCannotMoveRandomly" classname="ChessWithTDD.Tests.RookTests" runstate="Runnable" seed="945427527" result="Passed" start-time="2017-07-19 22:26:35Z" end-time="2017-07-19 22:26:35Z" duration="0.000891" asserts="1" />
          </test-suite>
        </test-suite>
        <test-suite type="TestFixture" id="0-1546" name="SquareExtensionsTests" fullname="ChessWithTDD.Tests.SquareExtensionsTests" classname="ChessWithTDD.Tests.SquareExtensionsTests" runstate="Runnable" testcasecount="86" result="Passed" start-time="2017-07-19 22:26:35Z" end-time="2017-07-19 22:26:35Z" duration="0.483051" total="86" passed="86" failed="0" warnings="0" inconclusive="0" skipped="0" asserts="86">
          <test-suite type="ParameterizedMethod" id="0-1628" name="IsAdjacentTo_ReturnsFalse" fullname="ChessWithTDD.Tests.SquareExtensionsTests.IsAdjacentTo_ReturnsFalse" classname="ChessWithTDD.Tests.SquareExtensionsTests" runstate="Runnable" testcasecount="8" result="Passed" start-time="2017-07-19 22:26:35Z" end-time="2017-07-19 22:26:35Z" duration="0.033041" total="8" passed="8" failed="0" warnings="0" inconclusive="0" skipped="0" asserts="8">
            <test-case id="0-1620" name="IsAdjacentTo_ReturnsFalse(4,3,2,3)" fullname="ChessWithTDD.Tests.SquareExtensionsTests.IsAdjacentTo_ReturnsFalse(4,3,2,3)" methodname="IsAdjacentTo_ReturnsFalse" classname="ChessWithTDD.Tests.SquareExtensionsTests" runstate="Runnable" seed="907183260" result="Passed" start-time="2017-07-19 22:26:35Z" end-time="2017-07-19 22:26:35Z" duration="0.000957" asserts="1" />
            <test-case id="0-1621" name="IsAdjacentTo_ReturnsFalse(4,4,2,2)" fullname="ChessWithTDD.Tests.SquareExtensionsTests.IsAdjacentTo_ReturnsFalse(4,4,2,2)" methodname="IsAdjacentTo_ReturnsFalse" classname="ChessWithTDD.Tests.SquareExtensionsTests" runstate="Runnable" seed="467115303" result="Passed" start-time="2017-07-19 22:26:35Z" end-time="2017-07-19 22:26:35Z" duration="0.000632" asserts="1" />
            <test-case id="0-1622" name="IsAdjacentTo_ReturnsFalse(4,0,2,2)" fullname="ChessWithTDD.Tests.SquareExtensionsTests.IsAdjacentTo_ReturnsFalse(4,0,2,2)" methodname="IsAdjacentTo_ReturnsFalse" classname="ChessWithTDD.Tests.SquareExtensionsTests" runstate="Runnable" seed="1903342858" result="Passed" start-time="2017-07-19 22:26:35Z" end-time="2017-07-19 22:26:35Z" duration="0.000624" asserts="1" />
            <test-case id="0-1623" name="IsAdjacentTo_ReturnsFalse(3,4,3,2)" fullname="ChessWithTDD.Tests.SquareExtensionsTests.IsAdjacentTo_ReturnsFalse(3,4,3,2)" methodname="IsAdjacentTo_ReturnsFalse" classname="ChessWithTDD.Tests.SquareExtensionsTests" runstate="Runnable" seed="411088170" result="Passed" start-time="2017-07-19 22:26:35Z" end-time="2017-07-19 22:26:35Z" duration="0.000667" asserts="1" />
            <test-case id="0-1624" name="IsAdjacentTo_ReturnsFalse(3,2,3,4)" fullname="ChessWithTDD.Tests.SquareExtensionsTests.IsAdjacentTo_ReturnsFalse(3,2,3,4)" methodname="IsAdjacentTo_ReturnsFalse" classname="ChessWithTDD.Tests.SquareExtensionsTests" runstate="Runnable" seed="403856800" result="Passed" start-time="2017-07-19 22:26:35Z" end-time="2017-07-19 22:26:35Z" duration="0.000664" asserts="1" />
            <test-case id="0-1625" name="IsAdjacentTo_ReturnsFalse(0,4,2,2)" fullname="ChessWithTDD.Tests.SquareExtensionsTests.IsAdjacentTo_ReturnsFalse(0,4,2,2)" methodname="IsAdjacentTo_ReturnsFalse" classname="ChessWithTDD.Tests.SquareExtensionsTests" runstate="Runnable" seed="659598834" result="Passed" start-time="2017-07-19 22:26:35Z" end-time="2017-07-19 22:26:35Z" duration="0.000784" asserts="1" />
            <test-case id="0-1626" name="IsAdjacentTo_ReturnsFalse(0,0,2,2)" fullname="ChessWithTDD.Tests.SquareExtensionsTests.IsAdjacentTo_ReturnsFalse(0,0,2,2)" methodname="IsAdjacentTo_ReturnsFalse" classname="ChessWithTDD.Tests.SquareExtensionsTests" runstate="Runnable" seed="900341278" result="Passed" start-time="2017-07-19 22:26:35Z" end-time="2017-07-19 22:26:35Z" duration="0.000615" asserts="1" />
            <test-case id="0-1627" name="IsAdjacentTo_ReturnsFalse(0,2,2,2)" fullname="ChessWithTDD.Tests.SquareExtensionsTests.IsAdjacentTo_ReturnsFalse(0,2,2,2)" methodname="IsAdjacentTo_ReturnsFalse" classname="ChessWithTDD.Tests.SquareExtensionsTests" runstate="Runnable" seed="284660134" result="Passed" start-time="2017-07-19 22:26:35Z" end-time="2017-07-19 22:26:35Z" duration="0.000612" asserts="1" />
          </test-suite>
          <test-suite type="ParameterizedMethod" id="0-1619" name="IsAdjacentTo_ReturnsTrue" fullname="ChessWithTDD.Tests.SquareExtensionsTests.IsAdjacentTo_ReturnsTrue" classname="ChessWithTDD.Tests.SquareExtensionsTests" runstate="Runnable" testcasecount="8" result="Passed" start-time="2017-07-19 22:26:35Z" end-time="2017-07-19 22:26:35Z" duration="0.033969" total="8" passed="8" failed="0" warnings="0" inconclusive="0" skipped="0" asserts="8">
            <test-case id="0-1611" name="IsAdjacentTo_ReturnsTrue(3,3,2,3)" fullname="ChessWithTDD.Tests.SquareExtensionsTests.IsAdjacentTo_ReturnsTrue(3,3,2,3)" methodname="IsAdjacentTo_ReturnsTrue" classname="ChessWithTDD.Tests.SquareExtensionsTests" runstate="Runnable" seed="894542193" result="Passed" start-time="2017-07-19 22:26:35Z" end-time="2017-07-19 22:26:35Z" duration="0.000980" asserts="1" />
            <test-case id="0-1612" name="IsAdjacentTo_ReturnsTrue(3,3,2,2)" fullname="ChessWithTDD.Tests.SquareExtensionsTests.IsAdjacentTo_ReturnsTrue(3,3,2,2)" methodname="IsAdjacentTo_ReturnsTrue" classname="ChessWithTDD.Tests.SquareExtensionsTests" runstate="Runnable" seed="1001065173" result="Passed" start-time="2017-07-19 22:26:35Z" end-time="2017-07-19 22:26:35Z" duration="0.000629" asserts="1" />
            <test-case id="0-1613" name="IsAdjacentTo_ReturnsTrue(3,1,2,2)" fullname="ChessWithTDD.Tests.SquareExtensionsTests.IsAdjacentTo_ReturnsTrue(3,1,2,2)" methodname="IsAdjacentTo_ReturnsTrue" classname="ChessWithTDD.Tests.SquareExtensionsTests" runstate="Runnable" seed="1164174233" result="Passed" start-time="2017-07-19 22:26:35Z" end-time="2017-07-19 22:26:35Z" duration="0.000856" asserts="1" />
            <test-case id="0-1614" name="IsAdjacentTo_ReturnsTrue(3,3,3,2)" fullname="ChessWithTDD.Tests.SquareExtensionsTests.IsAdjacentTo_ReturnsTrue(3,3,3,2)" methodname="IsAdjacentTo_ReturnsTrue" classname="ChessWithTDD.Tests.SquareExtensionsTests" runstate="Runnable" seed="1947499737" result="Passed" start-time="2017-07-19 22:26:35Z" end-time="2017-07-19 22:26:35Z" duration="0.000797" asserts="1" />
            <test-case id="0-1615" name="IsAdjacentTo_ReturnsTrue(3,3,3,4)" fullname="ChessWithTDD.Tests.SquareExtensionsTests.IsAdjacentTo_ReturnsTrue(3,3,3,4)" methodname="IsAdjacentTo_ReturnsTrue" classname="ChessWithTDD.Tests.SquareExtensionsTests" runstate="Runnable" seed="751770187" result="Passed" start-time="2017-07-19 22:26:35Z" end-time="2017-07-19 22:26:35Z" duration="0.000620" asserts="1" />
            <test-case id="0-1616" name="IsAdjacentTo_ReturnsTrue(1,3,2,2)" fullname="ChessWithTDD.Tests.SquareExtensionsTests.IsAdjacentTo_ReturnsTrue(1,3,2,2)" methodname="IsAdjacentTo_ReturnsTrue" classname="ChessWithTDD.Tests.SquareExtensionsTests" runstate="Runnable" seed="61512579" result="Passed" start-time="2017-07-19 22:26:35Z" end-time="2017-07-19 22:26:35Z" duration="0.000629" asserts="1" />
            <test-case id="0-1617" name="IsAdjacentTo_ReturnsTrue(1,1,2,2)" fullname="ChessWithTDD.Tests.SquareExtensionsTests.IsAdjacentTo_ReturnsTrue(1,1,2,2)" methodname="IsAdjacentTo_ReturnsTrue" classname="ChessWithTDD.Tests.SquareExtensionsTests" runstate="Runnable" seed="2129603911" result="Passed" start-time="2017-07-19 22:26:35Z" end-time="2017-07-19 22:26:35Z" duration="0.000627" asserts="1" />
            <test-case id="0-1618" name="IsAdjacentTo_ReturnsTrue(1,2,2,2)" fullname="ChessWithTDD.Tests.SquareExtensionsTests.IsAdjacentTo_ReturnsTrue(1,2,2,2)" methodname="IsAdjacentTo_ReturnsTrue" classname="ChessWithTDD.Tests.SquareExtensionsTests" runstate="Runnable" seed="1163294952" result="Passed" start-time="2017-07-19 22:26:35Z" end-time="2017-07-19 22:26:35Z" duration="0.000712" asserts="1" />
          </test-suite>
          <test-suite type="ParameterizedMethod" id="0-1662" name="IsAnLShapeAwayFrom_ReturnsFalse" fullname="ChessWithTDD.Tests.SquareExtensionsTests.IsAnLShapeAwayFrom_ReturnsFalse" classname="ChessWithTDD.Tests.SquareExtensionsTests" runstate="Runnable" testcasecount="6" result="Passed" start-time="2017-07-19 22:26:35Z" end-time="2017-07-19 22:26:35Z" duration="0.024981" total="6" passed="6" failed="0" warnings="0" inconclusive="0" skipped="0" asserts="6">
            <test-case id="0-1656" name="IsAnLShapeAwayFrom_ReturnsFalse(3,3,4,4)" fullname="ChessWithTDD.Tests.SquareExtensionsTests.IsAnLShapeAwayFrom_ReturnsFalse(3,3,4,4)" methodname="IsAnLShapeAwayFrom_ReturnsFalse" classname="ChessWithTDD.Tests.SquareExtensionsTests" runstate="Runnable" seed="644939906" result="Passed" start-time="2017-07-19 22:26:35Z" end-time="2017-07-19 22:26:35Z" duration="0.000955" asserts="1" />
            <test-case id="0-1657" name="IsAnLShapeAwayFrom_ReturnsFalse(3,3,4,3)" fullname="ChessWithTDD.Tests.SquareExtensionsTests.IsAnLShapeAwayFrom_ReturnsFalse(3,3,4,3)" methodname="IsAnLShapeAwayFrom_ReturnsFalse" classname="ChessWithTDD.Tests.SquareExtensionsTests" runstate="Runnable" seed="415009393" result="Passed" start-time="2017-07-19 22:26:35Z" end-time="2017-07-19 22:26:35Z" duration="0.000750" asserts="1" />
            <test-case id="0-1658" name="IsAnLShapeAwayFrom_ReturnsFalse(3,3,3,4)" fullname="ChessWithTDD.Tests.SquareExtensionsTests.IsAnLShapeAwayFrom_ReturnsFalse(3,3,3,4)" methodname="IsAnLShapeAwayFrom_ReturnsFalse" classname="ChessWithTDD.Tests.SquareExtensionsTests" runstate="Runnable" seed="788674410" result="Passed" start-time="2017-07-19 22:26:35Z" end-time="2017-07-19 22:26:35Z" duration="0.000714" asserts="1" />
            <test-case id="0-1659" name="IsAnLShapeAwayFrom_ReturnsFalse(3,3,0,0)" fullname="ChessWithTDD.Tests.SquareExtensionsTests.IsAnLShapeAwayFrom_ReturnsFalse(3,3,0,0)" methodname="IsAnLShapeAwayFrom_ReturnsFalse" classname="ChessWithTDD.Tests.SquareExtensionsTests" runstate="Runnable" seed="682457545" result="Passed" start-time="2017-07-19 22:26:35Z" end-time="2017-07-19 22:26:35Z" duration="0.000611" asserts="1" />
            <test-case id="0-1660" name="IsAnLShapeAwayFrom_ReturnsFalse(4,1,1,4)" fullname="ChessWithTDD.Tests.SquareExtensionsTests.IsAnLShapeAwayFrom_ReturnsFalse(4,1,1,4)" methodname="IsAnLShapeAwayFrom_ReturnsFalse" classname="ChessWithTDD.Tests.SquareExtensionsTests" runstate="Runnable" seed="939385387" result="Passed" start-time="2017-07-19 22:26:35Z" end-time="2017-07-19 22:26:35Z" duration="0.000648" asserts="1" />
            <test-case id="0-1661" name="IsAnLShapeAwayFrom_ReturnsFalse(1,4,5,6)" fullname="ChessWithTDD.Tests.SquareExtensionsTests.IsAnLShapeAwayFrom_ReturnsFalse(1,4,5,6)" methodname="IsAnLShapeAwayFrom_ReturnsFalse" classname="ChessWithTDD.Tests.SquareExtensionsTests" runstate="Runnable" seed="1360782596" result="Passed" start-time="2017-07-19 22:26:35Z" end-time="2017-07-19 22:26:35Z" duration="0.000628" asserts="1" />
          </test-suite>
          <test-suite type="ParameterizedMethod" id="0-1655" name="IsAnLShapeAwayFrom_ReturnsTrue" fullname="ChessWithTDD.Tests.SquareExtensionsTests.IsAnLShapeAwayFrom_ReturnsTrue" classname="ChessWithTDD.Tests.SquareExtensionsTests" runstate="Runnable" testcasecount="4" result="Passed" start-time="2017-07-19 22:26:35Z" end-time="2017-07-19 22:26:35Z" duration="0.017025" total="4" passed="4" failed="0" warnings="0" inconclusive="0" skipped="0" asserts="4">
            <test-case id="0-1651" name="IsAnLShapeAwayFrom_ReturnsTrue(3,3,5,4)" fullname="ChessWithTDD.Tests.SquareExtensionsTests.IsAnLShapeAwayFrom_ReturnsTrue(3,3,5,4)" methodname="IsAnLShapeAwayFrom_ReturnsTrue" classname="ChessWithTDD.Tests.SquareExtensionsTests" runstate="Runnable" seed="982127469" result="Passed" start-time="2017-07-19 22:26:35Z" end-time="2017-07-19 22:26:35Z" duration="0.000958" asserts="1" />
            <test-case id="0-1652" name="IsAnLShapeAwayFrom_ReturnsTrue(3,3,4,5)" fullname="ChessWithTDD.Tests.SquareExtensionsTests.IsAnLShapeAwayFrom_ReturnsTrue(3,3,4,5)" methodname="IsAnLShapeAwayFrom_ReturnsTrue" classname="ChessWithTDD.Tests.SquareExtensionsTests" runstate="Runnable" seed="1501406997" result="Passed" start-time="2017-07-19 22:26:35Z" end-time="2017-07-19 22:26:35Z" duration="0.000643" asserts="1" />
            <test-case id="0-1653" name="IsAnLShapeAwayFrom_ReturnsTrue(4,5,3,3)" fullname="ChessWithTDD.Tests.SquareExtensionsTests.IsAnLShapeAwayFrom_ReturnsTrue(4,5,3,3)" methodname="IsAnLShapeAwayFrom_ReturnsTrue" classname="ChessWithTDD.Tests.SquareExtensionsTests" runstate="Runnable" seed="1312152185" result="Passed" start-time="2017-07-19 22:26:35Z" end-time="2017-07-19 22:26:35Z" duration="0.000754" asserts="1" />
            <test-case id="0-1654" name="IsAnLShapeAwayFrom_ReturnsTrue(5,4,3,3)" fullname="ChessWithTDD.Tests.SquareExtensionsTests.IsAnLShapeAwayFrom_ReturnsTrue(5,4,3,3)" methodname="IsAnLShapeAwayFrom_ReturnsTrue" classname="ChessWithTDD.Tests.SquareExtensionsTests" runstate="Runnable" seed="1918612917" result="Passed" start-time="2017-07-19 22:26:35Z" end-time="2017-07-19 22:26:35Z" duration="0.000705" asserts="1" />
          </test-suite>
          <test-suite type="ParameterizedMethod" id="0-1646" name="IsDiagonalTo_ReturnsFalse" fullname="ChessWithTDD.Tests.SquareExtensionsTests.IsDiagonalTo_ReturnsFalse" classname="ChessWithTDD.Tests.SquareExtensionsTests" runstate="Runnable" testcasecount="8" result="Passed" start-time="2017-07-19 22:26:35Z" end-time="2017-07-19 22:26:35Z" duration="0.032999" total="8" passed="8" failed="0" warnings="0" inconclusive="0" skipped="0" asserts="8">
            <test-case id="0-1638" name="IsDiagonalTo_ReturnsFalse(3,3,3,2)" fullname="ChessWithTDD.Tests.SquareExtensionsTests.IsDiagonalTo_ReturnsFalse(3,3,3,2)" methodname="IsDiagonalTo_ReturnsFalse" classname="ChessWithTDD.Tests.SquareExtensionsTests" runstate="Runnable" seed="1061889549" result="Passed" start-time="2017-07-19 22:26:35Z" end-time="2017-07-19 22:26:35Z" duration="0.000886" asserts="1" />
            <test-case id="0-1639" name="IsDiagonalTo_ReturnsFalse(3,2,2,2)" fullname="ChessWithTDD.Tests.SquareExtensionsTests.IsDiagonalTo_ReturnsFalse(3,2,2,2)" methodname="IsDiagonalTo_ReturnsFalse" classname="ChessWithTDD.Tests.SquareExtensionsTests" runstate="Runnable" seed="2046254001" result="Passed" start-time="2017-07-19 22:26:35Z" end-time="2017-07-19 22:26:35Z" duration="0.000721" asserts="1" />
            <test-case id="0-1640" name="IsDiagonalTo_ReturnsFalse(1,3,3,2)" fullname="ChessWithTDD.Tests.SquareExtensionsTests.IsDiagonalTo_ReturnsFalse(1,3,3,2)" methodname="IsDiagonalTo_ReturnsFalse" classname="ChessWithTDD.Tests.SquareExtensionsTests" runstate="Runnable" seed="1578052658" result="Passed" start-time="2017-07-19 22:26:35Z" end-time="2017-07-19 22:26:35Z" duration="0.000666" asserts="1" />
            <test-case id="0-1641" name="IsDiagonalTo_ReturnsFalse(1,1,2,3)" fullname="ChessWithTDD.Tests.SquareExtensionsTests.IsDiagonalTo_ReturnsFalse(1,1,2,3)" methodname="IsDiagonalTo_ReturnsFalse" classname="ChessWithTDD.Tests.SquareExtensionsTests" runstate="Runnable" seed="1509934924" result="Passed" start-time="2017-07-19 22:26:35Z" end-time="2017-07-19 22:26:35Z" duration="0.000618" asserts="1" />
            <test-case id="0-1642" name="IsDiagonalTo_ReturnsFalse(6,2,2,2)" fullname="ChessWithTDD.Tests.SquareExtensionsTests.IsDiagonalTo_ReturnsFalse(6,2,2,2)" methodname="IsDiagonalTo_ReturnsFalse" classname="ChessWithTDD.Tests.SquareExtensionsTests" runstate="Runnable" seed="1312883410" result="Passed" start-time="2017-07-19 22:26:35Z" end-time="2017-07-19 22:26:35Z" duration="0.000626" asserts="1" />
            <test-case id="0-1643" name="IsDiagonalTo_ReturnsFalse(4,0,4,2)" fullname="ChessWithTDD.Tests.SquareExtensionsTests.IsDiagonalTo_ReturnsFalse(4,0,4,2)" methodname="IsDiagonalTo_ReturnsFalse" classname="ChessWithTDD.Tests.SquareExtensionsTests" runstate="Runnable" seed="1406868796" result="Passed" start-time="2017-07-19 22:26:35Z" end-time="2017-07-19 22:26:35Z" duration="0.000630" asserts="1" />
            <test-case id="0-1644" name="IsDiagonalTo_ReturnsFalse(1,4,2,2)" fullname="ChessWithTDD.Tests.SquareExtensionsTests.IsDiagonalTo_ReturnsFalse(1,4,2,2)" methodname="IsDiagonalTo_ReturnsFalse" classname="ChessWithTDD.Tests.SquareExtensionsTests" runstate="Runnable" seed="1170159658" result="Passed" start-time="2017-07-19 22:26:35Z" end-time="2017-07-19 22:26:35Z" duration="0.000712" asserts="1" />
            <test-case id="0-1645" name="IsDiagonalTo_ReturnsFalse(1,1,5,7)" fullname="ChessWithTDD.Tests.SquareExtensionsTests.IsDiagonalTo_ReturnsFalse(1,1,5,7)" methodname="IsDiagonalTo_ReturnsFalse" classname="ChessWithTDD.Tests.SquareExtensionsTests" runstate="Runnable" seed="937825953" result="Passed" start-time="2017-07-19 22:26:35Z" end-time="2017-07-19 22:26:35Z" duration="0.000633" asserts="1" />
          </test-suite>
          <test-suite type="ParameterizedMethod" id="0-1637" name="IsDiagonalTo_ReturnsTrue" fullname="ChessWithTDD.Tests.SquareExtensionsTests.IsDiagonalTo_ReturnsTrue" classname="ChessWithTDD.Tests.SquareExtensionsTests" runstate="Runnable" testcasecount="8" result="Passed" start-time="2017-07-19 22:26:35Z" end-time="2017-07-19 22:26:35Z" duration="0.033973" total="8" passed="8" failed="0" warnings="0" inconclusive="0" skipped="0" asserts="8">
            <test-case id="0-1629" name="IsDiagonalTo_ReturnsTrue(3,3,2,2)" fullname="ChessWithTDD.Tests.SquareExtensionsTests.IsDiagonalTo_ReturnsTrue(3,3,2,2)" methodname="IsDiagonalTo_ReturnsTrue" classname="ChessWithTDD.Tests.SquareExtensionsTests" runstate="Runnable" seed="1614580333" result="Passed" start-time="2017-07-19 22:26:35Z" end-time="2017-07-19 22:26:35Z" duration="0.001071" asserts="1" />
            <test-case id="0-1630" name="IsDiagonalTo_ReturnsTrue(3,1,2,2)" fullname="ChessWithTDD.Tests.SquareExtensionsTests.IsDiagonalTo_ReturnsTrue(3,1,2,2)" methodname="IsDiagonalTo_ReturnsTrue" classname="ChessWithTDD.Tests.SquareExtensionsTests" runstate="Runnable" seed="70867956" result="Passed" start-time="2017-07-19 22:26:35Z" end-time="2017-07-19 22:26:35Z" duration="0.000720" asserts="1" />
            <test-case id="0-1631" name="IsDiagonalTo_ReturnsTrue(1,3,2,2)" fullname="ChessWithTDD.Tests.SquareExtensionsTests.IsDiagonalTo_ReturnsTrue(1,3,2,2)" methodname="IsDiagonalTo_ReturnsTrue" classname="ChessWithTDD.Tests.SquareExtensionsTests" runstate="Runnable" seed="60153611" result="Passed" start-time="2017-07-19 22:26:35Z" end-time="2017-07-19 22:26:35Z" duration="0.000619" asserts="1" />
            <test-case id="0-1632" name="IsDiagonalTo_ReturnsTrue(1,1,2,2)" fullname="ChessWithTDD.Tests.SquareExtensionsTests.IsDiagonalTo_ReturnsTrue(1,1,2,2)" methodname="IsDiagonalTo_ReturnsTrue" classname="ChessWithTDD.Tests.SquareExtensionsTests" runstate="Runnable" seed="1678424766" result="Passed" start-time="2017-07-19 22:26:35Z" end-time="2017-07-19 22:26:35Z" duration="0.000616" asserts="1" />
            <test-case id="0-1633" name="IsDiagonalTo_ReturnsTrue(6,6,2,2)" fullname="ChessWithTDD.Tests.SquareExtensionsTests.IsDiagonalTo_ReturnsTrue(6,6,2,2)" methodname="IsDiagonalTo_ReturnsTrue" classname="ChessWithTDD.Tests.SquareExtensionsTests" runstate="Runnable" seed="1578517792" result="Passed" start-time="2017-07-19 22:26:35Z" end-time="2017-07-19 22:26:35Z" duration="0.000718" asserts="1" />
            <test-case id="0-1634" name="IsDiagonalTo_ReturnsTrue(4,0,2,2)" fullname="ChessWithTDD.Tests.SquareExtensionsTests.IsDiagonalTo_ReturnsTrue(4,0,2,2)" methodname="IsDiagonalTo_ReturnsTrue" classname="ChessWithTDD.Tests.SquareExtensionsTests" runstate="Runnable" seed="1327505846" result="Passed" start-time="2017-07-19 22:26:35Z" end-time="2017-07-19 22:26:35Z" duration="0.000668" asserts="1" />
            <test-case id="0-1635" name="IsDiagonalTo_ReturnsTrue(0,4,2,2)" fullname="ChessWithTDD.Tests.SquareExtensionsTests.IsDiagonalTo_ReturnsTrue(0,4,2,2)" methodname="IsDiagonalTo_ReturnsTrue" classname="ChessWithTDD.Tests.SquareExtensionsTests" runstate="Runnable" seed="484880406" result="Passed" start-time="2017-07-19 22:26:35Z" end-time="2017-07-19 22:26:35Z" duration="0.000618" asserts="1" />
            <test-case id="0-1636" name="IsDiagonalTo_ReturnsTrue(1,1,7,7)" fullname="ChessWithTDD.Tests.SquareExtensionsTests.IsDiagonalTo_ReturnsTrue(1,1,7,7)" methodname="IsDiagonalTo_ReturnsTrue" classname="ChessWithTDD.Tests.SquareExtensionsTests" runstate="Runnable" seed="1764440633" result="Passed" start-time="2017-07-19 22:26:35Z" end-time="2017-07-19 22:26:35Z" duration="0.000630" asserts="1" />
          </test-suite>
          <test-suite type="ParameterizedMethod" id="0-1650" name="IsInSameColumnAs_ReturnsFalse" fullname="ChessWithTDD.Tests.SquareExtensionsTests.IsInSameColumnAs_ReturnsFalse" classname="ChessWithTDD.Tests.SquareExtensionsTests" runstate="Runnable" testcasecount="0" result="Passed" start-time="2017-07-19 22:26:35Z" end-time="2017-07-19 22:26:35Z" duration="0.000039" total="0" passed="0" failed="0" warnings="0" inconclusive="0" skipped="0" asserts="0" />
          <test-suite type="ParameterizedMethod" id="0-1649" name="IsInSameColumnAs_ReturnsTrue" fullname="ChessWithTDD.Tests.SquareExtensionsTests.IsInSameColumnAs_ReturnsTrue" classname="ChessWithTDD.Tests.SquareExtensionsTests" runstate="Runnable" testcasecount="0" result="Passed" start-time="2017-07-19 22:26:35Z" end-time="2017-07-19 22:26:35Z" duration="0.000022" total="0" passed="0" failed="0" warnings="0" inconclusive="0" skipped="0" asserts="0" />
          <test-suite type="ParameterizedMethod" id="0-1648" name="IsInSameRowAs_ReturnsFalse" fullname="ChessWithTDD.Tests.SquareExtensionsTests.IsInSameRowAs_ReturnsFalse" classname="ChessWithTDD.Tests.SquareExtensionsTests" runstate="Runnable" testcasecount="0" result="Passed" start-time="2017-07-19 22:26:35Z" end-time="2017-07-19 22:26:35Z" duration="0.000035" total="0" passed="0" failed="0" warnings="0" inconclusive="0" skipped="0" asserts="0" />
          <test-suite type="ParameterizedMethod" id="0-1647" name="IsInSameRowAs_ReturnsTrue" fullname="ChessWithTDD.Tests.SquareExtensionsTests.IsInSameRowAs_ReturnsTrue" classname="ChessWithTDD.Tests.SquareExtensionsTests" runstate="Runnable" testcasecount="0" result="Passed" start-time="2017-07-19 22:26:35Z" end-time="2017-07-19 22:26:35Z" duration="0.000021" total="0" passed="0" failed="0" warnings="0" inconclusive="0" skipped="0" asserts="0" />
          <test-suite type="ParameterizedMethod" id="0-1576" name="IsMultipleSquaresEastEastOf_ReturnsFalse" fullname="ChessWithTDD.Tests.SquareExtensionsTests.IsMultipleSquaresEastEastOf_ReturnsFalse" classname="ChessWithTDD.Tests.SquareExtensionsTests" runstate="Runnable" testcasecount="2" result="Passed" start-time="2017-07-19 22:26:35Z" end-time="2017-07-19 22:26:35Z" duration="0.009056" total="2" passed="2" failed="0" warnings="0" inconclusive="0" skipped="0" asserts="2">
            <test-case id="0-1574" name="IsMultipleSquaresEastEastOf_ReturnsFalse(4,4,4,3)" fullname="ChessWithTDD.Tests.SquareExtensionsTests.IsMultipleSquaresEastEastOf_ReturnsFalse(4,4,4,3)" methodname="IsMultipleSquaresEastEastOf_ReturnsFalse" classname="ChessWithTDD.Tests.SquareExtensionsTests" runstate="Runnable" seed="129730039" result="Passed" start-time="2017-07-19 22:26:35Z" end-time="2017-07-19 22:26:35Z" duration="0.001006" asserts="1" />
            <test-case id="0-1575" name="IsMultipleSquaresEastEastOf_ReturnsFalse(6,5,7,1)" fullname="ChessWithTDD.Tests.SquareExtensionsTests.IsMultipleSquaresEastEastOf_ReturnsFalse(6,5,7,1)" methodname="IsMultipleSquaresEastEastOf_ReturnsFalse" classname="ChessWithTDD.Tests.SquareExtensionsTests" runstate="Runnable" seed="1775375910" result="Passed" start-time="2017-07-19 22:26:35Z" end-time="2017-07-19 22:26:35Z" duration="0.000585" asserts="1" />
          </test-suite>
          <test-suite type="ParameterizedMethod" id="0-1573" name="IsMultipleSquaresEastEastOf_ReturnsTrue" fullname="ChessWithTDD.Tests.SquareExtensionsTests.IsMultipleSquaresEastEastOf_ReturnsTrue" classname="ChessWithTDD.Tests.SquareExtensionsTests" runstate="Runnable" testcasecount="2" result="Passed" start-time="2017-07-19 22:26:35Z" end-time="2017-07-19 22:26:35Z" duration="0.009012" total="2" passed="2" failed="0" warnings="0" inconclusive="0" skipped="0" asserts="2">
            <test-case id="0-1571" name="IsMultipleSquaresEastEastOf_ReturnsTrue(4,6,4,3)" fullname="ChessWithTDD.Tests.SquareExtensionsTests.IsMultipleSquaresEastEastOf_ReturnsTrue(4,6,4,3)" methodname="IsMultipleSquaresEastEastOf_ReturnsTrue" classname="ChessWithTDD.Tests.SquareExtensionsTests" runstate="Runnable" seed="514192037" result="Passed" start-time="2017-07-19 22:26:35Z" end-time="2017-07-19 22:26:35Z" duration="0.000980" asserts="1" />
            <test-case id="0-1572" name="IsMultipleSquaresEastEastOf_ReturnsTrue(6,5,6,1)" fullname="ChessWithTDD.Tests.SquareExtensionsTests.IsMultipleSquaresEastEastOf_ReturnsTrue(6,5,6,1)" methodname="IsMultipleSquaresEastEastOf_ReturnsTrue" classname="ChessWithTDD.Tests.SquareExtensionsTests" runstate="Runnable" seed="325313973" result="Passed" start-time="2017-07-19 22:26:35Z" end-time="2017-07-19 22:26:35Z" duration="0.000632" asserts="1" />
          </test-suite>
          <test-suite type="ParameterizedMethod" id="0-1564" name="IsMultipleSquaresNorthEastOf_ReturnsFalse" fullname="ChessWithTDD.Tests.SquareExtensionsTests.IsMultipleSquaresNorthEastOf_ReturnsFalse" classname="ChessWithTDD.Tests.SquareExtensionsTests" runstate="Runnable" testcasecount="2" result="Passed" start-time="2017-07-19 22:26:35Z" end-time="2017-07-19 22:26:35Z" duration="0.007997" total="2" passed="2" failed="0" warnings="0" inconclusive="0" skipped="0" asserts="2">
            <test-case id="0-1562" name="IsMultipleSquaresNorthEastOf_ReturnsFalse(3,3,2,2)" fullname="ChessWithTDD.Tests.SquareExtensionsTests.IsMultipleSquaresNorthEastOf_ReturnsFalse(3,3,2,2)" methodname="IsMultipleSquaresNorthEastOf_ReturnsFalse" classname="ChessWithTDD.Tests.SquareExtensionsTests" runstate="Runnable" seed="373619331" result="Passed" start-time="2017-07-19 22:26:35Z" end-time="2017-07-19 22:26:35Z" duration="0.000943" asserts="1" />
            <test-case id="0-1563" name="IsMultipleSquaresNorthEastOf_ReturnsFalse(5,7,2,3)" fullname="ChessWithTDD.Tests.SquareExtensionsTests.IsMultipleSquaresNorthEastOf_ReturnsFalse(5,7,2,3)" methodname="IsMultipleSquaresNorthEastOf_ReturnsFalse" classname="ChessWithTDD.Tests.SquareExtensionsTests" runstate="Runnable" seed="1169898837" result="Passed" start-time="2017-07-19 22:26:35Z" end-time="2017-07-19 22:26:35Z" duration="0.000687" asserts="1" />
          </test-suite>
          <test-suite type="ParameterizedMethod" id="0-1561" name="IsMultipleSquaresNorthEastOf_ReturnsTrue" fullname="ChessWithTDD.Tests.SquareExtensionsTests.IsMultipleSquaresNorthEastOf_ReturnsTrue" classname="ChessWithTDD.Tests.SquareExtensionsTests" runstate="Runnable" testcasecount="2" result="Passed" start-time="2017-07-19 22:26:35Z" end-time="2017-07-19 22:26:35Z" duration="0.007989" total="2" passed="2" failed="0" warnings="0" inconclusive="0" skipped="0" asserts="2">
            <test-case id="0-1559" name="IsMultipleSquaresNorthEastOf_ReturnsTrue(4,4,2,2)" fullname="ChessWithTDD.Tests.SquareExtensionsTests.IsMultipleSquaresNorthEastOf_ReturnsTrue(4,4,2,2)" methodname="IsMultipleSquaresNorthEastOf_ReturnsTrue" classname="ChessWithTDD.Tests.SquareExtensionsTests" runstate="Runnable" seed="539615626" result="Passed" start-time="2017-07-19 22:26:35Z" end-time="2017-07-19 22:26:35Z" duration="0.000925" asserts="1" />
            <test-case id="0-1560" name="IsMultipleSquaresNorthEastOf_ReturnsTrue(6,7,2,3)" fullname="ChessWithTDD.Tests.SquareExtensionsTests.IsMultipleSquaresNorthEastOf_ReturnsTrue(6,7,2,3)" methodname="IsMultipleSquaresNorthEastOf_ReturnsTrue" classname="ChessWithTDD.Tests.SquareExtensionsTests" runstate="Runnable" seed="1127493875" result="Passed" start-time="2017-07-19 22:26:35Z" end-time="2017-07-19 22:26:35Z" duration="0.000672" asserts="1" />
          </test-suite>
          <test-suite type="ParameterizedMethod" id="0-1552" name="IsMultipleSquaresNorthNorthOf_ReturnsFalse" fullname="ChessWithTDD.Tests.SquareExtensionsTests.IsMultipleSquaresNorthNorthOf_ReturnsFalse" classname="ChessWithTDD.Tests.SquareExtensionsTests" runstate="Runnable" testcasecount="2" result="Passed" start-time="2017-07-19 22:26:35Z" end-time="2017-07-19 22:26:35Z" duration="0.008017" total="2" passed="2" failed="0" warnings="0" inconclusive="0" skipped="0" asserts="2">
            <test-case id="0-1550" name="IsMultipleSquaresNorthNorthOf_ReturnsFalse(3,2,2,2)" fullname="ChessWithTDD.Tests.SquareExtensionsTests.IsMultipleSquaresNorthNorthOf_ReturnsFalse(3,2,2,2)" methodname="IsMultipleSquaresNorthNorthOf_ReturnsFalse" classname="ChessWithTDD.Tests.SquareExtensionsTests" runstate="Runnable" seed="650462239" result="Passed" start-time="2017-07-19 22:26:35Z" end-time="2017-07-19 22:26:35Z" duration="0.000909" asserts="1" />
            <test-case id="0-1551" name="IsMultipleSquaresNorthNorthOf_ReturnsFalse(7,3,5,4)" fullname="ChessWithTDD.Tests.SquareExtensionsTests.IsMultipleSquaresNorthNorthOf_ReturnsFalse(7,3,5,4)" methodname="IsMultipleSquaresNorthNorthOf_ReturnsFalse" classname="ChessWithTDD.Tests.SquareExtensionsTests" runstate="Runnable" seed="331594054" result="Passed" start-time="2017-07-19 22:26:35Z" end-time="2017-07-19 22:26:35Z" duration="0.000604" asserts="1" />
          </test-suite>
          <test-suite type="ParameterizedMethod" id="0-1549" name="IsMultipleSquaresNorthNorthOf_ReturnsTrue" fullname="ChessWithTDD.Tests.SquareExtensionsTests.IsMultipleSquaresNorthNorthOf_ReturnsTrue" classname="ChessWithTDD.Tests.SquareExtensionsTests" runstate="Runnable" testcasecount="2" result="Passed" start-time="2017-07-19 22:26:35Z" end-time="2017-07-19 22:26:35Z" duration="0.008996" total="2" passed="2" failed="0" warnings="0" inconclusive="0" skipped="0" asserts="2">
            <test-case id="0-1547" name="IsMultipleSquaresNorthNorthOf_ReturnsTrue(5,2,2,2)" fullname="ChessWithTDD.Tests.SquareExtensionsTests.IsMultipleSquaresNorthNorthOf_ReturnsTrue(5,2,2,2)" methodname="IsMultipleSquaresNorthNorthOf_ReturnsTrue" classname="ChessWithTDD.Tests.SquareExtensionsTests" runstate="Runnable" seed="126215218" result="Passed" start-time="2017-07-19 22:26:35Z" end-time="2017-07-19 22:26:35Z" duration="0.001514" asserts="1" />
            <test-case id="0-1548" name="IsMultipleSquaresNorthNorthOf_ReturnsTrue(7,3,5,3)" fullname="ChessWithTDD.Tests.SquareExtensionsTests.IsMultipleSquaresNorthNorthOf_ReturnsTrue(7,3,5,3)" methodname="IsMultipleSquaresNorthNorthOf_ReturnsTrue" classname="ChessWithTDD.Tests.SquareExtensionsTests" runstate="Runnable" seed="214753119" result="Passed" start-time="2017-07-19 22:26:35Z" end-time="2017-07-19 22:26:35Z" duration="0.000626" asserts="1" />
          </test-suite>
          <test-suite type="ParameterizedMethod" id="0-1558" name="IsMultipleSquaresNorthWestOf_ReturnsFalse" fullname="ChessWithTDD.Tests.SquareExtensionsTests.IsMultipleSquaresNorthWestOf_ReturnsFalse" classname="ChessWithTDD.Tests.SquareExtensionsTests" runstate="Runnable" testcasecount="2" result="Passed" start-time="2017-07-19 22:26:35Z" end-time="2017-07-19 22:26:35Z" duration="0.008013" total="2" passed="2" failed="0" warnings="0" inconclusive="0" skipped="0" asserts="2">
            <test-case id="0-1556" name="IsMultipleSquaresNorthWestOf_ReturnsFalse(3,1,2,2)" fullname="ChessWithTDD.Tests.SquareExtensionsTests.IsMultipleSquaresNorthWestOf_ReturnsFalse(3,1,2,2)" methodname="IsMultipleSquaresNorthWestOf_ReturnsFalse" classname="ChessWithTDD.Tests.SquareExtensionsTests" runstate="Runnable" seed="2072780943" result="Passed" start-time="2017-07-19 22:26:35Z" end-time="2017-07-19 22:26:35Z" duration="0.000827" asserts="1" />
            <test-case id="0-1557" name="IsMultipleSquaresNorthWestOf_ReturnsFalse(7,3,4,5)" fullname="ChessWithTDD.Tests.SquareExtensionsTests.IsMultipleSquaresNorthWestOf_ReturnsFalse(7,3,4,5)" methodname="IsMultipleSquaresNorthWestOf_ReturnsFalse" classname="ChessWithTDD.Tests.SquareExtensionsTests" runstate="Runnable" seed="1354192409" result="Passed" start-time="2017-07-19 22:26:35Z" end-time="2017-07-19 22:26:35Z" duration="0.000716" asserts="1" />
          </test-suite>
          <test-suite type="ParameterizedMethod" id="0-1555" name="IsMultipleSquaresNorthWestOf_ReturnsTrue" fullname="ChessWithTDD.Tests.SquareExtensionsTests.IsMultipleSquaresNorthWestOf_ReturnsTrue" classname="ChessWithTDD.Tests.SquareExtensionsTests" runstate="Runnable" testcasecount="2" result="Passed" start-time="2017-07-19 22:26:35Z" end-time="2017-07-19 22:26:35Z" duration="0.008998" total="2" passed="2" failed="0" warnings="0" inconclusive="0" skipped="0" asserts="2">
            <test-case id="0-1553" name="IsMultipleSquaresNorthWestOf_ReturnsTrue(4,0,2,2)" fullname="ChessWithTDD.Tests.SquareExtensionsTests.IsMultipleSquaresNorthWestOf_ReturnsTrue(4,0,2,2)" methodname="IsMultipleSquaresNorthWestOf_ReturnsTrue" classname="ChessWithTDD.Tests.SquareExtensionsTests" runstate="Runnable" seed="973181228" result="Passed" start-time="2017-07-19 22:26:35Z" end-time="2017-07-19 22:26:35Z" duration="0.001041" asserts="1" />
            <test-case id="0-1554" name="IsMultipleSquaresNorthWestOf_ReturnsTrue(7,2,4,5)" fullname="ChessWithTDD.Tests.SquareExtensionsTests.IsMultipleSquaresNorthWestOf_ReturnsTrue(7,2,4,5)" methodname="IsMultipleSquaresNorthWestOf_ReturnsTrue" classname="ChessWithTDD.Tests.SquareExtensionsTests" runstate="Runnable" seed="513438000" result="Passed" start-time="2017-07-19 22:26:35Z" end-time="2017-07-19 22:26:35Z" duration="0.000690" asserts="1" />
          </test-suite>
          <test-suite type="ParameterizedMethod" id="0-1594" name="IsMultipleSquaresSouthEastOf_ReturnsFalse" fullname="ChessWithTDD.Tests.SquareExtensionsTests.IsMultipleSquaresSouthEastOf_ReturnsFalse" classname="ChessWithTDD.Tests.SquareExtensionsTests" runstate="Runnable" testcasecount="2" result="Passed" start-time="2017-07-19 22:26:35Z" end-time="2017-07-19 22:26:35Z" duration="0.008021" total="2" passed="2" failed="0" warnings="0" inconclusive="0" skipped="0" asserts="2">
            <test-case id="0-1592" name="IsMultipleSquaresSouthEastOf_ReturnsFalse(4,6,5,5)" fullname="ChessWithTDD.Tests.SquareExtensionsTests.IsMultipleSquaresSouthEastOf_ReturnsFalse(4,6,5,5)" methodname="IsMultipleSquaresSouthEastOf_ReturnsFalse" classname="ChessWithTDD.Tests.SquareExtensionsTests" runstate="Runnable" seed="348775949" result="Passed" start-time="2017-07-19 22:26:35Z" end-time="2017-07-19 22:26:35Z" duration="0.000836" asserts="1" />
            <test-case id="0-1593" name="IsMultipleSquaresSouthEastOf_ReturnsFalse(1,6,3,3)" fullname="ChessWithTDD.Tests.SquareExtensionsTests.IsMultipleSquaresSouthEastOf_ReturnsFalse(1,6,3,3)" methodname="IsMultipleSquaresSouthEastOf_ReturnsFalse" classname="ChessWithTDD.Tests.SquareExtensionsTests" runstate="Runnable" seed="273078189" result="Passed" start-time="2017-07-19 22:26:35Z" end-time="2017-07-19 22:26:35Z" duration="0.000712" asserts="1" />
          </test-suite>
          <test-suite type="ParameterizedMethod" id="0-1591" name="IsMultipleSquaresSouthEastOf_ReturnsTrue" fullname="ChessWithTDD.Tests.SquareExtensionsTests.IsMultipleSquaresSouthEastOf_ReturnsTrue" classname="ChessWithTDD.Tests.SquareExtensionsTests" runstate="Runnable" testcasecount="2" result="Passed" start-time="2017-07-19 22:26:35Z" end-time="2017-07-19 22:26:35Z" duration="0.008979" total="2" passed="2" failed="0" warnings="0" inconclusive="0" skipped="0" asserts="2">
            <test-case id="0-1589" name="IsMultipleSquaresSouthEastOf_ReturnsTrue(3,7,5,5)" fullname="ChessWithTDD.Tests.SquareExtensionsTests.IsMultipleSquaresSouthEastOf_ReturnsTrue(3,7,5,5)" methodname="IsMultipleSquaresSouthEastOf_ReturnsTrue" classname="ChessWithTDD.Tests.SquareExtensionsTests" runstate="Runnable" seed="2136480179" result="Passed" start-time="2017-07-19 22:26:35Z" end-time="2017-07-19 22:26:35Z" duration="0.000983" asserts="1" />
            <test-case id="0-1590" name="IsMultipleSquaresSouthEastOf_ReturnsTrue(0,6,3,3)" fullname="ChessWithTDD.Tests.SquareExtensionsTests.IsMultipleSquaresSouthEastOf_ReturnsTrue(0,6,3,3)" methodname="IsMultipleSquaresSouthEastOf_ReturnsTrue" classname="ChessWithTDD.Tests.SquareExtensionsTests" runstate="Runnable" seed="372001812" result="Passed" start-time="2017-07-19 22:26:35Z" end-time="2017-07-19 22:26:35Z" duration="0.000715" asserts="1" />
          </test-suite>
          <test-suite type="ParameterizedMethod" id="0-1582" name="IsMultipleSquaresSouthSouthOf_ReturnsFalse" fullname="ChessWithTDD.Tests.SquareExtensionsTests.IsMultipleSquaresSouthSouthOf_ReturnsFalse" classname="ChessWithTDD.Tests.SquareExtensionsTests" runstate="Runnable" testcasecount="2" result="Passed" start-time="2017-07-19 22:26:35Z" end-time="2017-07-19 22:26:35Z" duration="0.007973" total="2" passed="2" failed="0" warnings="0" inconclusive="0" skipped="0" asserts="2">
            <test-case id="0-1580" name="IsMultipleSquaresSouthSouthOf_ReturnsFalse(4,6,5,6)" fullname="ChessWithTDD.Tests.SquareExtensionsTests.IsMultipleSquaresSouthSouthOf_ReturnsFalse(4,6,5,6)" methodname="IsMultipleSquaresSouthSouthOf_ReturnsFalse" classname="ChessWithTDD.Tests.SquareExtensionsTests" runstate="Runnable" seed="539017919" result="Passed" start-time="2017-07-19 22:26:35Z" end-time="2017-07-19 22:26:35Z" duration="0.000942" asserts="1" />
            <test-case id="0-1581" name="IsMultipleSquaresSouthSouthOf_ReturnsFalse(0,0,5,1)" fullname="ChessWithTDD.Tests.SquareExtensionsTests.IsMultipleSquaresSouthSouthOf_ReturnsFalse(0,0,5,1)" methodname="IsMultipleSquaresSouthSouthOf_ReturnsFalse" classname="ChessWithTDD.Tests.SquareExtensionsTests" runstate="Runnable" seed="2038750523" result="Passed" start-time="2017-07-19 22:26:35Z" end-time="2017-07-19 22:26:35Z" duration="0.000618" asserts="1" />
          </test-suite>
          <test-suite type="ParameterizedMethod" id="0-1579" name="IsMultipleSquaresSouthSouthOf_ReturnsTrue" fullname="ChessWithTDD.Tests.SquareExtensionsTests.IsMultipleSquaresSouthSouthOf_ReturnsTrue" classname="ChessWithTDD.Tests.SquareExtensionsTests" runstate="Runnable" testcasecount="2" result="Passed" start-time="2017-07-19 22:26:35Z" end-time="2017-07-19 22:26:35Z" duration="0.008024" total="2" passed="2" failed="0" warnings="0" inconclusive="0" skipped="0" asserts="2">
            <test-case id="0-1577" name="IsMultipleSquaresSouthSouthOf_ReturnsTrue(4,6,6,6)" fullname="ChessWithTDD.Tests.SquareExtensionsTests.IsMultipleSquaresSouthSouthOf_ReturnsTrue(4,6,6,6)" methodname="IsMultipleSquaresSouthSouthOf_ReturnsTrue" classname="ChessWithTDD.Tests.SquareExtensionsTests" runstate="Runnable" seed="729294609" result="Passed" start-time="2017-07-19 22:26:35Z" end-time="2017-07-19 22:26:35Z" duration="0.000877" asserts="1" />
            <test-case id="0-1578" name="IsMultipleSquaresSouthSouthOf_ReturnsTrue(0,1,5,1)" fullname="ChessWithTDD.Tests.SquareExtensionsTests.IsMultipleSquaresSouthSouthOf_ReturnsTrue(0,1,5,1)" methodname="IsMultipleSquaresSouthSouthOf_ReturnsTrue" classname="ChessWithTDD.Tests.SquareExtensionsTests" runstate="Runnable" seed="775507635" result="Passed" start-time="2017-07-19 22:26:35Z" end-time="2017-07-19 22:26:35Z" duration="0.000678" asserts="1" />
          </test-suite>
          <test-suite type="ParameterizedMethod" id="0-1588" name="IsMultipleSquaresSouthWestOf_ReturnsFalse" fullname="ChessWithTDD.Tests.SquareExtensionsTests.IsMultipleSquaresSouthWestOf_ReturnsFalse" classname="ChessWithTDD.Tests.SquareExtensionsTests" runstate="Runnable" testcasecount="2" result="Passed" start-time="2017-07-19 22:26:35Z" end-time="2017-07-19 22:26:35Z" duration="0.008994" total="2" passed="2" failed="0" warnings="0" inconclusive="0" skipped="0" asserts="2">
            <test-case id="0-1586" name="IsMultipleSquaresSouthWestOf_ReturnsFalse(5,5,6,6)" fullname="ChessWithTDD.Tests.SquareExtensionsTests.IsMultipleSquaresSouthWestOf_ReturnsFalse(5,5,6,6)" methodname="IsMultipleSquaresSouthWestOf_ReturnsFalse" classname="ChessWithTDD.Tests.SquareExtensionsTests" runstate="Runnable" seed="630981028" result="Passed" start-time="2017-07-19 22:26:35Z" end-time="2017-07-19 22:26:35Z" duration="0.001427" asserts="1" />
            <test-case id="0-1587" name="IsMultipleSquaresSouthWestOf_ReturnsFalse(2,0,5,2)" fullname="ChessWithTDD.Tests.SquareExtensionsTests.IsMultipleSquaresSouthWestOf_ReturnsFalse(2,0,5,2)" methodname="IsMultipleSquaresSouthWestOf_ReturnsFalse" classname="ChessWithTDD.Tests.SquareExtensionsTests" runstate="Runnable" seed="1316272365" result="Passed" start-time="2017-07-19 22:26:35Z" end-time="2017-07-19 22:26:35Z" duration="0.000807" asserts="1" />
          </test-suite>
          <test-suite type="ParameterizedMethod" id="0-1585" name="IsMultipleSquaresSouthWestOf_ReturnsTrue" fullname="ChessWithTDD.Tests.SquareExtensionsTests.IsMultipleSquaresSouthWestOf_ReturnsTrue" classname="ChessWithTDD.Tests.SquareExtensionsTests" runstate="Runnable" testcasecount="2" result="Passed" start-time="2017-07-19 22:26:35Z" end-time="2017-07-19 22:26:35Z" duration="0.008949" total="2" passed="2" failed="0" warnings="0" inconclusive="0" skipped="0" asserts="2">
            <test-case id="0-1583" name="IsMultipleSquaresSouthWestOf_ReturnsTrue(4,4,6,6)" fullname="ChessWithTDD.Tests.SquareExtensionsTests.IsMultipleSquaresSouthWestOf_ReturnsTrue(4,4,6,6)" methodname="IsMultipleSquaresSouthWestOf_ReturnsTrue" classname="ChessWithTDD.Tests.SquareExtensionsTests" runstate="Runnable" seed="1131098104" result="Passed" start-time="2017-07-19 22:26:35Z" end-time="2017-07-19 22:26:35Z" duration="0.001038" asserts="1" />
            <test-case id="0-1584" name="IsMultipleSquaresSouthWestOf_ReturnsTrue(2,0,5,3)" fullname="ChessWithTDD.Tests.SquareExtensionsTests.IsMultipleSquaresSouthWestOf_ReturnsTrue(2,0,5,3)" methodname="IsMultipleSquaresSouthWestOf_ReturnsTrue" classname="ChessWithTDD.Tests.SquareExtensionsTests" runstate="Runnable" seed="505107702" result="Passed" start-time="2017-07-19 22:26:35Z" end-time="2017-07-19 22:26:35Z" duration="0.000675" asserts="1" />
          </test-suite>
          <test-suite type="ParameterizedMethod" id="0-1570" name="IsMultipleSquaresWestWestOf_ReturnsFalse" fullname="ChessWithTDD.Tests.SquareExtensionsTests.IsMultipleSquaresWestWestOf_ReturnsFalse" classname="ChessWithTDD.Tests.SquareExtensionsTests" runstate="Runnable" testcasecount="2" result="Passed" start-time="2017-07-19 22:26:35Z" end-time="2017-07-19 22:26:35Z" duration="0.008001" total="2" passed="2" failed="0" warnings="0" inconclusive="0" skipped="0" asserts="2">
            <test-case id="0-1568" name="IsMultipleSquaresWestWestOf_ReturnsFalse(4,4,4,5)" fullname="ChessWithTDD.Tests.SquareExtensionsTests.IsMultipleSquaresWestWestOf_ReturnsFalse(4,4,4,5)" methodname="IsMultipleSquaresWestWestOf_ReturnsFalse" classname="ChessWithTDD.Tests.SquareExtensionsTests" runstate="Runnable" seed="485358677" result="Passed" start-time="2017-07-19 22:26:35Z" end-time="2017-07-19 22:26:35Z" duration="0.000883" asserts="1" />
            <test-case id="0-1569" name="IsMultipleSquaresWestWestOf_ReturnsFalse(6,0,7,6)" fullname="ChessWithTDD.Tests.SquareExtensionsTests.IsMultipleSquaresWestWestOf_ReturnsFalse(6,0,7,6)" methodname="IsMultipleSquaresWestWestOf_ReturnsFalse" classname="ChessWithTDD.Tests.SquareExtensionsTests" runstate="Runnable" seed="214671058" result="Passed" start-time="2017-07-19 22:26:35Z" end-time="2017-07-19 22:26:35Z" duration="0.000612" asserts="1" />
          </test-suite>
          <test-suite type="ParameterizedMethod" id="0-1567" name="IsMultipleSquaresWestWestOf_ReturnsTrue" fullname="ChessWithTDD.Tests.SquareExtensionsTests.IsMultipleSquaresWestWestOf_ReturnsTrue" classname="ChessWithTDD.Tests.SquareExtensionsTests" runstate="Runnable" testcasecount="2" result="Passed" start-time="2017-07-19 22:26:35Z" end-time="2017-07-19 22:26:35Z" duration="0.008994" total="2" passed="2" failed="0" warnings="0" inconclusive="0" skipped="0" asserts="2">
            <test-case id="0-1565" name="IsMultipleSquaresWestWestOf_ReturnsTrue(4,2,4,5)" fullname="ChessWithTDD.Tests.SquareExtensionsTests.IsMultipleSquaresWestWestOf_ReturnsTrue(4,2,4,5)" methodname="IsMultipleSquaresWestWestOf_ReturnsTrue" classname="ChessWithTDD.Tests.SquareExtensionsTests" runstate="Runnable" seed="1856951821" result="Passed" start-time="2017-07-19 22:26:35Z" end-time="2017-07-19 22:26:35Z" duration="0.000996" asserts="1" />
            <test-case id="0-1566" name="IsMultipleSquaresWestWestOf_ReturnsTrue(6,0,6,6)" fullname="ChessWithTDD.Tests.SquareExtensionsTests.IsMultipleSquaresWestWestOf_ReturnsTrue(6,0,6,6)" methodname="IsMultipleSquaresWestWestOf_ReturnsTrue" classname="ChessWithTDD.Tests.SquareExtensionsTests" runstate="Runnable" seed="472362128" result="Passed" start-time="2017-07-19 22:26:35Z" end-time="2017-07-19 22:26:35Z" duration="0.000632" asserts="1" />
          </test-suite>
          <test-suite type="ParameterizedMethod" id="0-1602" name="IsOneSquareDiagonallyAbove_ReturnsFalse" fullname="ChessWithTDD.Tests.SquareExtensionsTests.IsOneSquareDiagonallyAbove_ReturnsFalse" classname="ChessWithTDD.Tests.SquareExtensionsTests" runstate="Runnable" testcasecount="3" result="Passed" start-time="2017-07-19 22:26:35Z" end-time="2017-07-19 22:26:35Z" duration="0.012045" total="3" passed="3" failed="0" warnings="0" inconclusive="0" skipped="0" asserts="3">
            <test-case id="0-1599" name="IsOneSquareDiagonallyAbove_ReturnsFalse(4,4,2,2)" fullname="ChessWithTDD.Tests.SquareExtensionsTests.IsOneSquareDiagonallyAbove_ReturnsFalse(4,4,2,2)" methodname="IsOneSquareDiagonallyAbove_ReturnsFalse" classname="ChessWithTDD.Tests.SquareExtensionsTests" runstate="Runnable" seed="1458651126" result="Passed" start-time="2017-07-19 22:26:35Z" end-time="2017-07-19 22:26:35Z" duration="0.000835" asserts="1" />
            <test-case id="0-1600" name="IsOneSquareDiagonallyAbove_ReturnsFalse(3,2,2,2)" fullname="ChessWithTDD.Tests.SquareExtensionsTests.IsOneSquareDiagonallyAbove_ReturnsFalse(3,2,2,2)" methodname="IsOneSquareDiagonallyAbove_ReturnsFalse" classname="ChessWithTDD.Tests.SquareExtensionsTests" runstate="Runnable" seed="1700271131" result="Passed" start-time="2017-07-19 22:26:35Z" end-time="2017-07-19 22:26:35Z" duration="0.000666" asserts="1" />
            <test-case id="0-1601" name="IsOneSquareDiagonallyAbove_ReturnsFalse(4,5,4,6)" fullname="ChessWithTDD.Tests.SquareExtensionsTests.IsOneSquareDiagonallyAbove_ReturnsFalse(4,5,4,6)" methodname="IsOneSquareDiagonallyAbove_ReturnsFalse" classname="ChessWithTDD.Tests.SquareExtensionsTests" runstate="Runnable" seed="2051800732" result="Passed" start-time="2017-07-19 22:26:35Z" end-time="2017-07-19 22:26:35Z" duration="0.000597" asserts="1" />
          </test-suite>
          <test-suite type="ParameterizedMethod" id="0-1598" name="IsOneSquareDiagonallyAbove_ReturnsTrue" fullname="ChessWithTDD.Tests.SquareExtensionsTests.IsOneSquareDiagonallyAbove_ReturnsTrue" classname="ChessWithTDD.Tests.SquareExtensionsTests" runstate="Runnable" testcasecount="3" result="Passed" start-time="2017-07-19 22:26:35Z" end-time="2017-07-19 22:26:35Z" duration="0.013011" total="3" passed="3" failed="0" warnings="0" inconclusive="0" skipped="0" asserts="3">
            <test-case id="0-1595" name="IsOneSquareDiagonallyAbove_ReturnsTrue(3,3,2,2)" fullname="ChessWithTDD.Tests.SquareExtensionsTests.IsOneSquareDiagonallyAbove_ReturnsTrue(3,3,2,2)" methodname="IsOneSquareDiagonallyAbove_ReturnsTrue" classname="ChessWithTDD.Tests.SquareExtensionsTests" runstate="Runnable" seed="543221459" result="Passed" start-time="2017-07-19 22:26:35Z" end-time="2017-07-19 22:26:35Z" duration="0.000998" asserts="1" />
            <test-case id="0-1596" name="IsOneSquareDiagonallyAbove_ReturnsTrue(3,1,2,2)" fullname="ChessWithTDD.Tests.SquareExtensionsTests.IsOneSquareDiagonallyAbove_ReturnsTrue(3,1,2,2)" methodname="IsOneSquareDiagonallyAbove_ReturnsTrue" classname="ChessWithTDD.Tests.SquareExtensionsTests" runstate="Runnable" seed="1017152680" result="Passed" start-time="2017-07-19 22:26:35Z" end-time="2017-07-19 22:26:35Z" duration="0.000627" asserts="1" />
            <test-case id="0-1597" name="IsOneSquareDiagonallyAbove_ReturnsTrue(4,5,3,4)" fullname="ChessWithTDD.Tests.SquareExtensionsTests.IsOneSquareDiagonallyAbove_ReturnsTrue(4,5,3,4)" methodname="IsOneSquareDiagonallyAbove_ReturnsTrue" classname="ChessWithTDD.Tests.SquareExtensionsTests" runstate="Runnable" seed="1012193587" result="Passed" start-time="2017-07-19 22:26:35Z" end-time="2017-07-19 22:26:35Z" duration="0.000656" asserts="1" />
          </test-suite>
          <test-suite type="ParameterizedMethod" id="0-1610" name="IsOneSquareDiagonallyBelow_ReturnsFalse" fullname="ChessWithTDD.Tests.SquareExtensionsTests.IsOneSquareDiagonallyBelow_ReturnsFalse" classname="ChessWithTDD.Tests.SquareExtensionsTests" runstate="Runnable" testcasecount="3" result="Passed" start-time="2017-07-19 22:26:35Z" end-time="2017-07-19 22:26:35Z" duration="0.011997" total="3" passed="3" failed="0" warnings="0" inconclusive="0" skipped="0" asserts="3">
            <test-case id="0-1607" name="IsOneSquareDiagonallyBelow_ReturnsFalse(0,0,2,2)" fullname="ChessWithTDD.Tests.SquareExtensionsTests.IsOneSquareDiagonallyBelow_ReturnsFalse(0,0,2,2)" methodname="IsOneSquareDiagonallyBelow_ReturnsFalse" classname="ChessWithTDD.Tests.SquareExtensionsTests" runstate="Runnable" seed="194434054" result="Passed" start-time="2017-07-19 22:26:35Z" end-time="2017-07-19 22:26:35Z" duration="0.000846" asserts="1" />
            <test-case id="0-1608" name="IsOneSquareDiagonallyBelow_ReturnsFalse(1,3,2,3)" fullname="ChessWithTDD.Tests.SquareExtensionsTests.IsOneSquareDiagonallyBelow_ReturnsFalse(1,3,2,3)" methodname="IsOneSquareDiagonallyBelow_ReturnsFalse" classname="ChessWithTDD.Tests.SquareExtensionsTests" runstate="Runnable" seed="1987222357" result="Passed" start-time="2017-07-19 22:26:35Z" end-time="2017-07-19 22:26:35Z" duration="0.000684" asserts="1" />
            <test-case id="0-1609" name="IsOneSquareDiagonallyBelow_ReturnsFalse(2,5,2,4)" fullname="ChessWithTDD.Tests.SquareExtensionsTests.IsOneSquareDiagonallyBelow_ReturnsFalse(2,5,2,4)" methodname="IsOneSquareDiagonallyBelow_ReturnsFalse" classname="ChessWithTDD.Tests.SquareExtensionsTests" runstate="Runnable" seed="1908968739" result="Passed" start-time="2017-07-19 22:26:35Z" end-time="2017-07-19 22:26:35Z" duration="0.000598" asserts="1" />
          </test-suite>
          <test-suite type="ParameterizedMethod" id="0-1606" name="IsOneSquareDiagonallyBelow_ReturnsTrue" fullname="ChessWithTDD.Tests.SquareExtensionsTests.IsOneSquareDiagonallyBelow_ReturnsTrue" classname="ChessWithTDD.Tests.SquareExtensionsTests" runstate="Runnable" testcasecount="3" result="Passed" start-time="2017-07-19 22:26:35Z" end-time="2017-07-19 22:26:35Z" duration="0.014013" total="3" passed="3" failed="0" warnings="0" inconclusive="0" skipped="0" asserts="3">
            <test-case id="0-1603" name="IsOneSquareDiagonallyBelow_ReturnsTrue(1,1,2,2)" fullname="ChessWithTDD.Tests.SquareExtensionsTests.IsOneSquareDiagonallyBelow_ReturnsTrue(1,1,2,2)" methodname="IsOneSquareDiagonallyBelow_ReturnsTrue" classname="ChessWithTDD.Tests.SquareExtensionsTests" runstate="Runnable" seed="952647742" result="Passed" start-time="2017-07-19 22:26:35Z" end-time="2017-07-19 22:26:35Z" duration="0.000951" asserts="1" />
            <test-case id="0-1604" name="IsOneSquareDiagonallyBelow_ReturnsTrue(1,3,2,2)" fullname="ChessWithTDD.Tests.SquareExtensionsTests.IsOneSquareDiagonallyBelow_ReturnsTrue(1,3,2,2)" methodname="IsOneSquareDiagonallyBelow_ReturnsTrue" classname="ChessWithTDD.Tests.SquareExtensionsTests" runstate="Runnable" seed="2111049749" result="Passed" start-time="2017-07-19 22:26:35Z" end-time="2017-07-19 22:26:35Z" duration="0.000671" asserts="1" />
            <test-case id="0-1605" name="IsOneSquareDiagonallyBelow_ReturnsTrue(2,5,3,4)" fullname="ChessWithTDD.Tests.SquareExtensionsTests.IsOneSquareDiagonallyBelow_ReturnsTrue(2,5,3,4)" methodname="IsOneSquareDiagonallyBelow_ReturnsTrue" classname="ChessWithTDD.Tests.SquareExtensionsTests" runstate="Runnable" seed="13373631" result="Passed" start-time="2017-07-19 22:26:35Z" end-time="2017-07-19 22:26:35Z" duration="0.000995" asserts="1" />
          </test-suite>
        </test-suite>
        <test-suite type="TestFixture" id="0-1675" name="SquareTests" fullname="ChessWithTDD.Tests.SquareTests" classname="ChessWithTDD.Tests.SquareTests" runstate="Runnable" testcasecount="3" result="Passed" start-time="2017-07-19 22:26:35Z" end-time="2017-07-19 22:26:35Z" duration="0.012043" total="3" passed="3" failed="0" warnings="0" inconclusive="0" skipped="0" asserts="4">
          <test-case id="0-1677" name="SquareContainsPieceAfterCallingAddPiece" fullname="ChessWithTDD.Tests.SquareTests.SquareContainsPieceAfterCallingAddPiece" methodname="SquareContainsPieceAfterCallingAddPiece" classname="ChessWithTDD.Tests.SquareTests" runstate="Runnable" seed="1299571238" result="Passed" start-time="2017-07-19 22:26:35Z" end-time="2017-07-19 22:26:35Z" duration="0.000372" asserts="1" />
          <test-case id="0-1676" name="SquareInitialisedHasNoPieceInIt" fullname="ChessWithTDD.Tests.SquareTests.SquareInitialisedHasNoPieceInIt" methodname="SquareInitialisedHasNoPieceInIt" classname="ChessWithTDD.Tests.SquareTests" runstate="Runnable" seed="871582554" result="Passed" start-time="2017-07-19 22:26:35Z" end-time="2017-07-19 22:26:35Z" duration="0.000221" asserts="1" />
          <test-case id="0-1678" name="SquareInitialisedWithRowAndColCorrectly" fullname="ChessWithTDD.Tests.SquareTests.SquareInitialisedWithRowAndColCorrectly" methodname="SquareInitialisedWithRowAndColCorrectly" classname="ChessWithTDD.Tests.SquareTests" runstate="Runnable" seed="585446237" result="Passed" start-time="2017-07-19 22:26:35Z" end-time="2017-07-19 22:26:35Z" duration="0.000346" asserts="2" />
        </test-suite>
        <test-suite type="TestFixture" id="0-1539" name="StrictServiceLocatorTests" fullname="ChessWithTDD.Tests.StrictServiceLocatorTests" classname="ChessWithTDD.Tests.StrictServiceLocatorTests" runstate="Runnable" testcasecount="6" result="Passed" start-time="2017-07-19 22:26:35Z" end-time="2017-07-19 22:26:35Z" duration="0.026254" total="6" passed="6" failed="0" warnings="0" inconclusive="0" skipped="0" asserts="6">
          <test-case id="0-1540" name="BoardCacheServiceIsImplemented" fullname="ChessWithTDD.Tests.StrictServiceLocatorTests.BoardCacheServiceIsImplemented" methodname="BoardCacheServiceIsImplemented" classname="ChessWithTDD.Tests.StrictServiceLocatorTests" runstate="Runnable" seed="838458639" result="Passed" start-time="2017-07-19 22:26:35Z" end-time="2017-07-19 22:26:35Z" duration="0.000534" asserts="1" />
          <test-case id="0-1541" name="BoardInitialiserServiceIsImplemented" fullname="ChessWithTDD.Tests.StrictServiceLocatorTests.BoardInitialiserServiceIsImplemented" methodname="BoardInitialiserServiceIsImplemented" classname="ChessWithTDD.Tests.StrictServiceLocatorTests" runstate="Runnable" seed="603394839" result="Passed" start-time="2017-07-19 22:26:35Z" end-time="2017-07-19 22:26:35Z" duration="0.000503" asserts="1" />
          <test-case id="0-1542" name="CheckManagerServiceIsImplemented" fullname="ChessWithTDD.Tests.StrictServiceLocatorTests.CheckManagerServiceIsImplemented" methodname="CheckManagerServiceIsImplemented" classname="ChessWithTDD.Tests.StrictServiceLocatorTests" runstate="Runnable" seed="60894153" result="Passed" start-time="2017-07-19 22:26:35Z" end-time="2017-07-19 22:26:35Z" duration="0.000634" asserts="1" />
          <test-case id="0-1545" name="MoveExecuterServiceIsImplemented" fullname="ChessWithTDD.Tests.StrictServiceLocatorTests.MoveExecuterServiceIsImplemented" methodname="MoveExecuterServiceIsImplemented" classname="ChessWithTDD.Tests.StrictServiceLocatorTests" runstate="Runnable" seed="1601762992" result="Passed" start-time="2017-07-19 22:26:35Z" end-time="2017-07-19 22:26:35Z" duration="0.000563" asserts="1" />
          <test-case id="0-1543" name="MoveValidatorServiceIsImplemented" fullname="ChessWithTDD.Tests.StrictServiceLocatorTests.MoveValidatorServiceIsImplemented" methodname="MoveValidatorServiceIsImplemented" classname="ChessWithTDD.Tests.StrictServiceLocatorTests" runstate="Runnable" seed="1085375827" result="Passed" start-time="2017-07-19 22:26:35Z" end-time="2017-07-19 22:26:35Z" duration="0.000546" asserts="1" />
          <test-case id="0-1544" name="PawnManagerServiceIsImplemented" fullname="ChessWithTDD.Tests.StrictServiceLocatorTests.PawnManagerServiceIsImplemented" methodname="PawnManagerServiceIsImplemented" classname="ChessWithTDD.Tests.StrictServiceLocatorTests" runstate="Runnable" seed="1160134697" result="Passed" start-time="2017-07-19 22:26:35Z" end-time="2017-07-19 22:26:35Z" duration="0.000557" asserts="1" />
        </test-suite>
        <test-suite type="TestFixture" id="0-1679" name="WhitePawnTests" fullname="ChessWithTDD.Tests.WhitePawnTests" classname="ChessWithTDD.Tests.WhitePawnTests" runstate="Runnable" testcasecount="21" result="Passed" start-time="2017-07-19 22:26:35Z" end-time="2017-07-19 22:26:35Z" duration="0.149030" total="21" passed="21" failed="0" warnings="0" inconclusive="0" skipped="0" asserts="21">
          <test-suite type="ParameterizedMethod" id="0-1688" name="WhitePawnCanMoveDiagonallyUpTheBoardIfBlackPieceThere" fullname="ChessWithTDD.Tests.WhitePawnTests.WhitePawnCanMoveDiagonallyUpTheBoardIfBlackPieceThere" classname="ChessWithTDD.Tests.WhitePawnTests" runstate="Runnable" testcasecount="2" result="Passed" start-time="2017-07-19 22:26:35Z" end-time="2017-07-19 22:26:35Z" duration="0.011091" total="2" passed="2" failed="0" warnings="0" inconclusive="0" skipped="0" asserts="2">
            <test-case id="0-1686" name="WhitePawnCanMoveDiagonallyUpTheBoardIfBlackPieceThere(4,4,5,5)" fullname="ChessWithTDD.Tests.WhitePawnTests.WhitePawnCanMoveDiagonallyUpTheBoardIfBlackPieceThere(4,4,5,5)" methodname="WhitePawnCanMoveDiagonallyUpTheBoardIfBlackPieceThere" classname="ChessWithTDD.Tests.WhitePawnTests" runstate="Runnable" seed="1616373417" result="Passed" start-time="2017-07-19 22:26:35Z" end-time="2017-07-19 22:26:35Z" duration="0.002184" asserts="1" />
            <test-case id="0-1687" name="WhitePawnCanMoveDiagonallyUpTheBoardIfBlackPieceThere(4,4,5,3)" fullname="ChessWithTDD.Tests.WhitePawnTests.WhitePawnCanMoveDiagonallyUpTheBoardIfBlackPieceThere(4,4,5,3)" methodname="WhitePawnCanMoveDiagonallyUpTheBoardIfBlackPieceThere" classname="ChessWithTDD.Tests.WhitePawnTests" runstate="Runnable" seed="1886977509" result="Passed" start-time="2017-07-19 22:26:35Z" end-time="2017-07-19 22:26:35Z" duration="0.001149" asserts="1" />
          </test-suite>
          <test-suite type="ParameterizedMethod" id="0-1694" name="WhitePawnCanMoveDiagonallyUpwardsToEmptySquareIfToSquareHasEnPassantMark" fullname="ChessWithTDD.Tests.WhitePawnTests.WhitePawnCanMoveDiagonallyUpwardsToEmptySquareIfToSquareHasEnPassantMark" classname="ChessWithTDD.Tests.WhitePawnTests" runstate="Runnable" testcasecount="2" result="Passed" start-time="2017-07-19 22:26:35Z" end-time="2017-07-19 22:26:35Z" duration="0.010008" total="2" passed="2" failed="0" warnings="0" inconclusive="0" skipped="0" asserts="2">
            <test-case id="0-1692" name="WhitePawnCanMoveDiagonallyUpwardsToEmptySquareIfToSquareHasEnPassantMark(4,4,5,5)" fullname="ChessWithTDD.Tests.WhitePawnTests.WhitePawnCanMoveDiagonallyUpwardsToEmptySquareIfToSquareHasEnPassantMark(4,4,5,5)" methodname="WhitePawnCanMoveDiagonallyUpwardsToEmptySquareIfToSquareHasEnPassantMark" classname="ChessWithTDD.Tests.WhitePawnTests" runstate="Runnable" seed="1338843467" result="Passed" start-time="2017-07-19 22:26:35Z" end-time="2017-07-19 22:26:35Z" duration="0.001411" asserts="1" />
            <test-case id="0-1693" name="WhitePawnCanMoveDiagonallyUpwardsToEmptySquareIfToSquareHasEnPassantMark(4,4,5,3)" fullname="ChessWithTDD.Tests.WhitePawnTests.WhitePawnCanMoveDiagonallyUpwardsToEmptySquareIfToSquareHasEnPassantMark(4,4,5,3)" methodname="WhitePawnCanMoveDiagonallyUpwardsToEmptySquareIfToSquareHasEnPassantMark" classname="ChessWithTDD.Tests.WhitePawnTests" runstate="Runnable" seed="225647345" result="Passed" start-time="2017-07-19 22:26:35Z" end-time="2017-07-19 22:26:35Z" duration="0.001146" asserts="1" />
          </test-suite>
          <test-suite type="ParameterizedMethod" id="0-1682" name="WhitePawnCanMoveOneVerticalPositionUpTheBoard" fullname="ChessWithTDD.Tests.WhitePawnTests.WhitePawnCanMoveOneVerticalPositionUpTheBoard" classname="ChessWithTDD.Tests.WhitePawnTests" runstate="Runnable" testcasecount="2" result="Passed" start-time="2017-07-19 22:26:35Z" end-time="2017-07-19 22:26:35Z" duration="0.010026" total="2" passed="2" failed="0" warnings="0" inconclusive="0" skipped="0" asserts="2">
            <test-case id="0-1680" name="WhitePawnCanMoveOneVerticalPositionUpTheBoard(5,2,6,2)" fullname="ChessWithTDD.Tests.WhitePawnTests.WhitePawnCanMoveOneVerticalPositionUpTheBoard(5,2,6,2)" methodname="WhitePawnCanMoveOneVerticalPositionUpTheBoard" classname="ChessWithTDD.Tests.WhitePawnTests" runstate="Runnable" seed="1721661726" result="Passed" start-time="2017-07-19 22:26:35Z" end-time="2017-07-19 22:26:35Z" duration="0.001296" asserts="1" />
            <test-case id="0-1681" name="WhitePawnCanMoveOneVerticalPositionUpTheBoard(3,3,4,3)" fullname="ChessWithTDD.Tests.WhitePawnTests.WhitePawnCanMoveOneVerticalPositionUpTheBoard(3,3,4,3)" methodname="WhitePawnCanMoveOneVerticalPositionUpTheBoard" classname="ChessWithTDD.Tests.WhitePawnTests" runstate="Runnable" seed="116696848" result="Passed" start-time="2017-07-19 22:26:35Z" end-time="2017-07-19 22:26:35Z" duration="0.001009" asserts="1" />
          </test-suite>
          <test-suite type="ParameterizedMethod" id="0-1700" name="WhitePawnCanMoveTwoVerticalSpacesUpTheBoardIfItHasNotMovedBefore" fullname="ChessWithTDD.Tests.WhitePawnTests.WhitePawnCanMoveTwoVerticalSpacesUpTheBoardIfItHasNotMovedBefore" classname="ChessWithTDD.Tests.WhitePawnTests" runstate="Runnable" testcasecount="2" result="Passed" start-time="2017-07-19 22:26:35Z" end-time="2017-07-19 22:26:35Z" duration="0.010002" total="2" passed="2" failed="0" warnings="0" inconclusive="0" skipped="0" asserts="2">
            <test-case id="0-1698" name="WhitePawnCanMoveTwoVerticalSpacesUpTheBoardIfItHasNotMovedBefore(4,4,6,4)" fullname="ChessWithTDD.Tests.WhitePawnTests.WhitePawnCanMoveTwoVerticalSpacesUpTheBoardIfItHasNotMovedBefore(4,4,6,4)" methodname="WhitePawnCanMoveTwoVerticalSpacesUpTheBoardIfItHasNotMovedBefore" classname="ChessWithTDD.Tests.WhitePawnTests" runstate="Runnable" seed="434547702" result="Passed" start-time="2017-07-19 22:26:35Z" end-time="2017-07-19 22:26:35Z" duration="0.001888" asserts="1" />
            <test-case id="0-1699" name="WhitePawnCanMoveTwoVerticalSpacesUpTheBoardIfItHasNotMovedBefore(2,1,4,1)" fullname="ChessWithTDD.Tests.WhitePawnTests.WhitePawnCanMoveTwoVerticalSpacesUpTheBoardIfItHasNotMovedBefore(2,1,4,1)" methodname="WhitePawnCanMoveTwoVerticalSpacesUpTheBoardIfItHasNotMovedBefore" classname="ChessWithTDD.Tests.WhitePawnTests" runstate="Runnable" seed="691558073" result="Passed" start-time="2017-07-19 22:26:35Z" end-time="2017-07-19 22:26:35Z" duration="0.001224" asserts="1" />
          </test-suite>
          <test-suite type="ParameterizedMethod" id="0-1691" name="WhitePawnCannotMoveDiagonallyUpTheBoardIfNoPieceThere" fullname="ChessWithTDD.Tests.WhitePawnTests.WhitePawnCannotMoveDiagonallyUpTheBoardIfNoPieceThere" classname="ChessWithTDD.Tests.WhitePawnTests" runstate="Runnable" testcasecount="2" result="Passed" start-time="2017-07-19 22:26:35Z" end-time="2017-07-19 22:26:35Z" duration="0.009980" total="2" passed="2" failed="0" warnings="0" inconclusive="0" skipped="0" asserts="2">
            <test-case id="0-1689" name="WhitePawnCannotMoveDiagonallyUpTheBoardIfNoPieceThere(4,4,5,5)" fullname="ChessWithTDD.Tests.WhitePawnTests.WhitePawnCannotMoveDiagonallyUpTheBoardIfNoPieceThere(4,4,5,5)" methodname="WhitePawnCannotMoveDiagonallyUpTheBoardIfNoPieceThere" classname="ChessWithTDD.Tests.WhitePawnTests" runstate="Runnable" seed="835044079" result="Passed" start-time="2017-07-19 22:26:35Z" end-time="2017-07-19 22:26:35Z" duration="0.001445" asserts="1" />
            <test-case id="0-1690" name="WhitePawnCannotMoveDiagonallyUpTheBoardIfNoPieceThere(4,4,5,3)" fullname="ChessWithTDD.Tests.WhitePawnTests.WhitePawnCannotMoveDiagonallyUpTheBoardIfNoPieceThere(4,4,5,3)" methodname="WhitePawnCannotMoveDiagonallyUpTheBoardIfNoPieceThere" classname="ChessWithTDD.Tests.WhitePawnTests" runstate="Runnable" seed="1196778158" result="Passed" start-time="2017-07-19 22:26:35Z" end-time="2017-07-19 22:26:35Z" duration="0.001026" asserts="1" />
          </test-suite>
          <test-suite type="ParameterizedMethod" id="0-1697" name="WhitePawnCannotMoveDiagonallyUpwardsToEmptySquareIfToSquareHasNoEnPassantMark" fullname="ChessWithTDD.Tests.WhitePawnTests.WhitePawnCannotMoveDiagonallyUpwardsToEmptySquareIfToSquareHasNoEnPassantMark" classname="ChessWithTDD.Tests.WhitePawnTests" runstate="Runnable" testcasecount="2" result="Passed" start-time="2017-07-19 22:26:35Z" end-time="2017-07-19 22:26:35Z" duration="0.010006" total="2" passed="2" failed="0" warnings="0" inconclusive="0" skipped="0" asserts="2">
            <test-case id="0-1695" name="WhitePawnCannotMoveDiagonallyUpwardsToEmptySquareIfToSquareHasNoEnPassantMark(4,4,5,5)" fullname="ChessWithTDD.Tests.WhitePawnTests.WhitePawnCannotMoveDiagonallyUpwardsToEmptySquareIfToSquareHasNoEnPassantMark(4,4,5,5)" methodname="WhitePawnCannotMoveDiagonallyUpwardsToEmptySquareIfToSquareHasNoEnPassantMark" classname="ChessWithTDD.Tests.WhitePawnTests" runstate="Runnable" seed="487244459" result="Passed" start-time="2017-07-19 22:26:35Z" end-time="2017-07-19 22:26:35Z" duration="0.001510" asserts="1" />
            <test-case id="0-1696" name="WhitePawnCannotMoveDiagonallyUpwardsToEmptySquareIfToSquareHasNoEnPassantMark(4,4,5,3)" fullname="ChessWithTDD.Tests.WhitePawnTests.WhitePawnCannotMoveDiagonallyUpwardsToEmptySquareIfToSquareHasNoEnPassantMark(4,4,5,3)" methodname="WhitePawnCannotMoveDiagonallyUpwardsToEmptySquareIfToSquareHasNoEnPassantMark" classname="ChessWithTDD.Tests.WhitePawnTests" runstate="Runnable" seed="1698578820" result="Passed" start-time="2017-07-19 22:26:35Z" end-time="2017-07-19 22:26:35Z" duration="0.001122" asserts="1" />
          </test-suite>
          <test-suite type="ParameterizedMethod" id="0-1709" name="WhitePawnCannotMoveOneHorizontalPositionAcrossTheBoard" fullname="ChessWithTDD.Tests.WhitePawnTests.WhitePawnCannotMoveOneHorizontalPositionAcrossTheBoard" classname="ChessWithTDD.Tests.WhitePawnTests" runstate="Runnable" testcasecount="2" result="Passed" start-time="2017-07-19 22:26:35Z" end-time="2017-07-19 22:26:35Z" duration="0.009034" total="2" passed="2" failed="0" warnings="0" inconclusive="0" skipped="0" asserts="2">
            <test-case id="0-1707" name="WhitePawnCannotMoveOneHorizontalPositionAcrossTheBoard(5,2,5,3)" fullname="ChessWithTDD.Tests.WhitePawnTests.WhitePawnCannotMoveOneHorizontalPositionAcrossTheBoard(5,2,5,3)" methodname="WhitePawnCannotMoveOneHorizontalPositionAcrossTheBoard" classname="ChessWithTDD.Tests.WhitePawnTests" runstate="Runnable" seed="832237978" result="Passed" start-time="2017-07-19 22:26:35Z" end-time="2017-07-19 22:26:35Z" duration="0.001386" asserts="1" />
            <test-case id="0-1708" name="WhitePawnCannotMoveOneHorizontalPositionAcrossTheBoard(3,3,3,2)" fullname="ChessWithTDD.Tests.WhitePawnTests.WhitePawnCannotMoveOneHorizontalPositionAcrossTheBoard(3,3,3,2)" methodname="WhitePawnCannotMoveOneHorizontalPositionAcrossTheBoard" classname="ChessWithTDD.Tests.WhitePawnTests" runstate="Runnable" seed="452363157" result="Passed" start-time="2017-07-19 22:26:35Z" end-time="2017-07-19 22:26:35Z" duration="0.000941" asserts="1" />
          </test-suite>
          <test-suite type="ParameterizedMethod" id="0-1711" name="WhitePawnCannotMoveOneVerticalPositionDownTheBoard" fullname="ChessWithTDD.Tests.WhitePawnTests.WhitePawnCannotMoveOneVerticalPositionDownTheBoard" classname="ChessWithTDD.Tests.WhitePawnTests" runstate="Runnable" testcasecount="1" result="Passed" start-time="2017-07-19 22:26:35Z" end-time="2017-07-19 22:26:35Z" duration="0.005012" total="1" passed="1" failed="0" warnings="0" inconclusive="0" skipped="0" asserts="1">
            <test-case id="0-1710" name="WhitePawnCannotMoveOneVerticalPositionDownTheBoard(1,1,0,1)" fullname="ChessWithTDD.Tests.WhitePawnTests.WhitePawnCannotMoveOneVerticalPositionDownTheBoard(1,1,0,1)" methodname="WhitePawnCannotMoveOneVerticalPositionDownTheBoard" classname="ChessWithTDD.Tests.WhitePawnTests" runstate="Runnable" seed="1378676066" result="Passed" start-time="2017-07-19 22:26:35Z" end-time="2017-07-19 22:26:35Z" duration="0.001504" asserts="1" />
          </test-suite>
          <test-suite type="ParameterizedMethod" id="0-1685" name="WhitePawnCannotMoveOneVerticalPositionUpTheBoardIfBlackPieceThere" fullname="ChessWithTDD.Tests.WhitePawnTests.WhitePawnCannotMoveOneVerticalPositionUpTheBoardIfBlackPieceThere" classname="ChessWithTDD.Tests.WhitePawnTests" runstate="Runnable" testcasecount="2" result="Passed" start-time="2017-07-19 22:26:35Z" end-time="2017-07-19 22:26:35Z" duration="0.009958" total="2" passed="2" failed="0" warnings="0" inconclusive="0" skipped="0" asserts="2">
            <test-case id="0-1683" name="WhitePawnCannotMoveOneVerticalPositionUpTheBoardIfBlackPieceThere(5,2,6,2)" fullname="ChessWithTDD.Tests.WhitePawnTests.WhitePawnCannotMoveOneVerticalPositionUpTheBoardIfBlackPieceThere(5,2,6,2)" methodname="WhitePawnCannotMoveOneVerticalPositionUpTheBoardIfBlackPieceThere" classname="ChessWithTDD.Tests.WhitePawnTests" runstate="Runnable" seed="956742913" result="Passed" start-time="2017-07-19 22:26:35Z" end-time="2017-07-19 22:26:35Z" duration="0.001769" asserts="1" />
            <test-case id="0-1684" name="WhitePawnCannotMoveOneVerticalPositionUpTheBoardIfBlackPieceThere(3,3,4,3)" fullname="ChessWithTDD.Tests.WhitePawnTests.WhitePawnCannotMoveOneVerticalPositionUpTheBoardIfBlackPieceThere(3,3,4,3)" methodname="WhitePawnCannotMoveOneVerticalPositionUpTheBoardIfBlackPieceThere" classname="ChessWithTDD.Tests.WhitePawnTests" runstate="Runnable" seed="1361770263" result="Passed" start-time="2017-07-19 22:26:35Z" end-time="2017-07-19 22:26:35Z" duration="0.001108" asserts="1" />
          </test-suite>
          <test-suite type="ParameterizedMethod" id="0-1703" name="WhitePawnCannotMoveTwoVerticalSpacesUpTheBoardIfItHasMovedBefore" fullname="ChessWithTDD.Tests.WhitePawnTests.WhitePawnCannotMoveTwoVerticalSpacesUpTheBoardIfItHasMovedBefore" classname="ChessWithTDD.Tests.WhitePawnTests" runstate="Runnable" testcasecount="2" result="Passed" start-time="2017-07-19 22:26:35Z" end-time="2017-07-19 22:26:35Z" duration="0.010031" total="2" passed="2" failed="0" warnings="0" inconclusive="0" skipped="0" asserts="2">
            <test-case id="0-1701" name="WhitePawnCannotMoveTwoVerticalSpacesUpTheBoardIfItHasMovedBefore(4,4,6,4)" fullname="ChessWithTDD.Tests.WhitePawnTests.WhitePawnCannotMoveTwoVerticalSpacesUpTheBoardIfItHasMovedBefore(4,4,6,4)" methodname="WhitePawnCannotMoveTwoVerticalSpacesUpTheBoardIfItHasMovedBefore" classname="ChessWithTDD.Tests.WhitePawnTests" runstate="Runnable" seed="1725068763" result="Passed" start-time="2017-07-19 22:26:35Z" end-time="2017-07-19 22:26:35Z" duration="0.001621" asserts="1" />
            <test-case id="0-1702" name="WhitePawnCannotMoveTwoVerticalSpacesUpTheBoardIfItHasMovedBefore(2,1,4,1)" fullname="ChessWithTDD.Tests.WhitePawnTests.WhitePawnCannotMoveTwoVerticalSpacesUpTheBoardIfItHasMovedBefore(2,1,4,1)" methodname="WhitePawnCannotMoveTwoVerticalSpacesUpTheBoardIfItHasMovedBefore" classname="ChessWithTDD.Tests.WhitePawnTests" runstate="Runnable" seed="2109935339" result="Passed" start-time="2017-07-19 22:26:35Z" end-time="2017-07-19 22:26:35Z" duration="0.000957" asserts="1" />
          </test-suite>
          <test-suite type="ParameterizedMethod" id="0-1706" name="WhitePawnCannotMoveTwoVerticalSpacesUpTheBoardIfItHasNotMovedButToSquareContainsAPiece" fullname="ChessWithTDD.Tests.WhitePawnTests.WhitePawnCannotMoveTwoVerticalSpacesUpTheBoardIfItHasNotMovedButToSquareContainsAPiece" classname="ChessWithTDD.Tests.WhitePawnTests" runstate="Runnable" testcasecount="2" result="Passed" start-time="2017-07-19 22:26:35Z" end-time="2017-07-19 22:26:35Z" duration="0.010053" total="2" passed="2" failed="0" warnings="0" inconclusive="0" skipped="0" asserts="2">
            <test-case id="0-1704" name="WhitePawnCannotMoveTwoVerticalSpacesUpTheBoardIfItHasNotMovedButToSquareContainsAPiece(4,4,6,4)" fullname="ChessWithTDD.Tests.WhitePawnTests.WhitePawnCannotMoveTwoVerticalSpacesUpTheBoardIfItHasNotMovedButToSquareContainsAPiece(4,4,6,4)" methodname="WhitePawnCannotMoveTwoVerticalSpacesUpTheBoardIfItHasNotMovedButToSquareContainsAPiece" classname="ChessWithTDD.Tests.WhitePawnTests" runstate="Runnable" seed="1069407837" result="Passed" start-time="2017-07-19 22:26:35Z" end-time="2017-07-19 22:26:35Z" duration="0.001425" asserts="1" />
            <test-case id="0-1705" name="WhitePawnCannotMoveTwoVerticalSpacesUpTheBoardIfItHasNotMovedButToSquareContainsAPiece(2,1,4,1)" fullname="ChessWithTDD.Tests.WhitePawnTests.WhitePawnCannotMoveTwoVerticalSpacesUpTheBoardIfItHasNotMovedButToSquareContainsAPiece(2,1,4,1)" methodname="WhitePawnCannotMoveTwoVerticalSpacesUpTheBoardIfItHasNotMovedButToSquareContainsAPiece" classname="ChessWithTDD.Tests.WhitePawnTests" runstate="Runnable" seed="642729577" result="Passed" start-time="2017-07-19 22:26:35Z" end-time="2017-07-19 22:26:35Z" duration="0.001034" asserts="1" />
          </test-suite>
        </test-suite>
      </test-suite>
    </test-suite>
  </test-suite>
</test-run>