<?xml version="1.0" encoding="utf-8" standalone="no"?>
<test-run id="2" testcasecount="91" result="Passed" total="24" passed="24" failed="0" inconclusive="0" skipped="0" asserts="24" engine-version="3.6.1.0" clr-version="4.0.30319.42000" start-time="2017-03-16 22:50:45Z" end-time="2017-03-16 22:50:47Z" duration="1.698337">
  <command-line><![CDATA[nunit3-console.exe  C:\Programming\ChessWithTDD\ChessWithTDD\ChessWithTDD\bin\Debug\ChessWithTDD.dll --where "class == ChessWithTDD.Tests.KnightTests"]]></command-line>
  <filter>
    <class>ChessWithTDD.Tests.KnightTests</class>
  </filter>
  <test-suite type="Assembly" id="0-1127" name="ChessWithTDD.dll" fullname="C:\Programming\ChessWithTDD\ChessWithTDD\ChessWithTDD\bin\Debug\ChessWithTDD.dll" runstate="Runnable" testcasecount="91" result="Passed" start-time="2017-03-16 22:50:46Z" end-time="2017-03-16 22:50:47Z" duration="1.140261" total="24" passed="24" failed="0" warnings="0" inconclusive="0" skipped="0" asserts="24">
    <environment framework-version="3.6.0.0" clr-version="4.0.30319.42000" os-version="Microsoft Windows NT 10.0.14393.0" platform="Win32NT" cwd="C:\Programming\ChessWithTDD\ChessWithTDD\packages\NUnit.ConsoleRunner.3.6.1\tools" machine-name="DESKTOP-KCJFP9V" user="dantb" user-domain="DESKTOP-KCJFP9V" culture="en-GB" uiculture="en-GB" os-architecture="x64" />
    <settings>
      <setting name="DisposeRunners" value="True" />
      <setting name="WorkDirectory" value="C:\Programming\ChessWithTDD\ChessWithTDD\packages\NUnit.ConsoleRunner.3.6.1\tools" />
      <setting name="ImageRuntimeVersion" value="4.0.30319" />
      <setting name="ImageTargetFrameworkName" value=".NETFramework,Version=v4.5.2" />
      <setting name="ImageRequiresX86" value="False" />
      <setting name="ImageRequiresDefaultAppDomainAssemblyResolver" value="False" />
      <setting name="NumberOfTestWorkers" value="8" />
    </settings>
    <properties>
      <property name="_PID" value="10120" />
      <property name="_APPDOMAIN" value="domain-" />
    </properties>
    <test-suite type="TestSuite" id="0-1128" name="ChessWithTDD" fullname="ChessWithTDD" runstate="Runnable" testcasecount="91" result="Passed" start-time="2017-03-16 22:50:46Z" end-time="2017-03-16 22:50:47Z" duration="1.109458" total="24" passed="24" failed="0" warnings="0" inconclusive="0" skipped="0" asserts="24">
      <test-suite type="TestSuite" id="0-1129" name="Tests" fullname="ChessWithTDD.Tests" runstate="Runnable" testcasecount="91" result="Passed" start-time="2017-03-16 22:50:46Z" end-time="2017-03-16 22:50:47Z" duration="1.078187" total="24" passed="24" failed="0" warnings="0" inconclusive="0" skipped="0" asserts="24">
        <test-suite type="TestFixture" id="0-1062" name="KnightTests" fullname="ChessWithTDD.Tests.KnightTests" classname="ChessWithTDD.Tests.KnightTests" runstate="Runnable" testcasecount="24" result="Passed" start-time="2017-03-16 22:50:46Z" end-time="2017-03-16 22:50:47Z" duration="1.046893" total="24" passed="24" failed="0" warnings="0" inconclusive="0" skipped="0" asserts="24">
          <test-suite type="ParameterizedMethod" id="0-1072" name="KnightCanMoveOneHorizontalAndTwoVerticalPositions" fullname="ChessWithTDD.Tests.KnightTests.KnightCanMoveOneHorizontalAndTwoVerticalPositions" classname="ChessWithTDD.Tests.KnightTests" runstate="Runnable" testcasecount="4" result="Passed" start-time="2017-03-16 22:50:46Z" end-time="2017-03-16 22:50:46Z" duration="0.268525" total="4" passed="4" failed="0" warnings="0" inconclusive="0" skipped="0" asserts="4">
            <test-case id="0-1068" name="KnightCanMoveOneHorizontalAndTwoVerticalPositions(1,2,3,3)" fullname="ChessWithTDD.Tests.KnightTests.KnightCanMoveOneHorizontalAndTwoVerticalPositions(1,2,3,3)" methodname="KnightCanMoveOneHorizontalAndTwoVerticalPositions" classname="ChessWithTDD.Tests.KnightTests" runstate="Runnable" seed="432683079" result="Passed" start-time="2017-03-16 22:50:46Z" end-time="2017-03-16 22:50:46Z" duration="0.146330" asserts="1" />
            <test-case id="0-1069" name="KnightCanMoveOneHorizontalAndTwoVerticalPositions(1,2,3,1)" fullname="ChessWithTDD.Tests.KnightTests.KnightCanMoveOneHorizontalAndTwoVerticalPositions(1,2,3,1)" methodname="KnightCanMoveOneHorizontalAndTwoVerticalPositions" classname="ChessWithTDD.Tests.KnightTests" runstate="Runnable" seed="236017556" result="Passed" start-time="2017-03-16 22:50:46Z" end-time="2017-03-16 22:50:46Z" duration="0.000504" asserts="1" />
            <test-case id="0-1070" name="KnightCanMoveOneHorizontalAndTwoVerticalPositions(2,3,0,4)" fullname="ChessWithTDD.Tests.KnightTests.KnightCanMoveOneHorizontalAndTwoVerticalPositions(2,3,0,4)" methodname="KnightCanMoveOneHorizontalAndTwoVerticalPositions" classname="ChessWithTDD.Tests.KnightTests" runstate="Runnable" seed="1388647639" result="Passed" start-time="2017-03-16 22:50:46Z" end-time="2017-03-16 22:50:46Z" duration="0.001763" asserts="1" />
            <test-case id="0-1071" name="KnightCanMoveOneHorizontalAndTwoVerticalPositions(2,3,0,2)" fullname="ChessWithTDD.Tests.KnightTests.KnightCanMoveOneHorizontalAndTwoVerticalPositions(2,3,0,2)" methodname="KnightCanMoveOneHorizontalAndTwoVerticalPositions" classname="ChessWithTDD.Tests.KnightTests" runstate="Runnable" seed="841529155" result="Passed" start-time="2017-03-16 22:50:46Z" end-time="2017-03-16 22:50:46Z" duration="0.001757" asserts="1" />
          </test-suite>
          <test-suite type="ParameterizedMethod" id="0-1067" name="KnightCanMoveOneVerticalAndTwoHorizontalPositions" fullname="ChessWithTDD.Tests.KnightTests.KnightCanMoveOneVerticalAndTwoHorizontalPositions" classname="ChessWithTDD.Tests.KnightTests" runstate="Runnable" testcasecount="4" result="Passed" start-time="2017-03-16 22:50:46Z" end-time="2017-03-16 22:50:46Z" duration="0.125032" total="4" passed="4" failed="0" warnings="0" inconclusive="0" skipped="0" asserts="4">
            <test-case id="0-1063" name="KnightCanMoveOneVerticalAndTwoHorizontalPositions(1,2,2,4)" fullname="ChessWithTDD.Tests.KnightTests.KnightCanMoveOneVerticalAndTwoHorizontalPositions(1,2,2,4)" methodname="KnightCanMoveOneVerticalAndTwoHorizontalPositions" classname="ChessWithTDD.Tests.KnightTests" runstate="Runnable" seed="379784183" result="Passed" start-time="2017-03-16 22:50:46Z" end-time="2017-03-16 22:50:46Z" duration="0.002415" asserts="1" />
            <test-case id="0-1064" name="KnightCanMoveOneVerticalAndTwoHorizontalPositions(1,2,0,4)" fullname="ChessWithTDD.Tests.KnightTests.KnightCanMoveOneVerticalAndTwoHorizontalPositions(1,2,0,4)" methodname="KnightCanMoveOneVerticalAndTwoHorizontalPositions" classname="ChessWithTDD.Tests.KnightTests" runstate="Runnable" seed="34575101" result="Passed" start-time="2017-03-16 22:50:46Z" end-time="2017-03-16 22:50:46Z" duration="0.002008" asserts="1" />
            <test-case id="0-1065" name="KnightCanMoveOneVerticalAndTwoHorizontalPositions(2,3,3,1)" fullname="ChessWithTDD.Tests.KnightTests.KnightCanMoveOneVerticalAndTwoHorizontalPositions(2,3,3,1)" methodname="KnightCanMoveOneVerticalAndTwoHorizontalPositions" classname="ChessWithTDD.Tests.KnightTests" runstate="Runnable" seed="362731035" result="Passed" start-time="2017-03-16 22:50:46Z" end-time="2017-03-16 22:50:46Z" duration="0.001966" asserts="1" />
            <test-case id="0-1066" name="KnightCanMoveOneVerticalAndTwoHorizontalPositions(2,3,1,1)" fullname="ChessWithTDD.Tests.KnightTests.KnightCanMoveOneVerticalAndTwoHorizontalPositions(2,3,1,1)" methodname="KnightCanMoveOneVerticalAndTwoHorizontalPositions" classname="ChessWithTDD.Tests.KnightTests" runstate="Runnable" seed="1133716034" result="Passed" start-time="2017-03-16 22:50:46Z" end-time="2017-03-16 22:50:46Z" duration="0.001974" asserts="1" />
          </test-suite>
          <test-suite type="ParameterizedMethod" id="0-1086" name="KnightCannotMoveIfLShapedAndToSquareContainsPieceOfSameColour" fullname="ChessWithTDD.Tests.KnightTests.KnightCannotMoveIfLShapedAndToSquareContainsPieceOfSameColour" classname="ChessWithTDD.Tests.KnightTests" runstate="Runnable" testcasecount="4" result="Passed" start-time="2017-03-16 22:50:46Z" end-time="2017-03-16 22:50:47Z" duration="0.125039" total="4" passed="4" failed="0" warnings="0" inconclusive="0" skipped="0" asserts="4">
            <test-case id="0-1082" name="KnightCannotMoveIfLShapedAndToSquareContainsPieceOfSameColour(1,2,3,1)" fullname="ChessWithTDD.Tests.KnightTests.KnightCannotMoveIfLShapedAndToSquareContainsPieceOfSameColour(1,2,3,1)" methodname="KnightCannotMoveIfLShapedAndToSquareContainsPieceOfSameColour" classname="ChessWithTDD.Tests.KnightTests" runstate="Runnable" seed="1633117568" result="Passed" start-time="2017-03-16 22:50:46Z" end-time="2017-03-16 22:50:46Z" duration="0.008840" asserts="1" />
            <test-case id="0-1083" name="KnightCannotMoveIfLShapedAndToSquareContainsPieceOfSameColour(2,3,0,4)" fullname="ChessWithTDD.Tests.KnightTests.KnightCannotMoveIfLShapedAndToSquareContainsPieceOfSameColour(2,3,0,4)" methodname="KnightCannotMoveIfLShapedAndToSquareContainsPieceOfSameColour" classname="ChessWithTDD.Tests.KnightTests" runstate="Runnable" seed="1308907712" result="Passed" start-time="2017-03-16 22:50:46Z" end-time="2017-03-16 22:50:46Z" duration="0.000669" asserts="1" />
            <test-case id="0-1084" name="KnightCannotMoveIfLShapedAndToSquareContainsPieceOfSameColour(1,2,0,4)" fullname="ChessWithTDD.Tests.KnightTests.KnightCannotMoveIfLShapedAndToSquareContainsPieceOfSameColour(1,2,0,4)" methodname="KnightCannotMoveIfLShapedAndToSquareContainsPieceOfSameColour" classname="ChessWithTDD.Tests.KnightTests" runstate="Runnable" seed="170220093" result="Passed" start-time="2017-03-16 22:50:47Z" end-time="2017-03-16 22:50:47Z" duration="0.001969" asserts="1" />
            <test-case id="0-1085" name="KnightCannotMoveIfLShapedAndToSquareContainsPieceOfSameColour(2,3,3,1)" fullname="ChessWithTDD.Tests.KnightTests.KnightCannotMoveIfLShapedAndToSquareContainsPieceOfSameColour(2,3,3,1)" methodname="KnightCannotMoveIfLShapedAndToSquareContainsPieceOfSameColour" classname="ChessWithTDD.Tests.KnightTests" runstate="Runnable" seed="474136933" result="Passed" start-time="2017-03-16 22:50:47Z" end-time="2017-03-16 22:50:47Z" duration="0.001964" asserts="1" />
          </test-suite>
          <test-suite type="ParameterizedMethod" id="0-1091" name="KnightCannotMoveIfLShapedAndToSquareOffTheBoard" fullname="ChessWithTDD.Tests.KnightTests.KnightCannotMoveIfLShapedAndToSquareOffTheBoard" classname="ChessWithTDD.Tests.KnightTests" runstate="Runnable" testcasecount="4" result="Passed" start-time="2017-03-16 22:50:47Z" end-time="2017-03-16 22:50:47Z" duration="0.124978" total="4" passed="4" failed="0" warnings="0" inconclusive="0" skipped="0" asserts="4">
            <test-case id="0-1087" name="KnightCannotMoveIfLShapedAndToSquareOffTheBoard(1,2,-1,1)" fullname="ChessWithTDD.Tests.KnightTests.KnightCannotMoveIfLShapedAndToSquareOffTheBoard(1,2,-1,1)" methodname="KnightCannotMoveIfLShapedAndToSquareOffTheBoard" classname="ChessWithTDD.Tests.KnightTests" runstate="Runnable" seed="144762095" result="Passed" start-time="2017-03-16 22:50:47Z" end-time="2017-03-16 22:50:47Z" duration="0.002464" asserts="1" />
            <test-case id="0-1088" name="KnightCannotMoveIfLShapedAndToSquareOffTheBoard(2,7,0,8)" fullname="ChessWithTDD.Tests.KnightTests.KnightCannotMoveIfLShapedAndToSquareOffTheBoard(2,7,0,8)" methodname="KnightCannotMoveIfLShapedAndToSquareOffTheBoard" classname="ChessWithTDD.Tests.KnightTests" runstate="Runnable" seed="455911148" result="Passed" start-time="2017-03-16 22:50:47Z" end-time="2017-03-16 22:50:47Z" duration="0.001788" asserts="1" />
            <test-case id="0-1089" name="KnightCannotMoveIfLShapedAndToSquareOffTheBoard(0,2,-1,0)" fullname="ChessWithTDD.Tests.KnightTests.KnightCannotMoveIfLShapedAndToSquareOffTheBoard(0,2,-1,0)" methodname="KnightCannotMoveIfLShapedAndToSquareOffTheBoard" classname="ChessWithTDD.Tests.KnightTests" runstate="Runnable" seed="573257339" result="Passed" start-time="2017-03-16 22:50:47Z" end-time="2017-03-16 22:50:47Z" duration="0.001719" asserts="1" />
            <test-case id="0-1090" name="KnightCannotMoveIfLShapedAndToSquareOffTheBoard(2,6,3,8)" fullname="ChessWithTDD.Tests.KnightTests.KnightCannotMoveIfLShapedAndToSquareOffTheBoard(2,6,3,8)" methodname="KnightCannotMoveIfLShapedAndToSquareOffTheBoard" classname="ChessWithTDD.Tests.KnightTests" runstate="Runnable" seed="1753912996" result="Passed" start-time="2017-03-16 22:50:47Z" end-time="2017-03-16 22:50:47Z" duration="0.001817" asserts="1" />
          </test-suite>
          <test-suite type="ParameterizedMethod" id="0-1081" name="KnightCannotMoveIfNotLShaped" fullname="ChessWithTDD.Tests.KnightTests.KnightCannotMoveIfNotLShaped" classname="ChessWithTDD.Tests.KnightTests" runstate="Runnable" testcasecount="8" result="Passed" start-time="2017-03-16 22:50:47Z" end-time="2017-03-16 22:50:47Z" duration="0.250004" total="8" passed="8" failed="0" warnings="0" inconclusive="0" skipped="0" asserts="8">
            <test-case id="0-1073" name="KnightCannotMoveIfNotLShaped(1,1,2,2)" fullname="ChessWithTDD.Tests.KnightTests.KnightCannotMoveIfNotLShaped(1,1,2,2)" methodname="KnightCannotMoveIfNotLShaped" classname="ChessWithTDD.Tests.KnightTests" runstate="Runnable" seed="1420662060" result="Passed" start-time="2017-03-16 22:50:47Z" end-time="2017-03-16 22:50:47Z" duration="0.002249" asserts="1" />
            <test-case id="0-1074" name="KnightCannotMoveIfNotLShaped(1,1,3,3)" fullname="ChessWithTDD.Tests.KnightTests.KnightCannotMoveIfNotLShaped(1,1,3,3)" methodname="KnightCannotMoveIfNotLShaped" classname="ChessWithTDD.Tests.KnightTests" runstate="Runnable" seed="1854421139" result="Passed" start-time="2017-03-16 22:50:47Z" end-time="2017-03-16 22:50:47Z" duration="0.001689" asserts="1" />
            <test-case id="0-1075" name="KnightCannotMoveIfNotLShaped(1,1,4,4)" fullname="ChessWithTDD.Tests.KnightTests.KnightCannotMoveIfNotLShaped(1,1,4,4)" methodname="KnightCannotMoveIfNotLShaped" classname="ChessWithTDD.Tests.KnightTests" runstate="Runnable" seed="509844575" result="Passed" start-time="2017-03-16 22:50:47Z" end-time="2017-03-16 22:50:47Z" duration="0.001615" asserts="1" />
            <test-case id="0-1076" name="KnightCannotMoveIfNotLShaped(4,4,0,0)" fullname="ChessWithTDD.Tests.KnightTests.KnightCannotMoveIfNotLShaped(4,4,0,0)" methodname="KnightCannotMoveIfNotLShaped" classname="ChessWithTDD.Tests.KnightTests" runstate="Runnable" seed="825464116" result="Passed" start-time="2017-03-16 22:50:47Z" end-time="2017-03-16 22:50:47Z" duration="0.001665" asserts="1" />
            <test-case id="0-1077" name="KnightCannotMoveIfNotLShaped(1,2,3,4)" fullname="ChessWithTDD.Tests.KnightTests.KnightCannotMoveIfNotLShaped(1,2,3,4)" methodname="KnightCannotMoveIfNotLShaped" classname="ChessWithTDD.Tests.KnightTests" runstate="Runnable" seed="2145842751" result="Passed" start-time="2017-03-16 22:50:47Z" end-time="2017-03-16 22:50:47Z" duration="0.001713" asserts="1" />
            <test-case id="0-1078" name="KnightCannotMoveIfNotLShaped(1,2,6,7)" fullname="ChessWithTDD.Tests.KnightTests.KnightCannotMoveIfNotLShaped(1,2,6,7)" methodname="KnightCannotMoveIfNotLShaped" classname="ChessWithTDD.Tests.KnightTests" runstate="Runnable" seed="1148884089" result="Passed" start-time="2017-03-16 22:50:47Z" end-time="2017-03-16 22:50:47Z" duration="0.001650" asserts="1" />
            <test-case id="0-1079" name="KnightCannotMoveIfNotLShaped(4,8,2,6)" fullname="ChessWithTDD.Tests.KnightTests.KnightCannotMoveIfNotLShaped(4,8,2,6)" methodname="KnightCannotMoveIfNotLShaped" classname="ChessWithTDD.Tests.KnightTests" runstate="Runnable" seed="1236387294" result="Passed" start-time="2017-03-16 22:50:47Z" end-time="2017-03-16 22:50:47Z" duration="0.001689" asserts="1" />
            <test-case id="0-1080" name="KnightCannotMoveIfNotLShaped(5,1,3,4)" fullname="ChessWithTDD.Tests.KnightTests.KnightCannotMoveIfNotLShaped(5,1,3,4)" methodname="KnightCannotMoveIfNotLShaped" classname="ChessWithTDD.Tests.KnightTests" runstate="Runnable" seed="1916658501" result="Passed" start-time="2017-03-16 22:50:47Z" end-time="2017-03-16 22:50:47Z" duration="0.001799" asserts="1" />
          </test-suite>
        </test-suite>
      </test-suite>
    </test-suite>
  </test-suite>
</test-run>